Fri 24 Nov 2017 16:52:51 API.py [line:660] INFO start
Fri 24 Nov 2017 16:52:51 API.py [line:692] INFO thread 0 start.
Fri 24 Nov 2017 16:52:51 API.py [line:695] INFO thread 0's token_index 14
Fri 24 Nov 2017 16:52:51 API.py [line:696] INFO {u'access_token': u'712254336588337152-PUEWWs7Xb0jyETvOCHKYa41dieXNABu', u'consumer_secret': u'LivsS9DTKh4Xmfo2vOG2tpKmrj8lxsYqiDgZLamPBJahFqnjUo', u'consumer_key': u'fO4lXV6LLz5e1Ew6uRDtvXpIQ', u'access_token_secret': u'17l1k5WL5FLdDTPcwUrIEbGMZEYPk3qlKVJTo3gTz1bKP'}
Fri 24 Nov 2017 16:52:51 API.py [line:697] INFO [u'china']
Fri 24 Nov 2017 16:52:51 API.py [line:698] INFO ['192.168.1.148:8118']
Fri 24 Nov 2017 16:53:17 API.py [line:712] INFO 933981817979277313
Fri 24 Nov 2017 16:53:18 API.py [line:712] INFO 933981822911791104
Fri 24 Nov 2017 16:53:19 API.py [line:712] INFO 933981826376331264
Fri 24 Nov 2017 16:53:19 API.py [line:712] INFO 933981826821042176
Fri 24 Nov 2017 16:53:20 API.py [line:712] INFO 933981831485116416
Fri 24 Nov 2017 16:53:21 API.py [line:712] INFO 933981831505911808
Fri 24 Nov 2017 16:53:21 API.py [line:712] INFO 933981835301974018
Fri 24 Nov 2017 16:53:22 API.py [line:712] INFO 933981838200197120
Fri 24 Nov 2017 16:53:22 API.py [line:712] INFO 933981838623891456
Fri 24 Nov 2017 16:53:22 API.py [line:712] INFO 933981839869599744
Fri 24 Nov 2017 16:53:23 API.py [line:712] INFO 933981842809659392
Fri 24 Nov 2017 16:53:24 API.py [line:712] INFO 933981846551105540
Fri 24 Nov 2017 16:53:24 API.py [line:712] INFO 933981846869647360
Fri 24 Nov 2017 16:53:24 API.py [line:712] INFO 933981847956189185
Fri 24 Nov 2017 16:53:25 API.py [line:712] INFO 933981850682429440
Fri 24 Nov 2017 16:53:25 API.py [line:712] INFO 933981852171407360
Fri 24 Nov 2017 16:53:26 API.py [line:712] INFO 933981853916073984
Fri 24 Nov 2017 16:53:26 API.py [line:712] INFO 933981855237492736
Fri 24 Nov 2017 16:53:26 API.py [line:712] INFO 933981856181125120
Fri 24 Nov 2017 16:53:27 API.py [line:712] INFO 933981859347697664
Fri 24 Nov 2017 16:53:27 API.py [line:712] INFO 933981859700269056
Fri 24 Nov 2017 16:53:28 API.py [line:712] INFO 933981860975149056
Fri 24 Nov 2017 16:53:28 API.py [line:712] INFO 933981864598974464
Fri 24 Nov 2017 16:53:29 API.py [line:712] INFO 933981866075365376
Fri 24 Nov 2017 16:53:29 API.py [line:712] INFO 933981867900104704
Fri 24 Nov 2017 16:53:30 API.py [line:712] INFO 933981871767035905
Fri 24 Nov 2017 16:53:30 API.py [line:712] INFO 933981872354406400
Fri 24 Nov 2017 16:53:32 API.py [line:712] INFO 933981880277401600
Fri 24 Nov 2017 16:53:32 API.py [line:712] INFO 933981881124687872
Fri 24 Nov 2017 16:53:33 API.py [line:712] INFO 933981883410649088
Fri 24 Nov 2017 16:53:33 API.py [line:712] INFO 933981883544887296
Fri 24 Nov 2017 16:53:33 API.py [line:712] INFO 933981885583314944
Fri 24 Nov 2017 16:53:33 API.py [line:712] INFO 933981885973250048
Fri 24 Nov 2017 16:53:35 API.py [line:712] INFO 933981892566646785
Fri 24 Nov 2017 16:53:36 API.py [line:712] INFO 933981894303088640
Fri 24 Nov 2017 16:53:36 API.py [line:712] INFO 933981896169553920
Fri 24 Nov 2017 16:53:36 API.py [line:712] INFO 933981897943896064
Fri 24 Nov 2017 16:53:37 API.py [line:712] INFO 933981899428687872
Fri 24 Nov 2017 16:53:37 API.py [line:712] INFO 933981900611424258
Fri 24 Nov 2017 16:53:37 API.py [line:712] INFO 933981901005524992
Fri 24 Nov 2017 16:53:38 API.py [line:712] INFO 933981905883746304
Fri 24 Nov 2017 16:53:38 API.py [line:712] INFO 933981905552261125
Fri 24 Nov 2017 16:53:39 API.py [line:712] INFO 933981909012512768
Fri 24 Nov 2017 16:53:39 API.py [line:712] INFO 933981909243138048
Fri 24 Nov 2017 16:53:44 API.py [line:712] INFO 933981929359241216
Fri 24 Nov 2017 16:53:44 API.py [line:712] INFO 933981931078746113
Fri 24 Nov 2017 16:53:45 API.py [line:712] INFO 933981935663120386
Fri 24 Nov 2017 16:53:45 API.py [line:712] INFO 933981937768849409
Fri 24 Nov 2017 16:53:46 API.py [line:712] INFO 933981940272848896
Fri 24 Nov 2017 16:53:47 API.py [line:712] INFO 933981941312888832
Fri 24 Nov 2017 16:53:48 API.py [line:712] INFO 933981946270556161
Fri 24 Nov 2017 16:53:50 API.py [line:712] INFO 933981955065970689
Fri 24 Nov 2017 16:53:51 API.py [line:712] INFO 933981960002777088
Fri 24 Nov 2017 16:53:51 API.py [line:712] INFO 933981959935676416
Fri 24 Nov 2017 16:53:51 API.py [line:712] INFO 933981961693081601
Fri 24 Nov 2017 16:53:52 API.py [line:712] INFO 933981963798454272
Fri 24 Nov 2017 16:53:52 API.py [line:712] INFO 933981965610602496
Fri 24 Nov 2017 16:53:54 API.py [line:712] INFO 933981970656137216
Fri 24 Nov 2017 16:53:54 API.py [line:712] INFO 933981973105860609
Fri 24 Nov 2017 16:53:54 API.py [line:712] INFO 933981973504299008
Fri 24 Nov 2017 16:53:55 API.py [line:712] INFO 933981978596032512
Fri 24 Nov 2017 16:53:56 API.py [line:712] INFO 933981981074792449
Fri 24 Nov 2017 16:53:56 API.py [line:712] INFO 933981983105003520
Fri 24 Nov 2017 16:53:57 API.py [line:712] INFO 933981983532822528
Fri 24 Nov 2017 16:53:57 API.py [line:712] INFO 933981983960481792
Fri 24 Nov 2017 16:53:57 API.py [line:712] INFO 933981986070208512
Fri 24 Nov 2017 16:53:58 API.py [line:712] INFO 933981989132103680
Fri 24 Nov 2017 16:53:58 API.py [line:712] INFO 933981990314950656
Fri 24 Nov 2017 16:53:59 API.py [line:712] INFO 933981993372614657
Fri 24 Nov 2017 16:53:59 API.py [line:712] INFO 933981995008438272
Fri 24 Nov 2017 16:54:01 API.py [line:712] INFO 933981999529910272
Fri 24 Nov 2017 16:54:01 API.py [line:712] INFO 933982003673698304
Fri 24 Nov 2017 16:54:02 API.py [line:712] INFO 933982006752378880
Fri 24 Nov 2017 16:54:03 API.py [line:712] INFO 933982012301393920
Fri 24 Nov 2017 16:54:04 API.py [line:712] INFO 933982014247718912
Fri 24 Nov 2017 16:54:05 API.py [line:712] INFO 933982017925943296
Fri 24 Nov 2017 16:54:07 API.py [line:712] INFO 933982026037899264
Fri 24 Nov 2017 16:54:07 API.py [line:712] INFO 933982028655153152
Fri 24 Nov 2017 16:54:08 API.py [line:712] INFO 933982026171957249
Fri 24 Nov 2017 16:54:08 API.py [line:712] INFO 933982031012179968
Fri 24 Nov 2017 16:54:08 API.py [line:712] INFO 933982031448387584
Fri 24 Nov 2017 16:54:08 API.py [line:712] INFO 933982031465156608
Fri 24 Nov 2017 16:54:09 API.py [line:712] INFO 933982036817166336
Fri 24 Nov 2017 16:54:11 API.py [line:712] INFO 933982042575867904
Fri 24 Nov 2017 16:54:11 API.py [line:712] INFO 933982044568174592
Fri 24 Nov 2017 16:54:11 API.py [line:712] INFO 933982045914746880
Fri 24 Nov 2017 16:54:11 API.py [line:712] INFO 933982045348429824
Fri 24 Nov 2017 16:54:12 API.py [line:712] INFO 933982048997576704
Fri 24 Nov 2017 16:54:13 API.py [line:712] INFO 933982050473852928
Fri 24 Nov 2017 16:54:13 API.py [line:712] INFO 933982050016792576
Fri 24 Nov 2017 16:54:13 API.py [line:712] INFO 933982052554362881
Fri 24 Nov 2017 16:54:14 API.py [line:712] INFO 933982053531389952
Fri 24 Nov 2017 16:54:16 API.py [line:712] INFO 933982063547445250
Fri 24 Nov 2017 16:54:16 API.py [line:712] INFO 933982063497056256
Fri 24 Nov 2017 16:54:16 API.py [line:712] INFO 933982064533176320
Fri 24 Nov 2017 16:54:16 API.py [line:712] INFO 933982064826863616
Fri 24 Nov 2017 16:54:16 API.py [line:712] INFO 933982066060021760
Fri 24 Nov 2017 16:54:17 API.py [line:712] INFO 933982066655444992
Fri 24 Nov 2017 16:54:17 API.py [line:712] INFO 933982068098392064
Fri 24 Nov 2017 16:54:17 API.py [line:712] INFO 933982068270284800
Fri 24 Nov 2017 16:54:17 API.py [line:712] INFO 933982068899319808
Fri 24 Nov 2017 16:54:17 API.py [line:712] INFO 933982070178709505
Fri 24 Nov 2017 16:54:18 API.py [line:712] INFO 933982072854794242
Fri 24 Nov 2017 16:54:19 API.py [line:712] INFO 933982075522236417
Fri 24 Nov 2017 16:54:19 API.py [line:712] INFO 933982079016153088
Fri 24 Nov 2017 16:54:22 API.py [line:712] INFO 933982089636077570
Fri 24 Nov 2017 16:54:22 API.py [line:712] INFO 933982092131819521
Fri 24 Nov 2017 16:54:22 API.py [line:712] INFO 933982092463140864
Fri 24 Nov 2017 16:54:24 API.py [line:712] INFO 933982096728707072
Fri 24 Nov 2017 16:54:25 API.py [line:712] INFO 933982101799690240
Fri 24 Nov 2017 16:54:25 API.py [line:712] INFO 933982103666118656
Fri 24 Nov 2017 16:54:25 API.py [line:712] INFO 933982103812927488
Fri 24 Nov 2017 16:54:26 API.py [line:712] INFO 933982105687572480
Fri 24 Nov 2017 16:54:27 API.py [line:712] INFO 933982111937175552
Fri 24 Nov 2017 16:54:28 API.py [line:712] INFO 933982113119993857
Fri 24 Nov 2017 16:54:28 API.py [line:712] INFO 933982114017566720
Fri 24 Nov 2017 16:54:28 API.py [line:712] INFO 933982114667786240
Fri 24 Nov 2017 16:54:30 API.py [line:712] INFO 933982122418638849
Fri 24 Nov 2017 16:54:30 API.py [line:712] INFO 933982125266800641
Fri 24 Nov 2017 16:54:31 API.py [line:712] INFO 933982127430950912
Fri 24 Nov 2017 16:54:31 API.py [line:712] INFO 933982129083600896
Fri 24 Nov 2017 16:54:32 API.py [line:712] INFO 933982134288732160
Fri 24 Nov 2017 16:54:33 API.py [line:712] INFO 933982134393454592
Fri 24 Nov 2017 16:54:33 API.py [line:712] INFO 933982134376812544
Fri 24 Nov 2017 16:54:33 API.py [line:712] INFO 933982135358128128
Fri 24 Nov 2017 16:54:35 API.py [line:712] INFO 933982145541836800
Fri 24 Nov 2017 16:54:36 API.py [line:712] INFO 933982149417431040
Fri 24 Nov 2017 16:54:38 API.py [line:712] INFO 933982156778606592
Fri 24 Nov 2017 16:54:38 API.py [line:712] INFO 933982156795375616
Fri 24 Nov 2017 16:54:38 API.py [line:712] INFO 933982159668432896
Fri 24 Nov 2017 16:54:39 API.py [line:712] INFO 933982161325113345
Fri 24 Nov 2017 16:54:39 API.py [line:712] INFO 933982162470232065
Fri 24 Nov 2017 16:54:39 API.py [line:712] INFO 933982162885361664
Fri 24 Nov 2017 16:54:41 API.py [line:712] INFO 933982167792869376
Fri 24 Nov 2017 16:54:41 API.py [line:712] INFO 933982168933715968
Fri 24 Nov 2017 16:54:41 API.py [line:712] INFO 933982170112319488
Fri 24 Nov 2017 16:54:42 API.py [line:712] INFO 933982172171583488
Fri 24 Nov 2017 16:54:42 API.py [line:712] INFO 933982173274701824
Fri 24 Nov 2017 16:54:42 API.py [line:712] INFO 933982175585800192
Fri 24 Nov 2017 16:54:43 API.py [line:712] INFO 933982177942913024
Fri 24 Nov 2017 16:54:43 API.py [line:712] INFO 933982180115697664
Fri 24 Nov 2017 16:54:44 API.py [line:712] INFO 933982183500296192
Fri 24 Nov 2017 16:54:45 API.py [line:712] INFO 933982183110438912
Fri 24 Nov 2017 16:54:46 API.py [line:712] INFO 933982189909434368
Fri 24 Nov 2017 16:54:46 API.py [line:712] INFO 933982192006565889
Fri 24 Nov 2017 16:54:47 API.py [line:712] INFO 933982191801028608
Fri 24 Nov 2017 16:54:47 API.py [line:712] INFO 933982197391933440
Fri 24 Nov 2017 16:54:48 API.py [line:712] INFO 933982199556161537
Fri 24 Nov 2017 16:54:48 API.py [line:712] INFO 933982199828877312
Fri 24 Nov 2017 16:54:48 API.py [line:712] INFO 933982199963103232
Fri 24 Nov 2017 16:54:49 API.py [line:712] INFO 933982201779126273
Fri 24 Nov 2017 16:54:49 API.py [line:712] INFO 933982204572549120
Fri 24 Nov 2017 16:54:49 API.py [line:712] INFO 933982204962787328
Fri 24 Nov 2017 16:54:50 API.py [line:712] INFO 933982207282212864
Fri 24 Nov 2017 16:54:50 API.py [line:712] INFO 933982208989081600
Fri 24 Nov 2017 16:54:51 API.py [line:712] INFO 933982210897600513
Fri 24 Nov 2017 16:54:52 API.py [line:712] INFO 933982214890536960
Fri 24 Nov 2017 16:54:52 API.py [line:712] INFO 933982217805602816
Fri 24 Nov 2017 16:54:53 API.py [line:712] INFO 933982219600842752
Fri 24 Nov 2017 16:54:53 API.py [line:712] INFO 933982220162928641
Fri 24 Nov 2017 16:54:54 API.py [line:712] INFO 933982222893248512
Fri 24 Nov 2017 16:54:54 API.py [line:712] INFO 933982223635644416
Fri 24 Nov 2017 16:54:54 API.py [line:712] INFO 933982225439346688
Fri 24 Nov 2017 16:54:55 API.py [line:712] INFO 933982228211671040
Fri 24 Nov 2017 16:54:57 API.py [line:712] INFO 933982235958575104
Fri 24 Nov 2017 16:54:57 API.py [line:712] INFO 933982236579368960
Fri 24 Nov 2017 16:54:58 API.py [line:712] INFO 933982239796338689
Fri 24 Nov 2017 16:54:59 API.py [line:712] INFO 933982244175093761
Fri 24 Nov 2017 16:54:59 API.py [line:712] INFO 933982246838476800
Fri 24 Nov 2017 16:55:01 API.py [line:712] INFO 933982253863993344
Fri 24 Nov 2017 16:55:02 API.py [line:712] INFO 933982257244545024
Fri 24 Nov 2017 16:55:02 API.py [line:712] INFO 933982258578456576
Fri 24 Nov 2017 16:55:02 API.py [line:712] INFO 933982259073368064
Fri 24 Nov 2017 16:55:03 API.py [line:712] INFO 933982260860030976
Fri 24 Nov 2017 16:55:03 API.py [line:712] INFO 933982260432269313
Fri 24 Nov 2017 16:55:03 API.py [line:712] INFO 933982261841600512
Fri 24 Nov 2017 16:55:03 API.py [line:712] INFO 933982263968088067
Fri 24 Nov 2017 16:55:04 API.py [line:712] INFO 933982265809317888
Fri 24 Nov 2017 16:55:04 API.py [line:712] INFO 933982266597896192
Fri 24 Nov 2017 16:55:04 API.py [line:712] INFO 933982266736308224
Fri 24 Nov 2017 16:55:05 API.py [line:712] INFO 933982271627038720
Fri 24 Nov 2017 16:55:06 API.py [line:712] INFO 933982274412007424
Fri 24 Nov 2017 16:55:06 API.py [line:712] INFO 933982274718257154
Fri 24 Nov 2017 16:55:06 API.py [line:712] INFO 933982274965639169
Fri 24 Nov 2017 16:55:06 API.py [line:712] INFO 933982274000949248
Fri 24 Nov 2017 16:55:07 API.py [line:712] INFO 933982275993137152
Fri 24 Nov 2017 16:55:07 API.py [line:712] INFO 933982279562645504
Fri 24 Nov 2017 16:55:08 API.py [line:712] INFO 933982280950804482
Fri 24 Nov 2017 16:55:08 API.py [line:712] INFO 933982281143914496
Fri 24 Nov 2017 16:55:08 API.py [line:712] INFO 933982281856929792
Fri 24 Nov 2017 16:55:09 API.py [line:712] INFO 933982285639987200
Fri 24 Nov 2017 16:55:09 API.py [line:712] INFO 933982285698945025
Fri 24 Nov 2017 16:55:09 API.py [line:712] INFO 933982286264991744
Fri 24 Nov 2017 16:55:09 API.py [line:712] INFO 933982288722972672
Fri 24 Nov 2017 16:55:09 API.py [line:712] INFO 933982288676757509
Fri 24 Nov 2017 16:55:10 API.py [line:712] INFO 933982292992696320
Fri 24 Nov 2017 16:55:11 API.py [line:712] INFO 933982292824834048
Fri 24 Nov 2017 16:55:11 API.py [line:712] INFO 933982294699888640
Fri 24 Nov 2017 16:55:11 API.py [line:712] INFO 933982296360738817
Fri 24 Nov 2017 16:55:12 API.py [line:712] INFO 933982298684436480
Fri 24 Nov 2017 16:55:12 API.py [line:712] INFO 933982299489570816
Fri 24 Nov 2017 16:55:12 API.py [line:712] INFO 933982301117210625
Fri 24 Nov 2017 16:55:13 API.py [line:712] INFO 933982303075913729
Fri 24 Nov 2017 16:55:13 API.py [line:712] INFO 933982303977725952
Fri 24 Nov 2017 16:55:14 API.py [line:712] INFO 933982307085565953
Fri 24 Nov 2017 16:55:14 API.py [line:712] INFO 933982307785981952
Fri 24 Nov 2017 16:55:14 API.py [line:712] INFO 933982308100538369
Fri 24 Nov 2017 16:55:14 API.py [line:712] INFO 933982309090332674
Fri 24 Nov 2017 16:55:15 API.py [line:712] INFO 933982311594504192
Fri 24 Nov 2017 16:55:15 API.py [line:712] INFO 933982313733599233
Fri 24 Nov 2017 16:55:16 API.py [line:712] INFO 933982315176275968
Fri 24 Nov 2017 16:55:16 API.py [line:712] INFO 933982317076299776
Fri 24 Nov 2017 16:55:17 API.py [line:712] INFO 933982319135768578
Fri 24 Nov 2017 16:55:17 API.py [line:712] INFO 933982319328686080
Fri 24 Nov 2017 16:55:19 API.py [line:712] INFO 933982327600025601
Fri 24 Nov 2017 16:55:19 API.py [line:712] INFO 933982328585641984
Fri 24 Nov 2017 16:55:19 API.py [line:712] INFO 933982329701154816
Fri 24 Nov 2017 16:55:20 API.py [line:712] INFO 933982334403178497
Fri 24 Nov 2017 16:55:20 API.py [line:712] INFO 933982335204188160
Fri 24 Nov 2017 16:55:20 API.py [line:712] INFO 933982335946461184
Fri 24 Nov 2017 16:55:21 API.py [line:712] INFO 933982335833223169
Fri 24 Nov 2017 16:55:22 API.py [line:712] INFO 933982340149153794
Fri 24 Nov 2017 16:55:22 API.py [line:712] INFO 933982341944442881
Fri 24 Nov 2017 16:55:22 API.py [line:712] INFO 933982343932579841
Fri 24 Nov 2017 16:55:23 API.py [line:712] INFO 933982347426275333
Fri 24 Nov 2017 16:55:25 API.py [line:712] INFO 933982352069476357
Fri 24 Nov 2017 16:55:26 API.py [line:712] INFO 933982356268077056
Fri 24 Nov 2017 16:55:26 API.py [line:712] INFO 933982357396144128
Fri 24 Nov 2017 16:55:28 API.py [line:712] INFO 933982366435102720
Fri 24 Nov 2017 16:55:29 API.py [line:712] INFO 933982372487487488
Fri 24 Nov 2017 16:55:29 API.py [line:712] INFO 933982372386574336
Fri 24 Nov 2017 16:55:29 API.py [line:712] INFO 933982373447962624
Fri 24 Nov 2017 16:55:29 API.py [line:712] INFO 933982372986605569
Fri 24 Nov 2017 16:55:30 API.py [line:712] INFO 933982375222145024
Fri 24 Nov 2017 16:55:30 API.py [line:712] INFO 933982376828444673
Fri 24 Nov 2017 16:55:31 API.py [line:712] INFO 933982380053889024
Fri 24 Nov 2017 16:55:31 API.py [line:712] INFO 933982379894480901
Fri 24 Nov 2017 16:55:31 API.py [line:712] INFO 933982380439851008
Fri 24 Nov 2017 16:55:31 API.py [line:712] INFO 933982381605732353
Fri 24 Nov 2017 16:55:32 API.py [line:712] INFO 933982384273235968
Fri 24 Nov 2017 16:55:32 API.py [line:712] INFO 933982384961310720
Fri 24 Nov 2017 16:55:33 API.py [line:712] INFO 933982386739585024
Fri 24 Nov 2017 16:55:33 API.py [line:712] INFO 933982387150745600
Fri 24 Nov 2017 16:55:33 API.py [line:712] INFO 933982389667164160
Fri 24 Nov 2017 16:55:35 API.py [line:712] INFO 933982393916039169
Fri 24 Nov 2017 16:55:35 API.py [line:712] INFO 933982394507513856
Fri 24 Nov 2017 16:55:35 API.py [line:712] INFO 933982393857224705
Fri 24 Nov 2017 16:55:35 API.py [line:712] INFO 933982394717167617
Fri 24 Nov 2017 16:55:35 API.py [line:712] INFO 933982396952834048
Fri 24 Nov 2017 16:55:37 API.py [line:712] INFO 933982402694627329
Fri 24 Nov 2017 16:55:37 API.py [line:712] INFO 933982403797901312
Fri 24 Nov 2017 16:55:37 API.py [line:712] INFO 933982405400125441
Fri 24 Nov 2017 16:55:38 API.py [line:712] INFO 933982408340361216
Fri 24 Nov 2017 16:55:38 API.py [line:712] INFO 933982409229561856
Fri 24 Nov 2017 16:55:39 API.py [line:712] INFO 933982412215697409
Fri 24 Nov 2017 16:55:39 API.py [line:712] INFO 933982415638294528
Fri 24 Nov 2017 16:55:41 API.py [line:712] INFO 933982422147960832
Fri 24 Nov 2017 16:55:42 API.py [line:712] INFO 933982425209647106
Fri 24 Nov 2017 16:55:42 API.py [line:712] INFO 933982425381613569
Fri 24 Nov 2017 16:55:43 API.py [line:712] INFO 933982431153217536
Fri 24 Nov 2017 16:55:43 API.py [line:712] INFO 933982431962718208
Fri 24 Nov 2017 16:55:45 API.py [line:712] INFO 933982437650190336
Fri 24 Nov 2017 16:55:45 API.py [line:712] INFO 933982437700333569
Fri 24 Nov 2017 16:55:46 API.py [line:712] INFO 933982440523051008
Fri 24 Nov 2017 16:55:47 API.py [line:712] INFO 933982445090717696
Fri 24 Nov 2017 16:55:47 API.py [line:712] INFO 933982447393423361
Fri 24 Nov 2017 16:55:48 API.py [line:712] INFO 933982449863970821
Fri 24 Nov 2017 16:55:48 API.py [line:712] INFO 933982450329329664
Fri 24 Nov 2017 16:55:48 API.py [line:712] INFO 933982451994574849
Fri 24 Nov 2017 16:55:48 API.py [line:712] INFO 933982452451647488
Fri 24 Nov 2017 16:55:50 API.py [line:712] INFO 933982459560996864
Fri 24 Nov 2017 16:55:51 API.py [line:712] INFO 933982461276520448
Fri 24 Nov 2017 16:55:51 API.py [line:712] INFO 933982462362845185
Fri 24 Nov 2017 16:55:51 API.py [line:712] INFO 933982464405659648
Fri 24 Nov 2017 16:55:51 API.py [line:712] INFO 933982464724426752
Fri 24 Nov 2017 16:55:51 API.py [line:712] INFO 933982465307287553
Fri 24 Nov 2017 16:55:52 API.py [line:712] INFO 933982466942976000
Fri 24 Nov 2017 16:55:52 API.py [line:712] INFO 933982467555434496
Fri 24 Nov 2017 16:55:54 API.py [line:712] INFO 933982476334018561
Fri 24 Nov 2017 16:55:55 API.py [line:712] INFO 933982479354093568
Fri 24 Nov 2017 16:55:55 API.py [line:712] INFO 933982480302034944
Fri 24 Nov 2017 16:55:55 API.py [line:712] INFO 933982481094656000
Fri 24 Nov 2017 16:55:56 API.py [line:712] INFO 933982485297467392
Fri 24 Nov 2017 16:55:56 API.py [line:712] INFO 933982486236770305
Fri 24 Nov 2017 16:55:56 API.py [line:712] INFO 933982486580924416
Fri 24 Nov 2017 16:55:57 API.py [line:712] INFO 933982488980058113
Fri 24 Nov 2017 16:55:57 API.py [line:712] INFO 933982488975761409
Fri 24 Nov 2017 16:55:58 API.py [line:712] INFO 933982491639275520
Fri 24 Nov 2017 16:55:58 API.py [line:712] INFO 933982493270859776
Fri 24 Nov 2017 16:55:58 API.py [line:712] INFO 933982494868852736
Fri 24 Nov 2017 16:55:58 API.py [line:712] INFO 933982495032446976
Fri 24 Nov 2017 16:55:59 API.py [line:712] INFO 933982494793269248
Fri 24 Nov 2017 16:55:59 API.py [line:712] INFO 933982499566440448
Fri 24 Nov 2017 16:56:00 API.py [line:712] INFO 933982500480831488
Fri 24 Nov 2017 16:56:00 API.py [line:712] INFO 933982502154395648
Fri 24 Nov 2017 16:56:01 API.py [line:712] INFO 933982504029229056
Fri 24 Nov 2017 16:56:01 API.py [line:712] INFO 933982504897339392
Fri 24 Nov 2017 16:56:01 API.py [line:712] INFO 933982505329446913
Fri 24 Nov 2017 16:56:01 API.py [line:712] INFO 933982505283096576
Fri 24 Nov 2017 16:56:01 API.py [line:712] INFO 933982506214416386
Fri 24 Nov 2017 16:56:02 API.py [line:712] INFO 933982508013649920
Fri 24 Nov 2017 16:56:02 API.py [line:712] INFO 933982509976600576
Fri 24 Nov 2017 16:56:02 API.py [line:712] INFO 933982510718926848
Fri 24 Nov 2017 16:56:03 API.py [line:712] INFO 933982512048619521
Fri 24 Nov 2017 16:56:03 API.py [line:712] INFO 933982511377424384
Fri 24 Nov 2017 16:56:03 API.py [line:712] INFO 933982510475644929
Fri 24 Nov 2017 16:56:03 API.py [line:712] INFO 933982515727077376
