Fri 24 Nov 2017 16:42:02 API.py [line:660] INFO start
Fri 24 Nov 2017 16:42:02 API.py [line:692] INFO thread 0 start.
Fri 24 Nov 2017 16:42:02 API.py [line:695] INFO thread 0's token_index 315
Fri 24 Nov 2017 16:42:02 API.py [line:696] INFO {u'access_token': u'724285729182867456-XThByqWl33c36fPDg6LttSg55ryyeTw', u'consumer_secret': u'LivsS9DTKh4Xmfo2vOG2tpKmrj8lxsYqiDgZLamPBJahFqnjUo', u'consumer_key': u'fO4lXV6LLz5e1Ew6uRDtvXpIQ', u'access_token_secret': u'SkjszDJkEFdDoscacKZXgnOGYs96ZroOsz3My2U97EbEt'}
Fri 24 Nov 2017 16:42:02 API.py [line:697] INFO [u'china']
Fri 24 Nov 2017 16:42:02 API.py [line:698] INFO ['192.168.1.148:8118']
Fri 24 Nov 2017 16:42:07 API.py [line:712] INFO 933979006889627648
Fri 24 Nov 2017 16:42:08 API.py [line:712] INFO 933979013562892289
Fri 24 Nov 2017 16:42:09 API.py [line:712] INFO 933979013789437952
Fri 24 Nov 2017 16:42:09 API.py [line:712] INFO 933979016775610368
Fri 24 Nov 2017 16:42:09 API.py [line:712] INFO 933979016582774784
Fri 24 Nov 2017 16:42:10 API.py [line:712] INFO 933979015941185541
Fri 24 Nov 2017 16:42:10 API.py [line:712] INFO 933979020290547713
Fri 24 Nov 2017 16:42:10 API.py [line:712] INFO 933979020865048576
Fri 24 Nov 2017 16:42:11 API.py [line:712] INFO 933979023826411520
Fri 24 Nov 2017 16:42:12 API.py [line:712] INFO 933979027559403520
Fri 24 Nov 2017 16:42:12 API.py [line:712] INFO 933979028838477824
Fri 24 Nov 2017 16:42:12 API.py [line:712] INFO 933979028863688704
Fri 24 Nov 2017 16:42:12 API.py [line:712] INFO 933979029882859521
Fri 24 Nov 2017 16:42:13 API.py [line:712] INFO 933979031242002433
Fri 24 Nov 2017 16:42:13 API.py [line:712] INFO 933979034186371074
Fri 24 Nov 2017 16:42:13 API.py [line:712] INFO 933979034748252160
Fri 24 Nov 2017 16:42:14 API.py [line:712] INFO 933979035729788928
Fri 24 Nov 2017 16:42:14 API.py [line:712] INFO 933979036862124032
Fri 24 Nov 2017 16:42:14 API.py [line:712] INFO 933979037214695424
Fri 24 Nov 2017 16:42:14 API.py [line:712] INFO 933979038523195392
Fri 24 Nov 2017 16:42:15 API.py [line:712] INFO 933979038585995264
