Wed 29 Nov 2017 19:13:20 API.py [line:660] INFO start
Wed 29 Nov 2017 19:13:20 API.py [line:692] INFO thread 0 start.
Wed 29 Nov 2017 19:13:20 API.py [line:695] INFO thread 0's token_index 214
Wed 29 Nov 2017 19:13:20 API.py [line:696] INFO {u'access_token': u'720535950191947776-4X48TOjred3olWljqfqfZPmV1LbQeBH', u'consumer_secret': u'LivsS9DTKh4Xmfo2vOG2tpKmrj8lxsYqiDgZLamPBJahFqnjUo', u'consumer_key': u'fO4lXV6LLz5e1Ew6uRDtvXpIQ', u'access_token_secret': u'dB5BaAdenbKcN4plxpqOuDqTfQkaz6KTO7u2yEdeEmhrU'}
Wed 29 Nov 2017 19:13:20 API.py [line:697] INFO [u'china']
Wed 29 Nov 2017 19:13:20 API.py [line:698] INFO ['222.197.180.171:8118']
Wed 29 Nov 2017 19:13:24 API.py [line:712] INFO 935829026148626433
Wed 29 Nov 2017 19:13:25 API.py [line:712] INFO 935829026220003329
Wed 29 Nov 2017 19:13:25 API.py [line:712] INFO 935829027302014977
Wed 29 Nov 2017 19:13:25 API.py [line:712] INFO 935829028057108480
Wed 29 Nov 2017 19:13:25 API.py [line:712] INFO 935829029675982848
Wed 29 Nov 2017 19:13:25 API.py [line:712] INFO 935829029978017792
Wed 29 Nov 2017 19:13:26 API.py [line:712] INFO 935829032276459520
Wed 29 Nov 2017 19:13:26 API.py [line:712] INFO 935829032788209665
Wed 29 Nov 2017 19:13:26 API.py [line:712] INFO 935829033522053120
Wed 29 Nov 2017 19:13:26 API.py [line:712] INFO 935829034528903168
Wed 29 Nov 2017 19:13:27 API.py [line:712] INFO 935829035992563712
Wed 29 Nov 2017 19:13:27 API.py [line:712] INFO 935829037259227136
Wed 29 Nov 2017 19:13:27 API.py [line:712] INFO 935829036785373184
Wed 29 Nov 2017 19:13:27 API.py [line:712] INFO 935829038215544838
Wed 29 Nov 2017 19:13:29 API.py [line:712] INFO 935829043701862400
Wed 29 Nov 2017 19:13:29 API.py [line:712] INFO 935829042653261824
Wed 29 Nov 2017 19:13:29 API.py [line:712] INFO 935829044456603648
Wed 29 Nov 2017 19:13:29 API.py [line:712] INFO 935829045115174917
Wed 29 Nov 2017 19:13:29 API.py [line:712] INFO 935829045811478528
Wed 29 Nov 2017 19:13:29 API.py [line:712] INFO 935829045983481858
Wed 29 Nov 2017 19:13:29 API.py [line:712] INFO 935829046692216832
Wed 29 Nov 2017 19:13:29 API.py [line:712] INFO 935829046491049984
Wed 29 Nov 2017 19:13:30 API.py [line:712] INFO 935829049523314690
Wed 29 Nov 2017 19:13:31 API.py [line:712] INFO 935829053118042114
Wed 29 Nov 2017 19:13:31 API.py [line:712] INFO 935829054825140224
Wed 29 Nov 2017 19:13:31 API.py [line:712] INFO 935829056037122048
Wed 29 Nov 2017 19:13:32 API.py [line:712] INFO 935829055240331264
Wed 29 Nov 2017 19:13:32 API.py [line:712] INFO 935829057387630595
Wed 29 Nov 2017 19:13:32 API.py [line:712] INFO 935829057651974144
Wed 29 Nov 2017 19:13:32 API.py [line:712] INFO 935829059002564609
Wed 29 Nov 2017 19:13:33 API.py [line:712] INFO 935829061292773376
Wed 29 Nov 2017 19:13:33 API.py [line:712] INFO 935829061510811652
Wed 29 Nov 2017 19:13:34 API.py [line:712] INFO 935829067231780865
Wed 29 Nov 2017 19:13:34 API.py [line:712] INFO 935829067999469568
Wed 29 Nov 2017 19:13:36 API.py [line:712] INFO 935829073581948928
Wed 29 Nov 2017 19:13:36 API.py [line:712] INFO 935829074223677445
Wed 29 Nov 2017 19:13:36 API.py [line:712] INFO 935829074957819904
Wed 29 Nov 2017 19:13:36 API.py [line:712] INFO 935829075960221696
Wed 29 Nov 2017 19:13:36 API.py [line:712] INFO 935829077017145345
Wed 29 Nov 2017 19:13:37 API.py [line:712] INFO 935829078925438976
Wed 29 Nov 2017 19:13:37 API.py [line:712] INFO 935829079260930048
Wed 29 Nov 2017 19:13:37 API.py [line:712] INFO 935829079835672576
Wed 29 Nov 2017 19:13:38 API.py [line:712] INFO 935829082335477761
Wed 29 Nov 2017 19:13:38 API.py [line:712] INFO 935829085476962304
Wed 29 Nov 2017 19:13:39 API.py [line:712] INFO 935829087091695616
Wed 29 Nov 2017 19:13:39 API.py [line:712] INFO 935829086794067968
Wed 29 Nov 2017 19:13:40 API.py [line:712] INFO 935829090698792960
Wed 29 Nov 2017 19:13:40 API.py [line:712] INFO 935829090950561792
Wed 29 Nov 2017 19:13:40 API.py [line:712] INFO 935829094247178246
Wed 29 Nov 2017 19:13:41 API.py [line:712] INFO 935829094683602944
Wed 29 Nov 2017 19:13:41 API.py [line:712] INFO 935829095237038081
Wed 29 Nov 2017 19:13:41 API.py [line:712] INFO 935829095656689665
Wed 29 Nov 2017 19:13:41 API.py [line:712] INFO 935829096185069569
Wed 29 Nov 2017 19:13:41 API.py [line:712] INFO 935829096940044290
Wed 29 Nov 2017 19:13:41 API.py [line:712] INFO 935829098483539968
Wed 29 Nov 2017 19:13:42 API.py [line:712] INFO 935829100878589952
Wed 29 Nov 2017 19:13:43 API.py [line:712] INFO 935829102325567488
Wed 29 Nov 2017 19:13:43 API.py [line:712] INFO 935829105458778113
Wed 29 Nov 2017 19:13:44 API.py [line:712] INFO 935829108180762625
Wed 29 Nov 2017 19:13:44 API.py [line:712] INFO 935829110114439169
Wed 29 Nov 2017 19:13:44 API.py [line:712] INFO 935829110407991296
Wed 29 Nov 2017 19:13:45 API.py [line:712] INFO 935829112337457152
Wed 29 Nov 2017 19:13:48 API.py [line:712] INFO 935829124093968384
Wed 29 Nov 2017 19:13:48 API.py [line:712] INFO 935829124039561217
Wed 29 Nov 2017 19:13:49 API.py [line:712] INFO 935829130318417920
Wed 29 Nov 2017 19:13:49 API.py [line:712] INFO 935829132067315712
Wed 29 Nov 2017 19:13:50 API.py [line:712] INFO 935829134495776769
Wed 29 Nov 2017 19:13:51 API.py [line:712] INFO 935829137167650816
Wed 29 Nov 2017 19:13:51 API.py [line:712] INFO 935829138153160704
Wed 29 Nov 2017 19:13:52 API.py [line:712] INFO 935829140741111809
Wed 29 Nov 2017 19:13:52 API.py [line:712] INFO 935829142569750528
Wed 29 Nov 2017 19:13:53 API.py [line:712] INFO 935829142762815488
Wed 29 Nov 2017 19:13:53 API.py [line:712] INFO 935829145920999424
Wed 29 Nov 2017 19:13:53 API.py [line:712] INFO 935829147267473409
Wed 29 Nov 2017 19:13:53 API.py [line:712] INFO 935829147800059904
Wed 29 Nov 2017 19:13:54 API.py [line:712] INFO 935829148848635904
Wed 29 Nov 2017 19:13:54 API.py [line:712] INFO 935829150123769856
Wed 29 Nov 2017 19:13:55 API.py [line:712] INFO 935829153563250688
Wed 29 Nov 2017 19:13:55 API.py [line:712] INFO 935829153282064384
Wed 29 Nov 2017 19:13:55 API.py [line:712] INFO 935829154641170433
Wed 29 Nov 2017 19:13:55 API.py [line:712] INFO 935829155433926657
Wed 29 Nov 2017 19:13:55 API.py [line:712] INFO 935829155798642688
Wed 29 Nov 2017 19:13:56 API.py [line:712] INFO 935829157099003904
Wed 29 Nov 2017 19:13:56 API.py [line:712] INFO 935829157363163136
Wed 29 Nov 2017 19:13:56 API.py [line:712] INFO 935829158806147072
Wed 29 Nov 2017 19:13:56 API.py [line:712] INFO 935829159418449920
Wed 29 Nov 2017 19:13:57 API.py [line:712] INFO 935829161674866689
Wed 29 Nov 2017 19:13:57 API.py [line:712] INFO 935829163948228608
Wed 29 Nov 2017 19:13:57 API.py [line:712] INFO 935829164229263360
Wed 29 Nov 2017 19:13:58 API.py [line:712] INFO 935829166938877952
Wed 29 Nov 2017 19:13:58 API.py [line:712] INFO 935829168696074245
Wed 29 Nov 2017 19:13:58 API.py [line:712] INFO 935829168842948608
Wed 29 Nov 2017 19:13:58 API.py [line:712] INFO 935829168943763456
Wed 29 Nov 2017 19:13:59 API.py [line:712] INFO 935829171363659776
Wed 29 Nov 2017 19:13:59 API.py [line:712] INFO 935829171242196993
Wed 29 Nov 2017 19:13:59 API.py [line:712] INFO 935829172127010817
Wed 29 Nov 2017 19:14:00 API.py [line:712] INFO 935829174182465536
Wed 29 Nov 2017 19:14:00 API.py [line:712] INFO 935829174249439233
Wed 29 Nov 2017 19:14:00 API.py [line:712] INFO 935829176233336833
Wed 29 Nov 2017 19:14:01 API.py [line:712] INFO 935829177948831744
Wed 29 Nov 2017 19:14:01 API.py [line:712] INFO 935829179421007873
Wed 29 Nov 2017 19:14:01 API.py [line:712] INFO 935829182273142784
Wed 29 Nov 2017 19:14:02 API.py [line:712] INFO 935829181740482560
Wed 29 Nov 2017 19:14:02 API.py [line:712] INFO 935829183384600577
Wed 29 Nov 2017 19:14:03 API.py [line:712] INFO 935829189437087747
Wed 29 Nov 2017 19:14:05 API.py [line:712] INFO 935829195401306112
Wed 29 Nov 2017 19:14:05 API.py [line:712] INFO 935829195321622529
Wed 29 Nov 2017 19:14:06 API.py [line:712] INFO 935829199327252481
Wed 29 Nov 2017 19:14:06 API.py [line:712] INFO 935829199926960130
Wed 29 Nov 2017 19:14:06 API.py [line:712] INFO 935829201877422081
Wed 29 Nov 2017 19:14:06 API.py [line:712] INFO 935829198438125568
Wed 29 Nov 2017 19:14:06 API.py [line:712] INFO 935829202619662341
Wed 29 Nov 2017 19:14:07 API.py [line:712] INFO 935829204637065216
Wed 29 Nov 2017 19:14:08 API.py [line:712] INFO 935829209766821888
Wed 29 Nov 2017 19:14:09 API.py [line:712] INFO 935829212115718144
Wed 29 Nov 2017 19:14:09 API.py [line:712] INFO 935829212426063872
Wed 29 Nov 2017 19:14:09 API.py [line:712] INFO 935829213218664448
Wed 29 Nov 2017 19:14:09 API.py [line:712] INFO 935829213814370304
Wed 29 Nov 2017 19:14:09 API.py [line:712] INFO 935829213898211331
Wed 29 Nov 2017 19:14:09 API.py [line:712] INFO 935829213780856832
Wed 29 Nov 2017 19:14:10 API.py [line:712] INFO 935829217073299456
Wed 29 Nov 2017 19:14:10 API.py [line:712] INFO 935829218964815873
Wed 29 Nov 2017 19:14:11 API.py [line:712] INFO 935829221053579269
Wed 29 Nov 2017 19:14:11 API.py [line:712] INFO 935829223067045888
Wed 29 Nov 2017 19:14:13 API.py [line:712] INFO 935829229727490049
Wed 29 Nov 2017 19:14:14 API.py [line:712] INFO 935829233817083904
Wed 29 Nov 2017 19:14:14 API.py [line:712] INFO 935829235020783616
Wed 29 Nov 2017 19:14:15 API.py [line:712] INFO 935829237667385354
Wed 29 Nov 2017 19:14:16 API.py [line:712] INFO 935829242251657217
Wed 29 Nov 2017 19:14:16 API.py [line:712] INFO 935829243229032448
Wed 29 Nov 2017 19:14:16 API.py [line:712] INFO 935829244088688640
Wed 29 Nov 2017 19:14:16 API.py [line:712] INFO 935829244327931904
Wed 29 Nov 2017 19:14:17 API.py [line:712] INFO 935829245326176257
Wed 29 Nov 2017 19:14:17 API.py [line:712] INFO 935829246328664064
Wed 29 Nov 2017 19:14:17 API.py [line:712] INFO 935829248316669952
Wed 29 Nov 2017 19:14:17 API.py [line:712] INFO 935829248631300096
Wed 29 Nov 2017 19:14:18 API.py [line:712] INFO 935829250904641536
Wed 29 Nov 2017 19:14:18 API.py [line:712] INFO 935829252703789056
Wed 29 Nov 2017 19:14:19 API.py [line:712] INFO 935829253865668608
Wed 29 Nov 2017 19:14:19 API.py [line:712] INFO 935829254129905664
Wed 29 Nov 2017 19:14:19 API.py [line:712] INFO 935829254713102337
Wed 29 Nov 2017 19:14:19 API.py [line:712] INFO 935829256529068032
Wed 29 Nov 2017 19:14:20 API.py [line:712] INFO 935829257875607552
Wed 29 Nov 2017 19:14:20 API.py [line:712] INFO 935829258508914688
Wed 29 Nov 2017 19:14:20 API.py [line:712] INFO 935829258857009152
Wed 29 Nov 2017 19:14:20 API.py [line:712] INFO 935829259150557184
Wed 29 Nov 2017 19:14:20 API.py [line:712] INFO 935829259834163206
Wed 29 Nov 2017 19:14:20 API.py [line:712] INFO 935829259804868608
Wed 29 Nov 2017 19:14:20 API.py [line:712] INFO 935829261377785856
Wed 29 Nov 2017 19:14:21 API.py [line:712] INFO 935829262271094784
Wed 29 Nov 2017 19:14:21 API.py [line:712] INFO 935829262778675200
Wed 29 Nov 2017 19:14:21 API.py [line:712] INFO 935829263256899586
Wed 29 Nov 2017 19:14:21 API.py [line:712] INFO 935829263684472832
Wed 29 Nov 2017 19:14:21 API.py [line:712] INFO 935829263772565505
Wed 29 Nov 2017 19:14:21 API.py [line:712] INFO 935829265337274368
Wed 29 Nov 2017 19:14:21 API.py [line:712] INFO 935829265395920896
Wed 29 Nov 2017 19:14:22 API.py [line:712] INFO 935829266775683072
Wed 29 Nov 2017 19:14:22 API.py [line:712] INFO 935829266771644416
Wed 29 Nov 2017 19:14:22 API.py [line:712] INFO 935829266947649536
Wed 29 Nov 2017 19:14:22 API.py [line:712] INFO 935829267526684672
Wed 29 Nov 2017 19:14:22 API.py [line:712] INFO 935829270600957952
Wed 29 Nov 2017 19:14:23 API.py [line:712] INFO 935829271645442048
Wed 29 Nov 2017 19:14:23 API.py [line:712] INFO 935829272379428864
Wed 29 Nov 2017 19:14:23 API.py [line:712] INFO 935829272987549696
Wed 29 Nov 2017 19:14:23 API.py [line:712] INFO 935829274308702208
Wed 29 Nov 2017 19:14:24 API.py [line:712] INFO 935829274489171969
Wed 29 Nov 2017 19:14:24 API.py [line:712] INFO 935829275210592256
Wed 29 Nov 2017 19:14:25 API.py [line:712] INFO 935829280101097479
Wed 29 Nov 2017 19:14:25 API.py [line:712] INFO 935829283137667074
Wed 29 Nov 2017 19:14:26 API.py [line:712] INFO 935829283100078080
Wed 29 Nov 2017 19:14:26 API.py [line:712] INFO 935829286274998274
Wed 29 Nov 2017 19:14:27 API.py [line:712] INFO 935829286602371072
Wed 29 Nov 2017 19:14:27 API.py [line:712] INFO 935829286791004160
Wed 29 Nov 2017 19:14:27 API.py [line:712] INFO 935829286942134272
Wed 29 Nov 2017 19:14:27 API.py [line:712] INFO 935829287910944768
Wed 29 Nov 2017 19:14:27 API.py [line:712] INFO 935829288170999809
Wed 29 Nov 2017 19:14:27 API.py [line:712] INFO 935829289353793536
Wed 29 Nov 2017 19:14:27 API.py [line:712] INFO 935829291446734848
Wed 29 Nov 2017 19:14:28 API.py [line:712] INFO 935829291132182529
Wed 29 Nov 2017 19:14:28 API.py [line:712] INFO 935829291731861504
Wed 29 Nov 2017 19:14:28 API.py [line:712] INFO 935829294110015488
Wed 29 Nov 2017 19:14:28 API.py [line:712] INFO 935829294479273984
Wed 29 Nov 2017 19:14:29 API.py [line:712] INFO 935829295720751107
Wed 29 Nov 2017 19:14:29 API.py [line:712] INFO 935829298958819328
Wed 29 Nov 2017 19:14:30 API.py [line:712] INFO 935829299717984256
Wed 29 Nov 2017 19:14:30 API.py [line:712] INFO 935829300372168704
Wed 29 Nov 2017 19:14:30 API.py [line:712] INFO 935829301215182849
Wed 29 Nov 2017 19:14:30 API.py [line:712] INFO 935829302058405893
Wed 29 Nov 2017 19:14:30 API.py [line:712] INFO 935829302083489793
Wed 29 Nov 2017 19:14:30 API.py [line:712] INFO 935829302909784065
Wed 29 Nov 2017 19:14:31 API.py [line:712] INFO 935829304893681664
Wed 29 Nov 2017 19:14:31 API.py [line:712] INFO 935829305849929729
Wed 29 Nov 2017 19:14:31 API.py [line:712] INFO 935829307473018880
Wed 29 Nov 2017 19:14:31 API.py [line:712] INFO 935829307359932416
Wed 29 Nov 2017 19:14:31 API.py [line:712] INFO 935829308106567681
Wed 29 Nov 2017 19:14:32 API.py [line:712] INFO 935829310077890562
Wed 29 Nov 2017 19:14:32 API.py [line:712] INFO 935829309926858752
Wed 29 Nov 2017 19:14:32 API.py [line:712] INFO 935829311168352256
Wed 29 Nov 2017 19:14:33 API.py [line:712] INFO 935829314175668225
Wed 29 Nov 2017 19:14:33 API.py [line:712] INFO 935829314389598208
Wed 29 Nov 2017 19:14:34 API.py [line:712] INFO 935829318508339200
Wed 29 Nov 2017 19:14:34 API.py [line:712] INFO 935829318009319424
Wed 29 Nov 2017 19:14:35 API.py [line:712] INFO 935829321104715777
Wed 29 Nov 2017 19:14:35 API.py [line:712] INFO 935829323436654592
Wed 29 Nov 2017 19:14:35 API.py [line:712] INFO 935829323646414849
Wed 29 Nov 2017 19:14:35 API.py [line:712] INFO 935829323075997698
Wed 29 Nov 2017 19:14:36 API.py [line:712] INFO 935829323579355136
Wed 29 Nov 2017 19:14:36 API.py [line:712] INFO 935829324271439874
Wed 29 Nov 2017 19:14:36 API.py [line:712] INFO 935829325437456384
Wed 29 Nov 2017 19:14:36 API.py [line:712] INFO 935829326469021696
Wed 29 Nov 2017 19:14:36 API.py [line:712] INFO 935829325168947205
Wed 29 Nov 2017 19:14:36 API.py [line:712] INFO 935829327878303744
Wed 29 Nov 2017 19:14:36 API.py [line:712] INFO 935829328063016960
Wed 29 Nov 2017 19:14:36 API.py [line:712] INFO 935829329111425026
Wed 29 Nov 2017 19:14:37 API.py [line:712] INFO 935829329103216640
Wed 29 Nov 2017 19:14:37 API.py [line:712] INFO 935829329560223745
Wed 29 Nov 2017 19:14:37 API.py [line:712] INFO 935829331821162501
Wed 29 Nov 2017 19:14:37 API.py [line:712] INFO 935829332546617351
Wed 29 Nov 2017 19:14:38 API.py [line:712] INFO 935829334035697664
Wed 29 Nov 2017 19:14:38 API.py [line:712] INFO 935829334253637632
Wed 29 Nov 2017 19:14:38 API.py [line:712] INFO 935829335008858114
Wed 29 Nov 2017 19:14:38 API.py [line:712] INFO 935829336132694017
Wed 29 Nov 2017 19:14:38 API.py [line:712] INFO 935829335726084096
Wed 29 Nov 2017 19:14:38 API.py [line:712] INFO 935829336241917953
Wed 29 Nov 2017 19:14:39 API.py [line:712] INFO 935829337764483072
Wed 29 Nov 2017 19:14:39 API.py [line:712] INFO 935829338041098241
Wed 29 Nov 2017 19:14:39 API.py [line:712] INFO 935829339492544512
Wed 29 Nov 2017 19:14:39 API.py [line:712] INFO 935829339706417153
Wed 29 Nov 2017 19:14:39 API.py [line:712] INFO 935829340394160129
Wed 29 Nov 2017 19:14:39 API.py [line:712] INFO 935829341157675008
Wed 29 Nov 2017 19:14:40 API.py [line:712] INFO 935829343368081408
Wed 29 Nov 2017 19:14:40 API.py [line:712] INFO 935829343426658304
Wed 29 Nov 2017 19:14:41 API.py [line:712] INFO 935829345624641536
Wed 29 Nov 2017 19:14:42 API.py [line:712] INFO 935829351156903936
Wed 29 Nov 2017 19:14:42 API.py [line:712] INFO 935829351634997248
Wed 29 Nov 2017 19:14:42 API.py [line:712] INFO 935829353228881920
Wed 29 Nov 2017 19:14:43 API.py [line:712] INFO 935829357272162304
Wed 29 Nov 2017 19:14:44 API.py [line:712] INFO 935829359381925888
Wed 29 Nov 2017 19:14:44 API.py [line:712] INFO 935829360673615873
Wed 29 Nov 2017 19:14:45 API.py [line:712] INFO 935829361256816640
Wed 29 Nov 2017 19:14:45 API.py [line:712] INFO 935829363148369921
Wed 29 Nov 2017 19:14:46 API.py [line:712] INFO 935829369087496192
Wed 29 Nov 2017 19:14:47 API.py [line:712] INFO 935829374242316288
Wed 29 Nov 2017 19:14:47 API.py [line:712] INFO 935829374909272065
Wed 29 Nov 2017 19:14:48 API.py [line:712] INFO 935829376121298944
Wed 29 Nov 2017 19:14:48 API.py [line:712] INFO 935829376180121600
Wed 29 Nov 2017 19:14:49 API.py [line:712] INFO 935829379703173120
Wed 29 Nov 2017 19:14:49 API.py [line:712] INFO 935829380659638272
Wed 29 Nov 2017 19:14:50 API.py [line:712] INFO 935829384086392832
Wed 29 Nov 2017 19:14:50 API.py [line:712] INFO 935829385470283776
Wed 29 Nov 2017 19:14:50 API.py [line:712] INFO 935829386728574976
Wed 29 Nov 2017 19:14:51 API.py [line:712] INFO 935829387529867264
Wed 29 Nov 2017 19:14:51 API.py [line:712] INFO 935829389186445314
Wed 29 Nov 2017 19:14:52 API.py [line:712] INFO 935829392378548224
Wed 29 Nov 2017 19:14:52 API.py [line:712] INFO 935829392617549824
Wed 29 Nov 2017 19:14:52 API.py [line:712] INFO 935829393523511297
Wed 29 Nov 2017 19:14:53 API.py [line:712] INFO 935829397352857600
Wed 29 Nov 2017 19:14:53 API.py [line:712] INFO 935829397340172289
Wed 29 Nov 2017 19:14:53 API.py [line:712] INFO 935829398560870400
Wed 29 Nov 2017 19:14:53 API.py [line:712] INFO 935829400137875456
Wed 29 Nov 2017 19:14:54 API.py [line:712] INFO 935829402469961734
Wed 29 Nov 2017 19:14:54 API.py [line:712] INFO 935829403002585089
Wed 29 Nov 2017 19:14:55 API.py [line:712] INFO 935829407016431616
Wed 29 Nov 2017 19:14:56 API.py [line:712] INFO 935829411701538816
Wed 29 Nov 2017 19:14:57 API.py [line:712] INFO 935829412997664768
Wed 29 Nov 2017 19:14:57 API.py [line:712] INFO 935829414427820034
Wed 29 Nov 2017 19:14:57 API.py [line:712] INFO 935829414419582976
Wed 29 Nov 2017 19:14:58 API.py [line:712] INFO 935829417539993600
Wed 29 Nov 2017 19:14:58 API.py [line:712] INFO 935829419255631872
Wed 29 Nov 2017 19:14:59 API.py [line:712] INFO 935829423454064640
Wed 29 Nov 2017 19:14:59 API.py [line:712] INFO 935829423437201408
Wed 29 Nov 2017 19:14:59 API.py [line:712] INFO 935829424364077056
Wed 29 Nov 2017 19:15:00 API.py [line:712] INFO 935829425693880320
Wed 29 Nov 2017 19:15:00 API.py [line:712] INFO 935829425475665920
Wed 29 Nov 2017 19:15:01 API.py [line:712] INFO 935829431477608448
Wed 29 Nov 2017 19:15:01 API.py [line:712] INFO 935829432161439744
Wed 29 Nov 2017 19:15:01 API.py [line:712] INFO 935829433335865344
Wed 29 Nov 2017 19:15:02 API.py [line:712] INFO 935829435499950080
Wed 29 Nov 2017 19:15:03 API.py [line:712] INFO 935829438083817472
Wed 29 Nov 2017 19:15:03 API.py [line:712] INFO 935829439128186880
Wed 29 Nov 2017 19:15:03 API.py [line:712] INFO 935829442009501697
Wed 29 Nov 2017 19:15:04 API.py [line:712] INFO 935829443691581441
Wed 29 Nov 2017 19:15:04 API.py [line:712] INFO 935829444547059713
Wed 29 Nov 2017 19:15:04 API.py [line:712] INFO 935829444853239810
Wed 29 Nov 2017 19:15:05 API.py [line:712] INFO 935829443486081024
Wed 29 Nov 2017 19:15:05 API.py [line:712] INFO 935829447789424641
Wed 29 Nov 2017 19:15:05 API.py [line:712] INFO 935829448426950657
Wed 29 Nov 2017 19:15:06 API.py [line:712] INFO 935829451132239872
Wed 29 Nov 2017 19:15:06 API.py [line:712] INFO 935829451509657600
Wed 29 Nov 2017 19:15:06 API.py [line:712] INFO 935829451824230400
Wed 29 Nov 2017 19:15:06 API.py [line:712] INFO 935829452151439362
Wed 29 Nov 2017 19:15:06 API.py [line:712] INFO 935829452835184641
Wed 29 Nov 2017 19:15:06 API.py [line:712] INFO 935829452700909568
Wed 29 Nov 2017 19:15:06 API.py [line:712] INFO 935829454680657920
Wed 29 Nov 2017 19:15:07 API.py [line:712] INFO 935829454605008896
Wed 29 Nov 2017 19:15:07 API.py [line:712] INFO 935829455305691136
Wed 29 Nov 2017 19:15:07 API.py [line:712] INFO 935829455385358336
Wed 29 Nov 2017 19:15:07 API.py [line:712] INFO 935829457620779010
Wed 29 Nov 2017 19:15:08 API.py [line:712] INFO 935829459055153153
Wed 29 Nov 2017 19:15:08 API.py [line:712] INFO 935829459764047877
Wed 29 Nov 2017 19:15:08 API.py [line:712] INFO 935829460485660672
Wed 29 Nov 2017 19:15:08 API.py [line:712] INFO 935829461714513925
Wed 29 Nov 2017 19:15:09 API.py [line:712] INFO 935829465518583808
Wed 29 Nov 2017 19:15:09 API.py [line:712] INFO 935829467146027008
Wed 29 Nov 2017 19:15:11 API.py [line:712] INFO 935829471688646657
Wed 29 Nov 2017 19:15:11 API.py [line:712] INFO 935829473701789696
Wed 29 Nov 2017 19:15:11 API.py [line:712] INFO 935829474905489408
Wed 29 Nov 2017 19:15:12 API.py [line:712] INFO 935829476105162752
Wed 29 Nov 2017 19:15:12 API.py [line:712] INFO 935829477820547072
Wed 29 Nov 2017 19:15:12 API.py [line:712] INFO 935829477027909637
Wed 29 Nov 2017 19:15:13 API.py [line:712] INFO 935829480446275584
Wed 29 Nov 2017 19:15:13 API.py [line:712] INFO 935829480978993152
Wed 29 Nov 2017 19:15:13 API.py [line:712] INFO 935829481800921089
Wed 29 Nov 2017 19:15:13 API.py [line:712] INFO 935829482174275584
Wed 29 Nov 2017 19:15:13 API.py [line:712] INFO 935829484267241472
Wed 29 Nov 2017 19:15:14 API.py [line:712] INFO 935829477199876103
Wed 29 Nov 2017 19:15:14 API.py [line:712] INFO 935829485089447937
Wed 29 Nov 2017 19:15:14 API.py [line:712] INFO 935829486427185152
Wed 29 Nov 2017 19:15:14 API.py [line:712] INFO 935829486200696832
Wed 29 Nov 2017 19:15:14 API.py [line:712] INFO 935829486469251072
Wed 29 Nov 2017 19:15:15 API.py [line:712] INFO 935829488847466496
Wed 29 Nov 2017 19:15:15 API.py [line:712] INFO 935829490407804928
Wed 29 Nov 2017 19:15:15 API.py [line:712] INFO 935829491162558464
Wed 29 Nov 2017 19:15:15 API.py [line:712] INFO 935829491057872897
Wed 29 Nov 2017 19:15:15 API.py [line:712] INFO 935829491619741696
Wed 29 Nov 2017 19:15:15 API.py [line:712] INFO 935829491846451201
Wed 29 Nov 2017 19:15:16 API.py [line:712] INFO 935829492324601856
Wed 29 Nov 2017 19:15:16 API.py [line:712] INFO 935829493121474561
Wed 29 Nov 2017 19:15:16 API.py [line:712] INFO 935829493587103744
Wed 29 Nov 2017 19:15:16 API.py [line:712] INFO 935829493767340032
Wed 29 Nov 2017 19:15:16 API.py [line:712] INFO 935829492265881600
Wed 29 Nov 2017 19:15:16 API.py [line:712] INFO 935829494526492672
Wed 29 Nov 2017 19:15:16 API.py [line:712] INFO 935829495143022592
Wed 29 Nov 2017 19:15:16 API.py [line:712] INFO 935829495323471872
Wed 29 Nov 2017 19:15:17 API.py [line:712] INFO 935829496367865858
Wed 29 Nov 2017 19:15:17 API.py [line:712] INFO 935829499391852544
Wed 29 Nov 2017 19:15:17 API.py [line:712] INFO 935829499723132928
Wed 29 Nov 2017 19:15:18 API.py [line:712] INFO 935829500608303105
Wed 29 Nov 2017 19:15:18 API.py [line:712] INFO 935829501098967040
Wed 29 Nov 2017 19:15:18 API.py [line:712] INFO 935829501682049024
Wed 29 Nov 2017 19:15:18 API.py [line:712] INFO 935829504219590656
Wed 29 Nov 2017 19:15:18 API.py [line:712] INFO 935829504722792449
Wed 29 Nov 2017 19:15:19 API.py [line:712] INFO 935829505892954112
Wed 29 Nov 2017 19:15:19 API.py [line:712] INFO 935829506392170496
Wed 29 Nov 2017 19:15:19 API.py [line:712] INFO 935829507164049408
Wed 29 Nov 2017 19:15:19 API.py [line:712] INFO 935829507939774465
Wed 29 Nov 2017 19:15:19 API.py [line:712] INFO 935829508170457089
Wed 29 Nov 2017 19:15:19 API.py [line:712] INFO 935829507780595712
Wed 29 Nov 2017 19:15:19 API.py [line:712] INFO 935829508749451264
Wed 29 Nov 2017 19:15:20 API.py [line:712] INFO 935829511962324992
Wed 29 Nov 2017 19:15:20 API.py [line:712] INFO 935829512524369920
Wed 29 Nov 2017 19:15:20 API.py [line:712] INFO 935829513489059840
Wed 29 Nov 2017 19:15:21 API.py [line:712] INFO 935829514319482882
Wed 29 Nov 2017 19:15:21 API.py [line:712] INFO 935829516483747841
Wed 29 Nov 2017 19:15:21 API.py [line:712] INFO 935829516571893760
Wed 29 Nov 2017 19:15:22 API.py [line:712] INFO 935829518912143361
Wed 29 Nov 2017 19:15:22 API.py [line:712] INFO 935829519117590529
Wed 29 Nov 2017 19:15:22 API.py [line:712] INFO 935829519058927616
Wed 29 Nov 2017 19:15:22 API.py [line:712] INFO 935829521818890240
Wed 29 Nov 2017 19:15:23 API.py [line:712] INFO 935829522028662784
Wed 29 Nov 2017 19:15:24 API.py [line:712] INFO 935829526679928833
Wed 29 Nov 2017 19:15:24 API.py [line:712] INFO 935829527342743552
Wed 29 Nov 2017 19:15:24 API.py [line:712] INFO 935829528579948544
Wed 29 Nov 2017 19:15:24 API.py [line:712] INFO 935829528122937344
Wed 29 Nov 2017 19:15:24 API.py [line:712] INFO 935829528382906369
Wed 29 Nov 2017 19:15:25 API.py [line:712] INFO 935829530593382400
Wed 29 Nov 2017 19:15:25 API.py [line:712] INFO 935829531964858368
Wed 29 Nov 2017 19:15:25 API.py [line:712] INFO 935829530102468609
Wed 29 Nov 2017 19:15:25 API.py [line:712] INFO 935829534351470592
Wed 29 Nov 2017 19:15:26 API.py [line:712] INFO 935829535609597952
Wed 29 Nov 2017 19:15:26 API.py [line:712] INFO 935829538562441222
Wed 29 Nov 2017 19:15:27 API.py [line:712] INFO 935829537769717760
Wed 29 Nov 2017 19:15:27 API.py [line:712] INFO 935829539736895493
Wed 29 Nov 2017 19:15:27 API.py [line:712] INFO 935829540336791553
Wed 29 Nov 2017 19:15:27 API.py [line:712] INFO 935829539426570241
Wed 29 Nov 2017 19:15:27 API.py [line:712] INFO 935829541817171968
Wed 29 Nov 2017 19:15:27 API.py [line:712] INFO 935829541813129216
Wed 29 Nov 2017 19:15:27 API.py [line:712] INFO 935829542463254528
Wed 29 Nov 2017 19:15:28 API.py [line:712] INFO 935829543671099392
Wed 29 Nov 2017 19:15:28 API.py [line:712] INFO 935829543998447616
Wed 29 Nov 2017 19:15:28 API.py [line:712] INFO 935829544329674752
Wed 29 Nov 2017 19:15:28 API.py [line:712] INFO 935829546053533696
Wed 29 Nov 2017 19:15:29 API.py [line:712] INFO 935829548423245824
Wed 29 Nov 2017 19:15:29 API.py [line:712] INFO 935829549350313989
Wed 29 Nov 2017 19:15:29 API.py [line:712] INFO 935829550012932097
Wed 29 Nov 2017 19:15:29 API.py [line:712] INFO 935829551023902720
Wed 29 Nov 2017 19:15:30 API.py [line:712] INFO 935829551392763904
Wed 29 Nov 2017 19:15:30 API.py [line:712] INFO 935829552953098241
Wed 29 Nov 2017 19:15:30 API.py [line:712] INFO 935829553829658625
Wed 29 Nov 2017 19:15:30 API.py [line:712] INFO 935829553401839618
Wed 29 Nov 2017 19:15:30 API.py [line:712] INFO 935829554228326401
Wed 29 Nov 2017 19:15:30 API.py [line:712] INFO 935829555188678657
Wed 29 Nov 2017 19:15:30 API.py [line:712] INFO 935829555348103168
Wed 29 Nov 2017 19:15:30 API.py [line:712] INFO 935829554748256258
Wed 29 Nov 2017 19:15:31 API.py [line:712] INFO 935829557772410883
Wed 29 Nov 2017 19:15:31 API.py [line:712] INFO 935829557755686912
Wed 29 Nov 2017 19:15:31 API.py [line:712] INFO 935829558795710464
Wed 29 Nov 2017 19:15:31 API.py [line:712] INFO 935829558758133760
Wed 29 Nov 2017 19:15:31 API.py [line:712] INFO 935829559026561024
Wed 29 Nov 2017 19:15:31 API.py [line:712] INFO 935829559278227457
Wed 29 Nov 2017 19:15:32 API.py [line:712] INFO 935829559349534720
Wed 29 Nov 2017 19:15:32 API.py [line:712] INFO 935829560247095296
Wed 29 Nov 2017 19:15:32 API.py [line:712] INFO 935829559739584512
Wed 29 Nov 2017 19:15:32 API.py [line:712] INFO 935829562294001665
Wed 29 Nov 2017 19:15:32 API.py [line:712] INFO 935829562398736384
Wed 29 Nov 2017 19:15:32 API.py [line:712] INFO 935829563321356288
Wed 29 Nov 2017 19:15:33 API.py [line:712] INFO 935829564206538752
Wed 29 Nov 2017 19:15:33 API.py [line:712] INFO 935829565133508610
Wed 29 Nov 2017 19:15:33 API.py [line:712] INFO 935829565171146752
Wed 29 Nov 2017 19:15:33 API.py [line:712] INFO 935829564961513473
Wed 29 Nov 2017 19:15:33 API.py [line:712] INFO 935829565645127680
Wed 29 Nov 2017 19:15:33 API.py [line:712] INFO 935829566106603520
Wed 29 Nov 2017 19:15:33 API.py [line:712] INFO 935829566198833152
Wed 29 Nov 2017 19:15:33 API.py [line:712] INFO 935829566714556421
Wed 29 Nov 2017 19:15:33 API.py [line:712] INFO 935829566798647296
Wed 29 Nov 2017 19:15:34 API.py [line:712] INFO 935829568996261888
Wed 29 Nov 2017 19:15:34 API.py [line:712] INFO 935829570397265920
Wed 29 Nov 2017 19:15:34 API.py [line:712] INFO 935829571294830592
Wed 29 Nov 2017 19:15:35 API.py [line:712] INFO 935829572821704704
Wed 29 Nov 2017 19:15:35 API.py [line:712] INFO 935829574146854913
Wed 29 Nov 2017 19:15:35 API.py [line:712] INFO 935829576155983873
Wed 29 Nov 2017 19:15:36 API.py [line:712] INFO 935829577816879104
Wed 29 Nov 2017 19:15:36 API.py [line:712] INFO 935829579117223936
Wed 29 Nov 2017 19:15:36 API.py [line:712] INFO 935829580094599169
Wed 29 Nov 2017 19:15:36 API.py [line:712] INFO 935829580459462656
Wed 29 Nov 2017 19:15:37 API.py [line:712] INFO 935829581319286784
Wed 29 Nov 2017 19:15:37 API.py [line:712] INFO 935829581797384193
Wed 29 Nov 2017 19:15:37 API.py [line:712] INFO 935829581872840704
Wed 29 Nov 2017 19:15:37 API.py [line:712] INFO 935829582099333120
Wed 29 Nov 2017 19:15:38 API.py [line:712] INFO 935829584867717120
Wed 29 Nov 2017 19:15:38 API.py [line:712] INFO 935829587812118529
Wed 29 Nov 2017 19:15:39 API.py [line:712] INFO 935829589980463104
Wed 29 Nov 2017 19:15:39 API.py [line:712] INFO 935829589946970112
Wed 29 Nov 2017 19:15:39 API.py [line:712] INFO 935829591553216512
Wed 29 Nov 2017 19:15:39 API.py [line:712] INFO 935829591582748672
Wed 29 Nov 2017 19:15:39 API.py [line:712] INFO 935829592547438593
Wed 29 Nov 2017 19:15:40 API.py [line:712] INFO 935829593306554373
Wed 29 Nov 2017 19:15:40 API.py [line:712] INFO 935829595462471681
Wed 29 Nov 2017 19:15:41 API.py [line:712] INFO 935829601024118784
Wed 29 Nov 2017 19:15:42 API.py [line:712] INFO 935829603406491654
Wed 29 Nov 2017 19:15:43 API.py [line:712] INFO 935829606543839232
Wed 29 Nov 2017 19:15:43 API.py [line:712] INFO 935829607143448576
Wed 29 Nov 2017 19:15:44 API.py [line:712] INFO 935829609823768576
Wed 29 Nov 2017 19:15:44 API.py [line:712] INFO 935829610629091328
Wed 29 Nov 2017 19:15:44 API.py [line:712] INFO 935829610259939328
Wed 29 Nov 2017 19:15:44 API.py [line:712] INFO 935829612906663936
Wed 29 Nov 2017 19:15:44 API.py [line:712] INFO 935829613015474178
Wed 29 Nov 2017 19:15:44 API.py [line:712] INFO 935829613258989568
Wed 29 Nov 2017 19:15:45 API.py [line:712] INFO 935829614034915329
Wed 29 Nov 2017 19:15:46 API.py [line:712] INFO 935829618002608128
Wed 29 Nov 2017 19:15:46 API.py [line:712] INFO 935829619416104960
Wed 29 Nov 2017 19:15:46 API.py [line:712] INFO 935829621215461376
Wed 29 Nov 2017 19:15:46 API.py [line:712] INFO 935829621899116546
Wed 29 Nov 2017 19:15:46 API.py [line:712] INFO 935829622272548864
Wed 29 Nov 2017 19:15:47 API.py [line:712] INFO 935829623564394496
Wed 29 Nov 2017 19:15:47 API.py [line:712] INFO 935829624516378624
Wed 29 Nov 2017 19:15:47 API.py [line:712] INFO 935829625107705862
Wed 29 Nov 2017 19:15:47 API.py [line:712] INFO 935829625162420224
Wed 29 Nov 2017 19:15:48 API.py [line:712] INFO 935829628660350977
Wed 29 Nov 2017 19:15:48 API.py [line:712] INFO 935829629411188736
Wed 29 Nov 2017 19:15:49 API.py [line:712] INFO 935829632942821376
Wed 29 Nov 2017 19:15:49 API.py [line:712] INFO 935829635127959559
Wed 29 Nov 2017 19:15:50 API.py [line:712] INFO 935829635438432256
Wed 29 Nov 2017 19:15:50 API.py [line:712] INFO 935829637548204032
Wed 29 Nov 2017 19:15:50 API.py [line:712] INFO 935829639234121728
Wed 29 Nov 2017 19:15:51 API.py [line:712] INFO 935829639796203521
Wed 29 Nov 2017 19:15:51 API.py [line:712] INFO 935829641780015104
Wed 29 Nov 2017 19:15:51 API.py [line:712] INFO 935829642103218176
Wed 29 Nov 2017 19:15:51 API.py [line:712] INFO 935829643445264390
Wed 29 Nov 2017 19:15:52 API.py [line:712] INFO 935829643931930624
Wed 29 Nov 2017 19:15:52 API.py [line:712] INFO 935829647547236352
Wed 29 Nov 2017 19:15:53 API.py [line:712] INFO 935829649229209600
Wed 29 Nov 2017 19:15:53 API.py [line:712] INFO 935829649535332352
Wed 29 Nov 2017 19:15:53 API.py [line:712] INFO 935829649384452096
Wed 29 Nov 2017 19:15:54 API.py [line:712] INFO 935829652718997506
Wed 29 Nov 2017 19:15:54 API.py [line:712] INFO 935829653486387201
Wed 29 Nov 2017 19:15:54 API.py [line:712] INFO 935829655218802688
Wed 29 Nov 2017 19:15:55 API.py [line:712] INFO 935829655642238976
Wed 29 Nov 2017 19:15:55 API.py [line:712] INFO 935829659266162689
Wed 29 Nov 2017 19:15:56 API.py [line:712] INFO 935829661887664129
Wed 29 Nov 2017 19:15:56 API.py [line:712] INFO 935829662155993089
Wed 29 Nov 2017 19:15:56 API.py [line:712] INFO 935829661635969024
Wed 29 Nov 2017 19:15:56 API.py [line:712] INFO 935829662621564928
Wed 29 Nov 2017 19:15:56 API.py [line:712] INFO 935829662793572352
Wed 29 Nov 2017 19:15:57 API.py [line:712] INFO 935829667898064897
Wed 29 Nov 2017 19:15:58 API.py [line:712] INFO 935829669961756672
Wed 29 Nov 2017 19:15:58 API.py [line:712] INFO 935829671211446272
Wed 29 Nov 2017 19:15:58 API.py [line:712] INFO 935829671500849153
Wed 29 Nov 2017 19:15:58 API.py [line:712] INFO 935829671308156928
Wed 29 Nov 2017 19:15:58 API.py [line:712] INFO 935829672625029120
Wed 29 Nov 2017 19:15:58 API.py [line:712] INFO 935829673052741633
Wed 29 Nov 2017 19:15:59 API.py [line:712] INFO 935829673929465857
Wed 29 Nov 2017 19:15:59 API.py [line:712] INFO 935829673812152320
Wed 29 Nov 2017 19:15:59 API.py [line:712] INFO 935829674516729856
Wed 29 Nov 2017 19:15:59 API.py [line:712] INFO 935829673463783424
Wed 29 Nov 2017 19:15:59 API.py [line:712] INFO 935829675716231168
Wed 29 Nov 2017 19:15:59 API.py [line:712] INFO 935829676244783104
Wed 29 Nov 2017 19:16:02 API.py [line:712] INFO 935829685744812034
Wed 29 Nov 2017 19:16:03 API.py [line:712] INFO 935829691012825089
Wed 29 Nov 2017 19:16:03 API.py [line:712] INFO 935829691558010880
Wed 29 Nov 2017 19:16:03 API.py [line:712] INFO 935829692036218880
Wed 29 Nov 2017 19:16:03 API.py [line:712] INFO 935829693084790784
Wed 29 Nov 2017 19:16:03 API.py [line:712] INFO 935829693294620673
Wed 29 Nov 2017 19:16:04 API.py [line:712] INFO 935829695542722560
Wed 29 Nov 2017 19:16:04 API.py [line:712] INFO 935829697472053248
Wed 29 Nov 2017 19:16:05 API.py [line:712] INFO 935829698961010688
Wed 29 Nov 2017 19:16:05 API.py [line:712] INFO 935829699049152512
Wed 29 Nov 2017 19:16:05 API.py [line:712] INFO 935829699586023430
Wed 29 Nov 2017 19:16:06 API.py [line:712] INFO 935829702777831425
Wed 29 Nov 2017 19:16:06 API.py [line:712] INFO 935829705793478656
Wed 29 Nov 2017 19:16:07 API.py [line:712] INFO 935829708175847424
Wed 29 Nov 2017 19:16:08 API.py [line:712] INFO 935829712110223360
Wed 29 Nov 2017 19:16:08 API.py [line:712] INFO 935829713108418560
Wed 29 Nov 2017 19:16:08 API.py [line:712] INFO 935829713834057728
Wed 29 Nov 2017 19:16:08 API.py [line:712] INFO 935829714220077056
Wed 29 Nov 2017 19:16:08 API.py [line:712] INFO 935829714559733765
Wed 29 Nov 2017 19:16:09 API.py [line:712] INFO 935829715826495488
Wed 29 Nov 2017 19:16:09 API.py [line:712] INFO 935829716694548483
Wed 29 Nov 2017 19:16:09 API.py [line:712] INFO 935829717722075137
Wed 29 Nov 2017 19:16:09 API.py [line:712] INFO 935829718984744960
Wed 29 Nov 2017 19:16:10 API.py [line:712] INFO 935829719311900673
Wed 29 Nov 2017 19:16:10 API.py [line:712] INFO 935829719513272320
Wed 29 Nov 2017 19:16:11 API.py [line:712] INFO 935829724672249856
Wed 29 Nov 2017 19:16:11 API.py [line:712] INFO 935829725171171328
Wed 29 Nov 2017 19:16:11 API.py [line:712] INFO 935829725213212672
Wed 29 Nov 2017 19:16:11 API.py [line:712] INFO 935829721056727040
Wed 29 Nov 2017 19:16:12 API.py [line:712] INFO 935829728241397760
Wed 29 Nov 2017 19:16:12 API.py [line:712] INFO 935829728329715714
Wed 29 Nov 2017 19:16:12 API.py [line:712] INFO 935829727994105861
Wed 29 Nov 2017 19:16:12 API.py [line:712] INFO 935829728027607040
Wed 29 Nov 2017 19:16:12 API.py [line:712] INFO 935829730137276416
Wed 29 Nov 2017 19:16:12 API.py [line:712] INFO 935829730602885126
Wed 29 Nov 2017 19:16:12 API.py [line:712] INFO 935829730863079424
Wed 29 Nov 2017 19:16:12 API.py [line:712] INFO 935829731424944128
Wed 29 Nov 2017 19:16:13 API.py [line:712] INFO 935829733115416576
Wed 29 Nov 2017 19:16:13 API.py [line:712] INFO 935829733836595200
Wed 29 Nov 2017 19:16:13 API.py [line:712] INFO 935829733782237184
Wed 29 Nov 2017 19:16:13 API.py [line:712] INFO 935829734021390337
Wed 29 Nov 2017 19:16:13 API.py [line:712] INFO 935829734902124544
Wed 29 Nov 2017 19:16:14 API.py [line:712] INFO 935829736831545344
Wed 29 Nov 2017 19:16:14 API.py [line:712] INFO 935829736789602304
Wed 29 Nov 2017 19:16:14 API.py [line:712] INFO 935829737015881728
Wed 29 Nov 2017 19:16:14 API.py [line:712] INFO 935829739108888576
Wed 29 Nov 2017 19:16:15 API.py [line:712] INFO 935829740375568384
Wed 29 Nov 2017 19:16:15 API.py [line:712] INFO 935829741013266434
Wed 29 Nov 2017 19:16:15 API.py [line:712] INFO 935829742355324928
Wed 29 Nov 2017 19:16:15 API.py [line:712] INFO 935829742237945856
Wed 29 Nov 2017 19:16:15 API.py [line:712] INFO 935829742674239489
Wed 29 Nov 2017 19:16:15 API.py [line:712] INFO 935829743861080064
Wed 29 Nov 2017 19:16:15 API.py [line:712] INFO 935829744469262336
Wed 29 Nov 2017 19:16:16 API.py [line:712] INFO 935829744490295296
Wed 29 Nov 2017 19:16:17 API.py [line:712] INFO 935829748587966464
Wed 29 Nov 2017 19:16:17 API.py [line:712] INFO 935829748814512128
Wed 29 Nov 2017 19:16:17 API.py [line:712] INFO 935829749645000704
Wed 29 Nov 2017 19:16:17 API.py [line:712] INFO 935829751754657792
Wed 29 Nov 2017 19:16:18 API.py [line:712] INFO 935829754191560704
Wed 29 Nov 2017 19:16:18 API.py [line:712] INFO 935829754510544896
Wed 29 Nov 2017 19:16:18 API.py [line:712] INFO 935829755424854016
Wed 29 Nov 2017 19:16:18 API.py [line:712] INFO 935829755093327872
Wed 29 Nov 2017 19:16:18 API.py [line:712] INFO 935829755076657153
Wed 29 Nov 2017 19:16:18 API.py [line:712] INFO 935829755999301632
Wed 29 Nov 2017 19:16:19 API.py [line:712] INFO 935829756603392001
Wed 29 Nov 2017 19:16:20 API.py [line:712] INFO 935829761473024000
Wed 29 Nov 2017 19:16:20 API.py [line:712] INFO 935829763712839680
Wed 29 Nov 2017 19:16:20 API.py [line:712] INFO 935829763633098752
Wed 29 Nov 2017 19:16:21 API.py [line:712] INFO 935829766971813888
Wed 29 Nov 2017 19:16:21 API.py [line:712] INFO 935829767726678017
Wed 29 Nov 2017 19:16:21 API.py [line:712] INFO 935829768590598144
Wed 29 Nov 2017 19:16:22 API.py [line:712] INFO 935829768771178497
Wed 29 Nov 2017 19:16:22 API.py [line:712] INFO 935829771006742528
Wed 29 Nov 2017 19:16:22 API.py [line:712] INFO 935829771606528000
Wed 29 Nov 2017 19:16:22 API.py [line:712] INFO 935829772860473345
Wed 29 Nov 2017 19:16:22 API.py [line:712] INFO 935829772785119232
Wed 29 Nov 2017 19:16:23 API.py [line:712] INFO 935829775247204352
Wed 29 Nov 2017 19:16:24 API.py [line:712] INFO 935829778770169856
Wed 29 Nov 2017 19:16:24 API.py [line:712] INFO 935829781152755713
Wed 29 Nov 2017 19:16:25 API.py [line:712] INFO 935829783392354305
Wed 29 Nov 2017 19:16:25 API.py [line:712] INFO 935829782662545408
Wed 29 Nov 2017 19:16:25 API.py [line:712] INFO 935829784390766593
Wed 29 Nov 2017 19:16:26 API.py [line:712] INFO 935829785552609280
Wed 29 Nov 2017 19:16:26 API.py [line:712] INFO 935829784621281281
Wed 29 Nov 2017 19:16:28 API.py [line:712] INFO 935829795446849536
Wed 29 Nov 2017 19:16:28 API.py [line:712] INFO 935829795887288320
Wed 29 Nov 2017 19:16:28 API.py [line:712] INFO 935829796411641857
Wed 29 Nov 2017 19:16:28 API.py [line:712] INFO 935829797501943808
Wed 29 Nov 2017 19:16:28 API.py [line:712] INFO 935829798336602113
Wed 29 Nov 2017 19:16:29 API.py [line:712] INFO 935829799163121664
Wed 29 Nov 2017 19:16:29 API.py [line:712] INFO 935829799867580416
Wed 29 Nov 2017 19:16:29 API.py [line:712] INFO 935829800186531840
Wed 29 Nov 2017 19:16:29 API.py [line:712] INFO 935829801591562240
Wed 29 Nov 2017 19:16:30 API.py [line:712] INFO 935829803785056256
Wed 29 Nov 2017 19:16:30 API.py [line:712] INFO 935829804619886593
Wed 29 Nov 2017 19:16:30 API.py [line:712] INFO 935829806633050112
Wed 29 Nov 2017 19:16:31 API.py [line:712] INFO 935829806427594753
Wed 29 Nov 2017 19:16:31 API.py [line:712] INFO 935829807627042816
Wed 29 Nov 2017 19:16:32 API.py [line:712] INFO 935829812630896641
Wed 29 Nov 2017 19:16:32 API.py [line:712] INFO 935829812865777664
Wed 29 Nov 2017 19:16:32 API.py [line:712] INFO 935829813461487617
