Wed 29 Nov 2017 19:08:41 API.py [line:660] INFO start
Wed 29 Nov 2017 19:08:41 API.py [line:692] INFO thread 0 start.
Wed 29 Nov 2017 19:08:41 API.py [line:695] INFO thread 0's token_index 515
Wed 29 Nov 2017 19:08:41 API.py [line:696] INFO {u'access_token': u'713232458104242176-zrbeSiHKO0XESD8RaqXHRuqKPf8Ji7e', u'consumer_secret': u'LivsS9DTKh4Xmfo2vOG2tpKmrj8lxsYqiDgZLamPBJahFqnjUo', u'consumer_key': u'fO4lXV6LLz5e1Ew6uRDtvXpIQ', u'access_token_secret': u'jTaTTjf7ceHRwaYgikvdqh85c74N48rGpmGxjw37VhSvt'}
Wed 29 Nov 2017 19:08:41 API.py [line:697] INFO [u'china']
Wed 29 Nov 2017 19:08:41 API.py [line:698] INFO ['222.197.180.171:8118']
Wed 29 Nov 2017 19:08:44 API.py [line:712] INFO 935827851214954497
Wed 29 Nov 2017 19:08:45 API.py [line:712] INFO 935827854306217984
Wed 29 Nov 2017 19:08:45 API.py [line:712] INFO 935827855749115904
Wed 29 Nov 2017 19:08:45 API.py [line:712] INFO 935827855962906624
Wed 29 Nov 2017 19:08:46 API.py [line:712] INFO 935827859008098304
Wed 29 Nov 2017 19:08:46 API.py [line:712] INFO 935827859074985986
Wed 29 Nov 2017 19:08:46 API.py [line:712] INFO 935827860564074502
Wed 29 Nov 2017 19:08:47 API.py [line:712] INFO 935827862942306304
Wed 29 Nov 2017 19:08:47 API.py [line:712] INFO 935827864905170944
Wed 29 Nov 2017 19:08:47 API.py [line:712] INFO 935827865081225217
Wed 29 Nov 2017 19:08:48 API.py [line:712] INFO 935827865542713344
Wed 29 Nov 2017 19:08:48 API.py [line:712] INFO 935827865098178560
Wed 29 Nov 2017 19:08:48 API.py [line:712] INFO 935827867296026624
Wed 29 Nov 2017 19:08:49 API.py [line:712] INFO 935827872685596672
Wed 29 Nov 2017 19:08:49 API.py [line:712] INFO 935827873348378624
Wed 29 Nov 2017 19:08:49 API.py [line:712] INFO 935827873746755586
Wed 29 Nov 2017 19:08:50 API.py [line:712] INFO 935827873885286401
Wed 29 Nov 2017 19:08:50 API.py [line:712] INFO 935827874598326272
Wed 29 Nov 2017 19:08:50 API.py [line:712] INFO 935827871557439488
Wed 29 Nov 2017 19:08:50 API.py [line:712] INFO 935827877257342976
Wed 29 Nov 2017 19:08:51 API.py [line:712] INFO 935827878520020992
Wed 29 Nov 2017 19:08:51 API.py [line:712] INFO 935827878528372736
Wed 29 Nov 2017 19:08:51 API.py [line:712] INFO 935827879379681280
Wed 29 Nov 2017 19:08:51 API.py [line:712] INFO 935827880193376257
Wed 29 Nov 2017 19:08:51 API.py [line:712] INFO 935827881359323136
Wed 29 Nov 2017 19:08:52 API.py [line:712] INFO 935827882999345153
Wed 29 Nov 2017 19:08:52 API.py [line:712] INFO 935827885448933378
Wed 29 Nov 2017 19:08:53 API.py [line:712] INFO 935827886283554816
Wed 29 Nov 2017 19:08:53 API.py [line:712] INFO 935827886908456960
Wed 29 Nov 2017 19:08:53 API.py [line:712] INFO 935827887437107200
Wed 29 Nov 2017 19:08:53 API.py [line:712] INFO 935827889081036800
Wed 29 Nov 2017 19:08:53 API.py [line:712] INFO 935827889219440641
Wed 29 Nov 2017 19:08:54 API.py [line:712] INFO 935827892596105216
Wed 29 Nov 2017 19:08:54 API.py [line:712] INFO 935827892881252352
Wed 29 Nov 2017 19:08:55 API.py [line:712] INFO 935827895972282368
Wed 29 Nov 2017 19:08:55 API.py [line:712] INFO 935827895905341443
Wed 29 Nov 2017 19:08:56 API.py [line:712] INFO 935827902704140294
Wed 29 Nov 2017 19:08:57 API.py [line:712] INFO 935827904373473280
