Wed 29 Nov 2017 16:12:39 API.py [line:660] INFO start
Wed 29 Nov 2017 16:12:39 API.py [line:692] INFO thread 0 start.
Wed 29 Nov 2017 16:12:39 API.py [line:695] INFO thread 0's token_index 34
Wed 29 Nov 2017 16:12:40 API.py [line:696] INFO {u'access_token': u'708271994215604224-mwqyLkochN0gX3W22s45CX4ERwXKSp0', u'consumer_secret': u'LivsS9DTKh4Xmfo2vOG2tpKmrj8lxsYqiDgZLamPBJahFqnjUo', u'consumer_key': u'fO4lXV6LLz5e1Ew6uRDtvXpIQ', u'access_token_secret': u'2YIzf1mfVHnyXuIyzsczvcpCL4fSUllTBLvZucNayPCWO'}
Wed 29 Nov 2017 16:12:40 API.py [line:697] INFO [u'china']
Wed 29 Nov 2017 16:12:40 API.py [line:698] INFO ['192.168.1.148:8118']
Wed 29 Nov 2017 16:12:42 API.py [line:712] INFO 935783552414879744
Wed 29 Nov 2017 16:12:43 API.py [line:712] INFO 935783553102688256
Wed 29 Nov 2017 16:12:43 API.py [line:712] INFO 935783553492713472
Wed 29 Nov 2017 16:12:43 API.py [line:712] INFO 935783553958318080
Wed 29 Nov 2017 16:12:43 API.py [line:712] INFO 935783556319768576
Wed 29 Nov 2017 16:12:44 API.py [line:712] INFO 935783557359738880
Wed 29 Nov 2017 16:12:45 API.py [line:712] INFO 935783562057465857
Wed 29 Nov 2017 16:12:45 API.py [line:712] INFO 935783564003696641
Wed 29 Nov 2017 16:12:46 API.py [line:712] INFO 935783564452548609
Wed 29 Nov 2017 16:12:46 API.py [line:712] INFO 935783567661047809
Wed 29 Nov 2017 16:12:46 API.py [line:712] INFO 935783568894074880
Wed 29 Nov 2017 16:12:47 API.py [line:712] INFO 935783572161560577
Wed 29 Nov 2017 16:12:47 API.py [line:712] INFO 935783572480303104
Wed 29 Nov 2017 16:12:47 API.py [line:712] INFO 935783572245540864
Wed 29 Nov 2017 16:12:48 API.py [line:712] INFO 935783575726649345
Wed 29 Nov 2017 16:12:48 API.py [line:712] INFO 935783577312100352
Wed 29 Nov 2017 16:12:48 API.py [line:712] INFO 935783576792129538
Wed 29 Nov 2017 16:12:48 API.py [line:712] INFO 935783577681309696
Wed 29 Nov 2017 16:12:49 API.py [line:712] INFO 935783579153518592
Wed 29 Nov 2017 16:12:49 API.py [line:712] INFO 935783579618910209
Wed 29 Nov 2017 16:12:49 API.py [line:712] INFO 935783580545859584
Wed 29 Nov 2017 16:12:49 API.py [line:712] INFO 935783580935974912
Wed 29 Nov 2017 16:12:49 API.py [line:712] INFO 935783580923564032
Wed 29 Nov 2017 16:12:50 API.py [line:712] INFO 935783582945001477
Wed 29 Nov 2017 16:12:50 API.py [line:712] INFO 935783583448477696
Wed 29 Nov 2017 16:12:50 API.py [line:712] INFO 935783584320798721
Wed 29 Nov 2017 16:12:50 API.py [line:712] INFO 935783586065612800
Wed 29 Nov 2017 16:12:51 API.py [line:712] INFO 935783586644365313
Wed 29 Nov 2017 16:12:51 API.py [line:712] INFO 935783586623406080
Wed 29 Nov 2017 16:12:52 API.py [line:712] INFO 935783592554217472
Wed 29 Nov 2017 16:12:52 API.py [line:712] INFO 935783593200234497
Wed 29 Nov 2017 16:12:54 API.py [line:712] INFO 935783599072251904
Wed 29 Nov 2017 16:12:54 API.py [line:712] INFO 935783598996811776
Wed 29 Nov 2017 16:12:55 API.py [line:712] INFO 935783603262361600
Wed 29 Nov 2017 16:12:55 API.py [line:712] INFO 935783603677495296
Wed 29 Nov 2017 16:12:55 API.py [line:712] INFO 935783604478767104
Wed 29 Nov 2017 16:12:55 API.py [line:712] INFO 935783605988503553
Wed 29 Nov 2017 16:12:55 API.py [line:712] INFO 935783604948434944
Wed 29 Nov 2017 16:12:56 API.py [line:712] INFO 935783607343501312
Wed 29 Nov 2017 16:12:56 API.py [line:712] INFO 935783609792737281
Wed 29 Nov 2017 16:12:57 API.py [line:712] INFO 935783612267597824
Wed 29 Nov 2017 16:12:57 API.py [line:712] INFO 935783612846239745
Wed 29 Nov 2017 16:12:57 API.py [line:712] INFO 935783613127413760
Wed 29 Nov 2017 16:12:57 API.py [line:712] INFO 935783614943342592
Wed 29 Nov 2017 16:12:58 API.py [line:712] INFO 935783616189272065
Wed 29 Nov 2017 16:12:58 API.py [line:712] INFO 935783617006944261
Wed 29 Nov 2017 16:12:58 API.py [line:712] INFO 935783617367650305
Wed 29 Nov 2017 16:12:59 API.py [line:712] INFO 935783620035280896
Wed 29 Nov 2017 16:13:00 API.py [line:712] INFO 935783625374748672
Wed 29 Nov 2017 16:13:00 API.py [line:712] INFO 935783626213490688
Wed 29 Nov 2017 16:13:01 API.py [line:712] INFO 935783629531250689
Wed 29 Nov 2017 16:13:02 API.py [line:712] INFO 935783634501382144
Wed 29 Nov 2017 16:13:03 API.py [line:712] INFO 935783638309982208
Wed 29 Nov 2017 16:13:03 API.py [line:712] INFO 935783639241187328
Wed 29 Nov 2017 16:13:03 API.py [line:712] INFO 935783639656185856
Wed 29 Nov 2017 16:13:05 API.py [line:712] INFO 935783644194422784
Wed 29 Nov 2017 16:13:05 API.py [line:712] INFO 935783647394672641
Wed 29 Nov 2017 16:13:05 API.py [line:712] INFO 935783647596118016
Wed 29 Nov 2017 16:13:06 API.py [line:712] INFO 935783650062422016
Wed 29 Nov 2017 16:13:06 API.py [line:712] INFO 935783650343432192
Wed 29 Nov 2017 16:13:06 API.py [line:712] INFO 935783652167786496
Wed 29 Nov 2017 16:13:07 API.py [line:712] INFO 935783653921222656
Wed 29 Nov 2017 16:13:07 API.py [line:712] INFO 935783654453678081
Wed 29 Nov 2017 16:13:07 API.py [line:712] INFO 935783655343116289
Wed 29 Nov 2017 16:13:08 API.py [line:712] INFO 935783659713437696
Wed 29 Nov 2017 16:13:08 API.py [line:712] INFO 935783660103417856
Wed 29 Nov 2017 16:13:08 API.py [line:712] INFO 935783661193924609
Wed 29 Nov 2017 16:13:08 API.py [line:712] INFO 935783661529595904
Wed 29 Nov 2017 16:13:09 API.py [line:712] INFO 935783656525828096
Wed 29 Nov 2017 16:13:10 API.py [line:712] INFO 935783666495696897
Wed 29 Nov 2017 16:13:10 API.py [line:712] INFO 935783669691813889
Wed 29 Nov 2017 16:13:11 API.py [line:712] INFO 935783672036364288
Wed 29 Nov 2017 16:13:11 API.py [line:712] INFO 935783672380133377
Wed 29 Nov 2017 16:13:11 API.py [line:712] INFO 935783673269575680
Wed 29 Nov 2017 16:13:11 API.py [line:712] INFO 935783673831591936
Wed 29 Nov 2017 16:13:12 API.py [line:712] INFO 935783676469637120
Wed 29 Nov 2017 16:13:12 API.py [line:712] INFO 935783676524285952
Wed 29 Nov 2017 16:13:12 API.py [line:712] INFO 935783677757349888
Wed 29 Nov 2017 16:13:12 API.py [line:712] INFO 935783678642401280
Wed 29 Nov 2017 16:13:13 API.py [line:712] INFO 935783681213583362
Wed 29 Nov 2017 16:13:13 API.py [line:712] INFO 935783681360195591
Wed 29 Nov 2017 16:13:14 API.py [line:712] INFO 935783684132753408
Wed 29 Nov 2017 16:13:14 API.py [line:712] INFO 935783684732571648
Wed 29 Nov 2017 16:13:15 API.py [line:712] INFO 935783687878250497
Wed 29 Nov 2017 16:13:15 API.py [line:712] INFO 935783688268337152
Wed 29 Nov 2017 16:13:15 API.py [line:712] INFO 935783689006600192
Wed 29 Nov 2017 16:13:15 API.py [line:712] INFO 935783689803485184
Wed 29 Nov 2017 16:13:15 API.py [line:712] INFO 935783690248097793
Wed 29 Nov 2017 16:13:15 API.py [line:712] INFO 935783690214559744
Wed 29 Nov 2017 16:13:16 API.py [line:712] INFO 935783691695022080
Wed 29 Nov 2017 16:13:16 API.py [line:712] INFO 935783692873715712
Wed 29 Nov 2017 16:13:16 API.py [line:712] INFO 935783693657849856
Wed 29 Nov 2017 16:13:16 API.py [line:712] INFO 935783694836682752
Wed 29 Nov 2017 16:13:16 API.py [line:712] INFO 935783694933090304
Wed 29 Nov 2017 16:13:17 API.py [line:712] INFO 935783698653503488
Wed 29 Nov 2017 16:13:17 API.py [line:712] INFO 935783699014209536
Wed 29 Nov 2017 16:13:17 API.py [line:712] INFO 935783699295195136
Wed 29 Nov 2017 16:13:18 API.py [line:712] INFO 935783699844554753
Wed 29 Nov 2017 16:13:18 API.py [line:712] INFO 935783700087762945
Wed 29 Nov 2017 16:13:19 API.py [line:712] INFO 935783705213272064
Wed 29 Nov 2017 16:13:19 API.py [line:712] INFO 935783706622603264
Wed 29 Nov 2017 16:13:20 API.py [line:712] INFO 935783708623335424
Wed 29 Nov 2017 16:13:20 API.py [line:712] INFO 935783711144140800
Wed 29 Nov 2017 16:13:21 API.py [line:712] INFO 935783712784113665
Wed 29 Nov 2017 16:13:21 API.py [line:712] INFO 935783714700779530
Wed 29 Nov 2017 16:13:21 API.py [line:712] INFO 935783714520555520
Wed 29 Nov 2017 16:13:22 API.py [line:712] INFO 935783716982439937
Wed 29 Nov 2017 16:13:22 API.py [line:712] INFO 935783718811090945
Wed 29 Nov 2017 16:13:22 API.py [line:712] INFO 935783719096541185
Wed 29 Nov 2017 16:13:22 API.py [line:712] INFO 935783720136650752
Wed 29 Nov 2017 16:13:23 API.py [line:712] INFO 935783720912637952
Wed 29 Nov 2017 16:13:23 API.py [line:712] INFO 935783721004945410
Wed 29 Nov 2017 16:13:23 API.py [line:712] INFO 935783721441017858
Wed 29 Nov 2017 16:13:23 API.py [line:712] INFO 935783723189993472
Wed 29 Nov 2017 16:13:24 API.py [line:712] INFO 935783725706633216
Wed 29 Nov 2017 16:13:24 API.py [line:712] INFO 935783726314872833
Wed 29 Nov 2017 16:13:25 API.py [line:712] INFO 935783730630737921
Wed 29 Nov 2017 16:13:25 API.py [line:712] INFO 935783730974670848
Wed 29 Nov 2017 16:13:25 API.py [line:712] INFO 935783731901714432
Wed 29 Nov 2017 16:13:26 API.py [line:712] INFO 935783734552428544
Wed 29 Nov 2017 16:13:27 API.py [line:712] INFO 935783738558091264
Wed 29 Nov 2017 16:13:27 API.py [line:712] INFO 935783740168638464
Wed 29 Nov 2017 16:13:27 API.py [line:712] INFO 935783740600700928
Wed 29 Nov 2017 16:13:27 API.py [line:712] INFO 935783741213102081
Wed 29 Nov 2017 16:13:28 API.py [line:712] INFO 935783741682728965
Wed 29 Nov 2017 16:13:28 API.py [line:712] INFO 935783742030929920
Wed 29 Nov 2017 16:13:28 API.py [line:712] INFO 935783742169260034
Wed 29 Nov 2017 16:13:29 API.py [line:712] INFO 935783746657120257
Wed 29 Nov 2017 16:13:30 API.py [line:712] INFO 935783753783398400
Wed 29 Nov 2017 16:13:31 API.py [line:712] INFO 935783754416635904
Wed 29 Nov 2017 16:13:31 API.py [line:712] INFO 935783754072838144
Wed 29 Nov 2017 16:13:31 API.py [line:712] INFO 935783754554998784
Wed 29 Nov 2017 16:13:31 API.py [line:712] INFO 935783755569963008
Wed 29 Nov 2017 16:13:31 API.py [line:712] INFO 935783758342565889
Wed 29 Nov 2017 16:13:32 API.py [line:712] INFO 935783759982424065
Wed 29 Nov 2017 16:13:33 API.py [line:712] INFO 935783762947923968
Wed 29 Nov 2017 16:13:33 API.py [line:712] INFO 935783765741256705
Wed 29 Nov 2017 16:13:34 API.py [line:712] INFO 935783767314182144
Wed 29 Nov 2017 16:13:34 API.py [line:712] INFO 935783768530579458
Wed 29 Nov 2017 16:13:34 API.py [line:712] INFO 935783769436491776
Wed 29 Nov 2017 16:13:34 API.py [line:712] INFO 935783770698891265
Wed 29 Nov 2017 16:13:35 API.py [line:712] INFO 935783772221456384
Wed 29 Nov 2017 16:13:35 API.py [line:712] INFO 935783769834999808
Wed 29 Nov 2017 16:13:35 API.py [line:712] INFO 935783773089816576
Wed 29 Nov 2017 16:13:35 API.py [line:712] INFO 935783774163537920
Wed 29 Nov 2017 16:13:36 API.py [line:712] INFO 935783775749001216
Wed 29 Nov 2017 16:13:36 API.py [line:712] INFO 935783777086738432
Wed 29 Nov 2017 16:13:36 API.py [line:712] INFO 935783777934233601
Wed 29 Nov 2017 16:13:37 API.py [line:712] INFO 935783781448978432
Wed 29 Nov 2017 16:13:38 API.py [line:712] INFO 935783783713841152
Wed 29 Nov 2017 16:13:38 API.py [line:712] INFO 935783783202160640
Wed 29 Nov 2017 16:13:39 API.py [line:712] INFO 935783787794796546
Wed 29 Nov 2017 16:13:39 API.py [line:712] INFO 935783787929227265
Wed 29 Nov 2017 16:13:39 API.py [line:712] INFO 935783789892059136
Wed 29 Nov 2017 16:13:39 API.py [line:712] INFO 935783789917175808
Wed 29 Nov 2017 16:13:39 API.py [line:712] INFO 935783789778706433
Wed 29 Nov 2017 16:13:39 API.py [line:712] INFO 935783790340968448
Wed 29 Nov 2017 16:13:40 API.py [line:712] INFO 935783794090659840
Wed 29 Nov 2017 16:13:40 API.py [line:712] INFO 935783795676114945
Wed 29 Nov 2017 16:13:41 API.py [line:712] INFO 935783797324365824
Wed 29 Nov 2017 16:13:41 API.py [line:712] INFO 935783798138134529
Wed 29 Nov 2017 16:13:41 API.py [line:712] INFO 935783799559999488
Wed 29 Nov 2017 16:13:42 API.py [line:712] INFO 935783800419901440
Wed 29 Nov 2017 16:13:43 API.py [line:712] INFO 935783805641789440
Wed 29 Nov 2017 16:13:44 API.py [line:712] INFO 935783809395646464
Wed 29 Nov 2017 16:13:45 API.py [line:712] INFO 935783812591685632
Wed 29 Nov 2017 16:13:45 API.py [line:712] INFO 935783815766618112
Wed 29 Nov 2017 16:13:46 API.py [line:712] INFO 935783819713630208
Wed 29 Nov 2017 16:13:47 API.py [line:712] INFO 935783824838991873
Wed 29 Nov 2017 16:13:48 API.py [line:712] INFO 935783825799634944
Wed 29 Nov 2017 16:13:48 API.py [line:712] INFO 935783828601241601
Wed 29 Nov 2017 16:13:50 API.py [line:712] INFO 935783834867720192
Wed 29 Nov 2017 16:13:51 API.py [line:712] INFO 935783837879144450
Wed 29 Nov 2017 16:13:51 API.py [line:712] INFO 935783841016324096
Wed 29 Nov 2017 16:13:51 API.py [line:712] INFO 935783841058373632
Wed 29 Nov 2017 16:13:52 API.py [line:712] INFO 935783844254535681
Wed 29 Nov 2017 16:13:53 API.py [line:712] INFO 935783848457261056
Wed 29 Nov 2017 16:13:53 API.py [line:712] INFO 935783848666976256
Wed 29 Nov 2017 16:13:53 API.py [line:712] INFO 935783848876658688
Wed 29 Nov 2017 16:13:53 API.py [line:712] INFO 935783849463656450
Wed 29 Nov 2017 16:13:53 API.py [line:712] INFO 935783849799294977
Wed 29 Nov 2017 16:13:54 API.py [line:712] INFO 935783852156518400
Wed 29 Nov 2017 16:13:54 API.py [line:712] INFO 935783852429139969
Wed 29 Nov 2017 16:13:54 API.py [line:712] INFO 935783854442344448
Wed 29 Nov 2017 16:13:55 API.py [line:712] INFO 935783855654670336
Wed 29 Nov 2017 16:13:55 API.py [line:712] INFO 935783857546256384
Wed 29 Nov 2017 16:13:56 API.py [line:712] INFO 935783860843044864
Wed 29 Nov 2017 16:13:56 API.py [line:712] INFO 935783861601964033
Wed 29 Nov 2017 16:13:57 API.py [line:712] INFO 935783866463383552
Wed 29 Nov 2017 16:13:58 API.py [line:712] INFO 935783867927138306
Wed 29 Nov 2017 16:13:58 API.py [line:712] INFO 935783869768400896
Wed 29 Nov 2017 16:13:58 API.py [line:712] INFO 935783869831360514
Wed 29 Nov 2017 16:13:59 API.py [line:712] INFO 935783874340069376
Wed 29 Nov 2017 16:14:00 API.py [line:712] INFO 935783879163527169
Wed 29 Nov 2017 16:14:00 API.py [line:712] INFO 935783879545380864
Wed 29 Nov 2017 16:14:02 API.py [line:712] INFO 935783884431687681
Wed 29 Nov 2017 16:14:02 API.py [line:712] INFO 935783885476106240
Wed 29 Nov 2017 16:14:02 API.py [line:712] INFO 935783887279620096
Wed 29 Nov 2017 16:14:02 API.py [line:712] INFO 935783888114163713
Wed 29 Nov 2017 16:14:02 API.py [line:712] INFO 935783887548112896
Wed 29 Nov 2017 16:14:02 API.py [line:712] INFO 935783888177184768
Wed 29 Nov 2017 16:14:03 API.py [line:712] INFO 935783888491765760
Wed 29 Nov 2017 16:14:03 API.py [line:712] INFO 935783888705556480
Wed 29 Nov 2017 16:14:03 API.py [line:712] INFO 935783889053810688
Wed 29 Nov 2017 16:14:03 API.py [line:712] INFO 935783891490578432
Wed 29 Nov 2017 16:14:04 API.py [line:712] INFO 935783892887277569
Wed 29 Nov 2017 16:14:05 API.py [line:712] INFO 935783898566443013
Wed 29 Nov 2017 16:14:06 API.py [line:712] INFO 935783901821390848
Wed 29 Nov 2017 16:14:06 API.py [line:712] INFO 935783902630649856
Wed 29 Nov 2017 16:14:06 API.py [line:712] INFO 935783904434208768
Wed 29 Nov 2017 16:14:07 API.py [line:712] INFO 935783907945013248
Wed 29 Nov 2017 16:14:08 API.py [line:712] INFO 935783909878587392
Wed 29 Nov 2017 16:14:08 API.py [line:712] INFO 935783912336429056
Wed 29 Nov 2017 16:14:08 API.py [line:712] INFO 935783913032527872
Wed 29 Nov 2017 16:14:09 API.py [line:712] INFO 935783913531871232
Wed 29 Nov 2017 16:14:10 API.py [line:712] INFO 935783917659082757
Wed 29 Nov 2017 16:14:10 API.py [line:712] INFO 935783916023222272
Wed 29 Nov 2017 16:14:10 API.py [line:712] INFO 935783911606640640
Wed 29 Nov 2017 16:14:10 API.py [line:712] INFO 935783920683110401
Wed 29 Nov 2017 16:14:10 API.py [line:712] INFO 935783921115156481
Wed 29 Nov 2017 16:14:10 API.py [line:712] INFO 935783921295425536
Wed 29 Nov 2017 16:14:10 API.py [line:712] INFO 935783921756901377
Wed 29 Nov 2017 16:14:11 API.py [line:712] INFO 935783921924554753
Wed 29 Nov 2017 16:14:11 API.py [line:712] INFO 935783923027775488
Wed 29 Nov 2017 16:14:11 API.py [line:712] INFO 935783923560341504
Wed 29 Nov 2017 16:14:11 API.py [line:712] INFO 935783923254218752
Wed 29 Nov 2017 16:14:11 API.py [line:712] INFO 935783925045108736
Wed 29 Nov 2017 16:14:12 API.py [line:712] INFO 935783927154905088
Wed 29 Nov 2017 16:14:12 API.py [line:712] INFO 935783928224501760
Wed 29 Nov 2017 16:14:12 API.py [line:712] INFO 935783928773955585
Wed 29 Nov 2017 16:14:13 API.py [line:712] INFO 935783930841718784
Wed 29 Nov 2017 16:14:13 API.py [line:712] INFO 935783931525332993
Wed 29 Nov 2017 16:14:13 API.py [line:712] INFO 935783931764510720
Wed 29 Nov 2017 16:14:13 API.py [line:712] INFO 935783932917936128
Wed 29 Nov 2017 16:14:13 API.py [line:712] INFO 935783933425475584
Wed 29 Nov 2017 16:14:14 API.py [line:712] INFO 935783937292382208
Wed 29 Nov 2017 16:14:14 API.py [line:712] INFO 935783937317785600
Wed 29 Nov 2017 16:14:14 API.py [line:712] INFO 935783937489686528
Wed 29 Nov 2017 16:14:15 API.py [line:712] INFO 935783938995474432
Wed 29 Nov 2017 16:14:15 API.py [line:712] INFO 935783940400480257
Wed 29 Nov 2017 16:14:15 API.py [line:712] INFO 935783941361012737
Wed 29 Nov 2017 16:14:16 API.py [line:712] INFO 935783944607453184
Wed 29 Nov 2017 16:14:16 API.py [line:712] INFO 935783946658426881
Wed 29 Nov 2017 16:14:17 API.py [line:712] INFO 935783949963493376
Wed 29 Nov 2017 16:14:18 API.py [line:712] INFO 935783951565598720
Wed 29 Nov 2017 16:14:18 API.py [line:712] INFO 935783954136702976
Wed 29 Nov 2017 16:14:18 API.py [line:712] INFO 935783954069803008
Wed 29 Nov 2017 16:14:18 API.py [line:712] INFO 935783955151900673
Wed 29 Nov 2017 16:14:18 API.py [line:712] INFO 935783955306921984
Wed 29 Nov 2017 16:14:19 API.py [line:712] INFO 935783957718691840
Wed 29 Nov 2017 16:14:19 API.py [line:712] INFO 935783959174230017
Wed 29 Nov 2017 16:14:20 API.py [line:712] INFO 935783962298941441
Wed 29 Nov 2017 16:14:20 API.py [line:712] INFO 935783962852589568
Wed 29 Nov 2017 16:14:21 API.py [line:712] INFO 935783965453160448
Wed 29 Nov 2017 16:14:21 API.py [line:712] INFO 935783965541183488
Wed 29 Nov 2017 16:14:21 API.py [line:712] INFO 935783966220607488
Wed 29 Nov 2017 16:14:21 API.py [line:712] INFO 935783967403466753
Wed 29 Nov 2017 16:14:22 API.py [line:712] INFO 935783968829464576
Wed 29 Nov 2017 16:14:22 API.py [line:712] INFO 935783971199135744
Wed 29 Nov 2017 16:14:22 API.py [line:712] INFO 935783971866271744
Wed 29 Nov 2017 16:14:23 API.py [line:712] INFO 935783974017818624
Wed 29 Nov 2017 16:14:25 API.py [line:712] INFO 935783981718622208
Wed 29 Nov 2017 16:14:25 API.py [line:712] INFO 935783982452658178
Wed 29 Nov 2017 16:14:25 API.py [line:712] INFO 935783984616869890
Wed 29 Nov 2017 16:14:26 API.py [line:712] INFO 935783986491740160
Wed 29 Nov 2017 16:14:26 API.py [line:712] INFO 935783988366540800
Wed 29 Nov 2017 16:14:26 API.py [line:712] INFO 935783988680986624
Wed 29 Nov 2017 16:14:27 API.py [line:712] INFO 935783991344377857
Wed 29 Nov 2017 16:14:27 API.py [line:712] INFO 935783991327772673
Wed 29 Nov 2017 16:14:27 API.py [line:712] INFO 935783992875393026
Wed 29 Nov 2017 16:14:28 API.py [line:712] INFO 935783993986961408
Wed 29 Nov 2017 16:14:28 API.py [line:712] INFO 935783996121853957
Wed 29 Nov 2017 16:14:29 API.py [line:712] INFO 935783998659416064
Wed 29 Nov 2017 16:14:29 API.py [line:712] INFO 935784000416862208
Wed 29 Nov 2017 16:14:30 API.py [line:712] INFO 935784004250472448
Wed 29 Nov 2017 16:14:31 API.py [line:712] INFO 935784006561476608
Wed 29 Nov 2017 16:14:31 API.py [line:712] INFO 935784007375118336
Wed 29 Nov 2017 16:14:31 API.py [line:712] INFO 935784007329026048
Wed 29 Nov 2017 16:14:33 API.py [line:712] INFO 935784014853656576
Wed 29 Nov 2017 16:14:33 API.py [line:712] INFO 935784017332449280
Wed 29 Nov 2017 16:14:33 API.py [line:712] INFO 935784018284462080
Wed 29 Nov 2017 16:14:34 API.py [line:712] INFO 935784019714703362
Wed 29 Nov 2017 16:14:35 API.py [line:712] INFO 935784021136760832
Wed 29 Nov 2017 16:14:35 API.py [line:712] INFO 935784024588607489
Wed 29 Nov 2017 16:14:35 API.py [line:712] INFO 935784025771429893
Wed 29 Nov 2017 16:14:35 API.py [line:712] INFO 935784026710851584
Wed 29 Nov 2017 16:14:36 API.py [line:712] INFO 935784027650326528
Wed 29 Nov 2017 16:14:37 API.py [line:712] INFO 935784032230666240
Wed 29 Nov 2017 16:14:37 API.py [line:712] INFO 935784033249660928
Wed 29 Nov 2017 16:14:38 API.py [line:712] INFO 935784036596899840
Wed 29 Nov 2017 16:14:39 API.py [line:712] INFO 935784040711446528
Wed 29 Nov 2017 16:14:39 API.py [line:712] INFO 935784040589692929
Wed 29 Nov 2017 16:14:39 API.py [line:712] INFO 935784041017683968
Wed 29 Nov 2017 16:14:39 API.py [line:712] INFO 935784043529912322
Wed 29 Nov 2017 16:14:40 API.py [line:712] INFO 935784045488812032
Wed 29 Nov 2017 16:14:40 API.py [line:712] INFO 935784045828386817
Wed 29 Nov 2017 16:14:40 API.py [line:712] INFO 935784046688268288
Wed 29 Nov 2017 16:14:41 API.py [line:712] INFO 935784047678144513
Wed 29 Nov 2017 16:14:41 API.py [line:712] INFO 935784049066565632
Wed 29 Nov 2017 16:14:42 API.py [line:712] INFO 935784051797094400
Wed 29 Nov 2017 16:14:42 API.py [line:712] INFO 935784054892331009
Wed 29 Nov 2017 16:14:42 API.py [line:712] INFO 935784055173468162
Wed 29 Nov 2017 16:14:43 API.py [line:712] INFO 935784056637345793
Wed 29 Nov 2017 16:14:43 API.py [line:712] INFO 935784057908084736
Wed 29 Nov 2017 16:14:44 API.py [line:712] INFO 935784061800468480
Wed 29 Nov 2017 16:14:45 API.py [line:712] INFO 935784063071346688
Wed 29 Nov 2017 16:14:45 API.py [line:712] INFO 935784065093066752
Wed 29 Nov 2017 16:14:45 API.py [line:712] INFO 935784068335226880
Wed 29 Nov 2017 16:14:46 API.py [line:712] INFO 935784070247780352
Wed 29 Nov 2017 16:14:46 API.py [line:712] INFO 935784070298177536
Wed 29 Nov 2017 16:14:46 API.py [line:712] INFO 935784067303378944
Wed 29 Nov 2017 16:14:47 API.py [line:712] INFO 935784076753166336
Wed 29 Nov 2017 16:14:48 API.py [line:712] INFO 935784077315018753
Wed 29 Nov 2017 16:14:48 API.py [line:712] INFO 935784079588339712
Wed 29 Nov 2017 16:14:48 API.py [line:712] INFO 935784080364285952
Wed 29 Nov 2017 16:14:48 API.py [line:712] INFO 935784080683229184
Wed 29 Nov 2017 16:14:49 API.py [line:712] INFO 935784084046880768
Wed 29 Nov 2017 16:14:49 API.py [line:712] INFO 935784084768309248
Wed 29 Nov 2017 16:14:50 API.py [line:712] INFO 935784087213633536
Wed 29 Nov 2017 16:14:51 API.py [line:712] INFO 935784092355796992
Wed 29 Nov 2017 16:14:51 API.py [line:712] INFO 935784093584887809
Wed 29 Nov 2017 16:14:52 API.py [line:712] INFO 935784094306246658
Wed 29 Nov 2017 16:14:52 API.py [line:712] INFO 935784095254134784
Wed 29 Nov 2017 16:14:53 API.py [line:712] INFO 935784099444228098
Wed 29 Nov 2017 16:14:53 API.py [line:712] INFO 935784099637354496
Wed 29 Nov 2017 16:14:54 API.py [line:712] INFO 935784104099852289
Wed 29 Nov 2017 16:14:55 API.py [line:712] INFO 935784106172051456
Wed 29 Nov 2017 16:14:55 API.py [line:712] INFO 935784107681943552
Wed 29 Nov 2017 16:14:56 API.py [line:712] INFO 935784113197453312
Wed 29 Nov 2017 16:14:56 API.py [line:712] INFO 935784114812174336
Wed 29 Nov 2017 16:14:57 API.py [line:712] INFO 935784114858311680
Wed 29 Nov 2017 16:14:57 API.py [line:712] INFO 935784115181195265
Wed 29 Nov 2017 16:14:57 API.py [line:712] INFO 935784115856539648
Wed 29 Nov 2017 16:14:58 API.py [line:712] INFO 935784119778156545
Wed 29 Nov 2017 16:14:58 API.py [line:712] INFO 935784120302497792
Wed 29 Nov 2017 16:14:58 API.py [line:712] INFO 935784119178530816
Wed 29 Nov 2017 16:14:58 API.py [line:712] INFO 935784119409131521
Wed 29 Nov 2017 16:14:59 API.py [line:712] INFO 935784125503389696
Wed 29 Nov 2017 16:14:59 API.py [line:712] INFO 935784124983287809
Wed 29 Nov 2017 16:14:59 API.py [line:712] INFO 935784125604225024
Wed 29 Nov 2017 16:15:00 API.py [line:712] INFO 935784127877472256
Wed 29 Nov 2017 16:15:00 API.py [line:712] INFO 935784129890803713
Wed 29 Nov 2017 16:15:00 API.py [line:712] INFO 935784131144794112
Wed 29 Nov 2017 16:15:01 API.py [line:712] INFO 935784132960976897
Wed 29 Nov 2017 16:15:01 API.py [line:712] INFO 935784135439933440
Wed 29 Nov 2017 16:15:02 API.py [line:712] INFO 935784139692818437
Wed 29 Nov 2017 16:15:03 API.py [line:712] INFO 935784144180690945
Wed 29 Nov 2017 16:15:04 API.py [line:712] INFO 935784145644675072
Wed 29 Nov 2017 16:15:04 API.py [line:712] INFO 935784147162935296
Wed 29 Nov 2017 16:15:04 API.py [line:712] INFO 935784144801591302
Wed 29 Nov 2017 16:15:05 API.py [line:712] INFO 935784148232368128
Wed 29 Nov 2017 16:15:05 API.py [line:712] INFO 935784147779575809
Wed 29 Nov 2017 16:15:05 API.py [line:712] INFO 935784149285253121
Wed 29 Nov 2017 16:15:05 API.py [line:712] INFO 935784151701061633
Wed 29 Nov 2017 16:15:05 API.py [line:712] INFO 935784152749654016
Wed 29 Nov 2017 16:15:06 API.py [line:712] INFO 935784153060200449
Wed 29 Nov 2017 16:15:06 API.py [line:712] INFO 935784153945182208
Wed 29 Nov 2017 16:15:07 API.py [line:712] INFO 935784157623603201
Wed 29 Nov 2017 16:15:07 API.py [line:712] INFO 935784157657083904
Wed 29 Nov 2017 16:15:07 API.py [line:712] INFO 935784158932144128
Wed 29 Nov 2017 16:15:07 API.py [line:712] INFO 935784160957992960
Wed 29 Nov 2017 16:15:08 API.py [line:712] INFO 935784161784279040
Wed 29 Nov 2017 16:15:08 API.py [line:712] INFO 935784161931120642
Wed 29 Nov 2017 16:15:08 API.py [line:712] INFO 935784164833374208
Wed 29 Nov 2017 16:15:09 API.py [line:712] INFO 935784166645317632
Wed 29 Nov 2017 16:15:09 API.py [line:712] INFO 935784167954092033
Wed 29 Nov 2017 16:15:09 API.py [line:712] INFO 935784168440545280
Wed 29 Nov 2017 16:15:10 API.py [line:712] INFO 935784169669402625
Wed 29 Nov 2017 16:15:10 API.py [line:712] INFO 935784172882407424
Wed 29 Nov 2017 16:15:11 API.py [line:712] INFO 935784173847027712
Wed 29 Nov 2017 16:15:11 API.py [line:712] INFO 935784174144970753
Wed 29 Nov 2017 16:15:11 API.py [line:712] INFO 935784175608705025
Wed 29 Nov 2017 16:15:11 API.py [line:712] INFO 935784176569036800
Wed 29 Nov 2017 16:15:12 API.py [line:712] INFO 935784179312283648
Wed 29 Nov 2017 16:15:12 API.py [line:712] INFO 935784176900608000
Wed 29 Nov 2017 16:15:12 API.py [line:712] INFO 935784181677748225
Wed 29 Nov 2017 16:15:12 API.py [line:712] INFO 935784175608705025
Wed 29 Nov 2017 16:15:12 API.py [line:712] INFO 935784177416491009
Wed 29 Nov 2017 16:15:13 API.py [line:712] INFO 935784149130113024
Wed 29 Nov 2017 16:15:13 API.py [line:712] INFO 935784181212303361
Wed 29 Nov 2017 16:15:13 API.py [line:712] INFO 935784172551012352
Wed 29 Nov 2017 16:15:13 API.py [line:712] INFO 935784183682748416
Wed 29 Nov 2017 16:15:13 API.py [line:712] INFO 935784183569485824
Wed 29 Nov 2017 16:15:13 API.py [line:712] INFO 935784184336990208
Wed 29 Nov 2017 16:15:13 API.py [line:712] INFO 935784184483844096
Wed 29 Nov 2017 16:15:13 API.py [line:712] INFO 935784185528070144
Wed 29 Nov 2017 16:15:13 API.py [line:712] INFO 935784175982055424
Wed 29 Nov 2017 16:15:14 API.py [line:712] INFO 935784186266370048
Wed 29 Nov 2017 16:15:14 API.py [line:712] INFO 935784186031542274
Wed 29 Nov 2017 16:15:14 API.py [line:712] INFO 935784186635608064
Wed 29 Nov 2017 16:15:14 API.py [line:712] INFO 935784188585922562
Wed 29 Nov 2017 16:15:14 API.py [line:712] INFO 935784189663809536
Wed 29 Nov 2017 16:15:15 API.py [line:712] INFO 935784192423616512
Wed 29 Nov 2017 16:15:15 API.py [line:712] INFO 935784193350610944
Wed 29 Nov 2017 16:15:16 API.py [line:712] INFO 935784194860552192
Wed 29 Nov 2017 16:15:16 API.py [line:712] INFO 935784197171458048
Wed 29 Nov 2017 16:15:16 API.py [line:712] INFO 935784198769537024
Wed 29 Nov 2017 16:15:17 API.py [line:712] INFO 935784199046516736
Wed 29 Nov 2017 16:15:17 API.py [line:712] INFO 935784200233353216
Wed 29 Nov 2017 16:15:17 API.py [line:712] INFO 935784200719933442
Wed 29 Nov 2017 16:15:17 API.py [line:712] INFO 935784200581529600
Wed 29 Nov 2017 16:15:17 API.py [line:712] INFO 935784202171244544
Wed 29 Nov 2017 16:15:19 API.py [line:712] INFO 935784208827428870
Wed 29 Nov 2017 16:15:19 API.py [line:712] INFO 935784210119274496
Wed 29 Nov 2017 16:15:20 API.py [line:712] INFO 935784212161994752
Wed 29 Nov 2017 16:15:20 API.py [line:712] INFO 935784212849979392
Wed 29 Nov 2017 16:15:20 API.py [line:712] INFO 935784213009354753
Wed 29 Nov 2017 16:15:20 API.py [line:712] INFO 935784213055459328
Wed 29 Nov 2017 16:15:20 API.py [line:712] INFO 935784214125072384
Wed 29 Nov 2017 16:15:21 API.py [line:712] INFO 935784216163360773
Wed 29 Nov 2017 16:15:21 API.py [line:712] INFO 935784216050184192
Wed 29 Nov 2017 16:15:21 API.py [line:712] INFO 935784218688413696
Wed 29 Nov 2017 16:15:22 API.py [line:712] INFO 935784221263544320
Wed 29 Nov 2017 16:15:22 API.py [line:712] INFO 935784221594943488
Wed 29 Nov 2017 16:15:22 API.py [line:712] INFO 935784221817393153
Wed 29 Nov 2017 16:15:22 API.py [line:712] INFO 935784222073044993
Wed 29 Nov 2017 16:15:22 API.py [line:712] INFO 935784222631002112
Wed 29 Nov 2017 16:15:23 API.py [line:712] INFO 935784223876710400
Wed 29 Nov 2017 16:15:23 API.py [line:712] INFO 935784223008366592
Wed 29 Nov 2017 16:15:24 API.py [line:712] INFO 935784227781664769
Wed 29 Nov 2017 16:15:24 API.py [line:712] INFO 935784228385538048
Wed 29 Nov 2017 16:15:24 API.py [line:712] INFO 935784229417439232
Wed 29 Nov 2017 16:15:24 API.py [line:712] INFO 935784229526491138
Wed 29 Nov 2017 16:15:24 API.py [line:712] INFO 935784231774576640
Wed 29 Nov 2017 16:15:25 API.py [line:712] INFO 935784233137610752
Wed 29 Nov 2017 16:15:25 API.py [line:712] INFO 935784233326563332
Wed 29 Nov 2017 16:15:26 API.py [line:712] INFO 935784236585381888
Wed 29 Nov 2017 16:15:26 API.py [line:712] INFO 935784238208704512
Wed 29 Nov 2017 16:15:26 API.py [line:712] INFO 935784238707642368
Wed 29 Nov 2017 16:15:26 API.py [line:712] INFO 935784238690942976
Wed 29 Nov 2017 16:15:26 API.py [line:712] INFO 935784239202570240
Wed 29 Nov 2017 16:15:27 API.py [line:712] INFO 935784240712646656
Wed 29 Nov 2017 16:15:27 API.py [line:712] INFO 935784239047393280
Wed 29 Nov 2017 16:15:27 API.py [line:712] INFO 935784243011002368
Wed 29 Nov 2017 16:15:27 API.py [line:712] INFO 935784243656982529
Wed 29 Nov 2017 16:15:28 API.py [line:712] INFO 935784246358265856
Wed 29 Nov 2017 16:15:28 API.py [line:712] INFO 935784245435310080
Wed 29 Nov 2017 16:15:29 API.py [line:712] INFO 935784250367807488
Wed 29 Nov 2017 16:15:29 API.py [line:712] INFO 935784250355326978
Wed 29 Nov 2017 16:15:29 API.py [line:712] INFO 935784252313976833
Wed 29 Nov 2017 16:15:29 API.py [line:712] INFO 935784252410441728
Wed 29 Nov 2017 16:15:30 API.py [line:712] INFO 935784253341581312
Wed 29 Nov 2017 16:15:30 API.py [line:712] INFO 935784254201647104
Wed 29 Nov 2017 16:15:30 API.py [line:712] INFO 935784254495174656
Wed 29 Nov 2017 16:15:30 API.py [line:712] INFO 935784255682154496
Wed 29 Nov 2017 16:15:30 API.py [line:712] INFO 935784257015857152
Wed 29 Nov 2017 16:15:30 API.py [line:712] INFO 935784257095573504
Wed 29 Nov 2017 16:15:31 API.py [line:712] INFO 935784257229860864
Wed 29 Nov 2017 16:15:31 API.py [line:712] INFO 935784257619771393
Wed 29 Nov 2017 16:15:32 API.py [line:712] INFO 935784263579942912
Wed 29 Nov 2017 16:15:32 API.py [line:712] INFO 935784265207332864
Wed 29 Nov 2017 16:15:33 API.py [line:712] INFO 935784266419593216
Wed 29 Nov 2017 16:15:33 API.py [line:712] INFO 935784266117582848
Wed 29 Nov 2017 16:15:33 API.py [line:712] INFO 935784269435326464
Wed 29 Nov 2017 16:15:34 API.py [line:712] INFO 935784270953562113
Wed 29 Nov 2017 16:15:34 API.py [line:712] INFO 935784271494516736
Wed 29 Nov 2017 16:15:34 API.py [line:712] INFO 935784271574392833
Wed 29 Nov 2017 16:15:34 API.py [line:712] INFO 935784272270708736
Wed 29 Nov 2017 16:15:34 API.py [line:712] INFO 935784273272958976
Wed 29 Nov 2017 16:15:35 API.py [line:712] INFO 935784274657243136
Wed 29 Nov 2017 16:15:35 API.py [line:712] INFO 935784275026231296
Wed 29 Nov 2017 16:15:35 API.py [line:712] INFO 935784275038924800
Wed 29 Nov 2017 16:15:36 API.py [line:712] INFO 935784280243945473
Wed 29 Nov 2017 16:15:36 API.py [line:712] INFO 935784281133256705
Wed 29 Nov 2017 16:15:36 API.py [line:712] INFO 935784281682702337
Wed 29 Nov 2017 16:15:37 API.py [line:712] INFO 935784282622169088
Wed 29 Nov 2017 16:15:37 API.py [line:712] INFO 935784282638995457
Wed 29 Nov 2017 16:15:37 API.py [line:712] INFO 935784284694048768
Wed 29 Nov 2017 16:15:38 API.py [line:712] INFO 935784288733319168
Wed 29 Nov 2017 16:15:39 API.py [line:712] INFO 935784291468013568
Wed 29 Nov 2017 16:15:39 API.py [line:712] INFO 935784293577629696
Wed 29 Nov 2017 16:15:39 API.py [line:712] INFO 935784293929852929
Wed 29 Nov 2017 16:15:39 API.py [line:712] INFO 935784295129640960
Wed 29 Nov 2017 16:15:40 API.py [line:712] INFO 935784296626896896
Wed 29 Nov 2017 16:15:40 API.py [line:712] INFO 935784298237460481
Wed 29 Nov 2017 16:15:41 API.py [line:712] INFO 935784299789393920
Wed 29 Nov 2017 16:15:41 API.py [line:712] INFO 935784299932082176
Wed 29 Nov 2017 16:15:41 API.py [line:712] INFO 935784300590415873
Wed 29 Nov 2017 16:15:41 API.py [line:712] INFO 935784302914269184
Wed 29 Nov 2017 16:15:41 API.py [line:712] INFO 935784303153123328
Wed 29 Nov 2017 16:15:41 API.py [line:712] INFO 935784303006552065
Wed 29 Nov 2017 16:15:41 API.py [line:712] INFO 935784303140712448
Wed 29 Nov 2017 16:15:42 API.py [line:712] INFO 935784304835158017
Wed 29 Nov 2017 16:15:43 API.py [line:712] INFO 935784309801308160
Wed 29 Nov 2017 16:15:43 API.py [line:712] INFO 935784310627385344
Wed 29 Nov 2017 16:15:44 API.py [line:712] INFO 935784315438358529
Wed 29 Nov 2017 16:15:45 API.py [line:712] INFO 935784319758618625
Wed 29 Nov 2017 16:15:46 API.py [line:712] INFO 935784323248091136
Wed 29 Nov 2017 16:15:46 API.py [line:712] INFO 935784323478728704
Wed 29 Nov 2017 16:15:46 API.py [line:712] INFO 935784324175187969
Wed 29 Nov 2017 16:15:47 API.py [line:712] INFO 935784325051711488
Wed 29 Nov 2017 16:15:47 API.py [line:712] INFO 935784325748002816
Wed 29 Nov 2017 16:15:47 API.py [line:712] INFO 935784325760634880
Wed 29 Nov 2017 16:15:48 API.py [line:712] INFO 935784330357489664
Wed 29 Nov 2017 16:15:48 API.py [line:712] INFO 935784330277699586
Wed 29 Nov 2017 16:15:48 API.py [line:712] INFO 935784330655338496
Wed 29 Nov 2017 16:15:48 API.py [line:712] INFO 935784331624288256
Wed 29 Nov 2017 16:15:48 API.py [line:712] INFO 935784331259281409
Wed 29 Nov 2017 16:15:48 API.py [line:712] INFO 935784332920270849
Wed 29 Nov 2017 16:15:49 API.py [line:712] INFO 935784335122321409
Wed 29 Nov 2017 16:15:49 API.py [line:712] INFO 935784333117411328
Wed 29 Nov 2017 16:15:50 API.py [line:712] INFO 935784333096472577
Wed 29 Nov 2017 16:15:50 API.py [line:712] INFO 935784333117358080
Wed 29 Nov 2017 16:15:50 API.py [line:712] INFO 935784339178213377
Wed 29 Nov 2017 16:15:51 API.py [line:712] INFO 935784341891895298
Wed 29 Nov 2017 16:15:51 API.py [line:712] INFO 935784342193889285
Wed 29 Nov 2017 16:15:51 API.py [line:712] INFO 935784343125069825
Wed 29 Nov 2017 16:15:51 API.py [line:712] INFO 935784344748036096
Wed 29 Nov 2017 16:15:51 API.py [line:712] INFO 935784345310076928
Wed 29 Nov 2017 16:15:52 API.py [line:712] INFO 935784346597888001
Wed 29 Nov 2017 16:15:52 API.py [line:712] INFO 935784347881353216
Wed 29 Nov 2017 16:15:52 API.py [line:712] INFO 935784348615434240
Wed 29 Nov 2017 16:15:53 API.py [line:712] INFO 935784352834867200
Wed 29 Nov 2017 16:15:53 API.py [line:712] INFO 935784353270874112
Wed 29 Nov 2017 16:15:53 API.py [line:712] INFO 935784353136824320
Wed 29 Nov 2017 16:15:53 API.py [line:712] INFO 935784353552064514
Wed 29 Nov 2017 16:15:54 API.py [line:712] INFO 935784355498209280
Wed 29 Nov 2017 16:15:54 API.py [line:712] INFO 935784356106395648
Wed 29 Nov 2017 16:15:54 API.py [line:712] INFO 935784356630720512
Wed 29 Nov 2017 16:15:55 API.py [line:712] INFO 935784355909079041
Wed 29 Nov 2017 16:15:55 API.py [line:712] INFO 935784361856704512
Wed 29 Nov 2017 16:15:56 API.py [line:712] INFO 935784363479924736
Wed 29 Nov 2017 16:15:56 API.py [line:712] INFO 935784365610668032
Wed 29 Nov 2017 16:15:56 API.py [line:712] INFO 935784366193692672
Wed 29 Nov 2017 16:15:57 API.py [line:712] INFO 935784367145623552
Wed 29 Nov 2017 16:15:57 API.py [line:712] INFO 935784366617317376
Wed 29 Nov 2017 16:15:57 API.py [line:712] INFO 935784367783157761
Wed 29 Nov 2017 16:15:58 API.py [line:712] INFO 935784371113492480
Wed 29 Nov 2017 16:15:58 API.py [line:712] INFO 935784373017866240
Wed 29 Nov 2017 16:15:59 API.py [line:712] INFO 935784375270232066
Wed 29 Nov 2017 16:15:59 API.py [line:712] INFO 935784376167739392
Wed 29 Nov 2017 16:16:00 API.py [line:712] INFO 935784381779673088
Wed 29 Nov 2017 16:16:00 API.py [line:712] INFO 935784381804724224
Wed 29 Nov 2017 16:16:00 API.py [line:712] INFO 935784380915683329
Wed 29 Nov 2017 16:16:00 API.py [line:712] INFO 935784382752632833
Wed 29 Nov 2017 16:16:01 API.py [line:712] INFO 935784383629344768
Wed 29 Nov 2017 16:16:01 API.py [line:712] INFO 935784383927275522
Wed 29 Nov 2017 16:16:01 API.py [line:712] INFO 935784387517456384
Wed 29 Nov 2017 16:16:02 API.py [line:712] INFO 935784389518155777
Wed 29 Nov 2017 16:16:02 API.py [line:712] INFO 935784390021472256
Wed 29 Nov 2017 16:16:02 API.py [line:712] INFO 935784391107690496
Wed 29 Nov 2017 16:16:03 API.py [line:712] INFO 935784393087467520
Wed 29 Nov 2017 16:16:03 API.py [line:712] INFO 935784395075567616
Wed 29 Nov 2017 16:16:04 API.py [line:712] INFO 935784396531159040
Wed 29 Nov 2017 16:16:04 API.py [line:712] INFO 935784398728941568
Wed 29 Nov 2017 16:16:05 API.py [line:712] INFO 935784402419843073
Wed 29 Nov 2017 16:16:06 API.py [line:712] INFO 935784403199868928
Wed 29 Nov 2017 16:16:06 API.py [line:712] INFO 935784404282064896
Wed 29 Nov 2017 16:16:06 API.py [line:712] INFO 935784405045600256
Wed 29 Nov 2017 16:16:06 API.py [line:712] INFO 935784404546478080
Wed 29 Nov 2017 16:16:06 API.py [line:712] INFO 935784407025274880
Wed 29 Nov 2017 16:16:07 API.py [line:712] INFO 935784408639930368
Wed 29 Nov 2017 16:16:07 API.py [line:712] INFO 935784409415892994
Wed 29 Nov 2017 16:16:07 API.py [line:712] INFO 935784412574244864
Wed 29 Nov 2017 16:16:07 API.py [line:712] INFO 935784412238643200
Wed 29 Nov 2017 16:16:08 API.py [line:712] INFO 935784410456252416
Wed 29 Nov 2017 16:16:08 API.py [line:712] INFO 935784413442347008
Wed 29 Nov 2017 16:16:08 API.py [line:712] INFO 935784413799026688
Wed 29 Nov 2017 16:16:08 API.py [line:712] INFO 935784412918059008
Wed 29 Nov 2017 16:16:08 API.py [line:712] INFO 935784415036260352
Wed 29 Nov 2017 16:16:08 API.py [line:712] INFO 935784416592433153
Wed 29 Nov 2017 16:16:09 API.py [line:712] INFO 935784420962906118
Wed 29 Nov 2017 16:16:10 API.py [line:712] INFO 935784423055912960
Wed 29 Nov 2017 16:16:10 API.py [line:712] INFO 935784423152287749
Wed 29 Nov 2017 16:16:10 API.py [line:712] INFO 935784424452624384
Wed 29 Nov 2017 16:16:12 API.py [line:712] INFO 935784433101127680
Wed 29 Nov 2017 16:16:12 API.py [line:712] INFO 935784433151602688
Wed 29 Nov 2017 16:16:12 API.py [line:712] INFO 935784433222848513
Wed 29 Nov 2017 16:16:12 API.py [line:712] INFO 935784433424257024
Wed 29 Nov 2017 16:16:14 API.py [line:712] INFO 935784441535807488
Wed 29 Nov 2017 16:16:15 API.py [line:712] INFO 935784443503144960
Wed 29 Nov 2017 16:16:15 API.py [line:712] INFO 935784444438380545
Wed 29 Nov 2017 16:16:15 API.py [line:712] INFO 935784445700866049
Wed 29 Nov 2017 16:16:16 API.py [line:712] INFO 935784446388789248
Wed 29 Nov 2017 16:16:16 API.py [line:712] INFO 935784449391906816
Wed 29 Nov 2017 16:16:16 API.py [line:712] INFO 935784449756758021
Wed 29 Nov 2017 16:16:17 API.py [line:712] INFO 935784450511851520
Wed 29 Nov 2017 16:16:17 API.py [line:712] INFO 935784450964770816
Wed 29 Nov 2017 16:16:17 API.py [line:712] INFO 935784452730511360
Wed 29 Nov 2017 16:16:17 API.py [line:712] INFO 935784452646678529
Wed 29 Nov 2017 16:16:17 API.py [line:712] INFO 935784453263069185
Wed 29 Nov 2017 16:16:18 API.py [line:712] INFO 935784455150735360
Wed 29 Nov 2017 16:16:18 API.py [line:712] INFO 935784456044011520
Wed 29 Nov 2017 16:16:18 API.py [line:712] INFO 935784456820051968
Wed 29 Nov 2017 16:16:18 API.py [line:712] INFO 935784457017098240
Wed 29 Nov 2017 16:16:18 API.py [line:712] INFO 935784457604419585
Wed 29 Nov 2017 16:16:19 API.py [line:712] INFO 935784460225740800
Wed 29 Nov 2017 16:16:19 API.py [line:712] INFO 935784460951408641
Wed 29 Nov 2017 16:16:20 API.py [line:712] INFO 935784463870472192
Wed 29 Nov 2017 16:16:20 API.py [line:712] INFO 935784465883787264
Wed 29 Nov 2017 16:16:20 API.py [line:712] INFO 935784466089500673
Wed 29 Nov 2017 16:16:21 API.py [line:712] INFO 935784470564753408
Wed 29 Nov 2017 16:16:22 API.py [line:712] INFO 935784471487324160
Wed 29 Nov 2017 16:16:22 API.py [line:712] INFO 935784471248494592
Wed 29 Nov 2017 16:16:22 API.py [line:712] INFO 935784472057925633
Wed 29 Nov 2017 16:16:22 API.py [line:712] INFO 935784474037575680
Wed 29 Nov 2017 16:16:22 API.py [line:712] INFO 935784474901544962
Wed 29 Nov 2017 16:16:23 API.py [line:712] INFO 935784475895533573
Wed 29 Nov 2017 16:16:23 API.py [line:712] INFO 935784476206030848
Wed 29 Nov 2017 16:16:23 API.py [line:712] INFO 935784476197744640
Wed 29 Nov 2017 16:16:23 API.py [line:712] INFO 935784476445065216
Wed 29 Nov 2017 16:16:24 API.py [line:712] INFO 935784481738444800
Wed 29 Nov 2017 16:16:25 API.py [line:712] INFO 935784485488136192
Wed 29 Nov 2017 16:16:25 API.py [line:712] INFO 935784485404241921
Wed 29 Nov 2017 16:16:25 API.py [line:712] INFO 935784486616301569
Wed 29 Nov 2017 16:16:26 API.py [line:712] INFO 935784489438949376
Wed 29 Nov 2017 16:16:26 API.py [line:712] INFO 935784490030399488
Wed 29 Nov 2017 16:16:26 API.py [line:712] INFO 935784490189840384
Wed 29 Nov 2017 16:16:26 API.py [line:712] INFO 935784491703873538
Wed 29 Nov 2017 16:16:28 API.py [line:712] INFO 935784496510640128
Wed 29 Nov 2017 16:16:29 API.py [line:712] INFO 935784499761295361
Wed 29 Nov 2017 16:16:29 API.py [line:712] INFO 935784503141793793
Wed 29 Nov 2017 16:16:29 API.py [line:712] INFO 935784502999252992
Wed 29 Nov 2017 16:16:30 API.py [line:712] INFO 935784506782572546
Wed 29 Nov 2017 16:16:30 API.py [line:712] INFO 935784507969605632
Wed 29 Nov 2017 16:16:31 API.py [line:712] INFO 935784510100254720
Wed 29 Nov 2017 16:16:31 API.py [line:712] INFO 935784511337648130
Wed 29 Nov 2017 16:16:31 API.py [line:712] INFO 935784511798960128
Wed 29 Nov 2017 16:16:32 API.py [line:712] INFO 935784516827754496
Wed 29 Nov 2017 16:16:33 API.py [line:712] INFO 935784517163393025
Wed 29 Nov 2017 16:16:33 API.py [line:712] INFO 935784518149079040
Wed 29 Nov 2017 16:16:33 API.py [line:712] INFO 935784519562436608
Wed 29 Nov 2017 16:16:33 API.py [line:712] INFO 935784520820834304
Wed 29 Nov 2017 16:16:34 API.py [line:712] INFO 935784522116771840
Wed 29 Nov 2017 16:16:34 API.py [line:712] INFO 935784524000124928
Wed 29 Nov 2017 16:16:35 API.py [line:712] INFO 935784528580243456
Wed 29 Nov 2017 16:16:35 API.py [line:712] INFO 935784529180033025
Wed 29 Nov 2017 16:16:35 API.py [line:712] INFO 935784529284837376
Wed 29 Nov 2017 16:16:36 API.py [line:712] INFO 935784530694279168
Wed 29 Nov 2017 16:16:37 API.py [line:712] INFO 935784535014375424
Wed 29 Nov 2017 16:16:37 API.py [line:712] INFO 935784535995899904
Wed 29 Nov 2017 16:16:37 API.py [line:712] INFO 935784537446952960
Wed 29 Nov 2017 16:16:37 API.py [line:712] INFO 935784537153507332
Wed 29 Nov 2017 16:16:38 API.py [line:712] INFO 935784539284213761
Wed 29 Nov 2017 16:16:38 API.py [line:712] INFO 935784540647317505
Wed 29 Nov 2017 16:16:38 API.py [line:712] INFO 935784536805445633
Wed 29 Nov 2017 16:16:39 API.py [line:712] INFO 935784543893774336
Wed 29 Nov 2017 16:16:39 API.py [line:712] INFO 935784544128479232
Wed 29 Nov 2017 16:16:39 API.py [line:712] INFO 935784545449861120
Wed 29 Nov 2017 16:16:39 API.py [line:712] INFO 935784546028720128
Wed 29 Nov 2017 16:16:40 API.py [line:712] INFO 935784547840593920
Wed 29 Nov 2017 16:16:40 API.py [line:712] INFO 935784549371469824
Wed 29 Nov 2017 16:16:40 API.py [line:712] INFO 935784549354803200
Wed 29 Nov 2017 16:16:40 API.py [line:712] INFO 935784549107331072
Wed 29 Nov 2017 16:16:41 API.py [line:712] INFO 935784553968529409
Wed 29 Nov 2017 16:16:42 API.py [line:712] INFO 935784556338270209
Wed 29 Nov 2017 16:16:42 API.py [line:712] INFO 935784556086681600
Wed 29 Nov 2017 16:16:42 API.py [line:712] INFO 935784557495820289
Wed 29 Nov 2017 16:16:42 API.py [line:712] INFO 935784558737444864
Wed 29 Nov 2017 16:16:43 API.py [line:712] INFO 935784561644068864
Wed 29 Nov 2017 16:16:43 API.py [line:712] INFO 935784562063441920
Wed 29 Nov 2017 16:16:43 API.py [line:712] INFO 935784562487066629
Wed 29 Nov 2017 16:16:44 API.py [line:712] INFO 935784564395352064
Wed 29 Nov 2017 16:16:44 API.py [line:712] INFO 935784564575866880
Wed 29 Nov 2017 16:16:44 API.py [line:712] INFO 935784565779472384
Wed 29 Nov 2017 16:16:44 API.py [line:712] INFO 935784566211710976
Wed 29 Nov 2017 16:16:44 API.py [line:712] INFO 935784567444733952
Wed 29 Nov 2017 16:16:45 API.py [line:712] INFO 935784568929390592
Wed 29 Nov 2017 16:16:45 API.py [line:712] INFO 935784570644971520
Wed 29 Nov 2017 16:16:46 API.py [line:712] INFO 935784573648109569
Wed 29 Nov 2017 16:16:47 API.py [line:712] INFO 935784576932249600
Wed 29 Nov 2017 16:16:47 API.py [line:712] INFO 935784576823234560
Wed 29 Nov 2017 16:16:47 API.py [line:712] INFO 935784576504516609
Wed 29 Nov 2017 16:16:47 API.py [line:712] INFO 935784577225908224
Wed 29 Nov 2017 16:16:47 API.py [line:712] INFO 935784577074958336
Wed 29 Nov 2017 16:16:47 API.py [line:712] INFO 935784577704095744
Wed 29 Nov 2017 16:16:47 API.py [line:712] INFO 935784575564791808
Wed 29 Nov 2017 16:16:48 API.py [line:712] INFO 935784581092990976
Wed 29 Nov 2017 16:16:48 API.py [line:712] INFO 935784581701103616
Wed 29 Nov 2017 16:16:48 API.py [line:712] INFO 935784581428424704
Wed 29 Nov 2017 16:16:48 API.py [line:712] INFO 935784584574271488
Wed 29 Nov 2017 16:16:49 API.py [line:712] INFO 935784584750469120
Wed 29 Nov 2017 16:16:49 API.py [line:712] INFO 935784587220934656
Wed 29 Nov 2017 16:16:50 API.py [line:712] INFO 935784591343812609
Wed 29 Nov 2017 16:16:50 API.py [line:712] INFO 935784590383439872
Wed 29 Nov 2017 16:16:51 API.py [line:712] INFO 935784595496112128
Wed 29 Nov 2017 16:16:51 API.py [line:712] INFO 935784595710124032
Wed 29 Nov 2017 16:16:52 API.py [line:712] INFO 935784601074593793
Wed 29 Nov 2017 16:16:53 API.py [line:712] INFO 935784601787748353
Wed 29 Nov 2017 16:16:53 API.py [line:712] INFO 935784602194526208
Wed 29 Nov 2017 16:16:53 API.py [line:712] INFO 935784602710417408
Wed 29 Nov 2017 16:16:53 API.py [line:712] INFO 935784604652380160
Wed 29 Nov 2017 16:16:54 API.py [line:712] INFO 935784605671677953
Wed 29 Nov 2017 16:16:54 API.py [line:712] INFO 935784605835321350
Wed 29 Nov 2017 16:16:54 API.py [line:712] INFO 935784606531436544
Wed 29 Nov 2017 16:16:54 API.py [line:712] INFO 935784608733519873
Wed 29 Nov 2017 16:16:55 API.py [line:712] INFO 935784610230865920
Wed 29 Nov 2017 16:16:55 API.py [line:712] INFO 935784612114055168
Wed 29 Nov 2017 16:16:55 API.py [line:712] INFO 935784612659425281
Wed 29 Nov 2017 16:16:56 API.py [line:712] INFO 935784614744018944
Wed 29 Nov 2017 16:16:56 API.py [line:712] INFO 935784615083732992
Wed 29 Nov 2017 16:16:56 API.py [line:712] INFO 935784616224370688
Wed 29 Nov 2017 16:16:56 API.py [line:712] INFO 935784617390436352
Wed 29 Nov 2017 16:16:57 API.py [line:712] INFO 935784619282128896
Wed 29 Nov 2017 16:16:57 API.py [line:712] INFO 935784619563200512
Wed 29 Nov 2017 16:16:57 API.py [line:712] INFO 935784620464807936
Wed 29 Nov 2017 16:16:57 API.py [line:712] INFO 935784620439859200
Wed 29 Nov 2017 16:16:58 API.py [line:712] INFO 935784625493876736
Wed 29 Nov 2017 16:17:02 API.py [line:712] INFO 935784642229108737
Wed 29 Nov 2017 16:17:03 API.py [line:712] INFO 935784644129071104
Wed 29 Nov 2017 16:17:03 API.py [line:712] INFO 935784645152722944
Wed 29 Nov 2017 16:17:03 API.py [line:712] INFO 935784645446139906
Wed 29 Nov 2017 16:17:04 API.py [line:712] INFO 935784648034136064
Wed 29 Nov 2017 16:17:04 API.py [line:712] INFO 935784647975456768
Wed 29 Nov 2017 16:17:04 API.py [line:712] INFO 935784649883709440
Wed 29 Nov 2017 16:17:04 API.py [line:712] INFO 935784649783173121
Wed 29 Nov 2017 16:17:05 API.py [line:712] INFO 935784651976855553
Wed 29 Nov 2017 16:17:05 API.py [line:712] INFO 935784652899467264
Wed 29 Nov 2017 16:17:06 API.py [line:712] INFO 935784656963694592
Wed 29 Nov 2017 16:17:07 API.py [line:712] INFO 935784660897955840
Wed 29 Nov 2017 16:17:07 API.py [line:712] INFO 935784661137080321
Wed 29 Nov 2017 16:17:07 API.py [line:712] INFO 935784663053938688
Wed 29 Nov 2017 16:17:08 API.py [line:712] INFO 935784665188851712
Wed 29 Nov 2017 16:17:08 API.py [line:712] INFO 935784664475881472
Wed 29 Nov 2017 16:17:08 API.py [line:712] INFO 935784667537580032
Wed 29 Nov 2017 16:17:09 API.py [line:712] INFO 935784669290917888
Wed 29 Nov 2017 16:17:09 API.py [line:712] INFO 935784669840158720
Wed 29 Nov 2017 16:17:09 API.py [line:712] INFO 935784670867918848
Wed 29 Nov 2017 16:17:09 API.py [line:712] INFO 935784670054121472
Wed 29 Nov 2017 16:17:10 API.py [line:712] INFO 935784671199285248
Wed 29 Nov 2017 16:17:10 API.py [line:712] INFO 935784675712339969
Wed 29 Nov 2017 16:17:11 API.py [line:712] INFO 935784679097057281
Wed 29 Nov 2017 16:17:11 API.py [line:712] INFO 935784679172661248
Wed 29 Nov 2017 16:17:12 API.py [line:712] INFO 935784681164849152
Wed 29 Nov 2017 16:17:12 API.py [line:712] INFO 935784682284711936
Wed 29 Nov 2017 16:17:13 API.py [line:712] INFO 935784685912895489
Wed 29 Nov 2017 16:17:13 API.py [line:712] INFO 935784685892001792
Wed 29 Nov 2017 16:17:13 API.py [line:712] INFO 935784688450387968
Wed 29 Nov 2017 16:17:14 API.py [line:712] INFO 935784691747004416
Wed 29 Nov 2017 16:17:14 API.py [line:712] INFO 935784691961159680
Wed 29 Nov 2017 16:17:14 API.py [line:712] INFO 935784693273726976
Wed 29 Nov 2017 16:17:14 API.py [line:712] INFO 935784692728524800
Wed 29 Nov 2017 16:17:15 API.py [line:712] INFO 935784694385217537
Wed 29 Nov 2017 16:17:15 API.py [line:712] INFO 935784695614312450
Wed 29 Nov 2017 16:17:15 API.py [line:712] INFO 935784696285466625
Wed 29 Nov 2017 16:17:15 API.py [line:712] INFO 935784698084597760
Wed 29 Nov 2017 16:17:16 API.py [line:712] INFO 935784697933676544
Wed 29 Nov 2017 16:17:16 API.py [line:712] INFO 935784700710227968
Wed 29 Nov 2017 16:17:16 API.py [line:712] INFO 935784701792587776
Wed 29 Nov 2017 16:17:17 API.py [line:712] INFO 935784703185088512
Wed 29 Nov 2017 16:17:18 API.py [line:712] INFO 935784706733432832
Wed 29 Nov 2017 16:17:18 API.py [line:712] INFO 935784707001933824
Wed 29 Nov 2017 16:17:18 API.py [line:712] INFO 935784707031171072
Wed 29 Nov 2017 16:17:18 API.py [line:712] INFO 935784706133647361
Wed 29 Nov 2017 16:17:18 API.py [line:712] INFO 935784706628640769
Wed 29 Nov 2017 16:17:18 API.py [line:712] INFO 935784708742492160
Wed 29 Nov 2017 16:17:18 API.py [line:712] INFO 935784709908586497
Wed 29 Nov 2017 16:17:20 API.py [line:712] INFO 935784714975133696
Wed 29 Nov 2017 16:17:20 API.py [line:712] INFO 935784713234632704
Wed 29 Nov 2017 16:17:20 API.py [line:712] INFO 935784716858544128
Wed 29 Nov 2017 16:17:21 API.py [line:712] INFO 935784720239136768
Wed 29 Nov 2017 16:17:21 API.py [line:712] INFO 935784720885059584
Wed 29 Nov 2017 16:17:22 API.py [line:712] INFO 935784723984584704
Wed 29 Nov 2017 16:17:22 API.py [line:712] INFO 935784724303417344
Wed 29 Nov 2017 16:17:22 API.py [line:712] INFO 935784727180492801
Wed 29 Nov 2017 16:17:23 API.py [line:712] INFO 935784728824766465
Wed 29 Nov 2017 16:17:23 API.py [line:712] INFO 935784730297069568
Wed 29 Nov 2017 16:17:24 API.py [line:712] INFO 935784731865595904
Wed 29 Nov 2017 16:17:24 API.py [line:712] INFO 935784734180835328
Wed 29 Nov 2017 16:17:25 API.py [line:712] INFO 935784739465609216
Wed 29 Nov 2017 16:17:25 API.py [line:712] INFO 935784739058978818
Wed 29 Nov 2017 16:17:26 API.py [line:712] INFO 935784739922903040
Wed 29 Nov 2017 16:17:26 API.py [line:712] INFO 935784742297001984
Wed 29 Nov 2017 16:17:26 API.py [line:712] INFO 935784743395880960
Wed 29 Nov 2017 16:17:27 API.py [line:712] INFO 935784744591208448
Wed 29 Nov 2017 16:17:28 API.py [line:712] INFO 935784748814708736
Wed 29 Nov 2017 16:17:28 API.py [line:712] INFO 935784748600954880
Wed 29 Nov 2017 16:17:28 API.py [line:712] INFO 935784750047830017
Wed 29 Nov 2017 16:17:28 API.py [line:712] INFO 935784751092387841
Wed 29 Nov 2017 16:17:29 API.py [line:712] INFO 935784753160212480
Wed 29 Nov 2017 16:17:30 API.py [line:712] INFO 935784758239514624
Wed 29 Nov 2017 16:17:31 API.py [line:712] INFO 935784764484620288
Wed 29 Nov 2017 16:17:32 API.py [line:712] INFO 935784766061735936
Wed 29 Nov 2017 16:17:32 API.py [line:712] INFO 935784766242197504
Wed 29 Nov 2017 16:17:34 API.py [line:712] INFO 935784773653590016
Wed 29 Nov 2017 16:17:34 API.py [line:712] INFO 935784773821198342
Wed 29 Nov 2017 16:17:34 API.py [line:712] INFO 935784776673452033
Wed 29 Nov 2017 16:17:35 API.py [line:712] INFO 935784777474609152
Wed 29 Nov 2017 16:17:35 API.py [line:712] INFO 935784779370283008
Wed 29 Nov 2017 16:17:35 API.py [line:712] INFO 935784780544782336
Wed 29 Nov 2017 16:17:36 API.py [line:712] INFO 935784783032061952
Wed 29 Nov 2017 16:17:37 API.py [line:712] INFO 935784784894349312
Wed 29 Nov 2017 16:17:37 API.py [line:712] INFO 935784785741365248
Wed 29 Nov 2017 16:17:37 API.py [line:712] INFO 935784788371431425
Wed 29 Nov 2017 16:17:38 API.py [line:712] INFO 935784790514532352
Wed 29 Nov 2017 16:17:38 API.py [line:712] INFO 935784791189880832
Wed 29 Nov 2017 16:17:38 API.py [line:712] INFO 935784791462612992
Wed 29 Nov 2017 16:17:39 API.py [line:712] INFO 935784794641678336
Wed 29 Nov 2017 16:17:39 API.py [line:712] INFO 935784794931191808
Wed 29 Nov 2017 16:17:39 API.py [line:712] INFO 935784796206243840
Wed 29 Nov 2017 16:17:39 API.py [line:712] INFO 935784796667736064
Wed 29 Nov 2017 16:17:39 API.py [line:712] INFO 935784797103730689
Wed 29 Nov 2017 16:17:40 API.py [line:712] INFO 935784798865457152
Wed 29 Nov 2017 16:17:40 API.py [line:712] INFO 935784800643878912
Wed 29 Nov 2017 16:17:41 API.py [line:712] INFO 935784803806441472
Wed 29 Nov 2017 16:17:41 API.py [line:712] INFO 935784804070641664
Wed 29 Nov 2017 16:17:41 API.py [line:712] INFO 935784804838129664
Wed 29 Nov 2017 16:17:41 API.py [line:712] INFO 935784805370695686
Wed 29 Nov 2017 16:17:42 API.py [line:712] INFO 935784807656669185
Wed 29 Nov 2017 16:17:42 API.py [line:712] INFO 935784810387247104
Wed 29 Nov 2017 16:17:43 API.py [line:712] INFO 935784811406483457
Wed 29 Nov 2017 16:17:43 API.py [line:712] INFO 935784811897032704
Wed 29 Nov 2017 16:17:43 API.py [line:712] INFO 935784811788230656
Wed 29 Nov 2017 16:17:44 API.py [line:712] INFO 935784815235862528
Wed 29 Nov 2017 16:17:44 API.py [line:712] INFO 935784816724905984
Wed 29 Nov 2017 16:17:44 API.py [line:712] INFO 935784818935074817
Wed 29 Nov 2017 16:17:45 API.py [line:712] INFO 935784819316928512
Wed 29 Nov 2017 16:17:45 API.py [line:712] INFO 935784820197564417
Wed 29 Nov 2017 16:17:46 API.py [line:712] INFO 935784826145210368
Wed 29 Nov 2017 16:17:47 API.py [line:712] INFO 935784827177095168
Wed 29 Nov 2017 16:17:47 API.py [line:712] INFO 935784828888219648
Wed 29 Nov 2017 16:17:47 API.py [line:712] INFO 935784829114769408
Wed 29 Nov 2017 16:17:47 API.py [line:712] INFO 935784829043449856
Wed 29 Nov 2017 16:17:49 API.py [line:712] INFO 935784837025210368
Wed 29 Nov 2017 16:17:50 API.py [line:712] INFO 935784840695226368
Wed 29 Nov 2017 16:17:50 API.py [line:712] INFO 935784840573566976
Wed 29 Nov 2017 16:17:50 API.py [line:712] INFO 935784840531726337
Wed 29 Nov 2017 16:17:50 API.py [line:712] INFO 935784840875724801
Wed 29 Nov 2017 16:17:50 API.py [line:712] INFO 935784841865555968
Wed 29 Nov 2017 16:17:51 API.py [line:712] INFO 935784846072324096
Wed 29 Nov 2017 16:17:51 API.py [line:712] INFO 935784846672125954
Wed 29 Nov 2017 16:17:51 API.py [line:712] INFO 935784847691235328
Wed 29 Nov 2017 16:17:52 API.py [line:712] INFO 935784849608097794
Wed 29 Nov 2017 16:17:52 API.py [line:712] INFO 935784851394912256
Wed 29 Nov 2017 16:17:52 API.py [line:712] INFO 935784851579453440
Wed 29 Nov 2017 16:17:53 API.py [line:712] INFO 935784855727611904
Wed 29 Nov 2017 16:17:53 API.py [line:712] INFO 935784856247660545
Wed 29 Nov 2017 16:17:53 API.py [line:712] INFO 935784857178796032
Wed 29 Nov 2017 16:17:54 API.py [line:712] INFO 935784860416749568
Wed 29 Nov 2017 16:17:55 API.py [line:712] INFO 935784864917291009
Wed 29 Nov 2017 16:17:55 API.py [line:712] INFO 935784864858673152
Wed 29 Nov 2017 16:17:56 API.py [line:712] INFO 935784868222418946
Wed 29 Nov 2017 16:17:57 API.py [line:712] INFO 935784869992558592
Wed 29 Nov 2017 16:17:57 API.py [line:712] INFO 935784870357368832
Wed 29 Nov 2017 16:17:57 API.py [line:712] INFO 935784872324620288
Wed 29 Nov 2017 16:17:58 API.py [line:712] INFO 935784876443426816
Wed 29 Nov 2017 16:17:58 API.py [line:712] INFO 935784876627976192
Wed 29 Nov 2017 16:17:59 API.py [line:712] INFO 935784879324782592
Wed 29 Nov 2017 16:17:59 API.py [line:712] INFO 935784882093023233
Wed 29 Nov 2017 16:18:00 API.py [line:712] INFO 935784883376373760
Wed 29 Nov 2017 16:18:00 API.py [line:712] INFO 935784883284307968
Wed 29 Nov 2017 16:18:00 API.py [line:712] INFO 935784883959431168
Wed 29 Nov 2017 16:18:00 API.py [line:712] INFO 935784883754061824
Wed 29 Nov 2017 16:18:00 API.py [line:712] INFO 935784883921801218
Wed 29 Nov 2017 16:18:00 API.py [line:712] INFO 935784885394051073
Wed 29 Nov 2017 16:18:00 API.py [line:712] INFO 935784885368877056
Wed 29 Nov 2017 16:18:01 API.py [line:712] INFO 935784886849429504
Wed 29 Nov 2017 16:18:02 API.py [line:712] INFO 935784895095250945
Wed 29 Nov 2017 16:18:03 API.py [line:712] INFO 935784895367954432
Wed 29 Nov 2017 16:18:03 API.py [line:712] INFO 935784896068452353
Wed 29 Nov 2017 16:18:03 API.py [line:712] INFO 935784897116905472
Wed 29 Nov 2017 16:18:03 API.py [line:712] INFO 935784899134418944
Wed 29 Nov 2017 16:18:04 API.py [line:712] INFO 935784899889455104
Wed 29 Nov 2017 16:18:04 API.py [line:712] INFO 935784900493565952
Wed 29 Nov 2017 16:18:04 API.py [line:712] INFO 935784900497674240
Wed 29 Nov 2017 16:18:05 API.py [line:712] INFO 935784905585364992
Wed 29 Nov 2017 16:18:06 API.py [line:712] INFO 935784907875352577
Wed 29 Nov 2017 16:18:06 API.py [line:712] INFO 935784908840099840
Wed 29 Nov 2017 16:18:07 API.py [line:712] INFO 935784914049552385
Wed 29 Nov 2017 16:18:08 API.py [line:712] INFO 935784913231601664
Wed 29 Nov 2017 16:18:09 API.py [line:712] INFO 935784924006764544
Wed 29 Nov 2017 16:18:10 API.py [line:712] INFO 935784925785153539
Wed 29 Nov 2017 16:18:11 API.py [line:712] INFO 935784913231601664
Wed 29 Nov 2017 16:18:12 API.py [line:712] INFO 935784935503290369
Wed 29 Nov 2017 16:18:12 API.py [line:712] INFO 935784936270741504
Wed 29 Nov 2017 16:18:13 API.py [line:712] INFO 935784937994588161
Wed 29 Nov 2017 16:18:14 API.py [line:712] INFO 935784941618638848
Wed 29 Nov 2017 16:18:17 API.py [line:712] INFO 935784954834722816
Wed 29 Nov 2017 16:18:17 API.py [line:712] INFO 935784956172709888
Wed 29 Nov 2017 16:18:17 API.py [line:712] INFO 935784955845718016
Wed 29 Nov 2017 16:18:17 API.py [line:712] INFO 935784956340654080
Wed 29 Nov 2017 16:18:18 API.py [line:712] INFO 935784958030991360
Wed 29 Nov 2017 16:18:18 API.py [line:712] INFO 935784958408495104
Wed 29 Nov 2017 16:18:18 API.py [line:712] INFO 935784960220368897
Wed 29 Nov 2017 16:18:19 API.py [line:712] INFO 935784965626884096
Wed 29 Nov 2017 16:18:19 API.py [line:712] INFO 935784966277001217
Wed 29 Nov 2017 16:18:20 API.py [line:712] INFO 935784967602241537
Wed 29 Nov 2017 16:18:20 API.py [line:712] INFO 935784967593963521
Wed 29 Nov 2017 16:18:20 API.py [line:712] INFO 935784968394903552
Wed 29 Nov 2017 16:18:20 API.py [line:712] INFO 935784969321971712
Wed 29 Nov 2017 16:18:20 API.py [line:712] INFO 935784969053573120
Wed 29 Nov 2017 16:18:20 API.py [line:712] INFO 935784969921802240
Wed 29 Nov 2017 16:18:21 API.py [line:712] INFO 935784970823409664
Wed 29 Nov 2017 16:18:21 API.py [line:712] INFO 935784971423252481
Wed 29 Nov 2017 16:18:21 API.py [line:712] INFO 935784973356949504
Wed 29 Nov 2017 16:18:21 API.py [line:712] INFO 935784973658918913
Wed 29 Nov 2017 16:18:21 API.py [line:712] INFO 935784974048882689
Wed 29 Nov 2017 16:18:22 API.py [line:712] INFO 935784975261057024
Wed 29 Nov 2017 16:18:22 API.py [line:712] INFO 935784974917218304
Wed 29 Nov 2017 16:18:22 API.py [line:712] INFO 935784976464752640
Wed 29 Nov 2017 16:18:22 API.py [line:712] INFO 935784977945518081
Wed 29 Nov 2017 16:18:23 API.py [line:712] INFO 935784981313531905
Wed 29 Nov 2017 16:18:24 API.py [line:712] INFO 935784983578456064
Wed 29 Nov 2017 16:18:24 API.py [line:712] INFO 935784985235042305
Wed 29 Nov 2017 16:18:24 API.py [line:712] INFO 935784986875117570
Wed 29 Nov 2017 16:18:25 API.py [line:712] INFO 935784987642814464
Wed 29 Nov 2017 16:18:25 API.py [line:712] INFO 935784987869270016
Wed 29 Nov 2017 16:18:26 API.py [line:712] INFO 935784992042553344
Wed 29 Nov 2017 16:18:27 API.py [line:712] INFO 935784997809668097
Wed 29 Nov 2017 16:18:27 API.py [line:712] INFO 935784997956571136
Wed 29 Nov 2017 16:18:27 API.py [line:712] INFO 935784998757654529
Wed 29 Nov 2017 16:18:27 API.py [line:712] INFO 935784998984089603
Wed 29 Nov 2017 16:18:27 API.py [line:712] INFO 935784999068078081
Wed 29 Nov 2017 16:18:28 API.py [line:712] INFO 935785001597227014
Wed 29 Nov 2017 16:18:28 API.py [line:712] INFO 935785001760804865
Wed 29 Nov 2017 16:18:28 API.py [line:712] INFO 935785002037415936
Wed 29 Nov 2017 16:18:28 API.py [line:712] INFO 935785002280898560
Wed 29 Nov 2017 16:18:29 API.py [line:712] INFO 935785004113776640
Wed 29 Nov 2017 16:18:29 API.py [line:712] INFO 935785004965253120
Wed 29 Nov 2017 16:18:30 API.py [line:712] INFO 935785012019937290
Wed 29 Nov 2017 16:18:31 API.py [line:712] INFO 935785013752107010
Wed 29 Nov 2017 16:18:32 API.py [line:712] INFO 935785017191444480
Wed 29 Nov 2017 16:18:32 API.py [line:712] INFO 935785015950168064
Wed 29 Nov 2017 16:18:32 API.py [line:712] INFO 935785017598464000
Wed 29 Nov 2017 16:18:32 API.py [line:712] INFO 935785018760224768
Wed 29 Nov 2017 16:18:32 API.py [line:712] INFO 935785018923761664
Wed 29 Nov 2017 16:18:33 API.py [line:712] INFO 935785022014988288
Wed 29 Nov 2017 16:18:34 API.py [line:712] INFO 935785025534087168
Wed 29 Nov 2017 16:18:34 API.py [line:712] INFO 935785027895312384
Wed 29 Nov 2017 16:18:35 API.py [line:712] INFO 935785030478995457
Wed 29 Nov 2017 16:18:35 API.py [line:712] INFO 935785032626536448
Wed 29 Nov 2017 16:18:36 API.py [line:712] INFO 935785035340402689
Wed 29 Nov 2017 16:18:36 API.py [line:712] INFO 935785034606399488
Wed 29 Nov 2017 16:18:36 API.py [line:712] INFO 935785035755671553
Wed 29 Nov 2017 16:18:37 API.py [line:712] INFO 935785037953490946
Wed 29 Nov 2017 16:18:37 API.py [line:712] INFO 935785039471706112
Wed 29 Nov 2017 16:18:37 API.py [line:712] INFO 935785040193077248
Wed 29 Nov 2017 16:18:37 API.py [line:712] INFO 935785040411353088
Wed 29 Nov 2017 16:18:38 API.py [line:712] INFO 935785041958858752
Wed 29 Nov 2017 16:18:38 API.py [line:712] INFO 935785041925419008
Wed 29 Nov 2017 16:18:38 API.py [line:712] INFO 935785042986590215
Wed 29 Nov 2017 16:18:38 API.py [line:712] INFO 935785045574512640
Wed 29 Nov 2017 16:18:39 API.py [line:712] INFO 935785046895554560
Wed 29 Nov 2017 16:18:39 API.py [line:712] INFO 935785048460136449
Wed 29 Nov 2017 16:18:39 API.py [line:712] INFO 935785049047252992
Wed 29 Nov 2017 16:18:39 API.py [line:712] INFO 935785049454100480
Wed 29 Nov 2017 16:18:40 API.py [line:712] INFO 935785051672813569
Wed 29 Nov 2017 16:18:40 API.py [line:712] INFO 935785053451304960
Wed 29 Nov 2017 16:18:41 API.py [line:712] INFO 935785054902669313
Wed 29 Nov 2017 16:18:41 API.py [line:712] INFO 935785056982810624
Wed 29 Nov 2017 16:18:41 API.py [line:712] INFO 935785058375487488
Wed 29 Nov 2017 16:18:42 API.py [line:712] INFO 935785059151265792
Wed 29 Nov 2017 16:18:43 API.py [line:712] INFO 935785064780259328
Wed 29 Nov 2017 16:18:43 API.py [line:712] INFO 935785066579537920
Wed 29 Nov 2017 16:18:45 API.py [line:712] INFO 935785071776116736
Wed 29 Nov 2017 16:18:45 API.py [line:712] INFO 935785072820703237
Wed 29 Nov 2017 16:18:45 API.py [line:712] INFO 935785073223200768
Wed 29 Nov 2017 16:18:45 API.py [line:712] INFO 935785072917209088
Wed 29 Nov 2017 16:18:46 API.py [line:712] INFO 935785075303682048
Wed 29 Nov 2017 16:18:46 API.py [line:712] INFO 935785077484564480
Wed 29 Nov 2017 16:18:46 API.py [line:712] INFO 935785078717784065
Wed 29 Nov 2017 16:18:46 API.py [line:712] INFO 935785078780715008
Wed 29 Nov 2017 16:18:46 API.py [line:712] INFO 935785079342796800
Wed 29 Nov 2017 16:18:47 API.py [line:712] INFO 935785079804186624
Wed 29 Nov 2017 16:18:47 API.py [line:712] INFO 935785080315711488
Wed 29 Nov 2017 16:18:47 API.py [line:712] INFO 935785081901162497
Wed 29 Nov 2017 16:18:47 API.py [line:712] INFO 935785082056474629
Wed 29 Nov 2017 16:18:49 API.py [line:712] INFO 935785090168295429
Wed 29 Nov 2017 16:18:49 API.py [line:712] INFO 935785090168295430
Wed 29 Nov 2017 16:18:49 API.py [line:712] INFO 935785091397234688
Wed 29 Nov 2017 16:18:50 API.py [line:712] INFO 935785095830691840
Wed 29 Nov 2017 16:18:51 API.py [line:712] INFO 935785099571990528
Wed 29 Nov 2017 16:18:52 API.py [line:712] INFO 935785101283209216
Wed 29 Nov 2017 16:18:52 API.py [line:712] INFO 935785101962514432
Wed 29 Nov 2017 16:18:52 API.py [line:712] INFO 935785102000381952
Wed 29 Nov 2017 16:18:53 API.py [line:712] INFO 935785106861690880
Wed 29 Nov 2017 16:18:53 API.py [line:712] INFO 935785106005950464
Wed 29 Nov 2017 16:18:53 API.py [line:712] INFO 935785107906072576
Wed 29 Nov 2017 16:18:54 API.py [line:712] INFO 935785110737059840
Wed 29 Nov 2017 16:18:55 API.py [line:712] INFO 935785113660641280
Wed 29 Nov 2017 16:18:55 API.py [line:712] INFO 935785115405377537
Wed 29 Nov 2017 16:18:55 API.py [line:712] INFO 935785116776853507
Wed 29 Nov 2017 16:18:56 API.py [line:712] INFO 935785118450503681
Wed 29 Nov 2017 16:18:56 API.py [line:712] INFO 935785118341435392
Wed 29 Nov 2017 16:18:56 API.py [line:712] INFO 935785120816074752
Wed 29 Nov 2017 16:18:57 API.py [line:712] INFO 935785121512337408
Wed 29 Nov 2017 16:18:59 API.py [line:712] INFO 935785130039431168
Wed 29 Nov 2017 16:18:59 API.py [line:712] INFO 935785131209580545
Wed 29 Nov 2017 16:19:00 API.py [line:712] INFO 935785134502002689
Wed 29 Nov 2017 16:19:00 API.py [line:712] INFO 935785137735954432
Wed 29 Nov 2017 16:19:00 API.py [line:712] INFO 935785138000031749
Wed 29 Nov 2017 16:19:01 API.py [line:712] INFO 935785138767593472
Wed 29 Nov 2017 16:19:02 API.py [line:712] INFO 935785144081817601
Wed 29 Nov 2017 16:19:02 API.py [line:712] INFO 935785144945844225
Wed 29 Nov 2017 16:19:02 API.py [line:712] INFO 935785146023927810
Wed 29 Nov 2017 16:19:03 API.py [line:712] INFO 935785148213182465
Wed 29 Nov 2017 16:19:03 API.py [line:712] INFO 935785149714673664
Wed 29 Nov 2017 16:19:03 API.py [line:712] INFO 935785150620737536
Wed 29 Nov 2017 16:19:04 API.py [line:712] INFO 935785154798411777
Wed 29 Nov 2017 16:19:05 API.py [line:712] INFO 935785155708452864
Wed 29 Nov 2017 16:19:05 API.py [line:712] INFO 935785156782186497
Wed 29 Nov 2017 16:19:05 API.py [line:712] INFO 935785156194975744
Wed 29 Nov 2017 16:19:05 API.py [line:712] INFO 935785158199988225
Wed 29 Nov 2017 16:19:06 API.py [line:712] INFO 935785160691167232
Wed 29 Nov 2017 16:19:06 API.py [line:712] INFO 935785161425408000
Wed 29 Nov 2017 16:19:06 API.py [line:712] INFO 935785161408389125
Wed 29 Nov 2017 16:19:07 API.py [line:712] INFO 935785164059398144
Wed 29 Nov 2017 16:19:07 API.py [line:712] INFO 935785163035774976
Wed 29 Nov 2017 16:19:07 API.py [line:712] INFO 935785165430730752
Wed 29 Nov 2017 16:19:07 API.py [line:712] INFO 935785165753683968
Wed 29 Nov 2017 16:19:07 API.py [line:712] INFO 935785167104479232
Wed 29 Nov 2017 16:19:07 API.py [line:712] INFO 935785166299062273
Wed 29 Nov 2017 16:19:08 API.py [line:712] INFO 935785170866720768
Wed 29 Nov 2017 16:19:08 API.py [line:712] INFO 935785171118309377
Wed 29 Nov 2017 16:19:09 API.py [line:712] INFO 935785173018468352
Wed 29 Nov 2017 16:19:09 API.py [line:712] INFO 935785175363018752
Wed 29 Nov 2017 16:19:10 API.py [line:712] INFO 935785178315804673
Wed 29 Nov 2017 16:19:10 API.py [line:712] INFO 935785177967718400
Wed 29 Nov 2017 16:19:11 API.py [line:712] INFO 935785181444636673
Wed 29 Nov 2017 16:19:11 API.py [line:712] INFO 935785183416016896
Wed 29 Nov 2017 16:19:12 API.py [line:712] INFO 935785185592852480
Wed 29 Nov 2017 16:19:12 API.py [line:712] INFO 935785185857163265
Wed 29 Nov 2017 16:19:12 API.py [line:712] INFO 935785185693405185
Wed 29 Nov 2017 16:19:12 API.py [line:712] INFO 935785186360479745
Wed 29 Nov 2017 16:19:12 API.py [line:712] INFO 935785187912372224
Wed 29 Nov 2017 16:19:12 API.py [line:712] INFO 935785188121964544
Wed 29 Nov 2017 16:19:13 API.py [line:712] INFO 935785188830973952
Wed 29 Nov 2017 16:19:14 API.py [line:712] INFO 935785191624372224
Wed 29 Nov 2017 16:19:14 API.py [line:712] INFO 935785193314459648
Wed 29 Nov 2017 16:19:15 API.py [line:712] INFO 935785197605400577
Wed 29 Nov 2017 16:19:15 API.py [line:712] INFO 935785199916462080
Wed 29 Nov 2017 16:19:15 API.py [line:712] INFO 935785200000405504
Wed 29 Nov 2017 16:19:16 API.py [line:712] INFO 935785201631760385
Wed 29 Nov 2017 16:19:16 API.py [line:712] INFO 935785202026024960
Wed 29 Nov 2017 16:19:16 API.py [line:712] INFO 935785202718298112
Wed 29 Nov 2017 16:19:17 API.py [line:712] INFO 935785206186987520
Wed 29 Nov 2017 16:19:17 API.py [line:712] INFO 935785206736478208
Wed 29 Nov 2017 16:19:17 API.py [line:712] INFO 935785207126478848
Wed 29 Nov 2017 16:19:18 API.py [line:712] INFO 935785211056545793
Wed 29 Nov 2017 16:19:18 API.py [line:712] INFO 935785211752624128
Wed 29 Nov 2017 16:19:18 API.py [line:712] INFO 935785213719748608
Wed 29 Nov 2017 16:19:19 API.py [line:712] INFO 935785214487482368
Wed 29 Nov 2017 16:19:19 API.py [line:712] INFO 935785214504079361
Wed 29 Nov 2017 16:19:19 API.py [line:712] INFO 935785215187861504
Wed 29 Nov 2017 16:19:19 API.py [line:712] INFO 935785215884013569
Wed 29 Nov 2017 16:19:19 API.py [line:712] INFO 935785216026775558
Wed 29 Nov 2017 16:19:19 API.py [line:712] INFO 935785216769015808
Wed 29 Nov 2017 16:19:19 API.py [line:712] INFO 935785217578725376
Wed 29 Nov 2017 16:19:20 API.py [line:712] INFO 935785218438500354
Wed 29 Nov 2017 16:19:20 API.py [line:712] INFO 935785218799230976
Wed 29 Nov 2017 16:19:21 API.py [line:712] INFO 935785222377009153
Wed 29 Nov 2017 16:19:22 API.py [line:712] INFO 935785227682762752
Wed 29 Nov 2017 16:19:22 API.py [line:712] INFO 935785227682693120
Wed 29 Nov 2017 16:19:22 API.py [line:712] INFO 935785229339553792
Wed 29 Nov 2017 16:19:22 API.py [line:712] INFO 935785229675106309
Wed 29 Nov 2017 16:19:23 API.py [line:712] INFO 935785230727892992
Wed 29 Nov 2017 16:19:23 API.py [line:712] INFO 935785231092670464
Wed 29 Nov 2017 16:19:23 API.py [line:712] INFO 935785231176515586
Wed 29 Nov 2017 16:19:23 API.py [line:712] INFO 935785232220897282
Wed 29 Nov 2017 16:19:23 API.py [line:712] INFO 935785233181478912
Wed 29 Nov 2017 16:19:25 API.py [line:712] INFO 935785239984660481
Wed 29 Nov 2017 16:19:25 API.py [line:712] INFO 935785241859559425
Wed 29 Nov 2017 16:19:25 API.py [line:712] INFO 935785242459242497
Wed 29 Nov 2017 16:19:26 API.py [line:712] INFO 935785244111749121
Wed 29 Nov 2017 16:19:26 API.py [line:712] INFO 935785244589821952
Wed 29 Nov 2017 16:19:26 API.py [line:712] INFO 935785245139275776
Wed 29 Nov 2017 16:19:26 API.py [line:712] INFO 935785245412032512
Wed 29 Nov 2017 16:19:26 API.py [line:712] INFO 935785246091390976
Wed 29 Nov 2017 16:19:26 API.py [line:712] INFO 935785247056072704
Wed 29 Nov 2017 16:19:27 API.py [line:712] INFO 935785249908301824
Wed 29 Nov 2017 16:19:27 API.py [line:712] INFO 935785250075983873
Wed 29 Nov 2017 16:19:28 API.py [line:712] INFO 935785251070148608
Wed 29 Nov 2017 16:19:28 API.py [line:712] INFO 935785251766280195
Wed 29 Nov 2017 16:19:28 API.py [line:712] INFO 935785254446493696
Wed 29 Nov 2017 16:19:29 API.py [line:712] INFO 935785255071449088
Wed 29 Nov 2017 16:19:29 API.py [line:712] INFO 935785259160952832
Wed 29 Nov 2017 16:19:30 API.py [line:712] INFO 935785262830911488
Wed 29 Nov 2017 16:19:31 API.py [line:712] INFO 935785265657921536
Wed 29 Nov 2017 16:19:31 API.py [line:712] INFO 935785266882793472
Wed 29 Nov 2017 16:19:31 API.py [line:712] INFO 935785267797008384
Wed 29 Nov 2017 16:19:32 API.py [line:712] INFO 935785268681912320
Wed 29 Nov 2017 16:19:32 API.py [line:712] INFO 935785270129057792
Wed 29 Nov 2017 16:19:32 API.py [line:712] INFO 935785271232151555
Wed 29 Nov 2017 16:19:33 API.py [line:712] INFO 935785272289169408
Wed 29 Nov 2017 16:19:33 API.py [line:712] INFO 935785275812339712
Wed 29 Nov 2017 16:19:34 API.py [line:712] INFO 935785280187101186
Wed 29 Nov 2017 16:19:35 API.py [line:712] INFO 935785281160208384
Wed 29 Nov 2017 16:19:35 API.py [line:712] INFO 935785281441054720
Wed 29 Nov 2017 16:19:35 API.py [line:712] INFO 935785281369894912
Wed 29 Nov 2017 16:19:35 API.py [line:712] INFO 935785283244748801
Wed 29 Nov 2017 16:19:36 API.py [line:712] INFO 935785287715901440
Wed 29 Nov 2017 16:19:37 API.py [line:712] INFO 935785291935129600
Wed 29 Nov 2017 16:19:38 API.py [line:712] INFO 935785296658014209
Wed 29 Nov 2017 16:19:39 API.py [line:712] INFO 935785300567015424
Wed 29 Nov 2017 16:19:40 API.py [line:712] INFO 935785303952056321
Wed 29 Nov 2017 16:19:41 API.py [line:712] INFO 935785306376241153
Wed 29 Nov 2017 16:19:41 API.py [line:712] INFO 935785306967691264
Wed 29 Nov 2017 16:19:41 API.py [line:712] INFO 935785306921594881
Wed 29 Nov 2017 16:19:42 API.py [line:712] INFO 935785310184726528
Wed 29 Nov 2017 16:19:42 API.py [line:712] INFO 935785313045221376
Wed 29 Nov 2017 16:19:43 API.py [line:712] INFO 935785313317908480
Wed 29 Nov 2017 16:19:44 API.py [line:712] INFO 935785319433093121
Wed 29 Nov 2017 16:19:44 API.py [line:712] INFO 935785321056342016
Wed 29 Nov 2017 16:19:45 API.py [line:712] INFO 935785325862952960
Wed 29 Nov 2017 16:19:46 API.py [line:712] INFO 935785327125397504
Wed 29 Nov 2017 16:19:46 API.py [line:712] INFO 935785328543232007
Wed 29 Nov 2017 16:19:46 API.py [line:712] INFO 935785330137026561
Wed 29 Nov 2017 16:19:47 API.py [line:712] INFO 935785331475058688
Wed 29 Nov 2017 16:19:47 API.py [line:712] INFO 935785333827837952
Wed 29 Nov 2017 16:19:48 API.py [line:712] INFO 935785335895810048
Wed 29 Nov 2017 16:19:49 API.py [line:712] INFO 935785339725275137
Wed 29 Nov 2017 16:19:49 API.py [line:712] INFO 935785341738471424
Wed 29 Nov 2017 16:19:49 API.py [line:712] INFO 935785342698790912
Wed 29 Nov 2017 16:19:49 API.py [line:712] INFO 935785343567110144
Wed 29 Nov 2017 16:19:50 API.py [line:712] INFO 935785344556982273
Wed 29 Nov 2017 16:19:50 API.py [line:712] INFO 935785344791801857
Wed 29 Nov 2017 16:19:50 API.py [line:712] INFO 935785344620023815
Wed 29 Nov 2017 16:19:50 API.py [line:712] INFO 935785345148444672
