Wed 29 Nov 2017 19:02:39 API.py [line:660] INFO start
Wed 29 Nov 2017 19:02:39 API.py [line:692] INFO thread 0 start.
Wed 29 Nov 2017 19:02:39 API.py [line:695] INFO thread 0's token_index 440
Wed 29 Nov 2017 19:02:39 API.py [line:696] INFO {u'access_token': u'725190420049879040-IQ0tWsepdMYXXipNzJGKcgMmViqQbtu', u'consumer_secret': u'LivsS9DTKh4Xmfo2vOG2tpKmrj8lxsYqiDgZLamPBJahFqnjUo', u'consumer_key': u'fO4lXV6LLz5e1Ew6uRDtvXpIQ', u'access_token_secret': u'IwqfAKSHQHXrpvu8e2Y1vmoA4yYeiSt2IEppdQ0dSFbE6'}
Wed 29 Nov 2017 19:02:39 API.py [line:697] INFO [u'china']
Wed 29 Nov 2017 19:02:39 API.py [line:698] INFO ['222.197.180.171:8118']
Wed 29 Nov 2017 19:02:42 API.py [line:712] INFO 935826333430464512
Wed 29 Nov 2017 19:02:43 API.py [line:712] INFO 935826335691345922
Wed 29 Nov 2017 19:02:43 API.py [line:712] INFO 935826336454656000
Wed 29 Nov 2017 19:02:44 API.py [line:712] INFO 935826339981967360
Wed 29 Nov 2017 19:02:44 API.py [line:712] INFO 935826341064269824
Wed 29 Nov 2017 19:02:44 API.py [line:712] INFO 935826342494343169
Wed 29 Nov 2017 19:02:45 API.py [line:712] INFO 935826345245868032
Wed 29 Nov 2017 19:02:45 API.py [line:712] INFO 935826345392664576
Wed 29 Nov 2017 19:02:45 API.py [line:712] INFO 935826344318992385
Wed 29 Nov 2017 19:02:46 API.py [line:712] INFO 935826348206997505
Wed 29 Nov 2017 19:02:46 API.py [line:712] INFO 935826349553360896
Wed 29 Nov 2017 19:02:46 API.py [line:712] INFO 935826350182604801
Wed 29 Nov 2017 19:02:47 API.py [line:712] INFO 935826352447553536
Wed 29 Nov 2017 19:02:47 API.py [line:712] INFO 935826354049728512
Wed 29 Nov 2017 19:02:47 API.py [line:712] INFO 935826354158710784
Wed 29 Nov 2017 19:02:47 API.py [line:712] INFO 935826354511208448
Wed 29 Nov 2017 19:02:48 API.py [line:712] INFO 935826356834787328
Wed 29 Nov 2017 19:02:48 API.py [line:712] INFO 935826357178785792
Wed 29 Nov 2017 19:02:48 API.py [line:712] INFO 935826357837209600
Wed 29 Nov 2017 19:02:49 API.py [line:712] INFO 935826359871344641
Wed 29 Nov 2017 19:02:49 API.py [line:712] INFO 935826361196965888
Wed 29 Nov 2017 19:02:49 API.py [line:712] INFO 935826363348422657
Wed 29 Nov 2017 19:02:49 API.py [line:712] INFO 935826363667193857
Wed 29 Nov 2017 19:02:50 API.py [line:712] INFO 935826364959256576
Wed 29 Nov 2017 19:02:50 API.py [line:712] INFO 935826366280351746
Wed 29 Nov 2017 19:02:50 API.py [line:712] INFO 935826367064588288
Wed 29 Nov 2017 19:02:51 API.py [line:712] INFO 935826367974850560
Wed 29 Nov 2017 19:02:51 API.py [line:712] INFO 935826370151804928
Wed 29 Nov 2017 19:02:51 API.py [line:712] INFO 935826371338674176
Wed 29 Nov 2017 19:02:52 API.py [line:712] INFO 935826372370481152
Wed 29 Nov 2017 19:02:52 API.py [line:712] INFO 935826373289000961
Wed 29 Nov 2017 19:02:52 API.py [line:712] INFO 935826375398821889
Wed 29 Nov 2017 19:02:53 API.py [line:712] INFO 935826375340101632
Wed 29 Nov 2017 19:02:53 API.py [line:712] INFO 935826376715890688
Wed 29 Nov 2017 19:02:53 API.py [line:712] INFO 935826378011766786
Wed 29 Nov 2017 19:02:53 API.py [line:712] INFO 935826380138283008
Wed 29 Nov 2017 19:02:54 API.py [line:712] INFO 935826381044269056
Wed 29 Nov 2017 19:02:54 API.py [line:712] INFO 935826381568483329
Wed 29 Nov 2017 19:02:54 API.py [line:712] INFO 935826382310948864
Wed 29 Nov 2017 19:02:54 API.py [line:712] INFO 935826383351062529
Wed 29 Nov 2017 19:02:55 API.py [line:712] INFO 935826384710025216
Wed 29 Nov 2017 19:02:55 API.py [line:712] INFO 935826384919949312
Wed 29 Nov 2017 19:02:55 API.py [line:712] INFO 935826386438287360
Wed 29 Nov 2017 19:02:55 API.py [line:712] INFO 935826387318988801
Wed 29 Nov 2017 19:02:55 API.py [line:712] INFO 935826387939688448
Wed 29 Nov 2017 19:02:55 API.py [line:712] INFO 935826388929560577
Wed 29 Nov 2017 19:02:56 API.py [line:712] INFO 935826389369995264
Wed 29 Nov 2017 19:02:56 API.py [line:712] INFO 935826390414438405
Wed 29 Nov 2017 19:02:56 API.py [line:712] INFO 935826389407690752
Wed 29 Nov 2017 19:02:56 API.py [line:712] INFO 935826392880574464
Wed 29 Nov 2017 19:02:57 API.py [line:712] INFO 935826395766362112
Wed 29 Nov 2017 19:02:57 API.py [line:712] INFO 935826395787227136
Wed 29 Nov 2017 19:02:57 API.py [line:712] INFO 935826395774767104
Wed 29 Nov 2017 19:02:57 API.py [line:712] INFO 935826395908816897
Wed 29 Nov 2017 19:02:57 API.py [line:712] INFO 935826396890521607
Wed 29 Nov 2017 19:02:58 API.py [line:712] INFO 935826398064754688
Wed 29 Nov 2017 19:02:58 API.py [line:712] INFO 935826398769446912
Wed 29 Nov 2017 19:02:58 API.py [line:712] INFO 935826399880822787
Wed 29 Nov 2017 19:02:58 API.py [line:712] INFO 935826401235632128
Wed 29 Nov 2017 19:02:58 API.py [line:712] INFO 935826400996667392
Wed 29 Nov 2017 19:02:59 API.py [line:712] INFO 935826403987091456
Wed 29 Nov 2017 19:02:59 API.py [line:712] INFO 935826405064978432
Wed 29 Nov 2017 19:03:00 API.py [line:712] INFO 935826406675804161
Wed 29 Nov 2017 19:03:00 API.py [line:712] INFO 935826407954853888
Wed 29 Nov 2017 19:03:00 API.py [line:712] INFO 935826408286306304
Wed 29 Nov 2017 19:03:00 API.py [line:712] INFO 935826407858606080
Wed 29 Nov 2017 19:03:01 API.py [line:712] INFO 935826413097275392
Wed 29 Nov 2017 19:03:02 API.py [line:712] INFO 935826415689326593
Wed 29 Nov 2017 19:03:02 API.py [line:712] INFO 935826416964431872
Wed 29 Nov 2017 19:03:02 API.py [line:712] INFO 935826417270579200
Wed 29 Nov 2017 19:03:02 API.py [line:712] INFO 935826418084339719
Wed 29 Nov 2017 19:03:04 API.py [line:712] INFO 935826423301808129
Wed 29 Nov 2017 19:03:04 API.py [line:712] INFO 935826424140726273
Wed 29 Nov 2017 19:03:04 API.py [line:712] INFO 935826425331859456
Wed 29 Nov 2017 19:03:04 API.py [line:712] INFO 935826425457688576
Wed 29 Nov 2017 19:03:04 API.py [line:712] INFO 935826425424199680
Wed 29 Nov 2017 19:03:05 API.py [line:712] INFO 935826426753794048
Wed 29 Nov 2017 19:03:05 API.py [line:712] INFO 935826427630538752
Wed 29 Nov 2017 19:03:05 API.py [line:712] INFO 935826427722608640
Wed 29 Nov 2017 19:03:05 API.py [line:712] INFO 935826426992955394
Wed 29 Nov 2017 19:03:05 API.py [line:712] INFO 935826429325074432
Wed 29 Nov 2017 19:03:06 API.py [line:712] INFO 935826430885277696
Wed 29 Nov 2017 19:03:06 API.py [line:712] INFO 935826433141891072
Wed 29 Nov 2017 19:03:06 API.py [line:712] INFO 935826432453885952
Wed 29 Nov 2017 19:03:06 API.py [line:712] INFO 935826434764898304
Wed 29 Nov 2017 19:03:06 API.py [line:712] INFO 935826434546860033
Wed 29 Nov 2017 19:03:07 API.py [line:712] INFO 935826435968614400
Wed 29 Nov 2017 19:03:07 API.py [line:712] INFO 935826438963515392
Wed 29 Nov 2017 19:03:08 API.py [line:712] INFO 935826439391404032
Wed 29 Nov 2017 19:03:08 API.py [line:712] INFO 935826441249452032
Wed 29 Nov 2017 19:03:08 API.py [line:712] INFO 935826443254210560
Wed 29 Nov 2017 19:03:08 API.py [line:712] INFO 935826443048767488
Wed 29 Nov 2017 19:03:09 API.py [line:712] INFO 935826443631673344
Wed 29 Nov 2017 19:03:09 API.py [line:712] INFO 935826443979722752
Wed 29 Nov 2017 19:03:09 API.py [line:712] INFO 935826444675985414
Wed 29 Nov 2017 19:03:09 API.py [line:712] INFO 935826444734943232
Wed 29 Nov 2017 19:03:09 API.py [line:712] INFO 935826445988872193
Wed 29 Nov 2017 19:03:09 API.py [line:712] INFO 935826447024799745
Wed 29 Nov 2017 19:03:09 API.py [line:712] INFO 935826447012376582
Wed 29 Nov 2017 19:03:12 API.py [line:712] INFO 935826456218701824
Wed 29 Nov 2017 19:03:12 API.py [line:712] INFO 935826456797626368
Wed 29 Nov 2017 19:03:12 API.py [line:712] INFO 935826457116401665
Wed 29 Nov 2017 19:03:12 API.py [line:712] INFO 935826457984753664
Wed 29 Nov 2017 19:03:12 API.py [line:712] INFO 935826457951195137
Wed 29 Nov 2017 19:03:12 API.py [line:712] INFO 935826459393908736
Wed 29 Nov 2017 19:03:13 API.py [line:712] INFO 935826460928917505
Wed 29 Nov 2017 19:03:13 API.py [line:712] INFO 935826461621084160
Wed 29 Nov 2017 19:03:13 API.py [line:712] INFO 935826461172404224
Wed 29 Nov 2017 19:03:13 API.py [line:712] INFO 935826463026278400
Wed 29 Nov 2017 19:03:13 API.py [line:712] INFO 935826463982358528
Wed 29 Nov 2017 19:03:13 API.py [line:712] INFO 935826464121016320
Wed 29 Nov 2017 19:03:14 API.py [line:712] INFO 935826465660264448
Wed 29 Nov 2017 19:03:14 API.py [line:712] INFO 935826467178631168
Wed 29 Nov 2017 19:03:14 API.py [line:712] INFO 935826467551932416
Wed 29 Nov 2017 19:03:14 API.py [line:712] INFO 935826467606409216
Wed 29 Nov 2017 19:03:15 API.py [line:712] INFO 935826469317726208
Wed 29 Nov 2017 19:03:15 API.py [line:712] INFO 935826470089326593
Wed 29 Nov 2017 19:03:15 API.py [line:712] INFO 935826470798229504
Wed 29 Nov 2017 19:03:15 API.py [line:712] INFO 935826456084602881
Wed 29 Nov 2017 19:03:16 API.py [line:712] INFO 935826473579028480
Wed 29 Nov 2017 19:03:16 API.py [line:712] INFO 935826475172925440
Wed 29 Nov 2017 19:03:16 API.py [line:712] INFO 935826476288507905
Wed 29 Nov 2017 19:03:16 API.py [line:712] INFO 935826476590665728
Wed 29 Nov 2017 19:03:16 API.py [line:712] INFO 935826476095721473
Wed 29 Nov 2017 19:03:17 API.py [line:712] INFO 935826477873995776
Wed 29 Nov 2017 19:03:18 API.py [line:712] INFO 935826483951566848
Wed 29 Nov 2017 19:03:18 API.py [line:712] INFO 935826483746140160
Wed 29 Nov 2017 19:03:19 API.py [line:712] INFO 935826485624979456
Wed 29 Nov 2017 19:03:19 API.py [line:712] INFO 935826489064353792
Wed 29 Nov 2017 19:03:19 API.py [line:712] INFO 935826489739591681
Wed 29 Nov 2017 19:03:20 API.py [line:712] INFO 935826490536574981
Wed 29 Nov 2017 19:03:20 API.py [line:712] INFO 935826492382236673
Wed 29 Nov 2017 19:03:20 API.py [line:712] INFO 935826493564784640
Wed 29 Nov 2017 19:03:21 API.py [line:712] INFO 935826496001855488
Wed 29 Nov 2017 19:03:21 API.py [line:712] INFO 935826494210879488
Wed 29 Nov 2017 19:03:22 API.py [line:712] INFO 935826497159421957
Wed 29 Nov 2017 19:03:22 API.py [line:712] INFO 935826499118051328
Wed 29 Nov 2017 19:03:22 API.py [line:712] INFO 935826502259576832
Wed 29 Nov 2017 19:03:23 API.py [line:712] INFO 935826502515675136
Wed 29 Nov 2017 19:03:23 API.py [line:712] INFO 935826505191624704
Wed 29 Nov 2017 19:03:24 API.py [line:712] INFO 935826506986721280
Wed 29 Nov 2017 19:03:24 API.py [line:712] INFO 935826508546842624
Wed 29 Nov 2017 19:03:24 API.py [line:712] INFO 935826510329479169
Wed 29 Nov 2017 19:03:25 API.py [line:712] INFO 935826513512906753
Wed 29 Nov 2017 19:03:25 API.py [line:712] INFO 935826513559281664
Wed 29 Nov 2017 19:03:25 API.py [line:712] INFO 935826513190035457
Wed 29 Nov 2017 19:03:26 API.py [line:712] INFO 935826515744485376
Wed 29 Nov 2017 19:03:26 API.py [line:712] INFO 935826516008755200
Wed 29 Nov 2017 19:03:26 API.py [line:712] INFO 935826516423749632
Wed 29 Nov 2017 19:03:26 API.py [line:712] INFO 935826518219083776
Wed 29 Nov 2017 19:03:28 API.py [line:712] INFO 935826525412364288
Wed 29 Nov 2017 19:03:28 API.py [line:712] INFO 935826526725079041
Wed 29 Nov 2017 19:03:28 API.py [line:712] INFO 935826526775496705
Wed 29 Nov 2017 19:03:29 API.py [line:712] INFO 935826528285405184
Wed 29 Nov 2017 19:03:29 API.py [line:712] INFO 935826529199693826
Wed 29 Nov 2017 19:03:29 API.py [line:712] INFO 935826529271115777
Wed 29 Nov 2017 19:03:30 API.py [line:712] INFO 935826531276021760
Wed 29 Nov 2017 19:03:30 API.py [line:712] INFO 935826529573068801
Wed 29 Nov 2017 19:03:30 API.py [line:712] INFO 935826532370542592
Wed 29 Nov 2017 19:03:30 API.py [line:712] INFO 935826533654188032
Wed 29 Nov 2017 19:03:31 API.py [line:712] INFO 935826539026845696
Wed 29 Nov 2017 19:03:31 API.py [line:712] INFO 935826539928723456
Wed 29 Nov 2017 19:03:32 API.py [line:712] INFO 935826540377530368
Wed 29 Nov 2017 19:03:32 API.py [line:712] INFO 935826541140779009
Wed 29 Nov 2017 19:03:32 API.py [line:712] INFO 935826541971419137
Wed 29 Nov 2017 19:03:32 API.py [line:712] INFO 935826542680305664
Wed 29 Nov 2017 19:03:32 API.py [line:712] INFO 935826542994759681
Wed 29 Nov 2017 19:03:32 API.py [line:712] INFO 935826543347224577
Wed 29 Nov 2017 19:03:34 API.py [line:712] INFO 935826549047287809
Wed 29 Nov 2017 19:03:34 API.py [line:712] INFO 935826549894414336
Wed 29 Nov 2017 19:03:34 API.py [line:712] INFO 935826550221520901
Wed 29 Nov 2017 19:03:35 API.py [line:712] INFO 935826552964628480
Wed 29 Nov 2017 19:03:35 API.py [line:712] INFO 935826554541748224
Wed 29 Nov 2017 19:03:36 API.py [line:712] INFO 935826558492790784
Wed 29 Nov 2017 19:03:37 API.py [line:712] INFO 935826563962155008
Wed 29 Nov 2017 19:03:38 API.py [line:712] INFO 935826565174317056
Wed 29 Nov 2017 19:03:38 API.py [line:712] INFO 935826565287485440
Wed 29 Nov 2017 19:03:38 API.py [line:712] INFO 935826565174214656
Wed 29 Nov 2017 19:03:38 API.py [line:712] INFO 935826565614710785
Wed 29 Nov 2017 19:03:38 API.py [line:712] INFO 935826565287628800
Wed 29 Nov 2017 19:03:39 API.py [line:712] INFO 935826569204981760
Wed 29 Nov 2017 19:03:39 API.py [line:712] INFO 935826570932973569
Wed 29 Nov 2017 19:03:39 API.py [line:712] INFO 935826571461402624
Wed 29 Nov 2017 19:03:39 API.py [line:712] INFO 935826571507638272
Wed 29 Nov 2017 19:03:39 API.py [line:712] INFO 935826569649643521
Wed 29 Nov 2017 19:03:41 API.py [line:712] INFO 935826577694298112
Wed 29 Nov 2017 19:03:41 API.py [line:712] INFO 935826580269563904
Wed 29 Nov 2017 19:03:41 API.py [line:712] INFO 935826581427126272
Wed 29 Nov 2017 19:03:42 API.py [line:712] INFO 935826582605893632
Wed 29 Nov 2017 19:03:42 API.py [line:712] INFO 935826583616720896
Wed 29 Nov 2017 19:03:42 API.py [line:712] INFO 935826584342327296
Wed 29 Nov 2017 19:03:43 API.py [line:712] INFO 935826587555172352
Wed 29 Nov 2017 19:03:44 API.py [line:712] INFO 935826591325806592
Wed 29 Nov 2017 19:03:45 API.py [line:712] INFO 935826595310211072
Wed 29 Nov 2017 19:03:45 API.py [line:712] INFO 935826597239595008
Wed 29 Nov 2017 19:03:45 API.py [line:712] INFO 935826597302566912
Wed 29 Nov 2017 19:03:46 API.py [line:712] INFO 935826598791561217
Wed 29 Nov 2017 19:03:46 API.py [line:712] INFO 935826599865282561
Wed 29 Nov 2017 19:03:46 API.py [line:712] INFO 935826600020471808
Wed 29 Nov 2017 19:03:46 API.py [line:712] INFO 935826601006153729
Wed 29 Nov 2017 19:03:47 API.py [line:712] INFO 935826602000306178
Wed 29 Nov 2017 19:03:47 API.py [line:712] INFO 935826603757596672
Wed 29 Nov 2017 19:03:48 API.py [line:712] INFO 935826609130504193
Wed 29 Nov 2017 19:03:48 API.py [line:712] INFO 935826609814294528
Wed 29 Nov 2017 19:03:49 API.py [line:712] INFO 935826612481695744
Wed 29 Nov 2017 19:03:49 API.py [line:712] INFO 935826612574093312
Wed 29 Nov 2017 19:03:49 API.py [line:712] INFO 935826613257764864
Wed 29 Nov 2017 19:03:49 API.py [line:712] INFO 935826614738231296
Wed 29 Nov 2017 19:03:49 API.py [line:712] INFO 935826615010975744
Wed 29 Nov 2017 19:03:50 API.py [line:712] INFO 935826615774232576
Wed 29 Nov 2017 19:03:50 API.py [line:712] INFO 935826615648620544
Wed 29 Nov 2017 19:03:50 API.py [line:712] INFO 935826616533508096
Wed 29 Nov 2017 19:03:50 API.py [line:712] INFO 935826618945114112
Wed 29 Nov 2017 19:03:50 API.py [line:712] INFO 935826618056093696
Wed 29 Nov 2017 19:03:51 API.py [line:712] INFO 935826619712733184
Wed 29 Nov 2017 19:03:51 API.py [line:712] INFO 935826620325212160
Wed 29 Nov 2017 19:03:51 API.py [line:712] INFO 935826623152128001
Wed 29 Nov 2017 19:03:52 API.py [line:712] INFO 935826624947343366
Wed 29 Nov 2017 19:03:52 API.py [line:712] INFO 935826626486685696
Wed 29 Nov 2017 19:03:52 API.py [line:712] INFO 935826627103154176
Wed 29 Nov 2017 19:03:52 API.py [line:712] INFO 935826627166121984
Wed 29 Nov 2017 19:03:53 API.py [line:712] INFO 935826629619625984
Wed 29 Nov 2017 19:03:55 API.py [line:712] INFO 935826637341458434
Wed 29 Nov 2017 19:03:55 API.py [line:712] INFO 935826638713049088
Wed 29 Nov 2017 19:03:55 API.py [line:712] INFO 935826640097050624
Wed 29 Nov 2017 19:03:56 API.py [line:712] INFO 935826642404085760
Wed 29 Nov 2017 19:03:56 API.py [line:712] INFO 935826642479575040
Wed 29 Nov 2017 19:03:57 API.py [line:712] INFO 935826648309682176
Wed 29 Nov 2017 19:03:58 API.py [line:712] INFO 935826650285117441
Wed 29 Nov 2017 19:03:58 API.py [line:712] INFO 935826651450982405
Wed 29 Nov 2017 19:03:58 API.py [line:712] INFO 935826650998214656
Wed 29 Nov 2017 19:03:58 API.py [line:712] INFO 935826652046733312
Wed 29 Nov 2017 19:03:58 API.py [line:712] INFO 935826652281446400
Wed 29 Nov 2017 19:03:58 API.py [line:712] INFO 935826652550062080
Wed 29 Nov 2017 19:03:58 API.py [line:712] INFO 935826653229363200
Wed 29 Nov 2017 19:03:59 API.py [line:712] INFO 935826655393624066
Wed 29 Nov 2017 19:03:59 API.py [line:712] INFO 935826656794525696
Wed 29 Nov 2017 19:04:00 API.py [line:712] INFO 935826658921144321
Wed 29 Nov 2017 19:04:00 API.py [line:712] INFO 935826660049412096
Wed 29 Nov 2017 19:04:01 API.py [line:712] INFO 935826663505412096
Wed 29 Nov 2017 19:04:01 API.py [line:712] INFO 935826663643815937
Wed 29 Nov 2017 19:04:02 API.py [line:712] INFO 935826667699884033
Wed 29 Nov 2017 19:04:02 API.py [line:712] INFO 935826667557158912
Wed 29 Nov 2017 19:04:02 API.py [line:712] INFO 935826669310394368
Wed 29 Nov 2017 19:04:03 API.py [line:712] INFO 935826673710141440
Wed 29 Nov 2017 19:04:04 API.py [line:712] INFO 935826675312369664
Wed 29 Nov 2017 19:04:04 API.py [line:712] INFO 935826675979264000
Wed 29 Nov 2017 19:04:04 API.py [line:712] INFO 935826678088994816
Wed 29 Nov 2017 19:04:05 API.py [line:712] INFO 935826681062813696
Wed 29 Nov 2017 19:04:05 API.py [line:712] INFO 935826680307785728
Wed 29 Nov 2017 19:04:06 API.py [line:712] INFO 935826682635841536
Wed 29 Nov 2017 19:04:06 API.py [line:712] INFO 935826683130777600
Wed 29 Nov 2017 19:04:06 API.py [line:712] INFO 935826686020603905
Wed 29 Nov 2017 19:04:07 API.py [line:712] INFO 935826687429959680
Wed 29 Nov 2017 19:04:07 API.py [line:712] INFO 935826688461570048
Wed 29 Nov 2017 19:04:07 API.py [line:712] INFO 935826690256797696
Wed 29 Nov 2017 19:04:07 API.py [line:712] INFO 935826690894282752
Wed 29 Nov 2017 19:04:08 API.py [line:712] INFO 935826691510996992
Wed 29 Nov 2017 19:04:09 API.py [line:712] INFO 935826695508189185
Wed 29 Nov 2017 19:04:09 API.py [line:712] INFO 935826694975275009
Wed 29 Nov 2017 19:04:09 API.py [line:712] INFO 935826694065201152
Wed 29 Nov 2017 19:04:09 API.py [line:712] INFO 935826680920322048
Wed 29 Nov 2017 19:04:09 API.py [line:712] INFO 935826696825180161
Wed 29 Nov 2017 19:04:09 API.py [line:712] INFO 935826693713022976
Wed 29 Nov 2017 19:04:09 API.py [line:712] INFO 935826698989461504
Wed 29 Nov 2017 19:04:10 API.py [line:712] INFO 935826700092416001
Wed 29 Nov 2017 19:04:10 API.py [line:712] INFO 935826700633382913
Wed 29 Nov 2017 19:04:10 API.py [line:712] INFO 935826701380210688
Wed 29 Nov 2017 19:04:10 API.py [line:712] INFO 935826701459836928
Wed 29 Nov 2017 19:04:10 API.py [line:712] INFO 935826701791117313
Wed 29 Nov 2017 19:04:11 API.py [line:712] INFO 935826702428553216
Wed 29 Nov 2017 19:04:11 API.py [line:712] INFO 935826704555233282
Wed 29 Nov 2017 19:04:11 API.py [line:712] INFO 935826706937425925
Wed 29 Nov 2017 19:04:12 API.py [line:712] INFO 935826706673184768
Wed 29 Nov 2017 19:04:12 API.py [line:712] INFO 935826710141976578
Wed 29 Nov 2017 19:04:12 API.py [line:712] INFO 935826710620135424
Wed 29 Nov 2017 19:04:12 API.py [line:712] INFO 935826709538131969
Wed 29 Nov 2017 19:04:13 API.py [line:712] INFO 935826713220497409
Wed 29 Nov 2017 19:04:14 API.py [line:712] INFO 935826718928936960
Wed 29 Nov 2017 19:04:14 API.py [line:712] INFO 935826719449026561
Wed 29 Nov 2017 19:04:14 API.py [line:712] INFO 935826719449083905
Wed 29 Nov 2017 19:04:15 API.py [line:712] INFO 935826720904671232
Wed 29 Nov 2017 19:04:15 API.py [line:712] INFO 935826722599133185
Wed 29 Nov 2017 19:04:15 API.py [line:712] INFO 935826723660210177
Wed 29 Nov 2017 19:04:16 API.py [line:712] INFO 935826727363690496
Wed 29 Nov 2017 19:04:16 API.py [line:712] INFO 935826727749566464
Wed 29 Nov 2017 19:04:17 API.py [line:712] INFO 935826729825861632
Wed 29 Nov 2017 19:04:17 API.py [line:712] INFO 935826731381985280
Wed 29 Nov 2017 19:04:17 API.py [line:712] INFO 935826731688009728
Wed 29 Nov 2017 19:04:18 API.py [line:712] INFO 935826733730844672
Wed 29 Nov 2017 19:04:18 API.py [line:712] INFO 935826735265751040
Wed 29 Nov 2017 19:04:18 API.py [line:712] INFO 935826735471517696
Wed 29 Nov 2017 19:04:18 API.py [line:712] INFO 935826736222150657
Wed 29 Nov 2017 19:04:19 API.py [line:712] INFO 935826736935325696
Wed 29 Nov 2017 19:04:19 API.py [line:712] INFO 935826737664897025
Wed 29 Nov 2017 19:04:19 API.py [line:712] INFO 935826737908408320
Wed 29 Nov 2017 19:04:19 API.py [line:712] INFO 935826739250499587
Wed 29 Nov 2017 19:04:19 API.py [line:712] INFO 935826739585892352
Wed 29 Nov 2017 19:04:19 API.py [line:712] INFO 935826740592517120
Wed 29 Nov 2017 19:04:19 API.py [line:712] INFO 935826740873744384
Wed 29 Nov 2017 19:04:20 API.py [line:712] INFO 935826742454902785
Wed 29 Nov 2017 19:04:21 API.py [line:712] INFO 935826745940250624
Wed 29 Nov 2017 19:04:21 API.py [line:712] INFO 935826748553314304
Wed 29 Nov 2017 19:04:21 API.py [line:712] INFO 935826748360548352
