Fri 24 Nov 2017 17:06:12 API.py [line:660] INFO start
Fri 24 Nov 2017 17:06:12 API.py [line:692] INFO thread 0 start.
Fri 24 Nov 2017 17:06:12 API.py [line:695] INFO thread 0's token_index 286
Fri 24 Nov 2017 17:06:12 API.py [line:696] INFO {u'access_token': u'722730669378437120-RLjGHcmXK1bpJHlc5sPkx2ZXZhaYUY0', u'consumer_secret': u'LivsS9DTKh4Xmfo2vOG2tpKmrj8lxsYqiDgZLamPBJahFqnjUo', u'consumer_key': u'fO4lXV6LLz5e1Ew6uRDtvXpIQ', u'access_token_secret': u'9ZtdDHaWrKuTttb3aDZxZwACxlwWuxIp1G5NxeKuK13Pu'}
Fri 24 Nov 2017 17:06:12 API.py [line:697] INFO [u'china']
Fri 24 Nov 2017 17:06:12 API.py [line:698] INFO ['192.168.1.148:8118']
Fri 24 Nov 2017 17:06:37 API.py [line:712] INFO 933985171384225792
Fri 24 Nov 2017 17:06:38 API.py [line:712] INFO 933985178124464129
Fri 24 Nov 2017 17:06:39 API.py [line:712] INFO 933985181739909122
Fri 24 Nov 2017 17:06:39 API.py [line:712] INFO 933985182847299584
Fri 24 Nov 2017 17:06:39 API.py [line:712] INFO 933985183228944385
Fri 24 Nov 2017 17:06:41 API.py [line:712] INFO 933985188765298688
Fri 24 Nov 2017 17:06:42 API.py [line:712] INFO 933985195409268736
Fri 24 Nov 2017 17:06:42 API.py [line:712] INFO 933985196063387649
Fri 24 Nov 2017 17:06:43 API.py [line:712] INFO 933985198450118656
Fri 24 Nov 2017 17:06:43 API.py [line:712] INFO 933985198970195969
Fri 24 Nov 2017 17:06:44 API.py [line:712] INFO 933985202522566659
Fri 24 Nov 2017 17:06:44 API.py [line:712] INFO 933985204137594880
Fri 24 Nov 2017 17:06:44 API.py [line:712] INFO 933985204364103680
Fri 24 Nov 2017 17:06:46 API.py [line:712] INFO 933985211452342272
Fri 24 Nov 2017 17:06:46 API.py [line:712] INFO 933985211834015744
Fri 24 Nov 2017 17:06:47 API.py [line:712] INFO 933985214942113793
Fri 24 Nov 2017 17:06:47 API.py [line:712] INFO 933985215378345984
Fri 24 Nov 2017 17:06:47 API.py [line:712] INFO 933985215768334336
Fri 24 Nov 2017 17:06:47 API.py [line:712] INFO 933985215701233664
Fri 24 Nov 2017 17:06:48 API.py [line:712] INFO 933985217446141952
Fri 24 Nov 2017 17:06:49 API.py [line:712] INFO 933985222797996032
Fri 24 Nov 2017 17:06:49 API.py [line:712] INFO 933985223024529410
Fri 24 Nov 2017 17:06:49 API.py [line:712] INFO 933985225989746688
Fri 24 Nov 2017 17:06:50 API.py [line:712] INFO 933985227768303617
Fri 24 Nov 2017 17:06:52 API.py [line:712] INFO 933985234604900352
Fri 24 Nov 2017 17:06:52 API.py [line:712] INFO 933985235267493888
Fri 24 Nov 2017 17:06:52 API.py [line:712] INFO 933985234994987008
Fri 24 Nov 2017 17:06:52 API.py [line:712] INFO 933985235863252993
Fri 24 Nov 2017 17:06:52 API.py [line:712] INFO 933985236714708992
Fri 24 Nov 2017 17:06:52 API.py [line:712] INFO 933985237616304128
Fri 24 Nov 2017 17:06:53 API.py [line:712] INFO 933985239659110400
Fri 24 Nov 2017 17:06:53 API.py [line:712] INFO 933985241194213376
Fri 24 Nov 2017 17:06:53 API.py [line:712] INFO 933985241936433152
Fri 24 Nov 2017 17:06:54 API.py [line:712] INFO 933985245199847424
