Fri 24 Nov 2017 16:55:43 API.py [line:660] INFO start
Fri 24 Nov 2017 16:55:43 API.py [line:692] INFO thread 0 start.
Fri 24 Nov 2017 16:55:43 API.py [line:695] INFO thread 0's token_index 123
Fri 24 Nov 2017 16:55:43 API.py [line:696] INFO {u'access_token': u'714784344171089920-TjS0y64apqdykVsh1rC9hnX1lDjP0wG', u'consumer_secret': u'LivsS9DTKh4Xmfo2vOG2tpKmrj8lxsYqiDgZLamPBJahFqnjUo', u'consumer_key': u'fO4lXV6LLz5e1Ew6uRDtvXpIQ', u'access_token_secret': u'aCyKSwzfvtdchPamYiM0kNzBquUUoBV42vwXXkUjMcLel'}
Fri 24 Nov 2017 16:55:43 API.py [line:697] INFO [u'china']
Fri 24 Nov 2017 16:55:43 API.py [line:698] INFO ['192.168.1.148:8118']
Fri 24 Nov 2017 16:55:59 API.py [line:712] INFO 933982494793269248
Fri 24 Nov 2017 16:55:59 API.py [line:712] INFO 933982499566440448
Fri 24 Nov 2017 16:56:00 API.py [line:712] INFO 933982500480831488
Fri 24 Nov 2017 16:56:01 API.py [line:712] INFO 933982502154395648
Fri 24 Nov 2017 16:56:01 API.py [line:712] INFO 933982504029229056
Fri 24 Nov 2017 16:56:01 API.py [line:712] INFO 933982504897339392
Fri 24 Nov 2017 16:56:01 API.py [line:712] INFO 933982505283096576
Fri 24 Nov 2017 16:56:01 API.py [line:712] INFO 933982505329446913
Fri 24 Nov 2017 16:56:01 API.py [line:712] INFO 933982506214416386
Fri 24 Nov 2017 16:56:01 API.py [line:712] INFO 933982508013649920
Fri 24 Nov 2017 16:56:02 API.py [line:712] INFO 933982509976600576
Fri 24 Nov 2017 16:56:02 API.py [line:712] INFO 933982510718926848
Fri 24 Nov 2017 16:56:03 API.py [line:712] INFO 933982512048619521
Fri 24 Nov 2017 16:56:03 API.py [line:712] INFO 933982511377424384
Fri 24 Nov 2017 16:56:03 API.py [line:712] INFO 933982510475644929
Fri 24 Nov 2017 16:56:03 API.py [line:712] INFO 933982515727077376
