Wed 29 Nov 2017 15:37:02 API.py [line:660] INFO start
Wed 29 Nov 2017 15:37:02 API.py [line:692] INFO thread 0 start.
Wed 29 Nov 2017 15:37:02 API.py [line:695] INFO thread 0's token_index 365
Wed 29 Nov 2017 15:37:02 API.py [line:696] INFO {u'access_token': u'724503369478369280-Z4UNj9yNu4A5IaxIOoAcq1wYaSIiLbq', u'consumer_secret': u'LivsS9DTKh4Xmfo2vOG2tpKmrj8lxsYqiDgZLamPBJahFqnjUo', u'consumer_key': u'fO4lXV6LLz5e1Ew6uRDtvXpIQ', u'access_token_secret': u'9wj6DURE1JcwXJBcMIhjO9or673nvnHmgyTEbEg3yexcM'}
Wed 29 Nov 2017 15:37:02 API.py [line:697] INFO [u'china']
Wed 29 Nov 2017 15:37:02 API.py [line:698] INFO ['192.168.1.148:8118']
Wed 29 Nov 2017 15:37:02 TwitterError.py [line:22] WARNING 400 statuses/filter text HTTPSConnectionPool(host='stream.twitter.com', port=443): Max retries exceeded with url: /1.1/statuses/filter.json (Caused by ProxyError('Cannot connect to proxy.', error('Invalid response from tunnel request',)))
Wed 29 Nov 2017 15:37:02 API.py [line:222] WARNING HTTPSConnectionPool(host='stream.twitter.com', port=443): Max retries exceeded with url: /1.1/statuses/filter.json (Caused by ProxyError('Cannot connect to proxy.', error('Invalid response from tunnel request',)))
Wed 29 Nov 2017 15:37:10 API.py [line:712] INFO 935774607168233472
Wed 29 Nov 2017 15:37:10 API.py [line:712] INFO 935774598301327361
Wed 29 Nov 2017 15:37:11 API.py [line:712] INFO 935774612029308929
Wed 29 Nov 2017 15:37:13 API.py [line:712] INFO 935774619977515009
Wed 29 Nov 2017 15:37:13 API.py [line:712] INFO 935774621634195456
Wed 29 Nov 2017 15:37:13 API.py [line:712] INFO 935774621990838272
Wed 29 Nov 2017 15:37:13 API.py [line:712] INFO 935774622313779200
Wed 29 Nov 2017 15:37:13 API.py [line:712] INFO 935774621072351233
Wed 29 Nov 2017 15:37:13 API.py [line:712] INFO 935774622691229696
Wed 29 Nov 2017 15:37:14 API.py [line:712] INFO 935774623659991041
Wed 29 Nov 2017 15:37:14 API.py [line:712] INFO 935774624016732161
Wed 29 Nov 2017 15:37:14 API.py [line:712] INFO 935774624016683010
Wed 29 Nov 2017 15:37:14 API.py [line:712] INFO 935774626063568897
Wed 29 Nov 2017 15:37:14 API.py [line:712] INFO 935774626327810048
Wed 29 Nov 2017 15:37:15 API.py [line:712] INFO 935774628722692097
Wed 29 Nov 2017 15:37:16 API.py [line:712] INFO 935774632329777152
Wed 29 Nov 2017 15:37:16 API.py [line:712] INFO 935774632656777217
Wed 29 Nov 2017 15:37:16 API.py [line:712] INFO 935774633659334656
Wed 29 Nov 2017 15:37:16 API.py [line:712] INFO 935774634062073857
Wed 29 Nov 2017 15:37:16 API.py [line:712] INFO 935774634523463680
Wed 29 Nov 2017 15:37:17 API.py [line:712] INFO 935774636289265664
Wed 29 Nov 2017 15:37:17 API.py [line:712] INFO 935774637174263808
Wed 29 Nov 2017 15:37:18 API.py [line:712] INFO 935774641985150978
Wed 29 Nov 2017 15:37:18 API.py [line:712] INFO 935774641934733312
Wed 29 Nov 2017 15:37:19 API.py [line:712] INFO 935774644854018050
Wed 29 Nov 2017 15:37:19 API.py [line:712] INFO 935774644883378177
Wed 29 Nov 2017 15:37:20 API.py [line:712] INFO 935774651136999425
Wed 29 Nov 2017 15:37:21 API.py [line:712] INFO 935774652718137344
Wed 29 Nov 2017 15:37:21 API.py [line:712] INFO 935774653288771584
Wed 29 Nov 2017 15:37:21 API.py [line:712] INFO 935774654630854657
Wed 29 Nov 2017 15:37:21 API.py [line:712] INFO 935774656182730752
Wed 29 Nov 2017 15:37:22 API.py [line:712] INFO 935774656409239552
Wed 29 Nov 2017 15:37:22 API.py [line:712] INFO 935774658359627777
Wed 29 Nov 2017 15:37:22 API.py [line:712] INFO 935774659638853633
Wed 29 Nov 2017 15:37:22 API.py [line:712] INFO 935774660444143616
Wed 29 Nov 2017 15:37:23 API.py [line:712] INFO 935774661840908288
Wed 29 Nov 2017 15:37:23 API.py [line:712] INFO 935774661538918400
Wed 29 Nov 2017 15:37:23 API.py [line:712] INFO 935774661987786753
Wed 29 Nov 2017 15:37:23 API.py [line:712] INFO 935774663631917057
Wed 29 Nov 2017 15:37:23 API.py [line:712] INFO 935774664747573248
Wed 29 Nov 2017 15:37:25 API.py [line:712] INFO 935774671705747456
Wed 29 Nov 2017 15:37:25 API.py [line:712] INFO 935774671923945472
Wed 29 Nov 2017 15:37:26 API.py [line:712] INFO 935774675061362688
Wed 29 Nov 2017 15:37:27 API.py [line:712] INFO 935774681411530752
Wed 29 Nov 2017 15:37:28 API.py [line:712] INFO 935774682413805568
Wed 29 Nov 2017 15:37:29 API.py [line:712] INFO 935774687250075649
Wed 29 Nov 2017 15:37:29 API.py [line:712] INFO 935774687434608640
Wed 29 Nov 2017 15:37:29 API.py [line:712] INFO 935774688999100417
Wed 29 Nov 2017 15:37:29 API.py [line:712] INFO 935774689703669761
Wed 29 Nov 2017 15:37:31 API.py [line:712] INFO 935774696192086016
Wed 29 Nov 2017 15:37:33 API.py [line:712] INFO 935774704115183616
Wed 29 Nov 2017 15:37:33 API.py [line:712] INFO 935774706153558016
Wed 29 Nov 2017 15:37:34 API.py [line:712] INFO 935774708808560640
Wed 29 Nov 2017 15:37:34 API.py [line:712] INFO 935774711077883904
Wed 29 Nov 2017 15:37:35 API.py [line:712] INFO 935774711778340865
Wed 29 Nov 2017 15:37:35 API.py [line:712] INFO 935774712134819840
Wed 29 Nov 2017 15:37:35 API.py [line:712] INFO 935774714345263104
Wed 29 Nov 2017 15:37:35 API.py [line:712] INFO 935774714777227265
Wed 29 Nov 2017 15:37:36 API.py [line:712] INFO 935774715486068736
Wed 29 Nov 2017 15:37:36 API.py [line:712] INFO 935774718216376320
Wed 29 Nov 2017 15:37:38 API.py [line:712] INFO 935774727133716481
Wed 29 Nov 2017 15:37:39 API.py [line:712] INFO 935774730203869185
Wed 29 Nov 2017 15:37:39 API.py [line:712] INFO 935774730564657153
Wed 29 Nov 2017 15:37:40 API.py [line:712] INFO 935774734356287489
Wed 29 Nov 2017 15:37:40 API.py [line:712] INFO 935774734926663680
Wed 29 Nov 2017 15:37:41 API.py [line:712] INFO 935774737128603648
Wed 29 Nov 2017 15:37:41 API.py [line:712] INFO 935774739758501888
Wed 29 Nov 2017 15:37:42 API.py [line:712] INFO 935774742006640640
Wed 29 Nov 2017 15:37:42 API.py [line:712] INFO 935774743516602368
Wed 29 Nov 2017 15:37:42 API.py [line:712] INFO 935774743910694912
Wed 29 Nov 2017 15:37:42 API.py [line:712] INFO 935774743281709056
Wed 29 Nov 2017 15:37:43 API.py [line:712] INFO 935774745940946944
Wed 29 Nov 2017 15:37:43 API.py [line:712] INFO 935774748738490368
Wed 29 Nov 2017 15:37:44 API.py [line:712] INFO 935774750856511488
Wed 29 Nov 2017 15:37:44 API.py [line:712] INFO 935774750995025920
Wed 29 Nov 2017 15:37:46 API.py [line:712] INFO 935774760038027264
Wed 29 Nov 2017 15:37:47 API.py [line:712] INFO 935774764991467521
Wed 29 Nov 2017 15:37:48 API.py [line:712] INFO 935774769407983617
Wed 29 Nov 2017 15:37:49 API.py [line:712] INFO 935774770657943553
Wed 29 Nov 2017 15:37:49 API.py [line:712] INFO 935774770951479296
Wed 29 Nov 2017 15:37:49 API.py [line:712] INFO 935774770951606273
Wed 29 Nov 2017 15:37:49 API.py [line:712] INFO 935774772415418370
Wed 29 Nov 2017 15:37:50 API.py [line:712] INFO 935774776018309120
Wed 29 Nov 2017 15:37:51 API.py [line:712] INFO 935774781390983168
Wed 29 Nov 2017 15:37:52 API.py [line:712] INFO 935774785002291200
Wed 29 Nov 2017 15:37:54 API.py [line:712] INFO 935774786587906049
Wed 29 Nov 2017 15:37:54 API.py [line:712] INFO 935774789137981440
Wed 29 Nov 2017 15:37:54 API.py [line:712] INFO 935774794515087361
Wed 29 Nov 2017 15:37:57 API.py [line:712] INFO 935774801398034432
Wed 29 Nov 2017 15:37:57 API.py [line:712] INFO 935774806515036160
Wed 29 Nov 2017 15:37:57 API.py [line:712] INFO 935774806368063488
Wed 29 Nov 2017 15:37:58 API.py [line:712] INFO 935774807559348224
Wed 29 Nov 2017 15:37:58 API.py [line:712] INFO 935774811493507072
Wed 29 Nov 2017 15:37:59 API.py [line:712] INFO 935774812990971904
Wed 29 Nov 2017 15:37:59 API.py [line:712] INFO 935774813045506048
Wed 29 Nov 2017 15:37:59 API.py [line:712] INFO 935774814618386432
Wed 29 Nov 2017 15:37:59 API.py [line:712] INFO 935774814907850752
Wed 29 Nov 2017 15:37:59 API.py [line:712] INFO 935774815692001280
Wed 29 Nov 2017 15:38:00 API.py [line:712] INFO 935774816447053826
Wed 29 Nov 2017 15:38:00 API.py [line:712] INFO 935774817675907074
Wed 29 Nov 2017 15:38:00 API.py [line:712] INFO 935774817998868481
Wed 29 Nov 2017 15:38:00 API.py [line:712] INFO 935774818905022464
Wed 29 Nov 2017 15:38:01 API.py [line:712] INFO 935774820746141696
Wed 29 Nov 2017 15:38:02 API.py [line:712] INFO 935774826089689088
Wed 29 Nov 2017 15:38:03 API.py [line:712] INFO 935774828644020224
Wed 29 Nov 2017 15:38:04 API.py [line:712] INFO 935774833480224768
Wed 29 Nov 2017 15:38:05 API.py [line:712] INFO 935774837108289538
Wed 29 Nov 2017 15:38:05 API.py [line:712] INFO 935774840132374529
Wed 29 Nov 2017 15:38:05 API.py [line:712] INFO 935774840736202752
Wed 29 Nov 2017 15:38:07 API.py [line:712] INFO 935774846897844225
Wed 29 Nov 2017 15:38:07 API.py [line:712] INFO 935774846449078273
Wed 29 Nov 2017 15:38:07 API.py [line:712] INFO 935774847837327360
Wed 29 Nov 2017 15:38:07 API.py [line:712] INFO 935774847589810176
Wed 29 Nov 2017 15:38:07 API.py [line:712] INFO 935774848902664192
Wed 29 Nov 2017 15:38:08 API.py [line:712] INFO 935774850228129793
Wed 29 Nov 2017 15:38:08 API.py [line:712] INFO 935774844477620225
Wed 29 Nov 2017 15:38:08 API.py [line:712] INFO 935774851029184512
Wed 29 Nov 2017 15:38:08 API.py [line:712] INFO 935774851075330049
Wed 29 Nov 2017 15:38:10 API.py [line:712] INFO 935774859430313984
Wed 29 Nov 2017 15:38:10 API.py [line:712] INFO 935774861477269504
Wed 29 Nov 2017 15:38:10 API.py [line:712] INFO 935774860856324097
Wed 29 Nov 2017 15:38:12 API.py [line:712] INFO 935774867584159744
Wed 29 Nov 2017 15:38:13 API.py [line:712] INFO 935774872776642561
Wed 29 Nov 2017 15:38:13 API.py [line:712] INFO 935774872298430464
Wed 29 Nov 2017 15:38:14 API.py [line:712] INFO 935774877449117696
Wed 29 Nov 2017 15:38:15 API.py [line:712] INFO 935774880498405376
Wed 29 Nov 2017 15:38:15 API.py [line:712] INFO 935774882389995521
Wed 29 Nov 2017 15:38:16 API.py [line:712] INFO 935774885577494528
Wed 29 Nov 2017 15:38:16 API.py [line:712] INFO 935774886341070849
Wed 29 Nov 2017 15:38:16 API.py [line:712] INFO 935774886664003584
Wed 29 Nov 2017 15:38:17 API.py [line:712] INFO 935774886777192453
Wed 29 Nov 2017 15:38:17 API.py [line:712] INFO 935774891357429760
Wed 29 Nov 2017 15:38:17 API.py [line:712] INFO 935774890401173504
Wed 29 Nov 2017 15:38:18 API.py [line:712] INFO 935774892569579520
Wed 29 Nov 2017 15:38:18 API.py [line:712] INFO 935774894423465984
Wed 29 Nov 2017 15:38:19 API.py [line:712] INFO 935774898173161472
Wed 29 Nov 2017 15:38:19 API.py [line:712] INFO 935774898504568833
Wed 29 Nov 2017 15:38:19 API.py [line:712] INFO 935774898303262720
Wed 29 Nov 2017 15:38:20 API.py [line:712] INFO 935774902191194112
Wed 29 Nov 2017 15:38:20 API.py [line:712] INFO 935774903541870592
Wed 29 Nov 2017 15:38:21 API.py [line:712] INFO 935774907580923904
Wed 29 Nov 2017 15:38:22 API.py [line:712] INFO 935774908545687554
Wed 29 Nov 2017 15:38:22 API.py [line:712] INFO 935774909095202817
Wed 29 Nov 2017 15:38:22 API.py [line:712] INFO 935774909866872832
Wed 29 Nov 2017 15:38:22 API.py [line:712] INFO 935774912274341888
Wed 29 Nov 2017 15:38:23 API.py [line:712] INFO 935774912685502464
Wed 29 Nov 2017 15:38:23 API.py [line:712] INFO 935774915298553856
Wed 29 Nov 2017 15:38:23 API.py [line:712] INFO 935774915285962752
Wed 29 Nov 2017 15:38:24 API.py [line:712] INFO 935774917735284736
Wed 29 Nov 2017 15:38:24 API.py [line:712] INFO 935774919966765056
Wed 29 Nov 2017 15:38:24 API.py [line:712] INFO 935774920054902784
Wed 29 Nov 2017 15:38:25 API.py [line:712] INFO 935774920574828544
Wed 29 Nov 2017 15:38:25 API.py [line:712] INFO 935774923624136704
Wed 29 Nov 2017 15:38:26 API.py [line:712] INFO 935774925549375488
Wed 29 Nov 2017 15:38:26 API.py [line:712] INFO 935774926405021696
Wed 29 Nov 2017 15:38:27 API.py [line:712] INFO 935774930959925248
Wed 29 Nov 2017 15:38:28 API.py [line:712] INFO 935774934592233473
Wed 29 Nov 2017 15:38:28 API.py [line:712] INFO 935774935355744257
Wed 29 Nov 2017 15:38:30 API.py [line:712] INFO 935774942976729088
Wed 29 Nov 2017 15:38:30 API.py [line:712] INFO 935774943320723456
Wed 29 Nov 2017 15:38:30 API.py [line:712] INFO 935774943823851521
Wed 29 Nov 2017 15:38:32 API.py [line:712] INFO 935774952401145856
Wed 29 Nov 2017 15:38:32 API.py [line:712] INFO 935774952862740480
Wed 29 Nov 2017 15:38:33 API.py [line:712] INFO 935774956738269184
Wed 29 Nov 2017 15:38:33 API.py [line:712] INFO 935774958126370816
Wed 29 Nov 2017 15:38:35 API.py [line:712] INFO 935774965613416448
Wed 29 Nov 2017 15:38:35 API.py [line:712] INFO 935774966905233409
Wed 29 Nov 2017 15:38:36 API.py [line:712] INFO 935774970352930816
Wed 29 Nov 2017 15:38:36 API.py [line:712] INFO 935774970805760000
Wed 29 Nov 2017 15:38:37 API.py [line:712] INFO 935774970575294464
Wed 29 Nov 2017 15:38:38 API.py [line:712] INFO 935774976539475968
Wed 29 Nov 2017 15:38:38 API.py [line:712] INFO 935774976971378688
Wed 29 Nov 2017 15:38:38 API.py [line:712] INFO 935774978598952960
Wed 29 Nov 2017 15:38:38 API.py [line:712] INFO 935774978888347649
Wed 29 Nov 2017 15:38:39 API.py [line:712] INFO 935774979865661440
Wed 29 Nov 2017 15:38:39 API.py [line:712] INFO 935774981157404672
Wed 29 Nov 2017 15:38:40 API.py [line:712] INFO 935774985918013440
Wed 29 Nov 2017 15:38:41 API.py [line:712] INFO 935774989961240578
Wed 29 Nov 2017 15:38:41 API.py [line:712] INFO 935774991173304320
Wed 29 Nov 2017 15:38:41 API.py [line:712] INFO 935774991588536320
Wed 29 Nov 2017 15:38:42 API.py [line:712] INFO 935774994172329985
Wed 29 Nov 2017 15:38:42 API.py [line:712] INFO 935774995502026752
Wed 29 Nov 2017 15:38:43 API.py [line:712] INFO 935774996818837506
Wed 29 Nov 2017 15:38:43 API.py [line:712] INFO 935774997519392768
Wed 29 Nov 2017 15:38:43 API.py [line:712] INFO 935774998538674177
Wed 29 Nov 2017 15:38:43 API.py [line:712] INFO 935774999725699072
Wed 29 Nov 2017 15:38:44 API.py [line:712] INFO 935775003978502144
Wed 29 Nov 2017 15:38:45 API.py [line:712] INFO 935775007271194624
Wed 29 Nov 2017 15:38:46 API.py [line:712] INFO 935775009477296128
Wed 29 Nov 2017 15:38:47 API.py [line:712] INFO 935775014464372736
Wed 29 Nov 2017 15:38:47 API.py [line:712] INFO 935775016771342336
Wed 29 Nov 2017 15:38:47 API.py [line:712] INFO 935775016930570240
Wed 29 Nov 2017 15:38:48 API.py [line:712] INFO 935775018973196288
Wed 29 Nov 2017 15:38:48 API.py [line:712] INFO 935775019883483136
Wed 29 Nov 2017 15:38:48 API.py [line:712] INFO 935775020512632832
Wed 29 Nov 2017 15:38:49 API.py [line:712] INFO 935775022563590144
Wed 29 Nov 2017 15:38:49 API.py [line:712] INFO 935775024304099328
Wed 29 Nov 2017 15:38:49 API.py [line:712] INFO 935775024870502400
Wed 29 Nov 2017 15:38:51 API.py [line:712] INFO 935775030201454592
Wed 29 Nov 2017 15:38:51 API.py [line:712] INFO 935775030377508864
Wed 29 Nov 2017 15:38:51 API.py [line:712] INFO 935775031090733056
Wed 29 Nov 2017 15:38:51 API.py [line:712] INFO 935775031312793600
Wed 29 Nov 2017 15:38:51 API.py [line:712] INFO 935775033422761986
Wed 29 Nov 2017 15:38:52 API.py [line:712] INFO 935775036430004224
Wed 29 Nov 2017 15:38:53 API.py [line:712] INFO 935775041525915648
Wed 29 Nov 2017 15:38:54 API.py [line:712] INFO 935775044977950720
Wed 29 Nov 2017 15:38:56 API.py [line:712] INFO 935775053798563840
Wed 29 Nov 2017 15:38:57 API.py [line:712] INFO 935775057825095681
Wed 29 Nov 2017 15:38:59 API.py [line:712] INFO 935775062631706625
Wed 29 Nov 2017 15:38:59 API.py [line:712] INFO 935775064364146689
Wed 29 Nov 2017 15:38:59 API.py [line:712] INFO 935775064783384576
Wed 29 Nov 2017 15:38:59 API.py [line:712] INFO 935775066419318784
Wed 29 Nov 2017 15:39:00 API.py [line:712] INFO 935775070315675648
Wed 29 Nov 2017 15:39:02 API.py [line:712] INFO 935775079144628225
Wed 29 Nov 2017 15:39:03 API.py [line:712] INFO 935775084198932481
Wed 29 Nov 2017 15:39:03 API.py [line:712] INFO 935775083167211521
Wed 29 Nov 2017 15:39:03 API.py [line:712] INFO 935775084639391745
Wed 29 Nov 2017 15:39:05 API.py [line:712] INFO 935775089609641984
Wed 29 Nov 2017 15:39:05 API.py [line:712] INFO 935775089597042688
Wed 29 Nov 2017 15:39:05 API.py [line:712] INFO 935775092428234752
Wed 29 Nov 2017 15:39:06 API.py [line:712] INFO 935775094831493125
Wed 29 Nov 2017 15:39:07 API.py [line:712] INFO 935775096823844864
Wed 29 Nov 2017 15:39:07 API.py [line:712] INFO 935775097931124736
Wed 29 Nov 2017 15:39:08 API.py [line:712] INFO 935775101580185600
Wed 29 Nov 2017 15:39:08 API.py [line:712] INFO 935775102612004864
Wed 29 Nov 2017 15:39:08 API.py [line:712] INFO 935775103635394560
Wed 29 Nov 2017 15:39:08 API.py [line:712] INFO 935775103660449792
Wed 29 Nov 2017 15:39:09 API.py [line:712] INFO 935775106961432578
Wed 29 Nov 2017 15:39:09 API.py [line:712] INFO 935775107447967746
Wed 29 Nov 2017 15:39:10 API.py [line:712] INFO 935775112179142656
Wed 29 Nov 2017 15:39:10 API.py [line:712] INFO 935775112531386368
Wed 29 Nov 2017 15:39:10 API.py [line:712] INFO 935775113106030592
Wed 29 Nov 2017 15:39:10 API.py [line:712] INFO 935775112032407553
Wed 29 Nov 2017 15:39:12 API.py [line:712] INFO 935775120270020608
Wed 29 Nov 2017 15:39:14 API.py [line:712] INFO 935775127450587137
Wed 29 Nov 2017 15:39:14 API.py [line:712] INFO 935775128704638976
Wed 29 Nov 2017 15:39:14 API.py [line:712] INFO 935775129103228928
Wed 29 Nov 2017 15:39:14 API.py [line:712] INFO 935775129702825984
Wed 29 Nov 2017 15:39:15 API.py [line:712] INFO 935775131904786432
Wed 29 Nov 2017 15:39:15 API.py [line:712] INFO 935775132173213696
Wed 29 Nov 2017 15:39:15 API.py [line:712] INFO 935775132433313792
Wed 29 Nov 2017 15:39:15 API.py [line:712] INFO 935775132529786880
Wed 29 Nov 2017 15:39:15 API.py [line:712] INFO 935775134589308929
Wed 29 Nov 2017 15:39:16 API.py [line:712] INFO 935775137084796929
Wed 29 Nov 2017 15:39:16 API.py [line:712] INFO 935775137810534401
Wed 29 Nov 2017 15:39:17 API.py [line:712] INFO 935775139190509568
Wed 29 Nov 2017 15:39:17 API.py [line:712] INFO 935775142143299585
Wed 29 Nov 2017 15:39:18 API.py [line:712] INFO 935775145918046208
Wed 29 Nov 2017 15:39:18 API.py [line:712] INFO 935775146455044096
Wed 29 Nov 2017 15:39:18 API.py [line:712] INFO 935775147264528384
Wed 29 Nov 2017 15:39:19 API.py [line:712] INFO 935775148254232576
Wed 29 Nov 2017 15:39:19 API.py [line:712] INFO 935775150007635968
Wed 29 Nov 2017 15:39:20 API.py [line:712] INFO 935775151953760256
Wed 29 Nov 2017 15:39:20 API.py [line:712] INFO 935775152247394304
Wed 29 Nov 2017 15:39:20 API.py [line:712] INFO 935775153782513664
Wed 29 Nov 2017 15:39:20 API.py [line:712] INFO 935775153908264960
Wed 29 Nov 2017 15:39:20 API.py [line:712] INFO 935775154856083457
Wed 29 Nov 2017 15:39:20 API.py [line:712] INFO 935775155619553281
Wed 29 Nov 2017 15:39:21 API.py [line:712] INFO 935775156076793857
Wed 29 Nov 2017 15:39:21 API.py [line:712] INFO 935775158702432256
Wed 29 Nov 2017 15:39:22 API.py [line:712] INFO 935775158844792833
Wed 29 Nov 2017 15:39:22 API.py [line:712] INFO 935775161638424577
Wed 29 Nov 2017 15:39:23 API.py [line:712] INFO 935775164842856448
Wed 29 Nov 2017 15:39:23 API.py [line:712] INFO 935775165631352832
Wed 29 Nov 2017 15:39:23 API.py [line:712] INFO 935775165849522176
Wed 29 Nov 2017 15:39:24 API.py [line:712] INFO 935775169410461696
Wed 29 Nov 2017 15:39:24 API.py [line:712] INFO 935775170517647360
Wed 29 Nov 2017 15:39:25 API.py [line:712] INFO 935775172648464384
Wed 29 Nov 2017 15:39:25 API.py [line:712] INFO 935775175659933696
Wed 29 Nov 2017 15:39:25 API.py [line:712] INFO 935775176045842432
Wed 29 Nov 2017 15:39:26 API.py [line:712] INFO 935775176792428544
Wed 29 Nov 2017 15:39:26 API.py [line:712] INFO 935775180659363840
Wed 29 Nov 2017 15:39:27 API.py [line:712] INFO 935775182228246529
Wed 29 Nov 2017 15:39:27 API.py [line:712] INFO 935775182651842562
Wed 29 Nov 2017 15:39:27 API.py [line:712] INFO 935775183733792768
Wed 29 Nov 2017 15:39:28 API.py [line:712] INFO 935775184925032448
Wed 29 Nov 2017 15:39:28 API.py [line:712] INFO 935775186422439936
Wed 29 Nov 2017 15:39:28 API.py [line:712] INFO 935775187970093056
Wed 29 Nov 2017 15:39:29 API.py [line:712] INFO 935775191585705984
Wed 29 Nov 2017 15:39:30 API.py [line:712] INFO 935775193896706048
Wed 29 Nov 2017 15:39:30 API.py [line:712] INFO 935775195763179520
Wed 29 Nov 2017 15:39:30 API.py [line:712] INFO 935775196044148736
Wed 29 Nov 2017 15:39:31 API.py [line:712] INFO 935775201605939200
Wed 29 Nov 2017 15:39:32 API.py [line:712] INFO 935775203619213312
Wed 29 Nov 2017 15:39:32 API.py [line:712] INFO 935775204139261952
Wed 29 Nov 2017 15:39:34 API.py [line:712] INFO 935775210179125248
Wed 29 Nov 2017 15:39:34 API.py [line:712] INFO 935775210480869376
Wed 29 Nov 2017 15:39:34 API.py [line:712] INFO 935775212435582976
Wed 29 Nov 2017 15:39:34 API.py [line:712] INFO 935775213551276032
Wed 29 Nov 2017 15:39:35 API.py [line:712] INFO 935775215971373056
Wed 29 Nov 2017 15:39:36 API.py [line:712] INFO 935775219318493184
Wed 29 Nov 2017 15:39:37 API.py [line:712] INFO 935775225140203521
Wed 29 Nov 2017 15:39:37 API.py [line:712] INFO 935775226725531648
Wed 29 Nov 2017 15:39:38 API.py [line:712] INFO 935775227501350913
Wed 29 Nov 2017 15:39:38 API.py [line:712] INFO 935775227765837825
Wed 29 Nov 2017 15:39:38 API.py [line:712] INFO 935775228390621185
Wed 29 Nov 2017 15:39:38 API.py [line:712] INFO 935775229023887361
Wed 29 Nov 2017 15:39:40 API.py [line:712] INFO 935775238071099393
Wed 29 Nov 2017 15:39:40 API.py [line:712] INFO 935775239606173696
Wed 29 Nov 2017 15:39:41 API.py [line:712] INFO 935775239522406400
Wed 29 Nov 2017 15:39:41 API.py [line:712] INFO 935775243762913282
Wed 29 Nov 2017 15:39:41 API.py [line:712] INFO 935775243569942528
Wed 29 Nov 2017 15:39:42 API.py [line:712] INFO 935775244328955904
Wed 29 Nov 2017 15:39:42 API.py [line:712] INFO 935775245876776960
Wed 29 Nov 2017 15:39:42 API.py [line:712] INFO 935775247277494272
Wed 29 Nov 2017 15:39:43 API.py [line:712] INFO 935775249907486720
Wed 29 Nov 2017 15:39:43 API.py [line:712] INFO 935775250079453184
Wed 29 Nov 2017 15:39:43 API.py [line:712] INFO 935775251182469121
Wed 29 Nov 2017 15:39:44 API.py [line:712] INFO 935775255280304129
Wed 29 Nov 2017 15:39:45 API.py [line:712] INFO 935775256832245761
Wed 29 Nov 2017 15:39:46 API.py [line:712] INFO 935775261961998336
Wed 29 Nov 2017 15:39:46 API.py [line:712] INFO 935775262146363392
Wed 29 Nov 2017 15:39:46 API.py [line:712] INFO 935775263388065793
Wed 29 Nov 2017 15:39:47 API.py [line:712] INFO 935775265287835650
Wed 29 Nov 2017 15:39:47 API.py [line:712] INFO 935775266101760000
Wed 29 Nov 2017 15:39:47 API.py [line:712] INFO 935775266718339072
Wed 29 Nov 2017 15:39:47 API.py [line:712] INFO 935775267687038976
Wed 29 Nov 2017 15:39:48 API.py [line:712] INFO 935775271533338624
Wed 29 Nov 2017 15:39:48 API.py [line:712] INFO 935775272955252736
Wed 29 Nov 2017 15:39:50 API.py [line:712] INFO 935775278000955392
Wed 29 Nov 2017 15:39:50 API.py [line:712] INFO 935775280894840832
Wed 29 Nov 2017 15:39:51 API.py [line:712] INFO 935775283818328064
Wed 29 Nov 2017 15:39:51 API.py [line:712] INFO 935775284678230016
Wed 29 Nov 2017 15:39:52 API.py [line:712] INFO 935775285680541696
Wed 29 Nov 2017 15:39:52 API.py [line:712] INFO 935775288029364225
Wed 29 Nov 2017 15:39:52 API.py [line:712] INFO 935775289421979648
Wed 29 Nov 2017 15:39:53 API.py [line:712] INFO 935775291032530944
Wed 29 Nov 2017 15:39:55 API.py [line:712] INFO 935775299958063105
Wed 29 Nov 2017 15:39:55 API.py [line:712] INFO 935775299115077632
Wed 29 Nov 2017 15:39:57 API.py [line:712] INFO 935775309483319296
Wed 29 Nov 2017 15:39:57 API.py [line:712] INFO 935775310158749696
Wed 29 Nov 2017 15:39:58 API.py [line:712] INFO 935775312583057408
Wed 29 Nov 2017 15:39:58 API.py [line:712] INFO 935775313199591424
Wed 29 Nov 2017 15:39:58 API.py [line:712] INFO 935775314608828416
Wed 29 Nov 2017 15:39:58 API.py [line:712] INFO 935775314436751360
Wed 29 Nov 2017 15:39:58 API.py [line:712] INFO 935775315263094785
Wed 29 Nov 2017 15:39:59 API.py [line:712] INFO 935775315577724928
Wed 29 Nov 2017 15:39:59 API.py [line:712] INFO 935775316550864896
Wed 29 Nov 2017 15:39:59 API.py [line:712] INFO 935775317544787968
Wed 29 Nov 2017 15:39:59 API.py [line:712] INFO 935775317490143232
Wed 29 Nov 2017 15:40:01 API.py [line:712] INFO 935775325602111488
Wed 29 Nov 2017 15:40:01 API.py [line:712] INFO 935775325870612480
Wed 29 Nov 2017 15:40:01 API.py [line:712] INFO 935775327997104130
Wed 29 Nov 2017 15:40:03 API.py [line:712] INFO 935775333160243201
Wed 29 Nov 2017 15:40:03 API.py [line:712] INFO 935775335961858048
Wed 29 Nov 2017 15:40:04 API.py [line:712] INFO 935775339124527104
Wed 29 Nov 2017 15:40:04 API.py [line:712] INFO 935775339028074496
Wed 29 Nov 2017 15:40:05 API.py [line:712] INFO 935775344195489792
Wed 29 Nov 2017 15:40:06 API.py [line:712] INFO 935775346883928064
Wed 29 Nov 2017 15:40:07 API.py [line:712] INFO 935775349434126337
Wed 29 Nov 2017 15:40:07 API.py [line:712] INFO 935775350080098304
Wed 29 Nov 2017 15:40:07 API.py [line:712] INFO 935775350696693766
Wed 29 Nov 2017 15:40:07 API.py [line:712] INFO 935775351296233473
Wed 29 Nov 2017 15:40:07 API.py [line:712] INFO 935775352701575168
Wed 29 Nov 2017 15:40:08 API.py [line:712] INFO 935775352047235072
Wed 29 Nov 2017 15:40:08 API.py [line:712] INFO 935775351606857729
Wed 29 Nov 2017 15:40:10 API.py [line:712] INFO 935775364936212481
Wed 29 Nov 2017 15:40:11 API.py [line:712] INFO 935775365657759745
Wed 29 Nov 2017 15:40:11 API.py [line:712] INFO 935775365351559168
Wed 29 Nov 2017 15:40:11 API.py [line:712] INFO 935775369243832320
Wed 29 Nov 2017 15:40:12 API.py [line:712] INFO 935775369533296640
Wed 29 Nov 2017 15:40:12 API.py [line:712] INFO 935775369935720448
Wed 29 Nov 2017 15:40:12 API.py [line:712] INFO 935775371320012800
Wed 29 Nov 2017 15:40:12 API.py [line:712] INFO 935775371894464512
Wed 29 Nov 2017 15:40:12 API.py [line:712] INFO 935775367226277889
Wed 29 Nov 2017 15:40:13 API.py [line:712] INFO 935775374184628224
Wed 29 Nov 2017 15:40:14 API.py [line:712] INFO 935775379545120768
Wed 29 Nov 2017 15:40:14 API.py [line:712] INFO 935775380656574465
Wed 29 Nov 2017 15:40:15 API.py [line:712] INFO 935775382145441792
Wed 29 Nov 2017 15:40:15 API.py [line:712] INFO 935775383676268544
Wed 29 Nov 2017 15:40:15 API.py [line:712] INFO 935775386717294594
Wed 29 Nov 2017 15:40:16 API.py [line:712] INFO 935775386742517760
Wed 29 Nov 2017 15:40:16 API.py [line:712] INFO 935775387233243137
Wed 29 Nov 2017 15:40:16 API.py [line:712] INFO 935775387233275904
Wed 29 Nov 2017 15:40:17 API.py [line:712] INFO 935775390940958720
Wed 29 Nov 2017 15:40:17 API.py [line:712] INFO 935775392706760704
Wed 29 Nov 2017 15:40:17 API.py [line:712] INFO 935775392824164353
Wed 29 Nov 2017 15:40:17 API.py [line:712] INFO 935775392027222016
Wed 29 Nov 2017 15:40:18 API.py [line:712] INFO 935775395114340352
Wed 29 Nov 2017 15:40:18 API.py [line:712] INFO 935775396729118721
Wed 29 Nov 2017 15:40:19 API.py [line:712] INFO 935775398633328640
Wed 29 Nov 2017 15:40:19 API.py [line:712] INFO 935775399455412224
Wed 29 Nov 2017 15:40:19 API.py [line:712] INFO 935775400814186496
Wed 29 Nov 2017 15:40:19 API.py [line:712] INFO 935775402047541248
Wed 29 Nov 2017 15:40:20 API.py [line:712] INFO 935775404757004288
Wed 29 Nov 2017 15:40:21 API.py [line:712] INFO 935775409693646848
Wed 29 Nov 2017 15:40:21 API.py [line:712] INFO 935775411346296832
Wed 29 Nov 2017 15:40:22 API.py [line:712] INFO 935775414110375936
Wed 29 Nov 2017 15:40:22 API.py [line:712] INFO 935775414731067392
Wed 29 Nov 2017 15:40:23 API.py [line:712] INFO 935775416702382080
Wed 29 Nov 2017 15:40:23 API.py [line:712] INFO 935775416140402690
Wed 29 Nov 2017 15:40:23 API.py [line:712] INFO 935775418245877760
Wed 29 Nov 2017 15:40:23 API.py [line:712] INFO 935775419965624320
Wed 29 Nov 2017 15:40:24 API.py [line:712] INFO 935775422389899264
Wed 29 Nov 2017 15:40:25 API.py [line:712] INFO 935775425556606976
Wed 29 Nov 2017 15:40:25 API.py [line:712] INFO 935775426466762752
Wed 29 Nov 2017 15:40:26 API.py [line:712] INFO 935775430237401089
Wed 29 Nov 2017 15:40:26 API.py [line:712] INFO 935775430501634049
Wed 29 Nov 2017 15:40:27 API.py [line:712] INFO 935775433408126976
Wed 29 Nov 2017 15:40:27 API.py [line:712] INFO 935775434435891202
Wed 29 Nov 2017 15:40:27 API.py [line:712] INFO 935775435094478848
Wed 29 Nov 2017 15:40:27 API.py [line:712] INFO 935775434947489792
Wed 29 Nov 2017 15:40:27 API.py [line:712] INFO 935775434582646785
Wed 29 Nov 2017 15:40:27 API.py [line:712] INFO 935775436554022913
Wed 29 Nov 2017 15:40:28 API.py [line:712] INFO 935775438147858433
Wed 29 Nov 2017 15:40:28 API.py [line:712] INFO 935775439255109634
Wed 29 Nov 2017 15:40:28 API.py [line:712] INFO 935775438835564544
Wed 29 Nov 2017 15:40:29 API.py [line:712] INFO 935775441679290371
Wed 29 Nov 2017 15:40:29 API.py [line:712] INFO 935775442761592832
Wed 29 Nov 2017 15:40:29 API.py [line:712] INFO 935775444363894784
Wed 29 Nov 2017 15:40:29 API.py [line:712] INFO 935775444317736960
Wed 29 Nov 2017 15:40:29 API.py [line:712] INFO 935775444682592257
Wed 29 Nov 2017 15:40:29 API.py [line:712] INFO 935775444804046848
Wed 29 Nov 2017 15:40:29 API.py [line:712] INFO 935775444455976962
Wed 29 Nov 2017 15:40:30 API.py [line:712] INFO 935775447215882240
Wed 29 Nov 2017 15:40:30 API.py [line:712] INFO 935775447715012608
Wed 29 Nov 2017 15:40:30 API.py [line:712] INFO 935775448906240000
Wed 29 Nov 2017 15:40:31 API.py [line:712] INFO 935775449904447488
Wed 29 Nov 2017 15:40:32 API.py [line:712] INFO 935775456204394497
Wed 29 Nov 2017 15:40:32 API.py [line:712] INFO 935775457710170112
Wed 29 Nov 2017 15:40:33 API.py [line:712] INFO 935775461791096832
Wed 29 Nov 2017 15:40:35 API.py [line:712] INFO 935775466111111169
Wed 29 Nov 2017 15:40:36 API.py [line:712] INFO 935775469860876288
Wed 29 Nov 2017 15:40:36 API.py [line:712] INFO 935775471001731072
Wed 29 Nov 2017 15:40:36 API.py [line:712] INFO 935775471169519616
Wed 29 Nov 2017 15:40:36 API.py [line:712] INFO 935775472599949317
Wed 29 Nov 2017 15:40:36 API.py [line:712] INFO 935775472197156864
Wed 29 Nov 2017 15:40:36 API.py [line:712] INFO 935775472209850368
Wed 29 Nov 2017 15:40:36 API.py [line:712] INFO 935775473581350912
Wed 29 Nov 2017 15:40:37 API.py [line:712] INFO 935775475603070976
Wed 29 Nov 2017 15:40:37 API.py [line:712] INFO 935775478161457153
Wed 29 Nov 2017 15:40:40 API.py [line:712] INFO 935775488726970368
Wed 29 Nov 2017 15:40:41 API.py [line:712] INFO 935775491696549888
Wed 29 Nov 2017 15:40:41 API.py [line:712] INFO 935775492342468608
Wed 29 Nov 2017 15:40:41 API.py [line:712] INFO 935775494225760256
Wed 29 Nov 2017 15:40:41 API.py [line:712] INFO 935775494821306368
Wed 29 Nov 2017 15:40:42 API.py [line:712] INFO 935775497413373952
Wed 29 Nov 2017 15:40:43 API.py [line:712] INFO 935775501389582336
Wed 29 Nov 2017 15:40:44 API.py [line:712] INFO 935775503323205632
Wed 29 Nov 2017 15:40:44 API.py [line:712] INFO 935775507521474560
Wed 29 Nov 2017 15:40:45 API.py [line:712] INFO 935775510897999872
