Tue 28 Nov 2017 10:57:00 API.py [line:660] INFO start
Tue 28 Nov 2017 10:57:00 API.py [line:692] INFO thread 0 start.
Tue 28 Nov 2017 10:57:00 API.py [line:695] INFO thread 0's token_index 64
Tue 28 Nov 2017 10:57:00 API.py [line:696] INFO {u'access_token': u'714446531097550848-vmnke1qAI7s0QCfGCj4XsbucEbAzZsC', u'consumer_secret': u'LivsS9DTKh4Xmfo2vOG2tpKmrj8lxsYqiDgZLamPBJahFqnjUo', u'consumer_key': u'fO4lXV6LLz5e1Ew6uRDtvXpIQ', u'access_token_secret': u'j318Lp5PnS7aaYiMKgWCImyYVS0CcOboksfkogAANS0Su'}
Tue 28 Nov 2017 10:57:00 API.py [line:697] INFO [u'china']
Tue 28 Nov 2017 10:57:00 API.py [line:698] INFO ['192.168.1.148:8118']
Tue 28 Nov 2017 10:57:04 API.py [line:712] INFO 935341732979453952
Tue 28 Nov 2017 10:57:05 API.py [line:712] INFO 935341737505013760
Tue 28 Nov 2017 10:57:05 API.py [line:712] INFO 935341738851487744
Tue 28 Nov 2017 10:57:06 API.py [line:712] INFO 935341743385362433
Tue 28 Nov 2017 10:57:06 API.py [line:712] INFO 935341743935025153
Tue 28 Nov 2017 10:57:07 API.py [line:712] INFO 935341743385362433
Tue 28 Nov 2017 10:57:07 API.py [line:712] INFO 935341745788899328
Tue 28 Nov 2017 10:57:08 API.py [line:712] INFO 935341749408432128
Tue 28 Nov 2017 10:57:08 API.py [line:712] INFO 935341751015038976
Tue 28 Nov 2017 10:57:08 API.py [line:712] INFO 935341753065906177
Tue 28 Nov 2017 10:57:11 API.py [line:712] INFO 935341754563334144
Tue 28 Nov 2017 10:57:13 API.py [line:712] INFO 935341754815049728
Tue 28 Nov 2017 10:57:13 API.py [line:712] INFO 935341756924620802
Tue 28 Nov 2017 10:57:14 API.py [line:712] INFO 935341759084634112
Tue 28 Nov 2017 10:57:14 API.py [line:712] INFO 935341760544419841
Tue 28 Nov 2017 10:57:15 API.py [line:712] INFO 935341760812863490
Tue 28 Nov 2017 10:57:15 API.py [line:712] INFO 935341761458769920
Tue 28 Nov 2017 10:57:15 API.py [line:712] INFO 935341761672765442
Tue 28 Nov 2017 10:57:16 API.py [line:712] INFO 935341762624630789
Tue 28 Nov 2017 10:57:16 API.py [line:712] INFO 935341762972979200
Tue 28 Nov 2017 10:57:16 API.py [line:712] INFO 935341761836306434
Tue 28 Nov 2017 10:57:17 API.py [line:712] INFO 935341762117275649
Tue 28 Nov 2017 10:57:17 API.py [line:712] INFO 935341763115601921
Tue 28 Nov 2017 10:57:18 API.py [line:712] INFO 935341763375583232
Tue 28 Nov 2017 10:57:19 API.py [line:712] INFO 935341766047358976
Tue 28 Nov 2017 10:57:19 API.py [line:712] INFO 935341766307393537
Tue 28 Nov 2017 10:57:19 API.py [line:712] INFO 935341767150497792
Tue 28 Nov 2017 10:57:19 API.py [line:712] INFO 935341767418941440
Tue 28 Nov 2017 10:57:21 API.py [line:712] INFO 935341768140132352
Tue 28 Nov 2017 10:57:23 API.py [line:712] INFO 935341768714829825
Tue 28 Nov 2017 10:57:24 API.py [line:712] INFO 935341769218076673
Tue 28 Nov 2017 10:57:24 API.py [line:712] INFO 935341770069639168
Tue 28 Nov 2017 10:57:24 API.py [line:712] INFO 935341770547724288
Tue 28 Nov 2017 10:57:26 API.py [line:712] INFO 935341770413445121
Tue 28 Nov 2017 10:57:26 API.py [line:712] INFO 935341772129128448
