Wed 29 Nov 2017 15:41:26 API.py [line:660] INFO start
Wed 29 Nov 2017 15:41:26 API.py [line:692] INFO thread 0 start.
Wed 29 Nov 2017 15:41:26 API.py [line:695] INFO thread 0's token_index 149
Wed 29 Nov 2017 15:41:26 API.py [line:696] INFO {u'access_token': u'713171431610122241-waWx9gIMUVDEs6qFRDCEHVpywFLc6Ir', u'consumer_secret': u'LivsS9DTKh4Xmfo2vOG2tpKmrj8lxsYqiDgZLamPBJahFqnjUo', u'consumer_key': u'fO4lXV6LLz5e1Ew6uRDtvXpIQ', u'access_token_secret': u'Ui38jTtRqTPmD5zZfVwqanbrKJuoiAZh9Q6vOwUxkKCon'}
Wed 29 Nov 2017 15:41:26 API.py [line:697] INFO [u'china']
Wed 29 Nov 2017 15:41:26 API.py [line:698] INFO ['192.168.1.148:8118']
Wed 29 Nov 2017 15:41:26 TwitterError.py [line:22] WARNING 400 statuses/filter text HTTPSConnectionPool(host='stream.twitter.com', port=443): Max retries exceeded with url: /1.1/statuses/filter.json (Caused by ProxyError('Cannot connect to proxy.', error('Invalid response from tunnel request',)))
Wed 29 Nov 2017 15:41:26 API.py [line:222] WARNING HTTPSConnectionPool(host='stream.twitter.com', port=443): Max retries exceeded with url: /1.1/statuses/filter.json (Caused by ProxyError('Cannot connect to proxy.', error('Invalid response from tunnel request',)))
Wed 29 Nov 2017 15:41:31 TwitterError.py [line:22] WARNING 400 statuses/filter text HTTPSConnectionPool(host='stream.twitter.com', port=443): Max retries exceeded with url: /1.1/statuses/filter.json (Caused by ProxyError('Cannot connect to proxy.', error('Invalid response from tunnel request',)))
Wed 29 Nov 2017 15:41:31 API.py [line:222] WARNING HTTPSConnectionPool(host='stream.twitter.com', port=443): Max retries exceeded with url: /1.1/statuses/filter.json (Caused by ProxyError('Cannot connect to proxy.', error('Invalid response from tunnel request',)))
Wed 29 Nov 2017 15:41:36 TwitterError.py [line:22] WARNING 400 statuses/filter text HTTPSConnectionPool(host='stream.twitter.com', port=443): Max retries exceeded with url: /1.1/statuses/filter.json (Caused by ProxyError('Cannot connect to proxy.', error('Invalid response from tunnel request',)))
Wed 29 Nov 2017 15:41:36 API.py [line:222] WARNING HTTPSConnectionPool(host='stream.twitter.com', port=443): Max retries exceeded with url: /1.1/statuses/filter.json (Caused by ProxyError('Cannot connect to proxy.', error('Invalid response from tunnel request',)))
Wed 29 Nov 2017 15:41:41 TwitterError.py [line:22] WARNING 400 statuses/filter text HTTPSConnectionPool(host='stream.twitter.com', port=443): Max retries exceeded with url: /1.1/statuses/filter.json (Caused by ProxyError('Cannot connect to proxy.', error('Invalid response from tunnel request',)))
Wed 29 Nov 2017 15:41:41 API.py [line:222] WARNING HTTPSConnectionPool(host='stream.twitter.com', port=443): Max retries exceeded with url: /1.1/statuses/filter.json (Caused by ProxyError('Cannot connect to proxy.', error('Invalid response from tunnel request',)))
Wed 29 Nov 2017 15:41:49 API.py [line:712] INFO 935775777567764480
Wed 29 Nov 2017 15:41:49 API.py [line:712] INFO 935775778536673280
Wed 29 Nov 2017 15:41:49 API.py [line:712] INFO 935775779551678465
Wed 29 Nov 2017 15:41:50 API.py [line:712] INFO 935775781682319360
Wed 29 Nov 2017 15:41:50 API.py [line:712] INFO 935775784563814400
Wed 29 Nov 2017 15:41:51 API.py [line:712] INFO 935775785692155906
Wed 29 Nov 2017 15:41:51 API.py [line:712] INFO 935775788405727238
Wed 29 Nov 2017 15:41:52 API.py [line:712] INFO 935775789672554496
Wed 29 Nov 2017 15:41:52 API.py [line:712] INFO 935775792503644161
Wed 29 Nov 2017 15:41:53 API.py [line:712] INFO 935775795699699713
Wed 29 Nov 2017 15:41:54 API.py [line:712] INFO 935775795955380225
Wed 29 Nov 2017 15:41:54 API.py [line:712] INFO 935775800225357824
Wed 29 Nov 2017 15:41:54 API.py [line:712] INFO 935775800833593344
Wed 29 Nov 2017 15:41:54 API.py [line:712] INFO 935775801223475201
Wed 29 Nov 2017 15:41:55 API.py [line:712] INFO 935775803421454338
Wed 29 Nov 2017 15:41:55 API.py [line:712] INFO 935775802880294912
Wed 29 Nov 2017 15:41:55 API.py [line:712] INFO 935775804033765377
Wed 29 Nov 2017 15:41:55 API.py [line:712] INFO 935775804327374848
Wed 29 Nov 2017 15:41:56 API.py [line:712] INFO 935775806529331201
Wed 29 Nov 2017 15:41:57 API.py [line:712] INFO 935775810652323840
Wed 29 Nov 2017 15:41:57 API.py [line:712] INFO 935775813210865664
Wed 29 Nov 2017 15:41:57 API.py [line:712] INFO 935775813135245312
Wed 29 Nov 2017 15:41:57 API.py [line:712] INFO 935775814125105152
Wed 29 Nov 2017 15:41:58 API.py [line:712] INFO 935775814242648064
Wed 29 Nov 2017 15:41:58 API.py [line:712] INFO 935775813038772224
Wed 29 Nov 2017 15:41:58 API.py [line:712] INFO 935775815672913920
Wed 29 Nov 2017 15:41:59 API.py [line:712] INFO 935775818629890048
Wed 29 Nov 2017 15:41:59 API.py [line:712] INFO 935775818617204736
Wed 29 Nov 2017 15:42:00 API.py [line:712] INFO 935775823952523265
Wed 29 Nov 2017 15:42:00 API.py [line:712] INFO 935775825483444224
Wed 29 Nov 2017 15:42:00 API.py [line:712] INFO 935775827098206208
Wed 29 Nov 2017 15:42:01 API.py [line:712] INFO 935775828490715136
Wed 29 Nov 2017 15:42:02 API.py [line:712] INFO 935775832764829696
Wed 29 Nov 2017 15:42:02 API.py [line:712] INFO 935775833196781568
Wed 29 Nov 2017 15:42:02 API.py [line:712] INFO 935775835042201600
Wed 29 Nov 2017 15:42:02 API.py [line:712] INFO 935775835159531520
Wed 29 Nov 2017 15:42:03 API.py [line:712] INFO 935775836342333440
Wed 29 Nov 2017 15:42:03 API.py [line:712] INFO 935775838242516992
Wed 29 Nov 2017 15:42:04 API.py [line:712] INFO 935775842289909760
Wed 29 Nov 2017 15:42:06 API.py [line:712] INFO 935775847130202112
Wed 29 Nov 2017 15:42:07 API.py [line:712] INFO 935775853316800514
Wed 29 Nov 2017 15:42:07 API.py [line:712] INFO 935775855179173888
Wed 29 Nov 2017 15:42:08 API.py [line:712] INFO 935775858865922048
Wed 29 Nov 2017 15:42:08 API.py [line:712] INFO 935775852612030465
Wed 29 Nov 2017 15:42:09 API.py [line:712] INFO 935775861659316224
Wed 29 Nov 2017 15:42:09 API.py [line:712] INFO 935775852612030465
Wed 29 Nov 2017 15:42:11 API.py [line:712] INFO 935775868483461121
Wed 29 Nov 2017 15:42:11 API.py [line:712] INFO 935775870660239360
Wed 29 Nov 2017 15:42:11 API.py [line:712] INFO 935775871176204288
Wed 29 Nov 2017 15:42:12 API.py [line:712] INFO 935775873126432768
Wed 29 Nov 2017 15:42:12 API.py [line:712] INFO 935775874263257088
Wed 29 Nov 2017 15:42:15 API.py [line:712] INFO 935775887710195714
Wed 29 Nov 2017 15:42:15 API.py [line:712] INFO 935775888142200832
Wed 29 Nov 2017 15:42:15 API.py [line:712] INFO 935775889341734914
Wed 29 Nov 2017 15:42:16 API.py [line:712] INFO 935775893925937152
Wed 29 Nov 2017 15:42:17 API.py [line:712] INFO 935775897247993856
Wed 29 Nov 2017 15:42:18 API.py [line:712] INFO 935775898632146946
Wed 29 Nov 2017 15:42:18 API.py [line:712] INFO 935775898875211776
Wed 29 Nov 2017 15:42:18 API.py [line:712] INFO 935775899181449216
Wed 29 Nov 2017 15:42:18 API.py [line:712] INFO 935775901576339456
Wed 29 Nov 2017 15:42:19 API.py [line:712] INFO 935775903652515842
Wed 29 Nov 2017 15:42:19 API.py [line:712] INFO 935775904525111296
Wed 29 Nov 2017 15:42:19 API.py [line:712] INFO 935775906135793664
Wed 29 Nov 2017 15:42:20 API.py [line:712] INFO 935775907360509952
Wed 29 Nov 2017 15:42:20 API.py [line:712] INFO 935775907784069120
Wed 29 Nov 2017 15:42:20 API.py [line:712] INFO 935775909705080833
Wed 29 Nov 2017 15:42:21 API.py [line:712] INFO 935775912984952832
Wed 29 Nov 2017 15:42:21 API.py [line:712] INFO 935775912972439557
Wed 29 Nov 2017 15:42:21 API.py [line:712] INFO 935775913656180737
Wed 29 Nov 2017 15:42:21 API.py [line:712] INFO 935775913555431424
Wed 29 Nov 2017 15:42:21 API.py [line:712] INFO 935775914448826368
Wed 29 Nov 2017 15:42:22 API.py [line:712] INFO 935775915895767040
Wed 29 Nov 2017 15:42:23 API.py [line:712] INFO 935775920668991488
Wed 29 Nov 2017 15:42:23 API.py [line:712] INFO 935775921264402432
Wed 29 Nov 2017 15:42:24 API.py [line:712] INFO 935775925697949696
Wed 29 Nov 2017 15:42:24 API.py [line:712] INFO 935775926398234624
Wed 29 Nov 2017 15:42:25 API.py [line:712] INFO 935775929455874048
Wed 29 Nov 2017 15:42:25 API.py [line:712] INFO 935775930823430144
Wed 29 Nov 2017 15:42:26 API.py [line:712] INFO 935775932048056320
Wed 29 Nov 2017 15:42:26 API.py [line:712] INFO 935775935042936832
Wed 29 Nov 2017 15:42:26 API.py [line:712] INFO 935775935210516480
Wed 29 Nov 2017 15:42:26 API.py [line:712] INFO 935775934963105792
Wed 29 Nov 2017 15:42:27 API.py [line:712] INFO 935775937332903936
Wed 29 Nov 2017 15:42:27 API.py [line:712] INFO 935775939224469504
Wed 29 Nov 2017 15:42:28 API.py [line:712] INFO 935775940222836741
Wed 29 Nov 2017 15:42:28 API.py [line:712] INFO 935775943569764352
Wed 29 Nov 2017 15:42:29 API.py [line:712] INFO 935775946170355712
Wed 29 Nov 2017 15:42:29 API.py [line:712] INFO 935775946413625344
Wed 29 Nov 2017 15:42:29 API.py [line:712] INFO 935775945335758849
Wed 29 Nov 2017 15:42:30 API.py [line:712] INFO 935775950536572928
Wed 29 Nov 2017 15:42:30 API.py [line:712] INFO 935775952058978304
Wed 29 Nov 2017 15:42:32 API.py [line:712] INFO 935775958161911808
Wed 29 Nov 2017 15:42:33 API.py [line:712] INFO 935775963522015232
Wed 29 Nov 2017 15:42:33 API.py [line:712] INFO 935775964243558400
Wed 29 Nov 2017 15:42:34 API.py [line:712] INFO 935775966894292992
Wed 29 Nov 2017 15:42:34 API.py [line:712] INFO 935775967821180928
Wed 29 Nov 2017 15:42:34 API.py [line:712] INFO 935775968651866112
Wed 29 Nov 2017 15:42:35 API.py [line:712] INFO 935775972401430528
Wed 29 Nov 2017 15:42:35 API.py [line:712] INFO 935775973827579904
Wed 29 Nov 2017 15:42:37 API.py [line:712] INFO 935775977573056512
Wed 29 Nov 2017 15:42:37 API.py [line:712] INFO 935775979850616834
Wed 29 Nov 2017 15:42:37 API.py [line:712] INFO 935775981431869440
Wed 29 Nov 2017 15:42:38 API.py [line:712] INFO 935775983751360512
Wed 29 Nov 2017 15:42:40 API.py [line:712] INFO 935775990864859136
Wed 29 Nov 2017 15:42:40 API.py [line:712] INFO 935775991842181120
Wed 29 Nov 2017 15:42:41 API.py [line:712] INFO 935775994849480704
Wed 29 Nov 2017 15:42:42 API.py [line:712] INFO 935775999974928386
Wed 29 Nov 2017 15:42:42 API.py [line:712] INFO 935776001665175554
Wed 29 Nov 2017 15:42:43 API.py [line:712] INFO 935776003657519104
Wed 29 Nov 2017 15:42:43 API.py [line:712] INFO 935776005142319105
Wed 29 Nov 2017 15:42:43 API.py [line:712] INFO 935776006819938304
Wed 29 Nov 2017 15:42:44 API.py [line:712] INFO 935776008313229312
Wed 29 Nov 2017 15:42:44 API.py [line:712] INFO 935776008799703040
Wed 29 Nov 2017 15:42:44 API.py [line:712] INFO 935776010032775168
Wed 29 Nov 2017 15:42:44 API.py [line:712] INFO 935776011031011328
Wed 29 Nov 2017 15:42:44 API.py [line:712] INFO 935776011513409536
Wed 29 Nov 2017 15:42:45 API.py [line:712] INFO 935776014243913728
Wed 29 Nov 2017 15:42:45 API.py [line:712] INFO 935776015615447040
Wed 29 Nov 2017 15:42:46 API.py [line:712] INFO 935776017032945665
Wed 29 Nov 2017 15:42:47 API.py [line:712] INFO 935776020489297920
Wed 29 Nov 2017 15:42:47 API.py [line:712] INFO 935776021453910017
Wed 29 Nov 2017 15:42:47 API.py [line:712] INFO 935776021302820866
Wed 29 Nov 2017 15:42:47 API.py [line:712] INFO 935776022384873472
Wed 29 Nov 2017 15:42:47 API.py [line:712] INFO 935776023647367168
Wed 29 Nov 2017 15:42:48 API.py [line:712] INFO 935776025300164608
Wed 29 Nov 2017 15:42:48 API.py [line:712] INFO 935776025107087360
Wed 29 Nov 2017 15:42:48 API.py [line:712] INFO 935776025245491200
Wed 29 Nov 2017 15:42:49 API.py [line:712] INFO 935776030643687424
Wed 29 Nov 2017 15:42:49 API.py [line:712] INFO 935776031364878337
Wed 29 Nov 2017 15:42:49 API.py [line:712] INFO 935776032027758592
Wed 29 Nov 2017 15:42:49 API.py [line:712] INFO 935776031952326656
Wed 29 Nov 2017 15:42:50 API.py [line:712] INFO 935776034494058496
Wed 29 Nov 2017 15:42:50 API.py [line:712] INFO 935776035701866497
Wed 29 Nov 2017 15:42:51 API.py [line:712] INFO 935776037782163457
Wed 29 Nov 2017 15:42:51 API.py [line:712] INFO 935776039548178432
Wed 29 Nov 2017 15:42:52 API.py [line:712] INFO 935776041594798080
Wed 29 Nov 2017 15:42:53 API.py [line:712] INFO 935776045046947840
Wed 29 Nov 2017 15:42:53 API.py [line:712] INFO 935776045235449856
Wed 29 Nov 2017 15:42:56 API.py [line:712] INFO 935776057659199488
Wed 29 Nov 2017 15:42:56 API.py [line:712] INFO 935776058170777600
Wed 29 Nov 2017 15:42:56 API.py [line:712] INFO 935776059097837568
Wed 29 Nov 2017 15:42:56 API.py [line:712] INFO 935776059584405505
Wed 29 Nov 2017 15:42:57 API.py [line:712] INFO 935776062453121024
Wed 29 Nov 2017 15:42:57 API.py [line:712] INFO 935776063464050689
Wed 29 Nov 2017 15:42:58 API.py [line:712] INFO 935776065972191232
Wed 29 Nov 2017 15:42:58 API.py [line:712] INFO 935776066492358656
Wed 29 Nov 2017 15:42:59 API.py [line:712] INFO 935776068430114816
Wed 29 Nov 2017 15:42:59 API.py [line:712] INFO 935776071429050368
Wed 29 Nov 2017 15:42:59 API.py [line:712] INFO 935776072209014784
Wed 29 Nov 2017 15:43:00 API.py [line:712] INFO 935776076378370048
Wed 29 Nov 2017 15:43:00 API.py [line:712] INFO 935776077192024064
Wed 29 Nov 2017 15:43:00 API.py [line:712] INFO 935776077359865857
Wed 29 Nov 2017 15:43:01 API.py [line:712] INFO 935776078723014656
Wed 29 Nov 2017 15:43:01 API.py [line:712] INFO 935776080975163392
Wed 29 Nov 2017 15:43:02 API.py [line:712] INFO 935776083248640000
Wed 29 Nov 2017 15:43:04 API.py [line:712] INFO 935776092316667904
Wed 29 Nov 2017 15:43:04 API.py [line:712] INFO 935776094501814273
Wed 29 Nov 2017 15:43:06 API.py [line:712] INFO 935776100378120192
Wed 29 Nov 2017 15:43:06 API.py [line:712] INFO 935776100877258752
Wed 29 Nov 2017 15:43:06 API.py [line:712] INFO 935776102647246848
Wed 29 Nov 2017 15:43:06 API.py [line:712] INFO 935776102563434496
Wed 29 Nov 2017 15:43:07 API.py [line:712] INFO 935776105654554624
Wed 29 Nov 2017 15:43:07 API.py [line:712] INFO 935776105713238016
Wed 29 Nov 2017 15:43:07 API.py [line:712] INFO 935776106325708800
Wed 29 Nov 2017 15:43:08 API.py [line:712] INFO 935776108850634752
Wed 29 Nov 2017 15:43:09 API.py [line:712] INFO 935776112453476353
Wed 29 Nov 2017 15:43:09 API.py [line:712] INFO 935776114378715136
Wed 29 Nov 2017 15:43:10 API.py [line:712] INFO 935776120129114112
Wed 29 Nov 2017 15:43:11 API.py [line:712] INFO 935776120947007488
Wed 29 Nov 2017 15:43:11 API.py [line:712] INFO 935776122670866432
Wed 29 Nov 2017 15:43:11 API.py [line:712] INFO 935776123744653312
Wed 29 Nov 2017 15:43:12 API.py [line:712] INFO 935776126521180160
Wed 29 Nov 2017 15:43:12 API.py [line:712] INFO 935776126982434816
Wed 29 Nov 2017 15:43:12 API.py [line:712] INFO 935776127100096512
Wed 29 Nov 2017 15:43:12 API.py [line:712] INFO 935776128874115072
Wed 29 Nov 2017 15:43:13 API.py [line:712] INFO 935776129343983616
Wed 29 Nov 2017 15:43:13 API.py [line:712] INFO 935776130992410624
Wed 29 Nov 2017 15:43:14 API.py [line:712] INFO 935776133080956929
Wed 29 Nov 2017 15:43:14 API.py [line:712] INFO 935776132137398273
Wed 29 Nov 2017 15:43:14 API.py [line:712] INFO 935776135799083008
Wed 29 Nov 2017 15:43:14 API.py [line:712] INFO 935776136784576517
Wed 29 Nov 2017 15:43:15 API.py [line:712] INFO 935776137741066241
Wed 29 Nov 2017 15:43:15 API.py [line:712] INFO 935776139963908096
Wed 29 Nov 2017 15:43:16 API.py [line:712] INFO 935776142396674048
Wed 29 Nov 2017 15:43:16 API.py [line:712] INFO 935776143663419392
Wed 29 Nov 2017 15:43:16 API.py [line:712] INFO 935776144208662529
Wed 29 Nov 2017 15:43:17 API.py [line:712] INFO 935776148704899072
Wed 29 Nov 2017 15:43:18 API.py [line:712] INFO 935776149560426496
Wed 29 Nov 2017 15:43:19 API.py [line:712] INFO 935776155184930816
Wed 29 Nov 2017 15:43:20 API.py [line:712] INFO 935776158913826816
Wed 29 Nov 2017 15:43:20 API.py [line:712] INFO 935776157139636224
Wed 29 Nov 2017 15:43:20 API.py [line:712] INFO 935776159463362560
Wed 29 Nov 2017 15:43:20 API.py [line:712] INFO 935776160604147712
Wed 29 Nov 2017 15:43:20 API.py [line:712] INFO 935776161157795842
Wed 29 Nov 2017 15:43:20 API.py [line:712] INFO 935776161375969281
Wed 29 Nov 2017 15:43:21 API.py [line:712] INFO 935776166106906624
Wed 29 Nov 2017 15:43:22 API.py [line:712] INFO 935776167226945536
Wed 29 Nov 2017 15:43:22 API.py [line:712] INFO 935776167537315840
Wed 29 Nov 2017 15:43:23 API.py [line:712] INFO 935776174663454721
Wed 29 Nov 2017 15:43:23 API.py [line:712] INFO 935776174894206976
Wed 29 Nov 2017 15:43:23 API.py [line:712] INFO 935776173908410368
Wed 29 Nov 2017 15:43:24 API.py [line:712] INFO 935776177754697729
Wed 29 Nov 2017 15:43:25 API.py [line:712] INFO 935776180237688834
Wed 29 Nov 2017 15:43:25 API.py [line:712] INFO 935776182204878848
Wed 29 Nov 2017 15:43:25 API.py [line:712] INFO 935776182477508608
Wed 29 Nov 2017 15:43:26 API.py [line:712] INFO 935776185904087040
Wed 29 Nov 2017 15:43:26 API.py [line:712] INFO 935776186357178368
Wed 29 Nov 2017 15:43:27 API.py [line:712] INFO 935776187925790726
Wed 29 Nov 2017 15:43:27 API.py [line:712] INFO 935776190157205505
Wed 29 Nov 2017 15:43:27 API.py [line:712] INFO 935776190924701696
Wed 29 Nov 2017 15:43:28 API.py [line:712] INFO 935776194225688576
Wed 29 Nov 2017 15:43:29 API.py [line:712] INFO 935776197140799488
Wed 29 Nov 2017 15:43:30 API.py [line:712] INFO 935776200697323521
Wed 29 Nov 2017 15:43:30 API.py [line:712] INFO 935776199611097088
Wed 29 Nov 2017 15:43:31 API.py [line:712] INFO 935776205399318528
Wed 29 Nov 2017 15:43:31 API.py [line:712] INFO 935776205688791041
Wed 29 Nov 2017 15:43:32 API.py [line:712] INFO 935776208616165376
Wed 29 Nov 2017 15:43:32 API.py [line:712] INFO 935776210365317120
Wed 29 Nov 2017 15:43:32 API.py [line:712] INFO 935776210642075648
Wed 29 Nov 2017 15:43:33 API.py [line:712] INFO 935776215906037760
Wed 29 Nov 2017 15:43:35 API.py [line:712] INFO 935776221383806982
Wed 29 Nov 2017 15:43:35 API.py [line:712] INFO 935776221945790465
Wed 29 Nov 2017 15:43:35 API.py [line:712] INFO 935776223933947905
Wed 29 Nov 2017 15:43:36 API.py [line:712] INFO 935776227482247168
Wed 29 Nov 2017 15:43:37 API.py [line:712] INFO 935776230200225793
Wed 29 Nov 2017 15:43:37 API.py [line:712] INFO 935776230967672832
Wed 29 Nov 2017 15:43:37 API.py [line:712] INFO 935776232297426945
Wed 29 Nov 2017 15:43:39 API.py [line:712] INFO 935776240987987968
Wed 29 Nov 2017 15:43:40 API.py [line:712] INFO 935776242938335234
Wed 29 Nov 2017 15:43:40 API.py [line:712] INFO 935776245345804288
Wed 29 Nov 2017 15:43:41 API.py [line:712] INFO 935776248176852992
Wed 29 Nov 2017 15:43:41 API.py [line:712] INFO 935776248462061568
Wed 29 Nov 2017 15:43:41 API.py [line:712] INFO 935776249309360128
Wed 29 Nov 2017 15:43:42 API.py [line:712] INFO 935776251259756545
Wed 29 Nov 2017 15:43:42 API.py [line:712] INFO 935776251729661952
Wed 29 Nov 2017 15:43:42 API.py [line:712] INFO 935776252258119680
Wed 29 Nov 2017 15:43:42 API.py [line:712] INFO 935776252052480001
Wed 29 Nov 2017 15:43:42 API.py [line:712] INFO 935776254191575040
Wed 29 Nov 2017 15:43:43 API.py [line:712] INFO 935776258662764544
Wed 29 Nov 2017 15:43:44 API.py [line:712] INFO 935776262735454209
Wed 29 Nov 2017 15:43:45 API.py [line:712] INFO 935776266711691265
Wed 29 Nov 2017 15:43:45 API.py [line:712] INFO 935776266484981760
Wed 29 Nov 2017 15:43:46 API.py [line:712] INFO 935776269836410880
Wed 29 Nov 2017 15:43:46 API.py [line:712] INFO 935776270507315200
Wed 29 Nov 2017 15:43:47 API.py [line:712] INFO 935776272046804992
Wed 29 Nov 2017 15:43:47 API.py [line:712] INFO 935776271539294209
Wed 29 Nov 2017 15:43:47 API.py [line:712] INFO 935776273862979584
Wed 29 Nov 2017 15:43:48 API.py [line:712] INFO 935776277277151232
Wed 29 Nov 2017 15:43:48 API.py [line:712] INFO 935776277536980994
Wed 29 Nov 2017 15:43:48 API.py [line:712] INFO 935776279592349701
Wed 29 Nov 2017 15:43:49 API.py [line:712] INFO 935776280888430592
Wed 29 Nov 2017 15:43:49 API.py [line:712] INFO 935776281177788416
Wed 29 Nov 2017 15:43:50 API.py [line:712] INFO 935776286131261440
Wed 29 Nov 2017 15:43:51 API.py [line:712] INFO 935776290287898625
Wed 29 Nov 2017 15:43:52 API.py [line:712] INFO 935776292867330048
Wed 29 Nov 2017 15:43:52 API.py [line:712] INFO 935776293370593281
Wed 29 Nov 2017 15:43:52 API.py [line:712] INFO 935776294876348417
Wed 29 Nov 2017 15:43:52 API.py [line:712] INFO 935776296247885825
Wed 29 Nov 2017 15:43:53 API.py [line:712] INFO 935776296839405568
Wed 29 Nov 2017 15:43:53 API.py [line:712] INFO 935776299347533824
Wed 29 Nov 2017 15:43:54 API.py [line:712] INFO 935776302556237825
Wed 29 Nov 2017 15:43:54 API.py [line:712] INFO 935776303462133760
Wed 29 Nov 2017 15:43:54 API.py [line:712] INFO 935776304669921282
Wed 29 Nov 2017 15:43:55 API.py [line:712] INFO 935776306356109312
Wed 29 Nov 2017 15:43:55 API.py [line:712] INFO 935776306255486976
Wed 29 Nov 2017 15:43:55 API.py [line:712] INFO 935776306737876993
Wed 29 Nov 2017 15:43:55 API.py [line:712] INFO 935776307761344512
Wed 29 Nov 2017 15:43:56 API.py [line:712] INFO 935776310118326273
Wed 29 Nov 2017 15:43:56 API.py [line:712] INFO 935776311657644032
Wed 29 Nov 2017 15:43:57 API.py [line:712] INFO 935776313541120005
Wed 29 Nov 2017 15:43:57 API.py [line:712] INFO 935776314912641024
Wed 29 Nov 2017 15:43:58 API.py [line:712] INFO 935776318947450882
Wed 29 Nov 2017 15:43:59 API.py [line:712] INFO 935776322730844161
Wed 29 Nov 2017 15:43:59 API.py [line:712] INFO 935776323003408384
Wed 29 Nov 2017 15:43:59 API.py [line:712] INFO 935776324437921797
Wed 29 Nov 2017 15:43:59 API.py [line:712] INFO 935776324505030663
Wed 29 Nov 2017 15:44:00 API.py [line:712] INFO 935776327042519040
Wed 29 Nov 2017 15:44:01 API.py [line:712] INFO 935776331605745664
Wed 29 Nov 2017 15:44:01 API.py [line:712] INFO 935776332902031360
Wed 29 Nov 2017 15:44:01 API.py [line:712] INFO 935776333438771206
Wed 29 Nov 2017 15:44:02 API.py [line:712] INFO 935776338232926209
Wed 29 Nov 2017 15:44:03 API.py [line:712] INFO 935776340464230400
Wed 29 Nov 2017 15:44:03 API.py [line:712] INFO 935776340816678912
Wed 29 Nov 2017 15:44:04 API.py [line:712] INFO 935776344360624129
Wed 29 Nov 2017 15:44:04 API.py [line:712] INFO 935776345216442369
Wed 29 Nov 2017 15:44:04 API.py [line:712] INFO 935776345245847553
Wed 29 Nov 2017 15:44:04 API.py [line:712] INFO 935776345145135104
Wed 29 Nov 2017 15:44:05 API.py [line:712] INFO 935776345858150400
Wed 29 Nov 2017 15:44:05 API.py [line:712] INFO 935776345782616064
Wed 29 Nov 2017 15:44:05 API.py [line:712] INFO 935776348068495360
Wed 29 Nov 2017 15:44:05 API.py [line:712] INFO 935776348186005504
Wed 29 Nov 2017 15:44:05 API.py [line:712] INFO 935776349679001606
Wed 29 Nov 2017 15:44:05 API.py [line:712] INFO 935776348009668608
Wed 29 Nov 2017 15:44:06 API.py [line:712] INFO 935776352313147393
Wed 29 Nov 2017 15:44:06 API.py [line:712] INFO 935776351134433280
Wed 29 Nov 2017 15:44:06 API.py [line:712] INFO 935776353961381888
Wed 29 Nov 2017 15:44:07 API.py [line:712] INFO 935776356545286144
Wed 29 Nov 2017 15:44:08 API.py [line:712] INFO 935776361700122624
Wed 29 Nov 2017 15:44:08 API.py [line:712] INFO 935776362799009792
Wed 29 Nov 2017 15:44:09 API.py [line:712] INFO 935776363583336448
Wed 29 Nov 2017 15:44:09 API.py [line:712] INFO 935776364506025984
Wed 29 Nov 2017 15:44:09 API.py [line:712] INFO 935776367307784192
Wed 29 Nov 2017 15:44:09 API.py [line:712] INFO 935776367529967617
Wed 29 Nov 2017 15:44:10 API.py [line:712] INFO 935776371510579200
Wed 29 Nov 2017 15:44:10 API.py [line:712] INFO 935776370629558272
Wed 29 Nov 2017 15:44:10 API.py [line:712] INFO 935776372005339136
Wed 29 Nov 2017 15:44:11 API.py [line:712] INFO 935776372160651264
Wed 29 Nov 2017 15:44:11 API.py [line:712] INFO 935776376526958592
Wed 29 Nov 2017 15:44:12 API.py [line:712] INFO 935776380306051072
Wed 29 Nov 2017 15:44:13 API.py [line:712] INFO 935776381354553344
Wed 29 Nov 2017 15:44:13 API.py [line:712] INFO 935776382763896832
Wed 29 Nov 2017 15:44:13 API.py [line:712] INFO 935776383149723648
Wed 29 Nov 2017 15:44:14 API.py [line:712] INFO 935776386765213696
Wed 29 Nov 2017 15:44:14 API.py [line:712] INFO 935776388115677184
Wed 29 Nov 2017 15:44:16 API.py [line:712] INFO 935776396688977920
Wed 29 Nov 2017 15:44:19 API.py [line:712] INFO 935776406214123522
Wed 29 Nov 2017 15:44:19 API.py [line:712] INFO 935776406470094848
Wed 29 Nov 2017 15:44:19 API.py [line:712] INFO 935776407262810113
Wed 29 Nov 2017 15:44:19 API.py [line:712] INFO 935776408927981568
Wed 29 Nov 2017 15:44:20 API.py [line:712] INFO 935776413487108096
Wed 29 Nov 2017 15:44:21 API.py [line:712] INFO 935776414791380992
Wed 29 Nov 2017 15:44:21 API.py [line:712] INFO 935776415739387904
Wed 29 Nov 2017 15:44:21 API.py [line:712] INFO 935776416414732288
Wed 29 Nov 2017 15:44:21 API.py [line:712] INFO 935776417001771009
Wed 29 Nov 2017 15:44:22 API.py [line:712] INFO 935776420525207552
Wed 29 Nov 2017 15:44:23 API.py [line:712] INFO 935776425725980672
Wed 29 Nov 2017 15:44:23 API.py [line:712] INFO 935776426321641472
Wed 29 Nov 2017 15:44:23 API.py [line:712] INFO 935776422039248896
Wed 29 Nov 2017 15:44:24 API.py [line:712] INFO 935776427919663104
Wed 29 Nov 2017 15:44:24 API.py [line:712] INFO 935776428171280384
Wed 29 Nov 2017 15:44:24 API.py [line:712] INFO 935776428901261312
Wed 29 Nov 2017 15:44:25 API.py [line:712] INFO 935776433317793792
Wed 29 Nov 2017 15:44:26 API.py [line:712] INFO 935776437402984448
Wed 29 Nov 2017 15:44:26 API.py [line:712] INFO 935776438292242432
Wed 29 Nov 2017 15:44:27 API.py [line:712] INFO 935776440360071168
Wed 29 Nov 2017 15:44:28 API.py [line:712] INFO 935776443942006785
Wed 29 Nov 2017 15:44:29 API.py [line:712] INFO 935776449876787200
Wed 29 Nov 2017 15:44:29 API.py [line:712] INFO 935776451122552834
Wed 29 Nov 2017 15:44:30 API.py [line:712] INFO 935776451235684353
Wed 29 Nov 2017 15:44:32 API.py [line:712] INFO 935776461486559233
Wed 29 Nov 2017 15:44:32 API.py [line:712] INFO 935776462321475584
Wed 29 Nov 2017 15:44:32 API.py [line:712] INFO 935776462447276032
Wed 29 Nov 2017 15:44:34 API.py [line:712] INFO 935776469313208320
Wed 29 Nov 2017 15:44:34 API.py [line:712] INFO 935776469925576705
Wed 29 Nov 2017 15:44:34 API.py [line:712] INFO 935776471926353920
Wed 29 Nov 2017 15:44:35 API.py [line:712] INFO 935776474271027200
Wed 29 Nov 2017 15:44:35 API.py [line:712] INFO 935776475243954176
Wed 29 Nov 2017 15:44:35 API.py [line:712] INFO 935776476426670080
Wed 29 Nov 2017 15:44:36 API.py [line:712] INFO 935776478557380608
Wed 29 Nov 2017 15:44:37 API.py [line:712] INFO 935776484500877313
Wed 29 Nov 2017 15:44:38 API.py [line:712] INFO 935776482902687744
Wed 29 Nov 2017 15:44:38 API.py [line:712] INFO 935776486908239873
Wed 29 Nov 2017 15:44:39 API.py [line:712] INFO 935776487671844865
Wed 29 Nov 2017 15:44:39 API.py [line:712] INFO 935776487772491777
Wed 29 Nov 2017 15:44:39 API.py [line:712] INFO 935776490700099585
Wed 29 Nov 2017 15:44:40 API.py [line:712] INFO 935776494818865152
Wed 29 Nov 2017 15:44:40 API.py [line:712] INFO 935776494755782656
Wed 29 Nov 2017 15:44:40 API.py [line:712] INFO 935776496152645632
Wed 29 Nov 2017 15:44:41 API.py [line:712] INFO 935776496068657152
Wed 29 Nov 2017 15:44:41 API.py [line:712] INFO 935776497201229824
Wed 29 Nov 2017 15:44:41 API.py [line:712] INFO 935776498367258624
Wed 29 Nov 2017 15:44:42 API.py [line:712] INFO 935776500393086976
Wed 29 Nov 2017 15:44:42 API.py [line:712] INFO 935776500699234306
Wed 29 Nov 2017 15:44:42 API.py [line:712] INFO 935776501378703366
Wed 29 Nov 2017 15:44:42 API.py [line:712] INFO 935776501894705153
Wed 29 Nov 2017 15:44:43 API.py [line:712] INFO 935776504276852736
Wed 29 Nov 2017 15:44:43 API.py [line:712] INFO 935776503186391043
Wed 29 Nov 2017 15:44:43 API.py [line:712] INFO 935776505988374529
Wed 29 Nov 2017 15:44:43 API.py [line:712] INFO 935776507800121344
Wed 29 Nov 2017 15:44:45 API.py [line:712] INFO 935776513084948481
Wed 29 Nov 2017 15:44:46 API.py [line:712] INFO 935776520844451841
Wed 29 Nov 2017 15:44:47 API.py [line:712] INFO 935776523998527489
Wed 29 Nov 2017 15:44:47 API.py [line:712] INFO 935776524262809600
Wed 29 Nov 2017 15:44:48 API.py [line:712] INFO 935776526850842624
Wed 29 Nov 2017 15:44:48 API.py [line:712] INFO 935776526825672704
Wed 29 Nov 2017 15:44:49 API.py [line:712] INFO 935776531917320192
Wed 29 Nov 2017 15:44:49 API.py [line:712] INFO 935776532458622976
Wed 29 Nov 2017 15:44:49 API.py [line:712] INFO 935776533301559296
Wed 29 Nov 2017 15:44:50 API.py [line:712] INFO 935776536464101376
Wed 29 Nov 2017 15:44:51 API.py [line:712] INFO 935776541795147776
Wed 29 Nov 2017 15:44:52 API.py [line:712] INFO 935776543690784768
Wed 29 Nov 2017 15:44:52 API.py [line:712] INFO 935776543950942209
Wed 29 Nov 2017 15:44:53 API.py [line:712] INFO 935776546085916672
Wed 29 Nov 2017 15:44:53 API.py [line:712] INFO 935776548958777344
Wed 29 Nov 2017 15:44:53 API.py [line:712] INFO 935776549864796160
Wed 29 Nov 2017 15:44:54 API.py [line:712] INFO 935776553216090112
Wed 29 Nov 2017 15:44:55 API.py [line:712] INFO 935776557666390017
Wed 29 Nov 2017 15:44:55 API.py [line:712] INFO 935776557523709952
Wed 29 Nov 2017 15:44:55 API.py [line:712] INFO 935776558031278081
Wed 29 Nov 2017 15:44:56 API.py [line:712] INFO 935776561952735232
Wed 29 Nov 2017 15:44:57 API.py [line:712] INFO 935776563177537536
Wed 29 Nov 2017 15:44:57 API.py [line:712] INFO 935776564859621376
Wed 29 Nov 2017 15:44:57 API.py [line:712] INFO 935776565601845248
Wed 29 Nov 2017 15:44:57 API.py [line:712] INFO 935776566046613504
Wed 29 Nov 2017 15:44:57 API.py [line:712] INFO 935776566839300096
Wed 29 Nov 2017 15:44:58 API.py [line:712] INFO 935776566973550592
Wed 29 Nov 2017 15:44:58 API.py [line:712] INFO 935776570265841664
Wed 29 Nov 2017 15:44:59 API.py [line:712] INFO 935776570953912320
Wed 29 Nov 2017 15:44:59 API.py [line:712] INFO 935776571734003712
Wed 29 Nov 2017 15:44:59 API.py [line:712] INFO 935776574359646209
Wed 29 Nov 2017 15:45:00 API.py [line:712] INFO 935776579099222022
Wed 29 Nov 2017 15:45:01 API.py [line:712] INFO 935776582148468736
Wed 29 Nov 2017 15:45:01 API.py [line:712] INFO 935776582949527552
Wed 29 Nov 2017 15:45:02 API.py [line:712] INFO 935776585948549120
Wed 29 Nov 2017 15:45:03 API.py [line:712] INFO 935776588607627264
Wed 29 Nov 2017 15:45:03 API.py [line:712] INFO 935776591518490629
Wed 29 Nov 2017 15:45:04 API.py [line:712] INFO 935776593464709120
Wed 29 Nov 2017 15:45:04 API.py [line:712] INFO 935776593343074305
Wed 29 Nov 2017 15:45:04 API.py [line:712] INFO 935776593829613568
Wed 29 Nov 2017 15:45:04 API.py [line:712] INFO 935776594941145088
Wed 29 Nov 2017 15:45:05 API.py [line:712] INFO 935776597742948354
Wed 29 Nov 2017 15:45:05 API.py [line:712] INFO 935776599873482753
Wed 29 Nov 2017 15:45:06 API.py [line:712] INFO 935776602407034880
Wed 29 Nov 2017 15:45:06 API.py [line:712] INFO 935776601848946690
Wed 29 Nov 2017 15:45:06 API.py [line:712] INFO 935776601824006144
Wed 29 Nov 2017 15:45:06 API.py [line:712] INFO 935776604512444416
Wed 29 Nov 2017 15:45:07 API.py [line:712] INFO 935776607775666176
Wed 29 Nov 2017 15:45:07 API.py [line:712] INFO 935776608845291520
Wed 29 Nov 2017 15:45:08 API.py [line:712] INFO 935776610178830336
Wed 29 Nov 2017 15:45:08 API.py [line:712] INFO 935776610602676224
Wed 29 Nov 2017 15:45:08 API.py [line:712] INFO 935776612338954240
Wed 29 Nov 2017 15:45:08 API.py [line:712] INFO 935776612053688321
Wed 29 Nov 2017 15:45:08 API.py [line:712] INFO 935776612150382592
Wed 29 Nov 2017 15:45:09 API.py [line:712] INFO 935776613114945536
Wed 29 Nov 2017 15:45:10 API.py [line:712] INFO 935776617481326592
Wed 29 Nov 2017 15:45:10 API.py [line:712] INFO 935776618274066432
Wed 29 Nov 2017 15:45:10 API.py [line:712] INFO 935776618168979458
Wed 29 Nov 2017 15:45:10 API.py [line:712] INFO 935776618634719232
Wed 29 Nov 2017 15:45:10 API.py [line:712] INFO 935776619125465089
Wed 29 Nov 2017 15:45:10 API.py [line:712] INFO 935776620102766592
Wed 29 Nov 2017 15:45:10 API.py [line:712] INFO 935776620161384448
Wed 29 Nov 2017 15:45:10 API.py [line:712] INFO 935776621314936835
Wed 29 Nov 2017 15:45:11 API.py [line:712] INFO 935776623382577152
Wed 29 Nov 2017 15:45:11 API.py [line:712] INFO 935776624376799232
Wed 29 Nov 2017 15:45:12 API.py [line:712] INFO 935776626914213888
Wed 29 Nov 2017 15:45:12 API.py [line:712] INFO 935776628067749888
Wed 29 Nov 2017 15:45:13 API.py [line:712] INFO 935776630248796160
Wed 29 Nov 2017 15:45:13 API.py [line:712] INFO 935776629715976192
Wed 29 Nov 2017 15:45:13 API.py [line:712] INFO 935776631830048768
Wed 29 Nov 2017 15:45:13 API.py [line:712] INFO 935776633436303360
Wed 29 Nov 2017 15:45:14 API.py [line:712] INFO 935776635000733696
Wed 29 Nov 2017 15:45:14 API.py [line:712] INFO 935776636536086528
Wed 29 Nov 2017 15:45:14 API.py [line:712] INFO 935776636829601793
Wed 29 Nov 2017 15:45:15 API.py [line:712] INFO 935776640004739072
Wed 29 Nov 2017 15:45:15 API.py [line:712] INFO 935776641590185984
Wed 29 Nov 2017 15:45:15 API.py [line:712] INFO 935776640583585792
Wed 29 Nov 2017 15:45:15 API.py [line:712] INFO 935776641879392256
Wed 29 Nov 2017 15:45:16 API.py [line:712] INFO 935776642844254208
Wed 29 Nov 2017 15:45:23 API.py [line:712] INFO 935776644593278976
Wed 29 Nov 2017 15:45:23 API.py [line:712] INFO 935776644391870464
Wed 29 Nov 2017 15:45:23 API.py [line:712] INFO 935776645461565440
Wed 29 Nov 2017 15:45:23 API.py [line:712] INFO 935776644253519872
Wed 29 Nov 2017 15:45:23 API.py [line:712] INFO 935776644870037504
Wed 29 Nov 2017 15:45:23 API.py [line:712] INFO 935776648430886912
Wed 29 Nov 2017 15:45:23 API.py [line:712] INFO 935776649529954304
Wed 29 Nov 2017 15:45:23 API.py [line:712] INFO 935776649882116096
Wed 29 Nov 2017 15:45:23 API.py [line:712] INFO 935776650138177536
Wed 29 Nov 2017 15:45:23 API.py [line:712] INFO 935776651425726464
Wed 29 Nov 2017 15:45:23 API.py [line:712] INFO 935776651786338304
Wed 29 Nov 2017 15:45:23 API.py [line:712] INFO 935776653954785280
Wed 29 Nov 2017 15:45:23 API.py [line:712] INFO 935776654307352576
Wed 29 Nov 2017 15:45:23 API.py [line:712] INFO 935776655670378496
Wed 29 Nov 2017 15:45:23 API.py [line:712] INFO 935776656169373697
Wed 29 Nov 2017 15:45:23 API.py [line:712] INFO 935776657083744257
Wed 29 Nov 2017 15:45:23 API.py [line:712] INFO 935776658673537024
Wed 29 Nov 2017 15:45:23 API.py [line:712] INFO 935776659952738304
Wed 29 Nov 2017 15:45:24 API.py [line:712] INFO 935776663022977025
Wed 29 Nov 2017 15:45:24 API.py [line:712] INFO 935776666013589504
Wed 29 Nov 2017 15:45:24 API.py [line:712] INFO 935776670073491456
Wed 29 Nov 2017 15:45:24 API.py [line:712] INFO 935776669729566720
Wed 29 Nov 2017 15:45:24 API.py [line:712] INFO 935776674494537729
Wed 29 Nov 2017 15:45:24 API.py [line:712] INFO 935776675257880576
Wed 29 Nov 2017 15:45:24 API.py [line:712] INFO 935776675081719808
Wed 29 Nov 2017 15:45:24 API.py [line:712] INFO 935776676146970625
Wed 29 Nov 2017 15:45:24 API.py [line:712] INFO 935776676981673984
Wed 29 Nov 2017 15:45:24 API.py [line:712] INFO 935776677048737792
Wed 29 Nov 2017 15:45:24 API.py [line:712] INFO 935776677292052481
Wed 29 Nov 2017 15:45:24 API.py [line:712] INFO 935776678038536192
Wed 29 Nov 2017 15:45:24 API.py [line:712] INFO 935776682031665158
Wed 29 Nov 2017 15:45:24 API.py [line:712] INFO 935776682266583042
Wed 29 Nov 2017 15:45:25 API.py [line:712] INFO 935776684376145920
Wed 29 Nov 2017 15:45:27 API.py [line:712] INFO 935776691292487683
Wed 29 Nov 2017 15:45:28 API.py [line:712] INFO 935776693691695105
Wed 29 Nov 2017 15:45:28 API.py [line:712] INFO 935776696896077824
Wed 29 Nov 2017 15:45:29 API.py [line:712] INFO 935776695205933056
Wed 29 Nov 2017 15:45:29 API.py [line:712] INFO 935776698972246016
Wed 29 Nov 2017 15:45:29 API.py [line:712] INFO 935776699609964544
Wed 29 Nov 2017 15:45:29 API.py [line:712] INFO 935776699744182272
Wed 29 Nov 2017 15:45:29 API.py [line:712] INFO 935776697735028737
Wed 29 Nov 2017 15:45:29 API.py [line:712] INFO 935776701195345920
Wed 29 Nov 2017 15:45:30 API.py [line:712] INFO 935776700302090240
Wed 29 Nov 2017 15:45:30 API.py [line:712] INFO 935776704307458048
Wed 29 Nov 2017 15:45:30 API.py [line:712] INFO 935776705083457536
Wed 29 Nov 2017 15:45:31 API.py [line:712] INFO 935776705507033089
Wed 29 Nov 2017 15:45:32 API.py [line:712] INFO 935776710875742209
Wed 29 Nov 2017 15:45:32 API.py [line:712] INFO 935776713790832640
Wed 29 Nov 2017 15:45:33 API.py [line:712] INFO 935776716072484864
Wed 29 Nov 2017 15:45:33 API.py [line:712] INFO 935776717767094272
Wed 29 Nov 2017 15:45:33 API.py [line:712] INFO 935776717557387264
Wed 29 Nov 2017 15:45:34 API.py [line:712] INFO 935776721151938560
Wed 29 Nov 2017 15:45:34 API.py [line:712] INFO 935776721135194112
Wed 29 Nov 2017 15:45:34 API.py [line:712] INFO 935776722707976192
Wed 29 Nov 2017 15:45:35 API.py [line:712] INFO 935776723009814528
Wed 29 Nov 2017 15:45:35 API.py [line:712] INFO 935776724205408256
Wed 29 Nov 2017 15:45:35 API.py [line:712] INFO 935776726923272192
Wed 29 Nov 2017 15:45:36 API.py [line:712] INFO 935776728173203456
Wed 29 Nov 2017 15:45:37 API.py [line:712] INFO 935776730567999489
Wed 29 Nov 2017 15:45:37 API.py [line:712] INFO 935776731310493696
Wed 29 Nov 2017 15:45:37 API.py [line:712] INFO 935776731629326337
Wed 29 Nov 2017 15:45:37 API.py [line:712] INFO 935776732283629568
Wed 29 Nov 2017 15:45:37 API.py [line:712] INFO 935776734275874817
Wed 29 Nov 2017 15:45:37 API.py [line:712] INFO 935776734422560768
Wed 29 Nov 2017 15:45:37 API.py [line:712] INFO 935776734590386181
Wed 29 Nov 2017 15:45:37 API.py [line:712] INFO 935776733651001344
Wed 29 Nov 2017 15:45:37 API.py [line:712] INFO 935776734514835456
Wed 29 Nov 2017 15:45:38 API.py [line:712] INFO 935776735295148032
Wed 29 Nov 2017 15:45:38 API.py [line:712] INFO 935776738122125312
Wed 29 Nov 2017 15:45:38 API.py [line:712] INFO 935776737647935489
Wed 29 Nov 2017 15:45:39 API.py [line:712] INFO 935776738294009856
Wed 29 Nov 2017 15:45:39 API.py [line:712] INFO 935776740433113088
Wed 29 Nov 2017 15:45:39 API.py [line:712] INFO 935776741100064770
Wed 29 Nov 2017 15:45:40 API.py [line:712] INFO 935776745390854144
Wed 29 Nov 2017 15:45:40 API.py [line:712] INFO 935776745495584768
Wed 29 Nov 2017 15:45:40 API.py [line:712] INFO 935776746217070594
Wed 29 Nov 2017 15:45:41 API.py [line:712] INFO 935776748171542529
Wed 29 Nov 2017 15:45:41 API.py [line:712] INFO 935776750180683777
Wed 29 Nov 2017 15:45:41 API.py [line:712] INFO 935776750310584320
Wed 29 Nov 2017 15:45:41 API.py [line:712] INFO 935776750667288578
Wed 29 Nov 2017 15:45:41 API.py [line:712] INFO 935776751539679232
Wed 29 Nov 2017 15:45:41 API.py [line:712] INFO 935776751405252608
Wed 29 Nov 2017 15:45:41 API.py [line:712] INFO 935776751606747136
Wed 29 Nov 2017 15:45:41 API.py [line:712] INFO 935776752181399552
Wed 29 Nov 2017 15:45:42 API.py [line:712] INFO 935776753011838977
Wed 29 Nov 2017 15:45:42 API.py [line:712] INFO 935776754832171009
Wed 29 Nov 2017 15:45:43 API.py [line:712] INFO 935776758154039296
Wed 29 Nov 2017 15:45:44 API.py [line:712] INFO 935776760377077760
Wed 29 Nov 2017 15:45:44 API.py [line:712] INFO 935776759605317633
Wed 29 Nov 2017 15:45:44 API.py [line:712] INFO 935776761031397378
Wed 29 Nov 2017 15:45:44 API.py [line:712] INFO 935776762591621120
Wed 29 Nov 2017 15:45:45 API.py [line:712] INFO 935776762914512897
Wed 29 Nov 2017 15:45:46 API.py [line:712] INFO 935776768228720640
Wed 29 Nov 2017 15:45:46 API.py [line:712] INFO 935776769654767616
Wed 29 Nov 2017 15:45:46 API.py [line:712] INFO 935776770678169600
Wed 29 Nov 2017 15:45:48 API.py [line:712] INFO 935776777888247809
Wed 29 Nov 2017 15:45:48 API.py [line:712] INFO 935776778311811072
Wed 29 Nov 2017 15:45:48 API.py [line:712] INFO 935776778571997184
Wed 29 Nov 2017 15:45:48 API.py [line:712] INFO 935776779448528898
Wed 29 Nov 2017 15:45:48 API.py [line:712] INFO 935776780669112320
Wed 29 Nov 2017 15:45:49 API.py [line:712] INFO 935776782334115840
Wed 29 Nov 2017 15:45:50 API.py [line:712] INFO 935776785156988928
Wed 29 Nov 2017 15:45:50 API.py [line:712] INFO 935776788369854464
Wed 29 Nov 2017 15:45:51 API.py [line:712] INFO 935776789930049536
Wed 29 Nov 2017 15:45:51 API.py [line:712] INFO 935776791154716672
Wed 29 Nov 2017 15:45:52 API.py [line:712] INFO 935776796615647232
Wed 29 Nov 2017 15:45:53 API.py [line:712] INFO 935776799639793664
Wed 29 Nov 2017 15:45:53 API.py [line:712] INFO 935776798670970880
Wed 29 Nov 2017 15:45:53 API.py [line:712] INFO 935776801867161601
Wed 29 Nov 2017 15:45:54 API.py [line:712] INFO 935776803645460480
Wed 29 Nov 2017 15:45:54 API.py [line:712] INFO 935776805683892224
Wed 29 Nov 2017 15:45:54 API.py [line:712] INFO 935776805453053952
Wed 29 Nov 2017 15:45:54 API.py [line:712] INFO 935776805532905472
Wed 29 Nov 2017 15:45:56 API.py [line:712] INFO 935776811014918144
Wed 29 Nov 2017 15:45:56 API.py [line:712] INFO 935776811224584192
Wed 29 Nov 2017 15:45:57 API.py [line:712] INFO 935776815498571776
Wed 29 Nov 2017 15:45:58 API.py [line:712] INFO 935776819323768832
Wed 29 Nov 2017 15:45:59 API.py [line:712] INFO 935776824088338433
Wed 29 Nov 2017 15:45:59 API.py [line:712] INFO 935776822867849216
Wed 29 Nov 2017 15:46:00 API.py [line:712] INFO 935776831076044801
Wed 29 Nov 2017 15:46:01 API.py [line:712] INFO 935776832363806720
Wed 29 Nov 2017 15:46:01 API.py [line:712] INFO 935776835362750464
Wed 29 Nov 2017 15:46:02 API.py [line:712] INFO 935776837233410048
Wed 29 Nov 2017 15:46:02 API.py [line:712] INFO 935776838336614400
Wed 29 Nov 2017 15:46:02 API.py [line:712] INFO 935776838634283008
Wed 29 Nov 2017 15:46:02 API.py [line:712] INFO 935776839565545472
Wed 29 Nov 2017 15:46:03 API.py [line:712] INFO 935776841054457856
Wed 29 Nov 2017 15:46:04 API.py [line:712] INFO 935776845731069952
Wed 29 Nov 2017 15:46:04 API.py [line:712] INFO 935776846196613120
Wed 29 Nov 2017 15:46:05 API.py [line:712] INFO 935776850797670405
Wed 29 Nov 2017 15:46:06 API.py [line:712] INFO 935776851993202690
Wed 29 Nov 2017 15:46:06 API.py [line:712] INFO 935776852999729152
Wed 29 Nov 2017 15:46:06 API.py [line:712] INFO 935776854996271105
Wed 29 Nov 2017 15:46:07 API.py [line:712] INFO 935776856233693185
Wed 29 Nov 2017 15:46:07 API.py [line:712] INFO 935776857944977408
Wed 29 Nov 2017 15:46:07 API.py [line:712] INFO 935776857038905344
Wed 29 Nov 2017 15:46:07 API.py [line:712] INFO 935776859714756609
Wed 29 Nov 2017 15:46:08 API.py [line:712] INFO 935776861359099904
Wed 29 Nov 2017 15:46:08 API.py [line:712] INFO 935776863544156160
Wed 29 Nov 2017 15:46:09 API.py [line:712] INFO 935776865054314496
Wed 29 Nov 2017 15:46:09 API.py [line:712] INFO 935776866878869504
Wed 29 Nov 2017 15:46:09 API.py [line:712] INFO 935776867457683456
Wed 29 Nov 2017 15:46:09 API.py [line:712] INFO 935776868376236032
Wed 29 Nov 2017 15:46:12 API.py [line:712] INFO 935776877767249920
Wed 29 Nov 2017 15:46:12 API.py [line:712] INFO 935776878396362752
Wed 29 Nov 2017 15:46:12 API.py [line:712] INFO 935776878807285760
Wed 29 Nov 2017 15:46:12 API.py [line:712] INFO 935776879633629184
Wed 29 Nov 2017 15:46:12 API.py [line:712] INFO 935776880917123072
Wed 29 Nov 2017 15:46:14 API.py [line:712] INFO 935776886361268224
Wed 29 Nov 2017 15:46:14 API.py [line:712] INFO 935776887112056832
Wed 29 Nov 2017 15:46:14 API.py [line:712] INFO 935776887674204160
Wed 29 Nov 2017 15:46:14 API.py [line:712] INFO 935776888835862528
Wed 29 Nov 2017 15:46:14 API.py [line:712] INFO 935776889578409984
Wed 29 Nov 2017 15:46:15 API.py [line:712] INFO 935776890924576768
Wed 29 Nov 2017 15:46:15 API.py [line:712] INFO 935776892451459072
Wed 29 Nov 2017 15:46:15 API.py [line:712] INFO 935776893059698688
Wed 29 Nov 2017 15:46:15 API.py [line:712] INFO 935776894481510400
Wed 29 Nov 2017 15:46:16 API.py [line:712] INFO 935776895815372800
Wed 29 Nov 2017 15:46:17 API.py [line:712] INFO 935776901775405058
Wed 29 Nov 2017 15:46:18 API.py [line:712] INFO 935776904828899328
Wed 29 Nov 2017 15:46:20 API.py [line:712] INFO 935776913737400320
Wed 29 Nov 2017 15:46:21 API.py [line:712] INFO 935776913968259072
Wed 29 Nov 2017 15:46:21 API.py [line:712] INFO 935776918086885376
Wed 29 Nov 2017 15:46:21 API.py [line:712] INFO 935776919295070208
Wed 29 Nov 2017 15:46:21 API.py [line:712] INFO 935776917763932162
Wed 29 Nov 2017 15:46:22 API.py [line:712] INFO 935776920846905344
Wed 29 Nov 2017 15:46:22 API.py [line:712] INFO 935776922281349120
Wed 29 Nov 2017 15:46:23 API.py [line:712] INFO 935776924143685632
Wed 29 Nov 2017 15:46:23 API.py [line:712] INFO 935776925641043968
Wed 29 Nov 2017 15:46:23 API.py [line:712] INFO 935776926093807616
Wed 29 Nov 2017 15:46:24 API.py [line:712] INFO 935776929285677056
Wed 29 Nov 2017 15:46:25 API.py [line:712] INFO 935776931206791168
Wed 29 Nov 2017 15:46:25 API.py [line:712] INFO 935776931588354048
Wed 29 Nov 2017 15:46:25 API.py [line:712] INFO 935776933085773824
Wed 29 Nov 2017 15:46:25 API.py [line:712] INFO 935776933341569024
Wed 29 Nov 2017 15:46:25 API.py [line:712] INFO 935776936349126656
Wed 29 Nov 2017 15:46:26 API.py [line:712] INFO 935776940019142656
Wed 29 Nov 2017 15:46:27 API.py [line:712] INFO 935776941378023424
Wed 29 Nov 2017 15:46:27 API.py [line:712] INFO 935776942049124352
Wed 29 Nov 2017 15:46:27 API.py [line:712] INFO 935776941495300096
Wed 29 Nov 2017 15:46:28 API.py [line:712] INFO 935776945828012032
Wed 29 Nov 2017 15:46:28 API.py [line:712] INFO 935776945488519168
Wed 29 Nov 2017 15:46:29 API.py [line:712] INFO 935776949900906496
Wed 29 Nov 2017 15:46:29 API.py [line:712] INFO 935776952010539008
Wed 29 Nov 2017 15:46:30 API.py [line:712] INFO 935776956200767489
Wed 29 Nov 2017 15:46:31 API.py [line:712] INFO 935776957936967680
Wed 29 Nov 2017 15:46:31 API.py [line:712] INFO 935776957903417344
Wed 29 Nov 2017 15:46:31 API.py [line:712] INFO 935776958872403968
Wed 29 Nov 2017 15:46:31 API.py [line:712] INFO 935776959845376000
Wed 29 Nov 2017 15:46:32 API.py [line:712] INFO 935776962328621056
Wed 29 Nov 2017 15:46:32 API.py [line:712] INFO 935776964400549889
Wed 29 Nov 2017 15:46:32 API.py [line:712] INFO 935776964949897217
Wed 29 Nov 2017 15:46:34 API.py [line:712] INFO 935776970494889986
Wed 29 Nov 2017 15:46:34 API.py [line:712] INFO 935776970855538688
Wed 29 Nov 2017 15:46:36 API.py [line:712] INFO 935776978485104641
Wed 29 Nov 2017 15:46:36 API.py [line:712] INFO 935776980359823360
Wed 29 Nov 2017 15:46:37 API.py [line:712] INFO 935776984281559040
Wed 29 Nov 2017 15:46:37 API.py [line:712] INFO 935776985569288192
Wed 29 Nov 2017 15:46:37 API.py [line:712] INFO 935776986265456640
Wed 29 Nov 2017 15:46:38 API.py [line:712] INFO 935776987427233792
Wed 29 Nov 2017 15:46:38 API.py [line:712] INFO 935776987590795264
Wed 29 Nov 2017 15:46:40 API.py [line:712] INFO 935776996562522112
Wed 29 Nov 2017 15:46:40 API.py [line:712] INFO 935776997967478784
Wed 29 Nov 2017 15:46:40 API.py [line:712] INFO 935776997619277824
Wed 29 Nov 2017 15:46:41 API.py [line:712] INFO 935776999162941442
Wed 29 Nov 2017 15:46:42 API.py [line:712] INFO 935777003784978432
Wed 29 Nov 2017 15:46:43 API.py [line:712] INFO 935777007773863936
Wed 29 Nov 2017 15:46:44 API.py [line:712] INFO 935777013461405696
Wed 29 Nov 2017 15:46:44 API.py [line:712] INFO 935777013679374336
Wed 29 Nov 2017 15:46:44 API.py [line:712] INFO 935777015826919425
Wed 29 Nov 2017 15:46:45 API.py [line:712] INFO 935777018360225792
Wed 29 Nov 2017 15:46:45 API.py [line:712] INFO 935777019240972289
Wed 29 Nov 2017 15:46:46 API.py [line:712] INFO 935777020184690688
Wed 29 Nov 2017 15:46:47 API.py [line:712] INFO 935777023674470402
Wed 29 Nov 2017 15:46:47 API.py [line:712] INFO 935777022852370434
Wed 29 Nov 2017 15:46:47 API.py [line:712] INFO 935777028078473217
Wed 29 Nov 2017 15:46:48 API.py [line:712] INFO 935777029135519744
Wed 29 Nov 2017 15:46:48 API.py [line:712] INFO 935777031228461056
Wed 29 Nov 2017 15:46:49 API.py [line:712] INFO 935777033707286529
Wed 29 Nov 2017 15:46:49 API.py [line:712] INFO 935777036353900544
Wed 29 Nov 2017 15:46:50 API.py [line:712] INFO 935777039759523840
Wed 29 Nov 2017 15:46:50 API.py [line:712] INFO 935777040229285888
Wed 29 Nov 2017 15:46:50 API.py [line:712] INFO 935777041034727424
Wed 29 Nov 2017 15:46:52 API.py [line:712] INFO 935777046545833985
Wed 29 Nov 2017 15:46:52 API.py [line:712] INFO 935777047858860033
Wed 29 Nov 2017 15:46:52 API.py [line:712] INFO 935777048097902592
Wed 29 Nov 2017 15:46:53 API.py [line:712] INFO 935777052355104768
Wed 29 Nov 2017 15:46:53 API.py [line:712] INFO 935777052367536128
Wed 29 Nov 2017 15:46:53 API.py [line:712] INFO 935777052539547654
Wed 29 Nov 2017 15:46:54 API.py [line:712] INFO 935777058474676226
Wed 29 Nov 2017 15:46:54 API.py [line:712] INFO 935777058835251200
Wed 29 Nov 2017 15:46:56 API.py [line:712] INFO 935777067731505152
Wed 29 Nov 2017 15:46:56 API.py [line:712] INFO 935777067810959360
Wed 29 Nov 2017 15:46:57 API.py [line:712] INFO 935777068738011136
Wed 29 Nov 2017 15:46:57 API.py [line:712] INFO 935777069853655040
Wed 29 Nov 2017 15:46:58 API.py [line:712] INFO 935777072919625728
Wed 29 Nov 2017 15:46:58 API.py [line:712] INFO 935777073641160704
Wed 29 Nov 2017 15:46:58 API.py [line:712] INFO 935777073943023617
Wed 29 Nov 2017 15:46:58 API.py [line:712] INFO 935777074433835008
Wed 29 Nov 2017 15:46:58 API.py [line:712] INFO 935777075503476742
Wed 29 Nov 2017 15:46:59 API.py [line:712] INFO 935777078166790144
Wed 29 Nov 2017 15:46:59 API.py [line:712] INFO 935777077806141441
Wed 29 Nov 2017 15:46:59 API.py [line:712] INFO 935777078724591616
Wed 29 Nov 2017 15:47:00 API.py [line:712] INFO 935777083682426880
Wed 29 Nov 2017 15:47:01 API.py [line:712] INFO 935777085448249344
Wed 29 Nov 2017 15:47:04 API.py [line:712] INFO 935777098609954816
Wed 29 Nov 2017 15:47:04 API.py [line:712] INFO 935777099532644352
Wed 29 Nov 2017 15:47:04 API.py [line:712] INFO 935777101587800065
Wed 29 Nov 2017 15:47:05 API.py [line:712] INFO 935777101986324480
Wed 29 Nov 2017 15:47:05 API.py [line:712] INFO 935777103521419264
Wed 29 Nov 2017 15:47:06 API.py [line:712] INFO 935777107086426112
Wed 29 Nov 2017 15:47:06 API.py [line:712] INFO 935777107296292864
Wed 29 Nov 2017 15:47:06 API.py [line:712] INFO 935777109070438400
Wed 29 Nov 2017 15:47:06 API.py [line:712] INFO 935777109393399808
Wed 29 Nov 2017 15:47:07 API.py [line:712] INFO 935777111163449345
Wed 29 Nov 2017 15:47:08 API.py [line:712] INFO 935777118344089600
Wed 29 Nov 2017 15:47:09 API.py [line:712] INFO 935777119203930112
Wed 29 Nov 2017 15:47:09 API.py [line:712] INFO 935777118319005696
Wed 29 Nov 2017 15:47:09 API.py [line:712] INFO 935777120650964992
Wed 29 Nov 2017 15:47:09 API.py [line:712] INFO 935777122878152705
Wed 29 Nov 2017 15:47:10 API.py [line:712] INFO 935777125075886080
Wed 29 Nov 2017 15:47:11 API.py [line:712] INFO 935777129907843072
Wed 29 Nov 2017 15:47:12 API.py [line:712] INFO 935777131509948416
Wed 29 Nov 2017 15:47:12 API.py [line:712] INFO 935777131048652801
Wed 29 Nov 2017 15:47:13 API.py [line:712] INFO 935777138338402304
Wed 29 Nov 2017 15:47:13 API.py [line:712] INFO 935777138606837761
Wed 29 Nov 2017 15:47:14 API.py [line:712] INFO 935777142687895553
Wed 29 Nov 2017 15:47:15 API.py [line:712] INFO 935777144541720576
Wed 29 Nov 2017 15:47:15 API.py [line:712] INFO 935777146659835905
Wed 29 Nov 2017 15:47:15 API.py [line:712] INFO 935777147154604032
Wed 29 Nov 2017 15:47:15 API.py [line:712] INFO 935777147251232768
Wed 29 Nov 2017 15:47:15 API.py [line:712] INFO 935777147427450885
Wed 29 Nov 2017 15:47:15 API.py [line:712] INFO 935777147607584770
Wed 29 Nov 2017 15:47:16 API.py [line:712] INFO 935777148853514240
Wed 29 Nov 2017 15:47:16 API.py [line:712] INFO 935777151886020609
Wed 29 Nov 2017 15:47:17 API.py [line:712] INFO 935777153198710785
Wed 29 Nov 2017 15:47:17 API.py [line:712] INFO 935777154880512000
Wed 29 Nov 2017 15:47:18 API.py [line:712] INFO 935777158311632897
Wed 29 Nov 2017 15:47:18 API.py [line:712] INFO 935777158261301248
Wed 29 Nov 2017 15:47:18 API.py [line:712] INFO 935777159175647232
Wed 29 Nov 2017 15:47:18 API.py [line:712] INFO 935777159326482432
Wed 29 Nov 2017 15:47:18 API.py [line:712] INFO 935777158571667456
Wed 29 Nov 2017 15:47:18 API.py [line:712] INFO 935777160006131712
Wed 29 Nov 2017 15:47:18 API.py [line:712] INFO 935777159854960640
Wed 29 Nov 2017 15:47:19 API.py [line:712] INFO 935777164623884288
Wed 29 Nov 2017 15:47:20 API.py [line:712] INFO 935777165483888640
Wed 29 Nov 2017 15:47:20 API.py [line:712] INFO 935777167279034368
Wed 29 Nov 2017 15:47:20 API.py [line:712] INFO 935777167736221699
Wed 29 Nov 2017 15:47:21 API.py [line:712] INFO 935777169724276737
Wed 29 Nov 2017 15:47:21 API.py [line:712] INFO 935777169376186368
Wed 29 Nov 2017 15:47:23 API.py [line:712] INFO 935777177076822016
Wed 29 Nov 2017 15:47:23 API.py [line:712] INFO 935777178439970816
Wed 29 Nov 2017 15:47:23 API.py [line:712] INFO 935777178888822785
Wed 29 Nov 2017 15:47:23 API.py [line:712] INFO 935777179970953216
Wed 29 Nov 2017 15:47:24 API.py [line:712] INFO 935777182097518593
Wed 29 Nov 2017 15:47:24 API.py [line:712] INFO 935777182655361024
Wed 29 Nov 2017 15:47:24 API.py [line:712] INFO 935777183775281153
Wed 29 Nov 2017 15:47:24 API.py [line:712] INFO 935777183959801861
Wed 29 Nov 2017 15:47:24 API.py [line:712] INFO 935777185578790912
Wed 29 Nov 2017 15:47:25 API.py [line:712] INFO 935777186207776768
Wed 29 Nov 2017 15:47:25 API.py [line:712] INFO 935777188086984704
Wed 29 Nov 2017 15:47:26 API.py [line:712] INFO 935777191085903872
Wed 29 Nov 2017 15:47:26 API.py [line:712] INFO 935777192608374784
Wed 29 Nov 2017 15:47:26 API.py [line:712] INFO 935777192855920640
Wed 29 Nov 2017 15:47:27 API.py [line:712] INFO 935777194231468032
Wed 29 Nov 2017 15:47:27 API.py [line:712] INFO 935777196374859776
Wed 29 Nov 2017 15:47:27 API.py [line:712] INFO 935777196676825088
Wed 29 Nov 2017 15:47:27 API.py [line:712] INFO 935777197985533952
Wed 29 Nov 2017 15:47:28 API.py [line:712] INFO 935777202641293312
Wed 29 Nov 2017 15:47:29 API.py [line:712] INFO 935777203199135744
Wed 29 Nov 2017 15:47:29 API.py [line:712] INFO 935777203693989888
Wed 29 Nov 2017 15:47:30 API.py [line:712] INFO 935777207347269634
Wed 29 Nov 2017 15:47:30 API.py [line:712] INFO 935777209507287040
Wed 29 Nov 2017 15:47:30 API.py [line:712] INFO 935777209716899840
Wed 29 Nov 2017 15:47:30 API.py [line:712] INFO 935777209331019776
Wed 29 Nov 2017 15:47:30 API.py [line:712] INFO 935777209985351681
Wed 29 Nov 2017 15:47:30 API.py [line:712] INFO 935777210291568640
Wed 29 Nov 2017 15:47:31 API.py [line:712] INFO 935777212313296896
Wed 29 Nov 2017 15:47:32 API.py [line:712] INFO 935777215429607424
Wed 29 Nov 2017 15:47:32 API.py [line:712] INFO 935777218327855104
Wed 29 Nov 2017 15:47:33 API.py [line:712] INFO 935777219502260224
Wed 29 Nov 2017 15:47:33 API.py [line:712] INFO 935777220831870977
Wed 29 Nov 2017 15:47:33 API.py [line:712] INFO 935777222098636800
Wed 29 Nov 2017 15:47:33 API.py [line:712] INFO 935777223071580162
Wed 29 Nov 2017 15:47:34 API.py [line:712] INFO 935777225726746624
Wed 29 Nov 2017 15:47:34 API.py [line:712] INFO 935777226125017088
Wed 29 Nov 2017 15:47:34 API.py [line:712] INFO 935777224673853441
Wed 29 Nov 2017 15:47:35 API.py [line:712] INFO 935777229052690432
Wed 29 Nov 2017 15:47:35 API.py [line:712] INFO 935777230839574528
Wed 29 Nov 2017 15:47:35 API.py [line:712] INFO 935777231313530880
Wed 29 Nov 2017 15:47:36 API.py [line:712] INFO 935777231498080256
Wed 29 Nov 2017 15:47:36 API.py [line:712] INFO 935777232899006465
Wed 29 Nov 2017 15:47:36 API.py [line:712] INFO 935777234220208129
Wed 29 Nov 2017 15:47:36 API.py [line:712] INFO 935777235562266625
Wed 29 Nov 2017 15:47:37 API.py [line:712] INFO 935777239144202240
Wed 29 Nov 2017 15:47:38 API.py [line:712] INFO 935777241652514816
Wed 29 Nov 2017 15:47:38 API.py [line:712] INFO 935777242268839936
Wed 29 Nov 2017 15:47:38 API.py [line:712] INFO 935777242050830337
Wed 29 Nov 2017 15:47:39 API.py [line:712] INFO 935777245020295168
Wed 29 Nov 2017 15:47:39 API.py [line:712] INFO 935777247520161792
Wed 29 Nov 2017 15:47:40 API.py [line:712] INFO 935777249474748416
Wed 29 Nov 2017 15:47:41 API.py [line:712] INFO 935777254507982849
Wed 29 Nov 2017 15:47:41 API.py [line:712] INFO 935777254964989953
Wed 29 Nov 2017 15:47:42 API.py [line:712] INFO 935777258006024192
Wed 29 Nov 2017 15:47:42 API.py [line:712] INFO 935777257854877696
Wed 29 Nov 2017 15:47:42 API.py [line:712] INFO 935777259570462721
Wed 29 Nov 2017 15:47:42 API.py [line:712] INFO 935777259700531201
Wed 29 Nov 2017 15:47:43 API.py [line:712] INFO 935777262372257792
Wed 29 Nov 2017 15:47:43 API.py [line:712] INFO 935777262464413696
Wed 29 Nov 2017 15:47:43 API.py [line:712] INFO 935777262892404737
Wed 29 Nov 2017 15:47:43 API.py [line:712] INFO 935777264356048896
Wed 29 Nov 2017 15:47:43 API.py [line:712] INFO 935777261705236480
Wed 29 Nov 2017 15:47:43 API.py [line:712] INFO 935777265270521856
Wed 29 Nov 2017 15:47:45 API.py [line:712] INFO 935777270299377664
Wed 29 Nov 2017 15:47:46 API.py [line:712] INFO 935777274342752257
Wed 29 Nov 2017 15:47:46 API.py [line:712] INFO 935777274888163328
Wed 29 Nov 2017 15:47:46 API.py [line:712] INFO 935777275282370560
Wed 29 Nov 2017 15:47:46 API.py [line:712] INFO 935777275928231936
Wed 29 Nov 2017 15:47:47 API.py [line:712] INFO 935777278302269440
Wed 29 Nov 2017 15:47:48 API.py [line:712] INFO 935777286263013376
Wed 29 Nov 2017 15:47:49 API.py [line:712] INFO 935777287286468608
Wed 29 Nov 2017 15:47:49 API.py [line:712] INFO 935777289115025408
Wed 29 Nov 2017 15:47:49 API.py [line:712] INFO 935777290058792960
Wed 29 Nov 2017 15:47:49 API.py [line:712] INFO 935777290750976000
Wed 29 Nov 2017 15:47:50 API.py [line:712] INFO 935777290830729218
Wed 29 Nov 2017 15:47:51 API.py [line:712] INFO 935777296019066881
Wed 29 Nov 2017 15:47:51 API.py [line:712] INFO 935777297503678464
Wed 29 Nov 2017 15:47:51 API.py [line:712] INFO 935777298304978944
Wed 29 Nov 2017 15:47:51 API.py [line:712] INFO 935777295100411904
Wed 29 Nov 2017 15:47:52 API.py [line:712] INFO 935777299408080897
Wed 29 Nov 2017 15:47:52 API.py [line:712] INFO 935777299906961408
Wed 29 Nov 2017 15:47:52 API.py [line:712] INFO 935777300762824705
Wed 29 Nov 2017 15:47:53 API.py [line:712] INFO 935777306559344641
Wed 29 Nov 2017 15:47:55 API.py [line:712] INFO 935777315577040896
Wed 29 Nov 2017 15:47:56 API.py [line:712] INFO 935777316562702336
Wed 29 Nov 2017 15:47:56 API.py [line:712] INFO 935777319054168064
Wed 29 Nov 2017 15:47:58 API.py [line:712] INFO 935777325232275456
Wed 29 Nov 2017 15:47:58 API.py [line:712] INFO 935777327551844352
Wed 29 Nov 2017 15:47:58 API.py [line:712] INFO 935777327707017217
Wed 29 Nov 2017 15:47:58 API.py [line:712] INFO 935777328046792705
Wed 29 Nov 2017 15:48:00 API.py [line:712] INFO 935777334111686658
Wed 29 Nov 2017 15:48:01 API.py [line:712] INFO 935777337353703424
Wed 29 Nov 2017 15:48:01 API.py [line:712] INFO 935777338465374208
Wed 29 Nov 2017 15:48:01 API.py [line:712] INFO 935777340566761472
Wed 29 Nov 2017 15:48:02 API.py [line:712] INFO 935777341141286912
Wed 29 Nov 2017 15:48:03 API.py [line:712] INFO 935777345255772160
Wed 29 Nov 2017 15:48:03 API.py [line:712] INFO 935777345398390789
Wed 29 Nov 2017 15:48:04 API.py [line:712] INFO 935777349655846912
Wed 29 Nov 2017 15:48:04 API.py [line:712] INFO 935777349991321600
Wed 29 Nov 2017 15:48:05 API.py [line:712] INFO 935777355863351296
Wed 29 Nov 2017 15:48:05 API.py [line:712] INFO 935777356375085057
Wed 29 Nov 2017 15:48:06 API.py [line:712] INFO 935777359558578176
Wed 29 Nov 2017 15:48:06 API.py [line:712] INFO 935777359520813056
Wed 29 Nov 2017 15:48:07 API.py [line:712] INFO 935777362494541824
Wed 29 Nov 2017 15:48:07 API.py [line:712] INFO 935777362876223488
Wed 29 Nov 2017 15:48:08 API.py [line:712] INFO 935777366147780609
Wed 29 Nov 2017 15:48:08 API.py [line:712] INFO 935777366944636928
Wed 29 Nov 2017 15:48:09 API.py [line:712] INFO 935777371583496192
Wed 29 Nov 2017 15:48:09 API.py [line:712] INFO 935777372003033088
Wed 29 Nov 2017 15:48:09 API.py [line:712] INFO 935777374595149824
Wed 29 Nov 2017 15:48:10 API.py [line:712] INFO 935777376159404033
Wed 29 Nov 2017 15:48:10 API.py [line:712] INFO 935777377086455808
Wed 29 Nov 2017 15:48:10 API.py [line:712] INFO 935777377224970240
Wed 29 Nov 2017 15:48:10 API.py [line:712] INFO 935777378101477376
Wed 29 Nov 2017 15:48:11 API.py [line:712] INFO 935777380714422273
Wed 29 Nov 2017 15:48:12 API.py [line:712] INFO 935777383730335744
Wed 29 Nov 2017 15:48:12 API.py [line:712] INFO 935777384678146049
Wed 29 Nov 2017 15:48:12 API.py [line:712] INFO 935777385051500544
Wed 29 Nov 2017 15:48:12 API.py [line:712] INFO 935777386662060033
Wed 29 Nov 2017 15:48:12 API.py [line:712] INFO 935777387047874560
Wed 29 Nov 2017 15:48:13 API.py [line:712] INFO 935777384371855361
Wed 29 Nov 2017 15:48:14 API.py [line:712] INFO 935777391988891648
Wed 29 Nov 2017 15:48:14 API.py [line:712] INFO 935777394534813696
Wed 29 Nov 2017 15:48:15 API.py [line:712] INFO 935777395767959552
Wed 29 Nov 2017 15:48:15 API.py [line:712] INFO 935777396023808000
Wed 29 Nov 2017 15:48:15 API.py [line:712] INFO 935777396019662848
Wed 29 Nov 2017 15:48:15 API.py [line:712] INFO 935777397701468160
Wed 29 Nov 2017 15:48:15 API.py [line:712] INFO 935777399970689024
Wed 29 Nov 2017 15:48:16 API.py [line:712] INFO 935777401203838976
Wed 29 Nov 2017 15:48:17 API.py [line:712] INFO 935777404903096321
Wed 29 Nov 2017 15:48:17 API.py [line:712] INFO 935777406433894400
Wed 29 Nov 2017 15:48:18 API.py [line:712] INFO 935777409747451904
Wed 29 Nov 2017 15:48:18 API.py [line:712] INFO 935777410846400513
Wed 29 Nov 2017 15:48:18 API.py [line:712] INFO 935777411945205761
Wed 29 Nov 2017 15:48:18 API.py [line:712] INFO 935777412058451968
Wed 29 Nov 2017 15:48:19 API.py [line:712] INFO 935777413157572608
Wed 29 Nov 2017 15:48:19 API.py [line:712] INFO 935777414810017794
Wed 29 Nov 2017 15:48:19 API.py [line:712] INFO 935777414961160194
Wed 29 Nov 2017 15:48:21 API.py [line:712] INFO 935777420589727744
Wed 29 Nov 2017 15:48:21 API.py [line:712] INFO 935777421160271872
Wed 29 Nov 2017 15:48:21 API.py [line:712] INFO 935777423395733504
Wed 29 Nov 2017 15:48:21 API.py [line:712] INFO 935777423148412930
Wed 29 Nov 2017 15:48:21 API.py [line:712] INFO 935777424788344832
Wed 29 Nov 2017 15:48:22 API.py [line:712] INFO 935777426239639552
Wed 29 Nov 2017 15:48:22 API.py [line:712] INFO 935777425102839808
Wed 29 Nov 2017 15:48:24 API.py [line:712] INFO 935777436628697090
Wed 29 Nov 2017 15:48:25 API.py [line:712] INFO 935777440131055618
Wed 29 Nov 2017 15:48:25 API.py [line:712] INFO 935777441024327683
Wed 29 Nov 2017 15:48:26 API.py [line:712] INFO 935777445298323456
Wed 29 Nov 2017 15:48:27 API.py [line:712] INFO 935777447336923136
Wed 29 Nov 2017 15:48:27 API.py [line:712] INFO 935777448163266561
Wed 29 Nov 2017 15:48:27 API.py [line:712] INFO 935777449098354688
Wed 29 Nov 2017 15:48:28 API.py [line:712] INFO 935777451539681281
Wed 29 Nov 2017 15:48:28 API.py [line:712] INFO 935777453259272192
Wed 29 Nov 2017 15:48:29 API.py [line:712] INFO 935777455616303104
Wed 29 Nov 2017 15:48:29 API.py [line:712] INFO 935777456732213249
Wed 29 Nov 2017 15:48:29 API.py [line:712] INFO 935777457092857857
Wed 29 Nov 2017 15:48:30 API.py [line:712] INFO 935777460842582016
Wed 29 Nov 2017 15:48:31 API.py [line:712] INFO 935777462553681920
Wed 29 Nov 2017 15:48:31 API.py [line:712] INFO 935777462805336064
Wed 29 Nov 2017 15:48:31 API.py [line:712] INFO 935777464307077121
Wed 29 Nov 2017 15:48:31 API.py [line:712] INFO 935777465150029824
Wed 29 Nov 2017 15:48:31 API.py [line:712] INFO 935777465519263745
Wed 29 Nov 2017 15:48:32 API.py [line:712] INFO 935777467062804480
Wed 29 Nov 2017 15:48:32 API.py [line:712] INFO 935777466404212736
Wed 29 Nov 2017 15:48:32 API.py [line:712] INFO 935777468312637442
Wed 29 Nov 2017 15:48:32 API.py [line:712] INFO 935777469566611456
Wed 29 Nov 2017 15:48:33 API.py [line:712] INFO 935777473312145409
Wed 29 Nov 2017 15:48:33 API.py [line:712] INFO 935777474146983936
Wed 29 Nov 2017 15:48:33 API.py [line:712] INFO 935777475203756032
Wed 29 Nov 2017 15:48:35 API.py [line:712] INFO 935777481428107264
Wed 29 Nov 2017 15:48:35 API.py [line:712] INFO 935777481692405760
Wed 29 Nov 2017 15:48:36 API.py [line:712] INFO 935777485781913600
Wed 29 Nov 2017 15:48:37 API.py [line:712] INFO 935777488201859072
Wed 29 Nov 2017 15:48:37 API.py [line:712] INFO 935777488076247040
Wed 29 Nov 2017 15:48:37 API.py [line:712] INFO 935777487979761669
Wed 29 Nov 2017 15:48:37 API.py [line:712] INFO 935777490378817536
Wed 29 Nov 2017 15:48:37 API.py [line:712] INFO 935777491129532418
Wed 29 Nov 2017 15:48:37 API.py [line:712] INFO 935777491343491073
Wed 29 Nov 2017 15:48:37 API.py [line:712] INFO 935777491154821120
Wed 29 Nov 2017 15:48:38 API.py [line:712] INFO 935777493071597568
Wed 29 Nov 2017 15:48:38 API.py [line:712] INFO 935777492958314501
Wed 29 Nov 2017 15:48:38 API.py [line:712] INFO 935777494749163520
Wed 29 Nov 2017 15:48:38 API.py [line:712] INFO 935777494711652352
Wed 29 Nov 2017 15:48:38 API.py [line:712] INFO 935777493751123970
Wed 29 Nov 2017 15:48:39 API.py [line:712] INFO 935777497874161664
Wed 29 Nov 2017 15:48:39 API.py [line:712] INFO 935777500147236864
Wed 29 Nov 2017 15:48:39 API.py [line:712] INFO 935777500147388416
Wed 29 Nov 2017 15:48:41 API.py [line:712] INFO 935777504865918976
Wed 29 Nov 2017 15:48:41 API.py [line:712] INFO 935777505251905536
Wed 29 Nov 2017 15:48:41 API.py [line:712] INFO 935777506665418754
Wed 29 Nov 2017 15:48:41 API.py [line:712] INFO 935777508078874624
Wed 29 Nov 2017 15:48:41 API.py [line:712] INFO 935777508149960704
Wed 29 Nov 2017 15:48:42 API.py [line:712] INFO 935777511715344384
Wed 29 Nov 2017 15:48:43 API.py [line:712] INFO 935777516056338432
Wed 29 Nov 2017 15:48:44 API.py [line:712] INFO 935777519646654464
Wed 29 Nov 2017 15:48:45 API.py [line:712] INFO 935777523484581888
Wed 29 Nov 2017 15:48:45 API.py [line:712] INFO 935777523689930752
Wed 29 Nov 2017 15:48:47 API.py [line:712] INFO 935777530153496576
Wed 29 Nov 2017 15:48:47 API.py [line:712] INFO 935777531315310592
Wed 29 Nov 2017 15:48:49 API.py [line:712] INFO 935777538667769856
Wed 29 Nov 2017 15:48:49 API.py [line:712] INFO 935777539552768002
Wed 29 Nov 2017 15:48:50 API.py [line:712] INFO 935777543092822017
Wed 29 Nov 2017 15:48:50 API.py [line:712] INFO 935777544283987968
Wed 29 Nov 2017 15:48:50 API.py [line:712] INFO 935777546062327808
Wed 29 Nov 2017 15:48:51 API.py [line:712] INFO 935777546393731072
Wed 29 Nov 2017 15:48:51 API.py [line:712] INFO 935777547434029056
Wed 29 Nov 2017 15:48:51 API.py [line:712] INFO 935777547576426496
Wed 29 Nov 2017 15:48:52 API.py [line:712] INFO 935777552051916801
Wed 29 Nov 2017 15:48:52 API.py [line:712] INFO 935777553859493888
Wed 29 Nov 2017 15:48:53 API.py [line:712] INFO 935777556204343296
Wed 29 Nov 2017 15:48:53 API.py [line:712] INFO 935777556384698369
Wed 29 Nov 2017 15:48:54 API.py [line:712] INFO 935777560025321472
Wed 29 Nov 2017 15:48:54 API.py [line:712] INFO 935777560255852545
Wed 29 Nov 2017 15:48:54 API.py [line:712] INFO 935777560327262208
Wed 29 Nov 2017 15:48:54 API.py [line:712] INFO 935777561052839936
Wed 29 Nov 2017 15:48:55 API.py [line:712] INFO 935777563506565120
Wed 29 Nov 2017 15:48:56 API.py [line:712] INFO 935777568208408576
Wed 29 Nov 2017 15:48:56 API.py [line:712] INFO 935777567990210560
Wed 29 Nov 2017 15:48:56 API.py [line:712] INFO 935777570368389122
Wed 29 Nov 2017 15:48:58 API.py [line:712] INFO 935777577792344064
Wed 29 Nov 2017 15:48:58 API.py [line:712] INFO 935777579134570498
Wed 29 Nov 2017 15:48:59 API.py [line:712] INFO 935777581718233090
Wed 29 Nov 2017 15:48:59 API.py [line:712] INFO 935777582271918082
Wed 29 Nov 2017 15:48:59 API.py [line:712] INFO 935777581453934592
Wed 29 Nov 2017 15:49:00 API.py [line:712] INFO 935777586663235586
Wed 29 Nov 2017 15:49:00 API.py [line:712] INFO 935777587749670912
Wed 29 Nov 2017 15:49:01 API.py [line:712] INFO 935777588684865536
Wed 29 Nov 2017 15:49:01 API.py [line:712] INFO 935777590014545920
Wed 29 Nov 2017 15:49:01 API.py [line:712] INFO 935777589695844353
Wed 29 Nov 2017 15:49:01 API.py [line:712] INFO 935777591771799552
Wed 29 Nov 2017 15:49:02 API.py [line:712] INFO 935777594322153473
Wed 29 Nov 2017 15:49:02 API.py [line:712] INFO 935777595077009408
Wed 29 Nov 2017 15:49:03 API.py [line:712] INFO 935777597211926529
Wed 29 Nov 2017 15:49:04 API.py [line:712] INFO 935777601049825280
Wed 29 Nov 2017 15:49:04 API.py [line:712] INFO 935777602148511746
Wed 29 Nov 2017 15:49:04 API.py [line:712] INFO 935777603918680064
Wed 29 Nov 2017 15:49:04 API.py [line:712] INFO 935777603847376896
Wed 29 Nov 2017 15:49:05 API.py [line:712] INFO 935777607248998401
Wed 29 Nov 2017 15:49:05 API.py [line:712] INFO 935777608817557505
Wed 29 Nov 2017 15:49:06 API.py [line:712] INFO 935777609387880448
Wed 29 Nov 2017 15:49:06 API.py [line:712] INFO 935777611397156864
Wed 29 Nov 2017 15:49:06 API.py [line:712] INFO 935777612844158976
Wed 29 Nov 2017 15:49:06 API.py [line:712] INFO 935777613666242560
Wed 29 Nov 2017 15:49:07 API.py [line:712] INFO 935777617675821056
Wed 29 Nov 2017 15:49:08 API.py [line:712] INFO 935777618703642624
Wed 29 Nov 2017 15:49:08 API.py [line:712] INFO 935777620540583936
Wed 29 Nov 2017 15:49:08 API.py [line:712] INFO 935777621048217600
Wed 29 Nov 2017 15:49:09 API.py [line:712] INFO 935777623803822081
Wed 29 Nov 2017 15:49:09 API.py [line:712] INFO 935777624764420097
Wed 29 Nov 2017 15:49:09 API.py [line:712] INFO 935777624919592960
Wed 29 Nov 2017 15:49:10 API.py [line:712] INFO 935777627138347008
Wed 29 Nov 2017 15:49:10 API.py [line:712] INFO 935777604446986241
Wed 29 Nov 2017 15:49:10 API.py [line:712] INFO 935777630061768704
Wed 29 Nov 2017 15:49:10 API.py [line:712] INFO 935777629990350848
Wed 29 Nov 2017 15:49:11 API.py [line:712] INFO 935777633379463168
Wed 29 Nov 2017 15:49:11 API.py [line:712] INFO 935777634071597057
Wed 29 Nov 2017 15:49:13 API.py [line:712] INFO 935777640107134976
Wed 29 Nov 2017 15:49:13 API.py [line:712] INFO 935777640186896384
Wed 29 Nov 2017 15:49:13 API.py [line:712] INFO 935777641633689600
Wed 29 Nov 2017 15:49:15 API.py [line:712] INFO 935777649057603584
Wed 29 Nov 2017 15:49:15 API.py [line:712] INFO 935777651251449857
Wed 29 Nov 2017 15:49:16 API.py [line:712] INFO 935777651893121024
Wed 29 Nov 2017 15:49:16 API.py [line:712] INFO 935777652128079872
Wed 29 Nov 2017 15:49:16 API.py [line:712] INFO 935777652195184641
Wed 29 Nov 2017 15:49:16 API.py [line:712] INFO 935777653096894464
Wed 29 Nov 2017 15:49:16 API.py [line:712] INFO 935777653851815936
Wed 29 Nov 2017 15:49:16 API.py [line:712] INFO 935777654166425602
Wed 29 Nov 2017 15:49:16 API.py [line:712] INFO 935777655240015872
Wed 29 Nov 2017 15:49:17 API.py [line:712] INFO 935777657567961088
Wed 29 Nov 2017 15:49:17 API.py [line:712] INFO 935777657534390272
Wed 29 Nov 2017 15:49:18 API.py [line:712] INFO 935777661397352450
Wed 29 Nov 2017 15:49:18 API.py [line:712] INFO 935777662311718912
Wed 29 Nov 2017 15:49:19 API.py [line:712] INFO 935777666736693248
Wed 29 Nov 2017 15:49:20 API.py [line:712] INFO 935777670352093185
Wed 29 Nov 2017 15:49:21 API.py [line:712] INFO 935777672424071168
Wed 29 Nov 2017 15:49:21 API.py [line:712] INFO 935777675011952640
Wed 29 Nov 2017 15:49:22 API.py [line:712] INFO 935777678879100929
Wed 29 Nov 2017 15:49:23 API.py [line:712] INFO 935777681135640577
Wed 29 Nov 2017 15:49:23 API.py [line:712] INFO 935777681655959553
Wed 29 Nov 2017 15:49:23 API.py [line:712] INFO 935777684394840064
Wed 29 Nov 2017 15:49:24 API.py [line:712] INFO 935777685527236608
Wed 29 Nov 2017 15:49:24 API.py [line:712] INFO 935777686382960640
Wed 29 Nov 2017 15:49:24 API.py [line:712] INFO 935777687653703680
Wed 29 Nov 2017 15:49:24 API.py [line:712] INFO 935777688400281601
Wed 29 Nov 2017 15:49:24 API.py [line:712] INFO 935777688932859904
Wed 29 Nov 2017 15:49:25 API.py [line:712] INFO 935777691764166656
Wed 29 Nov 2017 15:49:26 API.py [line:712] INFO 935777696340152322
Wed 29 Nov 2017 15:49:27 API.py [line:712] INFO 935777699024445440
Wed 29 Nov 2017 15:49:28 API.py [line:712] INFO 935777705286565888
Wed 29 Nov 2017 15:49:29 API.py [line:712] INFO 935777705932533761
Wed 29 Nov 2017 15:49:29 API.py [line:712] INFO 935777706574340096
Wed 29 Nov 2017 15:49:29 API.py [line:712] INFO 935777708545593344
Wed 29 Nov 2017 15:49:30 API.py [line:712] INFO 935777713666879488
Wed 29 Nov 2017 15:49:30 API.py [line:712] INFO 935777713595535362
Wed 29 Nov 2017 15:49:31 API.py [line:712] INFO 935777716606976001
Wed 29 Nov 2017 15:49:31 API.py [line:712] INFO 935777717382991872
Wed 29 Nov 2017 15:49:31 API.py [line:712] INFO 935777717114384384
Wed 29 Nov 2017 15:49:32 API.py [line:712] INFO 935777719127855104
Wed 29 Nov 2017 15:49:32 API.py [line:712] INFO 935777719610200064
Wed 29 Nov 2017 15:49:32 API.py [line:712] INFO 935777720017047553
Wed 29 Nov 2017 15:49:32 API.py [line:712] INFO 935777719807180800
Wed 29 Nov 2017 15:49:32 API.py [line:712] INFO 935777721321476096
Wed 29 Nov 2017 15:49:32 API.py [line:712] INFO 935777721132519424
Wed 29 Nov 2017 15:49:33 API.py [line:712] INFO 935777722403557376
Wed 29 Nov 2017 15:49:33 API.py [line:712] INFO 935777725960167424
Wed 29 Nov 2017 15:49:34 API.py [line:712] INFO 935777729731092480
Wed 29 Nov 2017 15:49:35 API.py [line:712] INFO 935777731886960641
Wed 29 Nov 2017 15:49:35 API.py [line:712] INFO 935777733375913985
Wed 29 Nov 2017 15:49:35 API.py [line:712] INFO 935777733296009217
Wed 29 Nov 2017 15:49:36 API.py [line:712] INFO 935777736504864768
Wed 29 Nov 2017 15:49:36 API.py [line:712] INFO 935777736898908161
Wed 29 Nov 2017 15:49:36 API.py [line:712] INFO 935777738849378305
Wed 29 Nov 2017 15:49:37 API.py [line:712] INFO 935777740057464832
Wed 29 Nov 2017 15:49:38 API.py [line:712] INFO 935777745174396928
Wed 29 Nov 2017 15:49:38 API.py [line:712] INFO 935777745069658112
Wed 29 Nov 2017 15:49:38 API.py [line:712] INFO 935777746587754497
Wed 29 Nov 2017 15:49:38 API.py [line:712] INFO 935777747091247104
Wed 29 Nov 2017 15:49:39 API.py [line:712] INFO 935777748420911104
Wed 29 Nov 2017 15:49:39 API.py [line:712] INFO 935777751776104448
Wed 29 Nov 2017 15:49:40 API.py [line:712] INFO 935777752816537601
Wed 29 Nov 2017 15:49:40 API.py [line:712] INFO 935777753105809408
Wed 29 Nov 2017 15:49:40 API.py [line:712] INFO 935777754204790786
Wed 29 Nov 2017 15:49:40 API.py [line:712] INFO 935777755148537856
Wed 29 Nov 2017 15:49:41 API.py [line:712] INFO 935777758130659329
Wed 29 Nov 2017 15:49:41 API.py [line:712] INFO 935777759162519552
Wed 29 Nov 2017 15:49:41 API.py [line:712] INFO 935777760051712000
Wed 29 Nov 2017 15:49:43 API.py [line:712] INFO 935777764296265729
Wed 29 Nov 2017 15:49:43 API.py [line:712] INFO 935777767861317633
Wed 29 Nov 2017 15:49:44 API.py [line:712] INFO 935777769627070465
Wed 29 Nov 2017 15:49:47 API.py [line:712] INFO 935777782344294400
Wed 29 Nov 2017 15:49:47 API.py [line:712] INFO 935777782059081728
Wed 29 Nov 2017 15:49:47 API.py [line:712] INFO 935777783346733057
Wed 29 Nov 2017 15:49:47 API.py [line:712] INFO 935777783543947264
Wed 29 Nov 2017 15:49:49 API.py [line:712] INFO 935777790825304065
Wed 29 Nov 2017 15:49:49 API.py [line:712] INFO 935777793408937984
Wed 29 Nov 2017 15:49:49 API.py [line:712] INFO 935777793169817600
Wed 29 Nov 2017 15:49:50 API.py [line:712] INFO 935777793169698816
Wed 29 Nov 2017 15:49:50 API.py [line:712] INFO 935777794709245953
Wed 29 Nov 2017 15:49:50 API.py [line:712] INFO 935777796688961536
Wed 29 Nov 2017 15:49:50 API.py [line:712] INFO 935777797217406976
Wed 29 Nov 2017 15:49:51 API.py [line:712] INFO 935777798970626048
Wed 29 Nov 2017 15:49:51 API.py [line:712] INFO 935777799809351681
Wed 29 Nov 2017 15:49:51 API.py [line:712] INFO 935777800866418688
Wed 29 Nov 2017 15:49:52 API.py [line:712] INFO 935777805345927168
Wed 29 Nov 2017 15:49:52 API.py [line:712] INFO 935777806021156865
Wed 29 Nov 2017 15:49:53 API.py [line:712] INFO 935777806780219392
Wed 29 Nov 2017 15:49:53 API.py [line:712] INFO 935777807745060864
Wed 29 Nov 2017 15:49:53 API.py [line:712] INFO 935777808231436288
Wed 29 Nov 2017 15:49:53 API.py [line:712] INFO 935777808709595136
Wed 29 Nov 2017 15:49:55 API.py [line:712] INFO 935777816204865536
Wed 29 Nov 2017 15:49:55 API.py [line:712] INFO 935777816943251456
Wed 29 Nov 2017 15:49:55 API.py [line:712] INFO 935777818264219648
Wed 29 Nov 2017 15:49:55 API.py [line:712] INFO 935777818755194880
Wed 29 Nov 2017 15:49:56 API.py [line:712] INFO 935777819652636672
Wed 29 Nov 2017 15:49:56 API.py [line:712] INFO 935777821091233792
Wed 29 Nov 2017 15:49:56 API.py [line:712] INFO 935777823230431232
Wed 29 Nov 2017 15:49:57 API.py [line:712] INFO 935777823104540672
Wed 29 Nov 2017 15:49:57 API.py [line:712] INFO 935777823519674369
Wed 29 Nov 2017 15:49:57 API.py [line:712] INFO 935777825323405312
Wed 29 Nov 2017 15:49:57 API.py [line:712] INFO 935777826179112960
Wed 29 Nov 2017 15:49:58 API.py [line:712] INFO 935777830855614464
Wed 29 Nov 2017 15:50:00 API.py [line:712] INFO 935777836060655616
Wed 29 Nov 2017 15:50:00 API.py [line:712] INFO 935777839852371968
Wed 29 Nov 2017 15:50:01 API.py [line:712] INFO 935777839089094657
Wed 29 Nov 2017 15:50:01 API.py [line:712] INFO 935777842243211264
Wed 29 Nov 2017 15:50:03 API.py [line:712] INFO 935777851034308609
Wed 29 Nov 2017 15:50:04 API.py [line:712] INFO 935777852783497216
Wed 29 Nov 2017 15:50:04 API.py [line:712] INFO 935777853295284224
Wed 29 Nov 2017 15:50:05 API.py [line:712] INFO 935777857871204353
Wed 29 Nov 2017 15:50:05 API.py [line:712] INFO 935777857522999296
Wed 29 Nov 2017 15:50:05 API.py [line:712] INFO 935777859330654209
Wed 29 Nov 2017 15:50:06 API.py [line:712] INFO 935777862090657794
Wed 29 Nov 2017 15:50:06 API.py [line:712] INFO 935777863785205760
Wed 29 Nov 2017 15:50:07 API.py [line:712] INFO 935777867467821059
Wed 29 Nov 2017 15:50:08 API.py [line:712] INFO 935777872626642945
Wed 29 Nov 2017 15:50:09 API.py [line:712] INFO 935777873482387456
Wed 29 Nov 2017 15:50:09 API.py [line:712] INFO 935777874505818118
Wed 29 Nov 2017 15:50:09 API.py [line:712] INFO 935777875571200001
Wed 29 Nov 2017 15:50:09 API.py [line:712] INFO 935777874593959936
Wed 29 Nov 2017 15:50:09 API.py [line:712] INFO 935777874933514240
Wed 29 Nov 2017 15:50:09 API.py [line:712] INFO 935777866402242560
Wed 29 Nov 2017 15:50:09 API.py [line:712] INFO 935777875289980928
Wed 29 Nov 2017 15:50:10 API.py [line:712] INFO 935777877911592960
Wed 29 Nov 2017 15:50:10 API.py [line:712] INFO 935777878167482368
Wed 29 Nov 2017 15:50:10 API.py [line:712] INFO 935777879593402368
Wed 29 Nov 2017 15:50:10 API.py [line:712] INFO 935777879840792576
Wed 29 Nov 2017 15:50:10 API.py [line:712] INFO 935777880612720640
Wed 29 Nov 2017 15:50:11 API.py [line:712] INFO 935777882705502208
Wed 29 Nov 2017 15:50:11 API.py [line:712] INFO 935777881485058048
Wed 29 Nov 2017 15:50:11 API.py [line:712] INFO 935777883565510656
Wed 29 Nov 2017 15:50:11 API.py [line:712] INFO 935777878007939072
Wed 29 Nov 2017 15:50:11 API.py [line:712] INFO 935777884299345920
Wed 29 Nov 2017 15:50:12 API.py [line:712] INFO 935777886249906178
Wed 29 Nov 2017 15:50:12 API.py [line:712] INFO 935777889294962689
Wed 29 Nov 2017 15:50:12 API.py [line:712] INFO 935777889806704645
Wed 29 Nov 2017 15:50:12 API.py [line:712] INFO 935777889567440897
Wed 29 Nov 2017 15:50:13 API.py [line:712] INFO 935777894424596481
Wed 29 Nov 2017 15:50:13 API.py [line:712] INFO 935777894738964480
Wed 29 Nov 2017 15:50:14 API.py [line:712] INFO 935777895103938560
Wed 29 Nov 2017 15:50:14 API.py [line:712] INFO 935777894885756929
Wed 29 Nov 2017 15:50:14 API.py [line:712] INFO 935777895707901957
Wed 29 Nov 2017 15:50:14 API.py [line:712] INFO 935777897419243521
Wed 29 Nov 2017 15:50:15 API.py [line:712] INFO 935777902792249344
Wed 29 Nov 2017 15:50:16 API.py [line:712] INFO 935777903719071744
Wed 29 Nov 2017 15:50:16 API.py [line:712] INFO 935777904214110209
Wed 29 Nov 2017 15:50:16 API.py [line:712] INFO 935777904444653568
Wed 29 Nov 2017 15:50:16 API.py [line:712] INFO 935777904788508672
Wed 29 Nov 2017 15:50:17 API.py [line:712] INFO 935777908135673857
Wed 29 Nov 2017 15:50:17 API.py [line:712] INFO 935777908588732417
Wed 29 Nov 2017 15:50:17 API.py [line:712] INFO 935777908769075200
Wed 29 Nov 2017 15:50:17 API.py [line:712] INFO 935777910585221120
Wed 29 Nov 2017 15:50:19 API.py [line:712] INFO 935777916377620480
Wed 29 Nov 2017 15:50:19 API.py [line:712] INFO 935777918508179457
Wed 29 Nov 2017 15:50:20 API.py [line:712] INFO 935777924027994112
Wed 29 Nov 2017 15:50:21 API.py [line:712] INFO 935777925814726656
Wed 29 Nov 2017 15:50:22 API.py [line:712] INFO 935777929983754241
Wed 29 Nov 2017 15:50:23 API.py [line:712] INFO 935777932475117569
Wed 29 Nov 2017 15:50:23 API.py [line:712] INFO 935777933226119168
Wed 29 Nov 2017 15:50:23 API.py [line:712] INFO 935777934320615425
Wed 29 Nov 2017 15:50:24 API.py [line:712] INFO 935777937248477184
Wed 29 Nov 2017 15:50:25 API.py [line:712] INFO 935777942415822853
Wed 29 Nov 2017 15:50:25 API.py [line:712] INFO 935777942621130752
Wed 29 Nov 2017 15:50:25 API.py [line:712] INFO 935777945049796608
Wed 29 Nov 2017 15:50:26 API.py [line:712] INFO 935777945599336448
Wed 29 Nov 2017 15:50:26 API.py [line:712] INFO 935777947151159296
Wed 29 Nov 2017 15:50:26 API.py [line:712] INFO 935777947872403456
Wed 29 Nov 2017 15:50:27 API.py [line:712] INFO 935777952066781185
Wed 29 Nov 2017 15:50:27 API.py [line:712] INFO 935777951970246656
Wed 29 Nov 2017 15:50:27 API.py [line:712] INFO 935777953169977345
Wed 29 Nov 2017 15:50:28 API.py [line:712] INFO 935777953161478144
Wed 29 Nov 2017 15:50:28 API.py [line:712] INFO 935777953463468033
Wed 29 Nov 2017 15:50:28 API.py [line:712] INFO 935777955787161601
Wed 29 Nov 2017 15:50:28 API.py [line:712] INFO 935777956315545602
Wed 29 Nov 2017 15:50:28 API.py [line:712] INFO 935777956638666752
Wed 29 Nov 2017 15:50:29 API.py [line:712] INFO 935777960132595712
Wed 29 Nov 2017 15:50:29 API.py [line:712] INFO 935777960497254400
Wed 29 Nov 2017 15:50:30 API.py [line:712] INFO 935777963672350721
Wed 29 Nov 2017 15:50:31 API.py [line:712] INFO 935777966264422400
Wed 29 Nov 2017 15:50:32 API.py [line:712] INFO 935777970534301697
Wed 29 Nov 2017 15:50:32 API.py [line:712] INFO 935777971738091520
Wed 29 Nov 2017 15:50:32 API.py [line:712] INFO 935777973252313088
Wed 29 Nov 2017 15:50:32 API.py [line:712] INFO 935777974111969280
Wed 29 Nov 2017 15:50:33 API.py [line:712] INFO 935777975550775297
Wed 29 Nov 2017 15:50:33 API.py [line:712] INFO 935777973281611776
Wed 29 Nov 2017 15:50:33 API.py [line:712] INFO 935777975710097413
Wed 29 Nov 2017 15:50:33 API.py [line:712] INFO 935777976628625408
Wed 29 Nov 2017 15:50:35 API.py [line:712] INFO 935777984828489728
Wed 29 Nov 2017 15:50:35 API.py [line:712] INFO 935777985906528257
Wed 29 Nov 2017 15:50:36 API.py [line:712] INFO 935777983087783936
Wed 29 Nov 2017 15:50:36 API.py [line:712] INFO 935777989958107137
Wed 29 Nov 2017 15:50:37 API.py [line:712] INFO 935777990398619648
Wed 29 Nov 2017 15:50:37 API.py [line:712] INFO 935777993456152577
Wed 29 Nov 2017 15:50:37 API.py [line:712] INFO 935777995209527299
Wed 29 Nov 2017 15:50:38 API.py [line:712] INFO 935777997751140352
Wed 29 Nov 2017 15:50:39 API.py [line:712] INFO 935778000230023168
Wed 29 Nov 2017 15:50:39 API.py [line:712] INFO 935778002729811968
Wed 29 Nov 2017 15:50:40 API.py [line:712] INFO 935778004529221632
Wed 29 Nov 2017 15:50:40 API.py [line:712] INFO 935778005133148160
Wed 29 Nov 2017 15:50:40 API.py [line:712] INFO 935778007330979840
Wed 29 Nov 2017 15:50:41 API.py [line:712] INFO 935778008564080640
Wed 29 Nov 2017 15:50:41 API.py [line:712] INFO 935778009302175744
Wed 29 Nov 2017 15:50:42 API.py [line:712] INFO 935778012460736512
Wed 29 Nov 2017 15:50:42 API.py [line:712] INFO 935778014289432576
Wed 29 Nov 2017 15:50:43 API.py [line:712] INFO 935778016734728192
Wed 29 Nov 2017 15:50:43 API.py [line:712] INFO 935778017166553089
Wed 29 Nov 2017 15:50:43 API.py [line:712] INFO 935778018546434048
Wed 29 Nov 2017 15:50:43 API.py [line:712] INFO 935778019334959104
Wed 29 Nov 2017 15:50:44 API.py [line:712] INFO 935778022879240194
Wed 29 Nov 2017 15:50:44 API.py [line:712] INFO 935778021612462080
Wed 29 Nov 2017 15:50:45 API.py [line:712] INFO 935778025655779329
Wed 29 Nov 2017 15:50:45 API.py [line:712] INFO 935778028080078848
Wed 29 Nov 2017 15:50:46 API.py [line:712] INFO 935778029178986497
Wed 29 Nov 2017 15:50:46 API.py [line:712] INFO 935778029930012672
Wed 29 Nov 2017 15:50:46 API.py [line:712] INFO 935778032022941697
Wed 29 Nov 2017 15:50:46 API.py [line:712] INFO 935778031855050752
Wed 29 Nov 2017 15:50:46 API.py [line:712] INFO 935778032685600768
Wed 29 Nov 2017 15:50:47 API.py [line:712] INFO 935778034099146752
Wed 29 Nov 2017 15:50:47 API.py [line:712] INFO 935778036640710658
Wed 29 Nov 2017 15:50:47 API.py [line:712] INFO 935778036720398336
Wed 29 Nov 2017 15:50:48 API.py [line:712] INFO 935778039950057472
Wed 29 Nov 2017 15:50:48 API.py [line:712] INFO 935778040205979648
Wed 29 Nov 2017 15:50:49 API.py [line:712] INFO 935778044903612416
Wed 29 Nov 2017 15:50:49 API.py [line:712] INFO 935778045054644224
Wed 29 Nov 2017 15:50:50 API.py [line:712] INFO 935778046442987522
Wed 29 Nov 2017 15:50:51 API.py [line:712] INFO 935778052902068224
Wed 29 Nov 2017 15:50:52 API.py [line:712] INFO 935778055833845761
Wed 29 Nov 2017 15:50:52 API.py [line:712] INFO 935778056618332161
Wed 29 Nov 2017 15:50:52 API.py [line:712] INFO 935778058241495040
Wed 29 Nov 2017 15:50:53 API.py [line:712] INFO 935778060103585794
Wed 29 Nov 2017 15:50:54 API.py [line:712] INFO 935778062917963776
Wed 29 Nov 2017 15:50:54 API.py [line:712] INFO 935778063668748288
Wed 29 Nov 2017 15:50:54 API.py [line:712] INFO 935778064054800384
Wed 29 Nov 2017 15:50:54 API.py [line:712] INFO 935778064398630912
Wed 29 Nov 2017 15:50:55 API.py [line:712] INFO 935778069331226624
Wed 29 Nov 2017 15:50:55 API.py [line:712] INFO 935778070019022848
Wed 29 Nov 2017 15:50:55 API.py [line:712] INFO 935778070329470976
Wed 29 Nov 2017 15:50:56 API.py [line:712] INFO 935778069368983552
Wed 29 Nov 2017 15:50:56 API.py [line:712] INFO 935778072002945024
