Tue 28 Nov 2017 20:39:08 API.py [line:660] INFO start
Tue 28 Nov 2017 20:39:08 API.py [line:692] INFO thread 0 start.
Tue 28 Nov 2017 20:39:08 API.py [line:695] INFO thread 0's token_index 310
Tue 28 Nov 2017 20:39:08 API.py [line:696] INFO {u'access_token': u'724279894264279041-YsugXpE0dOewZyqrIQvdk80ZrQontED', u'consumer_secret': u'LivsS9DTKh4Xmfo2vOG2tpKmrj8lxsYqiDgZLamPBJahFqnjUo', u'consumer_key': u'fO4lXV6LLz5e1Ew6uRDtvXpIQ', u'access_token_secret': u'Geb5On67G9JuFApIB8BVUmUd77rOxtTqfb4PY4hJNIKMg'}
Tue 28 Nov 2017 20:39:08 API.py [line:697] INFO [u'shooting']
Tue 28 Nov 2017 20:39:08 API.py [line:698] INFO ['192.168.1.148:8118']
Tue 28 Nov 2017 20:39:30 API.py [line:712] INFO 935488307940618242
Tue 28 Nov 2017 20:39:30 API.py [line:712] INFO 935488310570573824
Tue 28 Nov 2017 20:39:31 API.py [line:712] INFO 935488315205152769
Tue 28 Nov 2017 20:39:32 API.py [line:712] INFO 935488315658330112
Tue 28 Nov 2017 20:39:32 API.py [line:712] INFO 935488317717610498
Tue 28 Nov 2017 20:39:32 API.py [line:712] INFO 935488318200049664
Tue 28 Nov 2017 20:39:33 API.py [line:712] INFO 935488323077984256
Tue 28 Nov 2017 20:39:35 API.py [line:712] INFO 935488328912302080
Tue 28 Nov 2017 20:39:35 API.py [line:712] INFO 935488329247735809
Tue 28 Nov 2017 20:39:36 API.py [line:712] INFO 935488333555404800
Tue 28 Nov 2017 20:39:38 API.py [line:712] INFO 935488342711353350
Tue 28 Nov 2017 20:39:39 API.py [line:712] INFO 935488345307860993
Tue 28 Nov 2017 20:39:39 API.py [line:712] INFO 935488346805059584
Tue 28 Nov 2017 20:39:41 API.py [line:712] INFO 935488356447866882
Tue 28 Nov 2017 20:39:42 API.py [line:712] INFO 935488358972878848
Tue 28 Nov 2017 20:39:43 API.py [line:712] INFO 935488364047929345
Tue 28 Nov 2017 20:39:44 API.py [line:712] INFO 935488369852928000
Tue 28 Nov 2017 20:39:44 API.py [line:712] INFO 935488370607841280
Tue 28 Nov 2017 20:39:50 API.py [line:712] INFO 935488394746048512
Tue 28 Nov 2017 20:39:52 API.py [line:712] INFO 935488401201160192
Tue 28 Nov 2017 20:39:56 API.py [line:712] INFO 935488418502475778
Tue 28 Nov 2017 20:39:58 API.py [line:712] INFO 935488427398651905
Tue 28 Nov 2017 20:39:59 API.py [line:712] INFO 935488430682902528
Tue 28 Nov 2017 20:40:05 API.py [line:712] INFO 935488456410636288
Tue 28 Nov 2017 20:40:05 API.py [line:712] INFO 935488457601777666
Tue 28 Nov 2017 20:40:07 API.py [line:712] INFO 935488466661662720
Tue 28 Nov 2017 20:40:09 API.py [line:712] INFO 935488473208905728
Tue 28 Nov 2017 20:40:09 API.py [line:712] INFO 935488474064523264
Tue 28 Nov 2017 20:40:09 API.py [line:712] INFO 935488474819334144
Tue 28 Nov 2017 20:40:10 API.py [line:712] INFO 935488476362964993
Tue 28 Nov 2017 20:40:10 API.py [line:712] INFO 935488477663244288
Tue 28 Nov 2017 20:40:10 API.py [line:712] INFO 935488478808129536
Tue 28 Nov 2017 20:40:11 API.py [line:712] INFO 935488479898636288
Tue 28 Nov 2017 20:40:11 API.py [line:712] INFO 935488482096697344
Tue 28 Nov 2017 20:40:12 API.py [line:712] INFO 935488485812817920
Tue 28 Nov 2017 20:40:13 API.py [line:712] INFO 935488489897869313
Tue 28 Nov 2017 20:40:13 API.py [line:712] INFO 935488490527232000
Tue 28 Nov 2017 20:40:15 API.py [line:712] INFO 935488496873095168
Tue 28 Nov 2017 20:40:16 API.py [line:712] INFO 935488504271917057
Tue 28 Nov 2017 20:40:17 API.py [line:712] INFO 935488505240723456
Tue 28 Nov 2017 20:40:17 API.py [line:712] INFO 935488505618235393
Tue 28 Nov 2017 20:40:17 API.py [line:712] INFO 935488508566781953
Tue 28 Nov 2017 20:40:17 API.py [line:712] INFO 935488508357201922
Tue 28 Nov 2017 20:40:20 API.py [line:712] INFO 935488518889099264
Tue 28 Nov 2017 20:40:20 API.py [line:712] INFO 935488519530799104
Tue 28 Nov 2017 20:40:20 API.py [line:712] INFO 935488521695096832
Tue 28 Nov 2017 20:40:22 API.py [line:712] INFO 935488526317060098
Tue 28 Nov 2017 20:40:23 API.py [line:712] INFO 935488530847027200
Tue 28 Nov 2017 20:40:26 API.py [line:712] INFO 935488544788897792
Tue 28 Nov 2017 20:40:27 API.py [line:712] INFO 935488548974792706
Tue 28 Nov 2017 20:40:28 API.py [line:712] INFO 935488552590348288
Tue 28 Nov 2017 20:40:29 API.py [line:712] INFO 935488558982402048
Tue 28 Nov 2017 20:40:29 API.py [line:712] INFO 935488558894338048
Tue 28 Nov 2017 20:40:31 API.py [line:712] INFO 935488563659051009
Tue 28 Nov 2017 20:40:33 API.py [line:712] INFO 935488574329307136
Tue 28 Nov 2017 20:40:33 API.py [line:712] INFO 935488575122149376
Tue 28 Nov 2017 20:40:35 API.py [line:712] INFO 935488580746543104
Tue 28 Nov 2017 20:40:36 API.py [line:712] INFO 935488583208615936
Tue 28 Nov 2017 20:40:36 API.py [line:712] INFO 935488586849320962
