Fri 24 Nov 2017 16:43:58 API.py [line:660] INFO start
Fri 24 Nov 2017 16:43:58 API.py [line:692] INFO thread 0 start.
Fri 24 Nov 2017 16:43:58 API.py [line:695] INFO thread 0's token_index 404
Fri 24 Nov 2017 16:43:58 API.py [line:696] INFO {u'access_token': u'723114549742698497-aQ1IJA85pc3xjsigHY9F8h4r4fsGp5u', u'consumer_secret': u'LivsS9DTKh4Xmfo2vOG2tpKmrj8lxsYqiDgZLamPBJahFqnjUo', u'consumer_key': u'fO4lXV6LLz5e1Ew6uRDtvXpIQ', u'access_token_secret': u'93oPFCsMnC3KDzeiUNsrfefgy3R5NU21qdPmgGhGyhpga'}
Fri 24 Nov 2017 16:43:58 API.py [line:697] INFO [u'china']
Fri 24 Nov 2017 16:43:58 API.py [line:698] INFO ['192.168.1.148:8118']
Fri 24 Nov 2017 16:44:06 API.py [line:712] INFO 933979504720060416
Fri 24 Nov 2017 16:44:06 API.py [line:712] INFO 933979506750103552
Fri 24 Nov 2017 16:44:06 API.py [line:712] INFO 933979506938847232
Fri 24 Nov 2017 16:44:08 API.py [line:712] INFO 933979514971000837
Fri 24 Nov 2017 16:44:09 API.py [line:712] INFO 933979518766809088
Fri 24 Nov 2017 16:44:09 API.py [line:712] INFO 933979521274978304
Fri 24 Nov 2017 16:44:10 API.py [line:712] INFO 933979521883234304
Fri 24 Nov 2017 16:44:10 API.py [line:712] INFO 933979524747886592
Fri 24 Nov 2017 16:44:10 API.py [line:712] INFO 933979525901406208
Fri 24 Nov 2017 16:44:11 API.py [line:712] INFO 933979525175762944
Fri 24 Nov 2017 16:44:11 API.py [line:712] INFO 933979526823944192
Fri 24 Nov 2017 16:44:11 API.py [line:712] INFO 933979527235043328
Fri 24 Nov 2017 16:44:14 API.py [line:712] INFO 933979539113431041
Fri 24 Nov 2017 16:44:14 API.py [line:712] INFO 933979541361410048
Fri 24 Nov 2017 16:44:15 API.py [line:712] INFO 933979546621181952
Fri 24 Nov 2017 16:44:16 API.py [line:712] INFO 933979547162120192
Fri 24 Nov 2017 16:44:16 API.py [line:712] INFO 933979546990215169
Fri 24 Nov 2017 16:44:17 API.py [line:712] INFO 933979549548736512
Fri 24 Nov 2017 16:44:17 API.py [line:712] INFO 933979549850746880
Fri 24 Nov 2017 16:44:17 API.py [line:712] INFO 933979550102507527
Fri 24 Nov 2017 16:44:17 API.py [line:712] INFO 933979553810321408
Fri 24 Nov 2017 16:44:18 API.py [line:712] INFO 933979556641411072
Fri 24 Nov 2017 16:44:18 API.py [line:712] INFO 933979557329240064
Fri 24 Nov 2017 16:44:18 API.py [line:712] INFO 933979558176366592
Fri 24 Nov 2017 16:44:19 API.py [line:712] INFO 933979558977474560
Fri 24 Nov 2017 16:44:19 API.py [line:712] INFO 933979559182995458
Fri 24 Nov 2017 16:44:19 API.py [line:712] INFO 933979560609169410
Fri 24 Nov 2017 16:44:19 API.py [line:712] INFO 933979561259175936
Fri 24 Nov 2017 16:44:19 API.py [line:712] INFO 933979561561165824
Fri 24 Nov 2017 16:44:19 API.py [line:712] INFO 933979561670397952
Fri 24 Nov 2017 16:44:34 API.py [line:712] INFO 933979562282807296
Fri 24 Nov 2017 16:44:34 API.py [line:712] INFO 933979563079606272
Fri 24 Nov 2017 16:44:34 API.py [line:712] INFO 933979563318763520
Fri 24 Nov 2017 16:44:34 API.py [line:712] INFO 933979564489039872
Fri 24 Nov 2017 16:44:34 API.py [line:712] INFO 933979565415915521
Fri 24 Nov 2017 16:44:34 API.py [line:712] INFO 933979567965868032
Fri 24 Nov 2017 16:44:34 API.py [line:712] INFO 933979568293142528
Fri 24 Nov 2017 16:44:34 API.py [line:712] INFO 933979568234405888
Fri 24 Nov 2017 16:44:34 API.py [line:712] INFO 933979569882845184
Fri 24 Nov 2017 16:44:34 API.py [line:712] INFO 933979570964852736
Fri 24 Nov 2017 16:44:34 API.py [line:712] INFO 933979579856883712
Fri 24 Nov 2017 16:44:34 API.py [line:712] INFO 933979580343488512
Fri 24 Nov 2017 16:44:34 API.py [line:712] INFO 933979582440538112
Fri 24 Nov 2017 16:44:34 API.py [line:712] INFO 933979584864837632
Fri 24 Nov 2017 16:44:34 API.py [line:712] INFO 933979587075330048
Fri 24 Nov 2017 16:44:34 API.py [line:712] INFO 933979587985289216
Fri 24 Nov 2017 16:44:34 API.py [line:712] INFO 933979588039987200
Fri 24 Nov 2017 16:44:34 API.py [line:712] INFO 933979589138825217
Fri 24 Nov 2017 16:44:34 API.py [line:712] INFO 933979590841602048
Fri 24 Nov 2017 16:44:34 API.py [line:712] INFO 933979593102393344
Fri 24 Nov 2017 16:44:34 API.py [line:712] INFO 933979592683151361
Fri 24 Nov 2017 16:44:34 API.py [line:712] INFO 933979592435683328
Fri 24 Nov 2017 16:44:34 API.py [line:712] INFO 933979595736473601
Fri 24 Nov 2017 16:44:34 API.py [line:712] INFO 933979597074399234
Fri 24 Nov 2017 16:44:34 API.py [line:712] INFO 933979599314173952
Fri 24 Nov 2017 16:44:34 API.py [line:712] INFO 933979602208165889
Fri 24 Nov 2017 16:44:34 API.py [line:712] INFO 933979603344822272
Fri 24 Nov 2017 16:44:34 API.py [line:712] INFO 933979604301242368
Fri 24 Nov 2017 16:44:34 API.py [line:712] INFO 933979604074795008
Fri 24 Nov 2017 16:44:34 API.py [line:712] INFO 933979604850581505
Fri 24 Nov 2017 16:44:34 API.py [line:712] INFO 933979604825591808
Fri 24 Nov 2017 16:44:34 API.py [line:712] INFO 933979603437105152
Fri 24 Nov 2017 16:44:34 API.py [line:712] INFO 933979608130744320
Fri 24 Nov 2017 16:44:34 API.py [line:712] INFO 933979609175085056
Fri 24 Nov 2017 16:44:34 API.py [line:712] INFO 933979609883844609
Fri 24 Nov 2017 16:44:34 API.py [line:712] INFO 933979611217543169
Fri 24 Nov 2017 16:44:34 API.py [line:712] INFO 933979613239197702
Fri 24 Nov 2017 16:44:34 API.py [line:712] INFO 933979613465849861
Fri 24 Nov 2017 16:44:34 API.py [line:712] INFO 933979614522753024
Fri 24 Nov 2017 16:44:34 API.py [line:712] INFO 933979614942285824
Fri 24 Nov 2017 16:44:34 API.py [line:712] INFO 933979617991495680
Fri 24 Nov 2017 16:44:34 API.py [line:712] INFO 933979617303715840
Fri 24 Nov 2017 16:44:34 API.py [line:712] INFO 933979619811872768
Fri 24 Nov 2017 16:44:34 API.py [line:712] INFO 933979621460123648
Fri 24 Nov 2017 16:44:34 API.py [line:712] INFO 933979621435084800
Fri 24 Nov 2017 16:44:34 API.py [line:712] INFO 933979620285616128
Fri 24 Nov 2017 16:44:34 API.py [line:712] INFO 933979622869364737
Fri 24 Nov 2017 16:44:34 API.py [line:712] INFO 933979624689848320
Fri 24 Nov 2017 16:44:34 API.py [line:712] INFO 933979624853274624
Fri 24 Nov 2017 16:44:35 API.py [line:712] INFO 933979629144150016
