Tue 28 Nov 2017 20:02:54 API.py [line:660] INFO start
Tue 28 Nov 2017 20:02:54 API.py [line:692] INFO thread 0 start.
Tue 28 Nov 2017 20:02:54 API.py [line:695] INFO thread 0's token_index 45
Tue 28 Nov 2017 20:02:54 API.py [line:696] INFO {u'access_token': u'708456998287740928-6n1LLADMpZ33sEwNmvU9sIdez4tb7Sf', u'consumer_secret': u'LivsS9DTKh4Xmfo2vOG2tpKmrj8lxsYqiDgZLamPBJahFqnjUo', u'consumer_key': u'fO4lXV6LLz5e1Ew6uRDtvXpIQ', u'access_token_secret': u'pJljIf7HcQmwaAcvkWaOSvIHXIeBVMZSdiRyVJsUfKIiH'}
Tue 28 Nov 2017 20:02:54 API.py [line:697] INFO [u'shooting']
Tue 28 Nov 2017 20:02:54 API.py [line:698] INFO ['192.168.1.148:8118']
Tue 28 Nov 2017 20:03:11 API.py [line:712] INFO 935479166069280769
Tue 28 Nov 2017 20:03:18 API.py [line:712] INFO 935479197694390272
Tue 28 Nov 2017 20:03:18 API.py [line:712] INFO 935479197212045312
Tue 28 Nov 2017 20:03:20 API.py [line:712] INFO 935479205785059328
Tue 28 Nov 2017 20:03:21 API.py [line:712] INFO 935479210042445824
Tue 28 Nov 2017 20:03:21 API.py [line:712] INFO 935479208477945856
Tue 28 Nov 2017 20:03:22 API.py [line:712] INFO 935479214714839040
Tue 28 Nov 2017 20:03:24 API.py [line:712] INFO 935479224286056448
Tue 28 Nov 2017 20:03:24 API.py [line:712] INFO 935479225158479872
Tue 28 Nov 2017 20:03:26 API.py [line:712] INFO 935479231999389698
Tue 28 Nov 2017 20:03:27 API.py [line:712] INFO 935479234792787969
Tue 28 Nov 2017 20:03:29 API.py [line:712] INFO 935479242875457537
Tue 28 Nov 2017 20:03:30 API.py [line:712] INFO 935479242330136576
Tue 28 Nov 2017 20:03:31 API.py [line:712] INFO 935479250768949248
Tue 28 Nov 2017 20:03:33 API.py [line:712] INFO 935479259832860672
Tue 28 Nov 2017 20:03:33 API.py [line:712] INFO 935479260944457729
Tue 28 Nov 2017 20:03:33 API.py [line:712] INFO 935479261917597696
Tue 28 Nov 2017 20:03:33 API.py [line:712] INFO 935479262496395264
Tue 28 Nov 2017 20:03:34 API.py [line:712] INFO 935479264337694720
Tue 28 Nov 2017 20:03:35 API.py [line:712] INFO 935479267936423938
Tue 28 Nov 2017 20:03:35 API.py [line:712] INFO 935479269672722432
Tue 28 Nov 2017 20:03:36 API.py [line:712] INFO 935479272038420480
Tue 28 Nov 2017 20:03:36 API.py [line:712] INFO 935479272281649152
Tue 28 Nov 2017 20:03:36 API.py [line:712] INFO 935479272298438657
Tue 28 Nov 2017 20:03:37 API.py [line:712] INFO 935479278229012482
Tue 28 Nov 2017 20:03:38 API.py [line:712] INFO 935479281534291968
Tue 28 Nov 2017 20:03:40 API.py [line:712] INFO 935479291474612225
Tue 28 Nov 2017 20:03:42 API.py [line:712] INFO 935479299167023104
Tue 28 Nov 2017 20:03:43 API.py [line:712] INFO 935479301121515520
Tue 28 Nov 2017 20:03:45 API.py [line:712] INFO 935479310110023680
Tue 28 Nov 2017 20:03:46 API.py [line:712] INFO 935479314488922113
Tue 28 Nov 2017 20:03:48 API.py [line:712] INFO 935479322277752832
Tue 28 Nov 2017 20:03:50 API.py [line:712] INFO 935479331593342976
Tue 28 Nov 2017 20:03:51 API.py [line:712] INFO 935479338157387776
Tue 28 Nov 2017 20:03:52 API.py [line:712] INFO 935479340887887873
Tue 28 Nov 2017 20:03:53 API.py [line:712] INFO 935479342259355648
Tue 28 Nov 2017 20:03:54 API.py [line:712] INFO 935479347372228608
Tue 28 Nov 2017 20:03:56 API.py [line:712] INFO 935479356121530369
Tue 28 Nov 2017 20:03:59 API.py [line:712] INFO 935479368888983552
Tue 28 Nov 2017 20:03:59 API.py [line:712] INFO 935479370839453700
Tue 28 Nov 2017 20:03:59 API.py [line:712] INFO 935479371204149250
Tue 28 Nov 2017 20:04:01 API.py [line:712] INFO 935479378565324800
Tue 28 Nov 2017 20:04:01 API.py [line:712] INFO 935479380305879040
Tue 28 Nov 2017 20:04:10 API.py [line:712] INFO 935479414644789248
Tue 28 Nov 2017 20:04:14 API.py [line:712] INFO 935479431971291136
Tue 28 Nov 2017 20:04:17 API.py [line:712] INFO 935479444432654337
Tue 28 Nov 2017 20:04:18 API.py [line:712] INFO 935479449621024768
Tue 28 Nov 2017 20:04:26 API.py [line:712] INFO 935479481787142144
Tue 28 Nov 2017 20:04:30 API.py [line:712] INFO 935479498056675329
Tue 28 Nov 2017 20:04:31 API.py [line:712] INFO 935479503429742593
Tue 28 Nov 2017 20:04:32 API.py [line:712] INFO 935479506474807296
Tue 28 Nov 2017 20:04:33 API.py [line:712] INFO 935479511142952960
Tue 28 Nov 2017 20:04:34 API.py [line:712] INFO 935479515127595009
Tue 28 Nov 2017 20:04:34 API.py [line:712] INFO 935479515232522240
Tue 28 Nov 2017 20:04:35 API.py [line:712] INFO 935479520575946752
Tue 28 Nov 2017 20:04:35 API.py [line:712] INFO 935479523197333505
Tue 28 Nov 2017 20:04:40 API.py [line:712] INFO 935479541350518784
Tue 28 Nov 2017 20:04:41 API.py [line:712] INFO 935479544286498816
Tue 28 Nov 2017 20:04:44 API.py [line:712] INFO 935479560358920192
Tue 28 Nov 2017 20:04:45 API.py [line:712] INFO 935479563731292160
Tue 28 Nov 2017 20:04:46 API.py [line:712] INFO 935479567522942976
Tue 28 Nov 2017 20:04:47 API.py [line:712] INFO 935479569401962498
Tue 28 Nov 2017 20:04:47 API.py [line:712] INFO 935479569406083073
Tue 28 Nov 2017 20:04:50 API.py [line:712] INFO 935479581783465984
Tue 28 Nov 2017 20:04:50 API.py [line:712] INFO 935479584413196289
Tue 28 Nov 2017 20:04:50 API.py [line:712] INFO 935479584912494592
Tue 28 Nov 2017 20:04:52 API.py [line:712] INFO 935479590985846784
Tue 28 Nov 2017 20:04:57 API.py [line:712] INFO 935479611743289344
Tue 28 Nov 2017 20:04:57 API.py [line:712] INFO 935479611940622337
Tue 28 Nov 2017 20:04:58 API.py [line:712] INFO 935479618290585600
Tue 28 Nov 2017 20:05:00 API.py [line:712] INFO 935479625030909953
Tue 28 Nov 2017 20:05:01 API.py [line:712] INFO 935479627786739712
Tue 28 Nov 2017 20:05:04 API.py [line:712] INFO 935479640692424706
Tue 28 Nov 2017 20:05:06 API.py [line:712] INFO 935479649324462080
Tue 28 Nov 2017 20:05:08 API.py [line:712] INFO 935479652717613058
Tue 28 Nov 2017 20:05:08 API.py [line:712] INFO 935479661315764224
Tue 28 Nov 2017 20:05:09 API.py [line:712] INFO 935479660397383680
Tue 28 Nov 2017 20:05:09 API.py [line:712] INFO 935479661596831744
Tue 28 Nov 2017 20:05:09 API.py [line:712] INFO 935479663979368448
Tue 28 Nov 2017 20:05:09 API.py [line:712] INFO 935479652717613058
Tue 28 Nov 2017 20:05:10 API.py [line:712] INFO 935479665787047937
Tue 28 Nov 2017 20:05:10 API.py [line:712] INFO 935479666332307456
Tue 28 Nov 2017 20:05:10 API.py [line:712] INFO 935479668001722368
Tue 28 Nov 2017 20:05:12 API.py [line:712] INFO 935479675106799618
Tue 28 Nov 2017 20:05:12 API.py [line:712] INFO 935479675773624320
Tue 28 Nov 2017 20:05:12 API.py [line:712] INFO 935479676784467969
Tue 28 Nov 2017 20:05:16 API.py [line:712] INFO 935479690642391040
Tue 28 Nov 2017 20:05:19 API.py [line:712] INFO 935479704248901632
Tue 28 Nov 2017 20:05:19 API.py [line:712] INFO 935479705943400453
Tue 28 Nov 2017 20:05:20 API.py [line:712] INFO 935479708610957312
Tue 28 Nov 2017 20:05:23 API.py [line:712] INFO 935479721495810048
Tue 28 Nov 2017 20:05:25 API.py [line:712] INFO 935479730123476992
Tue 28 Nov 2017 20:05:26 API.py [line:712] INFO 935479732870709250
Tue 28 Nov 2017 20:05:27 API.py [line:712] INFO 935479739246174208
Tue 28 Nov 2017 20:05:28 API.py [line:712] INFO 935479742052134913
Tue 28 Nov 2017 20:05:29 API.py [line:712] INFO 935479746770513920
Tue 28 Nov 2017 20:05:30 API.py [line:712] INFO 935479751250206720
Tue 28 Nov 2017 20:05:30 API.py [line:712] INFO 935479753385144321
Tue 28 Nov 2017 20:05:32 API.py [line:712] INFO 935479759907229696
Tue 28 Nov 2017 20:05:35 API.py [line:712] INFO 935479775078076419
Tue 28 Nov 2017 20:05:38 API.py [line:712] INFO 935479783638659072
Tue 28 Nov 2017 20:05:38 API.py [line:712] INFO 935479786821926912
Tue 28 Nov 2017 20:05:39 API.py [line:712] INFO 935479788336308229
Tue 28 Nov 2017 20:05:40 API.py [line:712] INFO 935479792807190529
Tue 28 Nov 2017 20:05:41 API.py [line:712] INFO 935479798511620096
Tue 28 Nov 2017 20:05:49 API.py [line:712] INFO 935479831046766592
Tue 28 Nov 2017 20:05:54 API.py [line:712] INFO 935479849354956800
Tue 28 Nov 2017 20:05:56 API.py [line:712] INFO 935479859601580032
Tue 28 Nov 2017 20:05:56 API.py [line:712] INFO 935479861224783872
Tue 28 Nov 2017 20:05:57 API.py [line:712] INFO 935479864655843330
Tue 28 Nov 2017 20:06:03 API.py [line:712] INFO 935479890031382533
Tue 28 Nov 2017 20:06:04 API.py [line:712] INFO 935479893743357952
Tue 28 Nov 2017 20:06:04 API.py [line:712] INFO 935479893206241280
Tue 28 Nov 2017 20:06:06 API.py [line:712] INFO 935479904518508544
Tue 28 Nov 2017 20:06:08 API.py [line:712] INFO 935479911388557313
Tue 28 Nov 2017 20:06:09 API.py [line:712] INFO 935479916124028931
Tue 28 Nov 2017 20:06:09 API.py [line:712] INFO 935479916543594496
Tue 28 Nov 2017 20:06:10 API.py [line:712] INFO 935479917688643585
Tue 28 Nov 2017 20:06:10 API.py [line:712] INFO 935479921505214464
Tue 28 Nov 2017 20:06:11 API.py [line:712] INFO 935479924688764928
Tue 28 Nov 2017 20:06:12 API.py [line:712] INFO 935479926962221056
Tue 28 Nov 2017 20:06:13 API.py [line:712] INFO 935479932364271616
Tue 28 Nov 2017 20:06:14 API.py [line:712] INFO 935479937531764738
Tue 28 Nov 2017 20:06:15 API.py [line:712] INFO 935479940631465984
Tue 28 Nov 2017 20:06:15 API.py [line:712] INFO 935479941172301824
Tue 28 Nov 2017 20:06:18 API.py [line:712] INFO 935479952627109888
Tue 28 Nov 2017 20:06:18 API.py [line:712] INFO 935479952702607360
Tue 28 Nov 2017 20:06:19 API.py [line:712] INFO 935479956607512577
Tue 28 Nov 2017 20:06:22 API.py [line:712] INFO 935479967793549313
Tue 28 Nov 2017 20:06:23 API.py [line:712] INFO 935479973707628545
Tue 28 Nov 2017 20:06:23 API.py [line:712] INFO 935479973929996288
Tue 28 Nov 2017 20:06:24 API.py [line:712] INFO 935479976199098368
Tue 28 Nov 2017 20:06:26 API.py [line:712] INFO 935479984830996481
Tue 28 Nov 2017 20:06:28 API.py [line:712] INFO 935479994855383040
Tue 28 Nov 2017 20:06:29 API.py [line:712] INFO 935479998403592192
Tue 28 Nov 2017 20:06:31 API.py [line:712] INFO 935480007920668673
Tue 28 Nov 2017 20:06:32 API.py [line:712] INFO 935480011817091073
Tue 28 Nov 2017 20:06:33 API.py [line:712] INFO 935480013411045376
Tue 28 Nov 2017 20:06:34 API.py [line:712] INFO 935480017940897792
Tue 28 Nov 2017 20:06:34 API.py [line:712] INFO 935480018775433217
Tue 28 Nov 2017 20:06:34 API.py [line:712] INFO 935480019140464640
Tue 28 Nov 2017 20:06:35 API.py [line:712] INFO 935480025289297921
Tue 28 Nov 2017 20:06:37 API.py [line:712] INFO 935480030494261249
Tue 28 Nov 2017 20:06:37 API.py [line:712] INFO 935480033375866880
Tue 28 Nov 2017 20:06:37 API.py [line:712] INFO 935480033602428928
Tue 28 Nov 2017 20:06:40 API.py [line:712] INFO 935480046856282113
Tue 28 Nov 2017 20:06:42 API.py [line:712] INFO 935480052174737408
Tue 28 Nov 2017 20:06:43 API.py [line:712] INFO 935480055995813888
Tue 28 Nov 2017 20:06:43 API.py [line:712] INFO 935480058822639616
Tue 28 Nov 2017 20:06:44 API.py [line:712] INFO 935480059816751104
Tue 28 Nov 2017 20:06:46 API.py [line:712] INFO 935480068398338048
Tue 28 Nov 2017 20:06:46 API.py [line:712] INFO 935480071229460481
Tue 28 Nov 2017 20:06:47 API.py [line:712] INFO 935480076287791104
Tue 28 Nov 2017 20:06:47 API.py [line:712] INFO 935480076908597248
