Mon 27 Nov 2017 19:09:10 API.py [line:660] INFO start
Mon 27 Nov 2017 19:09:10 API.py [line:692] INFO thread 0 start.
Mon 27 Nov 2017 19:09:10 API.py [line:695] INFO thread 0's token_index 75
Mon 27 Nov 2017 19:09:10 API.py [line:696] INFO {u'access_token': u'714400402930675712-AXbzRZcI2XBKqW2MO92P8OYUxJVWU06', u'consumer_secret': u'LivsS9DTKh4Xmfo2vOG2tpKmrj8lxsYqiDgZLamPBJahFqnjUo', u'consumer_key': u'fO4lXV6LLz5e1Ew6uRDtvXpIQ', u'access_token_secret': u'NkCHQcCg790V4BVWcHGfCrIhkpUOyG4v8AXRUC0bPP4Od'}
Mon 27 Nov 2017 19:09:10 API.py [line:697] INFO [u'china']
Mon 27 Nov 2017 19:09:10 API.py [line:698] INFO ['192.168.1.148:8118']
Mon 27 Nov 2017 19:09:35 TwitterError.py [line:22] WARNING 400 statuses/filter text HTTPSConnectionPool(host='stream.twitter.com', port=443): Max retries exceeded with url: /1.1/statuses/filter.json (Caused by ProxyError('Cannot connect to proxy.', timeout('timed out',)))
Mon 27 Nov 2017 19:09:35 API.py [line:222] WARNING HTTPSConnectionPool(host='stream.twitter.com', port=443): Max retries exceeded with url: /1.1/statuses/filter.json (Caused by ProxyError('Cannot connect to proxy.', timeout('timed out',)))
Mon 27 Nov 2017 19:10:03 TwitterError.py [line:22] WARNING 400 statuses/filter text HTTPSConnectionPool(host='stream.twitter.com', port=443): Max retries exceeded with url: /1.1/statuses/filter.json (Caused by ProxyError('Cannot connect to proxy.', timeout('timed out',)))
Mon 27 Nov 2017 19:10:03 API.py [line:222] WARNING HTTPSConnectionPool(host='stream.twitter.com', port=443): Max retries exceeded with url: /1.1/statuses/filter.json (Caused by ProxyError('Cannot connect to proxy.', timeout('timed out',)))
Mon 27 Nov 2017 19:10:32 TwitterError.py [line:22] WARNING 400 statuses/filter text HTTPSConnectionPool(host='stream.twitter.com', port=443): Max retries exceeded with url: /1.1/statuses/filter.json (Caused by ProxyError('Cannot connect to proxy.', timeout('timed out',)))
Mon 27 Nov 2017 19:10:32 API.py [line:222] WARNING HTTPSConnectionPool(host='stream.twitter.com', port=443): Max retries exceeded with url: /1.1/statuses/filter.json (Caused by ProxyError('Cannot connect to proxy.', timeout('timed out',)))
Mon 27 Nov 2017 19:11:04 TwitterError.py [line:22] WARNING 400 statuses/filter text HTTPSConnectionPool(host='stream.twitter.com', port=443): Max retries exceeded with url: /1.1/statuses/filter.json (Caused by ProxyError('Cannot connect to proxy.', timeout('timed out',)))
Mon 27 Nov 2017 19:11:04 API.py [line:222] WARNING HTTPSConnectionPool(host='stream.twitter.com', port=443): Max retries exceeded with url: /1.1/statuses/filter.json (Caused by ProxyError('Cannot connect to proxy.', timeout('timed out',)))
Mon 27 Nov 2017 19:11:35 API.py [line:712] INFO 935103800607588352
Mon 27 Nov 2017 19:11:36 API.py [line:712] INFO 935103800716746752
Mon 27 Nov 2017 19:11:37 API.py [line:712] INFO 935103804655017985
Mon 27 Nov 2017 19:11:37 API.py [line:712] INFO 935103804919365632
Mon 27 Nov 2017 19:11:37 API.py [line:712] INFO 935103806194335744
Mon 27 Nov 2017 19:11:38 API.py [line:712] INFO 935103807440089089
Mon 27 Nov 2017 19:11:38 API.py [line:712] INFO 935103807876239360
Mon 27 Nov 2017 19:11:38 API.py [line:712] INFO 935103808450969600
Mon 27 Nov 2017 19:11:38 API.py [line:712] INFO 935103809407164417
Mon 27 Nov 2017 19:11:39 API.py [line:712] INFO 935103813962354688
Mon 27 Nov 2017 19:11:41 API.py [line:712] INFO 935103817389142016
Mon 27 Nov 2017 19:11:42 API.py [line:712] INFO 935103819070836737
Mon 27 Nov 2017 19:11:46 API.py [line:712] INFO 935103819289001984
Mon 27 Nov 2017 19:11:47 API.py [line:712] INFO 935103820517933056
Mon 27 Nov 2017 19:11:48 API.py [line:712] INFO 935103821474177025
Mon 27 Nov 2017 19:11:50 API.py [line:712] INFO 935103822459846659
Mon 27 Nov 2017 19:11:52 API.py [line:712] INFO 935103824120782848
Mon 27 Nov 2017 19:11:52 API.py [line:712] INFO 935103825186144256
Mon 27 Nov 2017 19:11:53 API.py [line:712] INFO 935103825618145282
Mon 27 Nov 2017 19:11:54 API.py [line:712] INFO 935103826712969216
Mon 27 Nov 2017 19:11:54 API.py [line:712] INFO 935103826893426689
Mon 27 Nov 2017 19:11:55 API.py [line:712] INFO 935103827266514944
Mon 27 Nov 2017 19:11:56 API.py [line:712] INFO 935103831536386048
Mon 27 Nov 2017 19:11:56 API.py [line:712] INFO 935103833172316160
Mon 27 Nov 2017 19:11:57 API.py [line:712] INFO 935103834111795202
Mon 27 Nov 2017 19:11:58 API.py [line:712] INFO 935103835223212032
Mon 27 Nov 2017 19:11:58 API.py [line:712] INFO 935103835667755008
Mon 27 Nov 2017 19:12:00 API.py [line:712] INFO 935103836078817280
Mon 27 Nov 2017 19:12:02 API.py [line:712] INFO 935103837265735680
Mon 27 Nov 2017 19:12:02 API.py [line:712] INFO 935103836976549888
Mon 27 Nov 2017 19:12:04 API.py [line:712] INFO 935103837593001984
Mon 27 Nov 2017 19:12:04 API.py [line:712] INFO 935103838100406272
Mon 27 Nov 2017 19:12:05 API.py [line:712] INFO 935103839937503233
Mon 27 Nov 2017 19:12:05 API.py [line:712] INFO 935103840109469696
Mon 27 Nov 2017 19:12:05 API.py [line:712] INFO 935103842387034112
Mon 27 Nov 2017 19:12:06 API.py [line:712] INFO 935103844035342336
Mon 27 Nov 2017 19:12:06 API.py [line:712] INFO 935103844148580352
Mon 27 Nov 2017 19:12:06 API.py [line:712] INFO 935103845859934208
Mon 27 Nov 2017 19:12:06 API.py [line:712] INFO 935103846136860672
Mon 27 Nov 2017 19:12:07 API.py [line:712] INFO 935103847122526208
Mon 27 Nov 2017 19:12:07 API.py [line:712] INFO 935103847416020995
Mon 27 Nov 2017 19:12:07 API.py [line:712] INFO 935103849014136832
Mon 27 Nov 2017 19:12:08 API.py [line:712] INFO 935103851505491969
Mon 27 Nov 2017 19:12:08 API.py [line:712] INFO 935103852004519937
Mon 27 Nov 2017 19:12:08 API.py [line:712] INFO 935103855259512833
Mon 27 Nov 2017 19:12:09 API.py [line:712] INFO 935103855934631936
Mon 27 Nov 2017 19:12:09 API.py [line:712] INFO 935103862259806208
Mon 27 Nov 2017 19:12:09 API.py [line:712] INFO 935103863157268481
Mon 27 Nov 2017 19:12:09 API.py [line:712] INFO 935103863463407616
Mon 27 Nov 2017 19:12:10 API.py [line:712] INFO 935103863367065600
Mon 27 Nov 2017 19:12:10 API.py [line:712] INFO 935103866730725376
Mon 27 Nov 2017 19:12:10 API.py [line:712] INFO 935103867145957378
Mon 27 Nov 2017 19:12:11 API.py [line:712] INFO 935103868102422528
Mon 27 Nov 2017 19:12:12 API.py [line:712] INFO 935103868572131328
Mon 27 Nov 2017 19:12:14 API.py [line:712] INFO 935103871256444928
Mon 27 Nov 2017 19:12:16 API.py [line:712] INFO 935103872795787265
Mon 27 Nov 2017 19:12:16 API.py [line:712] INFO 935103874158886912
Mon 27 Nov 2017 19:12:17 API.py [line:712] INFO 935103874989400064
Mon 27 Nov 2017 19:12:21 API.py [line:712] INFO 935103875815653376
Mon 27 Nov 2017 19:12:21 API.py [line:712] INFO 935103876943904769
Mon 27 Nov 2017 19:12:22 API.py [line:712] INFO 935103878680465409
Mon 27 Nov 2017 19:12:22 API.py [line:712] INFO 935103880035147776
Mon 27 Nov 2017 19:12:22 API.py [line:712] INFO 935103879917682688
Mon 27 Nov 2017 19:12:23 API.py [line:712] INFO 935103881046052865
Mon 27 Nov 2017 19:12:23 API.py [line:712] INFO 935103881297776640
Mon 27 Nov 2017 19:12:24 API.py [line:712] INFO 935103882342096897
Mon 27 Nov 2017 19:12:24 API.py [line:712] INFO 935103884535697408
Mon 27 Nov 2017 19:12:24 API.py [line:712] INFO 935103886364311552
Mon 27 Nov 2017 19:12:25 API.py [line:712] INFO 935103887316475906
Mon 27 Nov 2017 19:12:25 API.py [line:712] INFO 935103888331558913
Mon 27 Nov 2017 19:12:25 API.py [line:712] INFO 935103888662839296
Mon 27 Nov 2017 19:12:25 API.py [line:712] INFO 935103890663469056
Mon 27 Nov 2017 19:12:26 API.py [line:712] INFO 935103890634059776
Mon 27 Nov 2017 19:12:26 API.py [line:712] INFO 935103891477184512
Mon 27 Nov 2017 19:12:27 API.py [line:712] INFO 935103893025054720
Mon 27 Nov 2017 19:12:27 API.py [line:712] INFO 935103894438285312
Mon 27 Nov 2017 19:12:28 API.py [line:712] INFO 935103895096918017
Mon 27 Nov 2017 19:12:29 API.py [line:712] INFO 935103897030443008
Mon 27 Nov 2017 19:12:29 API.py [line:712] INFO 935103897101889536
Mon 27 Nov 2017 19:12:30 API.py [line:712] INFO 935103897366081539
Mon 27 Nov 2017 19:12:30 API.py [line:712] INFO 935103897781374976
Mon 27 Nov 2017 19:12:30 API.py [line:712] INFO 935103899081388032
Mon 27 Nov 2017 19:12:32 API.py [line:712] INFO 935103898603409408
Mon 27 Nov 2017 19:12:33 API.py [line:712] INFO 935103899844861953
Mon 27 Nov 2017 19:12:33 API.py [line:712] INFO 935103900910309376
Mon 27 Nov 2017 19:12:34 API.py [line:712] INFO 935103902810329088
Mon 27 Nov 2017 19:12:34 API.py [line:712] INFO 935103906522083329
Mon 27 Nov 2017 19:12:36 API.py [line:712] INFO 935103907478548482
Mon 27 Nov 2017 19:12:37 API.py [line:712] INFO 935103908426518530
Mon 27 Nov 2017 19:12:37 API.py [line:712] INFO 935103911131619329
Mon 27 Nov 2017 19:12:38 API.py [line:712] INFO 935103911685492736
Mon 27 Nov 2017 19:12:38 API.py [line:712] INFO 935103911492509697
Mon 27 Nov 2017 19:12:40 API.py [line:712] INFO 935103911798730754
Mon 27 Nov 2017 19:12:40 API.py [line:712] INFO 935103912255901696
Mon 27 Nov 2017 19:12:40 API.py [line:712] INFO 935103912847097856
Mon 27 Nov 2017 19:12:45 API.py [line:712] INFO 935103913719603200
Mon 27 Nov 2017 19:12:45 API.py [line:712] INFO 935103914218749953
Mon 27 Nov 2017 19:12:45 API.py [line:712] INFO 935103915535884288
Mon 27 Nov 2017 19:12:46 API.py [line:712] INFO 935103916387205121
Mon 27 Nov 2017 19:12:47 API.py [line:712] INFO 935103913711333376
Mon 27 Nov 2017 19:12:47 API.py [line:712] INFO 935103917284716544
Mon 27 Nov 2017 19:12:48 API.py [line:712] INFO 935103917410709504
Mon 27 Nov 2017 19:12:48 API.py [line:712] INFO 935103917817446400
Mon 27 Nov 2017 19:12:48 API.py [line:712] INFO 935103918400462849
Mon 27 Nov 2017 19:12:49 API.py [line:712] INFO 935103918731866112
Mon 27 Nov 2017 19:12:49 API.py [line:712] INFO 935103917624610816
Mon 27 Nov 2017 19:12:49 API.py [line:712] INFO 935103919079923712
Mon 27 Nov 2017 19:12:50 API.py [line:712] INFO 935103919981604864
Mon 27 Nov 2017 19:12:50 API.py [line:712] INFO 935103921990729728
Mon 27 Nov 2017 19:12:51 API.py [line:712] INFO 935103922208833537
Mon 27 Nov 2017 19:12:52 API.py [line:712] INFO 935103922934497281
Mon 27 Nov 2017 19:12:52 API.py [line:712] INFO 935103923446312960
Mon 27 Nov 2017 19:12:53 API.py [line:712] INFO 935103925178351616
Mon 27 Nov 2017 19:12:54 API.py [line:712] INFO 935103926512246784
Mon 27 Nov 2017 19:12:54 API.py [line:712] INFO 935103926872850432
Mon 27 Nov 2017 19:12:55 API.py [line:712] INFO 935103923253403649
Mon 27 Nov 2017 19:12:56 API.py [line:712] INFO 935103925925089281
Mon 27 Nov 2017 19:12:58 API.py [line:712] INFO 935103929053888513
Mon 27 Nov 2017 19:12:59 API.py [line:712] INFO 935103930777792512
Mon 27 Nov 2017 19:13:00 API.py [line:712] INFO 935103926772404225
Mon 27 Nov 2017 19:13:01 API.py [line:712] INFO 935103927342772224
Mon 27 Nov 2017 19:13:02 API.py [line:712] INFO 935103931557933056
Mon 27 Nov 2017 19:13:03 API.py [line:712] INFO 935103932883394560
Mon 27 Nov 2017 19:13:03 API.py [line:712] INFO 935103934334685184
Mon 27 Nov 2017 19:13:04 API.py [line:712] INFO 935103934749753345
Mon 27 Nov 2017 19:13:04 API.py [line:712] INFO 935103936108908544
Mon 27 Nov 2017 19:13:05 API.py [line:712] INFO 935103938772262913
Mon 27 Nov 2017 19:13:07 API.py [line:712] INFO 935103936725422080
Mon 27 Nov 2017 19:13:07 API.py [line:712] INFO 935103940303126528
Mon 27 Nov 2017 19:13:08 API.py [line:712] INFO 935103923253403649
Mon 27 Nov 2017 19:13:11 API.py [line:712] INFO 935103946380607488
Mon 27 Nov 2017 19:13:11 API.py [line:712] INFO 935103947022495744
Mon 27 Nov 2017 19:13:12 API.py [line:712] INFO 935103948922515456
Mon 27 Nov 2017 19:13:12 API.py [line:712] INFO 935103951686524928
Mon 27 Nov 2017 19:13:13 API.py [line:712] INFO 935103952948883456
Mon 27 Nov 2017 19:13:13 API.py [line:712] INFO 935103954274439168
Mon 27 Nov 2017 19:13:13 TwitterError.py [line:22] WARNING 400 statuses/filter text ('Connection broken: IncompleteRead(0 bytes read, 1 more expected)', IncompleteRead(0 bytes read, 1 more expected))
Mon 27 Nov 2017 19:13:13 API.py [line:250] ERROR 400 statuses/filter text ('Connection broken: IncompleteRead(0 bytes read, 1 more expected)', IncompleteRead(0 bytes read, 1 more expected))
