Tue 28 Nov 2017 10:06:13 API.py [line:660] INFO start
Tue 28 Nov 2017 10:06:13 API.py [line:692] INFO thread 0 start.
Tue 28 Nov 2017 10:06:13 API.py [line:695] INFO thread 0's token_index 25
Tue 28 Nov 2017 10:06:13 API.py [line:696] INFO {u'access_token': u'4797964448-qf4UZnc1StyKai9gVRO8y5rN9Ja3ub1BY3LPHwJ', u'consumer_secret': u'LivsS9DTKh4Xmfo2vOG2tpKmrj8lxsYqiDgZLamPBJahFqnjUo', u'consumer_key': u'fO4lXV6LLz5e1Ew6uRDtvXpIQ', u'access_token_secret': u'2jl4qMmxoS6kTDeubs5zF9NLYIVJW3c9ld4N1kqIYxV1J'}
Tue 28 Nov 2017 10:06:13 API.py [line:697] INFO [u'china']
Tue 28 Nov 2017 10:06:13 API.py [line:698] INFO ['192.168.1.148:8118']
Tue 28 Nov 2017 10:06:18 API.py [line:712] INFO 935328958996008963
Tue 28 Nov 2017 10:06:18 API.py [line:712] INFO 935328959553835008
Tue 28 Nov 2017 10:06:18 API.py [line:712] INFO 935328959633424384
Tue 28 Nov 2017 10:06:19 API.py [line:712] INFO 935328959507648513
Tue 28 Nov 2017 10:06:19 API.py [line:712] INFO 935328965178413056
Tue 28 Nov 2017 10:06:20 API.py [line:712] INFO 935328965786513409
Tue 28 Nov 2017 10:06:20 API.py [line:712] INFO 935328967086796800
Tue 28 Nov 2017 10:06:20 API.py [line:712] INFO 935328970807107586
Tue 28 Nov 2017 10:06:21 API.py [line:712] INFO 935328973009162243
Tue 28 Nov 2017 10:06:23 API.py [line:712] INFO 935328978386141185
Tue 28 Nov 2017 10:06:23 API.py [line:712] INFO 935328978822488064
Tue 28 Nov 2017 10:06:24 API.py [line:712] INFO 935328979803762690
Tue 28 Nov 2017 10:06:25 API.py [line:712] INFO 935328979787091969
Tue 28 Nov 2017 10:06:25 API.py [line:712] INFO 935328983394193409
Tue 28 Nov 2017 10:06:26 API.py [line:712] INFO 935328989958361088
Tue 28 Nov 2017 10:06:26 API.py [line:712] INFO 935328990901846017
Tue 28 Nov 2017 10:06:26 API.py [line:712] INFO 935328993808670720
Tue 28 Nov 2017 10:06:26 API.py [line:712] INFO 935328995054202882
Tue 28 Nov 2017 10:06:27 API.py [line:712] INFO 935328997390434306
Tue 28 Nov 2017 10:06:28 API.py [line:712] INFO 935328999508791296
Tue 28 Nov 2017 10:06:28 API.py [line:712] INFO 935328999059968000
Tue 28 Nov 2017 10:06:29 API.py [line:712] INFO 935329005586149376
Tue 28 Nov 2017 10:06:29 API.py [line:712] INFO 935329005229584384
Tue 28 Nov 2017 10:06:30 API.py [line:712] INFO 935329009201745920
Tue 28 Nov 2017 10:06:33 API.py [line:712] INFO 935329014419374080
Tue 28 Nov 2017 10:06:44 API.py [line:712] INFO 935329021717630977
Tue 28 Nov 2017 10:06:44 API.py [line:712] INFO 935329022531158017
Tue 28 Nov 2017 10:06:44 API.py [line:712] INFO 935329023411888128
Tue 28 Nov 2017 10:06:44 API.py [line:712] INFO 935329026767511558
Tue 28 Nov 2017 10:06:44 API.py [line:712] INFO 935329027962949632
Tue 28 Nov 2017 10:06:44 API.py [line:712] INFO 935329028956762112
Tue 28 Nov 2017 10:06:44 API.py [line:712] INFO 935329031846858752
Tue 28 Nov 2017 10:06:44 API.py [line:712] INFO 935329032484241408
Tue 28 Nov 2017 10:06:44 API.py [line:712] INFO 935329033734193154
Tue 28 Nov 2017 10:06:44 API.py [line:712] INFO 935329034346606592
Tue 28 Nov 2017 10:06:44 API.py [line:712] INFO 935329035743195136
Tue 28 Nov 2017 10:06:45 API.py [line:712] INFO 935329038490468352
Tue 28 Nov 2017 10:06:45 API.py [line:712] INFO 935329043846713344
Tue 28 Nov 2017 10:06:45 API.py [line:712] INFO 935329045310423041
Tue 28 Nov 2017 10:06:45 API.py [line:712] INFO 935329046396915713
Tue 28 Nov 2017 10:06:45 API.py [line:712] INFO 935329043301384192
Tue 28 Nov 2017 10:06:45 API.py [line:712] INFO 935329050373083137
Tue 28 Nov 2017 10:06:45 API.py [line:712] INFO 935329058115739649
Tue 28 Nov 2017 10:06:45 API.py [line:712] INFO 935329059193737216
Tue 28 Nov 2017 10:06:45 API.py [line:712] INFO 935329060007366656
Tue 28 Nov 2017 10:06:45 API.py [line:712] INFO 935329059793461248
Tue 28 Nov 2017 10:06:46 API.py [line:712] INFO 935329062393802752
Tue 28 Nov 2017 10:06:46 API.py [line:712] INFO 935329064650530821
Tue 28 Nov 2017 10:06:47 API.py [line:712] INFO 935329068576153601
Tue 28 Nov 2017 10:06:48 API.py [line:712] INFO 935329072678428672
Tue 28 Nov 2017 10:06:48 API.py [line:712] INFO 935329073949282305
Tue 28 Nov 2017 10:06:49 API.py [line:712] INFO 935329078122631169
Tue 28 Nov 2017 10:06:49 API.py [line:712] INFO 935329080500805632
Tue 28 Nov 2017 10:06:50 API.py [line:712] INFO 935329081209511936
Tue 28 Nov 2017 10:06:50 API.py [line:712] INFO 935329083013005312
Tue 28 Nov 2017 10:06:50 API.py [line:712] INFO 935329082505560064
Tue 28 Nov 2017 10:06:50 API.py [line:712] INFO 935329083709317121
Tue 28 Nov 2017 10:06:50 API.py [line:712] INFO 935329086209249280
Tue 28 Nov 2017 10:06:51 API.py [line:712] INFO 935329086209130498
Tue 28 Nov 2017 10:06:51 API.py [line:712] INFO 935329088146776066
Tue 28 Nov 2017 10:06:52 API.py [line:712] INFO 935329091422523393
Tue 28 Nov 2017 10:06:53 API.py [line:712] INFO 935329094799159296
Tue 28 Nov 2017 10:06:54 API.py [line:712] INFO 935329098959814656
Tue 28 Nov 2017 10:06:55 API.py [line:712] INFO 935329100243144704
Tue 28 Nov 2017 10:06:55 API.py [line:712] INFO 935329102105534464
Tue 28 Nov 2017 10:06:56 API.py [line:712] INFO 935329102294372353
Tue 28 Nov 2017 10:06:57 API.py [line:712] INFO 935329104492195840
Tue 28 Nov 2017 10:06:57 API.py [line:712] INFO 935329104752250881
Tue 28 Nov 2017 10:06:59 API.py [line:712] INFO 935329106379419648
Tue 28 Nov 2017 10:06:59 API.py [line:712] INFO 935329111005728769
Tue 28 Nov 2017 10:07:00 API.py [line:712] INFO 935329114084466694
Tue 28 Nov 2017 10:07:00 API.py [line:712] INFO 935329116139667457
Tue 28 Nov 2017 10:07:01 API.py [line:712] INFO 935329117033005057
Tue 28 Nov 2017 10:07:01 API.py [line:712] INFO 935329117075132416
Tue 28 Nov 2017 10:07:01 API.py [line:712] INFO 935329117251231745
Tue 28 Nov 2017 10:07:02 API.py [line:712] INFO 935329118010277889
Tue 28 Nov 2017 10:07:02 API.py [line:712] INFO 935329118580744192
Tue 28 Nov 2017 10:07:02 API.py [line:712] INFO 935329121885974530
Tue 28 Nov 2017 10:07:04 API.py [line:712] INFO 935329124125569024
Tue 28 Nov 2017 10:07:05 API.py [line:712] INFO 935329125778194433
Tue 28 Nov 2017 10:07:07 API.py [line:712] INFO 935329129779490816
Tue 28 Nov 2017 10:07:07 API.py [line:712] INFO 935329130828189696
Tue 28 Nov 2017 10:07:08 API.py [line:712] INFO 935329132061356032
Tue 28 Nov 2017 10:07:08 API.py [line:712] INFO 935329138763640832
Tue 28 Nov 2017 10:07:09 API.py [line:712] INFO 935329139669774336
Tue 28 Nov 2017 10:07:30 API.py [line:712] INFO 935329143016837120
Tue 28 Nov 2017 10:07:30 API.py [line:712] INFO 935329144929505286
Tue 28 Nov 2017 10:07:30 API.py [line:712] INFO 935329145206194176
Tue 28 Nov 2017 10:07:31 API.py [line:712] INFO 935329148574322688
Tue 28 Nov 2017 10:07:31 API.py [line:712] INFO 935329148519804930
Tue 28 Nov 2017 10:07:31 API.py [line:712] INFO 935329150658850816
Tue 28 Nov 2017 10:07:31 API.py [line:712] INFO 935329152462348290
Tue 28 Nov 2017 10:07:31 API.py [line:712] INFO 935329151317184512
Tue 28 Nov 2017 10:07:31 API.py [line:712] INFO 935329152089100292
Tue 28 Nov 2017 10:07:31 API.py [line:712] INFO 935329154727153664
Tue 28 Nov 2017 10:07:31 API.py [line:712] INFO 935329153892651009
Tue 28 Nov 2017 10:07:31 API.py [line:712] INFO 935329157088759808
Tue 28 Nov 2017 10:07:31 API.py [line:712] INFO 935329159152144384
Tue 28 Nov 2017 10:07:31 API.py [line:712] INFO 935329160087592960
Tue 28 Nov 2017 10:07:32 API.py [line:712] INFO 935329159840112642
Tue 28 Nov 2017 10:07:32 API.py [line:712] INFO 935329159840182272
Tue 28 Nov 2017 10:07:32 API.py [line:712] INFO 935329161899470848
Tue 28 Nov 2017 10:07:32 API.py [line:712] INFO 935329162163838976
Tue 28 Nov 2017 10:07:32 API.py [line:712] INFO 935329164776710144
Tue 28 Nov 2017 10:07:32 API.py [line:712] INFO 935329164567101440
Tue 28 Nov 2017 10:07:32 API.py [line:712] INFO 935329167540916226
Tue 28 Nov 2017 10:07:32 API.py [line:712] INFO 935329168220286976
Tue 28 Nov 2017 10:07:32 API.py [line:712] INFO 935329170992668673
Tue 28 Nov 2017 10:07:32 API.py [line:712] INFO 935329173412941824
Tue 28 Nov 2017 10:07:33 API.py [line:712] INFO 935329174973272064
Tue 28 Nov 2017 10:07:33 API.py [line:712] INFO 935329181193269248
Tue 28 Nov 2017 10:07:33 API.py [line:712] INFO 935329185219862528
Tue 28 Nov 2017 10:07:34 API.py [line:712] INFO 935329185446240256
Tue 28 Nov 2017 10:07:35 API.py [line:712] INFO 935329186364891136
Tue 28 Nov 2017 10:07:35 API.py [line:712] INFO 935329190169083904
Tue 28 Nov 2017 10:07:35 API.py [line:712] INFO 935329184150446080
Tue 28 Nov 2017 10:07:35 API.py [line:712] INFO 935329191335202816
Tue 28 Nov 2017 10:07:36 API.py [line:712] INFO 935329193662980097
Tue 28 Nov 2017 10:07:36 API.py [line:712] INFO 935329200923463682
Tue 28 Nov 2017 10:07:37 API.py [line:712] INFO 935329199950303233
Tue 28 Nov 2017 10:07:37 API.py [line:712] INFO 935329203205091328
Tue 28 Nov 2017 10:07:37 API.py [line:712] INFO 935329209676959746
Tue 28 Nov 2017 10:07:37 API.py [line:712] INFO 935329209823703042
Tue 28 Nov 2017 10:07:38 API.py [line:712] INFO 935329212377972737
Tue 28 Nov 2017 10:07:38 API.py [line:712] INFO 935329217868263424
Tue 28 Nov 2017 10:07:38 API.py [line:712] INFO 935329218057195520
Tue 28 Nov 2017 10:07:38 API.py [line:712] INFO 935329218530963456
Tue 28 Nov 2017 10:07:38 API.py [line:712] INFO 935329220074655744
Tue 28 Nov 2017 10:07:39 API.py [line:712] INFO 935329220066148352
Tue 28 Nov 2017 10:07:39 API.py [line:712] INFO 935329219902689285
Tue 28 Nov 2017 10:07:39 API.py [line:712] INFO 935329221651640321
Tue 28 Nov 2017 10:07:39 API.py [line:712] INFO 935329221777424386
Tue 28 Nov 2017 10:07:39 API.py [line:712] INFO 935329225678245889
Tue 28 Nov 2017 10:07:39 API.py [line:712] INFO 935329225653047297
Tue 28 Nov 2017 10:07:40 API.py [line:712] INFO 935329228408594432
Tue 28 Nov 2017 10:07:40 API.py [line:712] INFO 935329229868273665
Tue 28 Nov 2017 10:07:41 API.py [line:712] INFO 935329234028969984
Tue 28 Nov 2017 10:07:41 API.py [line:712] INFO 935329233798422528
Tue 28 Nov 2017 10:07:41 API.py [line:712] INFO 935329235950022656
Tue 28 Nov 2017 10:07:41 API.py [line:712] INFO 935329238793834497
Tue 28 Nov 2017 10:07:42 API.py [line:712] INFO 935329241956265984
Tue 28 Nov 2017 10:07:42 API.py [line:712] INFO 935329243231391746
Tue 28 Nov 2017 10:07:42 API.py [line:712] INFO 935329244430741505
Tue 28 Nov 2017 10:07:43 API.py [line:712] INFO 935329244481286144
Tue 28 Nov 2017 10:07:43 API.py [line:712] INFO 935329245278109696
Tue 28 Nov 2017 10:07:43 API.py [line:712] INFO 935329245508833280
Tue 28 Nov 2017 10:07:43 API.py [line:712] INFO 935329248524500994
Tue 28 Nov 2017 10:07:44 API.py [line:712] INFO 935329249048666112
Tue 28 Nov 2017 10:07:44 API.py [line:712] INFO 935329249187201029
Tue 28 Nov 2017 10:07:44 API.py [line:712] INFO 935329250328096768
Tue 28 Nov 2017 10:07:44 API.py [line:712] INFO 935329252354002944
Tue 28 Nov 2017 10:07:45 API.py [line:712] INFO 935329253360590850
Tue 28 Nov 2017 10:07:45 API.py [line:712] INFO 935329254283317248
Tue 28 Nov 2017 10:07:45 API.py [line:712] INFO 935329257798230016
Tue 28 Nov 2017 10:07:45 API.py [line:712] INFO 935329258699984896
Tue 28 Nov 2017 10:07:46 API.py [line:712] INFO 935329258305671168
Tue 28 Nov 2017 10:07:46 API.py [line:712] INFO 935329262579707904
Tue 28 Nov 2017 10:07:47 API.py [line:712] INFO 935329268006993920
Tue 28 Nov 2017 10:07:47 API.py [line:712] INFO 935329268485279744
Tue 28 Nov 2017 10:07:48 API.py [line:712] INFO 935329269030498304
Tue 28 Nov 2017 10:07:48 API.py [line:712] INFO 935329271932784641
Tue 28 Nov 2017 10:07:48 API.py [line:712] INFO 935329273656700928
Tue 28 Nov 2017 10:07:49 API.py [line:712] INFO 935329273652621313
Tue 28 Nov 2017 10:07:49 API.py [line:712] INFO 935329274453790722
Tue 28 Nov 2017 10:07:49 API.py [line:712] INFO 935329279726047232
Tue 28 Nov 2017 10:07:49 API.py [line:712] INFO 935329280464244738
Tue 28 Nov 2017 10:07:50 API.py [line:712] INFO 935329281596624896
Tue 28 Nov 2017 10:07:50 API.py [line:712] INFO 935329283299512322
Tue 28 Nov 2017 10:07:50 API.py [line:712] INFO 935329285623156736
Tue 28 Nov 2017 10:07:51 API.py [line:712] INFO 935329285845348353
Tue 28 Nov 2017 10:07:51 API.py [line:712] INFO 935329288726958273
Tue 28 Nov 2017 10:07:52 API.py [line:712] INFO 935329289087614976
Tue 28 Nov 2017 10:07:53 API.py [line:712] INFO 935329291901984770
Tue 28 Nov 2017 10:07:54 API.py [line:712] INFO 935329292950654976
Tue 28 Nov 2017 10:07:56 API.py [line:712] INFO 935329293885956096
Tue 28 Nov 2017 10:07:57 API.py [line:712] INFO 935329298352934912
Tue 28 Nov 2017 10:07:57 API.py [line:712] INFO 935329299665768453
Tue 28 Nov 2017 10:07:58 API.py [line:712] INFO 935329300756254720
Tue 28 Nov 2017 10:07:59 API.py [line:712] INFO 935329303054766081
Tue 28 Nov 2017 10:07:59 API.py [line:712] INFO 935329305168633856
Tue 28 Nov 2017 10:07:59 API.py [line:712] INFO 935329305474883584
Tue 28 Nov 2017 10:07:59 API.py [line:712] INFO 935329309618769920
Tue 28 Nov 2017 10:08:00 API.py [line:712] INFO 935329310231052288
Tue 28 Nov 2017 10:08:00 API.py [line:712] INFO 935329310474301441
Tue 28 Nov 2017 10:08:00 API.py [line:712] INFO 935329311955046402
Tue 28 Nov 2017 10:08:00 API.py [line:712] INFO 935329314534559749
Tue 28 Nov 2017 10:08:01 API.py [line:712] INFO 935329315964588034
Tue 28 Nov 2017 10:08:01 API.py [line:712] INFO 935329319064350720
Tue 28 Nov 2017 10:08:01 API.py [line:712] INFO 935329320171724801
Tue 28 Nov 2017 10:08:01 API.py [line:712] INFO 935329320595107842
Tue 28 Nov 2017 10:08:01 API.py [line:712] INFO 935329323845865473
Tue 28 Nov 2017 10:08:02 API.py [line:712] INFO 935329326211444736
Tue 28 Nov 2017 10:08:03 API.py [line:712] INFO 935329324378546177
Tue 28 Nov 2017 10:08:03 API.py [line:712] INFO 935329328023384065
Tue 28 Nov 2017 10:08:03 API.py [line:712] INFO 935329329227223040
Tue 28 Nov 2017 10:08:03 API.py [line:712] INFO 935329329998729216
Tue 28 Nov 2017 10:08:04 API.py [line:712] INFO 935329339389997056
Tue 28 Nov 2017 10:08:04 API.py [line:712] INFO 935329340350455808
Tue 28 Nov 2017 10:08:04 API.py [line:712] INFO 935329340618768384
Tue 28 Nov 2017 10:08:05 API.py [line:712] INFO 935329342002999299
Tue 28 Nov 2017 10:08:06 API.py [line:712] INFO 935329342485233664
Tue 28 Nov 2017 10:08:08 API.py [line:712] INFO 935329343521349634
Tue 28 Nov 2017 10:08:09 API.py [line:712] INFO 935329344184045568
Tue 28 Nov 2017 10:08:09 API.py [line:712] INFO 935329346348126210
Tue 28 Nov 2017 10:08:10 API.py [line:712] INFO 935329348676149250
Tue 28 Nov 2017 10:08:10 API.py [line:712] INFO 935329352744652802
Tue 28 Nov 2017 10:08:10 API.py [line:712] INFO 935329352954216448
Tue 28 Nov 2017 10:08:10 API.py [line:712] INFO 935329353856110592
Tue 28 Nov 2017 10:08:11 API.py [line:712] INFO 935329355240296448
Tue 28 Nov 2017 10:08:11 API.py [line:712] INFO 935329356259377153
Tue 28 Nov 2017 10:08:12 API.py [line:712] INFO 935329355462578176
Tue 28 Nov 2017 10:08:13 API.py [line:712] INFO 935329356683141120
Tue 28 Nov 2017 10:08:13 API.py [line:712] INFO 935329358356537344
Tue 28 Nov 2017 10:08:13 API.py [line:712] INFO 935329359497449472
Tue 28 Nov 2017 10:08:14 API.py [line:712] INFO 935329359187017728
Tue 28 Nov 2017 10:08:15 API.py [line:712] INFO 935329361481420801
Tue 28 Nov 2017 10:08:16 API.py [line:712] INFO 935329361263071232
Tue 28 Nov 2017 10:08:16 API.py [line:712] INFO 935329362454355969
Tue 28 Nov 2017 10:08:16 API.py [line:712] INFO 935329362727055360
Tue 28 Nov 2017 10:08:18 API.py [line:712] INFO 935329365600161792
Tue 28 Nov 2017 10:08:20 API.py [line:712] INFO 935329366535413760
Tue 28 Nov 2017 10:08:20 API.py [line:712] INFO 935329366464172032
Tue 28 Nov 2017 10:08:21 API.py [line:712] INFO 935329367172923392
Tue 28 Nov 2017 10:08:21 API.py [line:712] INFO 935329367445659649
Tue 28 Nov 2017 10:08:22 API.py [line:712] INFO 935329369437896706
Tue 28 Nov 2017 10:08:22 API.py [line:712] INFO 935329371535040512
Tue 28 Nov 2017 10:08:23 API.py [line:712] INFO 935329371811995648
Tue 28 Nov 2017 10:08:23 API.py [line:712] INFO 935329374185951235
Tue 28 Nov 2017 10:08:23 API.py [line:712] INFO 935329376140324865
Tue 28 Nov 2017 10:08:25 API.py [line:712] INFO 935329376224374784
Tue 28 Nov 2017 10:08:25 API.py [line:712] INFO 935329376597573632
Tue 28 Nov 2017 10:08:25 API.py [line:712] INFO 935329378304757766
Tue 28 Nov 2017 10:08:26 API.py [line:712] INFO 935329380288647169
Tue 28 Nov 2017 10:08:26 API.py [line:712] INFO 935329382134108160
Tue 28 Nov 2017 10:08:28 API.py [line:712] INFO 935329384184950785
Tue 28 Nov 2017 10:08:28 API.py [line:712] INFO 935329384067723264
Tue 28 Nov 2017 10:08:29 API.py [line:712] INFO 935329384084508672
Tue 28 Nov 2017 10:08:29 API.py [line:712] INFO 935329385875492866
Tue 28 Nov 2017 10:08:30 API.py [line:712] INFO 935329387972628480
Tue 28 Nov 2017 10:08:31 API.py [line:712] INFO 935329390338088961
Tue 28 Nov 2017 10:08:31 API.py [line:712] INFO 935329390505979904
Tue 28 Nov 2017 10:08:31 API.py [line:712] INFO 935329391508316160
Tue 28 Nov 2017 10:08:32 API.py [line:712] INFO 935329396914733057
Tue 28 Nov 2017 10:08:33 API.py [line:712] INFO 935329397808103424
Tue 28 Nov 2017 10:08:33 API.py [line:712] INFO 935329400572166144
Tue 28 Nov 2017 10:08:34 API.py [line:712] INFO 935329401885155328
Tue 28 Nov 2017 10:08:35 API.py [line:712] INFO 935329404368052224
Tue 28 Nov 2017 10:08:36 API.py [line:712] INFO 935329407987625984
Tue 28 Nov 2017 10:08:36 API.py [line:712] INFO 935329407790731264
Tue 28 Nov 2017 10:08:36 API.py [line:712] INFO 935329408264626177
Tue 28 Nov 2017 10:08:36 API.py [line:712] INFO 935329408012947457
Tue 28 Nov 2017 10:08:40 API.py [line:712] INFO 935329417202507777
Tue 28 Nov 2017 10:08:43 API.py [line:712] INFO 935329417181704192
Tue 28 Nov 2017 10:08:43 API.py [line:712] INFO 935329418607607810
Tue 28 Nov 2017 10:08:44 API.py [line:712] INFO 935329419165495296
Tue 28 Nov 2017 10:08:44 API.py [line:712] INFO 935329421178781697
Tue 28 Nov 2017 10:08:45 API.py [line:712] INFO 935329424618094593
Tue 28 Nov 2017 10:08:46 API.py [line:712] INFO 935329425591283713
Tue 28 Nov 2017 10:08:46 API.py [line:712] INFO 935329426434174976
Tue 28 Nov 2017 10:08:47 API.py [line:712] INFO 935329426585219073
Tue 28 Nov 2017 10:08:47 API.py [line:712] INFO 935329427189149696
Tue 28 Nov 2017 10:08:48 API.py [line:712] INFO 935329427885559809
Tue 28 Nov 2017 10:08:48 API.py [line:712] INFO 935329427961057280
Tue 28 Nov 2017 10:08:49 API.py [line:712] INFO 935329408012947457
Tue 28 Nov 2017 10:08:50 API.py [line:712] INFO 935329427336114178
Tue 28 Nov 2017 10:08:50 API.py [line:712] INFO 935329428829118464
Tue 28 Nov 2017 10:08:51 API.py [line:712] INFO 935329428464271360
Tue 28 Nov 2017 10:08:51 API.py [line:712] INFO 935329431232512000
Tue 28 Nov 2017 10:08:52 API.py [line:712] INFO 935329432566239232
Tue 28 Nov 2017 10:08:53 API.py [line:712] INFO 935329434252595200
