Wed 29 Nov 2017 19:11:08 API.py [line:660] INFO start
Wed 29 Nov 2017 19:11:08 API.py [line:692] INFO thread 0 start.
Wed 29 Nov 2017 19:11:08 API.py [line:695] INFO thread 0's token_index 407
Wed 29 Nov 2017 19:11:08 API.py [line:696] INFO {u'access_token': u'724818692014530560-pZDYCpHgk3DCCEn46OQCvFTTzOIawNh', u'consumer_secret': u'LivsS9DTKh4Xmfo2vOG2tpKmrj8lxsYqiDgZLamPBJahFqnjUo', u'consumer_key': u'fO4lXV6LLz5e1Ew6uRDtvXpIQ', u'access_token_secret': u'4I8f2JqTQSzVtv9sQdnlKH7RYKr42PSZLfc7Skhd52lye'}
Wed 29 Nov 2017 19:11:08 API.py [line:697] INFO [u'china']
Wed 29 Nov 2017 19:11:08 API.py [line:698] INFO ['222.197.180.171:8118']
Wed 29 Nov 2017 19:11:11 API.py [line:712] INFO 935828463025565697
Wed 29 Nov 2017 19:11:11 API.py [line:712] INFO 935828467093925888
Wed 29 Nov 2017 19:11:11 API.py [line:712] INFO 935828467270090752
Wed 29 Nov 2017 19:11:12 API.py [line:712] INFO 935828469874941953
Wed 29 Nov 2017 19:11:12 API.py [line:712] INFO 935828470260678656
Wed 29 Nov 2017 19:11:12 API.py [line:712] INFO 935828470755508225
Wed 29 Nov 2017 19:11:12 API.py [line:712] INFO 935828471481221120
Wed 29 Nov 2017 19:11:13 API.py [line:712] INFO 935828475046268928
Wed 29 Nov 2017 19:11:13 API.py [line:712] INFO 935828477449682948
Wed 29 Nov 2017 19:11:14 API.py [line:712] INFO 935828477730742272
Wed 29 Nov 2017 19:11:14 API.py [line:712] INFO 935828478242406402
Wed 29 Nov 2017 19:11:14 API.py [line:712] INFO 935828479471337472
Wed 29 Nov 2017 19:11:14 API.py [line:712] INFO 935828479425294336
Wed 29 Nov 2017 19:11:16 API.py [line:712] INFO 935828488040394753
Wed 29 Nov 2017 19:11:16 API.py [line:712] INFO 935828487994212352
Wed 29 Nov 2017 19:11:16 API.py [line:712] INFO 935828488480686080
Wed 29 Nov 2017 19:11:17 API.py [line:712] INFO 935828490976407552
Wed 29 Nov 2017 19:11:17 API.py [line:712] INFO 935828492159209472
Wed 29 Nov 2017 19:11:17 API.py [line:712] INFO 935828493077581824
Wed 29 Nov 2017 19:11:17 API.py [line:712] INFO 935828493425922048
Wed 29 Nov 2017 19:11:17 API.py [line:712] INFO 935828494499508224
Wed 29 Nov 2017 19:11:18 API.py [line:712] INFO 935828495325741056
Wed 29 Nov 2017 19:11:18 API.py [line:712] INFO 935828497095946240
Wed 29 Nov 2017 19:11:19 API.py [line:712] INFO 935828499151060992
Wed 29 Nov 2017 19:11:19 API.py [line:712] INFO 935828499989872641
Wed 29 Nov 2017 19:11:19 API.py [line:712] INFO 935828499755040768
Wed 29 Nov 2017 19:11:19 API.py [line:712] INFO 935828501965438976
Wed 29 Nov 2017 19:11:19 API.py [line:712] INFO 935828502229614594
Wed 29 Nov 2017 19:11:20 API.py [line:712] INFO 935828503320133632
Wed 29 Nov 2017 19:11:20 API.py [line:712] INFO 935828505593606144
Wed 29 Nov 2017 19:11:20 API.py [line:712] INFO 935828505710886912
Wed 29 Nov 2017 19:11:20 API.py [line:712] INFO 935828506382016512
Wed 29 Nov 2017 19:11:21 API.py [line:712] INFO 935828506583412737
Wed 29 Nov 2017 19:11:21 API.py [line:712] INFO 935828508114239489
Wed 29 Nov 2017 19:11:21 API.py [line:712] INFO 935828509376757761
Wed 29 Nov 2017 19:11:21 API.py [line:712] INFO 935828510098145281
Wed 29 Nov 2017 19:11:21 API.py [line:712] INFO 935828510425341952
Wed 29 Nov 2017 19:11:22 API.py [line:712] INFO 935828513055109120
Wed 29 Nov 2017 19:11:22 API.py [line:712] INFO 935828513516670976
Wed 29 Nov 2017 19:11:22 API.py [line:712] INFO 935828514292584448
Wed 29 Nov 2017 19:11:23 API.py [line:712] INFO 935828515890503680
Wed 29 Nov 2017 19:11:24 API.py [line:712] INFO 935828520999284737
Wed 29 Nov 2017 19:11:24 API.py [line:712] INFO 935828521896894465
Wed 29 Nov 2017 19:11:24 API.py [line:712] INFO 935828522953719808
Wed 29 Nov 2017 19:11:25 API.py [line:712] INFO 935828524564434949
Wed 29 Nov 2017 19:11:25 API.py [line:712] INFO 935828524589387776
Wed 29 Nov 2017 19:11:25 API.py [line:712] INFO 935828524728029184
Wed 29 Nov 2017 19:11:25 API.py [line:712] INFO 935828526514651141
Wed 29 Nov 2017 19:11:25 API.py [line:712] INFO 935828527743668226
Wed 29 Nov 2017 19:11:26 API.py [line:712] INFO 935828530029457409
Wed 29 Nov 2017 19:11:26 API.py [line:712] INFO 935828529811542016
Wed 29 Nov 2017 19:11:26 API.py [line:712] INFO 935828530482548736
Wed 29 Nov 2017 19:11:26 API.py [line:712] INFO 935828531497578496
Wed 29 Nov 2017 19:11:27 API.py [line:712] INFO 935828530956468224
Wed 29 Nov 2017 19:11:27 API.py [line:712] INFO 935828532013555712
Wed 29 Nov 2017 19:11:27 API.py [line:712] INFO 935828535784169472
Wed 29 Nov 2017 19:11:28 API.py [line:712] INFO 935828495946665984
Wed 29 Nov 2017 19:11:28 API.py [line:712] INFO 935828536073564160
Wed 29 Nov 2017 19:11:28 API.py [line:712] INFO 935828539986841600
Wed 29 Nov 2017 19:11:29 API.py [line:712] INFO 935828541937242112
Wed 29 Nov 2017 19:11:29 API.py [line:712] INFO 935828541974962176
Wed 29 Nov 2017 19:11:29 API.py [line:712] INFO 935828542037864448
Wed 29 Nov 2017 19:11:29 API.py [line:712] INFO 935828543811887105
Wed 29 Nov 2017 19:11:30 API.py [line:712] INFO 935828546970202112
Wed 29 Nov 2017 19:11:30 API.py [line:712] INFO 935828547414790144
Wed 29 Nov 2017 19:11:30 API.py [line:712] INFO 935828548350369793
Wed 29 Nov 2017 19:11:30 API.py [line:712] INFO 935828548606156800
Wed 29 Nov 2017 19:11:31 API.py [line:712] INFO 935828549671575552
Wed 29 Nov 2017 19:11:31 API.py [line:712] INFO 935828550527074304
Wed 29 Nov 2017 19:11:31 API.py [line:712] INFO 935828550522953728
Wed 29 Nov 2017 19:11:31 API.py [line:712] INFO 935828551118462981
Wed 29 Nov 2017 19:11:31 API.py [line:712] INFO 935828550762090496
Wed 29 Nov 2017 19:11:31 API.py [line:712] INFO 935828551256956928
Wed 29 Nov 2017 19:11:31 API.py [line:712] INFO 935828552712441856
Wed 29 Nov 2017 19:11:32 API.py [line:712] INFO 935828553748410370
Wed 29 Nov 2017 19:11:32 API.py [line:712] INFO 935828555044474881
Wed 29 Nov 2017 19:11:32 API.py [line:712] INFO 935828554847158273
Wed 29 Nov 2017 19:11:32 API.py [line:712] INFO 935828555090550784
Wed 29 Nov 2017 19:11:32 API.py [line:712] INFO 935828555447062528
Wed 29 Nov 2017 19:11:32 API.py [line:712] INFO 935828556554399745
Wed 29 Nov 2017 19:11:32 API.py [line:712] INFO 935828557107826690
Wed 29 Nov 2017 19:11:32 API.py [line:712] INFO 935828557338525696
Wed 29 Nov 2017 19:11:33 API.py [line:712] INFO 935828558009602048
Wed 29 Nov 2017 19:11:33 API.py [line:712] INFO 935828558454255616
Wed 29 Nov 2017 19:11:33 API.py [line:712] INFO 935828559133753344
Wed 29 Nov 2017 19:11:33 API.py [line:712] INFO 935828559456755712
Wed 29 Nov 2017 19:11:33 API.py [line:712] INFO 935828560601686017
Wed 29 Nov 2017 19:11:34 API.py [line:712] INFO 935828561503641601
Wed 29 Nov 2017 19:11:34 API.py [line:712] INFO 935828561994412033
Wed 29 Nov 2017 19:11:34 API.py [line:712] INFO 935828563718168581
Wed 29 Nov 2017 19:11:34 API.py [line:712] INFO 935828564204818432
Wed 29 Nov 2017 19:11:35 API.py [line:712] INFO 935828566968885248
Wed 29 Nov 2017 19:11:35 API.py [line:712] INFO 935828567212126208
Wed 29 Nov 2017 19:11:35 API.py [line:712] INFO 935828569267113985
Wed 29 Nov 2017 19:11:36 API.py [line:712] INFO 935828570206822400
Wed 29 Nov 2017 19:11:36 API.py [line:712] INFO 935828570185895936
Wed 29 Nov 2017 19:11:36 API.py [line:712] INFO 935828570810863617
Wed 29 Nov 2017 19:11:36 API.py [line:712] INFO 935828573205737472
Wed 29 Nov 2017 19:11:36 API.py [line:712] INFO 935828573734293504
Wed 29 Nov 2017 19:11:37 API.py [line:712] INFO 935828573600043008
Wed 29 Nov 2017 19:11:37 API.py [line:712] INFO 935828574107467776
Wed 29 Nov 2017 19:11:37 API.py [line:712] INFO 935828575231516672
Wed 29 Nov 2017 19:11:37 API.py [line:712] INFO 935828576091475968
Wed 29 Nov 2017 19:11:38 API.py [line:712] INFO 935828578440183808
Wed 29 Nov 2017 19:11:38 API.py [line:712] INFO 935828580465917952
Wed 29 Nov 2017 19:11:39 API.py [line:712] INFO 935828584270389248
Wed 29 Nov 2017 19:11:39 API.py [line:712] INFO 935828584937246722
Wed 29 Nov 2017 19:11:39 API.py [line:712] INFO 935828585998405638
Wed 29 Nov 2017 19:11:40 API.py [line:712] INFO 935828587311181824
Wed 29 Nov 2017 19:11:40 API.py [line:712] INFO 935828588284088320
Wed 29 Nov 2017 19:11:40 API.py [line:712] INFO 935828588590391296
Wed 29 Nov 2017 19:11:40 API.py [line:712] INFO 935828589043261440
Wed 29 Nov 2017 19:11:40 API.py [line:712] INFO 935828588950994944
Wed 29 Nov 2017 19:11:40 API.py [line:712] INFO 935828589177585664
Wed 29 Nov 2017 19:11:40 API.py [line:712] INFO 935828589047455744
Wed 29 Nov 2017 19:11:40 API.py [line:712] INFO 935828589034971136
Wed 29 Nov 2017 19:11:40 API.py [line:712] INFO 935828589106282496
Wed 29 Nov 2017 19:11:40 API.py [line:712] INFO 935828589131415552
Wed 29 Nov 2017 19:11:40 API.py [line:712] INFO 935828589081067520
Wed 29 Nov 2017 19:11:40 API.py [line:712] INFO 935828589139787776
Wed 29 Nov 2017 19:11:40 API.py [line:712] INFO 935828589135589376
Wed 29 Nov 2017 19:11:40 API.py [line:712] INFO 935828589060145152
Wed 29 Nov 2017 19:11:40 API.py [line:712] INFO 935828589139738624
Wed 29 Nov 2017 19:11:40 API.py [line:712] INFO 935828588959490048
Wed 29 Nov 2017 19:11:41 API.py [line:712] INFO 935828589131350016
Wed 29 Nov 2017 19:11:41 API.py [line:712] INFO 935828589148123137
Wed 29 Nov 2017 19:11:41 API.py [line:712] INFO 935828589106290690
Wed 29 Nov 2017 19:11:41 API.py [line:712] INFO 935828589194256385
Wed 29 Nov 2017 19:11:41 API.py [line:712] INFO 935828589110366208
Wed 29 Nov 2017 19:11:41 API.py [line:712] INFO 935828589114671104
Wed 29 Nov 2017 19:11:41 API.py [line:712] INFO 935828589232111616
Wed 29 Nov 2017 19:11:41 API.py [line:712] INFO 935828589605404672
Wed 29 Nov 2017 19:11:41 API.py [line:712] INFO 935828589626265600
Wed 29 Nov 2017 19:11:41 API.py [line:712] INFO 935828589525712898
Wed 29 Nov 2017 19:11:41 API.py [line:712] INFO 935828589613690880
Wed 29 Nov 2017 19:11:41 API.py [line:712] INFO 935828589592788992
Wed 29 Nov 2017 19:11:41 API.py [line:712] INFO 935828589592829952
Wed 29 Nov 2017 19:11:41 API.py [line:712] INFO 935828589517213696
Wed 29 Nov 2017 19:11:41 API.py [line:712] INFO 935828589701873664
Wed 29 Nov 2017 19:11:41 API.py [line:712] INFO 935828589680902144
Wed 29 Nov 2017 19:11:41 API.py [line:712] INFO 935828589529853952
Wed 29 Nov 2017 19:11:41 API.py [line:712] INFO 935828589647355904
Wed 29 Nov 2017 19:11:41 API.py [line:712] INFO 935828589622173697
Wed 29 Nov 2017 19:11:41 API.py [line:712] INFO 935828589630562304
Wed 29 Nov 2017 19:11:41 API.py [line:712] INFO 935828589647237121
Wed 29 Nov 2017 19:11:41 API.py [line:712] INFO 935828589777338368
Wed 29 Nov 2017 19:11:41 API.py [line:712] INFO 935828589638959104
Wed 29 Nov 2017 19:11:41 API.py [line:712] INFO 935828589743890432
Wed 29 Nov 2017 19:11:41 API.py [line:712] INFO 935828589655728129
Wed 29 Nov 2017 19:11:41 API.py [line:712] INFO 935828589718650880
Wed 29 Nov 2017 19:11:41 API.py [line:712] INFO 935828589630537728
Wed 29 Nov 2017 19:11:41 API.py [line:712] INFO 935828594449772544
Wed 29 Nov 2017 19:11:42 API.py [line:712] INFO 935828595221475328
Wed 29 Nov 2017 19:11:42 API.py [line:712] INFO 935828595846430720
Wed 29 Nov 2017 19:11:42 API.py [line:712] INFO 935828596727300096
Wed 29 Nov 2017 19:11:42 API.py [line:237] ERROR 400 statuses/filter text {u'limit': {u'track': 1, u'timestamp_ms': u'1511953899287'}}
Wed 29 Nov 2017 19:11:42 API.py [line:712] INFO 935828596714819584
Wed 29 Nov 2017 19:11:42 API.py [line:712] INFO 935828598572929024
Wed 29 Nov 2017 19:11:43 API.py [line:712] INFO 935828597075570688
Wed 29 Nov 2017 19:11:43 API.py [line:712] INFO 935828600313462785
Wed 29 Nov 2017 19:11:43 API.py [line:712] INFO 935828601865248768
Wed 29 Nov 2017 19:11:44 API.py [line:712] INFO 935828605954912257
Wed 29 Nov 2017 19:11:44 API.py [line:712] INFO 935828606860890113
Wed 29 Nov 2017 19:11:45 API.py [line:712] INFO 935828609360543745
Wed 29 Nov 2017 19:11:45 API.py [line:712] INFO 935828609440378881
Wed 29 Nov 2017 19:11:46 API.py [line:712] INFO 935828611944169472
Wed 29 Nov 2017 19:11:46 API.py [line:712] INFO 935828613076623361
Wed 29 Nov 2017 19:11:46 API.py [line:712] INFO 935828613378830336
Wed 29 Nov 2017 19:11:46 API.py [line:712] INFO 935828615186567169
Wed 29 Nov 2017 19:11:47 API.py [line:712] INFO 935828616620863488
Wed 29 Nov 2017 19:11:47 API.py [line:712] INFO 935828616461430784
Wed 29 Nov 2017 19:11:47 API.py [line:712] INFO 935828618885849089
Wed 29 Nov 2017 19:11:47 API.py [line:712] INFO 935828619020111872
Wed 29 Nov 2017 19:11:47 API.py [line:712] INFO 935828618286108673
Wed 29 Nov 2017 19:11:47 API.py [line:712] INFO 935828620005670912
Wed 29 Nov 2017 19:11:48 API.py [line:712] INFO 935828620492333056
Wed 29 Nov 2017 19:11:48 API.py [line:712] INFO 935828621373030401
Wed 29 Nov 2017 19:11:48 API.py [line:712] INFO 935828623046709248
Wed 29 Nov 2017 19:11:48 API.py [line:712] INFO 935828624157978624
Wed 29 Nov 2017 19:11:49 API.py [line:712] INFO 935828625265446912
Wed 29 Nov 2017 19:11:49 API.py [line:712] INFO 935828625714176000
Wed 29 Nov 2017 19:11:49 API.py [line:712] INFO 935828626720919552
Wed 29 Nov 2017 19:11:49 API.py [line:712] INFO 935828627236667392
Wed 29 Nov 2017 19:11:50 API.py [line:712] INFO 935828629040259072
Wed 29 Nov 2017 19:11:50 API.py [line:712] INFO 935828629283467264
Wed 29 Nov 2017 19:11:50 API.py [line:712] INFO 935828629623160832
Wed 29 Nov 2017 19:11:50 API.py [line:712] INFO 935828630588059648
Wed 29 Nov 2017 19:11:51 API.py [line:712] INFO 935828633171709952
Wed 29 Nov 2017 19:11:51 API.py [line:712] INFO 935828632978755585
Wed 29 Nov 2017 19:11:51 API.py [line:712] INFO 935828633750454274
Wed 29 Nov 2017 19:11:51 API.py [line:712] INFO 935828633603715073
Wed 29 Nov 2017 19:11:51 API.py [line:712] INFO 935828636346675200
Wed 29 Nov 2017 19:11:52 API.py [line:712] INFO 935828637944811520
Wed 29 Nov 2017 19:11:53 API.py [line:712] INFO 935828642189295617
Wed 29 Nov 2017 19:11:53 API.py [line:712] INFO 935828643435110400
Wed 29 Nov 2017 19:11:53 API.py [line:712] INFO 935828643619553280
Wed 29 Nov 2017 19:11:53 API.py [line:712] INFO 935828643871444992
Wed 29 Nov 2017 19:11:54 API.py [line:712] INFO 935828645565861888
Wed 29 Nov 2017 19:11:54 API.py [line:712] INFO 935828645897105408
Wed 29 Nov 2017 19:11:55 API.py [line:712] INFO 935828652842926080
Wed 29 Nov 2017 19:11:55 API.py [line:712] INFO 935828652658438144
Wed 29 Nov 2017 19:11:55 API.py [line:712] INFO 935828653149249537
Wed 29 Nov 2017 19:11:55 API.py [line:712] INFO 935828652859842560
Wed 29 Nov 2017 19:11:56 API.py [line:712] INFO 935828654105313280
Wed 29 Nov 2017 19:11:56 API.py [line:712] INFO 935828655028219904
Wed 29 Nov 2017 19:11:56 API.py [line:712] INFO 935828655737004033
Wed 29 Nov 2017 19:11:56 API.py [line:712] INFO 935828655984361472
Wed 29 Nov 2017 19:11:56 API.py [line:712] INFO 935828657255403521
Wed 29 Nov 2017 19:11:57 API.py [line:712] INFO 935828657918095360
Wed 29 Nov 2017 19:11:57 API.py [line:712] INFO 935828657851043840
Wed 29 Nov 2017 19:11:57 API.py [line:712] INFO 935828658735939584
Wed 29 Nov 2017 19:11:57 API.py [line:712] INFO 935828660333899776
Wed 29 Nov 2017 19:11:57 API.py [line:712] INFO 935828660803784704
Wed 29 Nov 2017 19:11:58 API.py [line:712] INFO 935828662573785088
Wed 29 Nov 2017 19:11:58 API.py [line:712] INFO 935828662317858817
Wed 29 Nov 2017 19:11:58 API.py [line:712] INFO 935828662686965760
Wed 29 Nov 2017 19:11:58 API.py [line:712] INFO 935828662540173312
Wed 29 Nov 2017 19:11:58 API.py [line:712] INFO 935828663857065987
Wed 29 Nov 2017 19:11:59 API.py [line:712] INFO 935828666302550017
Wed 29 Nov 2017 19:11:59 API.py [line:712] INFO 935828666608582657
Wed 29 Nov 2017 19:11:59 API.py [line:712] INFO 935828665283121152
Wed 29 Nov 2017 19:11:59 API.py [line:712] INFO 935828667564883968
Wed 29 Nov 2017 19:11:59 API.py [line:712] INFO 935828668949172224
Wed 29 Nov 2017 19:11:59 API.py [line:712] INFO 935828669842575360
Wed 29 Nov 2017 19:12:00 API.py [line:712] INFO 935828673827168256
Wed 29 Nov 2017 19:12:00 API.py [line:712] INFO 935828673734770688
Wed 29 Nov 2017 19:12:00 API.py [line:712] INFO 935828669658001410
Wed 29 Nov 2017 19:12:01 API.py [line:712] INFO 935828675420811268
Wed 29 Nov 2017 19:12:01 API.py [line:712] INFO 935828675274166272
Wed 29 Nov 2017 19:12:01 API.py [line:712] INFO 935828675945144320
Wed 29 Nov 2017 19:12:01 API.py [line:712] INFO 935828677035618305
Wed 29 Nov 2017 19:12:02 API.py [line:712] INFO 935828683280982016
Wed 29 Nov 2017 19:12:03 API.py [line:712] INFO 935828682886860800
Wed 29 Nov 2017 19:12:03 API.py [line:712] INFO 935828684660908032
Wed 29 Nov 2017 19:12:03 API.py [line:712] INFO 935828676813508608
Wed 29 Nov 2017 19:12:04 API.py [line:712] INFO 935828669989351425
Wed 29 Nov 2017 19:12:04 API.py [line:712] INFO 935828688674983941
Wed 29 Nov 2017 19:12:04 API.py [line:712] INFO 935828688867770368
Wed 29 Nov 2017 19:12:04 API.py [line:712] INFO 935828689299824640
Wed 29 Nov 2017 19:12:04 API.py [line:712] INFO 935828689907982337
Wed 29 Nov 2017 19:12:04 API.py [line:712] INFO 935828686045171714
Wed 29 Nov 2017 19:12:05 API.py [line:712] INFO 935828687978627072
Wed 29 Nov 2017 19:12:05 API.py [line:712] INFO 935828692630163456
Wed 29 Nov 2017 19:12:05 API.py [line:712] INFO 935828693934538752
Wed 29 Nov 2017 19:12:06 API.py [line:712] INFO 935828697692610560
Wed 29 Nov 2017 19:12:07 API.py [line:712] INFO 935828699974389760
Wed 29 Nov 2017 19:12:07 API.py [line:712] INFO 935828700226097152
Wed 29 Nov 2017 19:12:07 API.py [line:712] INFO 935828701685657600
Wed 29 Nov 2017 19:12:07 API.py [line:712] INFO 935828703606476800
Wed 29 Nov 2017 19:12:08 API.py [line:712] INFO 935828706869825536
Wed 29 Nov 2017 19:12:08 API.py [line:712] INFO 935828705221533696
Wed 29 Nov 2017 19:12:08 API.py [line:712] INFO 935828705837973504
Wed 29 Nov 2017 19:12:08 API.py [line:712] INFO 935828707465400320
Wed 29 Nov 2017 19:12:09 API.py [line:712] INFO 935828708836995073
Wed 29 Nov 2017 19:12:10 API.py [line:712] INFO 935828712616087552
Wed 29 Nov 2017 19:12:10 API.py [line:712] INFO 935828712309903361
Wed 29 Nov 2017 19:12:10 API.py [line:712] INFO 935828714960465920
Wed 29 Nov 2017 19:12:10 API.py [line:712] INFO 935828715103313921
Wed 29 Nov 2017 19:12:10 API.py [line:712] INFO 935828710657351680
Wed 29 Nov 2017 19:12:10 API.py [line:712] INFO 935828716562759680
Wed 29 Nov 2017 19:12:11 API.py [line:712] INFO 935828717095579648
Wed 29 Nov 2017 19:12:11 API.py [line:712] INFO 935828718945292290
Wed 29 Nov 2017 19:12:11 API.py [line:712] INFO 935828719834300416
Wed 29 Nov 2017 19:12:11 API.py [line:712] INFO 935828720270626816
Wed 29 Nov 2017 19:12:12 API.py [line:712] INFO 935828721449267200
Wed 29 Nov 2017 19:12:12 API.py [line:712] INFO 935828723760107521
Wed 29 Nov 2017 19:12:13 API.py [line:712] INFO 935828724431446017
Wed 29 Nov 2017 19:12:13 API.py [line:712] INFO 935828725593202688
Wed 29 Nov 2017 19:12:13 API.py [line:712] INFO 935828727291768832
Wed 29 Nov 2017 19:12:13 API.py [line:712] INFO 935828727619080192
Wed 29 Nov 2017 19:12:13 API.py [line:712] INFO 935828728101339136
Wed 29 Nov 2017 19:12:13 API.py [line:712] INFO 935828728763990016
Wed 29 Nov 2017 19:12:14 API.py [line:712] INFO 935828730001240064
Wed 29 Nov 2017 19:12:14 API.py [line:712] INFO 935828730840203264
Wed 29 Nov 2017 19:12:14 API.py [line:712] INFO 935828732312305664
Wed 29 Nov 2017 19:12:14 API.py [line:712] INFO 935828732643893249
Wed 29 Nov 2017 19:12:15 API.py [line:712] INFO 935828734225145856
Wed 29 Nov 2017 19:12:15 API.py [line:712] INFO 935828736963997697
Wed 29 Nov 2017 19:12:15 API.py [line:712] INFO 935828737098207233
Wed 29 Nov 2017 19:12:16 API.py [line:712] INFO 935828741825224705
Wed 29 Nov 2017 19:12:17 API.py [line:712] INFO 935828741900693504
Wed 29 Nov 2017 19:12:17 API.py [line:712] INFO 935828742722674694
Wed 29 Nov 2017 19:12:17 API.py [line:712] INFO 935828743985287168
Wed 29 Nov 2017 19:12:17 API.py [line:712] INFO 935828744337465345
Wed 29 Nov 2017 19:12:18 API.py [line:712] INFO 935828746191491072
Wed 29 Nov 2017 19:12:18 API.py [line:712] INFO 935828746711416833
Wed 29 Nov 2017 19:12:18 API.py [line:712] INFO 935828747600592896
Wed 29 Nov 2017 19:12:18 API.py [line:712] INFO 935828748489834499
Wed 29 Nov 2017 19:12:18 API.py [line:712] INFO 935828749416673281
Wed 29 Nov 2017 19:12:18 API.py [line:712] INFO 935828749689413632
Wed 29 Nov 2017 19:12:19 API.py [line:712] INFO 935828750725287936
Wed 29 Nov 2017 19:12:19 API.py [line:712] INFO 935828752533159936
Wed 29 Nov 2017 19:12:19 API.py [line:712] INFO 935828754353422336
Wed 29 Nov 2017 19:12:20 API.py [line:712] INFO 935828758346416128
Wed 29 Nov 2017 19:12:21 API.py [line:712] INFO 935828758619140096
Wed 29 Nov 2017 19:12:21 API.py [line:712] INFO 935828759344828416
Wed 29 Nov 2017 19:12:21 API.py [line:712] INFO 935828760481411072
Wed 29 Nov 2017 19:12:21 API.py [line:712] INFO 935828760699453440
Wed 29 Nov 2017 19:12:21 API.py [line:712] INFO 935828762385625088
Wed 29 Nov 2017 19:12:21 API.py [line:712] INFO 935828762436005888
Wed 29 Nov 2017 19:12:22 API.py [line:712] INFO 935828763191005184
Wed 29 Nov 2017 19:12:22 API.py [line:712] INFO 935828764298305536
Wed 29 Nov 2017 19:12:22 API.py [line:712] INFO 935828765313187840
Wed 29 Nov 2017 19:12:22 API.py [line:712] INFO 935828766659452928
Wed 29 Nov 2017 19:12:22 API.py [line:712] INFO 935828766554812416
Wed 29 Nov 2017 19:12:23 API.py [line:712] INFO 935828768471498752
Wed 29 Nov 2017 19:12:23 API.py [line:712] INFO 935828767729123330
Wed 29 Nov 2017 19:12:23 API.py [line:712] INFO 935828770413355009
Wed 29 Nov 2017 19:12:23 API.py [line:712] INFO 935828770023407617
Wed 29 Nov 2017 19:12:23 API.py [line:712] INFO 935828770077978624
Wed 29 Nov 2017 19:12:23 API.py [line:712] INFO 935828770279137280
Wed 29 Nov 2017 19:12:23 API.py [line:712] INFO 935828771147583489
Wed 29 Nov 2017 19:12:24 API.py [line:712] INFO 935828772858843136
Wed 29 Nov 2017 19:12:24 API.py [line:712] INFO 935828773102080000
Wed 29 Nov 2017 19:12:25 API.py [line:712] INFO 935828777199845377
Wed 29 Nov 2017 19:12:25 API.py [line:712] INFO 935828776767905792
Wed 29 Nov 2017 19:12:25 API.py [line:712] INFO 935828777745215488
Wed 29 Nov 2017 19:12:26 API.py [line:712] INFO 935828779863339010
Wed 29 Nov 2017 19:12:26 API.py [line:712] INFO 935828780073062401
Wed 29 Nov 2017 19:12:26 API.py [line:712] INFO 935828780182106114
Wed 29 Nov 2017 19:12:27 API.py [line:712] INFO 935828786997878784
Wed 29 Nov 2017 19:12:28 API.py [line:712] INFO 935828787765358592
Wed 29 Nov 2017 19:12:28 API.py [line:712] INFO 935828790458109953
Wed 29 Nov 2017 19:12:29 API.py [line:712] INFO 935828792618225664
Wed 29 Nov 2017 19:12:29 API.py [line:712] INFO 935828794052505600
Wed 29 Nov 2017 19:12:29 API.py [line:712] INFO 935828794505441281
Wed 29 Nov 2017 19:12:29 API.py [line:712] INFO 935828796220981249
Wed 29 Nov 2017 19:12:30 API.py [line:712] INFO 935828797156352005
Wed 29 Nov 2017 19:12:30 API.py [line:712] INFO 935828799366709249
Wed 29 Nov 2017 19:12:30 API.py [line:712] INFO 935828799488266240
Wed 29 Nov 2017 19:12:31 API.py [line:712] INFO 935828801577029632
Wed 29 Nov 2017 19:12:31 API.py [line:712] INFO 935828801648394241
Wed 29 Nov 2017 19:12:31 API.py [line:712] INFO 935828801749106688
Wed 29 Nov 2017 19:12:31 API.py [line:712] INFO 935828801979695104
Wed 29 Nov 2017 19:12:31 API.py [line:712] INFO 935828802600452097
Wed 29 Nov 2017 19:12:31 API.py [line:712] INFO 935828802567135232
Wed 29 Nov 2017 19:12:31 API.py [line:712] INFO 935828803082862593
Wed 29 Nov 2017 19:12:31 API.py [line:712] INFO 935828803443605504
Wed 29 Nov 2017 19:12:31 API.py [line:712] INFO 935828803875569665
Wed 29 Nov 2017 19:12:32 API.py [line:712] INFO 935828804546818048
Wed 29 Nov 2017 19:12:32 API.py [line:712] INFO 935828762511532032
Wed 29 Nov 2017 19:12:32 API.py [line:712] INFO 935828805834432512
Wed 29 Nov 2017 19:12:32 API.py [line:712] INFO 935828767544610816
Wed 29 Nov 2017 19:12:33 API.py [line:712] INFO 935828808883519488
Wed 29 Nov 2017 19:12:33 API.py [line:712] INFO 935828811706458112
Wed 29 Nov 2017 19:12:33 API.py [line:712] INFO 935828812205457409
Wed 29 Nov 2017 19:12:33 API.py [line:712] INFO 935828812163682305
Wed 29 Nov 2017 19:12:33 API.py [line:712] INFO 935828812775829504
Wed 29 Nov 2017 19:12:34 API.py [line:712] INFO 935828815628120064
Wed 29 Nov 2017 19:12:34 API.py [line:712] INFO 935828816362201090
Wed 29 Nov 2017 19:12:34 API.py [line:712] INFO 935828816550907904
Wed 29 Nov 2017 19:12:35 API.py [line:712] INFO 935828816907423744
Wed 29 Nov 2017 19:12:35 API.py [line:712] INFO 935828820434833410
Wed 29 Nov 2017 19:12:36 API.py [line:712] INFO 935828821646876678
Wed 29 Nov 2017 19:12:36 API.py [line:712] INFO 935828823140024320
Wed 29 Nov 2017 19:12:36 API.py [line:712] INFO 935828821562998784
Wed 29 Nov 2017 19:12:36 API.py [line:712] INFO 935828824318730241
Wed 29 Nov 2017 19:12:37 API.py [line:712] INFO 935828824717250560
Wed 29 Nov 2017 19:12:37 API.py [line:712] INFO 935828826327846913
Wed 29 Nov 2017 19:12:37 API.py [line:712] INFO 935828828882194432
Wed 29 Nov 2017 19:12:37 API.py [line:712] INFO 935828829611876352
Wed 29 Nov 2017 19:12:38 API.py [line:712] INFO 935828833961259009
Wed 29 Nov 2017 19:12:39 API.py [line:712] INFO 935828835127513088
Wed 29 Nov 2017 19:12:39 API.py [line:712] INFO 935828837174267909
Wed 29 Nov 2017 19:12:40 API.py [line:712] INFO 935828839355125761
Wed 29 Nov 2017 19:12:41 API.py [line:712] INFO 935828842769518592
Wed 29 Nov 2017 19:12:41 API.py [line:712] INFO 935828844426117120
Wed 29 Nov 2017 19:12:42 API.py [line:712] INFO 935828847269904384
Wed 29 Nov 2017 19:12:42 API.py [line:712] INFO 935828849320955905
Wed 29 Nov 2017 19:12:42 API.py [line:712] INFO 935828850742738944
Wed 29 Nov 2017 19:12:43 API.py [line:712] INFO 935828851732766721
Wed 29 Nov 2017 19:12:43 API.py [line:712] INFO 935828853301399552
Wed 29 Nov 2017 19:12:44 API.py [line:712] INFO 935828856686108672
Wed 29 Nov 2017 19:12:44 API.py [line:712] INFO 935828856639979520
Wed 29 Nov 2017 19:12:44 API.py [line:712] INFO 935828856879140864
Wed 29 Nov 2017 19:12:44 API.py [line:712] INFO 935828858502123520
Wed 29 Nov 2017 19:12:45 API.py [line:712] INFO 935828861316603904
Wed 29 Nov 2017 19:12:45 API.py [line:712] INFO 935828862310612992
Wed 29 Nov 2017 19:12:45 API.py [line:712] INFO 935828862440636416
Wed 29 Nov 2017 19:12:46 API.py [line:712] INFO 935828863992479744
Wed 29 Nov 2017 19:12:46 API.py [line:712] INFO 935828864332333056
Wed 29 Nov 2017 19:12:46 API.py [line:712] INFO 935828865787629568
Wed 29 Nov 2017 19:12:46 API.py [line:712] INFO 935828866874011648
Wed 29 Nov 2017 19:12:47 API.py [line:712] INFO 935828867901804545
Wed 29 Nov 2017 19:12:47 API.py [line:712] INFO 935828870745460743
Wed 29 Nov 2017 19:12:48 API.py [line:712] INFO 935828872989421568
Wed 29 Nov 2017 19:12:48 API.py [line:712] INFO 935828862537043968
Wed 29 Nov 2017 19:12:49 API.py [line:712] INFO 935828877334777856
Wed 29 Nov 2017 19:12:49 API.py [line:712] INFO 935828878555148289
Wed 29 Nov 2017 19:12:49 API.py [line:712] INFO 935828877984727041
Wed 29 Nov 2017 19:12:49 API.py [line:712] INFO 935828879629078529
Wed 29 Nov 2017 19:12:50 API.py [line:712] INFO 935828880711143425
Wed 29 Nov 2017 19:12:50 API.py [line:712] INFO 935828880681824262
Wed 29 Nov 2017 19:12:50 API.py [line:712] INFO 935828881042391041
Wed 29 Nov 2017 19:12:50 API.py [line:712] INFO 935828883152158721
Wed 29 Nov 2017 19:12:50 API.py [line:712] INFO 935828883621912576
Wed 29 Nov 2017 19:12:50 API.py [line:712] INFO 935828883479433217
Wed 29 Nov 2017 19:12:51 API.py [line:712] INFO 935828885106823168
Wed 29 Nov 2017 19:12:51 API.py [line:712] INFO 935828886574608384
Wed 29 Nov 2017 19:12:51 API.py [line:712] INFO 935828887279345664
Wed 29 Nov 2017 19:12:51 API.py [line:712] INFO 935828887585529856
Wed 29 Nov 2017 19:12:52 API.py [line:712] INFO 935828889120661504
Wed 29 Nov 2017 19:12:52 API.py [line:712] INFO 935828890701873152
Wed 29 Nov 2017 19:12:52 API.py [line:712] INFO 935828890999775232
Wed 29 Nov 2017 19:12:52 API.py [line:712] INFO 935828892958330881
Wed 29 Nov 2017 19:12:53 API.py [line:712] INFO 935828893038272515
Wed 29 Nov 2017 19:12:53 API.py [line:712] INFO 935828893403107328
Wed 29 Nov 2017 19:12:53 API.py [line:712] INFO 935828894556360705
Wed 29 Nov 2017 19:12:53 API.py [line:712] INFO 935828895877668864
Wed 29 Nov 2017 19:12:54 API.py [line:712] INFO 935828896838307840
Wed 29 Nov 2017 19:12:54 API.py [line:712] INFO 935828898184433664
Wed 29 Nov 2017 19:12:54 API.py [line:712] INFO 935828900118085632
Wed 29 Nov 2017 19:12:54 API.py [line:712] INFO 935828900101451777
Wed 29 Nov 2017 19:12:55 API.py [line:712] INFO 935828901892362240
Wed 29 Nov 2017 19:12:55 API.py [line:712] INFO 935828902597091328
Wed 29 Nov 2017 19:12:55 API.py [line:712] INFO 935828903876108289
Wed 29 Nov 2017 19:12:55 API.py [line:712] INFO 935828904333283330
Wed 29 Nov 2017 19:12:55 API.py [line:712] INFO 935828903184224256
Wed 29 Nov 2017 19:12:55 API.py [line:712] INFO 935828904568176640
Wed 29 Nov 2017 19:12:55 API.py [line:712] INFO 935828905453223936
Wed 29 Nov 2017 19:12:56 API.py [line:712] INFO 935828905549811712
Wed 29 Nov 2017 19:12:56 API.py [line:712] INFO 935828906552233984
Wed 29 Nov 2017 19:12:56 API.py [line:712] INFO 935828905977700352
Wed 29 Nov 2017 19:12:56 API.py [line:712] INFO 935828906271236096
Wed 29 Nov 2017 19:12:57 API.py [line:712] INFO 935828910889164800
Wed 29 Nov 2017 19:12:57 API.py [line:712] INFO 935828912835149824
Wed 29 Nov 2017 19:12:57 API.py [line:712] INFO 935828913468555264
Wed 29 Nov 2017 19:12:58 API.py [line:712] INFO 935828915930533888
Wed 29 Nov 2017 19:12:59 API.py [line:712] INFO 935828918162030592
Wed 29 Nov 2017 19:12:59 API.py [line:712] INFO 935828918229184512
Wed 29 Nov 2017 19:12:59 API.py [line:712] INFO 935828920359948288
Wed 29 Nov 2017 19:13:00 API.py [line:712] INFO 935828923161686016
Wed 29 Nov 2017 19:13:00 API.py [line:712] INFO 935828924071682049
Wed 29 Nov 2017 19:13:00 API.py [line:712] INFO 935828924449394689
Wed 29 Nov 2017 19:13:00 API.py [line:712] INFO 935828925200125952
Wed 29 Nov 2017 19:13:00 API.py [line:712] INFO 935828925342765057
Wed 29 Nov 2017 19:13:00 API.py [line:712] INFO 935828925191720960
Wed 29 Nov 2017 19:13:01 API.py [line:712] INFO 935828928463192064
Wed 29 Nov 2017 19:13:01 API.py [line:712] INFO 935828929348124672
Wed 29 Nov 2017 19:13:02 API.py [line:712] INFO 935828931361480704
Wed 29 Nov 2017 19:13:02 API.py [line:712] INFO 935828931571171328
Wed 29 Nov 2017 19:13:02 API.py [line:712] INFO 935828932661862400
Wed 29 Nov 2017 19:13:03 API.py [line:712] INFO 935828934779846657
Wed 29 Nov 2017 19:13:03 API.py [line:712] INFO 935828935325057024
Wed 29 Nov 2017 19:13:03 API.py [line:712] INFO 935828936637874179
Wed 29 Nov 2017 19:13:04 API.py [line:712] INFO 935828940391960576
Wed 29 Nov 2017 19:13:04 API.py [line:712] INFO 935828941318766592
Wed 29 Nov 2017 19:13:05 API.py [line:712] INFO 935828943525081094
Wed 29 Nov 2017 19:13:05 API.py [line:712] INFO 935828944389005312
Wed 29 Nov 2017 19:13:05 API.py [line:712] INFO 935828944305004544
Wed 29 Nov 2017 19:13:05 API.py [line:712] INFO 935828945370365952
Wed 29 Nov 2017 19:13:05 API.py [line:712] INFO 935828945789997056
Wed 29 Nov 2017 19:13:05 API.py [line:712] INFO 935828946268180480
Wed 29 Nov 2017 19:13:05 API.py [line:712] INFO 935828946746085376
Wed 29 Nov 2017 19:13:05 API.py [line:712] INFO 935828947174088704
Wed 29 Nov 2017 19:13:06 API.py [line:712] INFO 935828948033982464
Wed 29 Nov 2017 19:13:06 API.py [line:712] INFO 935828949854121985
Wed 29 Nov 2017 19:13:06 API.py [line:712] INFO 935828949992579072
Wed 29 Nov 2017 19:13:06 API.py [line:712] INFO 935828951963799553
Wed 29 Nov 2017 19:13:07 API.py [line:712] INFO 935828952035213314
Wed 29 Nov 2017 19:13:07 API.py [line:712] INFO 935828953020891136
Wed 29 Nov 2017 19:13:07 API.py [line:712] INFO 935828953394237440
Wed 29 Nov 2017 19:13:08 API.py [line:712] INFO 935828955633979394
Wed 29 Nov 2017 19:13:09 API.py [line:712] INFO 935828960235188225
Wed 29 Nov 2017 19:13:09 API.py [line:712] INFO 935828962206470144
Wed 29 Nov 2017 19:13:09 API.py [line:712] INFO 935828962982338561
Wed 29 Nov 2017 19:13:09 API.py [line:712] INFO 935828962852462592
Wed 29 Nov 2017 19:13:09 API.py [line:712] INFO 935828963145940992
Wed 29 Nov 2017 19:13:10 API.py [line:712] INFO 935828965247238145
Wed 29 Nov 2017 19:13:10 API.py [line:712] INFO 935828967508054016
Wed 29 Nov 2017 19:13:11 API.py [line:712] INFO 935828972515991553
Wed 29 Nov 2017 19:13:12 API.py [line:712] INFO 935828973816352770
Wed 29 Nov 2017 19:13:12 API.py [line:712] INFO 935828976475496448
Wed 29 Nov 2017 19:13:12 API.py [line:712] INFO 935828976118960128
Wed 29 Nov 2017 19:13:13 API.py [line:712] INFO 935828977758781441
Wed 29 Nov 2017 19:13:13 API.py [line:712] INFO 935828978010611712
Wed 29 Nov 2017 19:13:13 API.py [line:712] INFO 935828979046477824
Wed 29 Nov 2017 19:13:14 API.py [line:712] INFO 935828981902868481
Wed 29 Nov 2017 19:13:14 API.py [line:712] INFO 935828982196572164
