Wed 29 Nov 2017 19:07:21 API.py [line:660] INFO start
Wed 29 Nov 2017 19:07:21 API.py [line:692] INFO thread 0 start.
Wed 29 Nov 2017 19:07:21 API.py [line:695] INFO thread 0's token_index 218
Wed 29 Nov 2017 19:07:21 API.py [line:696] INFO {u'access_token': u'719541239536701440-cIySKX4ulmWlX6wfnPEjsTFzCvZXzIt', u'consumer_secret': u'LivsS9DTKh4Xmfo2vOG2tpKmrj8lxsYqiDgZLamPBJahFqnjUo', u'consumer_key': u'fO4lXV6LLz5e1Ew6uRDtvXpIQ', u'access_token_secret': u'PEPoYar4TeikZLniZvbSEQKngwvLVQOjlVcP7oJrmWjqQ'}
Wed 29 Nov 2017 19:07:21 API.py [line:697] INFO [u'china']
Wed 29 Nov 2017 19:07:21 API.py [line:698] INFO ['222.197.180.171:8118']
Wed 29 Nov 2017 19:07:25 API.py [line:712] INFO 935827517415575553
Wed 29 Nov 2017 19:07:25 API.py [line:712] INFO 935827518610960384
Wed 29 Nov 2017 19:07:25 API.py [line:712] INFO 935827519340769280
Wed 29 Nov 2017 19:07:25 API.py [line:712] INFO 935827519739179008
Wed 29 Nov 2017 19:07:26 API.py [line:712] INFO 935827521668513792
Wed 29 Nov 2017 19:07:26 API.py [line:712] INFO 935827521756577792
Wed 29 Nov 2017 19:07:26 API.py [line:712] INFO 935827522398425091
Wed 29 Nov 2017 19:07:28 API.py [line:712] INFO 935827531126669312
Wed 29 Nov 2017 19:07:28 API.py [line:712] INFO 935827530782830592
Wed 29 Nov 2017 19:07:29 API.py [line:712] INFO 935827534595403776
Wed 29 Nov 2017 19:07:29 API.py [line:712] INFO 935827537795493889
Wed 29 Nov 2017 19:07:29 API.py [line:712] INFO 935827537833345024
Wed 29 Nov 2017 19:07:30 API.py [line:712] INFO 935827537913053185
Wed 29 Nov 2017 19:07:30 API.py [line:712] INFO 935827537892167681
Wed 29 Nov 2017 19:07:30 API.py [line:712] INFO 935827539926441984
Wed 29 Nov 2017 19:07:30 API.py [line:712] INFO 935827541402689537
Wed 29 Nov 2017 19:07:31 API.py [line:712] INFO 935827542841417728
Wed 29 Nov 2017 19:07:31 API.py [line:712] INFO 935827543243997184
Wed 29 Nov 2017 19:07:31 API.py [line:712] INFO 935827543860449281
Wed 29 Nov 2017 19:07:31 API.py [line:712] INFO 935827543667568640
Wed 29 Nov 2017 19:07:31 API.py [line:712] INFO 935827544909082624
Wed 29 Nov 2017 19:07:31 API.py [line:712] INFO 935827545739718656
Wed 29 Nov 2017 19:07:31 API.py [line:712] INFO 935827546221961216
Wed 29 Nov 2017 19:07:33 API.py [line:712] INFO 935827554279280640
Wed 29 Nov 2017 19:07:34 API.py [line:712] INFO 935827555914883072
Wed 29 Nov 2017 19:07:34 API.py [line:712] INFO 935827556380557312
Wed 29 Nov 2017 19:07:34 API.py [line:712] INFO 935827556544196608
Wed 29 Nov 2017 19:07:34 API.py [line:712] INFO 935827558716731392
Wed 29 Nov 2017 19:07:34 API.py [line:712] INFO 935827559136116740
Wed 29 Nov 2017 19:07:35 API.py [line:712] INFO 935827558926639104
Wed 29 Nov 2017 19:07:35 API.py [line:712] INFO 935827560411291649
Wed 29 Nov 2017 19:07:35 API.py [line:712] INFO 935827561900335104
