Tue 28 Nov 2017 09:54:58 API.py [line:660] INFO start
Tue 28 Nov 2017 09:54:58 API.py [line:692] INFO thread 0 start.
Tue 28 Nov 2017 09:54:58 API.py [line:695] INFO thread 0's token_index 251
Tue 28 Nov 2017 09:54:58 API.py [line:696] INFO {u'access_token': u'720897611369033728-XWy2xyeYPjDBNXwvV3fDnmvX5Dz4WSe', u'consumer_secret': u'LivsS9DTKh4Xmfo2vOG2tpKmrj8lxsYqiDgZLamPBJahFqnjUo', u'consumer_key': u'fO4lXV6LLz5e1Ew6uRDtvXpIQ', u'access_token_secret': u'Uuz1vGtSQITlhqmr1iSz4cGvOCIVVxiPIAla0RH0FFRoH'}
Tue 28 Nov 2017 09:54:58 API.py [line:697] INFO [u'china']
Tue 28 Nov 2017 09:54:58 API.py [line:698] INFO ['192.168.1.148:8118']
Tue 28 Nov 2017 09:55:03 API.py [line:712] INFO 935326128310575104
Tue 28 Nov 2017 09:55:03 API.py [line:712] INFO 935326129237487616
Tue 28 Nov 2017 09:55:03 API.py [line:712] INFO 935326129187106817
Tue 28 Nov 2017 09:55:04 API.py [line:712] INFO 935326131128901632
Tue 28 Nov 2017 09:55:04 API.py [line:712] INFO 935326131368222721
Tue 28 Nov 2017 09:55:04 API.py [line:712] INFO 935326133356130306
Tue 28 Nov 2017 09:55:04 API.py [line:712] INFO 935326133943283712
Tue 28 Nov 2017 09:55:04 API.py [line:712] INFO 935326133746356230
Tue 28 Nov 2017 09:55:05 API.py [line:712] INFO 935326134480158720
Tue 28 Nov 2017 09:55:05 API.py [line:712] INFO 935326134862008321
Tue 28 Nov 2017 09:55:05 API.py [line:712] INFO 935326137466740737
Tue 28 Nov 2017 09:55:05 API.py [line:712] INFO 935326139249074176
Tue 28 Nov 2017 09:55:06 API.py [line:712] INFO 935326142373928962
Tue 28 Nov 2017 09:55:06 API.py [line:712] INFO 935326138955595776
Tue 28 Nov 2017 09:55:07 API.py [line:712] INFO 935326143305039873
Tue 28 Nov 2017 09:55:07 API.py [line:712] INFO 935326143208656897
Tue 28 Nov 2017 09:55:07 API.py [line:712] INFO 935326143489691649
Tue 28 Nov 2017 09:55:07 API.py [line:712] INFO 935326141912674304
Tue 28 Nov 2017 09:55:07 API.py [line:712] INFO 935326145733693440
Tue 28 Nov 2017 09:55:09 API.py [line:712] INFO 935326149072379904
Tue 28 Nov 2017 09:55:10 API.py [line:712] INFO 935326150678761472
Tue 28 Nov 2017 09:55:11 API.py [line:712] INFO 935326153878966272
Tue 28 Nov 2017 09:55:14 API.py [line:712] INFO 935326154679918593
Tue 28 Nov 2017 09:55:15 API.py [line:712] INFO 935326155053420544
Tue 28 Nov 2017 09:55:17 API.py [line:712] INFO 935326155409780736
Tue 28 Nov 2017 09:55:17 API.py [line:712] INFO 935326156798283776
Tue 28 Nov 2017 09:55:19 API.py [line:712] INFO 935326157507104768
Tue 28 Nov 2017 09:55:20 API.py [line:712] INFO 935326158303850499
Tue 28 Nov 2017 09:55:20 API.py [line:712] INFO 935326158660493313
Tue 28 Nov 2017 09:55:21 API.py [line:712] INFO 935326162284408832
Tue 28 Nov 2017 09:55:22 API.py [line:712] INFO 935326162695413761
Tue 28 Nov 2017 09:55:22 API.py [line:712] INFO 935326166973497344
Tue 28 Nov 2017 09:55:22 API.py [line:712] INFO 935326167376293888
Tue 28 Nov 2017 09:55:24 API.py [line:712] INFO 935326167393030145
Tue 28 Nov 2017 09:55:24 API.py [line:712] INFO 935326169326526464
Tue 28 Nov 2017 09:55:25 API.py [line:712] INFO 935326173864845317
Tue 28 Nov 2017 09:55:27 API.py [line:712] INFO 935326173869084673
Tue 28 Nov 2017 09:55:27 API.py [line:712] INFO 935326174905098240
Tue 28 Nov 2017 09:55:29 API.py [line:712] INFO 935326177484509186
Tue 28 Nov 2017 09:55:29 API.py [line:712] INFO 935326184157732864
Tue 28 Nov 2017 09:55:29 API.py [line:712] INFO 935326185726210048
Tue 28 Nov 2017 09:55:30 API.py [line:712] INFO 935326187856969728
Tue 28 Nov 2017 09:55:31 API.py [line:712] INFO 935326187957772288
Tue 28 Nov 2017 09:55:31 API.py [line:712] INFO 935326188213452801
Tue 28 Nov 2017 09:55:32 API.py [line:712] INFO 935326190998405120
Tue 28 Nov 2017 09:55:42 API.py [line:712] INFO 935326193611546625
Tue 28 Nov 2017 09:55:42 API.py [line:712] INFO 935326195184537602
Tue 28 Nov 2017 09:55:42 API.py [line:712] INFO 935326196241522691
Tue 28 Nov 2017 09:55:43 API.py [line:712] INFO 935326198992965642
Tue 28 Nov 2017 09:55:43 API.py [line:712] INFO 935326198946762752
Tue 28 Nov 2017 09:55:43 API.py [line:712] INFO 935326199261179904
Tue 28 Nov 2017 09:55:43 API.py [line:712] INFO 935326199814938624
Tue 28 Nov 2017 09:55:43 API.py [line:712] INFO 935326199735312384
