Mon 27 Nov 2017 19:13:46 API.py [line:660] INFO start
Mon 27 Nov 2017 19:13:46 API.py [line:692] INFO thread 0 start.
Mon 27 Nov 2017 19:13:46 API.py [line:695] INFO thread 0's token_index 367
Mon 27 Nov 2017 19:13:46 API.py [line:696] INFO {u'access_token': u'725917840805523457-ZGXvizkmL6opb0Zj1yQRmLeQajoL4GR', u'consumer_secret': u'LivsS9DTKh4Xmfo2vOG2tpKmrj8lxsYqiDgZLamPBJahFqnjUo', u'consumer_key': u'fO4lXV6LLz5e1Ew6uRDtvXpIQ', u'access_token_secret': u'wmHzlrzPVpA5EtZyCMBm6KGg6yTF0BXb4TZrO20hUQ9Ak'}
Mon 27 Nov 2017 19:13:46 API.py [line:697] INFO [u'china']
Mon 27 Nov 2017 19:13:46 API.py [line:698] INFO ['192.168.1.148:8118']
Mon 27 Nov 2017 19:13:52 API.py [line:712] INFO 935104369321582592
Mon 27 Nov 2017 19:13:52 API.py [line:712] INFO 935104370341015553
Mon 27 Nov 2017 19:13:53 API.py [line:712] INFO 935104376053682176
Mon 27 Nov 2017 19:13:54 API.py [line:712] INFO 935104379329314816
Mon 27 Nov 2017 19:13:54 API.py [line:712] INFO 935104379832717312
Mon 27 Nov 2017 19:13:55 API.py [line:712] INFO 935104379945979904
Mon 27 Nov 2017 19:13:55 API.py [line:712] INFO 935104381413867520
Mon 27 Nov 2017 19:13:57 API.py [line:712] INFO 935104384245039104
Mon 27 Nov 2017 19:13:57 API.py [line:712] INFO 935104385255751681
Mon 27 Nov 2017 19:13:58 API.py [line:712] INFO 935104385553784833
Mon 27 Nov 2017 19:13:59 API.py [line:712] INFO 935104386791026688
Mon 27 Nov 2017 19:14:01 API.py [line:712] INFO 935104387181174784
Mon 27 Nov 2017 19:14:02 API.py [line:712] INFO 935104387604799488
Mon 27 Nov 2017 19:14:02 API.py [line:712] INFO 935104392008626177
Mon 27 Nov 2017 19:14:05 API.py [line:712] INFO 935104395322318848
Mon 27 Nov 2017 19:14:06 API.py [line:712] INFO 935104396710383616
Mon 27 Nov 2017 19:14:07 API.py [line:712] INFO 935104398145081344
Mon 27 Nov 2017 19:14:07 API.py [line:712] INFO 935104398702923777
Mon 27 Nov 2017 19:14:10 API.py [line:712] INFO 935104402989318144
Mon 27 Nov 2017 19:14:11 API.py [line:712] INFO 935104404146884609
Mon 27 Nov 2017 19:14:12 API.py [line:712] INFO 935104405375893505
Mon 27 Nov 2017 19:14:12 API.py [line:712] INFO 935104408886452225
Mon 27 Nov 2017 19:14:13 API.py [line:712] INFO 935104411784933377
Mon 27 Nov 2017 19:14:14 API.py [line:712] INFO 935104415907713024
Mon 27 Nov 2017 19:14:15 API.py [line:712] INFO 935104416037949440
Mon 27 Nov 2017 19:14:15 API.py [line:712] INFO 935104418088808448
Mon 27 Nov 2017 19:14:16 API.py [line:712] INFO 935104418101391361
Mon 27 Nov 2017 19:14:16 API.py [line:712] INFO 935104418579714049
Mon 27 Nov 2017 19:14:17 API.py [line:712] INFO 935104419649212416
Mon 27 Nov 2017 19:14:18 API.py [line:712] INFO 935104421645742080
Mon 27 Nov 2017 19:14:18 API.py [line:712] INFO 935104420697853952
Mon 27 Nov 2017 19:14:19 API.py [line:712] INFO 935104422698303488
