Fri 24 Nov 2017 16:49:20 API.py [line:660] INFO start
Fri 24 Nov 2017 16:49:20 API.py [line:692] INFO thread 0 start.
Fri 24 Nov 2017 16:49:20 API.py [line:695] INFO thread 0's token_index 9
Fri 24 Nov 2017 16:49:20 API.py [line:696] INFO {u'access_token': u'713191936278921216-k5pHNHuQmu7N7cC1n1OkfNApQRQMbv6', u'consumer_secret': u'LivsS9DTKh4Xmfo2vOG2tpKmrj8lxsYqiDgZLamPBJahFqnjUo', u'consumer_key': u'fO4lXV6LLz5e1Ew6uRDtvXpIQ', u'access_token_secret': u'A0hctR6eRlT9gvF4pruG5RSoLpOQ8461y7gmQsJ8zoINl'}
Fri 24 Nov 2017 16:49:20 API.py [line:697] INFO [u'china']
Fri 24 Nov 2017 16:49:20 API.py [line:698] INFO ['192.168.1.148:8118']
Fri 24 Nov 2017 16:49:31 API.py [line:712] INFO 933980868971986944
Fri 24 Nov 2017 16:49:32 API.py [line:712] INFO 933980874420273153
Fri 24 Nov 2017 16:49:33 API.py [line:712] INFO 933980878165958656
Fri 24 Nov 2017 16:49:34 API.py [line:712] INFO 933980881949249536
Fri 24 Nov 2017 16:49:34 API.py [line:712] INFO 933980883903582208
Fri 24 Nov 2017 16:49:34 API.py [line:712] INFO 933980884545490944
Fri 24 Nov 2017 16:49:34 API.py [line:712] INFO 933980884306362368
Fri 24 Nov 2017 16:49:35 API.py [line:712] INFO 933980885044682753
Fri 24 Nov 2017 16:49:35 API.py [line:712] INFO 933980885031927808
Fri 24 Nov 2017 16:49:35 API.py [line:712] INFO 933980884545388545
Fri 24 Nov 2017 16:49:35 API.py [line:712] INFO 933980886726356999
Fri 24 Nov 2017 16:49:35 API.py [line:712] INFO 933980887288504320
Fri 24 Nov 2017 16:49:35 API.py [line:712] INFO 933980888228012032
Fri 24 Nov 2017 16:49:35 API.py [line:712] INFO 933980888274276352
Fri 24 Nov 2017 16:49:36 API.py [line:712] INFO 933980889859551232
Fri 24 Nov 2017 16:49:37 API.py [line:712] INFO 933980894653812736
Fri 24 Nov 2017 16:49:37 API.py [line:712] INFO 933980896830545920
Fri 24 Nov 2017 16:49:45 API.py [line:712] INFO 933980899225477120
Fri 24 Nov 2017 16:49:45 API.py [line:712] INFO 933980901477834752
Fri 24 Nov 2017 16:49:45 API.py [line:712] INFO 933980903096721408
Fri 24 Nov 2017 16:49:45 API.py [line:712] INFO 933980903746895873
Fri 24 Nov 2017 16:49:45 API.py [line:712] INFO 933980905949089792
Fri 24 Nov 2017 16:49:45 API.py [line:712] INFO 933980906825666561
Fri 24 Nov 2017 16:49:45 API.py [line:712] INFO 933980908037779456
Fri 24 Nov 2017 16:49:45 API.py [line:712] INFO 933980908188786689
Fri 24 Nov 2017 16:49:45 API.py [line:712] INFO 933980916866617344
Fri 24 Nov 2017 16:49:45 API.py [line:712] INFO 933980916799688704
Fri 24 Nov 2017 16:49:45 API.py [line:712] INFO 933980918196314112
Fri 24 Nov 2017 16:49:45 API.py [line:712] INFO 933980919026810880
Fri 24 Nov 2017 16:49:45 API.py [line:712] INFO 933980923166474240
Fri 24 Nov 2017 16:49:45 API.py [line:712] INFO 933980924731015170
Fri 24 Nov 2017 16:49:45 API.py [line:712] INFO 933980925712506880
Fri 24 Nov 2017 16:49:46 API.py [line:712] INFO 933980934151405568
Fri 24 Nov 2017 16:49:47 API.py [line:712] INFO 933980936659640320
Fri 24 Nov 2017 16:49:49 API.py [line:712] INFO 933980944477798400
Fri 24 Nov 2017 16:49:49 API.py [line:712] INFO 933980944876236800
Fri 24 Nov 2017 16:49:49 API.py [line:712] INFO 933980947401162752
Fri 24 Nov 2017 16:49:50 API.py [line:712] INFO 933980949125111808
Fri 24 Nov 2017 16:49:50 API.py [line:712] INFO 933980951327248385
Fri 24 Nov 2017 16:49:51 API.py [line:712] INFO 933980952447062016
Fri 24 Nov 2017 16:49:51 API.py [line:712] INFO 933980954665803778
Fri 24 Nov 2017 16:49:52 API.py [line:712] INFO 933980956154671104
Fri 24 Nov 2017 16:49:52 API.py [line:712] INFO 933980958239232000
Fri 24 Nov 2017 16:49:53 API.py [line:712] INFO 933980961624281088
Fri 24 Nov 2017 16:49:53 API.py [line:712] INFO 933980961771008000
Fri 24 Nov 2017 16:49:54 API.py [line:712] INFO 933980967622017024
Fri 24 Nov 2017 16:49:55 API.py [line:712] INFO 933980968616067072
Fri 24 Nov 2017 16:49:55 API.py [line:712] INFO 933980972025909249
Fri 24 Nov 2017 16:49:56 API.py [line:712] INFO 933980974161031168
Fri 24 Nov 2017 16:49:57 API.py [line:712] INFO 933980977365479424
Fri 24 Nov 2017 16:49:57 API.py [line:712] INFO 933980978715828224
Fri 24 Nov 2017 16:49:57 API.py [line:712] INFO 933980978678255616
Fri 24 Nov 2017 16:49:58 API.py [line:712] INFO 933980981589086208
Fri 24 Nov 2017 16:49:58 API.py [line:712] INFO 933980982658596864
Fri 24 Nov 2017 16:49:59 API.py [line:712] INFO 933980985103867905
Fri 24 Nov 2017 16:49:59 API.py [line:712] INFO 933980985963802624
Fri 24 Nov 2017 16:50:00 API.py [line:712] INFO 933980991605092354
Fri 24 Nov 2017 16:50:02 API.py [line:712] INFO 933980998395600896
Fri 24 Nov 2017 16:50:05 API.py [line:712] INFO 933981009900552192
Fri 24 Nov 2017 16:50:05 API.py [line:712] INFO 933981011096035328
Fri 24 Nov 2017 16:50:05 API.py [line:712] INFO 933981011884544000
Fri 24 Nov 2017 16:50:06 API.py [line:712] INFO 933981016414289920
Fri 24 Nov 2017 16:50:06 API.py [line:712] INFO 933981017433571328
Fri 24 Nov 2017 16:50:07 API.py [line:712] INFO 933981019312721921
Fri 24 Nov 2017 16:50:08 API.py [line:712] INFO 933981024421384192
Fri 24 Nov 2017 16:50:08 API.py [line:712] INFO 933981024677134336
Fri 24 Nov 2017 16:50:08 API.py [line:712] INFO 933981025130000384
Fri 24 Nov 2017 16:50:09 API.py [line:712] INFO 933981028590297089
Fri 24 Nov 2017 16:50:10 API.py [line:712] INFO 933981034495873025
Fri 24 Nov 2017 16:50:11 API.py [line:712] INFO 933981037041979392
Fri 24 Nov 2017 16:50:11 API.py [line:712] INFO 933981039457746946
Fri 24 Nov 2017 16:50:11 API.py [line:712] INFO 933981039957078016
Fri 24 Nov 2017 16:50:12 API.py [line:712] INFO 933981018645778432
Fri 24 Nov 2017 16:50:12 API.py [line:712] INFO 933981040628023296
Fri 24 Nov 2017 16:50:12 API.py [line:712] INFO 933981022198403073
Fri 24 Nov 2017 16:50:12 API.py [line:712] INFO 933981041911504896
Fri 24 Nov 2017 16:50:12 API.py [line:712] INFO 933981042469416961
Fri 24 Nov 2017 16:50:13 API.py [line:712] INFO 933981045522808832
Fri 24 Nov 2017 16:50:13 API.py [line:712] INFO 933981046806327301
Fri 24 Nov 2017 16:50:14 API.py [line:712] INFO 933981047896854528
Fri 24 Nov 2017 16:50:14 API.py [line:712] INFO 933981049083912192
Fri 24 Nov 2017 16:50:14 API.py [line:712] INFO 933981050383953921
Fri 24 Nov 2017 16:50:15 API.py [line:712] INFO 933981052166553600
Fri 24 Nov 2017 16:50:15 API.py [line:712] INFO 933981052976037888
Fri 24 Nov 2017 16:50:15 API.py [line:712] INFO 933981054293237760
Fri 24 Nov 2017 16:50:15 API.py [line:712] INFO 933981055765368832
Fri 24 Nov 2017 16:50:16 API.py [line:712] INFO 933981057463889920
Fri 24 Nov 2017 16:50:16 API.py [line:712] INFO 933981059036753920
Fri 24 Nov 2017 16:50:16 API.py [line:712] INFO 933981059565346817
Fri 24 Nov 2017 16:50:16 API.py [line:712] INFO 933981060559278080
Fri 24 Nov 2017 16:50:17 API.py [line:712] INFO 933981063910748160
Fri 24 Nov 2017 16:50:17 API.py [line:712] INFO 933981064908890113
Fri 24 Nov 2017 16:50:18 API.py [line:712] INFO 933981067077410816
Fri 24 Nov 2017 16:50:18 API.py [line:712] INFO 933981068230823936
Fri 24 Nov 2017 16:50:18 API.py [line:712] INFO 933981069086478337
Fri 24 Nov 2017 16:50:19 API.py [line:712] INFO 933981070596411392
Fri 24 Nov 2017 16:50:20 API.py [line:712] INFO 933981072018194432
Fri 24 Nov 2017 16:50:20 API.py [line:712] INFO 933981075927285762
Fri 24 Nov 2017 16:50:20 API.py [line:712] INFO 933981076443217920
Fri 24 Nov 2017 16:50:21 API.py [line:712] INFO 933981075960983552
Fri 24 Nov 2017 16:50:21 API.py [line:712] INFO 933981077785362434
Fri 24 Nov 2017 16:50:21 API.py [line:712] INFO 933981079047774208
Fri 24 Nov 2017 16:50:22 API.py [line:712] INFO 933981081866592256
Fri 24 Nov 2017 16:50:22 API.py [line:712] INFO 933981084349583360
Fri 24 Nov 2017 16:50:22 API.py [line:712] INFO 933981086102601728
Fri 24 Nov 2017 16:50:23 API.py [line:712] INFO 933981087025508352
Fri 24 Nov 2017 16:50:23 API.py [line:712] INFO 933981087524704256
Fri 24 Nov 2017 16:50:24 API.py [line:712] INFO 933981090905239552
Fri 24 Nov 2017 16:50:25 API.py [line:712] INFO 933981097968287744
Fri 24 Nov 2017 16:50:26 API.py [line:712] INFO 933981099427971072
Fri 24 Nov 2017 16:50:26 API.py [line:712] INFO 933981100816420864
Fri 24 Nov 2017 16:50:26 API.py [line:712] INFO 933981101072273408
Fri 24 Nov 2017 16:50:28 API.py [line:712] INFO 933981108450086912
Fri 24 Nov 2017 16:50:28 API.py [line:712] INFO 933981110232481793
Fri 24 Nov 2017 16:50:29 API.py [line:712] INFO 933981112728276994
Fri 24 Nov 2017 16:50:29 API.py [line:712] INFO 933981113248133120
Fri 24 Nov 2017 16:50:30 API.py [line:712] INFO 933981116415070210
Fri 24 Nov 2017 16:50:30 API.py [line:712] INFO 933981116452581376
Fri 24 Nov 2017 16:50:30 API.py [line:712] INFO 933981117954314240
Fri 24 Nov 2017 16:50:31 API.py [line:712] INFO 933981118797361152
Fri 24 Nov 2017 16:50:31 API.py [line:712] INFO 933981119560671232
Fri 24 Nov 2017 16:50:31 API.py [line:712] INFO 933981121804615681
Fri 24 Nov 2017 16:50:31 API.py [line:712] INFO 933981121951309824
Fri 24 Nov 2017 16:50:31 API.py [line:712] INFO 933981121636737024
Fri 24 Nov 2017 16:50:32 API.py [line:712] INFO 933981122303737856
Fri 24 Nov 2017 16:50:32 API.py [line:712] INFO 933981124157571072
Fri 24 Nov 2017 16:50:32 API.py [line:712] INFO 933981125533249536
Fri 24 Nov 2017 16:50:33 API.py [line:712] INFO 933981127823503360
Fri 24 Nov 2017 16:50:33 API.py [line:712] INFO 933981131610951681
Fri 24 Nov 2017 16:50:34 API.py [line:712] INFO 933981132923777025
Fri 24 Nov 2017 16:50:35 API.py [line:712] INFO 933981136061124608
Fri 24 Nov 2017 16:50:36 API.py [line:712] INFO 933981143287730176
Fri 24 Nov 2017 16:50:36 API.py [line:712] INFO 933981143447363584
Fri 24 Nov 2017 16:50:37 API.py [line:712] INFO 933981146282524672
Fri 24 Nov 2017 16:50:37 API.py [line:712] INFO 933981145770971136
Fri 24 Nov 2017 16:50:38 API.py [line:712] INFO 933981151210881024
Fri 24 Nov 2017 16:50:38 API.py [line:712] INFO 933981151223357440
Fri 24 Nov 2017 16:50:38 API.py [line:712] INFO 933981151248576512
Fri 24 Nov 2017 16:50:38 API.py [line:712] INFO 933981151185723392
Fri 24 Nov 2017 16:50:38 API.py [line:712] INFO 933981151110168576
Fri 24 Nov 2017 16:50:38 API.py [line:712] INFO 933981151189909504
Fri 24 Nov 2017 16:50:38 API.py [line:712] INFO 933981151286267904
Fri 24 Nov 2017 16:50:38 API.py [line:712] INFO 933981151345098752
Fri 24 Nov 2017 16:50:38 API.py [line:712] INFO 933981151282073601
Fri 24 Nov 2017 16:50:38 API.py [line:712] INFO 933981151349239808
Fri 24 Nov 2017 16:50:38 API.py [line:712] INFO 933981151349243904
Fri 24 Nov 2017 16:50:38 API.py [line:712] INFO 933981151374426112
Fri 24 Nov 2017 16:50:38 API.py [line:712] INFO 933981151311437824
Fri 24 Nov 2017 16:50:38 API.py [line:712] INFO 933981151290470400
Fri 24 Nov 2017 16:50:38 API.py [line:712] INFO 933981151370272768
Fri 24 Nov 2017 16:50:38 API.py [line:712] INFO 933981151248527361
Fri 24 Nov 2017 16:50:38 API.py [line:712] INFO 933981151475122176
Fri 24 Nov 2017 16:50:38 API.py [line:712] INFO 933981151403708416
Fri 24 Nov 2017 16:50:38 API.py [line:712] INFO 933981151433187329
Fri 24 Nov 2017 16:50:38 API.py [line:712] INFO 933981151449853953
Fri 24 Nov 2017 16:50:38 API.py [line:712] INFO 933981151370153984
Fri 24 Nov 2017 16:50:38 API.py [line:712] INFO 933981151403819008
Fri 24 Nov 2017 16:50:38 API.py [line:712] INFO 933981151252774912
Fri 24 Nov 2017 16:50:38 API.py [line:712] INFO 933981151382814720
Fri 24 Nov 2017 16:50:38 API.py [line:712] INFO 933981151575678977
Fri 24 Nov 2017 16:50:38 API.py [line:712] INFO 933981151596748800
Fri 24 Nov 2017 16:50:38 API.py [line:712] INFO 933981151496060928
Fri 24 Nov 2017 16:50:38 API.py [line:712] INFO 933981151592464385
Fri 24 Nov 2017 16:50:38 API.py [line:712] INFO 933981151563096069
Fri 24 Nov 2017 16:50:38 API.py [line:712] INFO 933981151659622400
Fri 24 Nov 2017 16:50:38 API.py [line:712] INFO 933981151605153793
Fri 24 Nov 2017 16:50:38 API.py [line:712] INFO 933981151592570880
Fri 24 Nov 2017 16:50:38 API.py [line:712] INFO 933981151579869184
Fri 24 Nov 2017 16:50:39 API.py [line:712] INFO 933981151600844801
Fri 24 Nov 2017 16:50:39 API.py [line:712] INFO 933981151600898048
Fri 24 Nov 2017 16:50:39 API.py [line:712] INFO 933981151605145601
Fri 24 Nov 2017 16:50:39 API.py [line:712] INFO 933981151739310080
Fri 24 Nov 2017 16:50:39 API.py [line:712] INFO 933981151768670208
Fri 24 Nov 2017 16:50:39 API.py [line:712] INFO 933981151617736709
Fri 24 Nov 2017 16:50:39 API.py [line:712] INFO 933981151789584384
Fri 24 Nov 2017 16:50:39 API.py [line:712] INFO 933981151756042242
Fri 24 Nov 2017 16:50:39 API.py [line:712] INFO 933981151600852992
Fri 24 Nov 2017 16:50:39 API.py [line:712] INFO 933981151626084353
Fri 24 Nov 2017 16:50:39 API.py [line:712] INFO 933981151609229313
Fri 24 Nov 2017 16:50:39 API.py [line:712] INFO 933981151697313792
Fri 24 Nov 2017 16:50:39 API.py [line:712] INFO 933981151739265026
Fri 24 Nov 2017 16:50:39 API.py [line:712] INFO 933981151798050818
Fri 24 Nov 2017 16:50:39 API.py [line:712] INFO 933981151739363330
Fri 24 Nov 2017 16:50:39 API.py [line:712] INFO 933981151563153408
Fri 24 Nov 2017 16:50:39 API.py [line:712] INFO 933981151873589248
Fri 24 Nov 2017 16:50:39 API.py [line:712] INFO 933981151852507136
Fri 24 Nov 2017 16:50:39 API.py [line:712] INFO 933981152020332549
Fri 24 Nov 2017 16:50:39 API.py [line:712] INFO 933981151273906176
Fri 24 Nov 2017 16:50:39 API.py [line:712] INFO 933981151793836032
Fri 24 Nov 2017 16:50:39 API.py [line:712] INFO 933981152196493313
Fri 24 Nov 2017 16:50:39 API.py [line:712] INFO 933981155241558016
Fri 24 Nov 2017 16:50:39 API.py [line:237] ERROR 400 statuses/filter text {u'limit': {u'track': 4, u'timestamp_ms': u'1511513435032'}}
Fri 24 Nov 2017 16:50:39 API.py [line:712] INFO 933981156352999425
Fri 24 Nov 2017 16:50:40 API.py [line:712] INFO 933981159091875840
Fri 24 Nov 2017 16:50:40 API.py [line:237] ERROR 400 statuses/filter text {u'limit': {u'track': 3, u'timestamp_ms': u'1511513435968'}}
Fri 24 Nov 2017 16:50:40 API.py [line:712] INFO 933981160048418816
Fri 24 Nov 2017 16:50:42 API.py [line:712] INFO 933981168285954048
Fri 24 Nov 2017 16:50:43 API.py [line:712] INFO 933981168625750016
Fri 24 Nov 2017 16:50:43 API.py [line:712] INFO 933981173935636480
Fri 24 Nov 2017 16:50:45 API.py [line:712] INFO 933981179765702656
Fri 24 Nov 2017 16:50:46 API.py [line:712] INFO 933981184681537536
Fri 24 Nov 2017 16:50:46 API.py [line:712] INFO 933981185759264768
Fri 24 Nov 2017 16:50:48 API.py [line:712] INFO 933981192470147078
Fri 24 Nov 2017 16:50:50 API.py [line:712] INFO 933981200879939584
Fri 24 Nov 2017 16:50:50 API.py [line:712] INFO 933981202209533953
Fri 24 Nov 2017 16:50:51 API.py [line:237] ERROR 400 statuses/filter text {u'limit': {u'track': 4, u'timestamp_ms': u'1511513446360'}}
Fri 24 Nov 2017 16:50:51 API.py [line:712] INFO 933981203727880192
Fri 24 Nov 2017 16:50:53 API.py [line:712] INFO 933981208521904128
Fri 24 Nov 2017 16:50:53 API.py [line:712] INFO 933981212942708739
Fri 24 Nov 2017 16:50:53 API.py [line:712] INFO 933981214150615040
Fri 24 Nov 2017 16:50:54 API.py [line:712] INFO 933981216855883776
Fri 24 Nov 2017 16:50:54 API.py [line:712] INFO 933981217325756417
Fri 24 Nov 2017 16:50:55 API.py [line:712] INFO 933981221046059009
Fri 24 Nov 2017 16:50:55 API.py [line:712] INFO 933981220769357824
Fri 24 Nov 2017 16:50:55 API.py [line:712] INFO 933981222539333632
Fri 24 Nov 2017 16:50:56 API.py [line:712] INFO 933981224980353024
Fri 24 Nov 2017 16:50:56 API.py [line:712] INFO 933981225731198976
Fri 24 Nov 2017 16:50:56 API.py [line:712] INFO 933981227933036544
Fri 24 Nov 2017 16:50:57 API.py [line:712] INFO 933981231670333440
Fri 24 Nov 2017 16:51:00 API.py [line:712] INFO 933981241623191552
Fri 24 Nov 2017 16:51:00 API.py [line:712] INFO 933981241313038336
Fri 24 Nov 2017 16:51:00 API.py [line:712] INFO 933981242726301697
Fri 24 Nov 2017 16:51:02 API.py [line:712] INFO 933981249290485760
Fri 24 Nov 2017 16:51:02 API.py [line:712] INFO 933981249395310592
Fri 24 Nov 2017 16:51:03 API.py [line:712] INFO 933981255493980160
Fri 24 Nov 2017 16:51:03 API.py [line:712] INFO 933981257507196933
Fri 24 Nov 2017 16:51:03 API.py [line:712] INFO 933981258173915136
Fri 24 Nov 2017 16:51:05 API.py [line:712] INFO 933981263081254913
Fri 24 Nov 2017 16:51:05 API.py [line:712] INFO 933981264545185792
Fri 24 Nov 2017 16:51:05 API.py [line:712] INFO 933981264100675584
Fri 24 Nov 2017 16:51:06 API.py [line:712] INFO 933981267854594048
Fri 24 Nov 2017 16:51:06 API.py [line:712] INFO 933981269448384513
Fri 24 Nov 2017 16:51:07 API.py [line:712] INFO 933981272652660736
Fri 24 Nov 2017 16:51:07 API.py [line:712] INFO 933981271373557761
Fri 24 Nov 2017 16:51:07 API.py [line:712] INFO 933981274175193088
Fri 24 Nov 2017 16:51:08 API.py [line:712] INFO 933981276566163457
Fri 24 Nov 2017 16:51:09 API.py [line:712] INFO 933981280311693312
Fri 24 Nov 2017 16:51:09 API.py [line:712] INFO 933981280730935297
Fri 24 Nov 2017 16:51:09 API.py [line:712] INFO 933981280466857984
Fri 24 Nov 2017 16:51:10 API.py [line:712] INFO 933981282567991296
Fri 24 Nov 2017 16:51:10 API.py [line:712] INFO 933981281376919552
Fri 24 Nov 2017 16:51:10 API.py [line:712] INFO 933981284052946945
Fri 24 Nov 2017 16:51:11 API.py [line:712] INFO 933981288360566784
Fri 24 Nov 2017 16:51:11 API.py [line:712] INFO 933981288519700486
Fri 24 Nov 2017 16:51:11 API.py [line:712] INFO 933981287957741568
Fri 24 Nov 2017 16:51:11 API.py [line:712] INFO 933981291497656320
Fri 24 Nov 2017 16:51:12 API.py [line:712] INFO 933981293284429825
Fri 24 Nov 2017 16:51:12 API.py [line:712] INFO 933981293888487424
Fri 24 Nov 2017 16:51:12 API.py [line:712] INFO 933981294370762752
Fri 24 Nov 2017 16:51:13 API.py [line:712] INFO 933981299731083264
Fri 24 Nov 2017 16:51:14 API.py [line:712] INFO 933981301765369856
Fri 24 Nov 2017 16:51:14 API.py [line:712] INFO 933981302948327424
Fri 24 Nov 2017 16:51:14 API.py [line:712] INFO 933981303052967936
Fri 24 Nov 2017 16:51:15 API.py [line:712] INFO 933981304399343616
Fri 24 Nov 2017 16:51:15 API.py [line:712] INFO 933981305087430656
Fri 24 Nov 2017 16:51:15 API.py [line:712] INFO 933981306165215232
Fri 24 Nov 2017 16:51:16 API.py [line:712] INFO 933981309457768449
Fri 24 Nov 2017 16:51:16 API.py [line:712] INFO 933981310149738496
Fri 24 Nov 2017 16:51:16 API.py [line:712] INFO 933981310032515072
Fri 24 Nov 2017 16:51:16 API.py [line:712] INFO 933981310158336000
Fri 24 Nov 2017 16:51:16 API.py [line:712] INFO 933981310548312064
Fri 24 Nov 2017 16:51:17 API.py [line:712] INFO 933981312855298048
Fri 24 Nov 2017 16:51:17 API.py [line:712] INFO 933981311743746049
Fri 24 Nov 2017 16:51:17 API.py [line:712] INFO 933981316131024896
Fri 24 Nov 2017 16:51:18 API.py [line:712] INFO 933981316630089728
Fri 24 Nov 2017 16:51:18 API.py [line:712] INFO 933981317431287808
Fri 24 Nov 2017 16:51:19 API.py [line:712] INFO 933981322149732353
Fri 24 Nov 2017 16:51:19 API.py [line:712] INFO 933981324074876928
Fri 24 Nov 2017 16:51:19 API.py [line:712] INFO 933981323001253888
Fri 24 Nov 2017 16:51:19 API.py [line:712] INFO 933981324842450944
Fri 24 Nov 2017 16:51:20 API.py [line:712] INFO 933981324981030912
Fri 24 Nov 2017 16:51:21 API.py [line:712] INFO 933981329921839104
Fri 24 Nov 2017 16:51:22 API.py [line:712] INFO 933981334682460160
Fri 24 Nov 2017 16:51:22 API.py [line:712] INFO 933981334875332613
Fri 24 Nov 2017 16:51:22 API.py [line:712] INFO 933981335516934144
Fri 24 Nov 2017 16:51:23 API.py [line:712] INFO 933981340734652417
Fri 24 Nov 2017 16:51:24 API.py [line:712] INFO 933981346149687296
Fri 24 Nov 2017 16:51:25 API.py [line:712] INFO 933981348678848512
Fri 24 Nov 2017 16:51:25 API.py [line:712] INFO 933981349777682432
Fri 24 Nov 2017 16:51:27 API.py [line:712] INFO 933981355175682048
Fri 24 Nov 2017 16:51:27 API.py [line:712] INFO 933981356631175168
Fri 24 Nov 2017 16:51:27 API.py [line:712] INFO 933981356970905600
Fri 24 Nov 2017 16:51:27 API.py [line:712] INFO 933981357067374592
Fri 24 Nov 2017 16:51:28 API.py [line:712] INFO 933981359659462656
Fri 24 Nov 2017 16:51:28 API.py [line:712] INFO 933981359546294273
Fri 24 Nov 2017 16:51:29 API.py [line:712] INFO 933981366080983040
Fri 24 Nov 2017 16:51:30 API.py [line:712] INFO 933981367100149760
Fri 24 Nov 2017 16:51:30 API.py [line:712] INFO 933981367347671040
Fri 24 Nov 2017 16:51:31 API.py [line:712] INFO 933981372385058816
Fri 24 Nov 2017 16:51:31 API.py [line:712] INFO 933981374062776320
Fri 24 Nov 2017 16:51:33 API.py [line:712] INFO 933981379280429056
Fri 24 Nov 2017 16:51:33 API.py [line:712] INFO 933981379968221184
Fri 24 Nov 2017 16:51:33 API.py [line:712] INFO 933981380232364033
Fri 24 Nov 2017 16:51:33 API.py [line:712] INFO 933981383587852289
Fri 24 Nov 2017 16:51:34 API.py [line:712] INFO 933981386372993024
Fri 24 Nov 2017 16:51:34 API.py [line:712] INFO 933981385269891072
Fri 24 Nov 2017 16:51:34 API.py [line:712] INFO 933981387295686656
Fri 24 Nov 2017 16:51:35 API.py [line:712] INFO 933981388210147328
Fri 24 Nov 2017 16:51:36 API.py [line:712] INFO 933981393566146560
Fri 24 Nov 2017 16:51:36 API.py [line:712] INFO 933981393725505536
Fri 24 Nov 2017 16:51:36 API.py [line:712] INFO 933981394698752000
Fri 24 Nov 2017 16:51:36 API.py [line:712] INFO 933981394899935232
Fri 24 Nov 2017 16:51:37 API.py [line:712] INFO 933981397336784896
Fri 24 Nov 2017 16:51:38 API.py [line:712] INFO 933981403431051265
Fri 24 Nov 2017 16:51:40 API.py [line:712] INFO 933981410779586560
Fri 24 Nov 2017 16:51:40 API.py [line:712] INFO 933981412893401088
Fri 24 Nov 2017 16:51:41 API.py [line:712] INFO 933981413669556224
Fri 24 Nov 2017 16:51:41 API.py [line:712] INFO 933981414759862273
Fri 24 Nov 2017 16:51:42 API.py [line:712] INFO 933981421286211584
Fri 24 Nov 2017 16:51:43 API.py [line:712] INFO 933981423719059456
Fri 24 Nov 2017 16:51:44 API.py [line:712] INFO 933981426130698241
Fri 24 Nov 2017 16:51:45 API.py [line:712] INFO 933981429947617280
Fri 24 Nov 2017 16:51:45 API.py [line:712] INFO 933981431142813696
Fri 24 Nov 2017 16:51:46 API.py [line:712] INFO 933981434263375872
Fri 24 Nov 2017 16:51:47 API.py [line:712] INFO 933981439846002689
Fri 24 Nov 2017 16:51:47 API.py [line:712] INFO 933981441460862977
Fri 24 Nov 2017 16:51:47 API.py [line:712] INFO 933981441570033665
Fri 24 Nov 2017 16:51:49 API.py [line:712] INFO 933981447521783808
Fri 24 Nov 2017 16:51:49 API.py [line:712] INFO 933981448536711168
Fri 24 Nov 2017 16:51:50 API.py [line:712] INFO 933981453641117696
Fri 24 Nov 2017 16:51:51 API.py [line:712] INFO 933981455323156480
Fri 24 Nov 2017 16:51:51 API.py [line:712] INFO 933981457806184448
Fri 24 Nov 2017 16:51:52 API.py [line:712] INFO 933981460083621888
Fri 24 Nov 2017 16:51:52 API.py [line:712] INFO 933981459962003457
Fri 24 Nov 2017 16:51:52 API.py [line:712] INFO 933981460322594817
Fri 24 Nov 2017 16:51:53 API.py [line:712] INFO 933981466631069697
Fri 24 Nov 2017 16:51:54 API.py [line:712] INFO 933981469785038848
Fri 24 Nov 2017 16:51:54 API.py [line:712] INFO 933981469260812289
Fri 24 Nov 2017 16:51:54 API.py [line:712] INFO 933981471005605888
Fri 24 Nov 2017 16:51:55 API.py [line:712] INFO 933981473744609280
Fri 24 Nov 2017 16:51:56 API.py [line:712] INFO 933981476890214400
Fri 24 Nov 2017 16:51:56 API.py [line:712] INFO 933981479889027072
