Fri 24 Nov 2017 17:12:42 API.py [line:660] INFO start
Fri 24 Nov 2017 17:12:42 API.py [line:692] INFO thread 0 start.
Fri 24 Nov 2017 17:12:42 API.py [line:695] INFO thread 0's token_index 84
Fri 24 Nov 2017 17:12:42 API.py [line:696] INFO {u'access_token': u'714832947254140928-Ky3svDhtOXT15wKPytm3TF8YZdzyxMe', u'consumer_secret': u'LivsS9DTKh4Xmfo2vOG2tpKmrj8lxsYqiDgZLamPBJahFqnjUo', u'consumer_key': u'fO4lXV6LLz5e1Ew6uRDtvXpIQ', u'access_token_secret': u'LXrSeXlQGpoSGRIflQveJJcTtQ3v7rjmS5l9X1ivBxPyj'}
Fri 24 Nov 2017 17:12:42 API.py [line:697] INFO [u'china']
Fri 24 Nov 2017 17:12:42 API.py [line:698] INFO ['192.168.1.148:8118']
Fri 24 Nov 2017 17:13:08 TwitterError.py [line:22] WARNING 400 statuses/filter text ('_ssl.c:645: The handshake operation timed out',)
Fri 24 Nov 2017 17:13:08 API.py [line:222] WARNING ('_ssl.c:645: The handshake operation timed out',)
Fri 24 Nov 2017 17:13:36 TwitterError.py [line:22] WARNING 400 statuses/filter text ('Connection aborted.', BadStatusLine("''",))
Fri 24 Nov 2017 17:13:36 API.py [line:222] WARNING ('Connection aborted.', BadStatusLine("''",))
Fri 24 Nov 2017 17:14:06 API.py [line:712] INFO 933987057034080257
Fri 24 Nov 2017 17:14:07 API.py [line:712] INFO 933987059798122496
Fri 24 Nov 2017 17:14:07 API.py [line:712] INFO 933987060561727488
Fri 24 Nov 2017 17:14:07 API.py [line:712] INFO 933987060242886656
Fri 24 Nov 2017 17:14:08 API.py [line:712] INFO 933987063166148608
Fri 24 Nov 2017 17:14:08 API.py [line:712] INFO 933987065821241344
Fri 24 Nov 2017 17:14:08 API.py [line:712] INFO 933987065229869056
Fri 24 Nov 2017 17:14:08 API.py [line:712] INFO 933987067104808960
Fri 24 Nov 2017 17:14:09 API.py [line:712] INFO 933987069684322304
Fri 24 Nov 2017 17:14:09 API.py [line:712] INFO 933987070430900224
Fri 24 Nov 2017 17:14:10 API.py [line:712] INFO 933987072490332160
Fri 24 Nov 2017 17:14:10 API.py [line:712] INFO 933987074587336704
Fri 24 Nov 2017 17:14:10 API.py [line:712] INFO 933987075061354496
Fri 24 Nov 2017 17:14:11 API.py [line:712] INFO 933987075627667456
Fri 24 Nov 2017 17:14:11 API.py [line:712] INFO 933987077775118336
Fri 24 Nov 2017 17:14:11 API.py [line:712] INFO 933987078769057792
Fri 24 Nov 2017 17:14:12 API.py [line:712] INFO 933987083106029573
Fri 24 Nov 2017 17:14:13 API.py [line:712] INFO 933987085492670464
Fri 24 Nov 2017 17:14:13 API.py [line:712] INFO 933987088122499074
Fri 24 Nov 2017 17:14:14 API.py [line:712] INFO 933987089166798848
Fri 24 Nov 2017 17:14:14 API.py [line:712] INFO 933987090148265984
Fri 24 Nov 2017 17:14:14 API.py [line:712] INFO 933987090475487232
Fri 24 Nov 2017 17:14:15 API.py [line:712] INFO 933987091041718272
Fri 24 Nov 2017 17:14:15 API.py [line:712] INFO 933987094833303552
Fri 24 Nov 2017 17:14:15 API.py [line:712] INFO 933987095848374274
Fri 24 Nov 2017 17:14:15 API.py [line:712] INFO 933987096385277953
Fri 24 Nov 2017 17:14:15 API.py [line:712] INFO 933987096267841539
Fri 24 Nov 2017 17:14:16 API.py [line:712] INFO 933987098587144192
Fri 24 Nov 2017 17:14:17 API.py [line:712] INFO 933987102349340672
Fri 24 Nov 2017 17:14:17 API.py [line:712] INFO 933987104828329984
Fri 24 Nov 2017 17:14:18 API.py [line:712] INFO 933987106166370304
Fri 24 Nov 2017 17:14:18 API.py [line:712] INFO 933987108829745152
Fri 24 Nov 2017 17:14:20 API.py [line:712] INFO 933987114882076673
Fri 24 Nov 2017 17:14:20 API.py [line:712] INFO 933987116387848192
Fri 24 Nov 2017 17:14:20 API.py [line:712] INFO 933987115473436672
Fri 24 Nov 2017 17:14:21 API.py [line:712] INFO 933987118858117120
Fri 24 Nov 2017 17:14:21 API.py [line:712] INFO 933987119587921920
Fri 24 Nov 2017 17:14:22 API.py [line:712] INFO 933987121270059008
Fri 24 Nov 2017 17:14:22 API.py [line:712] INFO 933987122230517760
Fri 24 Nov 2017 17:14:22 API.py [line:712] INFO 933987123711049728
Fri 24 Nov 2017 17:14:23 API.py [line:712] INFO 933987126512967681
Fri 24 Nov 2017 17:14:23 API.py [line:712] INFO 933987126353580032
Fri 24 Nov 2017 17:14:23 API.py [line:712] INFO 933987126433210368
Fri 24 Nov 2017 17:14:23 API.py [line:712] INFO 933987128060661760
Fri 24 Nov 2017 17:14:23 API.py [line:712] INFO 933987130241634308
Fri 24 Nov 2017 17:14:24 API.py [line:712] INFO 933987130744999936
Fri 24 Nov 2017 17:14:24 API.py [line:712] INFO 933987130673545216
Fri 24 Nov 2017 17:14:25 API.py [line:712] INFO 933987137246121984
Fri 24 Nov 2017 17:14:25 API.py [line:712] INFO 933987137791262720
Fri 24 Nov 2017 17:14:26 API.py [line:712] INFO 933987140186361856
Fri 24 Nov 2017 17:14:26 API.py [line:712] INFO 933987140521803776
Fri 24 Nov 2017 17:14:27 API.py [line:712] INFO 933987142325248001
Fri 24 Nov 2017 17:14:27 API.py [line:712] INFO 933987143428403201
Fri 24 Nov 2017 17:14:27 API.py [line:712] INFO 933987145521315840
Fri 24 Nov 2017 17:14:28 API.py [line:712] INFO 933987146356154368
Fri 24 Nov 2017 17:14:28 API.py [line:712] INFO 933987146486165504
Fri 24 Nov 2017 17:14:28 API.py [line:712] INFO 933987147924869125
Fri 24 Nov 2017 17:14:28 API.py [line:712] INFO 933987149174763520
Fri 24 Nov 2017 17:14:28 API.py [line:712] INFO 933987150063964161
Fri 24 Nov 2017 17:14:30 API.py [line:712] INFO 933987156493824000
Fri 24 Nov 2017 17:14:31 API.py [line:712] INFO 933987161119920129
Fri 24 Nov 2017 17:14:31 API.py [line:712] INFO 933987161808015360
Fri 24 Nov 2017 17:14:32 API.py [line:712] INFO 933987163984879616
Fri 24 Nov 2017 17:14:33 API.py [line:712] INFO 933987166585319424
Fri 24 Nov 2017 17:14:33 API.py [line:712] INFO 933987168258875392
Fri 24 Nov 2017 17:14:34 API.py [line:712] INFO 933987173279457280
Fri 24 Nov 2017 17:14:35 API.py [line:712] INFO 933987176571838464
Fri 24 Nov 2017 17:14:35 API.py [line:712] INFO 933987178014822401
Fri 24 Nov 2017 17:14:35 API.py [line:712] INFO 933987178836881408
Fri 24 Nov 2017 17:14:36 API.py [line:712] INFO 933987180300599297
Fri 24 Nov 2017 17:14:36 API.py [line:712] INFO 933987181810585605
Fri 24 Nov 2017 17:14:37 API.py [line:712] INFO 933987184796766209
Fri 24 Nov 2017 17:14:37 API.py [line:712] INFO 933987185589501953
Fri 24 Nov 2017 17:14:39 API.py [line:712] INFO 933987194347315200
Fri 24 Nov 2017 17:14:39 API.py [line:712] INFO 933987194770931712
Fri 24 Nov 2017 17:14:39 API.py [line:712] INFO 933987195098148866
Fri 24 Nov 2017 17:14:39 API.py [line:712] INFO 933987196327088129
Fri 24 Nov 2017 17:14:41 API.py [line:712] INFO 933987201834139648
Fri 24 Nov 2017 17:14:42 API.py [line:712] INFO 933987206305337344
Fri 24 Nov 2017 17:14:43 API.py [line:712] INFO 933987212114489345
Fri 24 Nov 2017 17:14:43 API.py [line:712] INFO 933987213720805376
Fri 24 Nov 2017 17:14:45 API.py [line:712] INFO 933987218812821510
Fri 24 Nov 2017 17:14:45 API.py [line:712] INFO 933987217755852800
Fri 24 Nov 2017 17:14:45 API.py [line:712] INFO 933987219924140032
Fri 24 Nov 2017 17:14:46 API.py [line:712] INFO 933987224240173057
Fri 24 Nov 2017 17:14:46 API.py [line:712] INFO 933987226593132544
Fri 24 Nov 2017 17:14:47 API.py [line:712] INFO 933987229646643200
Fri 24 Nov 2017 17:14:49 API.py [line:712] INFO 933987235942113280
Fri 24 Nov 2017 17:14:49 API.py [line:712] INFO 933987237297098752
Fri 24 Nov 2017 17:14:50 API.py [line:712] INFO 933987238462996480
Fri 24 Nov 2017 17:14:50 API.py [line:712] INFO 933987242586050560
Fri 24 Nov 2017 17:14:51 API.py [line:712] INFO 933987242795720704
Fri 24 Nov 2017 17:14:51 API.py [line:712] INFO 933987243341111296
Fri 24 Nov 2017 17:14:51 API.py [line:712] INFO 933987245710827526
Fri 24 Nov 2017 17:14:51 API.py [line:712] INFO 933987246490996737
Fri 24 Nov 2017 17:14:52 API.py [line:712] INFO 933987247292067840
Fri 24 Nov 2017 17:14:52 API.py [line:712] INFO 933987247925293066
Fri 24 Nov 2017 17:14:52 API.py [line:712] INFO 933987249347207168
Fri 24 Nov 2017 17:14:54 API.py [line:712] INFO 933987258511822853
Fri 24 Nov 2017 17:14:55 API.py [line:712] INFO 933987259187187712
Fri 24 Nov 2017 17:14:55 API.py [line:712] INFO 933987260042760192
Fri 24 Nov 2017 17:14:56 API.py [line:712] INFO 933987261191938048
Fri 24 Nov 2017 17:14:57 API.py [line:712] INFO 933987269324804096
Fri 24 Nov 2017 17:14:59 API.py [line:712] INFO 933987278619365376
Fri 24 Nov 2017 17:15:00 API.py [line:712] INFO 933987283132342272
