Tue 28 Nov 2017 10:19:17 API.py [line:660] INFO start
Tue 28 Nov 2017 10:19:17 API.py [line:692] INFO thread 0 start.
Tue 28 Nov 2017 10:19:17 API.py [line:695] INFO thread 0's token_index 454
Tue 28 Nov 2017 10:19:17 API.py [line:696] INFO {u'access_token': u'725853620571271168-YjsV7DwjMelYYCEMVfxGEtlVnIHAmtO', u'consumer_secret': u'LivsS9DTKh4Xmfo2vOG2tpKmrj8lxsYqiDgZLamPBJahFqnjUo', u'consumer_key': u'fO4lXV6LLz5e1Ew6uRDtvXpIQ', u'access_token_secret': u'FsJO4t89iVPofEpCxJhK8OrxT1VB0Uy4grOnHD6T2rvIh'}
Tue 28 Nov 2017 10:19:17 API.py [line:697] INFO [u'china']
Tue 28 Nov 2017 10:19:17 API.py [line:698] INFO ['192.168.1.148:8118']
Tue 28 Nov 2017 10:19:22 API.py [line:712] INFO 935332248827645952
Tue 28 Nov 2017 10:19:22 API.py [line:712] INFO 935332249615998976
Tue 28 Nov 2017 10:19:23 API.py [line:712] INFO 935332250266116096
Tue 28 Nov 2017 10:19:23 API.py [line:712] INFO 935332252656869376
Tue 28 Nov 2017 10:19:23 API.py [line:712] INFO 935332253118242816
Tue 28 Nov 2017 10:19:24 API.py [line:712] INFO 935332254649278464
Tue 28 Nov 2017 10:19:25 API.py [line:712] INFO 935332261112709120
Tue 28 Nov 2017 10:19:26 API.py [line:712] INFO 935332261934776320
Tue 28 Nov 2017 10:19:26 API.py [line:712] INFO 935332263151194114
Tue 28 Nov 2017 10:19:26 API.py [line:712] INFO 935332263419551744
Tue 28 Nov 2017 10:19:27 API.py [line:712] INFO 935332264766042112
Tue 28 Nov 2017 10:19:27 API.py [line:712] INFO 935332265093156865
Tue 28 Nov 2017 10:19:27 API.py [line:712] INFO 935332266376679425
Tue 28 Nov 2017 10:19:27 API.py [line:712] INFO 935332267337048064
Tue 28 Nov 2017 10:19:28 API.py [line:712] INFO 935332267903238144
Tue 28 Nov 2017 10:19:28 API.py [line:712] INFO 935332268066988034
Tue 28 Nov 2017 10:19:29 API.py [line:712] INFO 935332271795593216
Tue 28 Nov 2017 10:19:29 API.py [line:712] INFO 935332274802970626
Tue 28 Nov 2017 10:19:30 API.py [line:712] INFO 935332276765782021
Tue 28 Nov 2017 10:19:30 API.py [line:712] INFO 935332280222060544
