Fri 24 Nov 2017 15:51:39 API.py [line:660] INFO start
Fri 24 Nov 2017 15:51:39 API.py [line:692] INFO thread 0 start.
Fri 24 Nov 2017 15:51:39 API.py [line:695] INFO thread 0's token_index 512
Fri 24 Nov 2017 15:51:39 API.py [line:696] INFO {u'access_token': u'715715064225902592-aX9uz40Gqg4fT0uw2P0rpb9DkM5MZP3', u'consumer_secret': u'LivsS9DTKh4Xmfo2vOG2tpKmrj8lxsYqiDgZLamPBJahFqnjUo', u'consumer_key': u'fO4lXV6LLz5e1Ew6uRDtvXpIQ', u'access_token_secret': u'VDVGzxMMutcEByKoyUWYIrmDqWiX1n9PWh7uMzhhnHFUl'}
Fri 24 Nov 2017 15:51:39 API.py [line:697] INFO [u'china']
Fri 24 Nov 2017 15:51:39 API.py [line:698] INFO ['192.168.1.148:8118']
Fri 24 Nov 2017 15:52:08 API.py [line:712] INFO 933966425957449728
Fri 24 Nov 2017 15:52:08 API.py [line:712] INFO 933966426129305600
Fri 24 Nov 2017 15:52:09 API.py [line:712] INFO 933966430357241856
Fri 24 Nov 2017 15:52:10 API.py [line:712] INFO 933966433423208448
Fri 24 Nov 2017 15:52:11 API.py [line:712] INFO 933966437386895361
Fri 24 Nov 2017 15:52:11 API.py [line:712] INFO 933966440260136960
Fri 24 Nov 2017 15:52:13 API.py [line:712] INFO 933966447096795136
Fri 24 Nov 2017 15:52:13 API.py [line:712] INFO 933966447667113984
Fri 24 Nov 2017 15:52:13 API.py [line:712] INFO 933966448279597056
Fri 24 Nov 2017 15:52:14 API.py [line:712] INFO 933966452549406720
Fri 24 Nov 2017 15:52:16 API.py [line:712] INFO 933966456785477634
Fri 24 Nov 2017 15:52:16 API.py [line:712] INFO 933966460313010177
Fri 24 Nov 2017 15:52:18 API.py [line:712] INFO 933966467581833217
Fri 24 Nov 2017 15:52:18 API.py [line:712] INFO 933966469301403653
Fri 24 Nov 2017 15:52:19 API.py [line:712] INFO 933966470240919553
Fri 24 Nov 2017 15:52:19 API.py [line:712] INFO 933966471662915585
Fri 24 Nov 2017 15:52:19 API.py [line:712] INFO 933966472509997057
Fri 24 Nov 2017 15:52:20 API.py [line:712] INFO 933966472598183936
Fri 24 Nov 2017 15:52:20 API.py [line:712] INFO 933966473780957186
Fri 24 Nov 2017 15:52:21 API.py [line:712] INFO 933966480106033153
Fri 24 Nov 2017 15:52:21 API.py [line:712] INFO 933966483201363968
Fri 24 Nov 2017 15:52:23 API.py [line:712] INFO 933966488863571970
Fri 24 Nov 2017 15:52:23 API.py [line:712] INFO 933966489291448322
Fri 24 Nov 2017 15:52:24 API.py [line:712] INFO 933966494089723904
Fri 24 Nov 2017 15:52:25 API.py [line:712] INFO 933966497088643072
Fri 24 Nov 2017 15:52:26 API.py [line:712] INFO 933966498581925888
Fri 24 Nov 2017 15:52:26 API.py [line:712] INFO 933966501484392449
Fri 24 Nov 2017 15:52:28 API.py [line:712] INFO 933966510703263744
Fri 24 Nov 2017 15:52:28 API.py [line:712] INFO 933966511852662784
Fri 24 Nov 2017 15:52:29 API.py [line:712] INFO 933966513383522304
Fri 24 Nov 2017 15:52:29 API.py [line:712] INFO 933966514587389958
Fri 24 Nov 2017 15:52:29 API.py [line:712] INFO 933966515237523456
Fri 24 Nov 2017 15:52:29 API.py [line:712] INFO 933966516005023744
Fri 24 Nov 2017 15:52:29 API.py [line:712] INFO 933966516462280704
Fri 24 Nov 2017 15:52:30 API.py [line:712] INFO 933966517020123136
Fri 24 Nov 2017 15:52:30 API.py [line:712] INFO 933966517464641536
Fri 24 Nov 2017 15:52:31 API.py [line:712] INFO 933966520908214272
Fri 24 Nov 2017 15:52:32 API.py [line:712] INFO 933966523764326400
Fri 24 Nov 2017 15:52:33 API.py [line:712] INFO 933966530957774848
Fri 24 Nov 2017 15:52:33 API.py [line:712] INFO 933966531565899776
Fri 24 Nov 2017 15:52:33 API.py [line:712] INFO 933966532303921152
Fri 24 Nov 2017 15:52:34 API.py [line:712] INFO 933966531469463553
Fri 24 Nov 2017 15:52:34 API.py [line:712] INFO 933966533541244928
Fri 24 Nov 2017 15:52:34 API.py [line:712] INFO 933966535936405506
Fri 24 Nov 2017 15:52:34 API.py [line:712] INFO 933966537425408000
Fri 24 Nov 2017 15:52:35 API.py [line:712] INFO 933966538721329157
Fri 24 Nov 2017 15:52:36 API.py [line:712] INFO 933966544438259712
Fri 24 Nov 2017 15:52:37 API.py [line:712] INFO 933966546556375040
Fri 24 Nov 2017 15:52:37 API.py [line:712] INFO 933966550163341312
Fri 24 Nov 2017 15:52:38 API.py [line:712] INFO 933966551077625857
Fri 24 Nov 2017 15:52:38 API.py [line:712] INFO 933966551111233536
Fri 24 Nov 2017 15:52:38 API.py [line:712] INFO 933966552994496513
Fri 24 Nov 2017 15:52:41 API.py [line:712] INFO 933966565569044480
Fri 24 Nov 2017 15:52:42 API.py [line:712] INFO 933966569159495680
Fri 24 Nov 2017 15:52:44 API.py [line:712] INFO 933966576939929601
Fri 24 Nov 2017 15:52:44 API.py [line:712] INFO 933966579649228800
Fri 24 Nov 2017 15:52:45 API.py [line:712] INFO 933966580098121728
Fri 24 Nov 2017 15:52:45 API.py [line:712] INFO 933966579838185472
Fri 24 Nov 2017 15:52:45 API.py [line:712] INFO 933966580500664320
Fri 24 Nov 2017 15:52:45 API.py [line:712] INFO 933966581226287104
Fri 24 Nov 2017 15:52:45 API.py [line:712] INFO 933966582899908609
Fri 24 Nov 2017 15:52:46 API.py [line:712] INFO 933966584636469248
Fri 24 Nov 2017 15:52:47 API.py [line:712] INFO 933966589560471552
Fri 24 Nov 2017 15:52:48 API.py [line:712] INFO 933966592278499328
Fri 24 Nov 2017 15:52:48 API.py [line:712] INFO 933966596963307520
Fri 24 Nov 2017 15:52:49 API.py [line:712] INFO 933966597177344000
Fri 24 Nov 2017 15:52:49 API.py [line:712] INFO 933966598607474688
Fri 24 Nov 2017 15:52:50 API.py [line:712] INFO 933966600721616896
Fri 24 Nov 2017 15:52:51 API.py [line:712] INFO 933966607004651520
Fri 24 Nov 2017 15:52:52 API.py [line:712] INFO 933966610422837248
Fri 24 Nov 2017 15:52:53 API.py [line:712] INFO 933966613174464512
Fri 24 Nov 2017 15:52:53 API.py [line:712] INFO 933966615166644225
Fri 24 Nov 2017 15:52:54 API.py [line:712] INFO 933966619528826881
Fri 24 Nov 2017 15:52:55 API.py [line:712] INFO 933966621499985920
Fri 24 Nov 2017 15:52:55 API.py [line:712] INFO 933966624524242944
Fri 24 Nov 2017 15:52:55 API.py [line:712] INFO 933966626709311488
Fri 24 Nov 2017 15:52:56 API.py [line:712] INFO 933966626562740224
Fri 24 Nov 2017 15:52:57 API.py [line:712] INFO 933966630366756866
Fri 24 Nov 2017 15:52:57 API.py [line:712] INFO 933966630031208449
Fri 24 Nov 2017 15:52:57 API.py [line:712] INFO 933966632430592000
Fri 24 Nov 2017 15:52:57 API.py [line:712] INFO 933966633026097152
Fri 24 Nov 2017 15:52:58 API.py [line:712] INFO 933966635295059968
Fri 24 Nov 2017 15:52:58 API.py [line:712] INFO 933966633617510402
Fri 24 Nov 2017 15:52:58 API.py [line:712] INFO 933966635836301313
Fri 24 Nov 2017 15:53:00 API.py [line:712] INFO 933966643558060037
Fri 24 Nov 2017 15:53:00 API.py [line:712] INFO 933966645147721728
Fri 24 Nov 2017 15:53:01 API.py [line:712] INFO 933966649899798528
Fri 24 Nov 2017 15:53:02 API.py [line:712] INFO 933966650659008512
Fri 24 Nov 2017 15:53:02 API.py [line:712] INFO 933966652324098048
Fri 24 Nov 2017 15:53:03 API.py [line:712] INFO 933966658741440512
Fri 24 Nov 2017 15:53:04 API.py [line:712] INFO 933966659231944704
Fri 24 Nov 2017 15:53:04 API.py [line:712] INFO 933966660674969600
Fri 24 Nov 2017 15:53:04 API.py [line:712] INFO 933966660490448896
Fri 24 Nov 2017 15:53:06 API.py [line:712] INFO 933966667700457472
Fri 24 Nov 2017 15:53:06 API.py [line:712] INFO 933966668828631040
Fri 24 Nov 2017 15:53:06 API.py [line:712] INFO 933966669269143552
Fri 24 Nov 2017 15:53:06 API.py [line:712] INFO 933966669923225600
Fri 24 Nov 2017 15:53:07 API.py [line:712] INFO 933966671642968064
Fri 24 Nov 2017 15:53:07 API.py [line:712] INFO 933966671429038080
Fri 24 Nov 2017 15:53:07 API.py [line:712] INFO 933966673257918464
Fri 24 Nov 2017 15:53:07 API.py [line:712] INFO 933966673916280832
Fri 24 Nov 2017 15:53:08 API.py [line:712] INFO 933966674784501760
Fri 24 Nov 2017 15:53:08 API.py [line:712] INFO 933966677208809473
Fri 24 Nov 2017 15:53:08 API.py [line:712] INFO 933966678924382208
Fri 24 Nov 2017 15:53:10 API.py [line:712] INFO 933966684897112064
Fri 24 Nov 2017 15:53:10 API.py [line:712] INFO 933966685265997824
Fri 24 Nov 2017 15:53:10 API.py [line:712] INFO 933966687254216705
Fri 24 Nov 2017 15:53:11 API.py [line:712] INFO 933966692140556288
Fri 24 Nov 2017 15:53:11 API.py [line:712] INFO 933966692429864960
Fri 24 Nov 2017 15:53:11 API.py [line:712] INFO 933966693252046848
Fri 24 Nov 2017 15:53:12 API.py [line:712] INFO 933966693294071813
Fri 24 Nov 2017 15:53:12 API.py [line:712] INFO 933966693751074816
Fri 24 Nov 2017 15:53:12 API.py [line:712] INFO 933966696251121664
Fri 24 Nov 2017 15:53:14 API.py [line:712] INFO 933966702282383360
Fri 24 Nov 2017 15:53:14 API.py [line:712] INFO 933966701611249664
Fri 24 Nov 2017 15:53:15 API.py [line:712] INFO 933966702861213696
Fri 24 Nov 2017 15:53:15 API.py [line:712] INFO 933966704924803072
Fri 24 Nov 2017 15:53:15 API.py [line:712] INFO 933966705658867712
Fri 24 Nov 2017 15:53:15 API.py [line:712] INFO 933966706556387328
Fri 24 Nov 2017 15:53:15 API.py [line:712] INFO 933966709098143744
Fri 24 Nov 2017 15:53:16 API.py [line:712] INFO 933966710696267776
Fri 24 Nov 2017 15:53:16 API.py [line:712] INFO 933966712206225408
Fri 24 Nov 2017 15:53:16 API.py [line:712] INFO 933966712629755904
Fri 24 Nov 2017 15:53:16 API.py [line:712] INFO 933966713112219649
Fri 24 Nov 2017 15:53:17 API.py [line:712] INFO 933966713384824832
Fri 24 Nov 2017 15:53:17 API.py [line:712] INFO 933966715523702785
Fri 24 Nov 2017 15:53:17 API.py [line:712] INFO 933966716127842305
Fri 24 Nov 2017 15:53:18 API.py [line:712] INFO 933966719114194944
Fri 24 Nov 2017 15:53:18 API.py [line:712] INFO 933966718883500032
Fri 24 Nov 2017 15:53:18 API.py [line:712] INFO 933966719772540929
Fri 24 Nov 2017 15:53:18 API.py [line:712] INFO 933966721597272064
Fri 24 Nov 2017 15:53:19 API.py [line:712] INFO 933966721676926977
Fri 24 Nov 2017 15:53:19 API.py [line:712] INFO 933966725569175554
Fri 24 Nov 2017 15:53:20 API.py [line:712] INFO 933966728769388545
Fri 24 Nov 2017 15:53:20 API.py [line:712] INFO 933966730585554945
Fri 24 Nov 2017 15:53:21 API.py [line:712] INFO 933966730732490752
Fri 24 Nov 2017 15:53:22 API.py [line:712] INFO 933966735379591168
Fri 24 Nov 2017 15:53:22 API.py [line:712] INFO 933966737342717952
Fri 24 Nov 2017 15:53:22 API.py [line:712] INFO 933966738240299010
Fri 24 Nov 2017 15:53:23 API.py [line:712] INFO 933966739263463425
Fri 24 Nov 2017 15:53:23 API.py [line:712] INFO 933966740979093505
Fri 24 Nov 2017 15:53:24 API.py [line:712] INFO 933966747111215104
Fri 24 Nov 2017 15:53:25 API.py [line:712] INFO 933966749350838272
Fri 24 Nov 2017 15:53:26 API.py [line:712] INFO 933966751397752832
Fri 24 Nov 2017 15:53:27 API.py [line:712] INFO 933966758024699904
Fri 24 Nov 2017 15:53:27 API.py [line:712] INFO 933966758989455360
Fri 24 Nov 2017 15:53:28 API.py [line:712] INFO 933966761745149952
Fri 24 Nov 2017 15:53:29 API.py [line:712] INFO 933966763297001473
Fri 24 Nov 2017 15:53:29 API.py [line:712] INFO 933966765041881088
Fri 24 Nov 2017 15:53:30 API.py [line:712] INFO 933966771324882945
Fri 24 Nov 2017 15:53:31 API.py [line:712] INFO 933966773820456960
Fri 24 Nov 2017 15:53:32 API.py [line:712] INFO 933966777079525376
Fri 24 Nov 2017 15:53:33 API.py [line:712] INFO 933966779524710400
Fri 24 Nov 2017 15:53:33 API.py [line:712] INFO 933966783429492736
Fri 24 Nov 2017 15:53:33 API.py [line:712] INFO 933966783203151872
Fri 24 Nov 2017 15:53:34 API.py [line:712] INFO 933966783597498369
Fri 24 Nov 2017 15:53:34 API.py [line:712] INFO 933966785958772736
Fri 24 Nov 2017 15:53:34 API.py [line:712] INFO 933966788357951488
Fri 24 Nov 2017 15:53:34 API.py [line:712] INFO 933966788756426752
Fri 24 Nov 2017 15:53:35 API.py [line:712] INFO 933966789263978496
Fri 24 Nov 2017 15:53:35 API.py [line:712] INFO 933966792015450114
Fri 24 Nov 2017 15:53:35 API.py [line:712] INFO 933966788001329152
Fri 24 Nov 2017 15:53:38 API.py [line:712] INFO 933966800508686336
Fri 24 Nov 2017 15:53:38 API.py [line:712] INFO 933966801691541504
Fri 24 Nov 2017 15:53:38 API.py [line:712] INFO 933966804707368960
Fri 24 Nov 2017 15:53:39 API.py [line:712] INFO 933966806133252096
Fri 24 Nov 2017 15:53:39 API.py [line:712] INFO 933966808696070145
Fri 24 Nov 2017 15:53:40 API.py [line:712] INFO 933966810378104832
Fri 24 Nov 2017 15:53:40 API.py [line:712] INFO 933966811619508224
Fri 24 Nov 2017 15:53:43 API.py [line:712] INFO 933966822352748544
Fri 24 Nov 2017 15:53:43 API.py [line:712] INFO 933966825997635584
Fri 24 Nov 2017 15:53:44 API.py [line:712] INFO 933966828547616768
Fri 24 Nov 2017 15:53:44 API.py [line:712] INFO 933966828476407809
Fri 24 Nov 2017 15:53:44 API.py [line:712] INFO 933966830561001472
Fri 24 Nov 2017 15:53:45 API.py [line:712] INFO 933966832792371200
Fri 24 Nov 2017 15:53:46 API.py [line:712] INFO 933966835271139329
Fri 24 Nov 2017 15:53:47 API.py [line:712] INFO 933966840543490048
Fri 24 Nov 2017 15:53:48 API.py [line:712] INFO 933966840799232000
Fri 24 Nov 2017 15:53:48 API.py [line:712] INFO 933966844024700929
Fri 24 Nov 2017 15:53:48 API.py [line:712] INFO 933966845228457984
Fri 24 Nov 2017 15:53:49 API.py [line:712] INFO 933966845459226624
Fri 24 Nov 2017 15:53:49 API.py [line:712] INFO 933966847191539712
Fri 24 Nov 2017 15:53:49 API.py [line:712] INFO 933966846943997952
Fri 24 Nov 2017 15:53:52 API.py [line:712] INFO 933966865847726080
Fri 24 Nov 2017 15:53:54 API.py [line:712] INFO 933966870683836416
Fri 24 Nov 2017 15:53:54 API.py [line:712] INFO 933966871962906624
Fri 24 Nov 2017 15:53:55 API.py [line:712] INFO 933966874647453698
Fri 24 Nov 2017 15:53:55 API.py [line:712] INFO 933966875385401344
Fri 24 Nov 2017 15:53:56 API.py [line:712] INFO 933966876853587968
Fri 24 Nov 2017 15:53:56 API.py [line:712] INFO 933966879034548224
Fri 24 Nov 2017 15:53:57 API.py [line:712] INFO 933966882310299648
Fri 24 Nov 2017 15:53:58 API.py [line:712] INFO 933966885141463040
Fri 24 Nov 2017 15:53:58 API.py [line:712] INFO 933966885976076289
Fri 24 Nov 2017 15:53:59 API.py [line:712] INFO 933966893819596801
Fri 24 Nov 2017 15:54:01 API.py [line:712] INFO 933966897640505344
Fri 24 Nov 2017 15:54:01 API.py [line:712] INFO 933966897242103808
Fri 24 Nov 2017 15:54:01 API.py [line:712] INFO 933966899041337344
Fri 24 Nov 2017 15:54:03 API.py [line:712] INFO 933966907191029760
Fri 24 Nov 2017 15:54:03 API.py [line:712] INFO 933966907589496832
Fri 24 Nov 2017 15:54:04 API.py [line:712] INFO 933966909019627522
Fri 24 Nov 2017 15:54:04 API.py [line:712] INFO 933966914128371712
Fri 24 Nov 2017 15:54:05 API.py [line:712] INFO 933966914723782656
Fri 24 Nov 2017 15:54:05 API.py [line:712] INFO 933966913322893312
Fri 24 Nov 2017 15:54:06 API.py [line:712] INFO 933966920692518912
Fri 24 Nov 2017 15:54:07 API.py [line:712] INFO 933966924651868160
Fri 24 Nov 2017 15:54:08 API.py [line:712] INFO 933966930490179584
Fri 24 Nov 2017 15:54:08 API.py [line:712] INFO 933966930276470784
Fri 24 Nov 2017 15:54:09 API.py [line:712] INFO 933966932163915776
Fri 24 Nov 2017 15:54:10 API.py [line:712] INFO 933966937582739456
Fri 24 Nov 2017 15:54:11 API.py [line:712] INFO 933966937549344768
Fri 24 Nov 2017 15:54:11 API.py [line:712] INFO 933966938820276224
Fri 24 Nov 2017 15:54:11 API.py [line:712] INFO 933966942083301376
Fri 24 Nov 2017 15:54:11 API.py [line:712] INFO 933966942062465024
Fri 24 Nov 2017 15:54:11 API.py [line:712] INFO 933966942578270208
Fri 24 Nov 2017 15:54:12 API.py [line:712] INFO 933966944159588352
Fri 24 Nov 2017 15:54:13 API.py [line:712] INFO 933966949788172288
Fri 24 Nov 2017 15:54:15 API.py [line:712] INFO 933966897640505344
Fri 24 Nov 2017 15:54:15 API.py [line:712] INFO 933966952833404928
Fri 24 Nov 2017 15:54:15 API.py [line:712] INFO 933966957765787648
Fri 24 Nov 2017 15:54:16 API.py [line:712] INFO 933966951675846657
Fri 24 Nov 2017 15:54:16 API.py [line:712] INFO 933966952527253504
Fri 24 Nov 2017 15:54:16 API.py [line:712] INFO 933966961737977856
Fri 24 Nov 2017 15:54:17 API.py [line:712] INFO 933966966913515520
Fri 24 Nov 2017 15:54:17 API.py [line:712] INFO 933966966741786630
Fri 24 Nov 2017 15:54:17 API.py [line:712] INFO 933966966456487936
Fri 24 Nov 2017 15:54:18 API.py [line:712] INFO 933966966645280768
Fri 24 Nov 2017 15:54:18 API.py [line:712] INFO 933966967525928960
Fri 24 Nov 2017 15:54:18 API.py [line:712] INFO 933966967773519872
Fri 24 Nov 2017 15:54:19 API.py [line:712] INFO 933966968025165824
Fri 24 Nov 2017 15:54:19 API.py [line:712] INFO 933966969585438721
Fri 24 Nov 2017 15:54:19 API.py [line:712] INFO 933966969996394502
Fri 24 Nov 2017 15:54:19 API.py [line:712] INFO 933966969446875141
Fri 24 Nov 2017 15:54:19 API.py [line:712] INFO 933966973070962688
Fri 24 Nov 2017 15:54:19 API.py [line:712] INFO 933966975117565952
Fri 24 Nov 2017 15:54:20 API.py [line:712] INFO 933966976208244736
Fri 24 Nov 2017 15:54:20 API.py [line:712] INFO 933966976887787520
Fri 24 Nov 2017 15:54:20 API.py [line:712] INFO 933966978095697922
Fri 24 Nov 2017 15:54:20 API.py [line:712] INFO 933966978649387008
Fri 24 Nov 2017 15:54:20 API.py [line:712] INFO 933966978620018689
Fri 24 Nov 2017 15:54:20 API.py [line:712] INFO 933966980004106240
Fri 24 Nov 2017 15:54:21 API.py [line:712] INFO 933966982763855872
Fri 24 Nov 2017 15:54:21 API.py [line:712] INFO 933966983628017664
Fri 24 Nov 2017 15:54:23 API.py [line:712] INFO 933966991744004101
Fri 24 Nov 2017 15:54:23 API.py [line:712] INFO 933966992934969345
Fri 24 Nov 2017 15:54:23 API.py [line:712] INFO 933966995158007809
Fri 24 Nov 2017 15:54:24 API.py [line:712] INFO 933966995166556160
Fri 24 Nov 2017 15:54:24 API.py [line:712] INFO 933966996768772096
Fri 24 Nov 2017 15:54:25 API.py [line:712] INFO 933966999264169984
Fri 24 Nov 2017 15:54:25 API.py [line:712] INFO 933967000702816256
Fri 24 Nov 2017 15:54:26 API.py [line:712] INFO 933967003345457152
Fri 24 Nov 2017 15:54:26 API.py [line:712] INFO 933967003035070464
Fri 24 Nov 2017 15:54:26 API.py [line:712] INFO 933967005211942912
Fri 24 Nov 2017 15:54:26 API.py [line:712] INFO 933967005698404352
Fri 24 Nov 2017 15:54:27 API.py [line:712] INFO 933967009389322240
Fri 24 Nov 2017 15:54:28 API.py [line:712] INFO 933967013051097088
Fri 24 Nov 2017 15:54:28 API.py [line:712] INFO 933967014263128065
Fri 24 Nov 2017 15:54:28 API.py [line:712] INFO 933967015206899713
Fri 24 Nov 2017 15:54:29 API.py [line:712] INFO 933967016763019264
Fri 24 Nov 2017 15:54:29 API.py [line:712] INFO 933967017966579713
Fri 24 Nov 2017 15:54:29 API.py [line:712] INFO 933967018365251584
Fri 24 Nov 2017 15:54:30 API.py [line:712] INFO 933967021745643520
Fri 24 Nov 2017 15:54:30 API.py [line:712] INFO 933967022446252033
Fri 24 Nov 2017 15:54:32 API.py [line:712] INFO 933967028762722304
Fri 24 Nov 2017 15:54:33 API.py [line:712] INFO 933967033892454400
Fri 24 Nov 2017 15:54:33 API.py [line:712] INFO 933967034097876992
Fri 24 Nov 2017 15:54:33 API.py [line:712] INFO 933967034274246658
Fri 24 Nov 2017 15:54:34 API.py [line:712] INFO 933967035662585856
Fri 24 Nov 2017 15:54:34 API.py [line:712] INFO 933967037692567553
Fri 24 Nov 2017 15:54:34 API.py [line:712] INFO 933967038980255745
Fri 24 Nov 2017 15:54:35 API.py [line:712] INFO 933967043958886406
Fri 24 Nov 2017 15:54:37 API.py [line:712] INFO 933967047599407105
Fri 24 Nov 2017 15:54:37 API.py [line:712] INFO 933967049197522944
Fri 24 Nov 2017 15:54:38 API.py [line:712] INFO 933967052775264266
Fri 24 Nov 2017 15:54:38 API.py [line:712] INFO 933967056789233664
Fri 24 Nov 2017 15:54:39 API.py [line:712] INFO 933967060979408896
Fri 24 Nov 2017 15:54:40 API.py [line:712] INFO 933967063571300352
Fri 24 Nov 2017 15:54:41 API.py [line:712] INFO 933967067778347008
Fri 24 Nov 2017 15:54:42 API.py [line:712] INFO 933967072530456576
Fri 24 Nov 2017 15:54:44 API.py [line:712] INFO 933967079190999041
Fri 24 Nov 2017 15:54:44 API.py [line:712] INFO 933967080382136321
Fri 24 Nov 2017 15:54:44 API.py [line:712] INFO 933967080788934656
Fri 24 Nov 2017 15:54:45 API.py [line:712] INFO 933967083645427712
Fri 24 Nov 2017 15:54:45 API.py [line:712] INFO 933967083775209476
Fri 24 Nov 2017 15:54:46 API.py [line:712] INFO 933967088993087488
Fri 24 Nov 2017 15:54:47 API.py [line:712] INFO 933967091597688833
Fri 24 Nov 2017 15:54:48 API.py [line:712] INFO 933967095108313093
Fri 24 Nov 2017 15:54:48 API.py [line:712] INFO 933967097251627008
Fri 24 Nov 2017 15:54:48 API.py [line:712] INFO 933967097855582208
Fri 24 Nov 2017 15:54:49 API.py [line:712] INFO 933967102620336130
Fri 24 Nov 2017 15:54:50 API.py [line:712] INFO 933967106995118080
Fri 24 Nov 2017 15:54:52 API.py [line:712] INFO 933967112460054529
Fri 24 Nov 2017 15:54:52 API.py [line:712] INFO 933967110895755264
Fri 24 Nov 2017 15:54:52 API.py [line:712] INFO 933967113064103938
Fri 24 Nov 2017 15:54:53 API.py [line:712] INFO 933967112921600001
Fri 24 Nov 2017 15:54:53 API.py [line:712] INFO 933967113395539968
Fri 24 Nov 2017 15:54:53 API.py [line:712] INFO 933967114225856512
Fri 24 Nov 2017 15:54:54 API.py [line:712] INFO 933967115387883520
Fri 24 Nov 2017 15:54:54 API.py [line:712] INFO 933967123042275328
Fri 24 Nov 2017 15:54:55 API.py [line:712] INFO 933967126255362048
Fri 24 Nov 2017 15:54:56 API.py [line:712] INFO 933967130642481152
Fri 24 Nov 2017 15:54:58 API.py [line:712] INFO 933967138435620864
Fri 24 Nov 2017 15:55:01 API.py [line:712] INFO 933967150145986560
Fri 24 Nov 2017 15:55:01 API.py [line:712] INFO 933967152054505472
Fri 24 Nov 2017 15:55:02 API.py [line:712] INFO 933967154873094147
Fri 24 Nov 2017 15:55:04 API.py [line:712] INFO 933967161852280837
Fri 24 Nov 2017 15:55:06 API.py [line:712] INFO 933967169091543042
Fri 24 Nov 2017 15:55:06 API.py [line:712] INFO 933967169154666496
Fri 24 Nov 2017 15:55:06 API.py [line:712] INFO 933967172661104641
Fri 24 Nov 2017 15:55:06 API.py [line:712] INFO 933967175584399360
Fri 24 Nov 2017 15:55:07 API.py [line:712] INFO 933967176347914240
Fri 24 Nov 2017 15:55:08 API.py [line:712] INFO 933967178855956480
Fri 24 Nov 2017 15:55:08 API.py [line:712] INFO 933967180416221184
Fri 24 Nov 2017 15:55:08 API.py [line:712] INFO 933967181242683392
Fri 24 Nov 2017 15:55:09 API.py [line:712] INFO 933967186363928576
Fri 24 Nov 2017 15:55:10 API.py [line:712] INFO 933967187114647552
Fri 24 Nov 2017 15:55:10 API.py [line:712] INFO 933967189597655040
Fri 24 Nov 2017 15:55:11 API.py [line:712] INFO 933967193825521664
Fri 24 Nov 2017 15:55:12 API.py [line:712] INFO 933967197369536514
Fri 24 Nov 2017 15:55:12 API.py [line:712] INFO 933967197667340288
Fri 24 Nov 2017 15:55:12 API.py [line:712] INFO 933967198749708289
Fri 24 Nov 2017 15:55:13 API.py [line:712] INFO 933967199110250496
Fri 24 Nov 2017 15:55:13 API.py [line:712] INFO 933967201392095232
Fri 24 Nov 2017 15:55:13 API.py [line:712] INFO 933967202293653505
Fri 24 Nov 2017 15:55:14 API.py [line:712] INFO 933967205565456384
Fri 24 Nov 2017 15:55:14 API.py [line:712] INFO 933967207712862208
Fri 24 Nov 2017 15:55:15 API.py [line:712] INFO 933967211953143808
Fri 24 Nov 2017 15:55:16 API.py [line:712] INFO 933967214255865856
Fri 24 Nov 2017 15:55:16 API.py [line:712] INFO 933967214994214918
Fri 24 Nov 2017 15:55:17 API.py [line:712] INFO 933967215782658048
Fri 24 Nov 2017 15:55:17 API.py [line:712] INFO 933967217405784064
Fri 24 Nov 2017 15:55:17 API.py [line:712] INFO 933967217879855104
Fri 24 Nov 2017 15:55:17 API.py [line:712] INFO 933967219553210368
Fri 24 Nov 2017 15:55:18 API.py [line:712] INFO 933967222971817989
Fri 24 Nov 2017 15:55:18 API.py [line:712] INFO 933967222636195840
Fri 24 Nov 2017 15:55:18 API.py [line:712] INFO 933967225136050176
Fri 24 Nov 2017 15:55:19 API.py [line:712] INFO 933967226281119744
Fri 24 Nov 2017 15:55:19 API.py [line:712] INFO 933967226671190016
Fri 24 Nov 2017 15:55:19 API.py [line:712] INFO 933967227145129984
Fri 24 Nov 2017 15:55:20 API.py [line:712] INFO 933967228806008833
Fri 24 Nov 2017 15:55:20 API.py [line:712] INFO 933967229703553024
Fri 24 Nov 2017 15:55:20 API.py [line:712] INFO 933967230592802816
Fri 24 Nov 2017 15:55:20 API.py [line:712] INFO 933967233751048192
Fri 24 Nov 2017 15:55:21 API.py [line:712] INFO 933967233939853313
Fri 24 Nov 2017 15:55:21 API.py [line:712] INFO 933967234044715008
Fri 24 Nov 2017 15:55:21 API.py [line:712] INFO 933967236611452928
Fri 24 Nov 2017 15:55:22 API.py [line:712] INFO 933967238046081024
Fri 24 Nov 2017 15:55:22 API.py [line:712] INFO 933967238993981440
Fri 24 Nov 2017 15:55:22 API.py [line:712] INFO 933967239476367360
Fri 24 Nov 2017 15:55:24 API.py [line:712] INFO 933967247550418944
Fri 24 Nov 2017 15:55:24 API.py [line:712] INFO 933967247822983168
Fri 24 Nov 2017 15:55:24 API.py [line:712] INFO 933967249878085632
Fri 24 Nov 2017 15:55:24 API.py [line:712] INFO 933967251019042816
Fri 24 Nov 2017 15:55:26 API.py [line:712] INFO 933967255347503105
Fri 24 Nov 2017 15:55:26 API.py [line:712] INFO 933967255167225857
Fri 24 Nov 2017 15:55:26 API.py [line:712] INFO 933967257788657670
Fri 24 Nov 2017 15:55:27 API.py [line:712] INFO 933967261555220481
Fri 24 Nov 2017 15:55:27 API.py [line:712] INFO 933967261857206273
Fri 24 Nov 2017 15:55:28 API.py [line:712] INFO 933967266135252992
Fri 24 Nov 2017 15:55:28 API.py [line:712] INFO 933967266001104897
Fri 24 Nov 2017 15:55:28 API.py [line:712] INFO 933967266596737024
Fri 24 Nov 2017 15:55:29 API.py [line:712] INFO 933967266982412288
Fri 24 Nov 2017 15:55:29 API.py [line:712] INFO 933967272078540800
Fri 24 Nov 2017 15:55:30 API.py [line:712] INFO 933967273290805248
Fri 24 Nov 2017 15:55:31 API.py [line:712] INFO 933967273806589952
Fri 24 Nov 2017 15:55:31 API.py [line:712] INFO 933967274695835648
Fri 24 Nov 2017 15:55:31 API.py [line:712] INFO 933967275387904000
Fri 24 Nov 2017 15:55:31 API.py [line:712] INFO 933967276356788224
Fri 24 Nov 2017 15:55:31 API.py [line:712] INFO 933967276511969281
Fri 24 Nov 2017 15:55:32 API.py [line:712] INFO 933967281259872256
Fri 24 Nov 2017 15:55:33 API.py [line:712] INFO 933967282187001856
Fri 24 Nov 2017 15:55:33 API.py [line:712] INFO 933967283852103680
Fri 24 Nov 2017 15:55:33 API.py [line:712] INFO 933967285236224000
Fri 24 Nov 2017 15:55:34 API.py [line:712] INFO 933967290240065537
Fri 24 Nov 2017 15:55:34 API.py [line:712] INFO 933967290655178752
Fri 24 Nov 2017 15:55:34 API.py [line:712] INFO 933967291934560256
Fri 24 Nov 2017 15:55:35 API.py [line:712] INFO 933967292676718593
Fri 24 Nov 2017 15:55:36 API.py [line:712] INFO 933967295826808832
Fri 24 Nov 2017 15:55:37 API.py [line:712] INFO 933967302743138305
Fri 24 Nov 2017 15:55:37 API.py [line:712] INFO 933967304756486144
Fri 24 Nov 2017 15:55:38 API.py [line:712] INFO 933967308220977153
Fri 24 Nov 2017 15:55:39 API.py [line:712] INFO 933967310288801792
Fri 24 Nov 2017 15:55:39 API.py [line:712] INFO 933967313593757696
Fri 24 Nov 2017 15:55:40 API.py [line:712] INFO 933967317016371200
Fri 24 Nov 2017 15:55:41 API.py [line:712] INFO 933967317846732801
Fri 24 Nov 2017 15:55:41 API.py [line:712] INFO 933967318664740864
Fri 24 Nov 2017 15:55:42 API.py [line:712] INFO 933967321013542912
Fri 24 Nov 2017 15:55:42 API.py [line:712] INFO 933967321357414401
Fri 24 Nov 2017 15:55:43 API.py [line:712] INFO 933967322729107456
Fri 24 Nov 2017 15:55:43 API.py [line:712] INFO 933967323899162625
Fri 24 Nov 2017 15:55:43 API.py [line:712] INFO 933967324784222208
Fri 24 Nov 2017 15:55:44 API.py [line:712] INFO 933967329242726401
Fri 24 Nov 2017 15:55:44 API.py [line:712] INFO 933967332719828992
Fri 24 Nov 2017 15:55:45 API.py [line:712] INFO 933967335001600000
Fri 24 Nov 2017 15:55:45 API.py [line:712] INFO 933967335156789248
Fri 24 Nov 2017 15:55:45 API.py [line:712] INFO 933967337669251072
Fri 24 Nov 2017 15:55:45 API.py [line:712] INFO 933967337736278016
Fri 24 Nov 2017 15:55:48 API.py [line:712] INFO 933967349425811456
Fri 24 Nov 2017 15:55:48 API.py [line:712] INFO 933967351099379712
Fri 24 Nov 2017 15:55:49 API.py [line:712] INFO 933967355385995265
Fri 24 Nov 2017 15:55:50 API.py [line:712] INFO 933967356274941952
Fri 24 Nov 2017 15:55:50 API.py [line:712] INFO 933967360146530304
Fri 24 Nov 2017 15:55:50 API.py [line:712] INFO 933967360268099584
Fri 24 Nov 2017 15:55:53 API.py [line:712] INFO 933967368249896960
Fri 24 Nov 2017 15:55:53 API.py [line:712] INFO 933967370971779074
Fri 24 Nov 2017 15:55:55 API.py [line:712] INFO 933967376957300737
Fri 24 Nov 2017 15:55:55 API.py [line:712] INFO 933967380010614784
Fri 24 Nov 2017 15:55:56 API.py [line:712] INFO 933967381558206464
Fri 24 Nov 2017 15:55:56 API.py [line:712] INFO 933967384137801728
Fri 24 Nov 2017 15:55:57 API.py [line:712] INFO 933967385987559424
Fri 24 Nov 2017 15:55:57 API.py [line:712] INFO 933967387484880897
Fri 24 Nov 2017 15:55:59 API.py [line:712] INFO 933967393935839232
Fri 24 Nov 2017 15:55:59 API.py [line:712] INFO 933967394791358464
Fri 24 Nov 2017 15:55:59 API.py [line:712] INFO 933967395403812864
Fri 24 Nov 2017 15:55:59 API.py [line:712] INFO 933967395902935040
Fri 24 Nov 2017 15:56:00 API.py [line:712] INFO 933967399346466816
Fri 24 Nov 2017 15:56:01 API.py [line:712] INFO 933967403536601088
Fri 24 Nov 2017 15:56:02 API.py [line:712] INFO 933967405277118465
Fri 24 Nov 2017 15:56:02 API.py [line:712] INFO 933967406443008000
Fri 24 Nov 2017 15:56:02 API.py [line:712] INFO 933967407214940160
Fri 24 Nov 2017 15:56:03 API.py [line:712] INFO 933967411048583168
Fri 24 Nov 2017 15:56:03 API.py [line:712] INFO 933967412273319936
Fri 24 Nov 2017 15:56:04 API.py [line:712] INFO 933967415527981056
Fri 24 Nov 2017 15:56:06 API.py [line:712] INFO 933967422574465025
Fri 24 Nov 2017 15:56:06 API.py [line:712] INFO 933967422180200449
Fri 24 Nov 2017 15:56:07 API.py [line:712] INFO 933967429083979776
Fri 24 Nov 2017 15:56:08 API.py [line:712] INFO 933967428727349248
Fri 24 Nov 2017 15:56:08 API.py [line:712] INFO 933967430099009537
Fri 24 Nov 2017 15:56:08 API.py [line:712] INFO 933967429134364672
Fri 24 Nov 2017 15:56:09 API.py [line:712] INFO 933967431885885440
Fri 24 Nov 2017 15:56:09 API.py [line:712] INFO 933967432703766528
Fri 24 Nov 2017 15:56:09 API.py [line:712] INFO 933967434939117568
Fri 24 Nov 2017 15:56:09 API.py [line:712] INFO 933967437946433536
Fri 24 Nov 2017 15:56:10 API.py [line:712] INFO 933967439221497856
Fri 24 Nov 2017 15:56:10 API.py [line:712] INFO 933967439129391104
Fri 24 Nov 2017 15:56:10 API.py [line:712] INFO 933967439997452288
Fri 24 Nov 2017 15:56:10 API.py [line:712] INFO 933967440643592192
Fri 24 Nov 2017 15:56:10 API.py [line:712] INFO 933967441637474309
Fri 24 Nov 2017 15:56:11 API.py [line:712] INFO 933967446100402176
Fri 24 Nov 2017 15:56:11 API.py [line:712] INFO 933967447752765440
Fri 24 Nov 2017 15:56:12 API.py [line:712] INFO 933967441662828544
Fri 24 Nov 2017 15:56:12 API.py [line:712] INFO 933967447572365312
Fri 24 Nov 2017 15:56:12 API.py [line:712] INFO 933967450567090178
Fri 24 Nov 2017 15:56:13 API.py [line:712] INFO 933967454283423744
Fri 24 Nov 2017 15:56:13 API.py [line:712] INFO 933967454031585280
Fri 24 Nov 2017 15:56:13 API.py [line:712] INFO 933967454941917185
Fri 24 Nov 2017 15:56:14 API.py [line:712] INFO 933967458964082689
Fri 24 Nov 2017 15:56:15 API.py [line:712] INFO 933967458947383296
Fri 24 Nov 2017 15:56:15 API.py [line:712] INFO 933967458372788224
Fri 24 Nov 2017 15:56:15 API.py [line:712] INFO 933967462625923072
Fri 24 Nov 2017 15:56:15 API.py [line:712] INFO 933967463716409349
Fri 24 Nov 2017 15:56:15 API.py [line:712] INFO 933967462961467393
Fri 24 Nov 2017 15:56:16 API.py [line:712] INFO 933967452094025733
Fri 24 Nov 2017 15:56:16 API.py [line:712] INFO 933967465532583936
Fri 24 Nov 2017 15:56:16 API.py [line:712] INFO 933967445735419904
Fri 24 Nov 2017 15:56:16 API.py [line:712] INFO 933967466652368896
Fri 24 Nov 2017 15:56:16 API.py [line:712] INFO 933967467914977280
Fri 24 Nov 2017 15:56:17 API.py [line:712] INFO 933967469345234944
Fri 24 Nov 2017 15:56:17 API.py [line:712] INFO 933967470226001920
Fri 24 Nov 2017 15:56:17 API.py [line:712] INFO 933967471014547456
Fri 24 Nov 2017 15:56:17 API.py [line:712] INFO 933967472138555395
Fri 24 Nov 2017 15:56:18 API.py [line:712] INFO 933967476400054272
Fri 24 Nov 2017 15:56:19 API.py [line:712] INFO 933967477960204288
Fri 24 Nov 2017 15:56:19 API.py [line:712] INFO 933967481756102656
Fri 24 Nov 2017 15:56:20 API.py [line:712] INFO 933967482208915456
Fri 24 Nov 2017 15:56:21 API.py [line:712] INFO 933967484771880960
Fri 24 Nov 2017 15:56:21 API.py [line:712] INFO 933967489133821952
Fri 24 Nov 2017 15:56:22 API.py [line:712] INFO 933967491059081216
Fri 24 Nov 2017 15:56:22 API.py [line:712] INFO 933967489523965952
Fri 24 Nov 2017 15:56:22 API.py [line:712] INFO 933967493328019456
Fri 24 Nov 2017 15:56:22 API.py [line:712] INFO 933967493181460480
Fri 24 Nov 2017 15:56:23 API.py [line:712] INFO 933967492388552705
Fri 24 Nov 2017 15:56:23 API.py [line:712] INFO 933967495727157248
Fri 24 Nov 2017 15:56:23 API.py [line:712] INFO 933967497300078598
Fri 24 Nov 2017 15:56:23 API.py [line:712] INFO 933967499288223744
Fri 24 Nov 2017 15:56:24 API.py [line:712] INFO 933967499443437568
Fri 24 Nov 2017 15:56:24 API.py [line:712] INFO 933967502643793920
Fri 24 Nov 2017 15:56:25 API.py [line:712] INFO 933967502983430144
Fri 24 Nov 2017 15:56:25 API.py [line:712] INFO 933967503566483457
Fri 24 Nov 2017 15:56:25 API.py [line:712] INFO 933967505361694720
Fri 24 Nov 2017 15:56:26 API.py [line:712] INFO 933967506875617280
Fri 24 Nov 2017 15:56:26 API.py [line:712] INFO 933967510159970304
Fri 24 Nov 2017 15:56:27 API.py [line:712] INFO 933967510407233536
Fri 24 Nov 2017 15:56:27 API.py [line:712] INFO 933967510776532992
Fri 24 Nov 2017 15:56:27 API.py [line:712] INFO 933967515134201856
Fri 24 Nov 2017 15:56:28 API.py [line:712] INFO 933967519651717121
Fri 24 Nov 2017 15:56:29 API.py [line:712] INFO 933967521497088000
Fri 24 Nov 2017 15:56:30 API.py [line:712] INFO 933967524160528384
Fri 24 Nov 2017 15:56:30 API.py [line:712] INFO 933967526031216640
Fri 24 Nov 2017 15:56:30 API.py [line:712] INFO 933967526295429120
Fri 24 Nov 2017 15:56:31 API.py [line:712] INFO 933967527012683776
Fri 24 Nov 2017 15:56:31 API.py [line:712] INFO 933967528711221248
Fri 24 Nov 2017 15:56:31 API.py [line:712] INFO 933967528631574528
Fri 24 Nov 2017 15:56:31 API.py [line:712] INFO 933967529222979584
Fri 24 Nov 2017 15:56:31 API.py [line:712] INFO 933967530573537280
Fri 24 Nov 2017 15:56:32 API.py [line:712] INFO 933967532805033984
Fri 24 Nov 2017 15:56:32 API.py [line:712] INFO 933967534440828928
Fri 24 Nov 2017 15:56:33 API.py [line:712] INFO 933967536584118272
Fri 24 Nov 2017 15:56:33 API.py [line:712] INFO 933967538517565440
Fri 24 Nov 2017 15:56:35 API.py [line:712] INFO 933967544926445568
Fri 24 Nov 2017 15:56:35 API.py [line:712] INFO 933967545756925952
Fri 24 Nov 2017 15:56:35 API.py [line:712] INFO 933967547728322560
Fri 24 Nov 2017 15:56:36 API.py [line:712] INFO 933967548978212864
Fri 24 Nov 2017 15:56:36 API.py [line:712] INFO 933967551318573056
Fri 24 Nov 2017 15:56:37 API.py [line:712] INFO 933967553084342272
Fri 24 Nov 2017 15:56:37 API.py [line:712] INFO 933967555378626561
Fri 24 Nov 2017 15:56:39 API.py [line:712] INFO 933967563159146496
Fri 24 Nov 2017 15:56:39 API.py [line:712] INFO 933967564371349510
Fri 24 Nov 2017 15:56:40 API.py [line:712] INFO 933967567722549249
Fri 24 Nov 2017 15:56:43 API.py [line:712] INFO 933967580586500096
Fri 24 Nov 2017 15:56:43 API.py [line:712] INFO 933967581504946177
Fri 24 Nov 2017 15:56:43 API.py [line:712] INFO 933967581337309184
Fri 24 Nov 2017 15:56:44 API.py [line:712] INFO 933967580301352960
Fri 24 Nov 2017 15:56:44 API.py [line:712] INFO 933967580808785920
Fri 24 Nov 2017 15:56:44 API.py [line:712] INFO 933967584482951169
Fri 24 Nov 2017 15:56:45 API.py [line:712] INFO 933967585749733376
Fri 24 Nov 2017 15:56:45 API.py [line:712] INFO 933967586936705024
Fri 24 Nov 2017 15:56:45 API.py [line:712] INFO 933967589658775558
Fri 24 Nov 2017 15:56:46 API.py [line:712] INFO 933967591122485248
Fri 24 Nov 2017 15:56:49 API.py [line:712] INFO 933967604443766784
Fri 24 Nov 2017 15:56:49 API.py [line:712] INFO 933967605093814274
Fri 24 Nov 2017 15:56:50 API.py [line:712] INFO 933967606939254785
Fri 24 Nov 2017 15:56:54 API.py [line:712] INFO 933967623532015616
Fri 24 Nov 2017 15:56:54 API.py [line:712] INFO 933967623976554497
Fri 24 Nov 2017 15:56:54 API.py [line:712] INFO 933967626367389697
Fri 24 Nov 2017 15:56:55 API.py [line:712] INFO 933967627587907584
Fri 24 Nov 2017 15:56:55 API.py [line:712] INFO 933967629886275584
Fri 24 Nov 2017 15:56:55 API.py [line:712] INFO 933967631278735360
Fri 24 Nov 2017 15:56:57 API.py [line:712] INFO 933967637532499968
Fri 24 Nov 2017 15:56:57 API.py [line:712] INFO 933967640208596992
Fri 24 Nov 2017 15:56:58 API.py [line:712] INFO 933967639843504129
Fri 24 Nov 2017 15:56:58 API.py [line:712] INFO 933967643299733504
