Wed 29 Nov 2017 19:07:02 API.py [line:660] INFO start
Wed 29 Nov 2017 19:07:02 API.py [line:692] INFO thread 0 start.
Wed 29 Nov 2017 19:07:02 API.py [line:695] INFO thread 0's token_index 231
Wed 29 Nov 2017 19:07:02 API.py [line:696] INFO {u'access_token': u'719735310469500928-o5Ok5qODwho8eOI68zipX0nItz5Qyg6', u'consumer_secret': u'LivsS9DTKh4Xmfo2vOG2tpKmrj8lxsYqiDgZLamPBJahFqnjUo', u'consumer_key': u'fO4lXV6LLz5e1Ew6uRDtvXpIQ', u'access_token_secret': u'difUdKMPvJOk7kHC0T3uUCoe6BUVjhl8hfWX5Txe7Mx2F'}
Wed 29 Nov 2017 19:07:02 API.py [line:697] INFO [u'china']
Wed 29 Nov 2017 19:07:02 API.py [line:698] INFO ['222.197.180.171:8118']
Wed 29 Nov 2017 19:07:05 API.py [line:712] INFO 935827435727278081
Wed 29 Nov 2017 19:07:05 API.py [line:712] INFO 935827437035728896
Wed 29 Nov 2017 19:07:05 API.py [line:712] INFO 935827436536602624
Wed 29 Nov 2017 19:07:06 API.py [line:712] INFO 935827438239666176
Wed 29 Nov 2017 19:07:06 API.py [line:712] INFO 935827439975989248
Wed 29 Nov 2017 19:07:06 API.py [line:712] INFO 935827439581843456
Wed 29 Nov 2017 19:07:06 API.py [line:712] INFO 935827441330700288
Wed 29 Nov 2017 19:07:06 API.py [line:712] INFO 935827441356034048
Wed 29 Nov 2017 19:07:07 API.py [line:712] INFO 935827444828856320
Wed 29 Nov 2017 19:07:07 API.py [line:712] INFO 935827445726568453
Wed 29 Nov 2017 19:07:08 API.py [line:712] INFO 935827447614001152
Wed 29 Nov 2017 19:07:08 API.py [line:712] INFO 935827447676915713
Wed 29 Nov 2017 19:07:08 API.py [line:712] INFO 935827449694294016
Wed 29 Nov 2017 19:07:08 API.py [line:712] INFO 935827449698537473
Wed 29 Nov 2017 19:07:09 API.py [line:712] INFO 935827453783805953
Wed 29 Nov 2017 19:07:10 API.py [line:712] INFO 935827454756667392
Wed 29 Nov 2017 19:07:10 API.py [line:712] INFO 935827455390105600
Wed 29 Nov 2017 19:07:10 API.py [line:712] INFO 935827457323782144
Wed 29 Nov 2017 19:07:10 API.py [line:712] INFO 935827457936064512
Wed 29 Nov 2017 19:07:12 API.py [line:712] INFO 935827463736737792
Wed 29 Nov 2017 19:07:12 API.py [line:712] INFO 935827464667959296
