Fri 24 Nov 2017 15:48:14 API.py [line:660] INFO start
Fri 24 Nov 2017 15:48:14 API.py [line:692] INFO thread 0 start.
Fri 24 Nov 2017 15:48:14 API.py [line:695] INFO thread 0's token_index 401
Fri 24 Nov 2017 15:48:14 API.py [line:696] INFO {u'access_token': u'722739195995795458-Kd8KQzrJnoU3v1RxwTqXzTnwUv0r9pa', u'consumer_secret': u'LivsS9DTKh4Xmfo2vOG2tpKmrj8lxsYqiDgZLamPBJahFqnjUo', u'consumer_key': u'fO4lXV6LLz5e1Ew6uRDtvXpIQ', u'access_token_secret': u'zrcvPXqvrBVT4RDWdDv3yweJzqES2tLEaFCpLOA01AD0I'}
Fri 24 Nov 2017 15:48:14 API.py [line:697] INFO [u'china']
Fri 24 Nov 2017 15:48:14 API.py [line:698] INFO ['192.168.1.148:8118']
Fri 24 Nov 2017 15:48:32 TwitterError.py [line:22] WARNING 400 statuses/filter text ('_ssl.c:645: The handshake operation timed out',)
Fri 24 Nov 2017 15:48:32 API.py [line:222] WARNING ('_ssl.c:645: The handshake operation timed out',)
Fri 24 Nov 2017 15:48:58 TwitterError.py [line:22] WARNING 400 statuses/filter text ('_ssl.c:645: The handshake operation timed out',)
Fri 24 Nov 2017 15:48:58 API.py [line:222] WARNING ('_ssl.c:645: The handshake operation timed out',)
Fri 24 Nov 2017 15:49:28 TwitterError.py [line:22] WARNING 400 statuses/filter text ('_ssl.c:645: The handshake operation timed out',)
Fri 24 Nov 2017 15:49:28 API.py [line:222] WARNING ('_ssl.c:645: The handshake operation timed out',)
Fri 24 Nov 2017 15:49:54 API.py [line:712] INFO 933965867510988801
Fri 24 Nov 2017 15:49:55 API.py [line:712] INFO 933965871088840704
Fri 24 Nov 2017 15:49:55 API.py [line:712] INFO 933965870942040064
Fri 24 Nov 2017 15:49:56 API.py [line:712] INFO 933965873450311680
Fri 24 Nov 2017 15:49:57 API.py [line:712] INFO 933965879271763968
Fri 24 Nov 2017 15:50:00 API.py [line:712] INFO 933965891318009856
Fri 24 Nov 2017 15:50:00 API.py [line:712] INFO 933965891997446144
Fri 24 Nov 2017 15:50:01 API.py [line:712] INFO 933965894811836416
Fri 24 Nov 2017 15:50:02 API.py [line:712] INFO 933965899626926080
Fri 24 Nov 2017 15:50:02 API.py [line:712] INFO 933965900541300736
Fri 24 Nov 2017 15:50:03 API.py [line:712] INFO 933965902139101184
Fri 24 Nov 2017 15:50:04 API.py [line:712] INFO 933965907629694976
Fri 24 Nov 2017 15:50:04 API.py [line:712] INFO 933965909139574784
Fri 24 Nov 2017 15:50:04 API.py [line:712] INFO 933965909525491712
Fri 24 Nov 2017 15:50:05 API.py [line:712] INFO 933965912918540288
Fri 24 Nov 2017 15:50:06 API.py [line:712] INFO 933965915774795776
Fri 24 Nov 2017 15:50:06 API.py [line:712] INFO 933965915728703488
Fri 24 Nov 2017 15:50:06 API.py [line:712] INFO 933965917280550913
Fri 24 Nov 2017 15:50:07 API.py [line:712] INFO 933965921164709888
Fri 24 Nov 2017 15:50:08 API.py [line:712] INFO 933965924423557120
Fri 24 Nov 2017 15:50:08 API.py [line:712] INFO 933965925002465280
Fri 24 Nov 2017 15:50:08 API.py [line:712] INFO 933965926583513089
Fri 24 Nov 2017 15:50:08 API.py [line:712] INFO 933965927179259904
Fri 24 Nov 2017 15:50:09 API.py [line:712] INFO 933965926831140864
Fri 24 Nov 2017 15:50:09 API.py [line:712] INFO 933965929725288448
Fri 24 Nov 2017 15:50:09 API.py [line:712] INFO 933965931587420160
Fri 24 Nov 2017 15:50:10 API.py [line:712] INFO 933965934397665280
Fri 24 Nov 2017 15:50:10 API.py [line:712] INFO 933965935538528256
Fri 24 Nov 2017 15:50:10 API.py [line:712] INFO 933965935882489861
Fri 24 Nov 2017 15:50:11 API.py [line:712] INFO 933965936624889856
Fri 24 Nov 2017 15:50:11 API.py [line:712] INFO 933965938570903553
Fri 24 Nov 2017 15:50:12 API.py [line:712] INFO 933965940978434049
Fri 24 Nov 2017 15:50:12 API.py [line:712] INFO 933965942110879744
Fri 24 Nov 2017 15:50:12 API.py [line:712] INFO 933965943931207680
Fri 24 Nov 2017 15:50:12 API.py [line:712] INFO 933965944254279680
Fri 24 Nov 2017 15:50:13 API.py [line:712] INFO 933965944304451584
Fri 24 Nov 2017 15:50:14 API.py [line:712] INFO 933965953271980034
Fri 24 Nov 2017 15:50:14 API.py [line:712] INFO 933965953070714882
Fri 24 Nov 2017 15:50:15 API.py [line:712] INFO 933965953389547520
Fri 24 Nov 2017 15:50:15 API.py [line:712] INFO 933965953913700355
Fri 24 Nov 2017 15:50:15 API.py [line:712] INFO 933965954400342016
Fri 24 Nov 2017 15:50:15 API.py [line:712] INFO 933965956757340161
Fri 24 Nov 2017 15:50:16 API.py [line:712] INFO 933965958229712898
Fri 24 Nov 2017 15:50:16 API.py [line:712] INFO 933965960394018816
Fri 24 Nov 2017 15:50:17 API.py [line:712] INFO 933965961962643456
Fri 24 Nov 2017 15:50:17 API.py [line:712] INFO 933965962470219776
Fri 24 Nov 2017 15:50:18 API.py [line:712] INFO 933965965045452800
Fri 24 Nov 2017 15:50:18 API.py [line:712] INFO 933965966660329472
Fri 24 Nov 2017 15:50:19 API.py [line:712] INFO 933965970682544128
Fri 24 Nov 2017 15:50:19 API.py [line:712] INFO 933965973744504833
Fri 24 Nov 2017 15:50:20 API.py [line:712] INFO 933965974763532289
Fri 24 Nov 2017 15:50:20 API.py [line:712] INFO 933965976311394305
Fri 24 Nov 2017 15:50:20 API.py [line:712] INFO 933965976265256961
Fri 24 Nov 2017 15:50:20 API.py [line:712] INFO 933965977674334209
Fri 24 Nov 2017 15:50:20 API.py [line:712] INFO 933965978139947008
Fri 24 Nov 2017 15:50:21 API.py [line:712] INFO 933965979108835329
