Mon 27 Nov 2017 19:15:53 API.py [line:660] INFO start
Mon 27 Nov 2017 19:15:53 API.py [line:692] INFO thread 0 start.
Mon 27 Nov 2017 19:15:53 API.py [line:695] INFO thread 0's token_index 106
Mon 27 Nov 2017 19:15:53 API.py [line:696] INFO {u'access_token': u'714294136417849344-BRQRsN1cOrXzskJaZL8dkNbWSg0awzG', u'consumer_secret': u'LivsS9DTKh4Xmfo2vOG2tpKmrj8lxsYqiDgZLamPBJahFqnjUo', u'consumer_key': u'fO4lXV6LLz5e1Ew6uRDtvXpIQ', u'access_token_secret': u'ZwgWiB8P44pmDLOLHsfFmiFXKVdK27fV2neyVDCwQvWTC'}
Mon 27 Nov 2017 19:15:53 API.py [line:697] INFO [u'china']
Mon 27 Nov 2017 19:15:53 API.py [line:698] INFO ['192.168.1.148:8118']
Mon 27 Nov 2017 19:15:57 API.py [line:712] INFO 935104897942413313
Mon 27 Nov 2017 19:15:58 API.py [line:712] INFO 935104897925738498
Mon 27 Nov 2017 19:15:58 API.py [line:712] INFO 935104901155131393
Mon 27 Nov 2017 19:15:58 API.py [line:712] INFO 935104901247418368
Mon 27 Nov 2017 19:15:58 API.py [line:712] INFO 935104901075517440
Mon 27 Nov 2017 19:15:59 API.py [line:712] INFO 935104900463321090
Mon 27 Nov 2017 19:15:59 API.py [line:712] INFO 935104903017582592
Mon 27 Nov 2017 19:16:00 API.py [line:712] INFO 935104906020642816
Mon 27 Nov 2017 19:16:01 API.py [line:712] INFO 935104907723657216
Mon 27 Nov 2017 19:16:02 API.py [line:712] INFO 935104909304909826
Mon 27 Nov 2017 19:16:02 API.py [line:712] INFO 935104911460663297
Mon 27 Nov 2017 19:16:02 API.py [line:712] INFO 935104912400068608
Mon 27 Nov 2017 19:16:03 API.py [line:712] INFO 935104913037721600
Mon 27 Nov 2017 19:16:03 API.py [line:712] INFO 935104918418890754
Mon 27 Nov 2017 19:16:04 API.py [line:712] INFO 935104919618707458
Mon 27 Nov 2017 19:16:05 API.py [line:712] INFO 935104920566427649
Mon 27 Nov 2017 19:16:06 API.py [line:712] INFO 935104921652940800
Mon 27 Nov 2017 19:16:06 API.py [line:712] INFO 935104922931961856
Mon 27 Nov 2017 19:16:06 API.py [line:712] INFO 935104922978152448
Mon 27 Nov 2017 19:16:07 API.py [line:712] INFO 935104923842134016
Mon 27 Nov 2017 19:16:09 API.py [line:712] INFO 935104922806247424
Mon 27 Nov 2017 19:16:09 API.py [line:712] INFO 935104926983901184
Mon 27 Nov 2017 19:16:10 API.py [line:712] INFO 935104927948406784
Mon 27 Nov 2017 19:16:10 API.py [line:712] INFO 935104930603352065
Mon 27 Nov 2017 19:16:10 API.py [line:712] INFO 935104930897125376
Mon 27 Nov 2017 19:16:11 API.py [line:712] INFO 935104930389659648
Mon 27 Nov 2017 19:16:12 API.py [line:712] INFO 935104931970895872
Mon 27 Nov 2017 19:16:12 API.py [line:712] INFO 935104933925457925
