Tue 28 Nov 2017 10:02:28 API.py [line:660] INFO start
Tue 28 Nov 2017 10:02:28 API.py [line:692] INFO thread 0 start.
Tue 28 Nov 2017 10:02:28 API.py [line:695] INFO thread 0's token_index 424
Tue 28 Nov 2017 10:02:28 API.py [line:696] INFO {u'access_token': u'724776444606341120-FU4TUvN4T9djod5s0wlce2Nfz2OweMS', u'consumer_secret': u'LivsS9DTKh4Xmfo2vOG2tpKmrj8lxsYqiDgZLamPBJahFqnjUo', u'consumer_key': u'fO4lXV6LLz5e1Ew6uRDtvXpIQ', u'access_token_secret': u'NJIe4fmTQ60LkYTcW13DTGmMNe5w0G26nAQABAUMare6u'}
Tue 28 Nov 2017 10:02:28 API.py [line:697] INFO [u'china']
Tue 28 Nov 2017 10:02:28 API.py [line:698] INFO ['192.168.1.148:8118']
Tue 28 Nov 2017 10:02:35 API.py [line:712] INFO 935328025545023488
Tue 28 Nov 2017 10:02:36 API.py [line:712] INFO 935328025704415232
Tue 28 Nov 2017 10:02:36 API.py [line:712] INFO 935328025914368000
Tue 28 Nov 2017 10:02:36 API.py [line:712] INFO 935328026514149376
Tue 28 Nov 2017 10:02:37 API.py [line:712] INFO 935328026371461120
Tue 28 Nov 2017 10:02:37 API.py [line:712] INFO 935328027122290689
Tue 28 Nov 2017 10:02:37 API.py [line:712] INFO 935328031484334080
Tue 28 Nov 2017 10:02:38 API.py [line:712] INFO 935328032432230400
Tue 28 Nov 2017 10:02:38 API.py [line:712] INFO 935328038492954624
Tue 28 Nov 2017 10:02:40 API.py [line:712] INFO 935328040065912833
Tue 28 Nov 2017 10:02:40 API.py [line:712] INFO 935328041697394689
Tue 28 Nov 2017 10:02:41 API.py [line:712] INFO 935328042322464768
Tue 28 Nov 2017 10:02:41 API.py [line:712] INFO 935328045396873217
Tue 28 Nov 2017 10:02:42 API.py [line:712] INFO 935328051101077505
Tue 28 Nov 2017 10:02:44 API.py [line:712] INFO 935328052518715392
Tue 28 Nov 2017 10:02:44 API.py [line:712] INFO 935328053927886848
Tue 28 Nov 2017 10:02:45 API.py [line:712] INFO 935328056171937792
Tue 28 Nov 2017 10:02:47 API.py [line:712] INFO 935328064774402049
Tue 28 Nov 2017 10:02:48 API.py [line:712] INFO 935328067467149312
Tue 28 Nov 2017 10:02:48 API.py [line:712] INFO 935328069296025600
Tue 28 Nov 2017 10:02:48 API.py [line:712] INFO 935328069941899270
Tue 28 Nov 2017 10:02:48 API.py [line:712] INFO 935328069623132161
Tue 28 Nov 2017 10:02:49 API.py [line:712] INFO 935328073792155649
Tue 28 Nov 2017 10:02:49 API.py [line:712] INFO 935328076673765377
Tue 28 Nov 2017 10:02:49 API.py [line:712] INFO 935328077487529985
Tue 28 Nov 2017 10:02:50 API.py [line:712] INFO 935328077961244673
Tue 28 Nov 2017 10:02:50 API.py [line:712] INFO 935328081195048960
Tue 28 Nov 2017 10:02:51 API.py [line:712] INFO 935328082034032640
Tue 28 Nov 2017 10:02:52 API.py [line:712] INFO 935328082520453120
Tue 28 Nov 2017 10:02:53 API.py [line:712] INFO 935328088237383681
Tue 28 Nov 2017 10:02:54 API.py [line:712] INFO 935328090187878401
Tue 28 Nov 2017 10:02:55 API.py [line:712] INFO 935328090007339008
Tue 28 Nov 2017 10:02:56 API.py [line:712] INFO 935328093266464773
Tue 28 Nov 2017 10:02:57 API.py [line:712] INFO 935328093429993478
Tue 28 Nov 2017 10:02:57 API.py [line:712] INFO 935328091433562113
Tue 28 Nov 2017 10:02:57 API.py [line:712] INFO 935328098400206848
Tue 28 Nov 2017 10:02:58 API.py [line:712] INFO 935328099088191488
Tue 28 Nov 2017 10:02:59 API.py [line:712] INFO 935328101717995520
Tue 28 Nov 2017 10:02:59 API.py [line:712] INFO 935328106067369984
Tue 28 Nov 2017 10:03:00 API.py [line:712] INFO 935328107468283904
Tue 28 Nov 2017 10:03:00 API.py [line:712] INFO 935328111234813952
Tue 28 Nov 2017 10:03:00 API.py [line:712] INFO 935328113243848705
Tue 28 Nov 2017 10:03:01 API.py [line:712] INFO 935328115781386240
Tue 28 Nov 2017 10:03:03 API.py [line:712] INFO 935328115743756288
Tue 28 Nov 2017 10:03:03 API.py [line:712] INFO 935328117614415873
Tue 28 Nov 2017 10:03:03 API.py [line:712] INFO 935328122911805442
Tue 28 Nov 2017 10:03:04 API.py [line:712] INFO 935328123712716800
Tue 28 Nov 2017 10:03:05 API.py [line:712] INFO 935328127911215105
Tue 28 Nov 2017 10:03:05 API.py [line:712] INFO 935328130037886976
Tue 28 Nov 2017 10:03:06 API.py [line:712] INFO 935328131057180672
Tue 28 Nov 2017 10:03:06 API.py [line:712] INFO 935328133703647238
Tue 28 Nov 2017 10:03:08 API.py [line:712] INFO 935328133804302337
Tue 28 Nov 2017 10:03:09 API.py [line:712] INFO 935328134160793600
Tue 28 Nov 2017 10:03:10 API.py [line:712] INFO 935328134433566721
Tue 28 Nov 2017 10:03:10 API.py [line:712] INFO 935328135364694016
Tue 28 Nov 2017 10:03:11 API.py [line:712] INFO 935328136392314880
Tue 28 Nov 2017 10:03:11 API.py [line:712] INFO 935328138761994241
Tue 28 Nov 2017 10:03:12 API.py [line:712] INFO 935328140028657664
Tue 28 Nov 2017 10:03:12 API.py [line:712] INFO 935328141052203008
Tue 28 Nov 2017 10:03:13 API.py [line:712] INFO 935328141752635392
Tue 28 Nov 2017 10:03:14 API.py [line:712] INFO 935328142851440640
Tue 28 Nov 2017 10:03:14 API.py [line:712] INFO 935328145149849600
Tue 28 Nov 2017 10:03:15 API.py [line:712] INFO 935328144072028161
Tue 28 Nov 2017 10:03:17 API.py [line:712] INFO 935328150132637696
Tue 28 Nov 2017 10:03:17 API.py [line:712] INFO 935328153022619649
Tue 28 Nov 2017 10:03:19 API.py [line:712] INFO 935328162329772032
Tue 28 Nov 2017 10:03:20 API.py [line:712] INFO 935328164632342528
Tue 28 Nov 2017 10:03:21 API.py [line:712] INFO 935328162870890499
Tue 28 Nov 2017 10:03:21 API.py [line:712] INFO 935328166578675712
Tue 28 Nov 2017 10:03:22 API.py [line:712] INFO 935328098400206848
Tue 28 Nov 2017 10:03:23 API.py [line:712] INFO 935328155094650881
Tue 28 Nov 2017 10:03:24 API.py [line:712] INFO 935328169573326849
Tue 28 Nov 2017 10:03:25 API.py [line:712] INFO 935328160706629632
Tue 28 Nov 2017 10:03:31 API.py [line:712] INFO 935328170772914182
Tue 28 Nov 2017 10:03:32 API.py [line:712] INFO 935328171238440961
Tue 28 Nov 2017 10:03:32 API.py [line:712] INFO 935328172328882177
Tue 28 Nov 2017 10:03:32 API.py [line:712] INFO 935328145208758272
Tue 28 Nov 2017 10:03:32 API.py [line:712] INFO 935328173398609920
Tue 28 Nov 2017 10:03:32 API.py [line:712] INFO 935328153341517824
Tue 28 Nov 2017 10:03:32 API.py [line:712] INFO 935328149059096582
Tue 28 Nov 2017 10:03:33 API.py [line:712] INFO 935328166385733632
Tue 28 Nov 2017 10:03:33 API.py [line:712] INFO 935328160329224193
Tue 28 Nov 2017 10:03:33 API.py [line:712] INFO 935328146278244358
Tue 28 Nov 2017 10:03:34 API.py [line:712] INFO 935328147607875584
Tue 28 Nov 2017 10:03:34 API.py [line:712] INFO 935328159037382661
Tue 28 Nov 2017 10:03:38 API.py [line:712] INFO 935328178490564608
Tue 28 Nov 2017 10:03:39 API.py [line:712] INFO 935328178293428224
Tue 28 Nov 2017 10:03:40 API.py [line:712] INFO 935328163604942848
Tue 28 Nov 2017 10:03:40 API.py [line:712] INFO 935328179253690368
Tue 28 Nov 2017 10:03:42 API.py [line:712] INFO 935328168453517313
Tue 28 Nov 2017 10:03:42 API.py [line:712] INFO 935328167111294976
Tue 28 Nov 2017 10:03:42 API.py [line:712] INFO 935328185692180480
Tue 28 Nov 2017 10:03:43 API.py [line:712] INFO 935328186698579968
Tue 28 Nov 2017 10:03:44 API.py [line:712] INFO 935328186853761024
Tue 28 Nov 2017 10:03:45 API.py [line:712] INFO 935328186614853632
Tue 28 Nov 2017 10:03:46 API.py [line:712] INFO 935328187323531265
Tue 28 Nov 2017 10:03:47 API.py [line:712] INFO 935328187038527489
Tue 28 Nov 2017 10:03:47 API.py [line:712] INFO 935328187826999297
Tue 28 Nov 2017 10:03:47 API.py [line:712] INFO 935328188728721408
Tue 28 Nov 2017 10:03:51 API.py [line:712] INFO 935328189928243200
Tue 28 Nov 2017 10:03:53 API.py [line:712] INFO 935328194961350656
Tue 28 Nov 2017 10:03:54 API.py [line:712] INFO 935328195368443904
Tue 28 Nov 2017 10:03:57 API.py [line:712] INFO 935328196072845312
Tue 28 Nov 2017 10:03:58 API.py [line:712] INFO 935328196509265920
Tue 28 Nov 2017 10:03:59 API.py [line:712] INFO 935328197255757824
Tue 28 Nov 2017 10:04:00 API.py [line:712] INFO 935328202964262912
Tue 28 Nov 2017 10:04:00 API.py [line:712] INFO 935328203224371200
Tue 28 Nov 2017 10:04:01 API.py [line:712] INFO 935328205778575360
Tue 28 Nov 2017 10:04:21 API.py [line:712] INFO 935328205095006208
Tue 28 Nov 2017 10:04:21 API.py [line:712] INFO 935328206328037376
Tue 28 Nov 2017 10:04:21 API.py [line:712] INFO 935328207653437440
Tue 28 Nov 2017 10:04:21 API.py [line:712] INFO 935328208907534338
Tue 28 Nov 2017 10:04:21 API.py [line:712] INFO 935328209289216001
Tue 28 Nov 2017 10:04:21 API.py [line:712] INFO 935328211541614593
Tue 28 Nov 2017 10:04:21 API.py [line:712] INFO 935328210090262528
Tue 28 Nov 2017 10:04:21 API.py [line:712] INFO 935328211231223808
Tue 28 Nov 2017 10:04:21 API.py [line:712] INFO 935328213097680896
Tue 28 Nov 2017 10:04:21 API.py [line:712] INFO 935328215937060864
Tue 28 Nov 2017 10:04:21 API.py [line:712] INFO 935328216553734144
Tue 28 Nov 2017 10:04:22 API.py [line:712] INFO 935328225307365376
Tue 28 Nov 2017 10:04:22 API.py [line:712] INFO 935328225814827009
Tue 28 Nov 2017 10:04:22 API.py [line:712] INFO 935328226351575040
Tue 28 Nov 2017 10:04:22 API.py [line:712] INFO 935328226888515584
Tue 28 Nov 2017 10:04:22 API.py [line:712] INFO 935328227530338304
Tue 28 Nov 2017 10:04:22 API.py [line:712] INFO 935328233012236288
Tue 28 Nov 2017 10:04:22 API.py [line:712] INFO 935328234341769216
Tue 28 Nov 2017 10:04:22 API.py [line:712] INFO 935328237890060288
Tue 28 Nov 2017 10:04:22 API.py [line:712] INFO 935328239563702273
Tue 28 Nov 2017 10:04:22 API.py [line:712] INFO 935328241539194880
Tue 28 Nov 2017 10:04:22 API.py [line:712] INFO 935328242017492992
Tue 28 Nov 2017 10:04:22 API.py [line:712] INFO 935328254604406784
Tue 28 Nov 2017 10:04:22 API.py [line:712] INFO 935328261302874114
Tue 28 Nov 2017 10:04:23 API.py [line:712] INFO 935328263320276992
Tue 28 Nov 2017 10:04:23 API.py [line:712] INFO 935328268210798592
Tue 28 Nov 2017 10:04:24 API.py [line:712] INFO 935328268974215168
Tue 28 Nov 2017 10:04:27 API.py [line:712] INFO 935328269792104449
Tue 28 Nov 2017 10:04:28 API.py [line:712] INFO 935328269985046528
Tue 28 Nov 2017 10:04:29 API.py [line:712] INFO 935328262502445057
Tue 28 Nov 2017 10:04:31 API.py [line:712] INFO 935328276771459072
Tue 28 Nov 2017 10:04:49 API.py [line:712] INFO 935328280776863745
Tue 28 Nov 2017 10:04:49 API.py [line:712] INFO 935328281120960512
Tue 28 Nov 2017 10:04:50 API.py [line:712] INFO 935328283046109184
Tue 28 Nov 2017 10:04:50 API.py [line:712] INFO 935328284690149376
Tue 28 Nov 2017 10:04:50 API.py [line:712] INFO 935328284753170432
Tue 28 Nov 2017 10:04:50 API.py [line:712] INFO 935328286057537543
Tue 28 Nov 2017 10:04:50 API.py [line:712] INFO 935328289115262976
Tue 28 Nov 2017 10:04:50 API.py [line:712] INFO 935328289668788224
Tue 28 Nov 2017 10:04:51 API.py [line:712] INFO 935328291677974528
Tue 28 Nov 2017 10:04:51 API.py [line:712] INFO 935328294425255936
Tue 28 Nov 2017 10:04:51 API.py [line:712] INFO 935328298040672256
Tue 28 Nov 2017 10:04:51 API.py [line:712] INFO 935328299584176128
Tue 28 Nov 2017 10:04:51 API.py [line:712] INFO 935328301744316416
Tue 28 Nov 2017 10:04:51 API.py [line:712] INFO 935328302398607360
Tue 28 Nov 2017 10:04:51 API.py [line:712] INFO 935328303031861248
Tue 28 Nov 2017 10:04:51 API.py [line:712] INFO 935328306475319296
Tue 28 Nov 2017 10:04:51 API.py [line:712] INFO 935328307192717313
Tue 28 Nov 2017 10:04:52 API.py [line:712] INFO 935328307515744256
Tue 28 Nov 2017 10:04:53 API.py [line:712] INFO 935328309621207040
Tue 28 Nov 2017 10:04:53 API.py [line:712] INFO 935328309801562112
Tue 28 Nov 2017 10:04:53 API.py [line:712] INFO 935328312544686080
Tue 28 Nov 2017 10:04:54 API.py [line:712] INFO 935328313723310081
Tue 28 Nov 2017 10:04:54 API.py [line:712] INFO 935328320580964352
Tue 28 Nov 2017 10:04:54 API.py [line:712] INFO 935328321512116229
Tue 28 Nov 2017 10:04:54 API.py [line:712] INFO 935328324829683714
Tue 28 Nov 2017 10:04:54 API.py [line:712] INFO 935328325895036933
Tue 28 Nov 2017 10:04:54 API.py [line:712] INFO 935328329309110272
Tue 28 Nov 2017 10:04:55 API.py [line:712] INFO 935328330282237952
Tue 28 Nov 2017 10:04:55 API.py [line:712] INFO 935328332308209664
Tue 28 Nov 2017 10:04:56 API.py [line:712] INFO 935328330651336704
Tue 28 Nov 2017 10:04:58 API.py [line:712] INFO 935328333507653632
Tue 28 Nov 2017 10:04:59 API.py [line:712] INFO 935328333964775424
Tue 28 Nov 2017 10:04:59 API.py [line:712] INFO 935328333612580865
Tue 28 Nov 2017 10:05:00 API.py [line:712] INFO 935328334598361088
Tue 28 Nov 2017 10:05:01 API.py [line:712] INFO 935328339115483136
Tue 28 Nov 2017 10:05:02 API.py [line:712] INFO 935328346363138048
Tue 28 Nov 2017 10:05:15 API.py [line:712] INFO 935328347047022593
Tue 28 Nov 2017 10:05:16 TwitterError.py [line:22] WARNING 400 statuses/filter text ('Connection broken: IncompleteRead(0 bytes read, 2000 more expected)', IncompleteRead(0 bytes read, 2000 more expected))
Tue 28 Nov 2017 10:05:16 API.py [line:250] ERROR 400 statuses/filter text ('Connection broken: IncompleteRead(0 bytes read, 2000 more expected)', IncompleteRead(0 bytes read, 2000 more expected))
Tue 28 Nov 2017 10:05:25 API.py [line:712] INFO 935328734948683776
Tue 28 Nov 2017 10:05:25 API.py [line:712] INFO 935328739138899969
Tue 28 Nov 2017 10:05:25 API.py [line:712] INFO 935328739352895494
Tue 28 Nov 2017 10:05:26 API.py [line:712] INFO 935328741236006912
Tue 28 Nov 2017 10:05:26 API.py [line:712] INFO 935328741286346752
Tue 28 Nov 2017 10:05:26 API.py [line:712] INFO 935328745132396545
Tue 28 Nov 2017 10:05:27 API.py [line:712] INFO 935328745690357760
Tue 28 Nov 2017 10:05:27 API.py [line:712] INFO 935328746403282944
Tue 28 Nov 2017 10:05:27 API.py [line:712] INFO 935328746403454980
Tue 28 Nov 2017 10:05:28 API.py [line:712] INFO 935328750480236544
Tue 28 Nov 2017 10:05:29 API.py [line:712] INFO 935328752493408256
Tue 28 Nov 2017 10:05:29 API.py [line:712] INFO 935328755798515712
Tue 28 Nov 2017 10:05:30 API.py [line:712] INFO 935328759326167040
Tue 28 Nov 2017 10:05:31 API.py [line:712] INFO 935328764594024450
Tue 28 Nov 2017 10:05:31 API.py [line:712] INFO 935328765571252224
Tue 28 Nov 2017 10:05:33 API.py [line:712] INFO 935328769694240769
Tue 28 Nov 2017 10:05:33 API.py [line:712] INFO 935328769790873600
Tue 28 Nov 2017 10:05:33 API.py [line:712] INFO 935328770218541056
Tue 28 Nov 2017 10:05:33 API.py [line:712] INFO 935328772450017280
Tue 28 Nov 2017 10:05:35 API.py [line:712] INFO 935328776162029568
Tue 28 Nov 2017 10:05:35 API.py [line:712] INFO 935328779290865664
Tue 28 Nov 2017 10:05:36 API.py [line:712] INFO 935328780410867712
Tue 28 Nov 2017 10:05:37 API.py [line:712] INFO 935328781996318722
Tue 28 Nov 2017 10:05:38 API.py [line:712] INFO 935328782130536448
Tue 28 Nov 2017 10:05:38 API.py [line:712] INFO 935328782944231425
Tue 28 Nov 2017 10:05:39 API.py [line:712] INFO 935328792788262912
Tue 28 Nov 2017 10:05:40 API.py [line:712] INFO 935328794164039680
Tue 28 Nov 2017 10:05:40 API.py [line:712] INFO 935328794939883523
Tue 28 Nov 2017 10:05:41 API.py [line:712] INFO 935328796781064192
Tue 28 Nov 2017 10:05:42 API.py [line:712] INFO 935328805148811267
Tue 28 Nov 2017 10:05:42 API.py [line:712] INFO 935328807598346240
Tue 28 Nov 2017 10:05:43 API.py [line:712] INFO 935328808969875456
Tue 28 Nov 2017 10:05:44 API.py [line:712] INFO 935328812316876805
Tue 28 Nov 2017 10:05:44 API.py [line:712] INFO 935328812405051393
Tue 28 Nov 2017 10:05:45 API.py [line:712] INFO 935328812966993920
Tue 28 Nov 2017 10:05:45 API.py [line:712] INFO 935328817358524421
Tue 28 Nov 2017 10:05:46 API.py [line:712] INFO 935328820449517568
Tue 28 Nov 2017 10:05:46 API.py [line:712] INFO 935328821502496768
Tue 28 Nov 2017 10:05:46 API.py [line:712] INFO 935328822085296128
Tue 28 Nov 2017 10:05:47 API.py [line:712] INFO 935328827798183936
Tue 28 Nov 2017 10:05:47 API.py [line:712] INFO 935328828188217344
Tue 28 Nov 2017 10:05:47 API.py [line:712] INFO 935328829819838464
Tue 28 Nov 2017 10:05:47 API.py [line:712] INFO 935328832482971648
Tue 28 Nov 2017 10:05:48 API.py [line:712] INFO 935328834580234240
Tue 28 Nov 2017 10:05:49 API.py [line:712] INFO 935328839000932353
Tue 28 Nov 2017 10:05:51 API.py [line:712] INFO 935328844239716353
Tue 28 Nov 2017 10:05:52 API.py [line:712] INFO 935328848639602689
Tue 28 Nov 2017 10:05:52 API.py [line:712] INFO 935328849147154434
Tue 28 Nov 2017 10:05:53 API.py [line:712] INFO 935328850736709632
Tue 28 Nov 2017 10:05:53 API.py [line:712] INFO 935328850766114816
