Wed 29 Nov 2017 19:10:00 API.py [line:660] INFO start
Wed 29 Nov 2017 19:10:00 API.py [line:692] INFO thread 0 start.
Wed 29 Nov 2017 19:10:00 API.py [line:695] INFO thread 0's token_index 406
Wed 29 Nov 2017 19:10:00 API.py [line:696] INFO {u'access_token': u'723881666054225923-2OTemsKMnb0hU7SHYNqw9CkibwQHBAu', u'consumer_secret': u'LivsS9DTKh4Xmfo2vOG2tpKmrj8lxsYqiDgZLamPBJahFqnjUo', u'consumer_key': u'fO4lXV6LLz5e1Ew6uRDtvXpIQ', u'access_token_secret': u'NGVuNHJjtRlhOia555aKq8AXDsixY2WuoGirMtHgpFxd7'}
Wed 29 Nov 2017 19:10:00 API.py [line:697] INFO [u'china']
Wed 29 Nov 2017 19:10:00 API.py [line:698] INFO ['222.197.180.171:8118']
Wed 29 Nov 2017 19:10:03 API.py [line:712] INFO 935828182850191361
Wed 29 Nov 2017 19:10:03 API.py [line:712] INFO 935828182292459521
Wed 29 Nov 2017 19:10:05 API.py [line:712] INFO 935828187594084352
Wed 29 Nov 2017 19:10:05 API.py [line:712] INFO 935828188621615104
Wed 29 Nov 2017 19:10:05 API.py [line:712] INFO 935828189120749568
Wed 29 Nov 2017 19:10:05 API.py [line:712] INFO 935828187275243520
Wed 29 Nov 2017 19:10:05 API.py [line:712] INFO 935828188579672066
Wed 29 Nov 2017 19:10:06 API.py [line:712] INFO 935828193256259584
Wed 29 Nov 2017 19:10:06 API.py [line:712] INFO 935828194602704897
Wed 29 Nov 2017 19:10:07 API.py [line:712] INFO 935828198415204352
Wed 29 Nov 2017 19:10:08 API.py [line:712] INFO 935828201242107904
Wed 29 Nov 2017 19:10:08 API.py [line:712] INFO 935828201477062656
Wed 29 Nov 2017 19:10:08 API.py [line:712] INFO 935828203406422017
Wed 29 Nov 2017 19:10:10 API.py [line:712] INFO 935828211333603328
Wed 29 Nov 2017 19:10:11 API.py [line:712] INFO 935828205772173312
Wed 29 Nov 2017 19:10:11 API.py [line:712] INFO 935828203981148160
Wed 29 Nov 2017 19:10:11 API.py [line:712] INFO 935828212856381440
Wed 29 Nov 2017 19:10:11 API.py [line:712] INFO 935828215628570624
Wed 29 Nov 2017 19:10:11 API.py [line:712] INFO 935828216857497600
Wed 29 Nov 2017 19:10:11 API.py [line:712] INFO 935828217344139265
Wed 29 Nov 2017 19:10:11 API.py [line:712] INFO 935828217272836096
Wed 29 Nov 2017 19:10:12 API.py [line:712] INFO 935828206552313856
Wed 29 Nov 2017 19:10:12 API.py [line:712] INFO 935828218497548288
Wed 29 Nov 2017 19:10:12 API.py [line:712] INFO 935828218757619712
Wed 29 Nov 2017 19:10:12 API.py [line:712] INFO 935828218766016512
Wed 29 Nov 2017 19:10:12 API.py [line:712] INFO 935828220439535616
Wed 29 Nov 2017 19:10:12 API.py [line:712] INFO 935828221286760450
Wed 29 Nov 2017 19:10:13 API.py [line:712] INFO 935828204769726465
Wed 29 Nov 2017 19:10:13 API.py [line:712] INFO 935828222436167680
Wed 29 Nov 2017 19:10:13 API.py [line:712] INFO 935828222947631104
Wed 29 Nov 2017 19:10:13 API.py [line:712] INFO 935828214043127809
Wed 29 Nov 2017 19:10:13 API.py [line:712] INFO 935828208020312064
Wed 29 Nov 2017 19:10:13 API.py [line:712] INFO 935828223740452864
Wed 29 Nov 2017 19:10:13 API.py [line:712] INFO 935828198042099718
Wed 29 Nov 2017 19:10:13 API.py [line:712] INFO 935828214898921473
Wed 29 Nov 2017 19:10:14 API.py [line:712] INFO 935828225845903360
Wed 29 Nov 2017 19:10:14 API.py [line:712] INFO 935828199220633606
Wed 29 Nov 2017 19:10:14 API.py [line:712] INFO 935828214219460609
Wed 29 Nov 2017 19:10:14 API.py [line:712] INFO 935828199304564736
Wed 29 Nov 2017 19:10:14 API.py [line:712] INFO 935828226592706560
Wed 29 Nov 2017 19:10:14 API.py [line:712] INFO 935828191675117568
Wed 29 Nov 2017 19:10:14 API.py [line:712] INFO 935828223421829120
Wed 29 Nov 2017 19:10:14 API.py [line:712] INFO 935828218833260544
Wed 29 Nov 2017 19:10:14 API.py [line:712] INFO 935828203696017408
Wed 29 Nov 2017 19:10:14 API.py [line:712] INFO 935828227683225601
Wed 29 Nov 2017 19:10:15 API.py [line:712] INFO 935828219927949312
Wed 29 Nov 2017 19:10:15 API.py [line:712] INFO 935828230522658816
Wed 29 Nov 2017 19:10:15 API.py [line:712] INFO 935828231277572096
Wed 29 Nov 2017 19:10:15 API.py [line:712] INFO 935828232267497473
Wed 29 Nov 2017 19:10:15 API.py [line:712] INFO 935828233462931456
Wed 29 Nov 2017 19:10:15 API.py [line:712] INFO 935828232586264577
Wed 29 Nov 2017 19:10:15 API.py [line:712] INFO 935828209098248192
Wed 29 Nov 2017 19:10:16 API.py [line:712] INFO 935828235702566912
Wed 29 Nov 2017 19:10:16 API.py [line:712] INFO 935828236738560000
Wed 29 Nov 2017 19:10:16 API.py [line:712] INFO 935828237170724864
Wed 29 Nov 2017 19:10:17 API.py [line:712] INFO 935828239229972480
Wed 29 Nov 2017 19:10:17 API.py [line:712] INFO 935828238278029312
Wed 29 Nov 2017 19:10:17 API.py [line:712] INFO 935828241008402432
Wed 29 Nov 2017 19:10:17 API.py [line:712] INFO 935828242224656384
Wed 29 Nov 2017 19:10:17 API.py [line:712] INFO 935828242589556736
Wed 29 Nov 2017 19:10:18 API.py [line:712] INFO 935828243617275906
Wed 29 Nov 2017 19:10:19 API.py [line:712] INFO 935828247106928640
Wed 29 Nov 2017 19:10:19 API.py [line:712] INFO 935828248121966592
Wed 29 Nov 2017 19:10:19 API.py [line:712] INFO 935828248658829312
Wed 29 Nov 2017 19:10:19 API.py [line:712] INFO 935828250307317760
Wed 29 Nov 2017 19:10:20 API.py [line:712] INFO 935828251729104896
Wed 29 Nov 2017 19:10:20 API.py [line:712] INFO 935828253339656192
Wed 29 Nov 2017 19:10:20 API.py [line:712] INFO 935828254820356096
Wed 29 Nov 2017 19:10:21 API.py [line:712] INFO 935828254539288576
Wed 29 Nov 2017 19:10:21 API.py [line:712] INFO 935828255579439104
Wed 29 Nov 2017 19:10:21 API.py [line:712] INFO 935828258523824129
Wed 29 Nov 2017 19:10:21 API.py [line:712] INFO 935828258599288832
Wed 29 Nov 2017 19:10:22 API.py [line:712] INFO 935828259509604352
Wed 29 Nov 2017 19:10:22 API.py [line:712] INFO 935828259413135360
Wed 29 Nov 2017 19:10:22 API.py [line:712] INFO 935828260146966529
Wed 29 Nov 2017 19:10:22 API.py [line:712] INFO 935828261015310337
Wed 29 Nov 2017 19:10:23 API.py [line:712] INFO 935828263833763840
Wed 29 Nov 2017 19:10:23 API.py [line:712] INFO 935828262365945856
Wed 29 Nov 2017 19:10:23 API.py [line:712] INFO 935828264974663680
Wed 29 Nov 2017 19:10:23 API.py [line:712] INFO 935828265599508480
Wed 29 Nov 2017 19:10:23 API.py [line:712] INFO 935828265343832065
Wed 29 Nov 2017 19:10:23 API.py [line:712] INFO 935828265620533248
Wed 29 Nov 2017 19:10:23 API.py [line:712] INFO 935828266174132225
Wed 29 Nov 2017 19:10:23 API.py [line:712] INFO 935828267197661184
Wed 29 Nov 2017 19:10:23 API.py [line:712] INFO 935828267902234624
Wed 29 Nov 2017 19:10:24 API.py [line:712] INFO 935828269504573440
Wed 29 Nov 2017 19:10:24 API.py [line:712] INFO 935828269814792192
Wed 29 Nov 2017 19:10:25 API.py [line:712] INFO 935828272692318214
Wed 29 Nov 2017 19:10:26 API.py [line:712] INFO 935828277347753984
Wed 29 Nov 2017 19:10:26 API.py [line:712] INFO 935828278241247232
Wed 29 Nov 2017 19:10:26 API.py [line:712] INFO 935828278744530944
Wed 29 Nov 2017 19:10:26 API.py [line:712] INFO 935828279734308865
Wed 29 Nov 2017 19:10:27 API.py [line:712] INFO 935828282129367040
Wed 29 Nov 2017 19:10:27 API.py [line:712] INFO 935828282444058624
Wed 29 Nov 2017 19:10:27 API.py [line:712] INFO 935828282498482178
Wed 29 Nov 2017 19:10:28 API.py [line:712] INFO 935828284864188416
Wed 29 Nov 2017 19:10:28 API.py [line:712] INFO 935828285111517185
Wed 29 Nov 2017 19:10:28 API.py [line:712] INFO 935828285442834433
Wed 29 Nov 2017 19:10:28 API.py [line:712] INFO 935828286659223553
Wed 29 Nov 2017 19:10:28 API.py [line:712] INFO 935828287489822721
Wed 29 Nov 2017 19:10:28 API.py [line:712] INFO 935828287615569920
Wed 29 Nov 2017 19:10:28 API.py [line:712] INFO 935828289117044736
Wed 29 Nov 2017 19:10:29 API.py [line:712] INFO 935828289498726400
Wed 29 Nov 2017 19:10:29 API.py [line:712] INFO 935828289695789057
Wed 29 Nov 2017 19:10:29 API.py [line:712] INFO 935828290387853313
Wed 29 Nov 2017 19:10:29 API.py [line:712] INFO 935828290798882816
Wed 29 Nov 2017 19:10:29 API.py [line:712] INFO 935828290706718722
Wed 29 Nov 2017 19:10:29 API.py [line:712] INFO 935828292040474625
Wed 29 Nov 2017 19:10:29 API.py [line:712] INFO 935828292749336576
Wed 29 Nov 2017 19:10:29 API.py [line:712] INFO 935828293059612672
Wed 29 Nov 2017 19:10:30 API.py [line:712] INFO 935828294020227072
Wed 29 Nov 2017 19:10:30 API.py [line:712] INFO 935828293907046400
Wed 29 Nov 2017 19:10:30 API.py [line:712] INFO 935828294666244096
Wed 29 Nov 2017 19:10:30 API.py [line:712] INFO 935828295823663104
Wed 29 Nov 2017 19:10:30 API.py [line:712] INFO 935828297073561600
Wed 29 Nov 2017 19:10:30 API.py [line:712] INFO 935828297413361664
Wed 29 Nov 2017 19:10:31 API.py [line:712] INFO 935828297568591872
Wed 29 Nov 2017 19:10:31 API.py [line:712] INFO 935828298206081024
Wed 29 Nov 2017 19:10:31 API.py [line:712] INFO 935828298881368065
Wed 29 Nov 2017 19:10:31 API.py [line:712] INFO 935828299602837504
Wed 29 Nov 2017 19:10:31 API.py [line:712] INFO 935828300282322944
Wed 29 Nov 2017 19:10:31 API.py [line:712] INFO 935828299879555072
Wed 29 Nov 2017 19:10:32 API.py [line:712] INFO 935828304686469120
Wed 29 Nov 2017 19:10:32 API.py [line:712] INFO 935828305529405440
Wed 29 Nov 2017 19:10:34 API.py [line:712] INFO 935828310273265665
Wed 29 Nov 2017 19:10:34 API.py [line:712] INFO 935828311300640768
Wed 29 Nov 2017 19:10:34 API.py [line:712] INFO 935828313045471235
Wed 29 Nov 2017 19:10:34 API.py [line:712] INFO 935828313959907328
Wed 29 Nov 2017 19:10:35 API.py [line:712] INFO 935828317969686528
Wed 29 Nov 2017 19:10:36 API.py [line:712] INFO 935828319970512896
Wed 29 Nov 2017 19:10:36 API.py [line:712] INFO 935828321211899904
Wed 29 Nov 2017 19:10:37 API.py [line:712] INFO 935828322910703617
Wed 29 Nov 2017 19:10:37 API.py [line:712] INFO 935828323233685504
Wed 29 Nov 2017 19:10:37 API.py [line:712] INFO 935828323845816320
Wed 29 Nov 2017 19:10:37 API.py [line:712] INFO 935828323594330112
Wed 29 Nov 2017 19:10:37 API.py [line:712] INFO 935828324621930497
Wed 29 Nov 2017 19:10:37 API.py [line:712] INFO 935828325259288576
Wed 29 Nov 2017 19:10:37 API.py [line:712] INFO 935828326219857922
Wed 29 Nov 2017 19:10:38 API.py [line:712] INFO 935828326572322816
Wed 29 Nov 2017 19:10:39 API.py [line:712] INFO 935828331231977472
Wed 29 Nov 2017 19:10:39 API.py [line:712] INFO 935828331945062401
Wed 29 Nov 2017 19:10:39 API.py [line:712] INFO 935828332507099136
Wed 29 Nov 2017 19:10:39 API.py [line:712] INFO 935828333727592448
Wed 29 Nov 2017 19:10:39 API.py [line:712] INFO 935828334013009921
Wed 29 Nov 2017 19:10:40 API.py [line:712] INFO 935828335937982465
Wed 29 Nov 2017 19:10:41 API.py [line:712] INFO 935828341894004736
Wed 29 Nov 2017 19:10:41 API.py [line:712] INFO 935828341969494016
Wed 29 Nov 2017 19:10:42 API.py [line:712] INFO 935828344943366144
Wed 29 Nov 2017 19:10:43 API.py [line:712] INFO 935828350395756545
Wed 29 Nov 2017 19:10:44 API.py [line:712] INFO 935828354950983682
Wed 29 Nov 2017 19:10:44 API.py [line:712] INFO 935828355634683904
Wed 29 Nov 2017 19:10:45 API.py [line:712] INFO 935828357949870081
Wed 29 Nov 2017 19:10:45 API.py [line:712] INFO 935828359413501954
Wed 29 Nov 2017 19:10:46 API.py [line:712] INFO 935828360600547328
Wed 29 Nov 2017 19:10:48 API.py [line:712] INFO 935828369781932038
Wed 29 Nov 2017 19:10:48 API.py [line:712] INFO 935828370549489664
Wed 29 Nov 2017 19:10:48 API.py [line:712] INFO 935828371086495744
Wed 29 Nov 2017 19:10:48 API.py [line:712] INFO 935828372806025216
Wed 29 Nov 2017 19:10:49 API.py [line:712] INFO 935828372709666816
Wed 29 Nov 2017 19:10:49 API.py [line:712] INFO 935828372864856065
Wed 29 Nov 2017 19:10:49 API.py [line:712] INFO 935828373678387201
Wed 29 Nov 2017 19:10:50 API.py [line:712] INFO 935828377977548802
Wed 29 Nov 2017 19:10:50 API.py [line:712] INFO 935828376962682880
Wed 29 Nov 2017 19:10:50 API.py [line:712] INFO 935828376677421057
Wed 29 Nov 2017 19:10:50 API.py [line:712] INFO 935828380246609921
Wed 29 Nov 2017 19:10:50 API.py [line:712] INFO 935828376228646913
Wed 29 Nov 2017 19:10:50 API.py [line:712] INFO 935828376962682880
Wed 29 Nov 2017 19:10:50 API.py [line:712] INFO 935828380729204736
Wed 29 Nov 2017 19:10:51 API.py [line:712] INFO 935828375561822208
Wed 29 Nov 2017 19:10:51 API.py [line:712] INFO 935828382096424960
Wed 29 Nov 2017 19:10:51 API.py [line:712] INFO 935828382406840320
Wed 29 Nov 2017 19:10:52 API.py [line:712] INFO 935828386680922113
Wed 29 Nov 2017 19:10:52 API.py [line:712] INFO 935828388656291840
Wed 29 Nov 2017 19:10:53 API.py [line:712] INFO 935828390342361088
Wed 29 Nov 2017 19:10:53 API.py [line:712] INFO 935828390623539200
Wed 29 Nov 2017 19:10:54 API.py [line:712] INFO 935828394843017216
Wed 29 Nov 2017 19:10:54 API.py [line:712] INFO 935828395589431297
Wed 29 Nov 2017 19:10:54 API.py [line:712] INFO 935828396982112256
Wed 29 Nov 2017 19:10:54 API.py [line:712] INFO 935828397896249344
Wed 29 Nov 2017 19:10:55 API.py [line:712] INFO 935828397996916736
Wed 29 Nov 2017 19:10:55 API.py [line:712] INFO 935828398584111104
Wed 29 Nov 2017 19:10:55 API.py [line:712] INFO 935828399427383298
Wed 29 Nov 2017 19:10:55 API.py [line:712] INFO 935828401642000384
Wed 29 Nov 2017 19:10:55 API.py [line:712] INFO 935828402031882241
Wed 29 Nov 2017 19:10:55 API.py [line:712] INFO 935828402153562112
Wed 29 Nov 2017 19:10:56 API.py [line:712] INFO 935828403864735744
Wed 29 Nov 2017 19:10:57 API.py [line:712] INFO 935828410416316416
Wed 29 Nov 2017 19:10:58 API.py [line:712] INFO 935828413922889728
Wed 29 Nov 2017 19:10:59 API.py [line:712] INFO 935828417781436416
Wed 29 Nov 2017 19:11:00 API.py [line:712] INFO 935828421892034560
Wed 29 Nov 2017 19:11:00 API.py [line:712] INFO 935828422353227776
Wed 29 Nov 2017 19:11:00 API.py [line:712] INFO 935828422072381440
Wed 29 Nov 2017 19:11:01 API.py [line:712] INFO 935828423733161984
Wed 29 Nov 2017 19:11:01 API.py [line:712] INFO 935828424957902848
Wed 29 Nov 2017 19:11:01 API.py [line:712] INFO 935828425951997953
Wed 29 Nov 2017 19:11:02 API.py [line:712] INFO 935828428112068609
Wed 29 Nov 2017 19:11:02 API.py [line:712] INFO 935828428330283009
Wed 29 Nov 2017 19:11:02 API.py [line:712] INFO 935828428481269760
