Mon 20 Nov 2017 18:59:27 API.py [line:660] INFO start
Mon 20 Nov 2017 18:59:27 API.py [line:692] INFO thread 0 start.
Mon 20 Nov 2017 18:59:27 API.py [line:695] INFO thread 0's token_index 134
Mon 20 Nov 2017 18:59:27 API.py [line:696] INFO {u'access_token': u'714622351539744769-SRHZUl7dEH6jZAuWHGiL9M7zju4xJx5', u'consumer_secret': u'LivsS9DTKh4Xmfo2vOG2tpKmrj8lxsYqiDgZLamPBJahFqnjUo', u'consumer_key': u'fO4lXV6LLz5e1Ew6uRDtvXpIQ', u'access_token_secret': u'fVRoP2uNLOGveS0zmPGARNCphmtG47L5CZCgH1ltyjY8L'}
Mon 20 Nov 2017 18:59:27 API.py [line:697] INFO [u'shooting,china']
Mon 20 Nov 2017 18:59:27 API.py [line:698] INFO ['192.168.1.148:8118']
Mon 20 Nov 2017 18:59:29 API.py [line:712] INFO 932564043893805059
Mon 20 Nov 2017 18:59:29 API.py [line:712] INFO 932564044426502144
Mon 20 Nov 2017 18:59:30 API.py [line:712] INFO 932564046686986240
Mon 20 Nov 2017 18:59:30 API.py [line:712] INFO 932564047014322176
Mon 20 Nov 2017 18:59:31 API.py [line:712] INFO 932564050386587648
Mon 20 Nov 2017 18:59:31 API.py [line:712] INFO 932564052433289216
Mon 20 Nov 2017 18:59:32 API.py [line:712] INFO 932564056287801344
Mon 20 Nov 2017 18:59:33 API.py [line:712] INFO 932564058846515200
Mon 20 Nov 2017 18:59:33 API.py [line:712] INFO 932564058905161728
Mon 20 Nov 2017 18:59:33 API.py [line:712] INFO 932564059764948992
Mon 20 Nov 2017 18:59:33 API.py [line:712] INFO 932564060100427776
Mon 20 Nov 2017 18:59:33 API.py [line:712] INFO 932564060788350976
Mon 20 Nov 2017 18:59:33 API.py [line:712] INFO 932564061207875585
Mon 20 Nov 2017 18:59:34 API.py [line:712] INFO 932564062017282048
Mon 20 Nov 2017 18:59:34 API.py [line:712] INFO 932564060838809601
Mon 20 Nov 2017 18:59:34 API.py [line:712] INFO 932564063732854786
Mon 20 Nov 2017 18:59:35 API.py [line:712] INFO 932564065863417857
Mon 20 Nov 2017 18:59:35 API.py [line:712] INFO 932564069390995457
Mon 20 Nov 2017 18:59:35 API.py [line:712] INFO 932564070280187904
Mon 20 Nov 2017 18:59:35 API.py [line:712] INFO 932564070129176576
Mon 20 Nov 2017 18:59:36 API.py [line:712] INFO 932564071202873345
Mon 20 Nov 2017 18:59:36 API.py [line:712] INFO 932564071693635585
Mon 20 Nov 2017 18:59:36 API.py [line:712] INFO 932564071764889601
Mon 20 Nov 2017 18:59:36 API.py [line:712] INFO 932564071890800641
Mon 20 Nov 2017 18:59:36 API.py [line:712] INFO 932564073006452736
Mon 20 Nov 2017 18:59:36 API.py [line:712] INFO 932564074591850497
Mon 20 Nov 2017 18:59:37 API.py [line:712] INFO 932564075078397952
Mon 20 Nov 2017 18:59:37 API.py [line:712] INFO 932564074671628289
Mon 20 Nov 2017 18:59:37 API.py [line:712] INFO 932564075292315649
Mon 20 Nov 2017 18:59:37 API.py [line:712] INFO 932564075908878337
Mon 20 Nov 2017 18:59:37 API.py [line:712] INFO 932564076382883840
Mon 20 Nov 2017 18:59:37 API.py [line:712] INFO 932564077922148352
Mon 20 Nov 2017 18:59:37 API.py [line:712] INFO 932564078148685830
Mon 20 Nov 2017 18:59:38 API.py [line:712] INFO 932564078643564544
Mon 20 Nov 2017 18:59:38 API.py [line:712] INFO 932564080363057152
Mon 20 Nov 2017 18:59:38 API.py [line:712] INFO 932564079125979136
Mon 20 Nov 2017 18:59:38 API.py [line:712] INFO 932564081109884928
Mon 20 Nov 2017 18:59:38 API.py [line:712] INFO 932564081885794304
Mon 20 Nov 2017 18:59:39 API.py [line:712] INFO 932564083840348161
Mon 20 Nov 2017 18:59:39 API.py [line:712] INFO 932564082695143426
Mon 20 Nov 2017 18:59:39 API.py [line:712] INFO 932564084347809792
Mon 20 Nov 2017 18:59:39 API.py [line:712] INFO 932564085606047745
Mon 20 Nov 2017 18:59:40 API.py [line:712] INFO 932564087548063744
Mon 20 Nov 2017 18:59:40 API.py [line:712] INFO 932564087837417472
Mon 20 Nov 2017 18:59:40 API.py [line:712] INFO 932564089460498437
Mon 20 Nov 2017 18:59:40 API.py [line:712] INFO 932564089691402240
Mon 20 Nov 2017 18:59:40 API.py [line:712] INFO 932564091293655040
Mon 20 Nov 2017 18:59:41 API.py [line:712] INFO 932564091901587456
Mon 20 Nov 2017 18:59:41 API.py [line:712] INFO 932564093499736064
Mon 20 Nov 2017 18:59:41 API.py [line:712] INFO 932564093449461760
Mon 20 Nov 2017 18:59:41 API.py [line:712] INFO 932564095328546817
Mon 20 Nov 2017 18:59:42 API.py [line:712] INFO 932564097236946944
Mon 20 Nov 2017 18:59:42 API.py [line:712] INFO 932564097765380096
Mon 20 Nov 2017 18:59:42 API.py [line:712] INFO 932564099468103680
Mon 20 Nov 2017 18:59:43 API.py [line:712] INFO 932564099560542208
Mon 20 Nov 2017 18:59:43 API.py [line:712] INFO 932564100038778880
Mon 20 Nov 2017 18:59:43 API.py [line:712] INFO 932564101410193408
Mon 20 Nov 2017 18:59:43 API.py [line:712] INFO 932564103155118082
Mon 20 Nov 2017 18:59:43 API.py [line:712] INFO 932564103910035456
Mon 20 Nov 2017 18:59:44 API.py [line:712] INFO 932564103935250432
Mon 20 Nov 2017 18:59:44 API.py [line:712] INFO 932564105571000320
Mon 20 Nov 2017 18:59:44 API.py [line:712] INFO 932564106313420808
Mon 20 Nov 2017 18:59:44 API.py [line:712] INFO 932564105617203200
Mon 20 Nov 2017 18:59:44 API.py [line:712] INFO 932564107005480963
Mon 20 Nov 2017 18:59:45 API.py [line:712] INFO 932564108456574982
Mon 20 Nov 2017 18:59:45 API.py [line:712] INFO 932564108796399616
Mon 20 Nov 2017 18:59:45 API.py [line:712] INFO 932564109211656197
Mon 20 Nov 2017 18:59:45 API.py [line:712] INFO 932564109803040768
Mon 20 Nov 2017 18:59:45 API.py [line:712] INFO 932564112005062666
Mon 20 Nov 2017 18:59:45 API.py [line:712] INFO 932564112143409152
Mon 20 Nov 2017 18:59:46 API.py [line:712] INFO 932564114794274817
Mon 20 Nov 2017 18:59:46 API.py [line:712] INFO 932564116543172608
Mon 20 Nov 2017 18:59:47 API.py [line:712] INFO 932564117386342401
Mon 20 Nov 2017 18:59:47 API.py [line:712] INFO 932564117394780160
Mon 20 Nov 2017 18:59:47 API.py [line:712] INFO 932564117583523840
Mon 20 Nov 2017 18:59:47 API.py [line:712] INFO 932564119084982272
Mon 20 Nov 2017 18:59:47 API.py [line:712] INFO 932564118950891521
Mon 20 Nov 2017 18:59:48 API.py [line:712] INFO 932564121479995393
Mon 20 Nov 2017 18:59:48 API.py [line:712] INFO 932564123438735360
Mon 20 Nov 2017 18:59:49 API.py [line:712] INFO 932564122490867712
Mon 20 Nov 2017 18:59:49 API.py [line:712] INFO 932564125057732609
Mon 20 Nov 2017 18:59:49 API.py [line:712] INFO 932564124961296384
Mon 20 Nov 2017 18:59:49 API.py [line:712] INFO 932564125519155200
Mon 20 Nov 2017 18:59:49 API.py [line:712] INFO 932564126412541952
Mon 20 Nov 2017 18:59:49 API.py [line:712] INFO 932564126668328960
Mon 20 Nov 2017 18:59:50 API.py [line:712] INFO 932564128379686912
Mon 20 Nov 2017 18:59:50 API.py [line:712] INFO 932564131382665216
Mon 20 Nov 2017 18:59:50 API.py [line:712] INFO 932564131487428608
Mon 20 Nov 2017 18:59:50 API.py [line:712] INFO 932564132490031106
Mon 20 Nov 2017 18:59:50 API.py [line:712] INFO 932564133349752833
Mon 20 Nov 2017 18:59:51 API.py [line:712] INFO 932564136189362176
Mon 20 Nov 2017 18:59:53 API.py [line:712] INFO 932564142103453696
Mon 20 Nov 2017 18:59:53 API.py [line:712] INFO 932564145945190400
Mon 20 Nov 2017 18:59:54 API.py [line:712] INFO 932564146247421952
Mon 20 Nov 2017 18:59:54 API.py [line:712] INFO 932564147492945920
Mon 20 Nov 2017 18:59:54 API.py [line:712] INFO 932564147371311105
Mon 20 Nov 2017 18:59:54 API.py [line:712] INFO 932564149116088320
Mon 20 Nov 2017 18:59:54 API.py [line:712] INFO 932564149762187264
Mon 20 Nov 2017 18:59:55 API.py [line:712] INFO 932564150705782784
Mon 20 Nov 2017 18:59:55 API.py [line:712] INFO 932564150986919936
Mon 20 Nov 2017 18:59:55 API.py [line:712] INFO 932564151926435840
Mon 20 Nov 2017 18:59:55 API.py [line:712] INFO 932564152182366209
Mon 20 Nov 2017 18:59:55 API.py [line:712] INFO 932564152647864320
Mon 20 Nov 2017 18:59:55 API.py [line:712] INFO 932564154166149120
Mon 20 Nov 2017 18:59:56 API.py [line:712] INFO 932564154589868032
Mon 20 Nov 2017 18:59:56 API.py [line:712] INFO 932564156594745345
Mon 20 Nov 2017 18:59:56 API.py [line:712] INFO 932564156527628288
Mon 20 Nov 2017 18:59:56 API.py [line:712] INFO 932564157097967616
Mon 20 Nov 2017 18:59:57 API.py [line:712] INFO 932564159102947331
Mon 20 Nov 2017 18:59:57 API.py [line:712] INFO 932564159857922050
Mon 20 Nov 2017 18:59:57 API.py [line:712] INFO 932564161204183040
Mon 20 Nov 2017 18:59:57 API.py [line:712] INFO 932564161288134657
Mon 20 Nov 2017 18:59:58 API.py [line:712] INFO 932564164047810565
Mon 20 Nov 2017 18:59:58 API.py [line:712] INFO 932564164744269824
Mon 20 Nov 2017 18:59:58 API.py [line:712] INFO 932564165125984262
Mon 20 Nov 2017 18:59:59 API.py [line:712] INFO 932564168129081345
Mon 20 Nov 2017 18:59:59 API.py [line:712] INFO 932564168359555072
Mon 20 Nov 2017 19:00:00 API.py [line:712] INFO 932564170930827264
Mon 20 Nov 2017 19:00:00 API.py [line:712] INFO 932564171769729029
Mon 20 Nov 2017 19:00:00 API.py [line:712] INFO 932564172776275968
Mon 20 Nov 2017 19:00:00 API.py [line:712] INFO 932564174072352768
Mon 20 Nov 2017 19:00:01 API.py [line:712] INFO 932564175884238849
Mon 20 Nov 2017 19:00:01 API.py [line:712] INFO 932564175422926852
Mon 20 Nov 2017 19:00:01 API.py [line:712] INFO 932564175796211712
Mon 20 Nov 2017 19:00:01 API.py [line:712] INFO 932564176073056256
Mon 20 Nov 2017 19:00:01 API.py [line:712] INFO 932564176236699648
Mon 20 Nov 2017 19:00:01 API.py [line:712] INFO 932564177100480512
Mon 20 Nov 2017 19:00:01 API.py [line:712] INFO 932564177339764736
Mon 20 Nov 2017 19:00:01 API.py [line:712] INFO 932564177775988736
Mon 20 Nov 2017 19:00:01 API.py [line:712] INFO 932564177956364289
Mon 20 Nov 2017 19:00:01 API.py [line:712] INFO 932564178262470656
Mon 20 Nov 2017 19:00:01 API.py [line:712] INFO 932564178497351680
Mon 20 Nov 2017 19:00:01 API.py [line:712] INFO 932564178694389760
Mon 20 Nov 2017 19:00:02 API.py [line:712] INFO 932564179915038720
Mon 20 Nov 2017 19:00:02 API.py [line:712] INFO 932564179700957184
Mon 20 Nov 2017 19:00:02 API.py [line:712] INFO 932564180535775233
Mon 20 Nov 2017 19:00:02 API.py [line:712] INFO 932564180678344704
Mon 20 Nov 2017 19:00:02 API.py [line:712] INFO 932564179860512768
Mon 20 Nov 2017 19:00:02 API.py [line:712] INFO 932564182251184128
Mon 20 Nov 2017 19:00:02 API.py [line:712] INFO 932564181726797824
Mon 20 Nov 2017 19:00:02 API.py [line:712] INFO 932564181982818304
Mon 20 Nov 2017 19:00:02 API.py [line:712] INFO 932564182674886656
Mon 20 Nov 2017 19:00:03 API.py [line:712] INFO 932564182930558976
Mon 20 Nov 2017 19:00:03 API.py [line:712] INFO 932564184209924097
Mon 20 Nov 2017 19:00:03 API.py [line:712] INFO 932564182200807424
Mon 20 Nov 2017 19:00:03 API.py [line:712] INFO 932564185594126337
Mon 20 Nov 2017 19:00:03 API.py [line:712] INFO 932564184016994304
Mon 20 Nov 2017 19:00:03 API.py [line:712] INFO 932564186579615744
Mon 20 Nov 2017 19:00:03 API.py [line:712] INFO 932564186592264192
Mon 20 Nov 2017 19:00:03 API.py [line:712] INFO 932564187175251968
Mon 20 Nov 2017 19:00:03 API.py [line:712] INFO 932564186961506304
Mon 20 Nov 2017 19:00:03 API.py [line:712] INFO 932564187267469312
Mon 20 Nov 2017 19:00:03 API.py [line:712] INFO 932564186760130562
Mon 20 Nov 2017 19:00:04 API.py [line:712] INFO 932564187934593024
Mon 20 Nov 2017 19:00:04 API.py [line:712] INFO 932564188311863296
Mon 20 Nov 2017 19:00:04 API.py [line:712] INFO 932564189159329793
Mon 20 Nov 2017 19:00:04 API.py [line:712] INFO 932564190874648577
Mon 20 Nov 2017 19:00:04 API.py [line:712] INFO 932564189507289089
Mon 20 Nov 2017 19:00:04 API.py [line:712] INFO 932564191273037824
Mon 20 Nov 2017 19:00:05 API.py [line:712] INFO 932564191684255744
Mon 20 Nov 2017 19:00:05 API.py [line:712] INFO 932564191793250304
Mon 20 Nov 2017 19:00:05 API.py [line:712] INFO 932564191612997632
Mon 20 Nov 2017 19:00:05 API.py [line:712] INFO 932564192099319808
Mon 20 Nov 2017 19:00:05 API.py [line:712] INFO 932564191508029441
Mon 20 Nov 2017 19:00:05 API.py [line:712] INFO 932564192544116737
Mon 20 Nov 2017 19:00:05 API.py [line:712] INFO 932564192598614016
Mon 20 Nov 2017 19:00:05 API.py [line:712] INFO 932564194171506690
Mon 20 Nov 2017 19:00:05 API.py [line:712] INFO 932564195479920640
Mon 20 Nov 2017 19:00:05 API.py [line:712] INFO 932564195287150592
Mon 20 Nov 2017 19:00:05 API.py [line:712] INFO 932564195840745472
Mon 20 Nov 2017 19:00:06 API.py [line:712] INFO 932564196335783936
Mon 20 Nov 2017 19:00:06 API.py [line:712] INFO 932564197828726784
Mon 20 Nov 2017 19:00:06 API.py [line:712] INFO 932564197786902529
Mon 20 Nov 2017 19:00:07 API.py [line:712] INFO 932564196591591425
Mon 20 Nov 2017 19:00:07 API.py [line:712] INFO 932564198399156224
Mon 20 Nov 2017 19:00:07 API.py [line:712] INFO 932564198655115265
Mon 20 Nov 2017 19:00:07 API.py [line:712] INFO 932564198302810113
Mon 20 Nov 2017 19:00:07 API.py [line:712] INFO 932564199288348674
Mon 20 Nov 2017 19:00:07 API.py [line:712] INFO 932564199930073088
Mon 20 Nov 2017 19:00:07 API.py [line:712] INFO 932564200022528003
Mon 20 Nov 2017 19:00:07 API.py [line:712] INFO 932564196998500352
Mon 20 Nov 2017 19:00:07 API.py [line:712] INFO 932564200517455872
Mon 20 Nov 2017 19:00:07 API.py [line:712] INFO 932564200798515201
Mon 20 Nov 2017 19:00:07 API.py [line:712] INFO 932564200777486336
Mon 20 Nov 2017 19:00:08 API.py [line:712] INFO 932564204401381376
Mon 20 Nov 2017 19:00:08 API.py [line:712] INFO 932564206213259264
Mon 20 Nov 2017 19:00:08 API.py [line:712] INFO 932564206620160000
Mon 20 Nov 2017 19:00:08 API.py [line:712] INFO 932564204455956480
Mon 20 Nov 2017 19:00:08 API.py [line:712] INFO 932564207358349312
Mon 20 Nov 2017 19:00:08 API.py [line:712] INFO 932564208213934080
Mon 20 Nov 2017 19:00:09 API.py [line:712] INFO 932564208486699009
Mon 20 Nov 2017 19:00:09 API.py [line:712] INFO 932564209409429505
Mon 20 Nov 2017 19:00:09 API.py [line:712] INFO 932564211112087552
Mon 20 Nov 2017 19:00:09 API.py [line:712] INFO 932564211527327744
Mon 20 Nov 2017 19:00:09 API.py [line:712] INFO 932564211976294400
Mon 20 Nov 2017 19:00:09 API.py [line:712] INFO 932564212408131584
Mon 20 Nov 2017 19:00:09 API.py [line:712] INFO 932564212215439360
Mon 20 Nov 2017 19:00:09 API.py [line:712] INFO 932564212223762433
Mon 20 Nov 2017 19:00:10 API.py [line:712] INFO 932564213599322112
Mon 20 Nov 2017 19:00:10 API.py [line:712] INFO 932564212618014721
Mon 20 Nov 2017 19:00:10 API.py [line:712] INFO 932564189708738561
Mon 20 Nov 2017 19:00:10 API.py [line:712] INFO 932564214606114816
Mon 20 Nov 2017 19:00:11 API.py [line:712] INFO 932564216770367488
Mon 20 Nov 2017 19:00:11 API.py [line:712] INFO 932564217533739008
Mon 20 Nov 2017 19:00:11 API.py [line:712] INFO 932564218225790976
Mon 20 Nov 2017 19:00:11 API.py [line:712] INFO 932564219660242944
Mon 20 Nov 2017 19:00:12 API.py [line:712] INFO 932564223552471040
Mon 20 Nov 2017 19:00:12 API.py [line:712] INFO 932564223032549377
Mon 20 Nov 2017 19:00:13 API.py [line:712] INFO 932564225058361345
Mon 20 Nov 2017 19:00:13 API.py [line:712] INFO 932564225918083072
Mon 20 Nov 2017 19:00:13 API.py [line:712] INFO 932564226610044928
Mon 20 Nov 2017 19:00:13 API.py [line:712] INFO 932564189708738561
Mon 20 Nov 2017 19:00:13 API.py [line:712] INFO 932564227557965824
Mon 20 Nov 2017 19:00:13 API.py [line:712] INFO 932564227939696640
Mon 20 Nov 2017 19:00:13 API.py [line:712] INFO 932564228535390208
Mon 20 Nov 2017 19:00:13 API.py [line:712] INFO 932564228984020992
Mon 20 Nov 2017 19:00:13 API.py [line:712] INFO 932564228883480581
Mon 20 Nov 2017 19:00:13 API.py [line:712] INFO 932564228136980480
Mon 20 Nov 2017 19:00:13 API.py [line:712] INFO 932564227331641344
Mon 20 Nov 2017 19:00:13 API.py [line:712] INFO 932564229600751616
Mon 20 Nov 2017 19:00:14 API.py [line:712] INFO 932564229873422336
Mon 20 Nov 2017 19:00:14 API.py [line:712] INFO 932564233627119617
Mon 20 Nov 2017 19:00:14 API.py [line:712] INFO 932564233312788480
Mon 20 Nov 2017 19:00:15 API.py [line:712] INFO 932564234722074624
Mon 20 Nov 2017 19:00:15 API.py [line:712] INFO 932564235237904384
Mon 20 Nov 2017 19:00:15 API.py [line:712] INFO 932564235934142465
Mon 20 Nov 2017 19:00:15 API.py [line:712] INFO 932564236818980865
Mon 20 Nov 2017 19:00:15 API.py [line:712] INFO 932564236223569920
Mon 20 Nov 2017 19:00:16 API.py [line:712] INFO 932564238815584256
Mon 20 Nov 2017 19:00:16 API.py [line:712] INFO 932564237464961025
Mon 20 Nov 2017 19:00:16 API.py [line:712] INFO 932564240006709248
Mon 20 Nov 2017 19:00:17 API.py [line:712] INFO 932564242762366977
Mon 20 Nov 2017 19:00:17 API.py [line:712] INFO 932564242963804160
Mon 20 Nov 2017 19:00:17 API.py [line:712] INFO 932564244117078018
Mon 20 Nov 2017 19:00:18 API.py [line:712] INFO 932564246872825856
Mon 20 Nov 2017 19:00:18 API.py [line:712] INFO 932564246927470593
Mon 20 Nov 2017 19:00:18 API.py [line:712] INFO 932564248760287232
Mon 20 Nov 2017 19:00:18 API.py [line:712] INFO 932564247913021440
Mon 20 Nov 2017 19:00:18 API.py [line:712] INFO 932564249636990978
Mon 20 Nov 2017 19:00:18 API.py [line:712] INFO 932564249804550144
Mon 20 Nov 2017 19:00:18 API.py [line:712] INFO 932564250446454790
Mon 20 Nov 2017 19:00:19 API.py [line:712] INFO 932564250626727936
Mon 20 Nov 2017 19:00:19 API.py [line:712] INFO 932564250735861760
