Tue 28 Nov 2017 09:56:44 API.py [line:660] INFO start
Tue 28 Nov 2017 09:56:44 API.py [line:692] INFO thread 0 start.
Tue 28 Nov 2017 09:56:44 API.py [line:695] INFO thread 0's token_index 433
Tue 28 Nov 2017 09:56:44 API.py [line:696] INFO {u'access_token': u'725862502320340992-3HrIhSzXOM5Wk7ZRRTUk5SXtKX1aZmN', u'consumer_secret': u'LivsS9DTKh4Xmfo2vOG2tpKmrj8lxsYqiDgZLamPBJahFqnjUo', u'consumer_key': u'fO4lXV6LLz5e1Ew6uRDtvXpIQ', u'access_token_secret': u'MkqYfZHFGIy5LPJFkM4pe0CO9cEXXIFTFmJ1xIbbVkn5J'}
Tue 28 Nov 2017 09:56:44 API.py [line:697] INFO [u'china']
Tue 28 Nov 2017 09:56:44 API.py [line:698] INFO ['192.168.1.148:8118']
Tue 28 Nov 2017 09:56:50 API.py [line:712] INFO 935326578602659840
Tue 28 Nov 2017 09:56:50 API.py [line:712] INFO 935326579005247488
Tue 28 Nov 2017 09:56:51 API.py [line:712] INFO 935326581253226496
Tue 28 Nov 2017 09:56:52 API.py [line:712] INFO 935326582171979777
Tue 28 Nov 2017 09:56:53 API.py [line:712] INFO 935326582847221761
Tue 28 Nov 2017 09:56:53 API.py [line:712] INFO 935326582364823553
Tue 28 Nov 2017 09:56:56 API.py [line:712] INFO 935326588450889729
Tue 28 Nov 2017 09:56:56 API.py [line:712] INFO 935326590334062592
Tue 28 Nov 2017 09:56:56 API.py [line:712] INFO 935326591852441600
Tue 28 Nov 2017 09:56:58 API.py [line:712] INFO 935326592275947520
Tue 28 Nov 2017 09:57:02 API.py [line:712] INFO 935326592850591744
Tue 28 Nov 2017 09:57:04 API.py [line:712] INFO 935326594306060288
Tue 28 Nov 2017 09:57:04 API.py [line:712] INFO 935326594033319936
Tue 28 Nov 2017 09:57:05 API.py [line:712] INFO 935326596873023490
Tue 28 Nov 2017 09:57:06 API.py [line:712] INFO 935326600505073664
Tue 28 Nov 2017 09:57:06 API.py [line:712] INFO 935326600698171392
Tue 28 Nov 2017 09:57:07 API.py [line:712] INFO 935326603948670976
Tue 28 Nov 2017 09:57:08 API.py [line:712] INFO 935326605022564354
Tue 28 Nov 2017 09:57:09 API.py [line:712] INFO 935326606184378370
Tue 28 Nov 2017 09:57:10 API.py [line:712] INFO 935326608776347648
Tue 28 Nov 2017 09:57:11 API.py [line:712] INFO 935326611511144451
Tue 28 Nov 2017 09:57:13 API.py [line:712] INFO 935326613927055360
Tue 28 Nov 2017 09:57:13 API.py [line:712] INFO 935326620176605184
Tue 28 Nov 2017 09:57:14 API.py [line:712] INFO 935326621409710080
Tue 28 Nov 2017 09:57:19 API.py [line:712] INFO 935326621233532930
Tue 28 Nov 2017 09:57:20 API.py [line:712] INFO 935326622604865536
Tue 28 Nov 2017 09:57:21 API.py [line:712] INFO 935326620264607749
Tue 28 Nov 2017 09:57:21 API.py [line:712] INFO 935326625788391424
Tue 28 Nov 2017 09:57:21 API.py [line:712] INFO 935326625960304640
Tue 28 Nov 2017 09:57:22 API.py [line:712] INFO 935326629152284672
Tue 28 Nov 2017 09:57:22 API.py [line:712] INFO 935326630750359552
Tue 28 Nov 2017 09:57:23 API.py [line:712] INFO 935326633229037568
Tue 28 Nov 2017 09:57:23 API.py [line:712] INFO 935326644541075456
Tue 28 Nov 2017 09:57:24 API.py [line:712] INFO 935326644553871360
Tue 28 Nov 2017 09:57:24 API.py [line:712] INFO 935326637444554753
Tue 28 Nov 2017 09:57:25 API.py [line:712] INFO 935326648563634178
Tue 28 Nov 2017 09:57:27 API.py [line:712] INFO 935326648731389952
Tue 28 Nov 2017 09:57:28 API.py [line:712] INFO 935326651524685824
Tue 28 Nov 2017 09:57:29 API.py [line:712] INFO 935326637444554753
Tue 28 Nov 2017 09:57:29 API.py [line:712] INFO 935326656876687360
Tue 28 Nov 2017 09:57:30 API.py [line:712] INFO 935326658676043782
Tue 28 Nov 2017 09:57:31 API.py [line:712] INFO 935326659556847616
Tue 28 Nov 2017 09:57:31 API.py [line:712] INFO 935326663159693313
Tue 28 Nov 2017 09:57:32 API.py [line:712] INFO 935326658307018752
Tue 28 Nov 2017 09:57:32 API.py [line:712] INFO 935326666615918592
Tue 28 Nov 2017 09:57:37 API.py [line:712] INFO 935326667517591553
Tue 28 Nov 2017 09:57:38 API.py [line:712] INFO 935326671397416961
Tue 28 Nov 2017 09:57:39 API.py [line:712] INFO 935326676879323142
Tue 28 Nov 2017 09:57:40 API.py [line:712] INFO 935326675184832513
Tue 28 Nov 2017 09:57:40 API.py [line:712] INFO 935326677357514753
Tue 28 Nov 2017 09:57:41 API.py [line:712] INFO 935326682403278848
Tue 28 Nov 2017 09:57:41 API.py [line:712] INFO 935326683426586624
Tue 28 Nov 2017 09:57:42 API.py [line:712] INFO 935326683586007045
Tue 28 Nov 2017 09:57:46 API.py [line:712] INFO 935326683686617088
Tue 28 Nov 2017 09:57:46 API.py [line:712] INFO 935326688438665216
Tue 28 Nov 2017 09:57:49 API.py [line:712] INFO 935326689835433984
Tue 28 Nov 2017 09:57:49 API.py [line:712] INFO 935326689990725632
Tue 28 Nov 2017 09:57:50 API.py [line:712] INFO 935326690682617856
Tue 28 Nov 2017 09:57:50 API.py [line:712] INFO 935326692427538432
Tue 28 Nov 2017 09:57:52 API.py [line:712] INFO 935326692482174976
Tue 28 Nov 2017 09:57:56 API.py [line:712] INFO 935326693312434176
Tue 28 Nov 2017 09:57:56 API.py [line:712] INFO 935326693325246464
Tue 28 Nov 2017 09:57:57 API.py [line:712] INFO 935326697955647488
Tue 28 Nov 2017 09:57:59 API.py [line:712] INFO 935326700879077376
Tue 28 Nov 2017 09:58:00 API.py [line:712] INFO 935326701491388416
Tue 28 Nov 2017 09:58:01 API.py [line:712] INFO 935326703626407936
Tue 28 Nov 2017 09:58:01 API.py [line:712] INFO 935326701583847424
Tue 28 Nov 2017 09:58:01 API.py [line:712] INFO 935326704909692929
Tue 28 Nov 2017 09:58:03 API.py [line:712] INFO 935326704767205376
Tue 28 Nov 2017 09:58:05 API.py [line:712] INFO 935326708319731712
Tue 28 Nov 2017 09:58:06 API.py [line:712] INFO 935326709750124545
Tue 28 Nov 2017 09:58:06 API.py [line:712] INFO 935326710299373568
Tue 28 Nov 2017 09:58:07 API.py [line:712] INFO 935326709741686785
Tue 28 Nov 2017 09:58:07 API.py [line:712] INFO 935326711545151488
Tue 28 Nov 2017 09:58:08 API.py [line:712] INFO 935326715697434625
Tue 28 Nov 2017 09:58:08 API.py [line:712] INFO 935326716607709184
Tue 28 Nov 2017 09:58:18 API.py [line:712] INFO 935326716398067712
Tue 28 Nov 2017 09:58:19 API.py [line:712] INFO 935326715412451328
Tue 28 Nov 2017 09:58:19 API.py [line:712] INFO 935326723343777792
Tue 28 Nov 2017 09:58:20 API.py [line:712] INFO 935326727420694528
Tue 28 Nov 2017 09:58:21 API.py [line:712] INFO 935326728200867842
Tue 28 Nov 2017 09:58:21 API.py [line:712] INFO 935326728460873734
Tue 28 Nov 2017 09:58:22 API.py [line:712] INFO 935326731623264257
Tue 28 Nov 2017 09:58:24 API.py [line:712] INFO 935326731271012353
Tue 28 Nov 2017 09:58:32 API.py [line:712] INFO 935326743753318400
Tue 28 Nov 2017 09:58:32 API.py [line:712] INFO 935326745040949248
Tue 28 Nov 2017 09:58:34 API.py [line:712] INFO 935326752557158400
Tue 28 Nov 2017 09:58:34 API.py [line:712] INFO 935326753500696581
Tue 28 Nov 2017 09:58:35 API.py [line:712] INFO 935326753123393536
Tue 28 Nov 2017 09:58:36 API.py [line:712] INFO 935326753710661632
Tue 28 Nov 2017 09:58:37 API.py [line:712] INFO 935326753433751560
Tue 28 Nov 2017 09:58:38 API.py [line:712] INFO 935326755761553408
Tue 28 Nov 2017 09:58:38 API.py [line:712] INFO 935326756134731776
Tue 28 Nov 2017 09:58:40 API.py [line:712] INFO 935326757619683334
Tue 28 Nov 2017 09:58:42 API.py [line:712] INFO 935326759897190401
Tue 28 Nov 2017 09:58:42 API.py [line:712] INFO 935326763332317185
Tue 28 Nov 2017 09:58:43 API.py [line:712] INFO 935326765970370560
Tue 28 Nov 2017 09:58:45 API.py [line:712] INFO 935326766096404480
Tue 28 Nov 2017 09:58:45 API.py [line:712] INFO 935326768923336704
Tue 28 Nov 2017 09:58:47 API.py [line:712] INFO 935326770412257280
Tue 28 Nov 2017 09:58:47 API.py [line:712] INFO 935326775399161856
Tue 28 Nov 2017 09:58:49 API.py [line:712] INFO 935326777743958017
Tue 28 Nov 2017 09:58:50 API.py [line:712] INFO 935326779665014789
Tue 28 Nov 2017 09:58:50 API.py [line:712] INFO 935326782386925568
