Wed 29 Nov 2017 19:16:06 API.py [line:660] INFO start
Wed 29 Nov 2017 19:16:06 API.py [line:692] INFO thread 0 start.
Wed 29 Nov 2017 19:16:06 API.py [line:695] INFO thread 0's token_index 213
Wed 29 Nov 2017 19:16:06 API.py [line:696] INFO {u'access_token': u'720534469833289732-dK4mtEjDek1wEkvLxtvkDBEMJArYtsF', u'consumer_secret': u'LivsS9DTKh4Xmfo2vOG2tpKmrj8lxsYqiDgZLamPBJahFqnjUo', u'consumer_key': u'fO4lXV6LLz5e1Ew6uRDtvXpIQ', u'access_token_secret': u'YtHVU5pW9avTu9nMpXJTtmJ7MAxtXMcWqomAf7fJUhmP8'}
Wed 29 Nov 2017 19:16:06 API.py [line:697] INFO [u'shooting']
Wed 29 Nov 2017 19:16:06 API.py [line:698] INFO ['222.197.180.171:8118']
Wed 29 Nov 2017 19:16:09 API.py [line:712] INFO 935829718267346944
Wed 29 Nov 2017 19:16:10 API.py [line:712] INFO 935829721731833857
Wed 29 Nov 2017 19:16:11 API.py [line:712] INFO 935829706343174145
Wed 29 Nov 2017 19:16:14 API.py [line:712] INFO 935829736537903104
Wed 29 Nov 2017 19:16:14 API.py [line:712] INFO 935829738135937024
Wed 29 Nov 2017 19:16:15 API.py [line:712] INFO 935829741306757122
Wed 29 Nov 2017 19:16:15 API.py [line:712] INFO 935829741973651456
Wed 29 Nov 2017 19:16:15 API.py [line:712] INFO 935829741847883776
Wed 29 Nov 2017 19:16:16 API.py [line:712] INFO 935829744439848960
Wed 29 Nov 2017 19:16:17 API.py [line:712] INFO 935829749317939200
Wed 29 Nov 2017 19:16:17 API.py [line:712] INFO 935829750433509376
Wed 29 Nov 2017 19:16:18 API.py [line:712] INFO 935829754313285632
Wed 29 Nov 2017 19:16:18 API.py [line:712] INFO 935829754921578496
Wed 29 Nov 2017 19:16:18 API.py [line:712] INFO 935829755227725824
Wed 29 Nov 2017 19:16:19 API.py [line:712] INFO 935829757958111232
Wed 29 Nov 2017 19:16:20 API.py [line:712] INFO 935829761405829121
Wed 29 Nov 2017 19:16:20 API.py [line:712] INFO 935829765440729088
Wed 29 Nov 2017 19:16:21 API.py [line:712] INFO 935829764375437312
Wed 29 Nov 2017 19:16:21 API.py [line:712] INFO 935829768590774273
Wed 29 Nov 2017 19:16:22 API.py [line:712] INFO 935829768611729408
Wed 29 Nov 2017 19:16:22 API.py [line:712] INFO 935829770197184512
Wed 29 Nov 2017 19:16:22 API.py [line:712] INFO 935829772457914368
Wed 29 Nov 2017 19:16:22 API.py [line:712] INFO 935829772097032192
Wed 29 Nov 2017 19:16:24 API.py [line:712] INFO 935829778183151616
Wed 29 Nov 2017 19:16:25 API.py [line:712] INFO 935829785405677568
Wed 29 Nov 2017 19:16:26 API.py [line:712] INFO 935829786265468929
Wed 29 Nov 2017 19:16:26 API.py [line:712] INFO 935829786227826688
Wed 29 Nov 2017 19:16:26 API.py [line:712] INFO 935829787557363714
Wed 29 Nov 2017 19:16:27 API.py [line:712] INFO 935829792284229632
Wed 29 Nov 2017 19:16:27 API.py [line:712] INFO 935829793009844225
Wed 29 Nov 2017 19:16:27 API.py [line:712] INFO 935829792565420032
Wed 29 Nov 2017 19:16:28 API.py [line:712] INFO 935829795853578240
Wed 29 Nov 2017 19:16:28 API.py [line:712] INFO 935829796679856129
Wed 29 Nov 2017 19:16:28 API.py [line:712] INFO 935829797116157953
Wed 29 Nov 2017 19:16:29 API.py [line:712] INFO 935829801394425856
Wed 29 Nov 2017 19:16:31 API.py [line:712] INFO 935829810214871040
Wed 29 Nov 2017 19:16:33 API.py [line:712] INFO 935829820092461056
Wed 29 Nov 2017 19:16:37 API.py [line:712] INFO 935829832901865472
Wed 29 Nov 2017 19:16:37 API.py [line:712] INFO 935829834596601856
Wed 29 Nov 2017 19:16:38 API.py [line:712] INFO 935829839692599296
Wed 29 Nov 2017 19:16:39 API.py [line:712] INFO 935829840946544640
Wed 29 Nov 2017 19:16:41 API.py [line:712] INFO 935829849779986432
Wed 29 Nov 2017 19:16:41 API.py [line:712] INFO 935829850291519488
Wed 29 Nov 2017 19:16:41 API.py [line:712] INFO 935829850597728257
Wed 29 Nov 2017 19:16:41 API.py [line:712] INFO 935829850203545601
Wed 29 Nov 2017 19:16:41 API.py [line:712] INFO 935829851751272449
Wed 29 Nov 2017 19:16:43 API.py [line:712] INFO 935829861159096320
Wed 29 Nov 2017 19:16:44 API.py [line:712] INFO 935829861662380032
Wed 29 Nov 2017 19:16:45 API.py [line:712] INFO 935829867123294208
Wed 29 Nov 2017 19:16:45 API.py [line:712] INFO 935829869061197824
Wed 29 Nov 2017 19:16:46 API.py [line:712] INFO 935829873645428736
Wed 29 Nov 2017 19:16:49 API.py [line:712] INFO 935829884672151552
Wed 29 Nov 2017 19:16:50 API.py [line:712] INFO 935829890774921217
Wed 29 Nov 2017 19:16:51 API.py [line:712] INFO 935829891714560000
Wed 29 Nov 2017 19:16:51 API.py [line:712] INFO 935829893639737344
Wed 29 Nov 2017 19:16:53 API.py [line:712] INFO 935829899897487360
Wed 29 Nov 2017 19:16:53 API.py [line:712] INFO 935829900409344000
Wed 29 Nov 2017 19:16:53 API.py [line:712] INFO 935829903597015040
Wed 29 Nov 2017 19:16:54 API.py [line:712] INFO 935829904842805248
Wed 29 Nov 2017 19:16:55 API.py [line:712] INFO 935829908504244224
Wed 29 Nov 2017 19:16:55 API.py [line:712] INFO 935829908688949249
Wed 29 Nov 2017 19:16:56 API.py [line:712] INFO 935829913822674944
Wed 29 Nov 2017 19:16:56 API.py [line:712] INFO 935829910639165440
Wed 29 Nov 2017 19:16:57 API.py [line:712] INFO 935829916272099328
Wed 29 Nov 2017 19:16:59 API.py [line:712] INFO 935829925923188737
Wed 29 Nov 2017 19:16:59 API.py [line:712] INFO 935829926900654080
Wed 29 Nov 2017 19:17:00 API.py [line:712] INFO 935829930197340160
Wed 29 Nov 2017 19:17:00 API.py [line:712] INFO 935829930939703297
