Fri 24 Nov 2017 19:33:37 API.py [line:660] INFO start
Fri 24 Nov 2017 19:33:37 API.py [line:692] INFO thread 0 start.
Fri 24 Nov 2017 19:33:37 API.py [line:695] INFO thread 0's token_index 225
Fri 24 Nov 2017 19:33:37 API.py [line:696] INFO {u'access_token': u'720952093968732160-DjaYsOYfla5zk8xX5wQdHdYmLkzhd75', u'consumer_secret': u'LivsS9DTKh4Xmfo2vOG2tpKmrj8lxsYqiDgZLamPBJahFqnjUo', u'consumer_key': u'fO4lXV6LLz5e1Ew6uRDtvXpIQ', u'access_token_secret': u'0i7tipRmQYxRzP6wW6hHnVkk3Ed3dbCe8P4tweZVo1aKY'}
Fri 24 Nov 2017 19:33:37 API.py [line:697] INFO [u'china']
Fri 24 Nov 2017 19:33:37 API.py [line:698] INFO ['192.168.1.148:8118']
Fri 24 Nov 2017 19:33:51 API.py [line:712] INFO 934022225052573696
Fri 24 Nov 2017 19:33:51 API.py [line:712] INFO 934022226227154944
Fri 24 Nov 2017 19:33:52 API.py [line:712] INFO 934022227762253826
Fri 24 Nov 2017 19:33:52 API.py [line:712] INFO 934022228932472832
Fri 24 Nov 2017 19:33:53 API.py [line:712] INFO 934022231415328768
Fri 24 Nov 2017 19:33:54 API.py [line:712] INFO 934022238608687105
Fri 24 Nov 2017 19:33:54 API.py [line:712] INFO 934022238776561664
Fri 24 Nov 2017 19:33:54 API.py [line:712] INFO 934022236196945920
Fri 24 Nov 2017 19:33:55 API.py [line:712] INFO 934022240865325056
Fri 24 Nov 2017 19:33:55 API.py [line:712] INFO 934022241335070721
Fri 24 Nov 2017 19:33:55 API.py [line:712] INFO 934022243562283008
Fri 24 Nov 2017 19:33:56 API.py [line:712] INFO 934022248310149121
Fri 24 Nov 2017 19:33:56 API.py [line:712] INFO 934022248498941952
Fri 24 Nov 2017 19:33:57 API.py [line:712] INFO 934022248939376640
Fri 24 Nov 2017 19:33:57 API.py [line:712] INFO 934022251409788929
Fri 24 Nov 2017 19:34:00 API.py [line:712] INFO 934022262168023040
Fri 24 Nov 2017 19:34:00 API.py [line:712] INFO 934022262646177792
Fri 24 Nov 2017 19:34:00 API.py [line:712] INFO 934022262973272064
Fri 24 Nov 2017 19:34:00 API.py [line:712] INFO 934022262533083136
Fri 24 Nov 2017 19:34:00 API.py [line:712] INFO 934022262285418496
Fri 24 Nov 2017 19:34:01 API.py [line:712] INFO 934022266093842437
Fri 24 Nov 2017 19:34:02 API.py [line:712] INFO 934022269436813313
Fri 24 Nov 2017 19:34:02 API.py [line:712] INFO 934022269709508608
Fri 24 Nov 2017 19:34:02 API.py [line:712] INFO 934022270997225472
Fri 24 Nov 2017 19:34:04 API.py [line:712] INFO 934022280740573184
Fri 24 Nov 2017 19:34:05 API.py [line:712] INFO 934022283500273664
Fri 24 Nov 2017 19:34:05 API.py [line:712] INFO 934022284309925888
Fri 24 Nov 2017 19:34:07 API.py [line:712] INFO 934022292396478464
Fri 24 Nov 2017 19:34:07 API.py [line:712] INFO 934022291402493953
Fri 24 Nov 2017 19:34:07 API.py [line:712] INFO 934022292232966144
Fri 24 Nov 2017 19:34:09 API.py [line:712] INFO 934022298910240768
Fri 24 Nov 2017 19:34:11 API.py [line:712] INFO 934022307814748160
Fri 24 Nov 2017 19:34:11 API.py [line:712] INFO 934022307999305728
Fri 24 Nov 2017 19:34:11 API.py [line:712] INFO 934022309278449664
Fri 24 Nov 2017 19:34:11 API.py [line:712] INFO 934022309437890560
Fri 24 Nov 2017 19:34:11 API.py [line:712] INFO 934022299279396864
Fri 24 Nov 2017 19:34:13 API.py [line:712] INFO 934022316236816384
Fri 24 Nov 2017 19:34:14 API.py [line:712] INFO 934022323685900288
Fri 24 Nov 2017 19:34:15 API.py [line:712] INFO 934022326118768640
Fri 24 Nov 2017 19:34:16 API.py [line:712] INFO 934022331495866368
Fri 24 Nov 2017 19:34:16 API.py [line:712] INFO 934022331751546880
Fri 24 Nov 2017 19:34:17 API.py [line:712] INFO 934022331860766720
Fri 24 Nov 2017 19:34:18 API.py [line:712] INFO 934022338009600006
Fri 24 Nov 2017 19:34:19 API.py [line:712] INFO 934022340484194305
Fri 24 Nov 2017 19:34:19 API.py [line:712] INFO 934022341540978688
Fri 24 Nov 2017 19:34:19 API.py [line:712] INFO 934022342010920960
Fri 24 Nov 2017 19:34:19 API.py [line:712] INFO 934022342703009792
Fri 24 Nov 2017 19:34:20 API.py [line:712] INFO 934022345450287104
Fri 24 Nov 2017 19:34:20 API.py [line:712] INFO 934022346448523264
Fri 24 Nov 2017 19:34:21 API.py [line:712] INFO 934022349212459009
Fri 24 Nov 2017 19:34:21 API.py [line:712] INFO 934022353226383360
Fri 24 Nov 2017 19:34:23 API.py [line:712] INFO 934022356871274497
Fri 24 Nov 2017 19:34:23 API.py [line:712] INFO 934022359073386497
Fri 24 Nov 2017 19:34:23 API.py [line:712] INFO 934022361006739457
Fri 24 Nov 2017 19:34:24 API.py [line:712] INFO 934022363871662080
Fri 24 Nov 2017 19:34:25 API.py [line:712] INFO 934022366736285696
Fri 24 Nov 2017 19:34:26 API.py [line:712] INFO 934022370204852224
Fri 24 Nov 2017 19:34:26 API.py [line:712] INFO 934022372360904705
Fri 24 Nov 2017 19:34:27 API.py [line:712] INFO 934022374026022912
Fri 24 Nov 2017 19:34:27 API.py [line:712] INFO 934022374701363201
Fri 24 Nov 2017 19:34:27 API.py [line:712] INFO 934022378501431298
Fri 24 Nov 2017 19:34:28 API.py [line:712] INFO 934022380799762432
Fri 24 Nov 2017 19:34:28 API.py [line:712] INFO 934022381856735232
Fri 24 Nov 2017 19:34:28 API.py [line:712] INFO 934022382343327744
Fri 24 Nov 2017 19:34:29 API.py [line:712] INFO 934022381777162242
Fri 24 Nov 2017 19:34:29 API.py [line:712] INFO 934022382968344577
Fri 24 Nov 2017 19:34:29 API.py [line:712] INFO 934022385254191104
Fri 24 Nov 2017 19:34:30 API.py [line:712] INFO 934022388483796993
Fri 24 Nov 2017 19:34:30 API.py [line:712] INFO 934022389418967040
Fri 24 Nov 2017 19:34:31 API.py [line:712] INFO 934022391516233728
Fri 24 Nov 2017 19:34:32 API.py [line:712] INFO 934022395773509632
Fri 24 Nov 2017 19:34:32 API.py [line:712] INFO 934022396281065473
Fri 24 Nov 2017 19:34:33 API.py [line:712] INFO 934022400173158400
Fri 24 Nov 2017 19:34:33 API.py [line:712] INFO 934022401850871808
Fri 24 Nov 2017 19:34:33 API.py [line:712] INFO 934022401733677056
Fri 24 Nov 2017 19:34:34 API.py [line:712] INFO 934022403436318720
Fri 24 Nov 2017 19:34:34 API.py [line:712] INFO 934022407404376064
Fri 24 Nov 2017 19:34:35 API.py [line:712] INFO 934022407937056769
Fri 24 Nov 2017 19:34:35 API.py [line:712] INFO 934022411531427840
Fri 24 Nov 2017 19:34:36 API.py [line:712] INFO 934022411976142848
Fri 24 Nov 2017 19:34:36 API.py [line:712] INFO 934022412382998528
Fri 24 Nov 2017 19:34:36 API.py [line:712] INFO 934022413381226496
Fri 24 Nov 2017 19:34:37 API.py [line:712] INFO 934022417470705664
Fri 24 Nov 2017 19:34:37 API.py [line:712] INFO 934022418825441280
Fri 24 Nov 2017 19:34:37 API.py [line:712] INFO 934022420402450432
Fri 24 Nov 2017 19:34:38 API.py [line:712] INFO 934022420691865601
Fri 24 Nov 2017 19:34:38 API.py [line:712] INFO 934022424441614336
Fri 24 Nov 2017 19:34:39 API.py [line:712] INFO 934022425012002816
Fri 24 Nov 2017 19:34:39 API.py [line:712] INFO 934022427046236160
Fri 24 Nov 2017 19:34:40 API.py [line:712] INFO 934022430171058176
Fri 24 Nov 2017 19:34:40 API.py [line:712] INFO 934022430875459584
Fri 24 Nov 2017 19:34:40 API.py [line:712] INFO 934022431798259712
Fri 24 Nov 2017 19:34:41 API.py [line:712] INFO 934022432511336449
Fri 24 Nov 2017 19:34:41 API.py [line:712] INFO 934022435413704705
Fri 24 Nov 2017 19:34:41 API.py [line:712] INFO 934022435841572864
Fri 24 Nov 2017 19:34:41 API.py [line:712] INFO 934022436131139584
Fri 24 Nov 2017 19:34:41 API.py [line:712] INFO 934022436072378368
Fri 24 Nov 2017 19:34:41 API.py [line:712] INFO 934022436265197569
Fri 24 Nov 2017 19:34:42 API.py [line:712] INFO 934022437275971584
Fri 24 Nov 2017 19:34:42 API.py [line:712] INFO 934022439041765376
Fri 24 Nov 2017 19:34:43 API.py [line:712] INFO 934022443965935616
Fri 24 Nov 2017 19:34:45 API.py [line:712] INFO 934022450148446208
Fri 24 Nov 2017 19:34:45 API.py [line:712] INFO 934022449695477762
Fri 24 Nov 2017 19:34:45 API.py [line:712] INFO 934022452534841345
Fri 24 Nov 2017 19:34:46 API.py [line:712] INFO 934022454095130624
Fri 24 Nov 2017 19:34:46 API.py [line:712] INFO 934022454778806272
Fri 24 Nov 2017 19:34:46 API.py [line:712] INFO 934022456343269376
Fri 24 Nov 2017 19:34:46 API.py [line:712] INFO 934022456502882304
Fri 24 Nov 2017 19:34:47 API.py [line:712] INFO 934022459853910017
Fri 24 Nov 2017 19:34:47 API.py [line:712] INFO 934022460416016384
Fri 24 Nov 2017 19:34:47 API.py [line:712] INFO 934022461468954625
Fri 24 Nov 2017 19:34:48 API.py [line:712] INFO 934022462991368192
Fri 24 Nov 2017 19:34:48 API.py [line:712] INFO 934022463637176320
Fri 24 Nov 2017 19:34:48 API.py [line:712] INFO 934022465117925376
Fri 24 Nov 2017 19:34:48 API.py [line:712] INFO 934022465419988997
Fri 24 Nov 2017 19:34:49 API.py [line:712] INFO 934022470339846145
Fri 24 Nov 2017 19:34:51 API.py [line:712] INFO 934022476597567489
Fri 24 Nov 2017 19:34:51 API.py [line:712] INFO 934022476027301888
Fri 24 Nov 2017 19:34:51 API.py [line:712] INFO 934022477180682241
Fri 24 Nov 2017 19:34:52 API.py [line:712] INFO 934022479831584770
Fri 24 Nov 2017 19:34:52 API.py [line:712] INFO 934022480322166784
Fri 24 Nov 2017 19:34:53 API.py [line:712] INFO 934022483673534464
Fri 24 Nov 2017 19:34:53 API.py [line:712] INFO 934022487213408256
Fri 24 Nov 2017 19:34:53 API.py [line:712] INFO 934022485422489600
Fri 24 Nov 2017 19:34:55 API.py [line:712] INFO 934022491290394624
Fri 24 Nov 2017 19:34:55 API.py [line:712] INFO 934022492410269696
Fri 24 Nov 2017 19:34:55 API.py [line:712] INFO 934022493739847680
Fri 24 Nov 2017 19:34:56 API.py [line:712] INFO 934022496910757888
Fri 24 Nov 2017 19:34:56 API.py [line:712] INFO 934022498751885317
Fri 24 Nov 2017 19:34:57 API.py [line:712] INFO 934022500446560256
Fri 24 Nov 2017 19:34:57 API.py [line:712] INFO 934022500324925440
Fri 24 Nov 2017 19:34:57 API.py [line:712] INFO 934022502224887809
Fri 24 Nov 2017 19:34:58 API.py [line:712] INFO 934022507048288256
Fri 24 Nov 2017 19:34:58 API.py [line:712] INFO 934022507715289088
Fri 24 Nov 2017 19:34:58 API.py [line:712] INFO 934022507002322944
Fri 24 Nov 2017 19:34:59 API.py [line:712] INFO 934022509204144128
Fri 24 Nov 2017 19:34:59 API.py [line:712] INFO 934022510135218177
Fri 24 Nov 2017 19:34:59 API.py [line:712] INFO 934022510458281985
Fri 24 Nov 2017 19:34:59 API.py [line:712] INFO 934022510219206657
Fri 24 Nov 2017 19:35:00 API.py [line:712] INFO 934022514015121408
Fri 24 Nov 2017 19:35:00 API.py [line:712] INFO 934022516108070912
Fri 24 Nov 2017 19:35:01 API.py [line:712] INFO 934022516070371328
Fri 24 Nov 2017 19:35:01 API.py [line:712] INFO 934022516195995650
Fri 24 Nov 2017 19:35:01 API.py [line:712] INFO 934022517529837568
Fri 24 Nov 2017 19:35:01 API.py [line:712] INFO 934022519534817281
Fri 24 Nov 2017 19:35:01 API.py [line:712] INFO 934022519866175488
Fri 24 Nov 2017 19:35:01 API.py [line:712] INFO 934022521258622976
Fri 24 Nov 2017 19:35:02 API.py [line:712] INFO 934022520931586050
Fri 24 Nov 2017 19:35:02 API.py [line:712] INFO 934022522013671424
Fri 24 Nov 2017 19:35:02 API.py [line:712] INFO 934022523074650112
Fri 24 Nov 2017 19:35:02 API.py [line:712] INFO 934022523351527426
Fri 24 Nov 2017 19:35:02 API.py [line:712] INFO 934022525587136512
Fri 24 Nov 2017 19:35:04 API.py [line:712] INFO 934022529257107456
Fri 24 Nov 2017 19:35:05 API.py [line:712] INFO 934022534323769344
Fri 24 Nov 2017 19:35:05 API.py [line:712] INFO 934022536387375104
Fri 24 Nov 2017 19:35:05 API.py [line:712] INFO 934022537154936832
Fri 24 Nov 2017 19:35:06 API.py [line:712] INFO 934022539101253632
Fri 24 Nov 2017 19:35:06 API.py [line:712] INFO 934022539470241792
Fri 24 Nov 2017 19:35:07 API.py [line:712] INFO 934022542171324416
Fri 24 Nov 2017 19:35:07 API.py [line:712] INFO 934022542288814080
Fri 24 Nov 2017 19:35:07 API.py [line:712] INFO 934022546134929409
Fri 24 Nov 2017 19:35:07 API.py [line:712] INFO 934022545900228608
Fri 24 Nov 2017 19:35:08 API.py [line:712] INFO 934022548643303426
Fri 24 Nov 2017 19:35:08 API.py [line:712] INFO 934022550245408768
Fri 24 Nov 2017 19:35:10 API.py [line:712] INFO 934022551105425409
Fri 24 Nov 2017 19:35:10 API.py [line:712] INFO 934022553752006656
Fri 24 Nov 2017 19:35:10 API.py [line:712] INFO 934022555228364801
Fri 24 Nov 2017 19:35:10 API.py [line:712] INFO 934022558218727425
Fri 24 Nov 2017 19:35:11 API.py [line:712] INFO 934022560525799424
Fri 24 Nov 2017 19:35:11 API.py [line:712] INFO 934022561368870912
Fri 24 Nov 2017 19:35:12 API.py [line:712] INFO 934022563939930112
Fri 24 Nov 2017 19:35:13 API.py [line:712] INFO 934022569166065664
Fri 24 Nov 2017 19:35:13 API.py [line:712] INFO 934022569237340160
Fri 24 Nov 2017 19:35:13 API.py [line:712] INFO 934022570483109888
Fri 24 Nov 2017 19:35:13 API.py [line:712] INFO 934022570717908993
Fri 24 Nov 2017 19:35:14 API.py [line:712] INFO 934022571300917248
Fri 24 Nov 2017 19:35:14 API.py [line:712] INFO 934022571959386112
Fri 24 Nov 2017 19:35:14 API.py [line:712] INFO 934022569916743680
Fri 24 Nov 2017 19:35:15 API.py [line:712] INFO 934022575994400768
Fri 24 Nov 2017 19:35:15 API.py [line:712] INFO 934022578653581312
Fri 24 Nov 2017 19:35:15 API.py [line:712] INFO 934022578854907905
Fri 24 Nov 2017 19:35:15 API.py [line:712] INFO 934022578204590082
Fri 24 Nov 2017 19:35:15 API.py [line:712] INFO 934022577927966720
Fri 24 Nov 2017 19:35:16 API.py [line:712] INFO 934022584047423489
Fri 24 Nov 2017 19:35:17 API.py [line:712] INFO 934022585490141184
Fri 24 Nov 2017 19:35:18 API.py [line:712] INFO 934022586102636544
Fri 24 Nov 2017 19:35:18 API.py [line:712] INFO 934022591462785025
Fri 24 Nov 2017 19:35:19 API.py [line:712] INFO 934022592830119938
Fri 24 Nov 2017 19:35:19 API.py [line:712] INFO 934022595070038016
Fri 24 Nov 2017 19:35:20 API.py [line:712] INFO 934022595334336512
Fri 24 Nov 2017 19:35:20 API.py [line:712] INFO 934022596659634176
Fri 24 Nov 2017 19:35:20 API.py [line:712] INFO 934022599289348096
Fri 24 Nov 2017 19:35:20 API.py [line:712] INFO 934022599771750401
Fri 24 Nov 2017 19:35:21 API.py [line:712] INFO 934022601617362949
Fri 24 Nov 2017 19:35:21 API.py [line:712] INFO 934022602846363648
Fri 24 Nov 2017 19:35:22 API.py [line:712] INFO 934022606000443392
Fri 24 Nov 2017 19:35:22 API.py [line:712] INFO 934022607766110208
Fri 24 Nov 2017 19:35:22 API.py [line:712] INFO 934022607384514560
Fri 24 Nov 2017 19:35:23 API.py [line:712] INFO 934022608399482880
Fri 24 Nov 2017 19:35:23 API.py [line:712] INFO 934022609850785793
Fri 24 Nov 2017 19:35:23 API.py [line:712] INFO 934022611243167744
Fri 24 Nov 2017 19:35:23 API.py [line:712] INFO 934022610945441792
Fri 24 Nov 2017 19:35:23 API.py [line:712] INFO 934022612270944256
Fri 24 Nov 2017 19:35:24 API.py [line:712] INFO 934022614149947393
Fri 24 Nov 2017 19:35:24 API.py [line:712] INFO 934022613671833600
Fri 24 Nov 2017 19:35:24 API.py [line:712] INFO 934022615689252865
Fri 24 Nov 2017 19:35:24 API.py [line:712] INFO 934022617073414144
Fri 24 Nov 2017 19:35:25 API.py [line:712] INFO 934022617903910912
Fri 24 Nov 2017 19:35:25 API.py [line:712] INFO 934022619443187714
Fri 24 Nov 2017 19:35:26 API.py [line:712] INFO 934022619237675008
Fri 24 Nov 2017 19:35:26 API.py [line:712] INFO 934022622962053121
Fri 24 Nov 2017 19:35:26 API.py [line:712] INFO 934022624719622145
Fri 24 Nov 2017 19:35:26 API.py [line:712] INFO 934022625722097665
Fri 24 Nov 2017 19:35:27 API.py [line:712] INFO 934022626208559105
Fri 24 Nov 2017 19:35:27 API.py [line:712] INFO 934022628381265920
Fri 24 Nov 2017 19:35:28 API.py [line:712] INFO 934022629429673984
Fri 24 Nov 2017 19:35:28 API.py [line:712] INFO 934022633531752450
Fri 24 Nov 2017 19:35:29 API.py [line:712] INFO 934022634483929088
Fri 24 Nov 2017 19:35:29 API.py [line:712] INFO 934022635318665216
Fri 24 Nov 2017 19:35:29 API.py [line:712] INFO 934022636593491968
Fri 24 Nov 2017 19:35:29 API.py [line:712] INFO 934022637268938752
Fri 24 Nov 2017 19:35:29 API.py [line:712] INFO 934022638011236352
Fri 24 Nov 2017 19:35:30 API.py [line:712] INFO 934022638745280512
Fri 24 Nov 2017 19:35:30 API.py [line:712] INFO 934022640968253446
Fri 24 Nov 2017 19:35:30 API.py [line:712] INFO 934022641316515840
Fri 24 Nov 2017 19:35:31 API.py [line:712] INFO 934022643090472960
Fri 24 Nov 2017 19:35:31 API.py [line:712] INFO 934022645053399040
Fri 24 Nov 2017 19:35:31 API.py [line:712] INFO 934022646215380993
Fri 24 Nov 2017 19:35:32 API.py [line:712] INFO 934022650682261504
Fri 24 Nov 2017 19:35:32 API.py [line:712] INFO 934022650732560384
Fri 24 Nov 2017 19:35:32 API.py [line:712] INFO 934022650510245888
Fri 24 Nov 2017 19:35:33 API.py [line:712] INFO 934022655392354304
Fri 24 Nov 2017 19:35:33 API.py [line:712] INFO 934022655392600065
Fri 24 Nov 2017 19:35:34 API.py [line:712] INFO 934022655753310208
Fri 24 Nov 2017 19:35:34 API.py [line:712] INFO 934022658093715456
Fri 24 Nov 2017 19:35:35 API.py [line:712] INFO 934022659590864896
Fri 24 Nov 2017 19:35:35 API.py [line:712] INFO 934022661033693184
Fri 24 Nov 2017 19:35:35 API.py [line:712] INFO 934022661306486784
Fri 24 Nov 2017 19:35:35 API.py [line:712] INFO 934022662120095744
Fri 24 Nov 2017 19:35:36 API.py [line:712] INFO 934022664791891973
Fri 24 Nov 2017 19:35:37 API.py [line:712] INFO 934022671658049536
Fri 24 Nov 2017 19:35:38 API.py [line:712] INFO 934022673751035904
Fri 24 Nov 2017 19:35:38 API.py [line:712] INFO 934022673969090560
Fri 24 Nov 2017 19:35:38 API.py [line:712] INFO 934022675353047041
Fri 24 Nov 2017 19:35:38 API.py [line:712] INFO 934022675332186112
Fri 24 Nov 2017 19:35:39 API.py [line:712] INFO 934022679543164928
Fri 24 Nov 2017 19:35:40 API.py [line:712] INFO 934022681476833280
Fri 24 Nov 2017 19:35:40 API.py [line:712] INFO 934022682546380800
Fri 24 Nov 2017 19:35:40 API.py [line:712] INFO 934022682391269376
Fri 24 Nov 2017 19:35:40 API.py [line:712] INFO 934022683540574208
Fri 24 Nov 2017 19:35:42 API.py [line:712] INFO 934022689404149760
Fri 24 Nov 2017 19:35:42 API.py [line:712] INFO 934022689668386816
Fri 24 Nov 2017 19:35:42 API.py [line:712] INFO 934022689269968902
Fri 24 Nov 2017 19:35:42 API.py [line:712] INFO 934022691035721728
Fri 24 Nov 2017 19:35:43 API.py [line:712] INFO 934022695200739328
Fri 24 Nov 2017 19:35:44 API.py [line:712] INFO 934022699461984256
Fri 24 Nov 2017 19:35:46 API.py [line:712] INFO 934022706684608512
Fri 24 Nov 2017 19:35:47 API.py [line:712] INFO 934022711277473792
Fri 24 Nov 2017 19:35:47 API.py [line:712] INFO 934022711738753024
Fri 24 Nov 2017 19:35:48 API.py [line:712] INFO 934022715026968576
Fri 24 Nov 2017 19:35:48 API.py [line:712] INFO 934022716532887552
Fri 24 Nov 2017 19:35:48 API.py [line:712] INFO 934022716767854593
Fri 24 Nov 2017 19:35:48 API.py [line:712] INFO 934022718013558784
Fri 24 Nov 2017 19:35:49 API.py [line:712] INFO 934022719418654720
Fri 24 Nov 2017 19:35:49 API.py [line:712] INFO 934022720534093824
Fri 24 Nov 2017 19:35:49 API.py [line:712] INFO 934022722115461121
Fri 24 Nov 2017 19:35:50 API.py [line:712] INFO 934022723423965185
Fri 24 Nov 2017 19:35:50 API.py [line:712] INFO 934022726041313280
Fri 24 Nov 2017 19:35:50 API.py [line:712] INFO 934022725894574081
Fri 24 Nov 2017 19:35:51 API.py [line:712] INFO 934022726867701760
Fri 24 Nov 2017 19:35:51 API.py [line:712] INFO 934022728457187329
Fri 24 Nov 2017 19:35:51 API.py [line:712] INFO 934022730738843648
Fri 24 Nov 2017 19:35:52 API.py [line:712] INFO 934022735004610560
Fri 24 Nov 2017 19:35:52 API.py [line:712] INFO 934022735499444224
Fri 24 Nov 2017 19:35:53 API.py [line:712] INFO 934022736493580288
Fri 24 Nov 2017 19:35:53 API.py [line:712] INFO 934022737097523200
Fri 24 Nov 2017 19:35:54 API.py [line:712] INFO 934022739119222786
Fri 24 Nov 2017 19:35:54 API.py [line:712] INFO 934022741279195137
Fri 24 Nov 2017 19:35:55 API.py [line:712] INFO 934022746748661760
Fri 24 Nov 2017 19:35:57 API.py [line:712] INFO 934022752142536704
Fri 24 Nov 2017 19:35:57 API.py [line:712] INFO 934022756240384000
Fri 24 Nov 2017 19:35:58 API.py [line:712] INFO 934022759113416704
Fri 24 Nov 2017 19:35:59 API.py [line:712] INFO 934022763483881472
Fri 24 Nov 2017 19:36:01 API.py [line:712] INFO 934022769171402752
Fri 24 Nov 2017 19:36:02 API.py [line:712] INFO 934022774074507264
Fri 24 Nov 2017 19:36:02 API.py [line:712] INFO 934022775660007425
Fri 24 Nov 2017 19:36:03 API.py [line:712] INFO 934022778654662656
Fri 24 Nov 2017 19:36:04 API.py [line:712] INFO 934022781074894848
Fri 24 Nov 2017 19:36:05 API.py [line:712] INFO 934022786917343232
Fri 24 Nov 2017 19:36:05 API.py [line:712] INFO 934022788326625280
Fri 24 Nov 2017 19:36:05 API.py [line:712] INFO 934022788393897984
Fri 24 Nov 2017 19:36:05 API.py [line:712] INFO 934022788612050945
Fri 24 Nov 2017 19:36:06 API.py [line:712] INFO 934022790373453824
Fri 24 Nov 2017 19:36:06 API.py [line:712] INFO 934022792886013952
Fri 24 Nov 2017 19:36:07 API.py [line:712] INFO 934022793712173057
Fri 24 Nov 2017 19:36:07 API.py [line:712] INFO 934022793905049600
Fri 24 Nov 2017 19:36:07 API.py [line:712] INFO 934022794903539712
Fri 24 Nov 2017 19:36:07 API.py [line:712] INFO 934022793318060034
Fri 24 Nov 2017 19:36:07 API.py [line:712] INFO 934022797260722176
Fri 24 Nov 2017 19:36:08 API.py [line:712] INFO 934022800959877120
Fri 24 Nov 2017 19:36:08 API.py [line:712] INFO 934022802385989632
Fri 24 Nov 2017 19:36:09 API.py [line:712] INFO 934022802277007360
Fri 24 Nov 2017 19:36:09 API.py [line:712] INFO 934022805535973376
Fri 24 Nov 2017 19:36:11 API.py [line:712] INFO 934022812129411072
Fri 24 Nov 2017 19:36:11 API.py [line:712] INFO 934022813521936384
Fri 24 Nov 2017 19:36:11 API.py [line:712] INFO 934022814528561157
Fri 24 Nov 2017 19:36:12 API.py [line:712] INFO 934022815782703104
Fri 24 Nov 2017 19:36:13 API.py [line:712] INFO 934022821189124096
Fri 24 Nov 2017 19:36:13 API.py [line:712] INFO 934022822686490624
Fri 24 Nov 2017 19:36:13 API.py [line:712] INFO 934022823202492417
Fri 24 Nov 2017 19:36:14 API.py [line:712] INFO 934022823630245888
Fri 24 Nov 2017 19:36:14 API.py [line:712] INFO 934022824561397760
Fri 24 Nov 2017 19:36:14 API.py [line:712] INFO 934022824959897601
Fri 24 Nov 2017 19:36:14 API.py [line:712] INFO 934022826226585601
Fri 24 Nov 2017 19:36:15 API.py [line:712] INFO 934022827249827845
Fri 24 Nov 2017 19:36:15 API.py [line:712] INFO 934022827400863744
Fri 24 Nov 2017 19:36:15 API.py [line:712] INFO 934022829112283136
Fri 24 Nov 2017 19:36:15 API.py [line:712] INFO 934022829632188416
Fri 24 Nov 2017 19:36:16 API.py [line:712] INFO 934022834782838784
Fri 24 Nov 2017 19:36:16 API.py [line:712] INFO 934022834468392960
Fri 24 Nov 2017 19:36:17 API.py [line:712] INFO 934022837131759616
Fri 24 Nov 2017 19:36:17 API.py [line:712] INFO 934022837601308672
Fri 24 Nov 2017 19:36:17 API.py [line:712] INFO 934022838213922816
Fri 24 Nov 2017 19:36:18 API.py [line:712] INFO 934022838935326720
Fri 24 Nov 2017 19:36:18 API.py [line:712] INFO 934022841149767680
Fri 24 Nov 2017 19:36:18 API.py [line:712] INFO 934022843028967429
Fri 24 Nov 2017 19:36:18 API.py [line:712] INFO 934022843247091713
Fri 24 Nov 2017 19:36:19 API.py [line:712] INFO 934022844564017152
Fri 24 Nov 2017 19:36:19 API.py [line:712] INFO 934022845662863360
Fri 24 Nov 2017 19:36:19 API.py [line:712] INFO 934022845629386753
Fri 24 Nov 2017 19:36:19 API.py [line:712] INFO 934022847747448833
Fri 24 Nov 2017 19:36:20 API.py [line:712] INFO 934022848854626305
Fri 24 Nov 2017 19:36:20 API.py [line:712] INFO 934022849127428098
Fri 24 Nov 2017 19:36:22 API.py [line:712] INFO 934022859164446720
Fri 24 Nov 2017 19:36:22 API.py [line:712] INFO 934022859667660800
Fri 24 Nov 2017 19:36:22 API.py [line:712] INFO 934022860162719744
Fri 24 Nov 2017 19:36:23 API.py [line:712] INFO 934022862876368898
Fri 24 Nov 2017 19:36:24 API.py [line:712] INFO 934022864230957057
Fri 24 Nov 2017 19:36:24 API.py [line:712] INFO 934022865908879360
Fri 24 Nov 2017 19:36:24 API.py [line:712] INFO 934022867242676224
Fri 24 Nov 2017 19:36:24 API.py [line:712] INFO 934022867464933377
Fri 24 Nov 2017 19:36:24 API.py [line:712] INFO 934022868882538502
Fri 24 Nov 2017 19:36:25 API.py [line:712] INFO 934022872598794240
Fri 24 Nov 2017 19:36:26 API.py [line:712] INFO 934022874494533632
Fri 24 Nov 2017 19:36:27 API.py [line:712] INFO 934022878156161025
Fri 24 Nov 2017 19:36:27 API.py [line:712] INFO 934022880366616577
Fri 24 Nov 2017 19:36:27 API.py [line:712] INFO 934022881465450498
Fri 24 Nov 2017 19:36:28 API.py [line:712] INFO 934022882082086913
Fri 24 Nov 2017 19:36:28 API.py [line:712] INFO 934022885030678528
Fri 24 Nov 2017 19:36:29 API.py [line:712] INFO 934022887983300608
Fri 24 Nov 2017 19:36:29 API.py [line:712] INFO 934022884485451777
Fri 24 Nov 2017 19:36:32 API.py [line:712] INFO 934022897651220480
Fri 24 Nov 2017 19:36:33 API.py [line:712] INFO 934022903066177536
Fri 24 Nov 2017 19:36:33 API.py [line:712] INFO 934022903619825665
Fri 24 Nov 2017 19:36:33 API.py [line:712] INFO 934022905565974531
Fri 24 Nov 2017 19:36:33 API.py [line:712] INFO 934022905607831553
Fri 24 Nov 2017 19:36:34 API.py [line:712] INFO 934022907021463552
Fri 24 Nov 2017 19:36:34 API.py [line:712] INFO 934022907646263296
Fri 24 Nov 2017 19:36:34 API.py [line:712] INFO 934022908678103040
Fri 24 Nov 2017 19:36:34 API.py [line:712] INFO 934022909366063105
Fri 24 Nov 2017 19:36:34 API.py [line:712] INFO 934022910934581248
Fri 24 Nov 2017 19:36:35 API.py [line:712] INFO 934022915208515584
Fri 24 Nov 2017 19:36:35 API.py [line:712] INFO 934022915061964801
Fri 24 Nov 2017 19:36:36 API.py [line:712] INFO 934022917490335744
Fri 24 Nov 2017 19:36:36 API.py [line:712] INFO 934022919356686336
Fri 24 Nov 2017 19:36:38 API.py [line:712] INFO 934022923152584705
Fri 24 Nov 2017 19:36:38 API.py [line:712] INFO 934022927963471873
Fri 24 Nov 2017 19:36:39 API.py [line:712] INFO 934022931541356546
Fri 24 Nov 2017 19:36:40 API.py [line:712] INFO 934022933449654276
Fri 24 Nov 2017 19:36:42 API.py [line:712] INFO 934022942169722882
Fri 24 Nov 2017 19:36:42 API.py [line:712] INFO 934022943658487808
Fri 24 Nov 2017 19:36:42 API.py [line:712] INFO 934022944447229953
Fri 24 Nov 2017 19:36:43 API.py [line:712] INFO 934022945290276864
Fri 24 Nov 2017 19:36:43 API.py [line:712] INFO 934022945650851840
Fri 24 Nov 2017 19:36:43 API.py [line:712] INFO 934022946720333824
Fri 24 Nov 2017 19:36:44 API.py [line:712] INFO 934022949589397504
Fri 24 Nov 2017 19:36:44 API.py [line:712] INFO 934022950042267649
Fri 24 Nov 2017 19:36:44 API.py [line:712] INFO 934022950499553280
Fri 24 Nov 2017 19:36:44 API.py [line:712] INFO 934022950843424768
Fri 24 Nov 2017 19:36:44 API.py [line:712] INFO 934022952412000256
Fri 24 Nov 2017 19:36:45 API.py [line:712] INFO 934022954198945793
Fri 24 Nov 2017 19:36:45 API.py [line:712] INFO 934022955725549568
Fri 24 Nov 2017 19:36:46 API.py [line:712] INFO 934022958728863744
Fri 24 Nov 2017 19:36:46 API.py [line:712] INFO 934022959987089409
Fri 24 Nov 2017 19:36:47 API.py [line:712] INFO 934022965062090752
Fri 24 Nov 2017 19:36:48 API.py [line:712] INFO 934022966832119809
Fri 24 Nov 2017 19:36:48 API.py [line:712] INFO 934022966005981185
Fri 24 Nov 2017 19:36:48 API.py [line:712] INFO 934022966765129734
Fri 24 Nov 2017 19:36:49 API.py [line:712] INFO 934022971571785728
Fri 24 Nov 2017 19:36:49 API.py [line:712] INFO 934022972058169345
Fri 24 Nov 2017 19:36:49 API.py [line:712] INFO 934022971966050304
Fri 24 Nov 2017 19:36:50 API.py [line:712] INFO 934022975355064321
Fri 24 Nov 2017 19:36:50 API.py [line:712] INFO 934022976760037381
Fri 24 Nov 2017 19:36:52 API.py [line:712] INFO 934022980761350144
Fri 24 Nov 2017 19:36:52 API.py [line:712] INFO 934022982598561792
Fri 24 Nov 2017 19:36:52 API.py [line:712] INFO 934022985282809857
Fri 24 Nov 2017 19:36:52 API.py [line:712] INFO 934022986084028416
Fri 24 Nov 2017 19:36:53 API.py [line:712] INFO 934022987942191109
Fri 24 Nov 2017 19:36:53 API.py [line:712] INFO 934022989145952256
Fri 24 Nov 2017 19:36:53 API.py [line:712] INFO 934022990727208960
Fri 24 Nov 2017 19:36:54 API.py [line:712] INFO 934022994581528576
Fri 24 Nov 2017 19:36:55 API.py [line:712] INFO 934022996611780608
Fri 24 Nov 2017 19:36:55 API.py [line:712] INFO 934022997756723200
Fri 24 Nov 2017 19:36:56 API.py [line:712] INFO 934023002429128704
Fri 24 Nov 2017 19:36:57 API.py [line:712] INFO 934023003666513920
Fri 24 Nov 2017 19:36:57 API.py [line:712] INFO 934023006019612672
Fri 24 Nov 2017 19:36:57 API.py [line:712] INFO 934023006321594370
Fri 24 Nov 2017 19:36:57 API.py [line:712] INFO 934023006984208384
Fri 24 Nov 2017 19:36:58 API.py [line:712] INFO 934023007550373890
Fri 24 Nov 2017 19:36:58 API.py [line:712] INFO 934023008393371648
Fri 24 Nov 2017 19:36:59 API.py [line:712] INFO 934023015561433088
Fri 24 Nov 2017 19:36:59 API.py [line:712] INFO 934023015767166976
Fri 24 Nov 2017 19:37:00 API.py [line:712] INFO 934023016060612608
Fri 24 Nov 2017 19:37:00 API.py [line:712] INFO 934023016551292928
Fri 24 Nov 2017 19:37:00 API.py [line:712] INFO 934023016828125184
Fri 24 Nov 2017 19:37:01 API.py [line:712] INFO 934023021702004736
Fri 24 Nov 2017 19:37:01 API.py [line:712] INFO 934023022750720000
Fri 24 Nov 2017 19:37:02 API.py [line:712] INFO 934023025489534976
Fri 24 Nov 2017 19:37:02 API.py [line:712] INFO 934023026927996929
Fri 24 Nov 2017 19:37:02 API.py [line:712] INFO 934023027913830400
Fri 24 Nov 2017 19:37:03 API.py [line:712] INFO 934023032653467648
Fri 24 Nov 2017 19:37:05 API.py [line:712] INFO 934023039959912449
Fri 24 Nov 2017 19:37:05 API.py [line:712] INFO 934023041281118208
Fri 24 Nov 2017 19:37:06 API.py [line:712] INFO 934023043277639681
Fri 24 Nov 2017 19:37:06 API.py [line:712] INFO 934023043466137600
Fri 24 Nov 2017 19:37:07 API.py [line:712] INFO 934023046981144576
Fri 24 Nov 2017 19:37:07 API.py [line:712] INFO 934023049850118145
Fri 24 Nov 2017 19:37:08 API.py [line:712] INFO 934023048126259202
Fri 24 Nov 2017 19:37:08 API.py [line:712] INFO 934023054232993793
Fri 24 Nov 2017 19:37:09 API.py [line:712] INFO 934023054136659968
Fri 24 Nov 2017 19:37:10 API.py [line:712] INFO 934023058997706752
Fri 24 Nov 2017 19:37:10 API.py [line:712] INFO 934023059287052288
Fri 24 Nov 2017 19:37:10 API.py [line:712] INFO 934023059371110400
Fri 24 Nov 2017 19:37:11 API.py [line:712] INFO 934023062588182528
Fri 24 Nov 2017 19:37:11 API.py [line:712] INFO 934023048126259202
Fri 24 Nov 2017 19:37:11 API.py [line:712] INFO 934023057504657408
Fri 24 Nov 2017 19:37:12 API.py [line:712] INFO 934023067990294531
Fri 24 Nov 2017 19:37:13 API.py [line:712] INFO 934023071131770881
Fri 24 Nov 2017 19:37:13 API.py [line:712] INFO 934023072394362880
Fri 24 Nov 2017 19:37:14 API.py [line:712] INFO 934023075250823174
Fri 24 Nov 2017 19:37:14 API.py [line:712] INFO 934023075691155457
Fri 24 Nov 2017 19:37:14 API.py [line:712] INFO 934023076999675904
Fri 24 Nov 2017 19:37:14 API.py [line:712] INFO 934023074021769216
