Mon 20 Nov 2017 18:51:17 API.py [line:660] INFO start
Mon 20 Nov 2017 18:51:17 API.py [line:692] INFO thread 0 start.
Mon 20 Nov 2017 18:51:17 API.py [line:695] INFO thread 0's token_index 240
Mon 20 Nov 2017 18:51:17 API.py [line:696] INFO {u'access_token': u'719434558970572800-dgDc8EcnqB3aQMe0WMWJtYniv29nIeD', u'consumer_secret': u'LivsS9DTKh4Xmfo2vOG2tpKmrj8lxsYqiDgZLamPBJahFqnjUo', u'consumer_key': u'fO4lXV6LLz5e1Ew6uRDtvXpIQ', u'access_token_secret': u'HfvX7JMg7dg8hYkEFTV9ZRJm2pMOpgnWqlqLoIzWFcsqL'}
Mon 20 Nov 2017 18:51:17 API.py [line:697] INFO [u'shooting,china']
Mon 20 Nov 2017 18:51:17 API.py [line:698] INFO ['192.168.1.148:8118']
Mon 20 Nov 2017 18:51:20 API.py [line:712] INFO 932561991134101504
Mon 20 Nov 2017 18:51:20 API.py [line:712] INFO 932561990580621312
Mon 20 Nov 2017 18:51:20 API.py [line:712] INFO 932561991901704192
Mon 20 Nov 2017 18:51:21 API.py [line:712] INFO 932561996322672640
Mon 20 Nov 2017 18:51:21 API.py [line:712] INFO 932561997509603328
Mon 20 Nov 2017 18:51:22 API.py [line:712] INFO 932561998549798912
Mon 20 Nov 2017 18:51:22 API.py [line:712] INFO 932561998805471232
Mon 20 Nov 2017 18:51:22 API.py [line:712] INFO 932561999468335104
Mon 20 Nov 2017 18:51:22 API.py [line:712] INFO 932561998902153216
Mon 20 Nov 2017 18:51:22 API.py [line:712] INFO 932562001401925632
Mon 20 Nov 2017 18:51:22 API.py [line:712] INFO 932562002454736897
Mon 20 Nov 2017 18:51:23 API.py [line:712] INFO 932562001834008576
Mon 20 Nov 2017 18:51:23 API.py [line:712] INFO 932562002710372352
Mon 20 Nov 2017 18:51:23 API.py [line:712] INFO 932562002953637888
Mon 20 Nov 2017 18:51:23 API.py [line:712] INFO 932562002752438272
Mon 20 Nov 2017 18:51:23 API.py [line:712] INFO 932562004643999744
Mon 20 Nov 2017 18:51:23 API.py [line:712] INFO 932562005323603968
Mon 20 Nov 2017 18:51:23 API.py [line:712] INFO 932562005621460992
Mon 20 Nov 2017 18:51:24 API.py [line:712] INFO 932562007185870849
Mon 20 Nov 2017 18:51:25 API.py [line:712] INFO 932562011313065984
Mon 20 Nov 2017 18:51:25 API.py [line:712] INFO 932562012005109760
Mon 20 Nov 2017 18:51:25 API.py [line:712] INFO 932562011866779648
Mon 20 Nov 2017 18:51:25 API.py [line:712] INFO 932562011195572225
Mon 20 Nov 2017 18:51:25 API.py [line:712] INFO 932562012508512256
Mon 20 Nov 2017 18:51:25 API.py [line:712] INFO 932562012936265729
Mon 20 Nov 2017 18:51:26 API.py [line:712] INFO 932562015737876480
Mon 20 Nov 2017 18:51:26 API.py [line:712] INFO 932562015670931456
Mon 20 Nov 2017 18:51:26 API.py [line:712] INFO 932562017344479234
Mon 20 Nov 2017 18:51:27 API.py [line:712] INFO 932562019412267011
Mon 20 Nov 2017 18:51:37 API.py [line:712] INFO 932562020179873792
Mon 20 Nov 2017 18:51:37 API.py [line:712] INFO 932562020234354689
Mon 20 Nov 2017 18:51:37 API.py [line:712] INFO 932562020011999232
Mon 20 Nov 2017 18:51:37 API.py [line:712] INFO 932562021647835136
Mon 20 Nov 2017 18:51:37 API.py [line:712] INFO 932562022268407808
Mon 20 Nov 2017 18:51:37 API.py [line:712] INFO 932562022172000262
Mon 20 Nov 2017 18:51:37 API.py [line:712] INFO 932562023078035456
Mon 20 Nov 2017 18:51:37 API.py [line:712] INFO 932562023291944960
Mon 20 Nov 2017 18:51:37 API.py [line:712] INFO 932562026030862337
Mon 20 Nov 2017 18:51:37 API.py [line:712] INFO 932562027100430337
Mon 20 Nov 2017 18:51:37 API.py [line:712] INFO 932562029998571525
Mon 20 Nov 2017 18:51:37 API.py [line:712] INFO 932562030292111360
Mon 20 Nov 2017 18:51:37 API.py [line:712] INFO 932562034381557760
Mon 20 Nov 2017 18:51:37 API.py [line:712] INFO 932562035329720320
Mon 20 Nov 2017 18:51:37 API.py [line:712] INFO 932562038169227264
Mon 20 Nov 2017 18:51:37 API.py [line:712] INFO 932562038416605184
Mon 20 Nov 2017 18:51:37 API.py [line:712] INFO 932562044997459968
Mon 20 Nov 2017 18:51:37 API.py [line:712] INFO 932562045144371200
Mon 20 Nov 2017 18:51:38 API.py [line:712] INFO 932562044888518661
Mon 20 Nov 2017 18:51:38 API.py [line:712] INFO 932562047233077248
Mon 20 Nov 2017 18:51:38 API.py [line:712] INFO 932562048608645121
Mon 20 Nov 2017 18:51:38 API.py [line:712] INFO 932562052153044992
Mon 20 Nov 2017 18:51:38 API.py [line:712] INFO 932562054602481664
Mon 20 Nov 2017 18:51:38 API.py [line:712] INFO 932562054417809408
Mon 20 Nov 2017 18:51:38 API.py [line:712] INFO 932562055202295808
Mon 20 Nov 2017 18:51:38 API.py [line:712] INFO 932562056003366912
Mon 20 Nov 2017 18:51:38 API.py [line:712] INFO 932562055801946112
Mon 20 Nov 2017 18:51:38 API.py [line:712] INFO 932562057676734464
Mon 20 Nov 2017 18:51:38 API.py [line:712] INFO 932562057672740864
Mon 20 Nov 2017 18:51:38 API.py [line:712] INFO 932562059056877568
Mon 20 Nov 2017 18:51:38 API.py [line:712] INFO 932562059312713734
Mon 20 Nov 2017 18:51:38 API.py [line:712] INFO 932562059945844736
Mon 20 Nov 2017 18:51:38 API.py [line:712] INFO 932562059413377026
Mon 20 Nov 2017 18:51:38 API.py [line:712] INFO 932562060419858433
Mon 20 Nov 2017 18:51:38 API.py [line:712] INFO 932562060336095232
Mon 20 Nov 2017 18:51:38 API.py [line:712] INFO 932562061145595904
Mon 20 Nov 2017 18:51:38 API.py [line:712] INFO 932562061619376128
Mon 20 Nov 2017 18:51:38 API.py [line:712] INFO 932562062752002048
Mon 20 Nov 2017 18:51:38 API.py [line:712] INFO 932562062886260736
Mon 20 Nov 2017 18:51:38 API.py [line:712] INFO 932562066858110977
Mon 20 Nov 2017 18:51:38 API.py [line:712] INFO 932562067546140672
Mon 20 Nov 2017 18:51:39 API.py [line:712] INFO 932562067713748992
Mon 20 Nov 2017 18:51:39 API.py [line:712] INFO 932562068644839424
Mon 20 Nov 2017 18:51:39 API.py [line:712] INFO 932562069458583553
Mon 20 Nov 2017 18:51:39 API.py [line:712] INFO 932562069613957121
Mon 20 Nov 2017 18:51:39 API.py [line:712] INFO 932562070410874880
Mon 20 Nov 2017 18:51:39 API.py [line:712] INFO 932562073233399809
Mon 20 Nov 2017 18:51:40 API.py [line:712] INFO 932562073602502657
Mon 20 Nov 2017 18:51:40 API.py [line:712] INFO 932562075469070337
Mon 20 Nov 2017 18:51:40 API.py [line:712] INFO 932562076614066176
Mon 20 Nov 2017 18:51:40 API.py [line:712] INFO 932562076081385473
Mon 20 Nov 2017 18:51:40 API.py [line:712] INFO 932562076521840640
Mon 20 Nov 2017 18:51:40 API.py [line:712] INFO 932562077071302656
Mon 20 Nov 2017 18:51:40 API.py [line:712] INFO 932562076874223616
Mon 20 Nov 2017 18:51:41 API.py [line:712] INFO 932562079218851841
Mon 20 Nov 2017 18:51:41 API.py [line:712] INFO 932562079256596480
Mon 20 Nov 2017 18:51:41 API.py [line:712] INFO 932562079692726272
Mon 20 Nov 2017 18:51:41 API.py [line:712] INFO 932562080233816066
Mon 20 Nov 2017 18:51:41 API.py [line:712] INFO 932562081114742784
Mon 20 Nov 2017 18:51:41 API.py [line:712] INFO 932562081274122240
Mon 20 Nov 2017 18:51:41 API.py [line:712] INFO 932562081790021632
Mon 20 Nov 2017 18:51:42 API.py [line:712] INFO 932562082167508993
Mon 20 Nov 2017 18:51:42 API.py [line:712] INFO 932562082297450499
Mon 20 Nov 2017 18:51:42 API.py [line:712] INFO 932562081420857344
Mon 20 Nov 2017 18:51:42 API.py [line:712] INFO 932562083195039744
Mon 20 Nov 2017 18:51:42 API.py [line:712] INFO 932562085484965893
Mon 20 Nov 2017 18:51:42 API.py [line:712] INFO 932562086013620224
Mon 20 Nov 2017 18:51:42 API.py [line:712] INFO 932562086365974529
Mon 20 Nov 2017 18:51:43 API.py [line:712] INFO 932562086365925377
Mon 20 Nov 2017 18:51:43 API.py [line:712] INFO 932562086693130240
Mon 20 Nov 2017 18:51:43 API.py [line:712] INFO 932562087028682754
Mon 20 Nov 2017 18:51:43 API.py [line:712] INFO 932562088026935296
Mon 20 Nov 2017 18:51:43 API.py [line:712] INFO 932562089775915008
Mon 20 Nov 2017 18:51:44 API.py [line:712] INFO 932562091818528768
Mon 20 Nov 2017 18:51:44 API.py [line:712] INFO 932562093508833281
Mon 20 Nov 2017 18:51:44 API.py [line:712] INFO 932562094108573697
Mon 20 Nov 2017 18:51:44 API.py [line:712] INFO 932562094507118592
Mon 20 Nov 2017 18:51:45 API.py [line:712] INFO 932562097547956224
Mon 20 Nov 2017 18:51:45 API.py [line:712] INFO 932562098760151041
Mon 20 Nov 2017 18:51:46 API.py [line:712] INFO 932562098948853760
Mon 20 Nov 2017 18:51:46 API.py [line:712] INFO 932562099393519616
Mon 20 Nov 2017 18:51:46 API.py [line:712] INFO 932562099695509504
Mon 20 Nov 2017 18:51:46 API.py [line:712] INFO 932562099892518912
Mon 20 Nov 2017 18:51:46 API.py [line:712] INFO 932562100714483712
Mon 20 Nov 2017 18:51:46 API.py [line:712] INFO 932562102132277248
Mon 20 Nov 2017 18:51:46 API.py [line:712] INFO 932562102115586048
Mon 20 Nov 2017 18:51:46 API.py [line:712] INFO 932562101490667520
Mon 20 Nov 2017 18:51:46 API.py [line:712] INFO 932562103403085825
Mon 20 Nov 2017 18:51:47 API.py [line:712] INFO 932562103956836352
Mon 20 Nov 2017 18:51:47 API.py [line:712] INFO 932562103818321922
Mon 20 Nov 2017 18:51:47 API.py [line:712] INFO 932562104707530753
Mon 20 Nov 2017 18:51:47 API.py [line:712] INFO 932562105416511489
Mon 20 Nov 2017 18:51:47 API.py [line:712] INFO 932562106884546560
Mon 20 Nov 2017 18:51:48 API.py [line:712] INFO 932562110210543616
Mon 20 Nov 2017 18:51:48 API.py [line:712] INFO 932562109141061632
Mon 20 Nov 2017 18:51:49 API.py [line:712] INFO 932562111368237057
Mon 20 Nov 2017 18:51:49 API.py [line:712] INFO 932562114048286721
Mon 20 Nov 2017 18:51:49 API.py [line:712] INFO 932562114161627136
Mon 20 Nov 2017 18:51:49 API.py [line:712] INFO 932562115109539840
Mon 20 Nov 2017 18:51:49 API.py [line:712] INFO 932562114589454336
Mon 20 Nov 2017 18:51:50 API.py [line:712] INFO 932562118792036352
Mon 20 Nov 2017 18:51:50 API.py [line:712] INFO 932562118309793793
Mon 20 Nov 2017 18:51:50 API.py [line:712] INFO 932562119513526274
Mon 20 Nov 2017 18:51:51 API.py [line:712] INFO 932562120738332673
Mon 20 Nov 2017 18:51:51 API.py [line:712] INFO 932562122235662336
Mon 20 Nov 2017 18:51:51 API.py [line:712] INFO 932562124102160384
Mon 20 Nov 2017 18:51:52 API.py [line:712] INFO 932562124462845952
Mon 20 Nov 2017 18:51:52 API.py [line:712] INFO 932562126799065089
Mon 20 Nov 2017 18:51:52 API.py [line:712] INFO 932562127633596416
Mon 20 Nov 2017 18:51:52 API.py [line:712] INFO 932562127138836481
Mon 20 Nov 2017 18:51:53 API.py [line:712] INFO 932562128376131584
Mon 20 Nov 2017 18:51:53 API.py [line:712] INFO 932562129927815169
Mon 20 Nov 2017 18:51:53 API.py [line:712] INFO 932562129873289217
Mon 20 Nov 2017 18:51:53 API.py [line:712] INFO 932562130506797056
Mon 20 Nov 2017 18:51:53 API.py [line:712] INFO 932562131140206593
Mon 20 Nov 2017 18:51:53 API.py [line:712] INFO 932562132352360448
Mon 20 Nov 2017 18:51:54 API.py [line:712] INFO 932562133337956352
Mon 20 Nov 2017 18:51:54 API.py [line:712] INFO 932562133493088256
Mon 20 Nov 2017 18:51:54 API.py [line:712] INFO 932562134076141568
Mon 20 Nov 2017 18:51:54 API.py [line:712] INFO 932562134965407750
Mon 20 Nov 2017 18:51:54 API.py [line:712] INFO 932562135984390144
Mon 20 Nov 2017 18:51:54 API.py [line:712] INFO 932562135279964160
Mon 20 Nov 2017 18:51:55 API.py [line:712] INFO 932562136072642560
Mon 20 Nov 2017 18:51:55 API.py [line:712] INFO 932562136974479360
Mon 20 Nov 2017 18:51:55 API.py [line:712] INFO 932562137242890242
Mon 20 Nov 2017 18:51:56 API.py [line:712] INFO 932562140522778625
Mon 20 Nov 2017 18:51:56 API.py [line:712] INFO 932562141818773504
Mon 20 Nov 2017 18:51:56 API.py [line:712] INFO 932562142699671552
Mon 20 Nov 2017 18:51:56 API.py [line:712] INFO 932562143345438720
Mon 20 Nov 2017 18:51:56 API.py [line:712] INFO 932562144033349634
Mon 20 Nov 2017 18:51:56 API.py [line:712] INFO 932562144314277888
Mon 20 Nov 2017 18:51:56 API.py [line:712] INFO 932562145228873728
Mon 20 Nov 2017 18:51:57 API.py [line:712] INFO 932562146927529984
Mon 20 Nov 2017 18:51:57 API.py [line:712] INFO 932562148848369664
Mon 20 Nov 2017 18:51:57 API.py [line:712] INFO 932562148651388928
Mon 20 Nov 2017 18:51:58 API.py [line:712] INFO 932562149435518976
Mon 20 Nov 2017 18:51:58 API.py [line:712] INFO 932562150614274048
Mon 20 Nov 2017 18:51:58 API.py [line:712] INFO 932562152279494656
Mon 20 Nov 2017 18:51:58 API.py [line:712] INFO 932562152535330816
Mon 20 Nov 2017 18:51:58 API.py [line:712] INFO 932562152824737792
Mon 20 Nov 2017 18:51:59 API.py [line:712] INFO 932562154305343489
Mon 20 Nov 2017 18:51:59 API.py [line:712] INFO 932562154942861312
Mon 20 Nov 2017 18:52:01 API.py [line:712] INFO 932562157513797632
Mon 20 Nov 2017 18:52:01 API.py [line:712] INFO 932562158835048448
Mon 20 Nov 2017 18:52:01 API.py [line:712] INFO 932562159091048448
Mon 20 Nov 2017 18:52:01 API.py [line:712] INFO 932562159262949376
Mon 20 Nov 2017 18:52:01 API.py [line:712] INFO 932562159573364737
Mon 20 Nov 2017 18:52:01 API.py [line:712] INFO 932562159132913664
Mon 20 Nov 2017 18:52:01 API.py [line:712] INFO 932562160437248002
Mon 20 Nov 2017 18:52:01 API.py [line:712] INFO 932562160869195783
Mon 20 Nov 2017 18:52:01 API.py [line:712] INFO 932562161653739521
Mon 20 Nov 2017 18:52:02 API.py [line:712] INFO 932562164858077185
Mon 20 Nov 2017 18:52:02 API.py [line:712] INFO 932562165307006976
Mon 20 Nov 2017 18:52:02 API.py [line:712] INFO 932562165722214401
Mon 20 Nov 2017 18:52:02 API.py [line:712] INFO 932562168406560768
Mon 20 Nov 2017 18:52:03 API.py [line:712] INFO 932562169333534720
Mon 20 Nov 2017 18:52:03 API.py [line:712] INFO 932562169421496320
Mon 20 Nov 2017 18:52:03 API.py [line:712] INFO 932562168909844480
Mon 20 Nov 2017 18:52:03 API.py [line:712] INFO 932562172001038336
Mon 20 Nov 2017 18:52:03 API.py [line:712] INFO 932562171149672448
Mon 20 Nov 2017 18:52:03 API.py [line:712] INFO 932562172303069184
Mon 20 Nov 2017 18:52:03 API.py [line:712] INFO 932562171816488961
Mon 20 Nov 2017 18:52:03 API.py [line:712] INFO 932562173389430784
Mon 20 Nov 2017 18:52:03 API.py [line:712] INFO 932562172626001920
Mon 20 Nov 2017 18:52:03 API.py [line:712] INFO 932562173720743936
Mon 20 Nov 2017 18:52:04 API.py [line:712] INFO 932562174127628288
Mon 20 Nov 2017 18:52:04 API.py [line:712] INFO 932562174920212480
Mon 20 Nov 2017 18:52:04 API.py [line:712] INFO 932562176346386437
Mon 20 Nov 2017 18:52:04 API.py [line:712] INFO 932562177466294274
Mon 20 Nov 2017 18:52:05 API.py [line:712] INFO 932562179093561344
Mon 20 Nov 2017 18:52:05 API.py [line:712] INFO 932562179642949632
Mon 20 Nov 2017 18:52:05 API.py [line:712] INFO 932562181585035264
Mon 20 Nov 2017 18:52:05 API.py [line:712] INFO 932562182541156352
Mon 20 Nov 2017 18:52:06 API.py [line:712] INFO 932562182272897024
Mon 20 Nov 2017 18:52:06 API.py [line:712] INFO 932562183896158208
Mon 20 Nov 2017 18:52:06 API.py [line:712] INFO 932562184265261057
Mon 20 Nov 2017 18:52:06 API.py [line:712] INFO 932562181253627906
Mon 20 Nov 2017 18:52:06 API.py [line:712] INFO 932562185632575489
Mon 20 Nov 2017 18:52:06 API.py [line:712] INFO 932562185544523777
Mon 20 Nov 2017 18:52:06 API.py [line:712] INFO 932562185745661954
Mon 20 Nov 2017 18:52:07 API.py [line:712] INFO 932562184139411456
Mon 20 Nov 2017 18:52:07 API.py [line:712] INFO 932562188723740672
Mon 20 Nov 2017 18:52:08 API.py [line:712] INFO 932562191810564096
Mon 20 Nov 2017 18:52:08 API.py [line:712] INFO 932562191450099712
Mon 20 Nov 2017 18:52:08 API.py [line:712] INFO 932562194822295552
Mon 20 Nov 2017 18:52:09 API.py [line:712] INFO 932562196076400640
Mon 20 Nov 2017 18:52:09 API.py [line:712] INFO 932562196936105985
Mon 20 Nov 2017 18:52:09 API.py [line:712] INFO 932562197573767168
Mon 20 Nov 2017 18:52:09 API.py [line:712] INFO 932562197464698880
Mon 20 Nov 2017 18:52:09 API.py [line:712] INFO 932562198060204032
Mon 20 Nov 2017 18:52:09 API.py [line:712] INFO 932562199062528001
Mon 20 Nov 2017 18:52:09 API.py [line:712] INFO 932562198630748160
Mon 20 Nov 2017 18:52:10 API.py [line:712] INFO 932562199087931392
Mon 20 Nov 2017 18:52:10 API.py [line:712] INFO 932562199423336448
Mon 20 Nov 2017 18:52:10 API.py [line:712] INFO 932562200421527552
Mon 20 Nov 2017 18:52:10 API.py [line:712] INFO 932562200191033344
Mon 20 Nov 2017 18:52:10 API.py [line:712] INFO 932562201382150144
Mon 20 Nov 2017 18:52:10 API.py [line:712] INFO 932562202086858752
Mon 20 Nov 2017 18:52:10 API.py [line:712] INFO 932562202770501634
Mon 20 Nov 2017 18:52:11 API.py [line:712] INFO 932562204322172928
Mon 20 Nov 2017 18:52:11 API.py [line:712] INFO 932562205077331968
Mon 20 Nov 2017 18:52:11 API.py [line:712] INFO 932562205077377024
Mon 20 Nov 2017 18:52:11 API.py [line:712] INFO 932562207593787397
Mon 20 Nov 2017 18:52:11 API.py [line:712] INFO 932562207698817025
Mon 20 Nov 2017 18:52:12 API.py [line:712] INFO 932562208772456449
Mon 20 Nov 2017 18:52:12 API.py [line:712] INFO 932562209376538624
Mon 20 Nov 2017 18:52:12 API.py [line:712] INFO 932562211158966273
Mon 20 Nov 2017 18:52:12 API.py [line:712] INFO 932562211716952065
Mon 20 Nov 2017 18:52:13 API.py [line:712] INFO 932562212027289605
Mon 20 Nov 2017 18:52:13 API.py [line:712] INFO 932562214078373888
Mon 20 Nov 2017 18:52:13 API.py [line:712] INFO 932562214887796736
Mon 20 Nov 2017 18:52:13 API.py [line:712] INFO 932562215978201089
Mon 20 Nov 2017 18:52:14 API.py [line:712] INFO 932562217702252545
Mon 20 Nov 2017 18:52:14 API.py [line:712] INFO 932562218033598464
Mon 20 Nov 2017 18:52:14 API.py [line:712] INFO 932562219921035264
Mon 20 Nov 2017 18:52:15 API.py [line:712] INFO 932562221489516544
Mon 20 Nov 2017 18:52:15 API.py [line:712] INFO 932562221191884801
Mon 20 Nov 2017 18:52:15 API.py [line:712] INFO 932562221460271104
Mon 20 Nov 2017 18:52:15 API.py [line:712] INFO 932562221967781889
Mon 20 Nov 2017 18:52:15 API.py [line:712] INFO 932562222869606410
Mon 20 Nov 2017 18:52:15 API.py [line:712] INFO 932562222907297793
Mon 20 Nov 2017 18:52:15 API.py [line:712] INFO 932562223716806656
Mon 20 Nov 2017 18:52:15 API.py [line:712] INFO 932562223926521856
Mon 20 Nov 2017 18:52:15 API.py [line:712] INFO 932562223238656000
Mon 20 Nov 2017 18:52:15 API.py [line:712] INFO 932562224832569344
Mon 20 Nov 2017 18:52:16 API.py [line:712] INFO 932562224857669632
Mon 20 Nov 2017 18:52:16 API.py [line:712] INFO 932562226573168643
Mon 20 Nov 2017 18:52:16 API.py [line:712] INFO 932562226468278273
Mon 20 Nov 2017 18:52:16 API.py [line:712] INFO 932562222609395712
Mon 20 Nov 2017 18:52:16 API.py [line:712] INFO 932562227038625792
Mon 20 Nov 2017 18:52:16 API.py [line:712] INFO 932562227550240769
Mon 20 Nov 2017 18:52:16 API.py [line:712] INFO 932562227793555457
Mon 20 Nov 2017 18:52:16 API.py [line:712] INFO 932562227789430784
Mon 20 Nov 2017 18:52:17 API.py [line:712] INFO 932562229030920192
Mon 20 Nov 2017 18:52:17 API.py [line:712] INFO 932562229324668928
Mon 20 Nov 2017 18:52:17 API.py [line:712] INFO 932562229869924352
Mon 20 Nov 2017 18:52:17 API.py [line:712] INFO 932562231295868928
Mon 20 Nov 2017 18:52:17 API.py [line:712] INFO 932562232558411776
Mon 20 Nov 2017 18:52:17 API.py [line:712] INFO 932562232843612161
Mon 20 Nov 2017 18:52:17 API.py [line:712] INFO 932562232214478849
Mon 20 Nov 2017 18:52:18 API.py [line:712] INFO 932562232784846848
Mon 20 Nov 2017 18:52:18 API.py [line:712] INFO 932562233569181696
Mon 20 Nov 2017 18:52:18 API.py [line:712] INFO 932562235335036928
Mon 20 Nov 2017 18:52:18 API.py [line:712] INFO 932562236220067842
Mon 20 Nov 2017 18:52:18 API.py [line:712] INFO 932562236228362240
Mon 20 Nov 2017 18:52:18 API.py [line:712] INFO 932562236798914561
Mon 20 Nov 2017 18:52:19 API.py [line:712] INFO 932562237813792768
Mon 20 Nov 2017 18:52:19 API.py [line:712] INFO 932562239642533888
Mon 20 Nov 2017 18:52:20 API.py [line:712] INFO 932562242058403841
Mon 20 Nov 2017 18:52:20 API.py [line:712] INFO 932562241605419010
Mon 20 Nov 2017 18:52:20 API.py [line:712] INFO 932562242658238464
Mon 20 Nov 2017 18:52:20 API.py [line:712] INFO 932562242406674432
Mon 20 Nov 2017 18:52:20 API.py [line:712] INFO 932562244809969664
Mon 20 Nov 2017 18:52:20 API.py [line:712] INFO 932562245187448832
Mon 20 Nov 2017 18:52:21 API.py [line:712] INFO 932562244348596225
Mon 20 Nov 2017 18:52:21 API.py [line:712] INFO 932562248102502405
Mon 20 Nov 2017 18:52:21 API.py [line:712] INFO 932562245183311873
Mon 20 Nov 2017 18:52:21 API.py [line:712] INFO 932562248194822149
Mon 20 Nov 2017 18:52:22 API.py [line:712] INFO 932562249968783360
Mon 20 Nov 2017 18:52:22 API.py [line:712] INFO 932562250073812992
Mon 20 Nov 2017 18:52:22 API.py [line:712] INFO 932562250908368896
Mon 20 Nov 2017 18:52:22 API.py [line:712] INFO 932562250765881344
Mon 20 Nov 2017 18:52:22 API.py [line:712] INFO 932562251529248768
Mon 20 Nov 2017 18:52:22 API.py [line:712] INFO 932562252665724928
Mon 20 Nov 2017 18:52:22 API.py [line:712] INFO 932562254255480832
Mon 20 Nov 2017 18:52:23 API.py [line:712] INFO 932562254553403392
Mon 20 Nov 2017 18:52:23 API.py [line:712] INFO 932562257187180544
Mon 20 Nov 2017 18:52:23 API.py [line:712] INFO 932562257594028035
Mon 20 Nov 2017 18:52:24 API.py [line:712] INFO 932562259343179776
Mon 20 Nov 2017 18:52:24 API.py [line:712] INFO 932562259859030016
Mon 20 Nov 2017 18:52:24 API.py [line:712] INFO 932562259703840768
Mon 20 Nov 2017 18:52:24 API.py [line:712] INFO 932562260907757569
Mon 20 Nov 2017 18:52:24 API.py [line:712] INFO 932562261578838017
Mon 20 Nov 2017 18:52:24 API.py [line:712] INFO 932562261117304833
Mon 20 Nov 2017 18:52:25 API.py [line:712] INFO 932562262254071808
Mon 20 Nov 2017 18:52:25 API.py [line:712] INFO 932562262036041728
Mon 20 Nov 2017 18:52:25 API.py [line:712] INFO 932562261117304833
Mon 20 Nov 2017 18:52:26 API.py [line:712] INFO 932562266314235904
Mon 20 Nov 2017 18:52:26 API.py [line:712] INFO 932562268776214528
Mon 20 Nov 2017 18:52:26 API.py [line:712] INFO 932562267635294208
Mon 20 Nov 2017 18:52:26 API.py [line:712] INFO 932562269568946176
Mon 20 Nov 2017 18:52:27 API.py [line:712] INFO 932562270760050688
Mon 20 Nov 2017 18:52:27 API.py [line:712] INFO 932562271288643585
Mon 20 Nov 2017 18:52:27 API.py [line:712] INFO 932562271372328960
Mon 20 Nov 2017 18:52:27 API.py [line:712] INFO 932562272534257664
Mon 20 Nov 2017 18:52:27 API.py [line:712] INFO 932562274258108417
Mon 20 Nov 2017 18:52:28 API.py [line:712] INFO 932562274094669824
Mon 20 Nov 2017 18:52:28 API.py [line:712] INFO 932562274572754945
Mon 20 Nov 2017 18:52:28 API.py [line:712] INFO 932562275625340933
Mon 20 Nov 2017 18:52:28 API.py [line:712] INFO 932562275302600705
Mon 20 Nov 2017 18:52:28 API.py [line:712] INFO 932562277307428864
Mon 20 Nov 2017 18:52:28 API.py [line:712] INFO 932562277588525058
Mon 20 Nov 2017 18:52:28 API.py [line:712] INFO 932562277718511617
Mon 20 Nov 2017 18:52:28 API.py [line:712] INFO 932562277819211776
Mon 20 Nov 2017 18:52:29 API.py [line:712] INFO 932562279945654273
Mon 20 Nov 2017 18:52:29 API.py [line:712] INFO 932562280549703682
Mon 20 Nov 2017 18:52:29 API.py [line:712] INFO 932562280839106560
Mon 20 Nov 2017 18:52:29 API.py [line:712] INFO 932562281241743361
Mon 20 Nov 2017 18:52:29 API.py [line:712] INFO 932562281480810497
Mon 20 Nov 2017 18:52:30 API.py [line:712] INFO 932562284521537536
Mon 20 Nov 2017 18:52:30 API.py [line:712] INFO 932562284626497536
Mon 20 Nov 2017 18:52:30 API.py [line:712] INFO 932562286455214080
Mon 20 Nov 2017 18:52:30 API.py [line:712] INFO 932562286765522944
Mon 20 Nov 2017 18:52:31 API.py [line:712] INFO 932562288011132928
Mon 20 Nov 2017 18:52:31 API.py [line:712] INFO 932562288070070272
Mon 20 Nov 2017 18:52:31 API.py [line:712] INFO 932562288581767168
Mon 20 Nov 2017 18:52:31 API.py [line:712] INFO 932562290611773440
Mon 20 Nov 2017 18:52:32 API.py [line:712] INFO 932562294352969729
Mon 20 Nov 2017 18:52:32 API.py [line:712] INFO 932562294793314304
Mon 20 Nov 2017 18:52:32 API.py [line:712] INFO 932562294495678464
Mon 20 Nov 2017 18:52:32 API.py [line:712] INFO 932562295825321990
Mon 20 Nov 2017 18:52:33 API.py [line:712] INFO 932562295997083648
Mon 20 Nov 2017 18:52:33 API.py [line:712] INFO 932562297335222273
Mon 20 Nov 2017 18:52:33 API.py [line:712] INFO 932562299096887296
Mon 20 Nov 2017 18:52:33 API.py [line:712] INFO 932562299424006148
Mon 20 Nov 2017 18:52:33 API.py [line:712] INFO 932562299239518210
Mon 20 Nov 2017 18:52:34 API.py [line:712] INFO 932562300724166656
Mon 20 Nov 2017 18:52:34 API.py [line:712] INFO 932562301218983937
Mon 20 Nov 2017 18:52:34 API.py [line:712] INFO 932562301344825345
Mon 20 Nov 2017 18:52:34 API.py [line:712] INFO 932562301017784321
Mon 20 Nov 2017 18:52:34 API.py [line:712] INFO 932562302502604802
Mon 20 Nov 2017 18:52:34 API.py [line:712] INFO 932562302808788993
Mon 20 Nov 2017 18:52:34 API.py [line:712] INFO 932562303530274816
