Tue 28 Nov 2017 09:58:58 API.py [line:660] INFO start
Tue 28 Nov 2017 09:58:58 API.py [line:692] INFO thread 0 start.
Tue 28 Nov 2017 09:58:58 API.py [line:695] INFO thread 0's token_index 500
Tue 28 Nov 2017 09:58:58 API.py [line:696] INFO {u'access_token': u'727791556191625216-Sz2rUYXfsFNrrtqeSkYqomlEOIlNT8n', u'consumer_secret': u'LivsS9DTKh4Xmfo2vOG2tpKmrj8lxsYqiDgZLamPBJahFqnjUo', u'consumer_key': u'fO4lXV6LLz5e1Ew6uRDtvXpIQ', u'access_token_secret': u'sKoCVPnyY84f7r2TQ16oYWjvpYAHvbhzh31pUy40pnqRM'}
Tue 28 Nov 2017 09:58:58 API.py [line:697] INFO [u'china']
Tue 28 Nov 2017 09:58:58 API.py [line:698] INFO ['192.168.1.148:8118']
Tue 28 Nov 2017 09:59:04 API.py [line:712] INFO 935327138705637376
Tue 28 Nov 2017 09:59:04 API.py [line:712] INFO 935327139225669632
Tue 28 Nov 2017 09:59:04 API.py [line:712] INFO 935327140257546240
Tue 28 Nov 2017 09:59:05 API.py [line:712] INFO 935327143277477888
Tue 28 Nov 2017 09:59:05 API.py [line:712] INFO 935327144615411712
Tue 28 Nov 2017 09:59:06 API.py [line:712] INFO 935327144238047232
Tue 28 Nov 2017 09:59:06 API.py [line:712] INFO 935327147777916929
Tue 28 Nov 2017 09:59:07 API.py [line:712] INFO 935327147685810176
Tue 28 Nov 2017 09:59:08 API.py [line:712] INFO 935327147861860352
Tue 28 Nov 2017 09:59:08 API.py [line:712] INFO 935327148264521734
Tue 28 Nov 2017 09:59:08 API.py [line:712] INFO 935327149438812160
Tue 28 Nov 2017 09:59:08 API.py [line:712] INFO 935327152676859904
Tue 28 Nov 2017 09:59:10 API.py [line:712] INFO 935327152731455488
Tue 28 Nov 2017 09:59:10 API.py [line:712] INFO 935327155654877184
Tue 28 Nov 2017 09:59:10 API.py [line:712] INFO 935327160990076928
Tue 28 Nov 2017 09:59:11 API.py [line:712] INFO 935327155579490304
Tue 28 Nov 2017 09:59:11 API.py [line:712] INFO 935327156590301184
Tue 28 Nov 2017 09:59:11 API.py [line:712] INFO 935327163359698946
Tue 28 Nov 2017 09:59:11 API.py [line:712] INFO 935327165268332544
Tue 28 Nov 2017 09:59:13 API.py [line:712] INFO 935327166425788416
Tue 28 Nov 2017 09:59:14 API.py [line:712] INFO 935327169835819008
Tue 28 Nov 2017 09:59:14 API.py [line:712] INFO 935327170301345792
Tue 28 Nov 2017 09:59:15 API.py [line:712] INFO 935327173233307648
Tue 28 Nov 2017 09:59:16 API.py [line:712] INFO 935327173799321600
Tue 28 Nov 2017 09:59:16 API.py [line:712] INFO 935327175812833281
Tue 28 Nov 2017 09:59:17 API.py [line:712] INFO 935327176177565696
Tue 28 Nov 2017 09:59:17 API.py [line:712] INFO 935327178366971904
Tue 28 Nov 2017 09:59:18 API.py [line:712] INFO 935327181206679552
Tue 28 Nov 2017 09:59:19 API.py [line:712] INFO 935327184817831936
Tue 28 Nov 2017 09:59:19 API.py [line:712] INFO 935327185522647040
Tue 28 Nov 2017 09:59:20 API.py [line:712] INFO 935327186256646144
Tue 28 Nov 2017 09:59:21 API.py [line:712] INFO 935327186550013952
Tue 28 Nov 2017 09:59:23 API.py [line:712] INFO 935327187380637696
Tue 28 Nov 2017 09:59:24 API.py [line:712] INFO 935327188836081669
Tue 28 Nov 2017 09:59:24 API.py [line:712] INFO 935327189754511360
Tue 28 Nov 2017 09:59:26 API.py [line:712] INFO 935327191289815046
Tue 28 Nov 2017 09:59:26 API.py [line:712] INFO 935327191881023488
Tue 28 Nov 2017 09:59:27 API.py [line:712] INFO 935327192417837056
Tue 28 Nov 2017 09:59:30 API.py [line:712] INFO 935327196721373184
Tue 28 Nov 2017 09:59:30 API.py [line:712] INFO 935327197987868672
Tue 28 Nov 2017 09:59:30 API.py [line:712] INFO 935327198780764161
Tue 28 Nov 2017 09:59:30 API.py [line:712] INFO 935327196889124865
Tue 28 Nov 2017 09:59:31 API.py [line:712] INFO 935327205466562560
Tue 28 Nov 2017 09:59:32 API.py [line:712] INFO 935327206191939584
Tue 28 Nov 2017 09:59:33 API.py [line:712] INFO 935327206208933894
Tue 28 Nov 2017 09:59:34 API.py [line:712] INFO 935327208385560576
Tue 28 Nov 2017 09:59:35 API.py [line:712] INFO 935327207475556352
Tue 28 Nov 2017 09:59:37 API.py [line:712] INFO 935327211162296322
Tue 28 Nov 2017 09:59:38 API.py [line:712] INFO 935327212013850624
Tue 28 Nov 2017 09:59:40 API.py [line:712] INFO 935327213393657856
Tue 28 Nov 2017 09:59:40 API.py [line:712] INFO 935327216291983360
Tue 28 Nov 2017 09:59:41 API.py [line:712] INFO 935327216090714112
Tue 28 Nov 2017 09:59:41 API.py [line:712] INFO 935327217931956224
Tue 28 Nov 2017 09:59:41 API.py [line:712] INFO 935327218221375488
Tue 28 Nov 2017 09:59:42 API.py [line:712] INFO 935327219098050561
Tue 28 Nov 2017 09:59:42 API.py [line:712] INFO 935327221157433346
Tue 28 Nov 2017 09:59:43 API.py [line:712] INFO 935327225456467968
Tue 28 Nov 2017 09:59:44 API.py [line:712] INFO 935327234012745728
Tue 28 Nov 2017 09:59:44 API.py [line:712] INFO 935327237112463360
Tue 28 Nov 2017 09:59:44 API.py [line:712] INFO 935327237695422464
Tue 28 Nov 2017 09:59:46 API.py [line:712] INFO 935327238668431360
Tue 28 Nov 2017 09:59:47 API.py [line:712] INFO 935327241143173121
Tue 28 Nov 2017 09:59:47 API.py [line:712] INFO 935327241386389504
Tue 28 Nov 2017 09:59:50 API.py [line:712] INFO 935327242187608064
Tue 28 Nov 2017 09:59:51 API.py [line:712] INFO 935327247694692353
Tue 28 Nov 2017 09:59:52 API.py [line:712] INFO 935327248839622657
Tue 28 Nov 2017 09:59:52 API.py [line:712] INFO 935327250987212800
Tue 28 Nov 2017 09:59:52 API.py [line:712] INFO 935327255580106752
Tue 28 Nov 2017 09:59:53 API.py [line:712] INFO 935327256901226496
Tue 28 Nov 2017 09:59:54 API.py [line:712] INFO 935327257266085889
Tue 28 Nov 2017 09:59:56 API.py [line:712] INFO 935327257488269312
Tue 28 Nov 2017 09:59:56 API.py [line:712] INFO 935327257559740416
Tue 28 Nov 2017 09:59:59 API.py [line:712] INFO 935327260583661568
Tue 28 Nov 2017 09:59:59 API.py [line:712] INFO 935327260952973329
Tue 28 Nov 2017 10:00:00 API.py [line:712] INFO 935327262773268480
Tue 28 Nov 2017 10:00:00 API.py [line:712] INFO 935327261418389504
Tue 28 Nov 2017 10:00:01 API.py [line:712] INFO 935327266887778304
Tue 28 Nov 2017 10:00:01 API.py [line:712] INFO 935327266728435712
Tue 28 Nov 2017 10:00:01 API.py [line:712] INFO 935327273938386944
Tue 28 Nov 2017 10:00:01 API.py [line:712] INFO 935327275293335552
Tue 28 Nov 2017 10:00:02 API.py [line:712] INFO 935327280087232512
Tue 28 Nov 2017 10:00:03 API.py [line:712] INFO 935327279810523138
Tue 28 Nov 2017 10:00:03 API.py [line:712] INFO 935327280699789314
Tue 28 Nov 2017 10:00:03 API.py [line:712] INFO 935327284482908160
Tue 28 Nov 2017 10:00:03 API.py [line:712] INFO 935327286542266368
Tue 28 Nov 2017 10:00:03 API.py [line:712] INFO 935327287993683968
Tue 28 Nov 2017 10:00:03 API.py [line:712] INFO 935327290568953862
Tue 28 Nov 2017 10:00:06 API.py [line:712] INFO 935327294922678278
Tue 28 Nov 2017 10:00:06 API.py [line:712] INFO 935327299615916032
Tue 28 Nov 2017 10:00:06 API.py [line:712] INFO 935327300962406400
Tue 28 Nov 2017 10:00:07 API.py [line:712] INFO 935327303260884992
Tue 28 Nov 2017 10:00:07 API.py [line:712] INFO 935327303588032513
Tue 28 Nov 2017 10:00:08 API.py [line:712] INFO 935327305420783618
Tue 28 Nov 2017 10:00:08 API.py [line:712] INFO 935327305722880000
Tue 28 Nov 2017 10:00:09 API.py [line:712] INFO 935327307518107648
Tue 28 Nov 2017 10:00:10 API.py [line:712] INFO 935327307962621952
Tue 28 Nov 2017 10:00:10 API.py [line:712] INFO 935327309141299203
Tue 28 Nov 2017 10:00:12 API.py [line:712] INFO 935327309124571136
Tue 28 Nov 2017 10:00:13 API.py [line:712] INFO 935327310382694401
Tue 28 Nov 2017 10:00:17 API.py [line:712] INFO 935327310793838592
Tue 28 Nov 2017 10:00:17 API.py [line:712] INFO 935327311628468224
Tue 28 Nov 2017 10:00:17 API.py [line:712] INFO 935327312769269760
Tue 28 Nov 2017 10:00:17 API.py [line:712] INFO 935327314166108160
Tue 28 Nov 2017 10:00:18 API.py [line:712] INFO 935327317055942656
Tue 28 Nov 2017 10:00:19 API.py [line:712] INFO 935327317114654725
Tue 28 Nov 2017 10:00:20 API.py [line:712] INFO 935327320197468160
Tue 28 Nov 2017 10:00:20 API.py [line:712] INFO 935327319845109761
Tue 28 Nov 2017 10:00:20 API.py [line:712] INFO 935327321539653633
Tue 28 Nov 2017 10:00:20 API.py [line:712] INFO 935327322361786369
Tue 28 Nov 2017 10:00:20 API.py [line:712] INFO 935327326811885570
Tue 28 Nov 2017 10:00:21 API.py [line:712] INFO 935327327847792640
Tue 28 Nov 2017 10:00:21 API.py [line:712] INFO 935327330217558021
Tue 28 Nov 2017 10:00:21 API.py [line:712] INFO 935327333589929985
Tue 28 Nov 2017 10:00:22 API.py [line:712] INFO 935327334944722944
Tue 28 Nov 2017 10:00:22 API.py [line:712] INFO 935327336106377217
Tue 28 Nov 2017 10:00:23 API.py [line:712] INFO 935327337335341057
Tue 28 Nov 2017 10:00:23 API.py [line:712] INFO 935327337578504193
Tue 28 Nov 2017 10:00:24 API.py [line:712] INFO 935327342032953344
Tue 28 Nov 2017 10:00:25 API.py [line:712] INFO 935327342733520897
Tue 28 Nov 2017 10:00:26 API.py [line:712] INFO 935327343698239488
Tue 28 Nov 2017 10:00:27 API.py [line:712] INFO 935327344402735105
Tue 28 Nov 2017 10:00:28 API.py [line:712] INFO 935327344528642048
Tue 28 Nov 2017 10:00:28 API.py [line:712] INFO 935327352560738310
Tue 28 Nov 2017 10:00:28 API.py [line:712] INFO 935327352808189957
Tue 28 Nov 2017 10:00:29 API.py [line:712] INFO 935327356494913537
Tue 28 Nov 2017 10:00:30 API.py [line:712] INFO 935327363629535232
Tue 28 Nov 2017 10:00:30 API.py [line:712] INFO 935327366573887489
Tue 28 Nov 2017 10:00:33 API.py [line:712] INFO 935327368540860417
Tue 28 Nov 2017 10:00:33 API.py [line:712] INFO 935327369899991040
Tue 28 Nov 2017 10:00:34 API.py [line:712] INFO 935327372722630657
Tue 28 Nov 2017 10:00:35 API.py [line:712] INFO 935327379710410752
Tue 28 Nov 2017 10:00:35 API.py [line:712] INFO 935327384034832389
Tue 28 Nov 2017 10:00:35 API.py [line:712] INFO 935327384403836928
Tue 28 Nov 2017 10:00:35 API.py [line:712] INFO 935327384248598528
Tue 28 Nov 2017 10:00:36 API.py [line:712] INFO 935327388367335424
Tue 28 Nov 2017 10:00:36 API.py [line:712] INFO 935327386786324485
Tue 28 Nov 2017 10:00:36 API.py [line:712] INFO 935327387834712064
Tue 28 Nov 2017 10:00:36 API.py [line:712] INFO 935327389651030016
Tue 28 Nov 2017 10:00:37 API.py [line:712] INFO 935327388199616513
Tue 28 Nov 2017 10:00:37 API.py [line:712] INFO 935327389663531008
Tue 28 Nov 2017 10:00:38 API.py [line:712] INFO 935327390217072640
Tue 28 Nov 2017 10:00:38 API.py [line:712] INFO 935327390116536320
Tue 28 Nov 2017 10:00:39 API.py [line:712] INFO 935327391286812672
Tue 28 Nov 2017 10:00:39 API.py [line:712] INFO 935327390263214080
Tue 28 Nov 2017 10:00:39 API.py [line:712] INFO 935327392666734592
Tue 28 Nov 2017 10:00:41 API.py [line:712] INFO 935327395216797696
Tue 28 Nov 2017 10:00:41 API.py [line:712] INFO 935327397569810437
Tue 28 Nov 2017 10:00:41 API.py [line:712] INFO 935327398538735618
Tue 28 Nov 2017 10:00:41 API.py [line:712] INFO 935327393891409924
Tue 28 Nov 2017 10:00:41 API.py [line:712] INFO 935327399767572480
Tue 28 Nov 2017 10:00:42 API.py [line:712] INFO 935327401399140352
Tue 28 Nov 2017 10:00:42 API.py [line:712] INFO 935327404246974465
Tue 28 Nov 2017 10:00:42 API.py [line:712] INFO 935327407170449408
Tue 28 Nov 2017 10:00:42 API.py [line:712] INFO 935327407505948672
Tue 28 Nov 2017 10:00:43 API.py [line:712] INFO 935327398928711681
Tue 28 Nov 2017 10:00:43 API.py [line:712] INFO 935327408516976640
Tue 28 Nov 2017 10:00:48 API.py [line:712] INFO 935327409586524161
Tue 28 Nov 2017 10:00:49 API.py [line:712] INFO 935327410840485889
Tue 28 Nov 2017 10:00:49 API.py [line:712] INFO 935327412170174465
Tue 28 Nov 2017 10:00:50 API.py [line:712] INFO 935327412362997761
Tue 28 Nov 2017 10:00:50 API.py [line:712] INFO 935327411931037696
Tue 28 Nov 2017 10:00:50 API.py [line:712] INFO 935327414133116929
Tue 28 Nov 2017 10:00:50 API.py [line:712] INFO 935327419623288832
Tue 28 Nov 2017 10:00:50 API.py [line:712] INFO 935327419216543745
Tue 28 Nov 2017 10:00:50 API.py [line:712] INFO 935327419845828608
Tue 28 Nov 2017 10:00:50 API.py [line:712] INFO 935327422299373568
Tue 28 Nov 2017 10:00:50 API.py [line:712] INFO 935327423155064833
Tue 28 Nov 2017 10:00:50 API.py [line:712] INFO 935327425428410368
Tue 28 Nov 2017 10:00:51 API.py [line:712] INFO 935327427596824576
Tue 28 Nov 2017 10:00:51 API.py [line:712] INFO 935327428553138181
Tue 28 Nov 2017 10:00:51 API.py [line:712] INFO 935327429429641217
Tue 28 Nov 2017 10:00:51 API.py [line:712] INFO 935327429505306624
Tue 28 Nov 2017 10:00:51 API.py [line:712] INFO 935327430801313792
Tue 28 Nov 2017 10:00:51 API.py [line:712] INFO 935327431606628352
Tue 28 Nov 2017 10:00:52 API.py [line:712] INFO 935327435737968642
Tue 28 Nov 2017 10:00:52 API.py [line:712] INFO 935327441307832320
Tue 28 Nov 2017 10:00:52 API.py [line:712] INFO 935327441169584128
Tue 28 Nov 2017 10:00:52 API.py [line:712] INFO 935327441639301120
Tue 28 Nov 2017 10:00:53 API.py [line:712] INFO 935327441907695616
Tue 28 Nov 2017 10:00:53 API.py [line:712] INFO 935327442880704512
Tue 28 Nov 2017 10:00:53 API.py [line:712] INFO 935327444889878529
Tue 28 Nov 2017 10:00:54 TwitterError.py [line:22] WARNING 400 statuses/filter text ('Connection broken: IncompleteRead(0 bytes read, 1 more expected)', IncompleteRead(0 bytes read, 1 more expected))
Tue 28 Nov 2017 10:00:54 API.py [line:250] ERROR 400 statuses/filter text ('Connection broken: IncompleteRead(0 bytes read, 1 more expected)', IncompleteRead(0 bytes read, 1 more expected))
Tue 28 Nov 2017 10:01:05 API.py [line:712] INFO 935327640356974592
Tue 28 Nov 2017 10:01:05 API.py [line:712] INFO 935327640604594177
Tue 28 Nov 2017 10:01:06 API.py [line:712] INFO 935327642747674624
Tue 28 Nov 2017 10:01:06 API.py [line:712] INFO 935327647315394560
Tue 28 Nov 2017 10:01:06 API.py [line:712] INFO 935327645805539328
Tue 28 Nov 2017 10:01:06 API.py [line:712] INFO 935327648586252288
Tue 28 Nov 2017 10:01:07 API.py [line:712] INFO 935327648989044737
Tue 28 Nov 2017 10:01:07 API.py [line:712] INFO 935327651929165824
Tue 28 Nov 2017 10:01:08 API.py [line:712] INFO 935327654290497536
Tue 28 Nov 2017 10:01:08 API.py [line:712] INFO 935327654307352576
Tue 28 Nov 2017 10:01:09 API.py [line:712] INFO 935327654898647041
Tue 28 Nov 2017 10:01:10 API.py [line:712] INFO 935327650188578818
Tue 28 Nov 2017 10:01:10 API.py [line:712] INFO 935327655959973888
Tue 28 Nov 2017 10:01:10 API.py [line:712] INFO 935327657893306369
Tue 28 Nov 2017 10:01:14 API.py [line:712] INFO 935327658161864704
Tue 28 Nov 2017 10:01:14 API.py [line:712] INFO 935327657281163270
Tue 28 Nov 2017 10:01:16 API.py [line:712] INFO 935327659906748416
Tue 28 Nov 2017 10:01:16 API.py [line:712] INFO 935327660909187072
Tue 28 Nov 2017 10:01:24 API.py [line:712] INFO 935327662838558720
Tue 28 Nov 2017 10:01:24 API.py [line:712] INFO 935327662901481472
Tue 28 Nov 2017 10:01:25 API.py [line:712] INFO 935327662117146625
Tue 28 Nov 2017 10:01:25 API.py [line:712] INFO 935327664709296128
Tue 28 Nov 2017 10:01:26 API.py [line:712] INFO 935327667410423808
Tue 28 Nov 2017 10:01:29 API.py [line:712] INFO 935327667955650560
Tue 28 Nov 2017 10:01:30 API.py [line:712] INFO 935327672087007234
Tue 28 Nov 2017 10:01:32 API.py [line:712] INFO 935327672904794112
Tue 28 Nov 2017 10:01:33 API.py [line:712] INFO 935327673789825025
Tue 28 Nov 2017 10:01:33 API.py [line:712] INFO 935327676306423808
Tue 28 Nov 2017 10:01:34 API.py [line:712] INFO 935327676528594944
Tue 28 Nov 2017 10:01:35 API.py [line:712] INFO 935327678353346560
Tue 28 Nov 2017 10:01:35 API.py [line:712] INFO 935327681662595073
Tue 28 Nov 2017 10:01:35 API.py [line:712] INFO 935327681956102144
Tue 28 Nov 2017 10:01:36 API.py [line:712] INFO 935327682434396161
Tue 28 Nov 2017 10:01:37 API.py [line:712] INFO 935327682727989249
Tue 28 Nov 2017 10:01:38 API.py [line:712] INFO 935327683143131136
Tue 28 Nov 2017 10:01:38 API.py [line:712] INFO 935327684002906112
Tue 28 Nov 2017 10:01:39 API.py [line:712] INFO 935327685647233024
Tue 28 Nov 2017 10:01:39 API.py [line:712] INFO 935327685298941952
Tue 28 Nov 2017 10:01:41 API.py [line:712] INFO 935327686272208896
Tue 28 Nov 2017 10:01:42 API.py [line:712] INFO 935327686267932673
Tue 28 Nov 2017 10:01:43 API.py [line:712] INFO 935327688419450880
Tue 28 Nov 2017 10:01:43 API.py [line:712] INFO 935327690172829696
Tue 28 Nov 2017 10:01:43 API.py [line:712] INFO 935327690621558784
Tue 28 Nov 2017 10:01:44 API.py [line:712] INFO 935327694295785472
Tue 28 Nov 2017 10:01:44 API.py [line:712] INFO 935327693230477313
Tue 28 Nov 2017 10:01:45 API.py [line:712] INFO 935327696019587072
Tue 28 Nov 2017 10:01:45 API.py [line:712] INFO 935327697257017344
Tue 28 Nov 2017 10:01:45 API.py [line:712] INFO 935327699509358592
Tue 28 Nov 2017 10:01:46 API.py [line:712] INFO 935327700020903937
Tue 28 Nov 2017 10:01:46 API.py [line:712] INFO 935327701300375553
Tue 28 Nov 2017 10:01:47 API.py [line:712] INFO 935327703925915648
Tue 28 Nov 2017 10:01:47 API.py [line:712] INFO 935327706194915329
Tue 28 Nov 2017 10:01:48 API.py [line:712] INFO 935327707893604352
Tue 28 Nov 2017 10:01:49 API.py [line:712] INFO 935327709135286273
Tue 28 Nov 2017 10:01:49 API.py [line:712] INFO 935327710423011328
Tue 28 Nov 2017 10:01:49 API.py [line:712] INFO 935327711345696769
Tue 28 Nov 2017 10:01:49 API.py [line:712] INFO 935327713937821697
Tue 28 Nov 2017 10:01:50 API.py [line:712] INFO 935327714940260352
Tue 28 Nov 2017 10:01:54 API.py [line:712] INFO 935327715770503168
Tue 28 Nov 2017 10:01:55 API.py [line:712] INFO 935327716240437249
Tue 28 Nov 2017 10:01:55 API.py [line:712] INFO 935327718782132224
Tue 28 Nov 2017 10:01:56 API.py [line:712] INFO 935327719084224512
Tue 28 Nov 2017 10:01:57 API.py [line:712] INFO 935327719054721024
Tue 28 Nov 2017 10:01:58 API.py [line:712] INFO 935327719562166272
Tue 28 Nov 2017 10:01:59 API.py [line:712] INFO 935327721605025792
Tue 28 Nov 2017 10:02:00 API.py [line:712] INFO 935327723861426177
Tue 28 Nov 2017 10:02:01 API.py [line:712] INFO 935327724863754241
Tue 28 Nov 2017 10:02:01 API.py [line:712] INFO 935327730828062720
Tue 28 Nov 2017 10:02:02 API.py [line:712] INFO 935327731608416257
Tue 28 Nov 2017 10:02:05 API.py [line:712] INFO 935327731905990656
Tue 28 Nov 2017 10:02:05 API.py [line:712] INFO 935327731499307010
Tue 28 Nov 2017 10:02:06 API.py [line:712] INFO 935327734993006592
Tue 28 Nov 2017 10:02:07 API.py [line:712] INFO 935327736012464134
Tue 28 Nov 2017 10:02:08 API.py [line:712] INFO 935327736335339520
Tue 28 Nov 2017 10:02:09 API.py [line:712] INFO 935327738545754112
Tue 28 Nov 2017 10:02:11 API.py [line:712] INFO 935327740785577984
Tue 28 Nov 2017 10:02:11 API.py [line:712] INFO 935327742312058880
Tue 28 Nov 2017 10:02:12 API.py [line:712] INFO 935327742572163072
Tue 28 Nov 2017 10:02:13 API.py [line:712] INFO 935327742538715138
Tue 28 Nov 2017 10:02:13 API.py [line:712] INFO 935327742710697986
Tue 28 Nov 2017 10:02:14 API.py [line:712] INFO 935327743130066944
Tue 28 Nov 2017 10:02:15 API.py [line:712] INFO 935327743998349312
