Wed 29 Nov 2017 19:15:18 API.py [line:660] INFO start
Wed 29 Nov 2017 19:15:18 API.py [line:692] INFO thread 0 start.
Wed 29 Nov 2017 19:15:18 API.py [line:695] INFO thread 0's token_index 193
Wed 29 Nov 2017 19:15:18 API.py [line:696] INFO {u'access_token': u'719496025396805632-V1nfULfQQ0NPjQZld2ksrXsL70kqQKg', u'consumer_secret': u'LivsS9DTKh4Xmfo2vOG2tpKmrj8lxsYqiDgZLamPBJahFqnjUo', u'consumer_key': u'fO4lXV6LLz5e1Ew6uRDtvXpIQ', u'access_token_secret': u'b8oQWSs8icNM1PtEds3ywtpBtLTPWav0fbL9AiRGQcAPv'}
Wed 29 Nov 2017 19:15:18 API.py [line:697] INFO [u'shooting']
Wed 29 Nov 2017 19:15:18 API.py [line:698] INFO ['222.197.180.171:8118']
Wed 29 Nov 2017 19:15:21 API.py [line:712] INFO 935829514390605824
Wed 29 Nov 2017 19:15:22 API.py [line:712] INFO 935829518253572097
Wed 29 Nov 2017 19:15:25 API.py [line:712] INFO 935829530941579266
Wed 29 Nov 2017 19:15:26 API.py [line:712] INFO 935829535529955328
Wed 29 Nov 2017 19:15:26 API.py [line:712] INFO 935829536075337728
Wed 29 Nov 2017 19:15:26 API.py [line:712] INFO 935829537488650241
Wed 29 Nov 2017 19:15:26 API.py [line:712] INFO 935829537308504065
Wed 29 Nov 2017 19:15:27 API.py [line:712] INFO 935829542790483968
Wed 29 Nov 2017 19:15:28 API.py [line:712] INFO 935829544723812352
Wed 29 Nov 2017 19:15:28 API.py [line:712] INFO 935829545353068544
Wed 29 Nov 2017 19:15:28 API.py [line:712] INFO 935829545059520512
Wed 29 Nov 2017 19:15:28 API.py [line:712] INFO 935829546946854912
Wed 29 Nov 2017 19:15:28 API.py [line:712] INFO 935829547307507713
Wed 29 Nov 2017 19:15:29 API.py [line:712] INFO 935829547618054146
Wed 29 Nov 2017 19:15:29 API.py [line:712] INFO 935829548330971136
Wed 29 Nov 2017 19:15:29 API.py [line:712] INFO 935829550264487936
Wed 29 Nov 2017 19:15:30 API.py [line:712] INFO 935829552999424001
Wed 29 Nov 2017 19:15:30 API.py [line:712] INFO 935829554941321223
Wed 29 Nov 2017 19:15:31 API.py [line:712] INFO 935829558145597440
Wed 29 Nov 2017 19:15:31 API.py [line:712] INFO 935829558816776192
Wed 29 Nov 2017 19:15:32 API.py [line:712] INFO 935829559467003904
Wed 29 Nov 2017 19:15:33 API.py [line:712] INFO 935829563736756224
Wed 29 Nov 2017 19:15:33 API.py [line:712] INFO 935829567847256064
Wed 29 Nov 2017 19:15:34 API.py [line:712] INFO 935829568849461248
Wed 29 Nov 2017 19:15:36 API.py [line:712] INFO 935829575803834368
Wed 29 Nov 2017 19:15:37 API.py [line:712] INFO 935829583252799488
Wed 29 Nov 2017 19:15:38 API.py [line:712] INFO 935829585488498688
Wed 29 Nov 2017 19:15:39 API.py [line:712] INFO 935829592719454209
Wed 29 Nov 2017 19:15:40 API.py [line:712] INFO 935829594279743493
Wed 29 Nov 2017 19:15:40 API.py [line:712] INFO 935829594623627270
Wed 29 Nov 2017 19:15:41 API.py [line:712] INFO 935829599052881920
Wed 29 Nov 2017 19:15:41 API.py [line:712] INFO 935829600273420289
Wed 29 Nov 2017 19:15:42 API.py [line:712] INFO 935829603444187136
Wed 29 Nov 2017 19:15:42 API.py [line:712] INFO 935829605717630976
Wed 29 Nov 2017 19:15:43 API.py [line:712] INFO 935829607718244352
Wed 29 Nov 2017 19:15:43 API.py [line:712] INFO 935829610108825600
Wed 29 Nov 2017 19:15:44 API.py [line:712] INFO 935829611723632640
Wed 29 Nov 2017 19:15:44 API.py [line:712] INFO 935829611606396928
Wed 29 Nov 2017 19:15:45 API.py [line:712] INFO 935829615964127233
Wed 29 Nov 2017 19:15:45 API.py [line:712] INFO 935829617579094017
Wed 29 Nov 2017 19:15:47 API.py [line:712] INFO 935829624315170816
Wed 29 Nov 2017 19:15:48 API.py [line:712] INFO 935829630799396864
Wed 29 Nov 2017 19:15:51 API.py [line:712] INFO 935829639892750336
Wed 29 Nov 2017 19:15:52 API.py [line:712] INFO 935829646087569408
Wed 29 Nov 2017 19:15:52 API.py [line:712] INFO 935829646284869632
Wed 29 Nov 2017 19:15:53 API.py [line:712] INFO 935829647761264640
Wed 29 Nov 2017 19:15:53 API.py [line:712] INFO 935829649149399041
Wed 29 Nov 2017 19:15:54 API.py [line:712] INFO 935829654841073664
Wed 29 Nov 2017 19:15:54 API.py [line:712] INFO 935829654870487043
Wed 29 Nov 2017 19:15:55 API.py [line:712] INFO 935829658200936449
Wed 29 Nov 2017 19:15:56 API.py [line:712] INFO 935829663947014144
Wed 29 Nov 2017 19:15:56 API.py [line:712] INFO 935829664320360449
Wed 29 Nov 2017 19:15:57 API.py [line:712] INFO 935829666186911745
Wed 29 Nov 2017 19:15:57 API.py [line:712] INFO 935829667109416960
Wed 29 Nov 2017 19:15:59 API.py [line:712] INFO 935829675108048896
Wed 29 Nov 2017 19:16:00 API.py [line:712] INFO 935829677993684992
Wed 29 Nov 2017 19:16:00 API.py [line:712] INFO 935829679176429569
Wed 29 Nov 2017 19:16:00 API.py [line:712] INFO 935829678732005377
Wed 29 Nov 2017 19:16:01 API.py [line:712] INFO 935829681965690880
Wed 29 Nov 2017 19:16:01 API.py [line:712] INFO 935829683773607936
Wed 29 Nov 2017 19:16:02 API.py [line:712] INFO 935829685950283777
Wed 29 Nov 2017 19:16:02 API.py [line:712] INFO 935829686097035264
Wed 29 Nov 2017 19:16:02 API.py [line:712] INFO 935829686688583680
Wed 29 Nov 2017 19:16:02 API.py [line:712] INFO 935829688542547968
Wed 29 Nov 2017 19:16:03 API.py [line:712] INFO 935829690136322049
Wed 29 Nov 2017 19:16:03 API.py [line:712] INFO 935829691004461056
Wed 29 Nov 2017 19:16:03 API.py [line:712] INFO 935829692317286400
Wed 29 Nov 2017 19:16:04 API.py [line:712] INFO 935829694871625730
Wed 29 Nov 2017 19:16:04 API.py [line:712] INFO 935829694489989121
Wed 29 Nov 2017 19:16:04 API.py [line:712] INFO 935829694909505536
Wed 29 Nov 2017 19:16:04 API.py [line:712] INFO 935829696411037696
Wed 29 Nov 2017 19:16:07 API.py [line:712] INFO 935829709362999296
Wed 29 Nov 2017 19:16:08 API.py [line:712] INFO 935829711380295681
Wed 29 Nov 2017 19:16:08 API.py [line:712] INFO 935829712831762432
Wed 29 Nov 2017 19:16:09 API.py [line:712] INFO 935829718267346944
Wed 29 Nov 2017 19:16:10 API.py [line:712] INFO 935829721731833857
Wed 29 Nov 2017 19:16:11 API.py [line:712] INFO 935829706343174145
Wed 29 Nov 2017 19:16:14 API.py [line:712] INFO 935829736537903104
Wed 29 Nov 2017 19:16:14 API.py [line:712] INFO 935829738135937024
Wed 29 Nov 2017 19:16:15 API.py [line:712] INFO 935829741306757122
Wed 29 Nov 2017 19:16:15 API.py [line:712] INFO 935829741973651456
Wed 29 Nov 2017 19:16:15 API.py [line:712] INFO 935829741847883776
Wed 29 Nov 2017 19:16:16 API.py [line:712] INFO 935829744439848960
Wed 29 Nov 2017 19:16:17 API.py [line:712] INFO 935829749317939200
Wed 29 Nov 2017 19:16:17 API.py [line:712] INFO 935829750433509376
Wed 29 Nov 2017 19:16:18 API.py [line:712] INFO 935829754313285632
Wed 29 Nov 2017 19:16:18 API.py [line:712] INFO 935829754921578496
Wed 29 Nov 2017 19:16:18 API.py [line:712] INFO 935829755227725824
Wed 29 Nov 2017 19:16:19 API.py [line:712] INFO 935829757958111232
Wed 29 Nov 2017 19:16:20 API.py [line:712] INFO 935829761405829121
Wed 29 Nov 2017 19:16:20 API.py [line:712] INFO 935829765440729088
Wed 29 Nov 2017 19:16:21 API.py [line:712] INFO 935829764375437312
Wed 29 Nov 2017 19:16:21 API.py [line:712] INFO 935829768590774273
Wed 29 Nov 2017 19:16:22 API.py [line:712] INFO 935829768611729408
Wed 29 Nov 2017 19:16:22 API.py [line:712] INFO 935829770197184512
Wed 29 Nov 2017 19:16:22 API.py [line:712] INFO 935829772457914368
Wed 29 Nov 2017 19:16:22 API.py [line:712] INFO 935829772097032192
Wed 29 Nov 2017 19:16:24 API.py [line:712] INFO 935829778183151616
Wed 29 Nov 2017 19:16:25 API.py [line:712] INFO 935829785405677568
Wed 29 Nov 2017 19:16:26 API.py [line:712] INFO 935829786265468929
Wed 29 Nov 2017 19:16:26 API.py [line:712] INFO 935829786227826688
Wed 29 Nov 2017 19:16:26 API.py [line:712] INFO 935829787557363714
Wed 29 Nov 2017 19:16:27 API.py [line:712] INFO 935829792284229632
Wed 29 Nov 2017 19:16:27 API.py [line:712] INFO 935829793009844225
Wed 29 Nov 2017 19:16:27 API.py [line:712] INFO 935829792565420032
Wed 29 Nov 2017 19:16:28 API.py [line:712] INFO 935829795853578240
Wed 29 Nov 2017 19:16:28 API.py [line:712] INFO 935829796679856129
Wed 29 Nov 2017 19:16:28 API.py [line:712] INFO 935829797116157953
Wed 29 Nov 2017 19:16:29 API.py [line:712] INFO 935829801394425856
