Tue 21 Nov 2017 17:23:32 API.py [line:660] INFO start
Tue 21 Nov 2017 17:23:32 API.py [line:692] INFO thread 0 start.
Tue 21 Nov 2017 17:23:32 API.py [line:695] INFO thread 0's token_index 81
Tue 21 Nov 2017 17:23:32 API.py [line:696] INFO {u'access_token': u'714313722911522816-0lcGQyeskTkWLjzOZjYJh1w9NIuFv2C', u'consumer_secret': u'LivsS9DTKh4Xmfo2vOG2tpKmrj8lxsYqiDgZLamPBJahFqnjUo', u'consumer_key': u'fO4lXV6LLz5e1Ew6uRDtvXpIQ', u'access_token_secret': u'f0RvkJml2Q3Q0oeSoUfKtycKv1mTP6UJh4RVHYGS8WgNz'}
Tue 21 Nov 2017 17:23:32 API.py [line:697] INFO [u'china,shooting']
Tue 21 Nov 2017 17:23:32 API.py [line:698] INFO ['192.168.1.148:8118']
Tue 21 Nov 2017 17:23:32 TwitterError.py [line:22] WARNING 400 statuses/filter text HTTPSConnectionPool(host='stream.twitter.com', port=443): Max retries exceeded with url: /1.1/statuses/filter.json (Caused by ProxyError('Cannot connect to proxy.', error('Invalid response from tunnel request',)))
Tue 21 Nov 2017 17:23:32 API.py [line:222] WARNING HTTPSConnectionPool(host='stream.twitter.com', port=443): Max retries exceeded with url: /1.1/statuses/filter.json (Caused by ProxyError('Cannot connect to proxy.', error('Invalid response from tunnel request',)))
Tue 21 Nov 2017 17:23:37 TwitterError.py [line:22] WARNING 400 statuses/filter text HTTPSConnectionPool(host='stream.twitter.com', port=443): Max retries exceeded with url: /1.1/statuses/filter.json (Caused by ProxyError('Cannot connect to proxy.', error('Invalid response from tunnel request',)))
Tue 21 Nov 2017 17:23:37 API.py [line:222] WARNING HTTPSConnectionPool(host='stream.twitter.com', port=443): Max retries exceeded with url: /1.1/statuses/filter.json (Caused by ProxyError('Cannot connect to proxy.', error('Invalid response from tunnel request',)))
Tue 21 Nov 2017 17:23:45 API.py [line:712] INFO 932902338238431232
Tue 21 Nov 2017 17:23:46 API.py [line:712] INFO 932902340335616001
Tue 21 Nov 2017 17:23:53 API.py [line:712] INFO 932902344014036992
Tue 21 Nov 2017 17:23:54 API.py [line:712] INFO 932902344471302144
Tue 21 Nov 2017 17:23:54 API.py [line:712] INFO 932902344655802368
Tue 21 Nov 2017 17:23:54 API.py [line:712] INFO 932902346702577664
Tue 21 Nov 2017 17:23:54 API.py [line:712] INFO 932902347365216256
Tue 21 Nov 2017 17:23:54 API.py [line:712] INFO 932902348229246977
Tue 21 Nov 2017 17:23:54 API.py [line:712] INFO 932902349206679552
Tue 21 Nov 2017 17:23:54 API.py [line:712] INFO 932902350892781568
Tue 21 Nov 2017 17:23:54 API.py [line:712] INFO 932902351886737408
Tue 21 Nov 2017 17:23:54 API.py [line:712] INFO 932902351928782848
Tue 21 Nov 2017 17:23:54 API.py [line:712] INFO 932902352331395077
Tue 21 Nov 2017 17:23:54 API.py [line:712] INFO 932902353715412992
Tue 21 Nov 2017 17:23:54 API.py [line:712] INFO 932902357188382720
Tue 21 Nov 2017 17:23:54 API.py [line:712] INFO 932902356483653633
Tue 21 Nov 2017 17:23:54 API.py [line:712] INFO 932902361105756160
Tue 21 Nov 2017 17:23:55 API.py [line:712] INFO 932902360925573120
Tue 21 Nov 2017 17:23:55 API.py [line:712] INFO 932902361848340480
Tue 21 Nov 2017 17:23:55 API.py [line:712] INFO 932902364134043649
Tue 21 Nov 2017 17:23:55 API.py [line:712] INFO 932902364629127168
Tue 21 Nov 2017 17:23:55 API.py [line:712] INFO 932902366906523649
Tue 21 Nov 2017 17:23:55 API.py [line:712] INFO 932902367070060545
Tue 21 Nov 2017 17:23:55 API.py [line:712] INFO 932902364427591681
Tue 21 Nov 2017 17:23:55 API.py [line:712] INFO 932902367217020928
Tue 21 Nov 2017 17:23:55 API.py [line:712] INFO 932902367401529344
Tue 21 Nov 2017 17:23:55 API.py [line:712] INFO 932902368706023424
Tue 21 Nov 2017 17:23:55 API.py [line:712] INFO 932902370069172226
Tue 21 Nov 2017 17:23:55 API.py [line:712] INFO 932902372245770240
Tue 21 Nov 2017 17:23:55 API.py [line:712] INFO 932902374313639936
Tue 21 Nov 2017 17:23:55 API.py [line:712] INFO 932902374586294273
Tue 21 Nov 2017 17:23:55 API.py [line:712] INFO 932902376037478400
Tue 21 Nov 2017 17:23:55 API.py [line:712] INFO 932902374720659456
Tue 21 Nov 2017 17:23:55 API.py [line:712] INFO 932902376616480768
Tue 21 Nov 2017 17:23:55 API.py [line:712] INFO 932902378734538752
Tue 21 Nov 2017 17:23:56 API.py [line:712] INFO 932902381553057792
Tue 21 Nov 2017 17:23:56 API.py [line:712] INFO 932902381444128768
Tue 21 Nov 2017 17:23:56 API.py [line:712] INFO 932902382253625344
Tue 21 Nov 2017 17:23:56 API.py [line:712] INFO 932902382576513024
Tue 21 Nov 2017 17:23:57 API.py [line:712] INFO 932902384451379200
Tue 21 Nov 2017 17:23:58 API.py [line:712] INFO 932902389920788480
Tue 21 Nov 2017 17:23:58 API.py [line:712] INFO 932902389736181760
Tue 21 Nov 2017 17:23:58 API.py [line:712] INFO 932902391720136704
Tue 21 Nov 2017 17:23:58 API.py [line:712] INFO 932902391556526081
Tue 21 Nov 2017 17:23:58 API.py [line:712] INFO 932902392638689280
Tue 21 Nov 2017 17:23:59 API.py [line:712] INFO 932902387492192256
Tue 21 Nov 2017 17:23:59 API.py [line:712] INFO 932902393926135808
Tue 21 Nov 2017 17:23:59 API.py [line:712] INFO 932902394245144576
Tue 21 Nov 2017 17:24:00 API.py [line:712] INFO 932902398430818306
Tue 21 Nov 2017 17:24:01 API.py [line:712] INFO 932902401044090881
Tue 21 Nov 2017 17:24:01 API.py [line:712] INFO 932902402117816321
Tue 21 Nov 2017 17:24:02 API.py [line:712] INFO 932902407247421440
Tue 21 Nov 2017 17:24:02 API.py [line:712] INFO 932902407264198656
Tue 21 Nov 2017 17:24:03 API.py [line:712] INFO 932902410493755392
Tue 21 Nov 2017 17:24:03 API.py [line:712] INFO 932902410586132480
Tue 21 Nov 2017 17:24:03 API.py [line:712] INFO 932902409420066818
Tue 21 Nov 2017 17:24:03 API.py [line:712] INFO 932902412410675200
Tue 21 Nov 2017 17:24:03 API.py [line:712] INFO 932902411810811904
Tue 21 Nov 2017 17:24:03 API.py [line:712] INFO 932902413014585344
Tue 21 Nov 2017 17:24:04 API.py [line:712] INFO 932902415912833024
Tue 21 Nov 2017 17:24:04 API.py [line:712] INFO 932902416600748033
Tue 21 Nov 2017 17:24:04 API.py [line:712] INFO 932902417057886208
Tue 21 Nov 2017 17:24:05 API.py [line:712] INFO 932902418454429696
Tue 21 Nov 2017 17:24:05 API.py [line:712] INFO 932902418756657152
Tue 21 Nov 2017 17:24:05 API.py [line:712] INFO 932902419717124102
Tue 21 Nov 2017 17:24:06 API.py [line:712] INFO 932902421474529280
Tue 21 Nov 2017 17:24:06 API.py [line:712] INFO 932902424142143488
Tue 21 Nov 2017 17:24:06 API.py [line:712] INFO 932902424926240774
Tue 21 Nov 2017 17:24:07 API.py [line:712] INFO 932902428487200768
Tue 21 Nov 2017 17:24:07 API.py [line:712] INFO 932902428894212097
Tue 21 Nov 2017 17:24:08 API.py [line:712] INFO 932902429762322432
Tue 21 Nov 2017 17:24:08 API.py [line:712] INFO 932902433239560192
Tue 21 Nov 2017 17:24:09 API.py [line:712] INFO 932902436510900224
Tue 21 Nov 2017 17:24:09 API.py [line:712] INFO 932902437651996672
Tue 21 Nov 2017 17:24:09 API.py [line:712] INFO 932902438646018048
Tue 21 Nov 2017 17:24:09 API.py [line:712] INFO 932902438818009088
Tue 21 Nov 2017 17:24:10 API.py [line:712] INFO 932902440428605440
Tue 21 Nov 2017 17:24:10 API.py [line:712] INFO 932902440667664384
Tue 21 Nov 2017 17:24:10 API.py [line:712] INFO 932902440529252352
Tue 21 Nov 2017 17:24:10 API.py [line:712] INFO 932902441716191232
Tue 21 Nov 2017 17:24:10 API.py [line:712] INFO 932902441976184832
Tue 21 Nov 2017 17:24:10 API.py [line:712] INFO 932902441728790528
Tue 21 Nov 2017 17:24:10 API.py [line:712] INFO 932902442995453952
Tue 21 Nov 2017 17:24:11 API.py [line:712] INFO 932902443867762688
Tue 21 Nov 2017 17:24:11 API.py [line:712] INFO 932902444337688576
Tue 21 Nov 2017 17:24:11 API.py [line:712] INFO 932902445709254656
Tue 21 Nov 2017 17:24:11 API.py [line:712] INFO 932902446736736257
Tue 21 Nov 2017 17:24:11 API.py [line:712] INFO 932902447022071808
Tue 21 Nov 2017 17:24:12 API.py [line:712] INFO 932902447567331328
Tue 21 Nov 2017 17:24:12 API.py [line:712] INFO 932902448334811136
Tue 21 Nov 2017 17:24:12 API.py [line:712] INFO 932902449039290369
Tue 21 Nov 2017 17:24:12 API.py [line:712] INFO 932902449681256448
Tue 21 Nov 2017 17:24:12 API.py [line:712] INFO 932902450285154304
Tue 21 Nov 2017 17:24:12 API.py [line:712] INFO 932902451237261312
Tue 21 Nov 2017 17:24:12 API.py [line:712] INFO 932902451514032128
Tue 21 Nov 2017 17:24:13 API.py [line:712] INFO 932902452621344768
Tue 21 Nov 2017 17:24:13 API.py [line:712] INFO 932902453950984192
Tue 21 Nov 2017 17:24:13 API.py [line:712] INFO 932902453963522048
Tue 21 Nov 2017 17:24:13 API.py [line:712] INFO 932902454311743488
Tue 21 Nov 2017 17:24:13 API.py [line:712] INFO 932902454777192451
Tue 21 Nov 2017 17:24:13 API.py [line:712] INFO 932902455435816961
Tue 21 Nov 2017 17:24:14 API.py [line:712] INFO 932902456568287232
Tue 21 Nov 2017 17:24:14 API.py [line:712] INFO 932902456908009472
Tue 21 Nov 2017 17:24:14 API.py [line:712] INFO 932902457981722625
Tue 21 Nov 2017 17:24:14 API.py [line:712] INFO 932902458262720513
Tue 21 Nov 2017 17:24:14 API.py [line:712] INFO 932902458694578177
Tue 21 Nov 2017 17:24:14 API.py [line:712] INFO 932902459139416065
Tue 21 Nov 2017 17:24:14 API.py [line:712] INFO 932902459684438016
Tue 21 Nov 2017 17:24:15 API.py [line:712] INFO 932902462603661312
Tue 21 Nov 2017 17:24:15 API.py [line:712] INFO 932902462801039360
Tue 21 Nov 2017 17:24:15 API.py [line:712] INFO 932902463186890752
Tue 21 Nov 2017 17:24:16 API.py [line:712] INFO 932902465833521152
Tue 21 Nov 2017 17:24:16 API.py [line:712] INFO 932902466340864000
Tue 21 Nov 2017 17:24:16 API.py [line:712] INFO 932902465892241409
Tue 21 Nov 2017 17:24:16 API.py [line:712] INFO 932902466320035841
Tue 21 Nov 2017 17:24:17 API.py [line:712] INFO 932902468513665024
Tue 21 Nov 2017 17:24:17 API.py [line:712] INFO 932902470837252096
Tue 21 Nov 2017 17:24:17 API.py [line:712] INFO 932902471030202368
Tue 21 Nov 2017 17:24:17 API.py [line:712] INFO 932902471323865088
Tue 21 Nov 2017 17:24:19 API.py [line:712] INFO 932902476566601728
Tue 21 Nov 2017 17:24:19 API.py [line:712] INFO 932902476898062336
Tue 21 Nov 2017 17:24:19 API.py [line:712] INFO 932902477351079936
Tue 21 Nov 2017 17:24:19 API.py [line:712] INFO 932902477560778752
Tue 21 Nov 2017 17:24:19 API.py [line:712] INFO 932902477619273728
Tue 21 Nov 2017 17:24:19 API.py [line:712] INFO 932902478068162560
Tue 21 Nov 2017 17:24:19 API.py [line:712] INFO 932902478512885760
Tue 21 Nov 2017 17:24:19 API.py [line:712] INFO 932902478449991680
Tue 21 Nov 2017 17:24:19 API.py [line:712] INFO 932902479242477568
Tue 21 Nov 2017 17:24:19 API.py [line:712] INFO 932902480295485440
Tue 21 Nov 2017 17:24:21 API.py [line:712] INFO 932902485819363328
Tue 21 Nov 2017 17:24:21 API.py [line:712] INFO 932902486641225728
Tue 21 Nov 2017 17:24:22 API.py [line:712] INFO 932902489761779718
Tue 21 Nov 2017 17:24:23 API.py [line:712] INFO 932902493767589888
Tue 21 Nov 2017 17:24:23 API.py [line:712] INFO 932902493616594944
Tue 21 Nov 2017 17:24:23 API.py [line:712] INFO 932902493905965056
Tue 21 Nov 2017 17:24:24 API.py [line:712] INFO 932902498742034432
Tue 21 Nov 2017 17:24:24 API.py [line:712] INFO 932902498951663616
Tue 21 Nov 2017 17:24:24 API.py [line:712] INFO 932902499908046849
Tue 21 Nov 2017 17:24:25 API.py [line:712] INFO 932902502747516928
Tue 21 Nov 2017 17:24:25 API.py [line:712] INFO 932902504060346369
Tue 21 Nov 2017 17:24:25 API.py [line:712] INFO 932902505801027584
Tue 21 Nov 2017 17:24:26 API.py [line:712] INFO 932902506631389184
Tue 21 Nov 2017 17:24:26 API.py [line:712] INFO 932902507084476416
Tue 21 Nov 2017 17:24:27 API.py [line:712] INFO 932902511718973440
Tue 21 Nov 2017 17:24:27 API.py [line:712] INFO 932902511723163648
Tue 21 Nov 2017 17:24:27 API.py [line:712] INFO 932902512377593856
Tue 21 Nov 2017 17:24:28 API.py [line:712] INFO 932902514676117504
Tue 21 Nov 2017 17:24:28 API.py [line:712] INFO 932902517394018304
Tue 21 Nov 2017 17:24:29 API.py [line:712] INFO 932902519474237440
Tue 21 Nov 2017 17:24:29 API.py [line:712] INFO 932902520137101312
Tue 21 Nov 2017 17:24:29 API.py [line:712] INFO 932902520837607424
Tue 21 Nov 2017 17:24:29 API.py [line:712] INFO 932902520640466944
Tue 21 Nov 2017 17:24:29 API.py [line:712] INFO 932902521135353856
Tue 21 Nov 2017 17:24:29 API.py [line:712] INFO 932902521303072768
Tue 21 Nov 2017 17:24:29 API.py [line:712] INFO 932902521965707264
Tue 21 Nov 2017 17:24:30 API.py [line:712] INFO 932902525082021888
Tue 21 Nov 2017 17:24:30 API.py [line:712] INFO 932902525849817088
Tue 21 Nov 2017 17:24:31 API.py [line:712] INFO 932902528278175744
Tue 21 Nov 2017 17:24:32 API.py [line:712] INFO 932902529595330560
Tue 21 Nov 2017 17:24:32 API.py [line:712] INFO 932902533265227776
Tue 21 Nov 2017 17:24:32 API.py [line:712] INFO 932902530769719298
Tue 21 Nov 2017 17:24:33 API.py [line:712] INFO 932902538046787584
Tue 21 Nov 2017 17:24:33 API.py [line:712] INFO 932902537832910848
Tue 21 Nov 2017 17:24:33 API.py [line:712] INFO 932902538034245632
Tue 21 Nov 2017 17:24:34 API.py [line:712] INFO 932902539430731776
Tue 21 Nov 2017 17:24:34 API.py [line:712] INFO 932902541158793216
Tue 21 Nov 2017 17:24:34 API.py [line:712] INFO 932902543528812544
Tue 21 Nov 2017 17:24:35 API.py [line:712] INFO 932902544505847808
Tue 21 Nov 2017 17:24:35 API.py [line:712] INFO 932902547500732416
Tue 21 Nov 2017 17:24:36 API.py [line:712] INFO 932902547928608773
Tue 21 Nov 2017 17:24:36 API.py [line:712] INFO 932902547718856704
Tue 21 Nov 2017 17:24:36 API.py [line:712] INFO 932902548104626176
Tue 21 Nov 2017 17:24:36 API.py [line:712] INFO 932902548805058560
Tue 21 Nov 2017 17:24:36 API.py [line:712] INFO 932902550331801601
Tue 21 Nov 2017 17:24:36 API.py [line:712] INFO 932902550558437377
Tue 21 Nov 2017 17:24:36 API.py [line:712] INFO 932902551195930624
Tue 21 Nov 2017 17:24:37 API.py [line:712] INFO 932902553540616192
Tue 21 Nov 2017 17:24:37 API.py [line:712] INFO 932902555276935168
Tue 21 Nov 2017 17:24:39 API.py [line:712] INFO 932902562419818496
Tue 21 Nov 2017 17:24:39 API.py [line:712] INFO 932902562055016448
Tue 21 Nov 2017 17:24:39 API.py [line:712] INFO 932902562319224832
Tue 21 Nov 2017 17:24:39 API.py [line:712] INFO 932902563183132672
Tue 21 Nov 2017 17:24:39 API.py [line:712] INFO 932902562755416064
Tue 21 Nov 2017 17:24:39 API.py [line:712] INFO 932902563225264128
Tue 21 Nov 2017 17:24:39 API.py [line:712] INFO 932902564634464256
Tue 21 Nov 2017 17:24:40 API.py [line:712] INFO 932902565746012161
Tue 21 Nov 2017 17:24:40 API.py [line:712] INFO 932902567490625536
Tue 21 Nov 2017 17:24:40 API.py [line:712] INFO 932902569164378117
Tue 21 Nov 2017 17:24:41 API.py [line:712] INFO 932902569252450304
Tue 21 Nov 2017 17:24:42 API.py [line:712] INFO 932902574952460288
Tue 21 Nov 2017 17:24:42 API.py [line:712] INFO 932902576026202112
Tue 21 Nov 2017 17:24:43 API.py [line:712] INFO 932902578840592384
Tue 21 Nov 2017 17:24:43 API.py [line:712] INFO 932902579511607296
Tue 21 Nov 2017 17:24:43 API.py [line:712] INFO 932902580086177792
Tue 21 Nov 2017 17:24:43 API.py [line:712] INFO 932902580149043201
Tue 21 Nov 2017 17:24:44 API.py [line:712] INFO 932902582305087488
Tue 21 Nov 2017 17:24:44 API.py [line:712] INFO 932902582808281088
Tue 21 Nov 2017 17:24:44 API.py [line:712] INFO 932902584322424833
Tue 21 Nov 2017 17:24:45 API.py [line:712] INFO 932902587845742593
Tue 21 Nov 2017 17:24:45 API.py [line:712] INFO 932902588478930945
Tue 21 Nov 2017 17:24:45 API.py [line:712] INFO 932902590119010304
Tue 21 Nov 2017 17:24:46 API.py [line:712] INFO 932902590421000192
Tue 21 Nov 2017 17:24:46 API.py [line:712] INFO 932902591444520960
Tue 21 Nov 2017 17:24:47 API.py [line:712] INFO 932902596863451136
Tue 21 Nov 2017 17:24:47 API.py [line:712] INFO 932902597475827712
Tue 21 Nov 2017 17:24:47 API.py [line:712] INFO 932902598402752512
Tue 21 Nov 2017 17:24:47 API.py [line:712] INFO 932902598402891776
Tue 21 Nov 2017 17:24:48 API.py [line:712] INFO 932902601133383680
Tue 21 Nov 2017 17:24:48 API.py [line:712] INFO 932902601481490432
Tue 21 Nov 2017 17:24:49 API.py [line:712] INFO 932902602706124800
Tue 21 Nov 2017 17:24:49 API.py [line:712] INFO 932902604505362432
Tue 21 Nov 2017 17:24:49 API.py [line:712] INFO 932902604199350272
Tue 21 Nov 2017 17:24:50 API.py [line:712] INFO 932902607244234754
Tue 21 Nov 2017 17:24:50 API.py [line:712] INFO 932902608628600832
Tue 21 Nov 2017 17:24:50 API.py [line:712] INFO 932902610041937921
Tue 21 Nov 2017 17:24:50 API.py [line:712] INFO 932902610700341249
Tue 21 Nov 2017 17:24:50 API.py [line:712] INFO 932902610855657473
Tue 21 Nov 2017 17:24:50 API.py [line:712] INFO 932902610931089408
Tue 21 Nov 2017 17:24:51 API.py [line:712] INFO 932902612021731328
Tue 21 Nov 2017 17:24:51 API.py [line:712] INFO 932902613397508097
Tue 21 Nov 2017 17:24:51 API.py [line:712] INFO 932902613971959809
Tue 21 Nov 2017 17:24:51 API.py [line:712] INFO 932902614592782337
Tue 21 Nov 2017 17:24:52 API.py [line:712] INFO 932902614898966528
Tue 21 Nov 2017 17:24:52 API.py [line:712] INFO 932902615259668480
Tue 21 Nov 2017 17:24:52 API.py [line:712] INFO 932902617180712960
Tue 21 Nov 2017 17:24:52 API.py [line:712] INFO 932902618011197440
Tue 21 Nov 2017 17:24:53 API.py [line:712] INFO 932902617830830081
Tue 21 Nov 2017 17:24:54 API.py [line:712] INFO 932902622851403776
Tue 21 Nov 2017 17:24:54 API.py [line:712] INFO 932902624835358720
Tue 21 Nov 2017 17:24:54 API.py [line:712] INFO 932902626441576449
Tue 21 Nov 2017 17:24:54 API.py [line:712] INFO 932902626940866561
Tue 21 Nov 2017 17:24:54 API.py [line:712] INFO 932902624604471296
Tue 21 Nov 2017 17:24:54 API.py [line:712] INFO 932902626932510720
Tue 21 Nov 2017 17:24:55 API.py [line:712] INFO 932902628073312257
Tue 21 Nov 2017 17:24:55 API.py [line:712] INFO 932902628429721600
Tue 21 Nov 2017 17:24:55 API.py [line:712] INFO 932902627716853760
Tue 21 Nov 2017 17:24:55 API.py [line:712] INFO 932902628987691008
Tue 21 Nov 2017 17:24:55 API.py [line:712] INFO 932902629537062912
Tue 21 Nov 2017 17:24:55 API.py [line:712] INFO 932902632032632832
Tue 21 Nov 2017 17:24:56 API.py [line:712] INFO 932902632766803968
Tue 21 Nov 2017 17:24:56 API.py [line:712] INFO 932902635346079744
Tue 21 Nov 2017 17:24:56 API.py [line:712] INFO 932902635698511872
Tue 21 Nov 2017 17:24:56 API.py [line:712] INFO 932902635757191168
Tue 21 Nov 2017 17:24:57 API.py [line:712] INFO 932902636592001024
Tue 21 Nov 2017 17:24:58 API.py [line:712] INFO 932902640840622080
Tue 21 Nov 2017 17:24:58 API.py [line:712] INFO 932902642346528769
Tue 21 Nov 2017 17:24:58 API.py [line:712] INFO 932902642778599424
Tue 21 Nov 2017 17:25:00 API.py [line:712] INFO 932902648830869504
Tue 21 Nov 2017 17:25:00 API.py [line:712] INFO 932902650076680193
Tue 21 Nov 2017 17:25:00 API.py [line:712] INFO 932902652895158273
Tue 21 Nov 2017 17:25:00 API.py [line:712] INFO 932902651343319040
Tue 21 Nov 2017 17:25:01 API.py [line:712] INFO 932902656649187329
Tue 21 Nov 2017 17:25:02 API.py [line:712] INFO 932902657429262336
Tue 21 Nov 2017 17:25:02 API.py [line:712] INFO 932902658364538880
Tue 21 Nov 2017 17:25:03 API.py [line:712] INFO 932902661824770048
Tue 21 Nov 2017 17:25:03 API.py [line:712] INFO 932902661137068032
Tue 21 Nov 2017 17:25:03 API.py [line:712] INFO 932902662609211392
Tue 21 Nov 2017 17:25:04 API.py [line:712] INFO 932902666589605888
Tue 21 Nov 2017 17:25:04 API.py [line:712] INFO 932902669446012928
Tue 21 Nov 2017 17:25:05 API.py [line:712] INFO 932902673698906112
Tue 21 Nov 2017 17:25:06 API.py [line:712] INFO 932902673745145856
Tue 21 Nov 2017 17:25:07 API.py [line:712] INFO 932902679914872833
Tue 21 Nov 2017 17:25:07 API.py [line:712] INFO 932902681538162688
Tue 21 Nov 2017 17:25:07 API.py [line:712] INFO 932902678841249792
Tue 21 Nov 2017 17:25:08 API.py [line:712] INFO 932902682834210817
Tue 21 Nov 2017 17:25:08 API.py [line:712] INFO 932902685354876928
Tue 21 Nov 2017 17:25:08 API.py [line:712] INFO 932902685178847232
Tue 21 Nov 2017 17:25:08 API.py [line:712] INFO 932902685334016000
Tue 21 Nov 2017 17:25:08 API.py [line:712] INFO 932902685166092288
Tue 21 Nov 2017 17:25:09 API.py [line:712] INFO 932902688102191104
Tue 21 Nov 2017 17:25:09 API.py [line:712] INFO 932902689171652608
Tue 21 Nov 2017 17:25:09 API.py [line:712] INFO 932902689536659457
Tue 21 Nov 2017 17:25:10 API.py [line:712] INFO 932902691587723264
Tue 21 Nov 2017 17:25:10 API.py [line:712] INFO 932902673745145856
Tue 21 Nov 2017 17:25:10 API.py [line:712] INFO 932902693546397696
Tue 21 Nov 2017 17:25:10 API.py [line:712] INFO 932902693592428544
Tue 21 Nov 2017 17:25:10 API.py [line:712] INFO 932902694192160769
Tue 21 Nov 2017 17:25:10 API.py [line:712] INFO 932902694846595072
Tue 21 Nov 2017 17:25:12 API.py [line:712] INFO 932902697963065346
Tue 21 Nov 2017 17:25:12 API.py [line:712] INFO 932902699175153664
Tue 21 Nov 2017 17:25:12 API.py [line:712] INFO 932902701691756544
Tue 21 Nov 2017 17:25:12 API.py [line:712] INFO 932902702052462592
Tue 21 Nov 2017 17:25:12 API.py [line:712] INFO 932902703151202306
Tue 21 Nov 2017 17:25:13 API.py [line:712] INFO 932902703616884738
Tue 21 Nov 2017 17:25:13 API.py [line:712] INFO 932902705252757504
Tue 21 Nov 2017 17:25:13 API.py [line:712] INFO 932902704833114113
Tue 21 Nov 2017 17:25:14 API.py [line:712] INFO 932902707857383424
Tue 21 Nov 2017 17:25:14 API.py [line:712] INFO 932902708750835712
Tue 21 Nov 2017 17:25:14 API.py [line:712] INFO 932902708918370304
Tue 21 Nov 2017 17:25:14 API.py [line:712] INFO 932902708524306433
Tue 21 Nov 2017 17:25:14 API.py [line:712] INFO 932902710239674368
Tue 21 Nov 2017 17:25:14 API.py [line:712] INFO 932902710768058368
Tue 21 Nov 2017 17:25:15 API.py [line:712] INFO 932902714014547968
Tue 21 Nov 2017 17:25:15 API.py [line:712] INFO 932902713712668672
Tue 21 Nov 2017 17:25:15 API.py [line:712] INFO 932902714761195520
Tue 21 Nov 2017 17:25:16 API.py [line:712] INFO 932902715646242817
Tue 21 Nov 2017 17:25:16 API.py [line:712] INFO 932902716002783232
Tue 21 Nov 2017 17:25:16 API.py [line:712] INFO 932902716396929029
Tue 21 Nov 2017 17:25:16 API.py [line:712] INFO 932902719827804161
Tue 21 Nov 2017 17:25:17 API.py [line:712] INFO 932902721396416513
Tue 21 Nov 2017 17:25:17 API.py [line:712] INFO 932902722600390658
Tue 21 Nov 2017 17:25:18 API.py [line:712] INFO 932902725129347072
Tue 21 Nov 2017 17:25:18 API.py [line:712] INFO 932902725158764546
Tue 21 Nov 2017 17:25:18 API.py [line:712] INFO 932902726077485057
Tue 21 Nov 2017 17:25:18 API.py [line:712] INFO 932902726886875136
Tue 21 Nov 2017 17:25:18 API.py [line:712] INFO 932902727348137984
Tue 21 Nov 2017 17:25:18 API.py [line:712] INFO 932902726643736576
Tue 21 Nov 2017 17:25:18 API.py [line:712] INFO 932902727289638913
Tue 21 Nov 2017 17:25:19 API.py [line:712] INFO 932902730242412544
Tue 21 Nov 2017 17:25:19 API.py [line:712] INFO 932902732180189184
Tue 21 Nov 2017 17:25:20 API.py [line:712] INFO 932902732549066753
Tue 21 Nov 2017 17:25:20 API.py [line:712] INFO 932902732679303170
Tue 21 Nov 2017 17:25:20 API.py [line:712] INFO 932902734050873344
Tue 21 Nov 2017 17:25:20 API.py [line:712] INFO 932902734994358272
Tue 21 Nov 2017 17:25:21 API.py [line:712] INFO 932902735179022336
Tue 21 Nov 2017 17:25:21 API.py [line:712] INFO 932902738048045056
Tue 21 Nov 2017 17:25:21 API.py [line:712] INFO 932902738589110272
Tue 21 Nov 2017 17:25:21 API.py [line:712] INFO 932902739226648576
Tue 21 Nov 2017 17:25:21 API.py [line:712] INFO 932902739700576256
Tue 21 Nov 2017 17:25:22 API.py [line:712] INFO 932902741499789313
Tue 21 Nov 2017 17:25:22 API.py [line:712] INFO 932902743383011338
Tue 21 Nov 2017 17:25:22 API.py [line:712] INFO 932902743445995525
Tue 21 Nov 2017 17:25:22 API.py [line:712] INFO 932902743198404608
Tue 21 Nov 2017 17:25:22 API.py [line:712] INFO 932902742988816384
Tue 21 Nov 2017 17:25:22 API.py [line:712] INFO 932902743575900160
Tue 21 Nov 2017 17:25:23 API.py [line:712] INFO 932902748986662912
Tue 21 Nov 2017 17:25:24 API.py [line:712] INFO 932902749783711750
Tue 21 Nov 2017 17:25:24 API.py [line:712] INFO 932902750605602817
Tue 21 Nov 2017 17:25:24 API.py [line:712] INFO 932902752367271938
Tue 21 Nov 2017 17:25:24 API.py [line:712] INFO 932902752979578881
Tue 21 Nov 2017 17:25:25 API.py [line:712] INFO 932902755110346752
Tue 21 Nov 2017 17:25:25 API.py [line:712] INFO 932902755383107585
Tue 21 Nov 2017 17:25:26 API.py [line:712] INFO 932902759422091264
Tue 21 Nov 2017 17:25:26 API.py [line:712] INFO 932902759061434368
Tue 21 Nov 2017 17:25:26 API.py [line:712] INFO 932902757987684352
Tue 21 Nov 2017 17:25:26 API.py [line:712] INFO 932902761078906880
Tue 21 Nov 2017 17:25:26 API.py [line:712] INFO 932902760789315591
Tue 21 Nov 2017 17:25:27 API.py [line:712] INFO 932902764258017280
Tue 21 Nov 2017 17:25:27 API.py [line:712] INFO 932902765260627968
Tue 21 Nov 2017 17:25:27 API.py [line:712] INFO 932902765185196032
Tue 21 Nov 2017 17:25:27 API.py [line:712] INFO 932902765914763264
Tue 21 Nov 2017 17:25:28 API.py [line:712] INFO 932902768318341120
Tue 21 Nov 2017 17:25:28 API.py [line:712] INFO 932902768406298624
Tue 21 Nov 2017 17:25:29 API.py [line:712] INFO 932902772705517568
Tue 21 Nov 2017 17:25:29 API.py [line:712] INFO 932902774802485250
Tue 21 Nov 2017 17:25:30 API.py [line:712] INFO 932902776249647104
Tue 21 Nov 2017 17:25:30 API.py [line:712] INFO 932902777805619200
Tue 21 Nov 2017 17:25:30 API.py [line:712] INFO 932902778057445378
Tue 21 Nov 2017 17:25:31 API.py [line:712] INFO 932902779965923328
Tue 21 Nov 2017 17:25:31 API.py [line:712] INFO 932902781459075072
Tue 21 Nov 2017 17:25:31 API.py [line:712] INFO 932902782004207617
Tue 21 Nov 2017 17:25:31 API.py [line:712] INFO 932902782352236544
Tue 21 Nov 2017 17:25:32 API.py [line:712] INFO 932902783556169729
Tue 21 Nov 2017 17:25:32 API.py [line:712] INFO 932902784009154561
Tue 21 Nov 2017 17:25:32 API.py [line:712] INFO 932902784055246849
Tue 21 Nov 2017 17:25:32 API.py [line:712] INFO 932902783682011137
Tue 21 Nov 2017 17:25:32 API.py [line:712] INFO 932902786307710976
Tue 21 Nov 2017 17:25:32 API.py [line:712] INFO 932902784231383041
Tue 21 Nov 2017 17:25:33 API.py [line:712] INFO 932902786978721793
Tue 21 Nov 2017 17:25:33 API.py [line:712] INFO 932902787536556033
Tue 21 Nov 2017 17:25:33 API.py [line:712] INFO 932902788337684480
Tue 21 Nov 2017 17:25:33 API.py [line:712] INFO 932902789461577729
Tue 21 Nov 2017 17:25:33 API.py [line:712] INFO 932902791059734531
Tue 21 Nov 2017 17:25:34 API.py [line:712] INFO 932902791818940417
Tue 21 Nov 2017 17:25:35 API.py [line:712] INFO 932902795950223360
Tue 21 Nov 2017 17:25:35 API.py [line:712] INFO 932902797800026112
Tue 21 Nov 2017 17:25:35 API.py [line:712] INFO 932902798886240256
Tue 21 Nov 2017 17:25:35 API.py [line:712] INFO 932902799519731712
Tue 21 Nov 2017 17:25:36 API.py [line:712] INFO 932902800043814917
Tue 21 Nov 2017 17:25:36 API.py [line:712] INFO 932902801088352256
Tue 21 Nov 2017 17:25:36 API.py [line:712] INFO 932902801923039232
Tue 21 Nov 2017 17:25:36 API.py [line:712] INFO 932902802300563456
Tue 21 Nov 2017 17:25:36 API.py [line:712] INFO 932902803005042688
Tue 21 Nov 2017 17:25:36 API.py [line:712] INFO 932902803269238789
Tue 21 Nov 2017 17:25:36 API.py [line:712] INFO 932902803474919424
Tue 21 Nov 2017 17:25:36 API.py [line:712] INFO 932902803714072576
Tue 21 Nov 2017 17:25:37 API.py [line:712] INFO 932902803978125312
Tue 21 Nov 2017 17:25:37 API.py [line:712] INFO 932902806897483776
Tue 21 Nov 2017 17:25:38 API.py [line:712] INFO 932902810672185345
Tue 21 Nov 2017 17:25:38 API.py [line:712] INFO 932902811498622976
Tue 21 Nov 2017 17:25:38 API.py [line:712] INFO 932902811972517888
Tue 21 Nov 2017 17:25:39 API.py [line:712] INFO 932902812832489472
Tue 21 Nov 2017 17:25:39 API.py [line:712] INFO 932902813713272832
Tue 21 Nov 2017 17:25:39 API.py [line:712] INFO 932902814510182400
Tue 21 Nov 2017 17:25:39 API.py [line:712] INFO 932902815395037184
Tue 21 Nov 2017 17:25:39 API.py [line:712] INFO 932902815269257216
