Wed 29 Nov 2017 19:05:31 API.py [line:660] INFO start
Wed 29 Nov 2017 19:05:31 API.py [line:692] INFO thread 0 start.
Wed 29 Nov 2017 19:05:31 API.py [line:695] INFO thread 0's token_index 65
Wed 29 Nov 2017 19:05:31 API.py [line:696] INFO {u'access_token': u'714827559750348802-tRr0m6l7o4m5NQDBlN0aquv3Rnn1AtA', u'consumer_secret': u'LivsS9DTKh4Xmfo2vOG2tpKmrj8lxsYqiDgZLamPBJahFqnjUo', u'consumer_key': u'fO4lXV6LLz5e1Ew6uRDtvXpIQ', u'access_token_secret': u'nCLjV1Zo0r9t3hLUnFS6Smo3arKWGsJHVDxHVslOMlPRj'}
Wed 29 Nov 2017 19:05:31 API.py [line:697] INFO [u'china']
Wed 29 Nov 2017 19:05:31 API.py [line:698] INFO ['222.197.180.171:8118']
Wed 29 Nov 2017 19:05:35 API.py [line:712] INFO 935827057178808320
Wed 29 Nov 2017 19:05:36 API.py [line:712] INFO 935827063335829504
Wed 29 Nov 2017 19:05:36 API.py [line:712] INFO 935827063713533954
Wed 29 Nov 2017 19:05:37 API.py [line:712] INFO 935827063256244224
Wed 29 Nov 2017 19:05:37 API.py [line:712] INFO 935827064946442240
Wed 29 Nov 2017 19:05:37 API.py [line:712] INFO 935827065366073344
Wed 29 Nov 2017 19:05:37 API.py [line:712] INFO 935827067156992000
Wed 29 Nov 2017 19:05:37 API.py [line:712] INFO 935827067404296192
Wed 29 Nov 2017 19:05:38 API.py [line:712] INFO 935827070768136192
Wed 29 Nov 2017 19:05:38 API.py [line:712] INFO 935827070264807424
Wed 29 Nov 2017 19:05:38 API.py [line:712] INFO 935827070319390720
Wed 29 Nov 2017 19:05:39 API.py [line:712] INFO 935827075738435584
Wed 29 Nov 2017 19:05:39 API.py [line:712] INFO 935827075788816384
Wed 29 Nov 2017 19:05:40 API.py [line:712] INFO 935827077332312064
Wed 29 Nov 2017 19:05:40 API.py [line:712] INFO 935827077550542848
Wed 29 Nov 2017 19:05:40 API.py [line:712] INFO 935827078724722690
Wed 29 Nov 2017 19:05:40 API.py [line:712] INFO 935827080809295872
Wed 29 Nov 2017 19:05:41 API.py [line:712] INFO 935827081379815424
Wed 29 Nov 2017 19:05:41 API.py [line:712] INFO 935827082042417152
Wed 29 Nov 2017 19:05:42 API.py [line:712] INFO 935827088996581376
Wed 29 Nov 2017 19:05:49 API.py [line:712] INFO 935827089240023040
Wed 29 Nov 2017 19:05:49 API.py [line:712] INFO 935827090221408256
Wed 29 Nov 2017 19:05:49 API.py [line:712] INFO 935827090380939265
Wed 29 Nov 2017 19:05:49 API.py [line:712] INFO 935827092121546753
Wed 29 Nov 2017 19:05:49 API.py [line:712] INFO 935827092297547776
Wed 29 Nov 2017 19:05:49 API.py [line:712] INFO 935827093111189504
Wed 29 Nov 2017 19:05:49 API.py [line:712] INFO 935827096038977536
Wed 29 Nov 2017 19:05:49 API.py [line:712] INFO 935827096269672448
Wed 29 Nov 2017 19:05:49 API.py [line:712] INFO 935827096508788737
Wed 29 Nov 2017 19:05:49 API.py [line:712] INFO 935827096680718337
Wed 29 Nov 2017 19:05:49 API.py [line:712] INFO 935827098530406400
Wed 29 Nov 2017 19:05:49 API.py [line:712] INFO 935827100195418112
Wed 29 Nov 2017 19:05:49 API.py [line:712] INFO 935827100552060930
Wed 29 Nov 2017 19:05:49 API.py [line:712] INFO 935827100640014338
Wed 29 Nov 2017 19:05:49 API.py [line:712] INFO 935827103123111938
Wed 29 Nov 2017 19:05:49 API.py [line:712] INFO 935827103848607744
Wed 29 Nov 2017 19:05:49 API.py [line:712] INFO 935827104754671616
Wed 29 Nov 2017 19:05:49 API.py [line:712] INFO 935827104632991744
Wed 29 Nov 2017 19:05:49 API.py [line:712] INFO 935827108642701313
Wed 29 Nov 2017 19:05:49 API.py [line:712] INFO 935827108726747139
Wed 29 Nov 2017 19:05:49 API.py [line:712] INFO 935827111419379712
Wed 29 Nov 2017 19:05:49 API.py [line:712] INFO 935827112321097728
Wed 29 Nov 2017 19:05:49 API.py [line:712] INFO 935827116494528514
Wed 29 Nov 2017 19:05:49 API.py [line:712] INFO 935827118201610240
Wed 29 Nov 2017 19:05:50 API.py [line:712] INFO 935827122072928257
Wed 29 Nov 2017 19:05:51 API.py [line:712] INFO 935827122781749248
Wed 29 Nov 2017 19:05:51 API.py [line:712] INFO 935827122693820416
Wed 29 Nov 2017 19:05:51 API.py [line:712] INFO 935827123024969729
Wed 29 Nov 2017 19:05:51 API.py [line:712] INFO 935827124363001856
Wed 29 Nov 2017 19:05:51 API.py [line:712] INFO 935827124233162753
Wed 29 Nov 2017 19:05:51 API.py [line:712] INFO 935827124904132609
Wed 29 Nov 2017 19:05:51 API.py [line:712] INFO 935827127261212672
