Wed 29 Nov 2017 16:21:42 API.py [line:660] INFO start
Wed 29 Nov 2017 16:21:42 API.py [line:692] INFO thread 0 start.
Wed 29 Nov 2017 16:21:42 API.py [line:695] INFO thread 0's token_index 351
Wed 29 Nov 2017 16:21:42 API.py [line:696] INFO {u'access_token': u'722962838499647489-wWpA1hxoqYOdT793Bw2Gw2T06hPv16t', u'consumer_secret': u'LivsS9DTKh4Xmfo2vOG2tpKmrj8lxsYqiDgZLamPBJahFqnjUo', u'consumer_key': u'fO4lXV6LLz5e1Ew6uRDtvXpIQ', u'access_token_secret': u'vLp50E9Iwo70GzZGe11prgM1nL6BdiYwqqb9Thtr0D6V3'}
Wed 29 Nov 2017 16:21:42 API.py [line:697] INFO [u'china']
Wed 29 Nov 2017 16:21:42 API.py [line:698] INFO ['192.168.1.148:8118']
Wed 29 Nov 2017 16:21:45 API.py [line:712] INFO 935785829326311426
Wed 29 Nov 2017 16:21:46 API.py [line:712] INFO 935785830714503169
Wed 29 Nov 2017 16:21:46 API.py [line:712] INFO 935785834652901377
Wed 29 Nov 2017 16:21:47 API.py [line:712] INFO 935785836523634688
Wed 29 Nov 2017 16:21:47 API.py [line:712] INFO 935785836666408961
Wed 29 Nov 2017 16:21:47 API.py [line:712] INFO 935785837186506752
Wed 29 Nov 2017 16:21:47 API.py [line:712] INFO 935785837123592192
Wed 29 Nov 2017 16:21:47 API.py [line:712] INFO 935785837131980800
Wed 29 Nov 2017 16:21:47 API.py [line:712] INFO 935785837907689473
Wed 29 Nov 2017 16:21:48 API.py [line:712] INFO 935785839027613696
Wed 29 Nov 2017 16:21:49 API.py [line:712] INFO 935785843867910144
Wed 29 Nov 2017 16:21:49 API.py [line:712] INFO 935785844685885441
Wed 29 Nov 2017 16:21:49 API.py [line:712] INFO 935785845822386176
Wed 29 Nov 2017 16:21:49 API.py [line:712] INFO 935785846438948864
Wed 29 Nov 2017 16:21:49 API.py [line:712] INFO 935785845755404288
Wed 29 Nov 2017 16:21:50 API.py [line:712] INFO 935785848204857344
Wed 29 Nov 2017 16:21:50 API.py [line:712] INFO 935785849517621249
Wed 29 Nov 2017 16:21:50 API.py [line:712] INFO 935785850893406208
Wed 29 Nov 2017 16:21:51 API.py [line:712] INFO 935785851992260609
Wed 29 Nov 2017 16:21:51 API.py [line:712] INFO 935785851996594176
Wed 29 Nov 2017 16:21:51 API.py [line:712] INFO 935785852143394816
Wed 29 Nov 2017 16:21:51 API.py [line:712] INFO 935785853347160064
Wed 29 Nov 2017 16:21:52 API.py [line:712] INFO 935785856488624128
Wed 29 Nov 2017 16:21:53 API.py [line:712] INFO 935785860242472961
Wed 29 Nov 2017 16:21:53 API.py [line:712] INFO 935785863690072065
Wed 29 Nov 2017 16:21:54 API.py [line:712] INFO 935785863543476224
Wed 29 Nov 2017 16:21:54 API.py [line:712] INFO 935785864063528960
Wed 29 Nov 2017 16:21:54 API.py [line:712] INFO 935785865514704901
Wed 29 Nov 2017 16:21:54 API.py [line:712] INFO 935785865787215872
Wed 29 Nov 2017 16:21:54 API.py [line:712] INFO 935785866701651968
Wed 29 Nov 2017 16:21:55 API.py [line:712] INFO 935785868782059521
Wed 29 Nov 2017 16:21:56 API.py [line:712] INFO 935785874381574146
Wed 29 Nov 2017 16:21:57 API.py [line:712] INFO 935785876667404288
Wed 29 Nov 2017 16:21:58 API.py [line:712] INFO 935785879532171265
Wed 29 Nov 2017 16:21:58 API.py [line:712] INFO 935785881155256321
Wed 29 Nov 2017 16:21:58 API.py [line:712] INFO 935785883395006464
Wed 29 Nov 2017 16:21:59 API.py [line:712] INFO 935785885643300864
Wed 29 Nov 2017 16:21:59 API.py [line:712] INFO 935785886138224640
Wed 29 Nov 2017 16:21:59 API.py [line:712] INFO 935785887014588417
Wed 29 Nov 2017 16:22:00 API.py [line:712] INFO 935785891473297408
Wed 29 Nov 2017 16:22:01 API.py [line:712] INFO 935785894430175233
Wed 29 Nov 2017 16:22:01 API.py [line:712] INFO 935785895017492480
Wed 29 Nov 2017 16:22:01 API.py [line:712] INFO 935785895420030976
Wed 29 Nov 2017 16:22:01 API.py [line:712] INFO 935785895294156800
Wed 29 Nov 2017 16:22:02 API.py [line:712] INFO 935785898007969793
Wed 29 Nov 2017 16:22:02 API.py [line:712] INFO 935785899010416640
Wed 29 Nov 2017 16:22:02 API.py [line:712] INFO 935785899110969345
Wed 29 Nov 2017 16:22:02 API.py [line:712] INFO 935785901371695104
Wed 29 Nov 2017 16:22:03 API.py [line:712] INFO 935785905247236096
Wed 29 Nov 2017 16:22:04 API.py [line:712] INFO 935785905817714688
Wed 29 Nov 2017 16:22:05 API.py [line:712] INFO 935785911203352576
Wed 29 Nov 2017 16:22:06 API.py [line:712] INFO 935785912897818624
Wed 29 Nov 2017 16:22:06 API.py [line:712] INFO 935785917045989378
Wed 29 Nov 2017 16:22:07 API.py [line:712] INFO 935785919436771329
Wed 29 Nov 2017 16:22:07 API.py [line:712] INFO 935785920665739264
Wed 29 Nov 2017 16:22:07 API.py [line:712] INFO 935785921600831490
Wed 29 Nov 2017 16:22:08 API.py [line:712] INFO 935785908397379585
Wed 29 Nov 2017 16:22:08 API.py [line:712] INFO 935785922502766592
Wed 29 Nov 2017 16:22:08 API.py [line:712] INFO 935785924771823616
Wed 29 Nov 2017 16:22:08 API.py [line:712] INFO 935785924658630657
Wed 29 Nov 2017 16:22:08 API.py [line:712] INFO 935785924465750016
Wed 29 Nov 2017 16:22:09 API.py [line:712] INFO 935785926399213568
Wed 29 Nov 2017 16:22:09 API.py [line:712] INFO 935785928215298049
Wed 29 Nov 2017 16:22:09 API.py [line:712] INFO 935785929196953600
Wed 29 Nov 2017 16:22:10 API.py [line:712] INFO 935785931541377024
Wed 29 Nov 2017 16:22:10 API.py [line:712] INFO 935785932216782848
Wed 29 Nov 2017 16:22:11 API.py [line:712] INFO 935785936062943232
Wed 29 Nov 2017 16:22:11 API.py [line:712] INFO 935785936868143104
Wed 29 Nov 2017 16:22:11 API.py [line:712] INFO 935785937077964800
Wed 29 Nov 2017 16:22:12 API.py [line:712] INFO 935785940701679616
Wed 29 Nov 2017 16:22:12 API.py [line:712] INFO 935785942065041409
Wed 29 Nov 2017 16:22:13 API.py [line:712] INFO 935785945470767104
Wed 29 Nov 2017 16:22:13 API.py [line:712] INFO 935785945391140864
Wed 29 Nov 2017 16:22:13 API.py [line:712] INFO 935785947664351232
Wed 29 Nov 2017 16:22:14 API.py [line:712] INFO 935785949396692992
Wed 29 Nov 2017 16:22:14 API.py [line:712] INFO 935785949862219777
Wed 29 Nov 2017 16:22:14 API.py [line:712] INFO 935785951611191296
Wed 29 Nov 2017 16:22:15 API.py [line:712] INFO 935785952869363712
Wed 29 Nov 2017 16:22:15 API.py [line:712] INFO 935785955721703424
Wed 29 Nov 2017 16:22:16 API.py [line:712] INFO 935785956262559745
Wed 29 Nov 2017 16:22:16 API.py [line:712] INFO 935785957101572101
Wed 29 Nov 2017 16:22:16 API.py [line:712] INFO 935785957592260608
Wed 29 Nov 2017 16:22:16 API.py [line:712] INFO 935785960163377152
Wed 29 Nov 2017 16:22:17 API.py [line:712] INFO 935785961832833025
Wed 29 Nov 2017 16:22:17 API.py [line:712] INFO 935785961811841024
Wed 29 Nov 2017 16:22:17 API.py [line:712] INFO 935785964101873664
Wed 29 Nov 2017 16:22:18 API.py [line:712] INFO 935785964605231104
Wed 29 Nov 2017 16:22:18 API.py [line:712] INFO 935785966530306048
Wed 29 Nov 2017 16:22:18 API.py [line:712] INFO 935785967293816832
Wed 29 Nov 2017 16:22:18 API.py [line:712] INFO 935785967272759296
Wed 29 Nov 2017 16:22:19 API.py [line:712] INFO 935785970527477762
Wed 29 Nov 2017 16:22:19 API.py [line:712] INFO 935785970548473857
Wed 29 Nov 2017 16:22:20 API.py [line:712] INFO 935785972045897728
Wed 29 Nov 2017 16:22:20 API.py [line:712] INFO 935785975443320832
Wed 29 Nov 2017 16:22:20 API.py [line:712] INFO 935785976655261696
Wed 29 Nov 2017 16:22:20 API.py [line:712] INFO 935785977049636864
Wed 29 Nov 2017 16:22:21 API.py [line:712] INFO 935785977976569856
Wed 29 Nov 2017 16:22:21 API.py [line:712] INFO 935785979272671232
Wed 29 Nov 2017 16:22:22 API.py [line:712] INFO 935785981415800833
Wed 29 Nov 2017 16:22:22 API.py [line:712] INFO 935785981415952384
Wed 29 Nov 2017 16:22:22 API.py [line:712] INFO 935785982032355328
Wed 29 Nov 2017 16:22:23 API.py [line:712] INFO 935785985626931200
Wed 29 Nov 2017 16:22:23 API.py [line:712] INFO 935785987166400512
