Wed 29 Nov 2017 15:30:05 API.py [line:660] INFO start
Wed 29 Nov 2017 15:30:05 API.py [line:692] INFO thread 0 start.
Wed 29 Nov 2017 15:30:05 API.py [line:695] INFO thread 0's token_index 246
Wed 29 Nov 2017 15:30:05 API.py [line:696] INFO {u'access_token': u'720261957224271873-AVJV2ugdzuyc7DLCxwRMF7kvs6xrSNi', u'consumer_secret': u'LivsS9DTKh4Xmfo2vOG2tpKmrj8lxsYqiDgZLamPBJahFqnjUo', u'consumer_key': u'fO4lXV6LLz5e1Ew6uRDtvXpIQ', u'access_token_secret': u'jyIEOLiqLVIqhqEKLp8Vs4I7O22Tml44TLStWsvST8jto'}
Wed 29 Nov 2017 15:30:05 API.py [line:697] INFO [u'china']
Wed 29 Nov 2017 15:30:05 API.py [line:698] INFO ['192.168.1.148:8118']
Wed 29 Nov 2017 15:30:05 TwitterError.py [line:22] WARNING 400 statuses/filter text HTTPSConnectionPool(host='stream.twitter.com', port=443): Max retries exceeded with url: /1.1/statuses/filter.json (Caused by ProxyError('Cannot connect to proxy.', error('Invalid response from tunnel request',)))
Wed 29 Nov 2017 15:30:05 API.py [line:222] WARNING HTTPSConnectionPool(host='stream.twitter.com', port=443): Max retries exceeded with url: /1.1/statuses/filter.json (Caused by ProxyError('Cannot connect to proxy.', error('Invalid response from tunnel request',)))
Wed 29 Nov 2017 15:30:10 TwitterError.py [line:22] WARNING 400 statuses/filter text HTTPSConnectionPool(host='stream.twitter.com', port=443): Max retries exceeded with url: /1.1/statuses/filter.json (Caused by ProxyError('Cannot connect to proxy.', error('Invalid response from tunnel request',)))
Wed 29 Nov 2017 15:30:10 API.py [line:222] WARNING HTTPSConnectionPool(host='stream.twitter.com', port=443): Max retries exceeded with url: /1.1/statuses/filter.json (Caused by ProxyError('Cannot connect to proxy.', error('Invalid response from tunnel request',)))
Wed 29 Nov 2017 15:30:15 TwitterError.py [line:22] WARNING 400 statuses/filter text HTTPSConnectionPool(host='stream.twitter.com', port=443): Max retries exceeded with url: /1.1/statuses/filter.json (Caused by ProxyError('Cannot connect to proxy.', error('Invalid response from tunnel request',)))
Wed 29 Nov 2017 15:30:15 API.py [line:222] WARNING HTTPSConnectionPool(host='stream.twitter.com', port=443): Max retries exceeded with url: /1.1/statuses/filter.json (Caused by ProxyError('Cannot connect to proxy.', error('Invalid response from tunnel request',)))
Wed 29 Nov 2017 15:30:24 API.py [line:712] INFO 935772906080096258
Wed 29 Nov 2017 15:30:25 API.py [line:712] INFO 935772909188116480
Wed 29 Nov 2017 15:30:25 API.py [line:712] INFO 935772909599064065
Wed 29 Nov 2017 15:30:25 API.py [line:712] INFO 935772911947919360
Wed 29 Nov 2017 15:30:26 API.py [line:712] INFO 935772912581300224
Wed 29 Nov 2017 15:30:26 API.py [line:712] INFO 935772914292547586
Wed 29 Nov 2017 15:30:26 API.py [line:712] INFO 935772915546632192
Wed 29 Nov 2017 15:30:27 API.py [line:712] INFO 935772919749332998
Wed 29 Nov 2017 15:30:28 API.py [line:712] INFO 935772921917857792
Wed 29 Nov 2017 15:30:28 API.py [line:712] INFO 935772922811207681
Wed 29 Nov 2017 15:30:29 API.py [line:712] INFO 935772925763964930
Wed 29 Nov 2017 15:30:29 API.py [line:712] INFO 935772927718551553
Wed 29 Nov 2017 15:30:29 API.py [line:712] INFO 935772928209190913
Wed 29 Nov 2017 15:30:30 API.py [line:712] INFO 935772930436423680
Wed 29 Nov 2017 15:30:30 API.py [line:712] INFO 935772931057209346
Wed 29 Nov 2017 15:30:30 API.py [line:712] INFO 935772932181319680
Wed 29 Nov 2017 15:30:31 API.py [line:712] INFO 935772934228070401
Wed 29 Nov 2017 15:30:31 API.py [line:712] INFO 935772935234744320
Wed 29 Nov 2017 15:30:32 API.py [line:712] INFO 935772936383983616
Wed 29 Nov 2017 15:30:32 API.py [line:712] INFO 935772939865247744
Wed 29 Nov 2017 15:30:32 API.py [line:712] INFO 935772940079165442
Wed 29 Nov 2017 15:30:33 API.py [line:712] INFO 935772943199686656
Wed 29 Nov 2017 15:30:33 API.py [line:712] INFO 935772944470552577
Wed 29 Nov 2017 15:30:34 API.py [line:712] INFO 935772946290835459
Wed 29 Nov 2017 15:30:35 API.py [line:712] INFO 935772951378649088
Wed 29 Nov 2017 15:30:36 API.py [line:712] INFO 935772953903554560
Wed 29 Nov 2017 15:30:36 API.py [line:712] INFO 935772956294250504
Wed 29 Nov 2017 15:30:36 API.py [line:712] INFO 935772956382449664
Wed 29 Nov 2017 15:30:37 API.py [line:712] INFO 935772958706020352
Wed 29 Nov 2017 15:30:37 API.py [line:712] INFO 935772960522211328
Wed 29 Nov 2017 15:30:37 API.py [line:712] INFO 935772961910509568
Wed 29 Nov 2017 15:30:38 API.py [line:712] INFO 935772965941207040
Wed 29 Nov 2017 15:30:38 API.py [line:712] INFO 935772966213898241
Wed 29 Nov 2017 15:30:39 API.py [line:712] INFO 935772966029316101
Wed 29 Nov 2017 15:30:39 API.py [line:712] INFO 935772967216320512
Wed 29 Nov 2017 15:30:39 API.py [line:712] INFO 935772966981382145
Wed 29 Nov 2017 15:30:40 API.py [line:712] INFO 935772972803067904
Wed 29 Nov 2017 15:30:40 API.py [line:712] INFO 935772973797199874
Wed 29 Nov 2017 15:30:41 API.py [line:712] INFO 935772975558791174
Wed 29 Nov 2017 15:30:41 API.py [line:712] INFO 935772977114812416
Wed 29 Nov 2017 15:30:41 API.py [line:712] INFO 935772977764937728
Wed 29 Nov 2017 15:30:41 API.py [line:712] INFO 935772978159214596
Wed 29 Nov 2017 15:30:42 API.py [line:712] INFO 935772980143063041
Wed 29 Nov 2017 15:30:42 API.py [line:712] INFO 935772980944175105
Wed 29 Nov 2017 15:30:44 API.py [line:712] INFO 935772988426858498
Wed 29 Nov 2017 15:30:44 API.py [line:712] INFO 935772989701926914
Wed 29 Nov 2017 15:30:45 API.py [line:712] INFO 935772992184946688
Wed 29 Nov 2017 15:30:45 API.py [line:712] INFO 935772992826757121
Wed 29 Nov 2017 15:30:45 API.py [line:712] INFO 935772993988554752
Wed 29 Nov 2017 15:30:45 API.py [line:712] INFO 935772994470891520
Wed 29 Nov 2017 15:30:46 API.py [line:712] INFO 935772997608144896
Wed 29 Nov 2017 15:30:47 API.py [line:712] INFO 935773000963706880
Wed 29 Nov 2017 15:30:47 API.py [line:712] INFO 935773001089540097
Wed 29 Nov 2017 15:30:47 API.py [line:712] INFO 935773001701879809
Wed 29 Nov 2017 15:30:47 API.py [line:712] INFO 935773003392192512
Wed 29 Nov 2017 15:30:48 API.py [line:712] INFO 935773007250903041
Wed 29 Nov 2017 15:30:49 API.py [line:712] INFO 935773010237288448
Wed 29 Nov 2017 15:30:49 API.py [line:712] INFO 935773012472815616
Wed 29 Nov 2017 15:30:50 API.py [line:712] INFO 935773014775488513
Wed 29 Nov 2017 15:30:51 API.py [line:712] INFO 935773017375784960
Wed 29 Nov 2017 15:30:51 API.py [line:712] INFO 935773020756602882
Wed 29 Nov 2017 15:30:51 API.py [line:712] INFO 935773020399992834
Wed 29 Nov 2017 15:30:52 API.py [line:712] INFO 935773022128099330
Wed 29 Nov 2017 15:30:52 API.py [line:712] INFO 935773022467837953
Wed 29 Nov 2017 15:30:53 API.py [line:712] INFO 935773024913166336
Wed 29 Nov 2017 15:30:53 API.py [line:712] INFO 935773026402160642
Wed 29 Nov 2017 15:30:54 API.py [line:712] INFO 935773030143483904
Wed 29 Nov 2017 15:30:54 API.py [line:712] INFO 935773032936820737
Wed 29 Nov 2017 15:30:55 API.py [line:712] INFO 935773035667378177
Wed 29 Nov 2017 15:30:57 API.py [line:712] INFO 935773042701144064
Wed 29 Nov 2017 15:30:57 API.py [line:712] INFO 935773041304506369
Wed 29 Nov 2017 15:30:57 API.py [line:712] INFO 935773043045076996
Wed 29 Nov 2017 15:30:57 API.py [line:712] INFO 935773045683310592
Wed 29 Nov 2017 15:30:58 API.py [line:712] INFO 935773044668235777
Wed 29 Nov 2017 15:31:01 API.py [line:712] INFO 935773060501770240
Wed 29 Nov 2017 15:31:01 API.py [line:712] INFO 935773060468178944
Wed 29 Nov 2017 15:31:01 API.py [line:712] INFO 935773061202227200
Wed 29 Nov 2017 15:31:01 API.py [line:712] INFO 935773061235830784
Wed 29 Nov 2017 15:31:01 API.py [line:712] INFO 935773061672062976
Wed 29 Nov 2017 15:31:02 API.py [line:712] INFO 935773063156772864
Wed 29 Nov 2017 15:31:02 API.py [line:712] INFO 935773063236464642
Wed 29 Nov 2017 15:31:03 API.py [line:712] INFO 935773067074252801
Wed 29 Nov 2017 15:31:03 API.py [line:712] INFO 935773068424818689
Wed 29 Nov 2017 15:31:03 API.py [line:712] INFO 935773070928809985
Wed 29 Nov 2017 15:31:03 API.py [line:712] INFO 935773071218237440
Wed 29 Nov 2017 15:31:04 API.py [line:712] INFO 935773072354873346
Wed 29 Nov 2017 15:31:05 API.py [line:712] INFO 935773076498845697
Wed 29 Nov 2017 15:31:05 API.py [line:712] INFO 935773077278949376
Wed 29 Nov 2017 15:31:05 API.py [line:712] INFO 935773077987909632
Wed 29 Nov 2017 15:31:05 API.py [line:712] INFO 935773077920735233
Wed 29 Nov 2017 15:31:05 API.py [line:712] INFO 935773079392964608
Wed 29 Nov 2017 15:31:06 API.py [line:712] INFO 935773078545747968
Wed 29 Nov 2017 15:31:06 API.py [line:712] INFO 935773082794561536
Wed 29 Nov 2017 15:31:06 API.py [line:712] INFO 935773083385950209
Wed 29 Nov 2017 15:31:07 API.py [line:712] INFO 935773084728152064
Wed 29 Nov 2017 15:31:07 API.py [line:712] INFO 935773085118103552
Wed 29 Nov 2017 15:31:08 API.py [line:712] INFO 935773089387999232
Wed 29 Nov 2017 15:31:08 API.py [line:712] INFO 935773090231005185
Wed 29 Nov 2017 15:31:08 API.py [line:712] INFO 935773091715829760
Wed 29 Nov 2017 15:31:08 API.py [line:712] INFO 935773092093231104
Wed 29 Nov 2017 15:31:09 API.py [line:712] INFO 935773092760227840
Wed 29 Nov 2017 15:31:09 API.py [line:712] INFO 935773094047834112
Wed 29 Nov 2017 15:31:10 API.py [line:712] INFO 935773098766471168
Wed 29 Nov 2017 15:31:10 API.py [line:712] INFO 935773099647209472
Wed 29 Nov 2017 15:31:10 API.py [line:712] INFO 935773100402147334
Wed 29 Nov 2017 15:31:11 API.py [line:712] INFO 935773102092509188
Wed 29 Nov 2017 15:31:11 API.py [line:712] INFO 935773103019479040
Wed 29 Nov 2017 15:31:11 API.py [line:712] INFO 935773102683848704
Wed 29 Nov 2017 15:31:11 API.py [line:712] INFO 935773104273547264
Wed 29 Nov 2017 15:31:12 API.py [line:712] INFO 935773105074655232
Wed 29 Nov 2017 15:31:12 API.py [line:712] INFO 935773106873995264
Wed 29 Nov 2017 15:31:13 API.py [line:712] INFO 935773109969457153
Wed 29 Nov 2017 15:31:13 API.py [line:712] INFO 935773110997082112
Wed 29 Nov 2017 15:31:13 API.py [line:712] INFO 935773111861108737
Wed 29 Nov 2017 15:31:13 API.py [line:712] INFO 935773112435707904
Wed 29 Nov 2017 15:31:13 API.py [line:712] INFO 935773112519577600
Wed 29 Nov 2017 15:31:13 API.py [line:712] INFO 935773112800555011
Wed 29 Nov 2017 15:31:14 API.py [line:712] INFO 935773114423791617
Wed 29 Nov 2017 15:31:15 API.py [line:712] INFO 935773115594018817
Wed 29 Nov 2017 15:31:15 API.py [line:712] INFO 935773118718726145
Wed 29 Nov 2017 15:31:15 API.py [line:712] INFO 935773120589434882
Wed 29 Nov 2017 15:31:16 API.py [line:712] INFO 935773124091695105
Wed 29 Nov 2017 15:31:17 API.py [line:712] INFO 935773126671192066
Wed 29 Nov 2017 15:31:17 API.py [line:712] INFO 935773127463796736
Wed 29 Nov 2017 15:31:17 API.py [line:712] INFO 935773129946910720
Wed 29 Nov 2017 15:31:18 API.py [line:712] INFO 935773130508984321
Wed 29 Nov 2017 15:31:18 API.py [line:712] INFO 935773131817537537
Wed 29 Nov 2017 15:31:19 API.py [line:712] INFO 935773136661991424
Wed 29 Nov 2017 15:31:19 API.py [line:712] INFO 935773136838189056
Wed 29 Nov 2017 15:31:19 API.py [line:712] INFO 935773137886760960
Wed 29 Nov 2017 15:31:19 API.py [line:712] INFO 935773137995751424
Wed 29 Nov 2017 15:31:20 API.py [line:712] INFO 935773138364915712
Wed 29 Nov 2017 15:31:20 API.py [line:712] INFO 935773139488866304
Wed 29 Nov 2017 15:31:20 API.py [line:712] INFO 935773140130648064
Wed 29 Nov 2017 15:31:20 API.py [line:712] INFO 935773142513004544
Wed 29 Nov 2017 15:31:23 API.py [line:712] INFO 935773151295889409
Wed 29 Nov 2017 15:31:24 API.py [line:712] INFO 935773156823797760
Wed 29 Nov 2017 15:31:24 API.py [line:712] INFO 935773157482475520
Wed 29 Nov 2017 15:31:24 API.py [line:712] INFO 935773159214731264
Wed 29 Nov 2017 15:31:25 API.py [line:712] INFO 935773160959610880
Wed 29 Nov 2017 15:31:25 API.py [line:712] INFO 935773162247217154
Wed 29 Nov 2017 15:31:26 API.py [line:712] INFO 935773164096847874
Wed 29 Nov 2017 15:31:26 API.py [line:712] INFO 935773164654792704
Wed 29 Nov 2017 15:31:27 API.py [line:712] INFO 935773167972507648
Wed 29 Nov 2017 15:31:27 API.py [line:712] INFO 935773168874262528
Wed 29 Nov 2017 15:31:27 API.py [line:712] INFO 935773170832953345
Wed 29 Nov 2017 15:31:28 API.py [line:712] INFO 935773172502355969
Wed 29 Nov 2017 15:31:29 API.py [line:712] INFO 935773178265292800
Wed 29 Nov 2017 15:31:29 API.py [line:712] INFO 935773179389317122
Wed 29 Nov 2017 15:31:30 API.py [line:712] INFO 935773181050224642
Wed 29 Nov 2017 15:31:30 API.py [line:712] INFO 935773180995821568
Wed 29 Nov 2017 15:31:30 API.py [line:712] INFO 935773183696875520
Wed 29 Nov 2017 15:31:31 API.py [line:712] INFO 935773185823399936
Wed 29 Nov 2017 15:31:32 API.py [line:712] INFO 935773192119078913
Wed 29 Nov 2017 15:31:32 API.py [line:712] INFO 935773192198729729
Wed 29 Nov 2017 15:31:33 API.py [line:712] INFO 935773197131309056
Wed 29 Nov 2017 15:31:34 API.py [line:712] INFO 935773200184684545
Wed 29 Nov 2017 15:31:34 API.py [line:712] INFO 935773201271017473
Wed 29 Nov 2017 15:31:35 API.py [line:712] INFO 935773202101559296
Wed 29 Nov 2017 15:31:35 API.py [line:712] INFO 935773203112316928
Wed 29 Nov 2017 15:31:38 API.py [line:712] INFO 935773214214705152
Wed 29 Nov 2017 15:31:38 API.py [line:712] INFO 935773217419120640
Wed 29 Nov 2017 15:31:39 API.py [line:712] INFO 935773219138822144
Wed 29 Nov 2017 15:31:39 API.py [line:712] INFO 935773220443164672
Wed 29 Nov 2017 15:31:39 API.py [line:712] INFO 935773221571497985
Wed 29 Nov 2017 15:31:40 API.py [line:712] INFO 935773222284521473
Wed 29 Nov 2017 15:31:40 API.py [line:712] INFO 935773226428436481
Wed 29 Nov 2017 15:31:41 API.py [line:712] INFO 935773229502910464
Wed 29 Nov 2017 15:31:42 API.py [line:712] INFO 935773230429851648
Wed 29 Nov 2017 15:31:42 API.py [line:712] INFO 935773232577351680
Wed 29 Nov 2017 15:31:42 API.py [line:712] INFO 935773234477326336
Wed 29 Nov 2017 15:31:43 API.py [line:712] INFO 935773237274845184
Wed 29 Nov 2017 15:31:44 API.py [line:712] INFO 935773238990393344
Wed 29 Nov 2017 15:31:45 API.py [line:712] INFO 935773245160214529
Wed 29 Nov 2017 15:31:45 API.py [line:712] INFO 935773245906849794
Wed 29 Nov 2017 15:31:45 API.py [line:712] INFO 935773245856452610
Wed 29 Nov 2017 15:31:45 API.py [line:712] INFO 935773246376603649
Wed 29 Nov 2017 15:31:45 API.py [line:712] INFO 935773247341252608
Wed 29 Nov 2017 15:31:46 API.py [line:712] INFO 935773248230445059
Wed 29 Nov 2017 15:31:46 API.py [line:712] INFO 935773250113720320
Wed 29 Nov 2017 15:31:46 API.py [line:712] INFO 935773250839367681
Wed 29 Nov 2017 15:31:48 API.py [line:712] INFO 935773257789296642
Wed 29 Nov 2017 15:31:48 API.py [line:712] INFO 935773258435219457
Wed 29 Nov 2017 15:31:49 API.py [line:712] INFO 935773261484494850
Wed 29 Nov 2017 15:31:49 API.py [line:712] INFO 935773262440787968
Wed 29 Nov 2017 15:31:49 API.py [line:712] INFO 935773263128645632
Wed 29 Nov 2017 15:31:49 API.py [line:712] INFO 935773263048921093
Wed 29 Nov 2017 15:31:50 API.py [line:712] INFO 935773264194007041
Wed 29 Nov 2017 15:31:50 API.py [line:712] INFO 935773266794434561
Wed 29 Nov 2017 15:31:51 API.py [line:712] INFO 935773268728041472
Wed 29 Nov 2017 15:31:51 API.py [line:712] INFO 935773269902290944
Wed 29 Nov 2017 15:31:51 API.py [line:712] INFO 935773272263811072
Wed 29 Nov 2017 15:31:53 API.py [line:712] INFO 935773277158551553
Wed 29 Nov 2017 15:31:55 API.py [line:712] INFO 935773285324869633
Wed 29 Nov 2017 15:31:55 API.py [line:712] INFO 935773286868365313
Wed 29 Nov 2017 15:31:57 API.py [line:712] INFO 935773295546220544
Wed 29 Nov 2017 15:31:57 API.py [line:712] INFO 935773295315701760
Wed 29 Nov 2017 15:31:57 API.py [line:712] INFO 935773296980844544
Wed 29 Nov 2017 15:31:58 API.py [line:712] INFO 935773298667016195
Wed 29 Nov 2017 15:31:58 API.py [line:712] INFO 935773301145853952
Wed 29 Nov 2017 15:31:59 API.py [line:712] INFO 935773303243001856
Wed 29 Nov 2017 15:32:00 API.py [line:712] INFO 935773310268428288
Wed 29 Nov 2017 15:32:01 API.py [line:712] INFO 935773311371444225
Wed 29 Nov 2017 15:32:01 API.py [line:712] INFO 935773312780775425
Wed 29 Nov 2017 15:32:02 API.py [line:712] INFO 935773317168095233
Wed 29 Nov 2017 15:32:02 API.py [line:712] INFO 935773318187188224
Wed 29 Nov 2017 15:32:03 API.py [line:712] INFO 935773319089065985
Wed 29 Nov 2017 15:32:03 API.py [line:712] INFO 935773319323881472
Wed 29 Nov 2017 15:32:03 API.py [line:712] INFO 935773319491735552
Wed 29 Nov 2017 15:32:03 API.py [line:712] INFO 935773320158564354
Wed 29 Nov 2017 15:32:03 API.py [line:712] INFO 935773321542676481
Wed 29 Nov 2017 15:32:04 API.py [line:712] INFO 935773324524883968
Wed 29 Nov 2017 15:32:04 API.py [line:712] INFO 935773324701044740
Wed 29 Nov 2017 15:32:05 API.py [line:712] INFO 935773327016235010
Wed 29 Nov 2017 15:32:05 API.py [line:712] INFO 935773327368613889
Wed 29 Nov 2017 15:32:05 API.py [line:712] INFO 935773329444700160
Wed 29 Nov 2017 15:32:06 API.py [line:712] INFO 935773331814567936
Wed 29 Nov 2017 15:32:06 API.py [line:712] INFO 935773333014106112
Wed 29 Nov 2017 15:32:07 API.py [line:712] INFO 935773336075980803
Wed 29 Nov 2017 15:32:07 API.py [line:712] INFO 935773336256286720
Wed 29 Nov 2017 15:32:07 API.py [line:712] INFO 935773337816567808
Wed 29 Nov 2017 15:32:07 API.py [line:712] INFO 935773337627787264
Wed 29 Nov 2017 15:32:08 API.py [line:712] INFO 935773339825487872
Wed 29 Nov 2017 15:32:08 API.py [line:712] INFO 935773342107357184
Wed 29 Nov 2017 15:32:08 API.py [line:712] INFO 935773343000748034
Wed 29 Nov 2017 15:32:09 API.py [line:712] INFO 935773346209206272
Wed 29 Nov 2017 15:32:10 API.py [line:712] INFO 935773350932242432
Wed 29 Nov 2017 15:32:11 API.py [line:712] INFO 935773354287599616
Wed 29 Nov 2017 15:32:12 API.py [line:712] INFO 935773356279848960
Wed 29 Nov 2017 15:32:12 API.py [line:712] INFO 935773358406463490
Wed 29 Nov 2017 15:32:12 API.py [line:712] INFO 935773359677329408
Wed 29 Nov 2017 15:32:13 API.py [line:712] INFO 935773360981716992
Wed 29 Nov 2017 15:32:13 API.py [line:712] INFO 935773362521018368
Wed 29 Nov 2017 15:32:13 API.py [line:712] INFO 935773362923687938
Wed 29 Nov 2017 15:32:14 API.py [line:712] INFO 935773366702821377
Wed 29 Nov 2017 15:32:15 API.py [line:712] INFO 935773369932435456
Wed 29 Nov 2017 15:32:16 API.py [line:712] INFO 935773374441246720
Wed 29 Nov 2017 15:32:17 API.py [line:712] INFO 935773378505596928
Wed 29 Nov 2017 15:32:17 API.py [line:712] INFO 935773379117895680
Wed 29 Nov 2017 15:32:18 API.py [line:712] INFO 935773382028681216
Wed 29 Nov 2017 15:32:18 API.py [line:712] INFO 935773378203607040
Wed 29 Nov 2017 15:32:18 API.py [line:712] INFO 935773383417049089
Wed 29 Nov 2017 15:32:19 API.py [line:712] INFO 935773386051121152
Wed 29 Nov 2017 15:32:19 API.py [line:712] INFO 935773386629894145
Wed 29 Nov 2017 15:32:20 API.py [line:712] INFO 935773391801475072
Wed 29 Nov 2017 15:32:20 API.py [line:712] INFO 935773391897931776
Wed 29 Nov 2017 15:32:20 API.py [line:712] INFO 935773392740978689
Wed 29 Nov 2017 15:32:20 API.py [line:712] INFO 935773394255085569
Wed 29 Nov 2017 15:32:21 API.py [line:712] INFO 935773397191090176
Wed 29 Nov 2017 15:32:21 API.py [line:712] INFO 935773397400915968
Wed 29 Nov 2017 15:32:21 API.py [line:712] INFO 935773397488930817
Wed 29 Nov 2017 15:32:22 API.py [line:712] INFO 935773400395632640
Wed 29 Nov 2017 15:32:22 API.py [line:712] INFO 935773401087557632
Wed 29 Nov 2017 15:32:23 API.py [line:712] INFO 935773405667905537
Wed 29 Nov 2017 15:32:25 API.py [line:712] INFO 935773411254693888
Wed 29 Nov 2017 15:32:25 API.py [line:712] INFO 935773412588441600
Wed 29 Nov 2017 15:32:27 API.py [line:712] INFO 935773420075196416
Wed 29 Nov 2017 15:32:27 API.py [line:712] INFO 935773419005718529
Wed 29 Nov 2017 15:32:29 API.py [line:712] INFO 935773430762237952
Wed 29 Nov 2017 15:32:29 API.py [line:712] INFO 935773431219589121
Wed 29 Nov 2017 15:32:29 API.py [line:712] INFO 935773431831957505
Wed 29 Nov 2017 15:32:30 API.py [line:712] INFO 935773435065708544
Wed 29 Nov 2017 15:32:32 API.py [line:712] INFO 935773440866439170
Wed 29 Nov 2017 15:32:32 API.py [line:712] INFO 935773440795185154
Wed 29 Nov 2017 15:32:32 API.py [line:712] INFO 935773442347020290
Wed 29 Nov 2017 15:32:32 API.py [line:712] INFO 935773443764703232
Wed 29 Nov 2017 15:32:33 API.py [line:712] INFO 935773446948212737
Wed 29 Nov 2017 15:32:33 API.py [line:712] INFO 935773446943969281
Wed 29 Nov 2017 15:32:34 API.py [line:712] INFO 935773448219000832
Wed 29 Nov 2017 15:32:34 API.py [line:712] INFO 935773451968745480
Wed 29 Nov 2017 15:32:35 API.py [line:712] INFO 935773451993874432
Wed 29 Nov 2017 15:32:35 API.py [line:712] INFO 935773451658203136
Wed 29 Nov 2017 15:32:35 API.py [line:712] INFO 935773455072587777
Wed 29 Nov 2017 15:32:37 API.py [line:712] INFO 935773465545756672
Wed 29 Nov 2017 15:32:38 API.py [line:712] INFO 935773466636226560
Wed 29 Nov 2017 15:32:38 API.py [line:712] INFO 935773468779524097
Wed 29 Nov 2017 15:32:38 API.py [line:712] INFO 935773469081468928
Wed 29 Nov 2017 15:32:39 API.py [line:712] INFO 935773472562778112
Wed 29 Nov 2017 15:32:40 API.py [line:712] INFO 935773477734420481
Wed 29 Nov 2017 15:32:41 API.py [line:712] INFO 935773481035235328
Wed 29 Nov 2017 15:32:44 API.py [line:712] INFO 935773490375901184
Wed 29 Nov 2017 15:32:44 API.py [line:712] INFO 935773490296209409
Wed 29 Nov 2017 15:32:44 API.py [line:712] INFO 935773493161025536
Wed 29 Nov 2017 15:32:44 API.py [line:712] INFO 935773494348013568
Wed 29 Nov 2017 15:32:45 API.py [line:712] INFO 935773494951972865
Wed 29 Nov 2017 15:32:45 API.py [line:712] INFO 935773495916683264
Wed 29 Nov 2017 15:32:45 API.py [line:712] INFO 935773497774747648
Wed 29 Nov 2017 15:32:46 API.py [line:712] INFO 935773499754536960
Wed 29 Nov 2017 15:32:46 API.py [line:712] INFO 935773500320690176
Wed 29 Nov 2017 15:32:46 API.py [line:712] INFO 935773503080583168
Wed 29 Nov 2017 15:32:47 API.py [line:712] INFO 935773503734902784
Wed 29 Nov 2017 15:32:47 API.py [line:712] INFO 935773504733175813
Wed 29 Nov 2017 15:32:47 API.py [line:712] INFO 935773506104565760
Wed 29 Nov 2017 15:32:47 API.py [line:712] INFO 935773506683527168
Wed 29 Nov 2017 15:32:48 API.py [line:712] INFO 935773510626172929
Wed 29 Nov 2017 15:32:48 API.py [line:712] INFO 935773510705860609
Wed 29 Nov 2017 15:32:49 API.py [line:712] INFO 935773511515328513
Wed 29 Nov 2017 15:32:49 API.py [line:712] INFO 935773512438112256
Wed 29 Nov 2017 15:32:49 API.py [line:712] INFO 935773512937230338
Wed 29 Nov 2017 15:32:49 API.py [line:712] INFO 935773513742520320
Wed 29 Nov 2017 15:32:49 API.py [line:712] INFO 935773513876754432
Wed 29 Nov 2017 15:32:49 API.py [line:712] INFO 935773513356664833
Wed 29 Nov 2017 15:32:49 API.py [line:712] INFO 935773513847377921
Wed 29 Nov 2017 15:32:50 API.py [line:712] INFO 935773516665966593
Wed 29 Nov 2017 15:32:52 API.py [line:712] INFO 935773524819611648
Wed 29 Nov 2017 15:32:52 API.py [line:712] INFO 935773526979633152
Wed 29 Nov 2017 15:32:52 API.py [line:712] INFO 935773527445331968
Wed 29 Nov 2017 15:32:52 API.py [line:712] INFO 935773527566888960
Wed 29 Nov 2017 15:32:53 API.py [line:712] INFO 935773528682573824
Wed 29 Nov 2017 15:32:53 API.py [line:712] INFO 935773529001340929
Wed 29 Nov 2017 15:32:54 API.py [line:712] INFO 935773534214918145
Wed 29 Nov 2017 15:32:55 API.py [line:712] INFO 935773538182504448
Wed 29 Nov 2017 15:32:55 API.py [line:712] INFO 935773540539920385
Wed 29 Nov 2017 15:32:56 API.py [line:712] INFO 935773542666375170
Wed 29 Nov 2017 15:32:56 API.py [line:712] INFO 935773543618482176
Wed 29 Nov 2017 15:32:56 API.py [line:712] INFO 935773544260231168
Wed 29 Nov 2017 15:32:57 API.py [line:712] INFO 935773546592292865
Wed 29 Nov 2017 15:32:57 API.py [line:712] INFO 935773547376664576
Wed 29 Nov 2017 15:32:57 API.py [line:712] INFO 935773548332843008
Wed 29 Nov 2017 15:32:58 API.py [line:712] INFO 935773550975299584
Wed 29 Nov 2017 15:32:58 API.py [line:712] INFO 935773552728518656
Wed 29 Nov 2017 15:32:59 API.py [line:712] INFO 935773556524371969
Wed 29 Nov 2017 15:33:01 API.py [line:712] INFO 935773562790694912
Wed 29 Nov 2017 15:33:01 API.py [line:712] INFO 935773563876806656
Wed 29 Nov 2017 15:33:02 API.py [line:712] INFO 935773566963941379
Wed 29 Nov 2017 15:33:02 API.py [line:712] INFO 935773567513329664
Wed 29 Nov 2017 15:33:04 API.py [line:712] INFO 935773574127812608
Wed 29 Nov 2017 15:33:04 API.py [line:712] INFO 935773576648675329
Wed 29 Nov 2017 15:33:05 API.py [line:712] INFO 935773578771009537
Wed 29 Nov 2017 15:33:05 API.py [line:712] INFO 935773578259255296
Wed 29 Nov 2017 15:33:05 API.py [line:712] INFO 935773579248939008
Wed 29 Nov 2017 15:33:05 API.py [line:712] INFO 935773580557717509
Wed 29 Nov 2017 15:33:05 API.py [line:712] INFO 935773579832066048
Wed 29 Nov 2017 15:33:05 API.py [line:712] INFO 935773582055047169
Wed 29 Nov 2017 15:33:05 API.py [line:712] INFO 935773582780719105
Wed 29 Nov 2017 15:33:06 API.py [line:712] INFO 935773583099514880
Wed 29 Nov 2017 15:33:06 API.py [line:712] INFO 935773583523110917
Wed 29 Nov 2017 15:33:06 API.py [line:712] INFO 935773585527988226
Wed 29 Nov 2017 15:33:07 API.py [line:712] INFO 935773587092398081
Wed 29 Nov 2017 15:33:07 API.py [line:712] INFO 935773588879302661
Wed 29 Nov 2017 15:33:08 API.py [line:712] INFO 935773592905764864
Wed 29 Nov 2017 15:33:08 API.py [line:712] INFO 935773593262264320
Wed 29 Nov 2017 15:33:09 API.py [line:712] INFO 935773595938246656
Wed 29 Nov 2017 15:33:10 API.py [line:712] INFO 935773600010985474
Wed 29 Nov 2017 15:33:10 API.py [line:712] INFO 935773601059495937
Wed 29 Nov 2017 15:33:10 API.py [line:712] INFO 935773601931853825
Wed 29 Nov 2017 15:33:10 API.py [line:712] INFO 935773602821029888
Wed 29 Nov 2017 15:33:12 API.py [line:712] INFO 935773609179734016
Wed 29 Nov 2017 15:33:12 API.py [line:712] INFO 935773610265989122
Wed 29 Nov 2017 15:33:12 API.py [line:712] INFO 935773611641667585
Wed 29 Nov 2017 15:33:12 API.py [line:712] INFO 935773611327131648
Wed 29 Nov 2017 15:33:13 API.py [line:712] INFO 935773613671804929
Wed 29 Nov 2017 15:33:13 API.py [line:712] INFO 935773614321872896
Wed 29 Nov 2017 15:33:13 API.py [line:712] INFO 935773616377081857
Wed 29 Nov 2017 15:33:14 API.py [line:712] INFO 935773617958412289
Wed 29 Nov 2017 15:33:14 API.py [line:712] INFO 935773618520444928
Wed 29 Nov 2017 15:33:16 API.py [line:712] INFO 935773624413380609
Wed 29 Nov 2017 15:33:16 API.py [line:712] INFO 935773625516519424
Wed 29 Nov 2017 15:33:16 API.py [line:712] INFO 935773625948557313
Wed 29 Nov 2017 15:33:16 API.py [line:712] INFO 935773627022303233
Wed 29 Nov 2017 15:33:16 API.py [line:712] INFO 935773628955799554
Wed 29 Nov 2017 15:33:18 API.py [line:712] INFO 935773637419917313
Wed 29 Nov 2017 15:33:19 API.py [line:712] INFO 935773641417076736
Wed 29 Nov 2017 15:33:20 API.py [line:712] INFO 935773644587970562
Wed 29 Nov 2017 15:33:21 API.py [line:712] INFO 935773647276568576
Wed 29 Nov 2017 15:33:21 API.py [line:712] INFO 935773648308375552
Wed 29 Nov 2017 15:33:24 API.py [line:712] INFO 935773658810912769
Wed 29 Nov 2017 15:33:24 API.py [line:712] INFO 935773659280666625
Wed 29 Nov 2017 15:33:24 API.py [line:712] INFO 935773658357862401
Wed 29 Nov 2017 15:33:24 API.py [line:712] INFO 935773660215894016
Wed 29 Nov 2017 15:33:25 API.py [line:712] INFO 935773662610972672
Wed 29 Nov 2017 15:33:25 API.py [line:712] INFO 935773665848905728
Wed 29 Nov 2017 15:33:25 API.py [line:712] INFO 935773665798639616
Wed 29 Nov 2017 15:33:25 API.py [line:712] INFO 935773665941164034
Wed 29 Nov 2017 15:33:25 API.py [line:712] INFO 935773665949618176
Wed 29 Nov 2017 15:33:25 API.py [line:712] INFO 935773666196856832
Wed 29 Nov 2017 15:33:25 API.py [line:712] INFO 935773666784182273
Wed 29 Nov 2017 15:33:26 API.py [line:712] INFO 935773668738850816
Wed 29 Nov 2017 15:33:26 API.py [line:712] INFO 935773669678305280
Wed 29 Nov 2017 15:33:27 API.py [line:712] INFO 935773674250145792
Wed 29 Nov 2017 15:33:28 API.py [line:712] INFO 935773675550212096
Wed 29 Nov 2017 15:33:28 API.py [line:712] INFO 935773677970276352
Wed 29 Nov 2017 15:33:28 API.py [line:712] INFO 935773677756481542
Wed 29 Nov 2017 15:33:29 API.py [line:712] INFO 935773681019633664
Wed 29 Nov 2017 15:33:29 API.py [line:712] INFO 935773682479259648
Wed 29 Nov 2017 15:33:29 API.py [line:712] INFO 935773683058200576
Wed 29 Nov 2017 15:33:29 API.py [line:712] INFO 935773683452440576
Wed 29 Nov 2017 15:33:41 API.py [line:712] INFO 935773686333956096
Wed 29 Nov 2017 15:33:41 API.py [line:712] INFO 935773687197945857
Wed 29 Nov 2017 15:33:41 API.py [line:712] INFO 935773688095526912
Wed 29 Nov 2017 15:33:41 API.py [line:712] INFO 935773692189126657
Wed 29 Nov 2017 15:33:41 API.py [line:712] INFO 935773695104241665
Wed 29 Nov 2017 15:33:41 API.py [line:712] INFO 935773697348161537
Wed 29 Nov 2017 15:33:41 API.py [line:712] INFO 935773698602295296
Wed 29 Nov 2017 15:33:41 API.py [line:712] INFO 935773700254785536
Wed 29 Nov 2017 15:33:41 API.py [line:712] INFO 935773700997156864
Wed 29 Nov 2017 15:33:41 API.py [line:712] INFO 935773701974327296
Wed 29 Nov 2017 15:33:41 API.py [line:712] INFO 935773702821679104
Wed 29 Nov 2017 15:33:41 API.py [line:712] INFO 935773702825820160
Wed 29 Nov 2017 15:33:41 API.py [line:712] INFO 935773707150249986
Wed 29 Nov 2017 15:33:41 API.py [line:712] INFO 935773709918380032
Wed 29 Nov 2017 15:33:41 API.py [line:712] INFO 935773712648990722
Wed 29 Nov 2017 15:33:41 API.py [line:712] INFO 935773716411281408
Wed 29 Nov 2017 15:33:41 API.py [line:712] INFO 935773718617325568
Wed 29 Nov 2017 15:33:41 API.py [line:712] INFO 935773716868403200
Wed 29 Nov 2017 15:33:41 API.py [line:712] INFO 935773721192787968
Wed 29 Nov 2017 15:33:41 API.py [line:712] INFO 935773723554205696
Wed 29 Nov 2017 15:33:41 API.py [line:712] INFO 935773722400772097
Wed 29 Nov 2017 15:33:41 API.py [line:712] INFO 935773728570474499
Wed 29 Nov 2017 15:33:42 API.py [line:712] INFO 935773734803193856
Wed 29 Nov 2017 15:33:42 API.py [line:712] INFO 935773735633784835
Wed 29 Nov 2017 15:33:42 API.py [line:712] INFO 935773735310712833
Wed 29 Nov 2017 15:33:42 API.py [line:712] INFO 935773738158653443
Wed 29 Nov 2017 15:33:47 API.py [line:712] INFO 935773741027659777
Wed 29 Nov 2017 15:33:47 API.py [line:712] INFO 935773742080278528
Wed 29 Nov 2017 15:33:47 API.py [line:712] INFO 935773742898098176
Wed 29 Nov 2017 15:33:47 API.py [line:712] INFO 935773744626315264
Wed 29 Nov 2017 15:33:47 API.py [line:712] INFO 935773745372958720
Wed 29 Nov 2017 15:33:47 API.py [line:712] INFO 935773748157911041
Wed 29 Nov 2017 15:33:47 API.py [line:712] INFO 935773749198147584
Wed 29 Nov 2017 15:33:47 API.py [line:712] INFO 935773750489993218
Wed 29 Nov 2017 15:33:47 API.py [line:712] INFO 935773752197111809
Wed 29 Nov 2017 15:33:47 API.py [line:712] INFO 935773751484043265
Wed 29 Nov 2017 15:33:47 API.py [line:712] INFO 935773755732787200
Wed 29 Nov 2017 15:33:47 API.py [line:712] INFO 935773755758075909
Wed 29 Nov 2017 15:33:47 API.py [line:712] INFO 935773756219383808
Wed 29 Nov 2017 15:33:50 API.py [line:712] INFO 935773770115100672
Wed 29 Nov 2017 15:33:50 API.py [line:712] INFO 935773771188797440
Wed 29 Nov 2017 15:33:51 API.py [line:712] INFO 935773775727136768
Wed 29 Nov 2017 15:33:53 API.py [line:712] INFO 935773782056296450
Wed 29 Nov 2017 15:33:53 API.py [line:712] INFO 935773783285293056
Wed 29 Nov 2017 15:33:53 API.py [line:712] INFO 935773783754977281
Wed 29 Nov 2017 15:33:54 API.py [line:712] INFO 935773784078016512
Wed 29 Nov 2017 15:33:54 API.py [line:712] INFO 935773785185284096
Wed 29 Nov 2017 15:33:54 API.py [line:712] INFO 935773787840057344
Wed 29 Nov 2017 15:33:55 API.py [line:712] INFO 935773789044072448
Wed 29 Nov 2017 15:33:55 API.py [line:712] INFO 935773789958307840
Wed 29 Nov 2017 15:33:56 API.py [line:712] INFO 935773796241494016
Wed 29 Nov 2017 15:33:57 API.py [line:712] INFO 935773797763993600
Wed 29 Nov 2017 15:33:58 API.py [line:712] INFO 935773802520350720
Wed 29 Nov 2017 15:33:59 API.py [line:712] INFO 935773805737381888
Wed 29 Nov 2017 15:34:00 API.py [line:712] INFO 935773811068297216
Wed 29 Nov 2017 15:34:00 API.py [line:712] INFO 935773812318261248
Wed 29 Nov 2017 15:34:00 API.py [line:712] INFO 935773812372754432
Wed 29 Nov 2017 15:34:02 API.py [line:712] INFO 935773818311925760
Wed 29 Nov 2017 15:34:02 API.py [line:712] INFO 935773817871400960
Wed 29 Nov 2017 15:34:02 API.py [line:712] INFO 935773818970394624
Wed 29 Nov 2017 15:34:02 API.py [line:712] INFO 935773819037511680
Wed 29 Nov 2017 15:34:03 API.py [line:712] INFO 935773823923875840
Wed 29 Nov 2017 15:34:03 API.py [line:712] INFO 935773825022672896
Wed 29 Nov 2017 15:34:04 API.py [line:712] INFO 935773828206219265
Wed 29 Nov 2017 15:34:04 API.py [line:712] INFO 935773829258887168
Wed 29 Nov 2017 15:34:05 API.py [line:712] INFO 935773830592700416
Wed 29 Nov 2017 15:34:05 API.py [line:712] INFO 935773833906225153
Wed 29 Nov 2017 15:34:06 API.py [line:712] INFO 935773836020129792
Wed 29 Nov 2017 15:34:06 API.py [line:712] INFO 935773837416976384
Wed 29 Nov 2017 15:34:06 API.py [line:712] INFO 935773837429497856
Wed 29 Nov 2017 15:34:08 API.py [line:712] INFO 935773844098428928
Wed 29 Nov 2017 15:34:09 API.py [line:712] INFO 935773848863064064
Wed 29 Nov 2017 15:34:09 API.py [line:712] INFO 935773850058575872
Wed 29 Nov 2017 15:34:09 API.py [line:712] INFO 935773850578640896
Wed 29 Nov 2017 15:34:10 API.py [line:712] INFO 935773851434094592
Wed 29 Nov 2017 15:34:10 API.py [line:712] INFO 935773851543326720
Wed 29 Nov 2017 15:34:10 API.py [line:712] INFO 935773851929235458
Wed 29 Nov 2017 15:34:10 API.py [line:712] INFO 935773853850263552
Wed 29 Nov 2017 15:34:10 API.py [line:712] INFO 935773855372791813
Wed 29 Nov 2017 15:34:11 API.py [line:712] INFO 935773856387694592
Wed 29 Nov 2017 15:34:11 API.py [line:712] INFO 935773857025351681
Wed 29 Nov 2017 15:34:12 API.py [line:712] INFO 935773859961344000
Wed 29 Nov 2017 15:34:12 API.py [line:712] INFO 935773860087115777
Wed 29 Nov 2017 15:34:12 API.py [line:712] INFO 935773862016487424
Wed 29 Nov 2017 15:34:13 API.py [line:712] INFO 935773864444997633
Wed 29 Nov 2017 15:34:13 API.py [line:712] INFO 935773864101019653
Wed 29 Nov 2017 15:34:13 API.py [line:712] INFO 935773865682358272
Wed 29 Nov 2017 15:34:13 API.py [line:712] INFO 935773867200733184
Wed 29 Nov 2017 15:34:14 API.py [line:712] INFO 935773869050335232
Wed 29 Nov 2017 15:34:15 API.py [line:712] INFO 935773873823535104
Wed 29 Nov 2017 15:34:15 API.py [line:712] INFO 935773874381189120
Wed 29 Nov 2017 15:34:16 API.py [line:712] INFO 935773877279608832
Wed 29 Nov 2017 15:34:17 API.py [line:712] INFO 935773881536827393
Wed 29 Nov 2017 15:34:17 API.py [line:712] INFO 935773883902431233
Wed 29 Nov 2017 15:34:18 API.py [line:712] INFO 935773886427344896
Wed 29 Nov 2017 15:34:18 API.py [line:712] INFO 935773886934786048
Wed 29 Nov 2017 15:34:20 API.py [line:712] INFO 935773893649891328
Wed 29 Nov 2017 15:34:20 API.py [line:712] INFO 935773894648254464
Wed 29 Nov 2017 15:34:20 API.py [line:712] INFO 935773896896233472
Wed 29 Nov 2017 15:34:21 API.py [line:712] INFO 935773899882663941
Wed 29 Nov 2017 15:34:22 API.py [line:712] INFO 935773902294351872
Wed 29 Nov 2017 15:34:22 API.py [line:712] INFO 935773902831222784
Wed 29 Nov 2017 15:34:24 API.py [line:712] INFO 935773913296011267
Wed 29 Nov 2017 15:34:25 API.py [line:712] INFO 935773915955236864
Wed 29 Nov 2017 15:34:25 API.py [line:712] INFO 935773916844494848
Wed 29 Nov 2017 15:34:26 API.py [line:712] INFO 935773920506077184
Wed 29 Nov 2017 15:34:26 API.py [line:712] INFO 935773920317313024
Wed 29 Nov 2017 15:34:27 API.py [line:712] INFO 935773924540997632
Wed 29 Nov 2017 15:34:27 API.py [line:712] INFO 935773926264852481
Wed 29 Nov 2017 15:34:28 API.py [line:712] INFO 935773930933035008
Wed 29 Nov 2017 15:34:30 API.py [line:712] INFO 935773935928528896
Wed 29 Nov 2017 15:34:31 API.py [line:712] INFO 935773940563304453
Wed 29 Nov 2017 15:34:31 API.py [line:712] INFO 935773940634570753
Wed 29 Nov 2017 15:34:31 API.py [line:712] INFO 935773942559707136
Wed 29 Nov 2017 15:34:32 API.py [line:712] INFO 935773945126686720
Wed 29 Nov 2017 15:34:32 API.py [line:712] INFO 935773946586304512
Wed 29 Nov 2017 15:34:33 API.py [line:712] INFO 935773948322746370
Wed 29 Nov 2017 15:34:33 API.py [line:712] INFO 935773947290845185
Wed 29 Nov 2017 15:34:33 API.py [line:712] INFO 935773949014806533
Wed 29 Nov 2017 15:34:33 API.py [line:712] INFO 935773949278990336
Wed 29 Nov 2017 15:34:33 API.py [line:712] INFO 935773949937537024
Wed 29 Nov 2017 15:34:34 API.py [line:712] INFO 935773955629121537
Wed 29 Nov 2017 15:34:35 API.py [line:712] INFO 935773956006645761
Wed 29 Nov 2017 15:34:35 API.py [line:712] INFO 935773957927534592
Wed 29 Nov 2017 15:34:36 API.py [line:712] INFO 935773960997806081
Wed 29 Nov 2017 15:34:36 API.py [line:712] INFO 935773964143661057
Wed 29 Nov 2017 15:34:37 API.py [line:712] INFO 935773964990808064
Wed 29 Nov 2017 15:34:38 API.py [line:712] INFO 935773970477002753
Wed 29 Nov 2017 15:34:38 API.py [line:712] INFO 935773971529728000
Wed 29 Nov 2017 15:34:38 API.py [line:712] INFO 935773971965988864
Wed 29 Nov 2017 15:34:39 API.py [line:712] INFO 935773974990073857
Wed 29 Nov 2017 15:34:39 API.py [line:712] INFO 935773976219017218
Wed 29 Nov 2017 15:34:39 API.py [line:712] INFO 935773977124974595
Wed 29 Nov 2017 15:34:40 API.py [line:712] INFO 935773977326301189
Wed 29 Nov 2017 15:34:40 API.py [line:712] INFO 935773978328752129
Wed 29 Nov 2017 15:34:40 API.py [line:712] INFO 935773978919976960
Wed 29 Nov 2017 15:34:40 API.py [line:712] INFO 935773978597253121
Wed 29 Nov 2017 15:34:41 API.py [line:712] INFO 935773983395532801
Wed 29 Nov 2017 15:34:42 API.py [line:712] INFO 935773984980742144
Wed 29 Nov 2017 15:34:42 API.py [line:712] INFO 935773986339938305
Wed 29 Nov 2017 15:34:43 API.py [line:712] INFO 935773991142330368
Wed 29 Nov 2017 15:34:43 API.py [line:712] INFO 935773993445060608
Wed 29 Nov 2017 15:34:44 API.py [line:712] INFO 935773995034701824
Wed 29 Nov 2017 15:34:45 API.py [line:712] INFO 935773998763462656
Wed 29 Nov 2017 15:34:46 API.py [line:712] INFO 935774004757041153
Wed 29 Nov 2017 15:34:47 API.py [line:712] INFO 935774006980022272
Wed 29 Nov 2017 15:34:47 API.py [line:712] INFO 935774009173663749
Wed 29 Nov 2017 15:34:48 API.py [line:712] INFO 935774010905899010
Wed 29 Nov 2017 15:34:48 API.py [line:712] INFO 935774013560848386
Wed 29 Nov 2017 15:34:48 API.py [line:712] INFO 935774013946716160
Wed 29 Nov 2017 15:34:49 API.py [line:712] INFO 935774016245288965
Wed 29 Nov 2017 15:34:49 API.py [line:712] INFO 935774017419702273
Wed 29 Nov 2017 15:34:49 API.py [line:712] INFO 935774017188806656
Wed 29 Nov 2017 15:34:49 API.py [line:712] INFO 935774018489212930
Wed 29 Nov 2017 15:34:50 API.py [line:712] INFO 935774019336404997
Wed 29 Nov 2017 15:34:50 API.py [line:712] INFO 935774020330557440
Wed 29 Nov 2017 15:34:50 API.py [line:712] INFO 935774022524129280
Wed 29 Nov 2017 15:34:50 API.py [line:712] INFO 935774022612156417
Wed 29 Nov 2017 15:34:50 API.py [line:712] INFO 935774022628884480
Wed 29 Nov 2017 15:34:51 API.py [line:712] INFO 935774022968672257
Wed 29 Nov 2017 15:34:51 API.py [line:712] INFO 935774024130613248
Wed 29 Nov 2017 15:34:52 API.py [line:712] INFO 935774027557277698
Wed 29 Nov 2017 15:34:53 API.py [line:712] INFO 935774033135722497
Wed 29 Nov 2017 15:34:53 API.py [line:712] INFO 935774035564224512
Wed 29 Nov 2017 15:34:55 API.py [line:712] INFO 935774040446373889
Wed 29 Nov 2017 15:34:55 API.py [line:712] INFO 935774042078044162
Wed 29 Nov 2017 15:34:55 API.py [line:712] INFO 935774042606526465
Wed 29 Nov 2017 15:34:57 API.py [line:712] INFO 935774048658886658
Wed 29 Nov 2017 15:34:58 API.py [line:712] INFO 935774055944347648
Wed 29 Nov 2017 15:34:58 API.py [line:712] INFO 935774056720236546
Wed 29 Nov 2017 15:34:59 API.py [line:712] INFO 935774058049867776
Wed 29 Nov 2017 15:34:59 API.py [line:712] INFO 935774058469134336
Wed 29 Nov 2017 15:34:59 API.py [line:712] INFO 935774061006868480
Wed 29 Nov 2017 15:35:00 API.py [line:712] INFO 935774062047059968
Wed 29 Nov 2017 15:35:01 API.py [line:712] INFO 935774066279100416
Wed 29 Nov 2017 15:35:01 API.py [line:712] INFO 935774067935686656
Wed 29 Nov 2017 15:35:01 API.py [line:712] INFO 935774068296609792
Wed 29 Nov 2017 15:35:02 API.py [line:712] INFO 935774071039709184
Wed 29 Nov 2017 15:35:05 API.py [line:712] INFO 935774074365718529
Wed 29 Nov 2017 15:35:05 API.py [line:712] INFO 935774076852830208
Wed 29 Nov 2017 15:35:05 API.py [line:712] INFO 935774081428758528
Wed 29 Nov 2017 15:35:05 API.py [line:712] INFO 935774084713074688
Wed 29 Nov 2017 15:35:05 API.py [line:712] INFO 935774084088164352
Wed 29 Nov 2017 15:35:07 API.py [line:712] INFO 935774093881806849
Wed 29 Nov 2017 15:35:08 API.py [line:712] INFO 935774093688868865
Wed 29 Nov 2017 15:35:08 API.py [line:712] INFO 935774094791933953
Wed 29 Nov 2017 15:35:08 API.py [line:712] INFO 935774095387525120
Wed 29 Nov 2017 15:35:08 API.py [line:712] INFO 935774097996267520
Wed 29 Nov 2017 15:35:08 API.py [line:712] INFO 935774098298429442
Wed 29 Nov 2017 15:35:08 API.py [line:712] INFO 935774098789150721
Wed 29 Nov 2017 15:35:09 API.py [line:712] INFO 935774099477008384
Wed 29 Nov 2017 15:35:09 API.py [line:712] INFO 935774098743013377
Wed 29 Nov 2017 15:35:09 API.py [line:712] INFO 935774100022333440
Wed 29 Nov 2017 15:35:09 API.py [line:712] INFO 935774099967705088
Wed 29 Nov 2017 15:35:09 API.py [line:712] INFO 935774100567367680
Wed 29 Nov 2017 15:35:09 API.py [line:712] INFO 935774102182350848
Wed 29 Nov 2017 15:35:09 API.py [line:712] INFO 935774102656376832
Wed 29 Nov 2017 15:35:09 API.py [line:712] INFO 935774102924742657
Wed 29 Nov 2017 15:35:10 API.py [line:712] INFO 935774102933196800
Wed 29 Nov 2017 15:35:10 API.py [line:712] INFO 935774103423848448
Wed 29 Nov 2017 15:35:10 API.py [line:712] INFO 935774104988344321
Wed 29 Nov 2017 15:35:10 API.py [line:712] INFO 935774105764216832
Wed 29 Nov 2017 15:35:10 API.py [line:712] INFO 935774106087317504
Wed 29 Nov 2017 15:35:11 API.py [line:712] INFO 935774107572097031
