Tue 28 Nov 2017 11:22:30 API.py [line:660] INFO start
Tue 28 Nov 2017 11:22:30 API.py [line:692] INFO thread 0 start.
Tue 28 Nov 2017 11:22:30 API.py [line:695] INFO thread 0's token_index 443
Tue 28 Nov 2017 11:22:30 API.py [line:696] INFO {u'access_token': u'724130419332001792-pmXSxFtQfjaKHIqMWwlIKIY71eVtLAP', u'consumer_secret': u'LivsS9DTKh4Xmfo2vOG2tpKmrj8lxsYqiDgZLamPBJahFqnjUo', u'consumer_key': u'fO4lXV6LLz5e1Ew6uRDtvXpIQ', u'access_token_secret': u'EkeCb04XlNNzNyEZA9U3v4sPwp0sC5301LXQzLo4YulQP'}
Tue 28 Nov 2017 11:22:30 API.py [line:697] INFO [u'china']
Tue 28 Nov 2017 11:22:30 API.py [line:698] INFO ['192.168.1.148:8118']
Tue 28 Nov 2017 11:22:35 API.py [line:712] INFO 935348159475097600
Tue 28 Nov 2017 11:22:36 API.py [line:712] INFO 935348159609491456
Tue 28 Nov 2017 11:22:36 API.py [line:712] INFO 935348161584840704
Tue 28 Nov 2017 11:22:36 API.py [line:712] INFO 935348162696445952
Tue 28 Nov 2017 11:22:37 API.py [line:712] INFO 935348163866648577
Tue 28 Nov 2017 11:22:38 API.py [line:712] INFO 935348166039179264
Tue 28 Nov 2017 11:22:38 API.py [line:712] INFO 935348166861447168
Tue 28 Nov 2017 11:22:41 API.py [line:712] INFO 935348174440431618
Tue 28 Nov 2017 11:22:42 API.py [line:712] INFO 935348178370646016
Tue 28 Nov 2017 11:22:43 API.py [line:712] INFO 935348180362788864
Tue 28 Nov 2017 11:22:43 API.py [line:712] INFO 935348181021241344
Tue 28 Nov 2017 11:22:44 API.py [line:712] INFO 935348182573133825
Tue 28 Nov 2017 11:22:44 API.py [line:712] INFO 935348185387687936
Tue 28 Nov 2017 11:22:46 API.py [line:712] INFO 935348186394247168
Tue 28 Nov 2017 11:22:48 API.py [line:712] INFO 935348190177456129
Tue 28 Nov 2017 11:22:49 API.py [line:712] INFO 935348196460544000
Tue 28 Nov 2017 11:22:49 API.py [line:712] INFO 935348197614112768
Tue 28 Nov 2017 11:22:51 API.py [line:712] INFO 935348199153319936
Tue 28 Nov 2017 11:22:52 API.py [line:712] INFO 935348197832011778
Tue 28 Nov 2017 11:22:54 API.py [line:712] INFO 935348202601091072
Tue 28 Nov 2017 11:22:55 API.py [line:712] INFO 935348203628752896
Tue 28 Nov 2017 11:22:56 API.py [line:712] INFO 935348203741782016
Tue 28 Nov 2017 11:22:56 API.py [line:712] INFO 935348204916285442
Tue 28 Nov 2017 11:22:57 API.py [line:712] INFO 935348205973368833
Tue 28 Nov 2017 11:22:57 API.py [line:712] INFO 935348207344795648
Tue 28 Nov 2017 11:22:57 API.py [line:712] INFO 935348212306759680
Tue 28 Nov 2017 11:22:58 API.py [line:712] INFO 935348214257119232
Tue 28 Nov 2017 11:22:58 API.py [line:712] INFO 935348218199662597
Tue 28 Nov 2017 11:22:59 API.py [line:712] INFO 935348223845261312
Tue 28 Nov 2017 11:23:00 API.py [line:712] INFO 935348225757929473
Tue 28 Nov 2017 11:23:00 API.py [line:712] INFO 935348227066302465
Tue 28 Nov 2017 11:23:00 API.py [line:712] INFO 935348227997450240
Tue 28 Nov 2017 11:23:02 API.py [line:712] INFO 935348230971363328
Tue 28 Nov 2017 11:23:04 API.py [line:712] INFO 935348231814438912
Tue 28 Nov 2017 11:23:05 API.py [line:712] INFO 935348232611418112
Tue 28 Nov 2017 11:23:06 API.py [line:712] INFO 935348236327333889
Tue 28 Nov 2017 11:23:08 API.py [line:712] INFO 935348236629315585
Tue 28 Nov 2017 11:23:08 API.py [line:712] INFO 935348238621720577
Tue 28 Nov 2017 11:23:10 API.py [line:712] INFO 935348242581045250
Tue 28 Nov 2017 11:23:11 API.py [line:712] INFO 935348247450624000
Tue 28 Nov 2017 11:23:12 API.py [line:712] INFO 935348249308753922
Tue 28 Nov 2017 11:23:13 API.py [line:712] INFO 935348249099038720
Tue 28 Nov 2017 11:23:13 API.py [line:712] INFO 935348250789457920
Tue 28 Nov 2017 11:23:13 API.py [line:712] INFO 935348256137269248
Tue 28 Nov 2017 11:23:14 API.py [line:712] INFO 935348257122865152
Tue 28 Nov 2017 11:23:15 API.py [line:712] INFO 935348257391370240
Tue 28 Nov 2017 11:23:15 API.py [line:712] INFO 935348257873645568
Tue 28 Nov 2017 11:23:17 API.py [line:712] INFO 935348262692900869
Tue 28 Nov 2017 11:23:17 API.py [line:712] INFO 935348265381490688
Tue 28 Nov 2017 11:23:20 API.py [line:712] INFO 935348266291560448
Tue 28 Nov 2017 11:23:20 API.py [line:712] INFO 935348269248630785
Tue 28 Nov 2017 11:23:20 API.py [line:712] INFO 935348270229884928
