Tue 28 Nov 2017 15:30:44 API.py [line:405] INFO start.
Tue 28 Nov 2017 15:30:44 API.py [line:460] INFO thread 0 start.
Tue 28 Nov 2017 15:30:44 API.py [line:460] INFO thread 1 start.
Tue 28 Nov 2017 15:30:44 API.py [line:460] INFO thread 2 start.
Tue 28 Nov 2017 15:30:44 API.py [line:460] INFO thread 3 start.
Tue 28 Nov 2017 15:30:44 API.py [line:463] INFO thread 0's token_index 406
Tue 28 Nov 2017 15:30:44 API.py [line:460] INFO thread 4 start.
Tue 28 Nov 2017 15:30:44 API.py [line:460] INFO thread 5 start.
Tue 28 Nov 2017 15:30:44 API.py [line:463] INFO thread 1's token_index 284
Tue 28 Nov 2017 15:30:44 API.py [line:460] INFO thread 6 start.
Tue 28 Nov 2017 15:30:44 API.py [line:460] INFO thread 7 start.
Tue 28 Nov 2017 15:30:44 API.py [line:463] INFO thread 2's token_index 122
Tue 28 Nov 2017 15:30:44 API.py [line:463] INFO thread 3's token_index 53
Tue 28 Nov 2017 15:30:44 API.py [line:470] INFO user_queue size 0
Tue 28 Nov 2017 15:30:44 API.py [line:463] INFO thread 4's token_index 35
Tue 28 Nov 2017 15:30:44 API.py [line:463] INFO thread 5's token_index 505
Tue 28 Nov 2017 15:30:44 API.py [line:463] INFO thread 6's token_index 1
Tue 28 Nov 2017 15:30:44 API.py [line:463] INFO thread 7's token_index 368
Tue 28 Nov 2017 15:30:44 API.py [line:471] INFO start process None xiaoyangjie3
Tue 28 Nov 2017 15:30:44 API.py [line:88] INFO value: None, xiaoyangjie3
