1503394344683	geckodriver	INFO	geckodriver 0.18.0
1503394344693	geckodriver	INFO	Listening on 127.0.0.1:1757
1503394347054	geckodriver::marionette	INFO	Starting browser C:\Program Files (x86)\Mozilla Firefox\firefox.exe with args ["-marionette"]
1503394353690	Marionette	INFO	Enabled via --marionette
JavaScript error: resource:///modules/BrowserUsageTelemetry.jsm, line 334: NS_ERROR_FAILURE: Component returned failure code: 0x80004005 (NS_ERROR_FAILURE) [nsIObserverService.removeObserver]
[GPU 10108] WARNING: pipe error: 109: file c:/builds/moz2_slave/m-rel-w32-00000000000000000000/build/src/ipc/chromium/src/chrome/common/ipc_channel_win.cc, line 346
[Child 9024] WARNING: pipe error: 109: file c:/builds/moz2_slave/m-rel-w32-00000000000000000000/build/src/ipc/chromium/src/chrome/common/ipc_channel_win.cc, line 346
[Child 9440] WARNING: pipe error: 109: file c:/builds/moz2_slave/m-rel-w32-00000000000000000000/build/src/ipc/chromium/src/chrome/common/ipc_channel_win.cc, line 346
JavaScript error: resource://gre/modules/BookmarkHTMLUtils.jsm, line 911: NS_ERROR_UNEXPECTED: Component returned failure code: 0x8000ffff (NS_ERROR_UNEXPECTED) [nsINavBookmarksService.removeFolderChildren]

###!!! [Child][MessageChannel::SendAndWait] Error: Channel error: cannot send/recv

k"
1503392288248	Marionette	DEBUG	Received DOM event "DOMContentLoaded" for "https://www.linkedin.com/uas/login"
1503392288342	Marionette	DEBUG	Received DOM event "DOMContentLoaded" for "https://www.linkedin.com/uas/login"
1503392288343	Marionette	DEBUG	Received DOM event "pageshow" for "https://www.linkedin.com/uas/login"
1503392288384	Marionette	DEBUG	Received DOM event "pageshow" for "https://www.linkedin.com/uas/login"
1503392289241	Marionette	DEBUG	Received DOM event "pagehide" for "https://www.linkedin.com/uas/login"
1503392289278	Marionette	DEBUG	Canceled page load listener because no navigation has been detected
1503392294263	Marionette	DEBUG	Received DOM event "beforeunload" for "http://www.linkedin.com/feed/?trk="
1503392294513	Marionette	DEBUG	Received DOM event "pagehide" for "http://www.linkedin.com/feed/?trk="
1503392294520	Marionette	DEBUG	Received DOM event "unload" for "http://www.linkedin.com/feed/?trk="
1503392294662	Marionette	DEBUG	Received observer notification "outer-window-destroyed" for "4294967307"
1503392294662	Marionette	DEBUG	Received observer notification "outer-window-destroyed" for "4294967309"
1503392295808	Marionette	DEBUG	Received DOM event "pageshow" for "http://www.linkedin.com/in/craig-calder-274b0a13/"
1503392295810	Marionette	DEBUG	Received DOM event "pageshow" for "http://www.linkedin.com/in/craig-calder-274b0a13/"
1503392295913	Marionette	DEBUG	Received DOM event "DOMContentLoaded" for "http://www.linkedin.com/in/craig-calder-274b0a13/"
1503392295914	Marionette	DEBUG	Received DOM event "pageshow" for "http://www.linkedin.com/in/craig-calder-274b0a13/"
1503392295942	Marionette	DEBUG	Received DOM event "DOMContentLoaded" for "http://www.linkedin.com/in/craig-calder-274b0a13/"
1503392296096	Marionette	DEBUG	Received DOM event "DOMContentLoaded" for "https://www.linkedin.com/csp/dtag?sz=1x1&ti=1&p=1&c=1&z=profile&pk=d_flagship3_profile_view_base&pz=H&vmid=ACoAAALVePgBTWy4B1ICnx-UtTz90c1YTpzmU3Y"
1503392296099	Marionette	DEBUG	Received DOM event "pageshow" for "https://www.linkedin.com/csp/dtag?sz=1x1&ti=1&p=1&c=1&z=profile&pk=d_flagship3_profile_view_base&pz=H&vmid=ACoAAALVePgBTWy4B1ICnx-UtTz90c1YTpzmU3Y"
1503392296880	Marionette	DEBUG	Received DOM event "DOMContentLoaded" for "https://www.linkedin.com/csp/dtag?sz=300x250&ti=1&p=1&c=1&z=profile&pk=d_flagship3_profile_view_base&pz=BR&vmid=ACoAAALVePgBTWy4B1ICnx-UtTz90c1YTpzmU3Y&_x=company%3D1426"
1503392296900	Marionette	DEBUG	Received DOM event "pageshow" for "https://www.linkedin.com/csp/dtag?sz=300x250&ti=1&p=1&c=1&z=profile&pk=d_flagship3_profile_view_base&pz=BR&vmid=ACoAAALVePgBTWy4B1ICnx-UtTz90c1YTpzmU3Y&_x=company%3D1426"
1503392306592	Marionette	DEBUG	Received DOM event "DOMContentLoaded" for "http://radar.cedexis.com/releases/1503351970/radar.html?customer-id=11326"
1503392306595	Marionette	DEBUG	Received DOM event "pageshow" for "http://radar.cedexis.com/releases/1503351970/radar.html?customer-id=11326"
1503392310532	Marionette	DEBUG	Received DOM event "pageshow" for "http://www.linkedin.com/in/craig-calder-274b0a13/"
1503392370508	Marionette	DEBUG	Received DOM event "beforeunload" for "http://www.linkedin.com/in/craig-calder-274b0a13/"
1503392370711	Marionette	DEBUG	Received DOM event "pagehide" for "http://www.linkedin.com/in/craig-calder-274b0a13/"
1503392370718	Marionette	DEBUG	Received DOM event "unload" for "http://www.linkedin.com/in/craig-calder-274b0a13/"
1503392371454	Marionette	DEBUG	Received observer notification "outer-window-destroyed" for "4294967314"
1503392371454	Marionette	DEBUG	Received observer notification "outer-window-destroyed" for "4294967315"
1503392371454	Marionette	DEBUG	Received observer notification "outer-window-destroyed" for "4294967316"
1503392371455	Marionette	DEBUG	Received observer notification "outer-window-destroyed" for "4294967322"
1503392372007	Marionette	DEBUG	Received DOM event "pageshow" for "http://www.linkedin.com/in/paul-felton-10117819/"
1503392372009	Marionette	DEBUG	Received DOM event "pageshow" for "http://www.linkedin.com/in/paul-felton-10117819/"
1503392372100	Marionette	DEBUG	Received DOM event "DOMContentLoaded" for "http://www.linkedin.com/in/paul-felton-10117819/"
1503392372109	Marionette	DEBUG	Received DOM event "pageshow" for "http://www.linkedin.com/in/paul-felton-10117819/"
1503392372110	Marionette	DEBUG	Received DOM event "DOMContentLoaded" for "http://www.linkedin.com/in/paul-felton-10117819/"
1503392372308	Marionette	DEBUG	Received DOM event "DOMContentLoaded" for "https://www.linkedin.com/csp/dtag?sz=1x1&ti=1&p=1&c=1&z=profile&pk=d_flagship3_profile_view_base&pz=H&vmid=ACoAAAPDCZEBEfWG2d8FthV-9kPLTGa3Hw1g1ns"
1503392372309	Marionette	DEBUG	Received DOM event "pageshow" for "https://www.linkedin.com/csp/dtag?sz=1x1&ti=1&p=1&c=1&z=profile&pk=d_flagship3_profile_view_base&pz=H&vmid=ACoAAAPDCZEBEfWG2d8FthV-9kPLTGa3Hw1g1ns"
1503392372312	Marionette	DEBUG	Received DOM event "DOMContentLoaded" for "https://www.linkedin.com/csp/dtag?sz=300x250&ti=1&p=1&c=1&z=profile&pk=d_flagship3_profile_view_base&pz=BR&vmid=ACoAAAPDCZEBEfWG2d8FthV-9kPLTGa3Hw1g1ns&_x=company%3D1426"
1503392372314	Marionette	DEBUG	Received DOM event "pageshow" for "https://www.linkedin.com/csp/dtag?sz=300x250&ti=1&p=1&c=1&z=profile&pk=d_flagship3_profile_view_base&pz=BR&vmid=ACoAAAPDCZEBEfWG2d8FthV-9kPLTGa3Hw1g1ns&_x=company%3D1426"
lsUtils.js :: onResponse :: line 449"  data: no]
Stack: onResponse@resource://gre/modules/commonjs/toolkit/loader.js -> resource://devtools/shared/DevToolsUtils.js:449:23
onStopRequest@resource://gre/modules/NetUtil.jsm:128:17
Line: 449, column: 0
TabSources.prototype._fetchSourceMap threw an exception: [Exception... "Component returned failure code: 0x80470002 (NS_BASE_STREAM_CLOSED) [nsIInputStream.available]"  nsresult: "0x80470002 (NS_BASE_STREAM_CLOSED)"  location: "JS frame :: resource://gre/modules/commonjs/toolkit/loader.js -> resource://devtools/shared/DevToolsUtils.js :: onResponse :: line 449"  data: no]
Stack: onResponse@resource://gre/modules/commonjs/toolkit/loader.js -> resource://devtools/shared/DevToolsUtils.js:449:23
onStopRequest@resource://gre/modules/NetUtil.jsm:128:17
Line: 449, column: 0
console.error: 
  TabSources.prototype._fetchSourceMap threw an exception: [Exception... "Component returned failure code: 0x80470002 (NS_BASE_STREAM_CLOSED) [nsIInputStream.available]"  nsresult: "0x80470002 (NS_BASE_STREAM_CLOSED)"  location: "JS frame :: resource://gre/modules/commonjs/toolkit/loader.js -> resource://devtools/shared/DevToolsUtils.js :: onResponse :: line 449"  data: no]
Stack: onResponse@resource://gre/modules/commonjs/toolkit/loader.js -> resource://devtools/shared/DevToolsUtils.js:449:23
onStopRequest@resource://gre/modules/NetUtil.jsm:128:17
Line: 449, column: 0
TabSources.prototype._fetchSourceMap threw an exception: [Exception... "Component returned failure code: 0x80470002 (NS_BASE_STREAM_CLOSED) [nsIInputStream.available]"  nsresult: "0x80470002 (NS_BASE_STREAM_CLOSED)"  location: "JS frame :: resource://gre/modules/commonjs/toolkit/loader.js -> resource://devtools/shared/DevToolsUtils.js :: onResponse :: line 449"  data: no]
Stack: onResponse@resource://gre/modules/commonjs/toolkit/loader.js -> resource://devtools/shared/DevToolsUtils.js:449:23
onStopRequest@resource://gre/modules/NetUtil.jsm:128:17
Line: 449, column: 0
console.error: 
  TabSources.prototype._fetchSourceMap threw an exception: [Exception... "Component returned failure code: 0x80470002 (NS_BASE_STREAM_CLOSED) [nsIInputStream.available]"  nsresult: "0x80470002 (NS_BASE_STREAM_CLOSED)"  location: "JS frame :: resource://gre/modules/commonjs/toolkit/loader.js -> resource://devtools/shared/DevToolsUtils.js :: onResponse :: line 449"  data: no]
Stack: onResponse@resource://gre/modules/commonjs/toolkit/loader.js -> resource://devtools/shared/DevToolsUtils.js:449:23
onStopRequest@resource://gre/modules/NetUtil.jsm:128:17
Line: 449, column: 0
1503390930814	Marionette	DEBUG	loaded listener.js
1503390943862	Marionette	DEBUG	Received DOM event "beforeunload" for "http://www.linkedin.com/in/bvenkatesh551/"
1503390944211	Marionette	DEBUG	Received DOM event "pagehide" for "http://www.linkedin.com/in/bvenkatesh551/"
1503390944217	Marionette	DEBUG	Received DOM event "unload" for "http://www.linkedin.com/in/bvenkatesh551/"
TabSources.prototype._fetchSourceMap threw an exception: [Exception... "Component returned failure code: 0x80470002 (NS_BASE_STREAM_CLOSED) [nsIInputStream.available]"  nsresult: "0x80470002 (NS_BASE_STREAM_CLOSED)"  location: "JS frame :: resource://gre/modules/commonjs/toolkit/loader.js -> resource://devtools/shared/DevToolsUtils.js :: onResponse :: line 449"  data: no]
Stack: onResponse@resource://gre/modules/commonjs/toolkit/loader.js -> resource://devtools/shared/DevToolsUtils.js:449:23
onStopRequest@resource://gre/modules/NetUtil.jsm:128:17
Line: 449, column: 0
console.error: 
  TabSources.prototype._fetchSourceMap threw an exception: [Exception... "Component returned failure code: 0x80470002 (NS_BASE_STREAM_CLOSED) [nsIInputStream.available]"  nsresult: "0x80470002 (NS_BASE_STREAM_CLOSED)"  location: "JS frame :: resource://gre/modules/commonjs/toolkit/loader.js -> resource://devtools/shared/DevToolsUtils.js :: onResponse :: line 449"  data: no]
Stack: onResponse@resource://gre/modules/commonjs/toolkit/loader.js -> resource://devtools/shared/DevToolsUtils.js:449:23
onStopRequest@resource://gre/modules/NetUtil.jsm:128:17
Line: 449, column: 0
TabSources.prototype._fetchSourceMap threw an exception: [Exception... "Component returned failure code: 0x80470002 (NS_BASE_STREAM_CLOSED) [nsIInputStream.available]"  nsresult: "0x80470002 (NS_BASE_STREAM_CLOSED)"  location: "JS frame :: resource://gre/modules/commonjs/toolkit/loader.js -> resource://devtools/shared/DevToolsUtils.js :: onResponse :: line 449"  data: no]
Stack: onResponse@resource://gre/modules/commonjs/toolkit/loader.js -> resource://devtools/shared/DevToolsUtils.js:449:23
onStopRequest@resource://gre/modules/NetUtil.jsm:128:17
Line: 449, column: 0
console.error: 
  TabSources.prototype._fetchSourceMap threw an exception: [Exception... "Component returned failure code: 0x80470002 (NS_BASE_STREAM_CLOSED) [nsIInputStream.available]"  nsresult: "0x80470002 (NS_BASE_STREAM_CLOSED)"  location: "JS frame :: resource://gre/modules/commonjs/toolkit/loader.js -> resource://devtools/shared/DevToolsUtils.js :: onResponse :: line 449"  data: no]
Stack: onResponse@resource://gre/modules/commonjs/toolkit/loader.js -> resource://devtools/shared/DevToolsUtils.js:449:23
onStopRequest@resource://gre/modules/NetUtil.jsm:128:17
Line: 449, column: 0
TabSources.prototype._fetchSourceMap threw an exception: [Exception... "Component returned failure code: 0x80470002 (NS_BASE_STREAM_CLOSED) [nsIInputStream.available]"  nsresult: "0x80470002 (NS_BASE_STREAM_CLOSED)"  location: "JS frame :: resource://gre/modules/commonjs/toolkit/loader.js -> resource://devtools/shared/DevToolsUtils.js :: onResponse :: line 449"  data: no]
Stack: onResponse@resource://gre/modules/commonjs/toolkit/loader.js -> resource://devtools/shared/DevToolsUtils.js:449:23
onStopRequest@resource://gre/modules/NetUtil.jsm:128:17
Line: 449, column: 0
console.error: 
  TabSources.prototype._fetchSourceMap threw an exception: [Exception... "Component returned failure code: 0x80470002 (NS_BASE_STREAM_CLOSED) [nsIInputStream.available]"  nsresult: "0x80470002 (NS_BASE_STREAM_CLOSED)"  location: "JS frame :: resource://gre/modules/commonjs/toolkit/loader.js -> resource://devtools/shared/DevToolsUtils.js :: onResponse :: line 449"  data: no]
Stack: onResponse@resource://gre/modules/commonjs/toolkit/loader.js -> resource://devtools/shared/DevToolsUtils.js:449:23
onStopRequest@resource://gre/modules/NetUtil.jsm:128:17
Line: 449, column: 0
TabSources.prototype._fetchSourceMap threw an exception: [Exception... "Component returned failure code: 0x80470002 (NS_BASE_STREAM_CLOSED) [nsIInputStream.available]"  nsresult: "0x80470002 (NS_BASE_STREAM_CLOSED)"  location: "JS frame :: resource://gre/modules/commonjs/toolkit/loader.js -> resource://devtools/shared/DevToolsUtils.js :: onResponse :: line 449"  data: no]
Stack: onResponse@resource://gre/modules/commonjs/toolkit/loader.js -> resource://devtools/shared/DevToolsUtils.js:449:23
onStopRequest@resource://gre/modules/NetUtil.jsm:128:17
Line: 449, column: 0
console.error: 
  TabSources.prototype._fetchSourceMap threw an exception: [Exception... "Component returned failure code: 0x80470002 (NS_BASE_STREAM_CLOSED) [nsIInputStream.available]"  nsresult: "0x80470002 (NS_BASE_STREAM_CLOSED)"  location: "JS frame :: resource://gre/modules/commonjs/toolkit/loader.js -> resource://devtools/shared/DevToolsUtils.js :: onResponse :: line 449"  data: no]
Stack: onResponse@resource://gre/modules/commonjs/toolkit/loader.js -> resource://devtools/shared/DevToolsUtils.js:449:23
onStopRequest@resource://gre/modules/NetUtil.jsm:128:17
Line: 449, column: 0
TabSources.prototype._fetchSourceMap threw an exception: [Exception... "Component returned failure code: 0x80470002 (NS_BASE_STREAM_CLOSED) [nsIInputStream.available]"  nsresult: "0x80470002 (NS_BASE_STREAM_CLOSED)"  location: "JS frame :: resource://gre/modules/commonjs/toolkit/loader.js -> resource://devtools/shared/DevToolsUtils.js :: onResponse :: line 449"  data: no]
Stack: onResponse@resource://gre/modules/commonjs/toolkit/loader.js -> resource://devtools/shared/DevToolsUtils.js:449:23
onStopRequest@resource://gre/modules/NetUtil.jsm:128:17
Line: 449, column: 0
console.error: 
  TabSources.prototype._fetchSourceMap threw an exception: [Exception... "Component returned failure code: 0x80470002 (NS_BASE_STREAM_CLOSED) [nsIInputStream.available]"  nsresult: "0x80470002 (NS_BASE_STREAM_CLOSED)"  location: "JS frame :: resource://gre/modules/commonjs/toolkit/loader.js -> resource://devtools/shared/DevToolsUtils.js :: onResponse :: line 449"  data: no]
Stack: onResponse@resource://gre/modules/commonjs/toolkit/loader.js -> resource://devtools/shared/DevToolsUtils.js:449:23
onStopRequest@resource://gre/modules/NetUtil.jsm:128:17
Line: 449, column: 0
TabSources.prototype._fetchSourceMap threw an exception: [Exception... "Component returned failure code: 0x80470002 (NS_BASE_STREAM_CLOSED) [nsIInputStream.available]"  nsresult: "0x80470002 (NS_BASE_STREAM_CLOSED)"  location: "JS frame :: resource://gre/modules/commonjs/toolkit/loader.js -> resource://devtools/shared/DevToolsUtils.js :: onResponse :: line 449"  data: no]
Stack: onResponse@resource://gre/modules/commonjs/toolkit/loader.js -> resource://devtools/shared/DevToolsUtils.js:449:23
onStopRequest@resource://gre/modules/NetUtil.jsm:128:17
Line: 449, column: 0
console.error: 
  TabSources.prototype._fetchSourceMap threw an exception: [Exception... "Component returned failure code: 0x80470002 (NS_BASE_STREAM_CLOSED) [nsIInputStream.available]"  nsresult: "0x80470002 (NS_BASE_STREAM_CLOSED)"  location: "JS frame :: resource://gre/modules/commonjs/toolkit/loader.js -> resource://devtools/shared/DevToolsUtils.js :: onResponse :: line 449"  data: no]
Stack: onResponse@resource://gre/modules/commonjs/toolkit/loader.js -> resource://devtools/shared/DevToolsUtils.js:449:23
onStopRequest@resource://gre/modules/NetUtil.jsm:128:17
Line: 449, column: 0
1503390949036	Marionette	DEBUG	Received observer notification "outer-window-destroyed" for "2147483669"
1503390949036	Marionette	DEBUG	Received observer notification "outer-window-destroyed" for "2147483671"
1503390949036	Marionette	DEBUG	Received observer notification "outer-window-destroyed" for "2147483673"
1503390949037	Marionette	DEBUG	Received observer notification "outer-window-destroyed" for "2147483678"
1503390950542	Marionette	DEBUG	Received DOM event "DOMContentLoaded" for "http://www.linkedin.com/in/david-cornell-61155634/"
1503390950850	Marionette	DEBUG	Received DOM event "DOMContentLoaded" for "http://www.linkedin.com/in/david-cornell-61155634/"
1503390950867	Marionette	DEBUG	Received DOM event "DOMContentLoaded" for "http://www.linkedin.com/in/david-cornell-61155634/"
1503390950867	Marionette	DEBUG	Received DOM event "DOMContentLoaded" for "http://www.linkedin.com/in/david-cornell-61155634/"
1503390950874	Marionette	DEBUG	Received DOM event "pageshow" for "http://www.linkedin.com/in/david-cornell-61155634/"
1503390950884	Marionette	DEBUG	Received DOM event "pageshow" for "http://www.linkedin.com/in/david-cornell-61155634/"
1503390950890	Marionette	DEBUG	Received DOM event "pageshow" for "http://www.linkedin.com/in/david-cornell-61155634/"
1503390953675	Marionette	DEBUG	Received DOM event "DOMContentLoaded" for "https://www.linkedin.com/csp/dtag?sz=1x1&ti=1&p=1&c=1&z=profile&pk=d_flagship3_profile_view_base&pz=H&vmid=ACoAAAczPO0BR1A3VR-lwx26YOBCYPqPR3ScgQQ"
1503390953689	Marionette	DEBUG	Received DOM event "pageshow" for "https://www.linkedin.com/csp/dtag?sz=1x1&ti=1&p=1&c=1&z=profile&pk=d_flagship3_profile_view_base&pz=H&vmid=ACoAAAczPO0BR1A3VR-lwx26YOBCYPqPR3ScgQQ"
1503390953695	Marionette	DEBUG	Received DOM event "DOMContentLoaded" for "https://www.linkedin.com/csp/dtag?sz=300x250&ti=1&p=1&c=1&z=profile&pk=d_flagship3_profile_view_base&pz=BR&vmid=ACoAAAczPO0BR1A3VR-lwx26YOBCYPqPR3ScgQQ&_x=company%3D"
1503390953702	Marionette	DEBUG	Received DOM event "pageshow" for "https://www.linkedin.com/csp/dtag?sz=300x250&ti=1&p=1&c=1&z=profile&pk=d_flagship3_profile_view_base&pz=BR&vmid=ACoAAAczPO0BR1A3VR-lwx26YOBCYPqPR3ScgQQ&_x=company%3D"
1503390955430	Marionette	DEBUG	Received DOM event "pageshow" for "http://www.linkedin.com/in/david-cornell-61155634/"
1503390977418	Marionette	DEBUG	Received DOM event "beforeunload" for "http://www.linkedin.com/in/david-cornell-61155634/"
1503390977730	Marionette	DEBUG	Received DOM event "pagehide" for "http://www.linkedin.com/in/david-cornell-61155634/"
1503390977736	Marionette	DEBUG	Received DOM event "unload" for "http://www.linkedin.com/in/david-cornell-61155634/"
1503390979503	Marionette	DEBUG	Received observer notification "outer-window-destroyed" for "2147483696"
1503390979504	Marionette	DEBUG	Received observer notification "outer-window-destroyed" for "2147483698"
1503390979505	Marionette	DEBUG	Received observer notification "outer-window-destroyed" for "2147483700"
1503390979505	Marionette	DEBUG	Received observer notification "outer-window-destroyed" for "2147483705"
1503390980213	Marionette	DEBUG	Received DOM event "DOMContentLoaded" for "http://www.linkedin.com/in/julian-thompson-02433426/"
TabSources.prototype._fetchSourceMap threw an exception: [Exception... "Component returned failure code: 0x80470002 (NS_BASE_STREAM_CLOSED) [nsIInputStream.available]"  nsresult: "0x80470002 (NS_BASE_STREAM_CLOSED)"  location: "JS frame :: resource://gre/modules/commonjs/toolkit/loader.js -> resource://devtools/shared/DevToolsUtils.js :: onResponse :: line 449"  data: no]
Stack: onResponse@resource://gre/modules/commonjs/toolkit/loader.js -> resource://devtools/shared/DevToolsUtils.js:449:23
onStopRequest@resource://gre/modules/NetUtil.jsm:128:17
Line: 449, column: 0
console.error: 
  TabSources.prototype._fetchSourceMap threw an exception: [Exception... "Component returned failure code: 0x80470002 (NS_BASE_STREAM_CLOSED) [nsIInputStream.available]"  nsresult: "0x80470002 (NS_BASE_STREAM_CLOSED)"  location: "JS frame :: resource://gre/modules/commonjs/toolkit/loader.js -> resource://devtools/shared/DevToolsUtils.js :: onResponse :: line 449"  data: no]
Stack: onResponse@resource://gre/modules/commonjs/toolkit/loader.js -> resource://devtools/shared/DevToolsUtils.js:449:23
onStopRequest@resource://gre/modules/NetUtil.jsm:128:17
Line: 449, column: 0
TabSources.prototype._fetchSourceMap threw an exception: [Exception... "Component returned failure code: 0x80470002 (NS_BASE_STREAM_CLOSED) [nsIInputStream.available]"  nsresult: "0x80470002 (NS_BASE_STREAM_CLOSED)"  location: "JS frame :: resource://gre/modules/commonjs/toolkit/loader.js -> resource://devtools/shared/DevToolsUtils.js :: onResponse :: line 449"  data: no]
Stack: onResponse@resource://gre/modules/commonjs/toolkit/loader.js -> resource://devtools/shared/DevToolsUtils.js:449:23
onStopRequest@resource://gre/modules/NetUtil.jsm:128:17
Line: 449, column: 0
console.error: 
  TabSources.prototype._fetchSourceMap threw an exception: [Exception... "Component returned failure code: 0x80470002 (NS_BASE_STREAM_CLOSED) [nsIInputStream.available]"  nsresult: "0x80470002 (NS_BASE_STREAM_CLOSED)"  location: "JS frame :: resource://gre/modules/commonjs/toolkit/loader.js -> resource://devtools/shared/DevToolsUtils.js :: onResponse :: line 449"  data: no]
Stack: onResponse@resource://gre/modules/commonjs/toolkit/loader.js -> resource://devtools/shared/DevToolsUtils.js:449:23
onStopRequest@resource://gre/modules/NetUtil.jsm:128:17
Line: 449, column: 0
TabSources.prototype._fetchSourceMap threw an exception: [Exception... "Component returned failure code: 0x80470002 (NS_BASE_STREAM_CLOSED) [nsIInputStream.available]"  nsresult: "0x80470002 (NS_BASE_STREAM_CLOSED)"  location: "JS frame :: resource://gre/modules/commonjs/toolkit/loader.js -> resource://devtools/shared/DevToolsUtils.js :: onResponse :: line 449"  data: no]
Stack: onResponse@resource://gre/modules/commonjs/toolkit/loader.js -> resource://devtools/shared/DevToolsUtils.js:449:23
onStopRequest@resource://gre/modules/NetUtil.jsm:128:17
Line: 449, column: 0
console.error: 
  TabSources.prototype._fetchSourceMap threw an exception: [Exception... "Component returned failure code: 0x80470002 (NS_BASE_STREAM_CLOSED) [nsIInputStream.available]"  nsresult: "0x80470002 (NS_BASE_STREAM_CLOSED)"  location: "JS frame :: resource://gre/modules/commonjs/toolkit/loader.js -> resource://devtools/shared/DevToolsUtils.js :: onResponse :: line 449"  data: no]
Stack: onResponse@resource://gre/modules/commonjs/toolkit/loader.js -> resource://devtools/shared/DevToolsUtils.js:449:23
onStopRequest@resource://gre/modules/NetUtil.jsm:128:17
Line: 449, column: 0
TabSources.prototype._fetchSourceMap threw an exception: [Exception... "Component returned failure code: 0x80470002 (NS_BASE_STREAM_CLOSED) [nsIInputStream.available]"  nsresult: "0x80470002 (NS_BASE_STREAM_CLOSED)"  location: "JS frame :: resource://gre/modules/commonjs/toolkit/loader.js -> resource://devtools/shared/DevToolsUtils.js :: onResponse :: line 449"  data: no]
Stack: onResponse@resource://gre/modules/commonjs/toolkit/loader.js -> resource://devtools/shared/DevToolsUtils.js:449:23
onStopRequest@resource://gre/modules/NetUtil.jsm:128:17
Line: 449, column: 0
console.error: 
  TabSources.prototype._fetchSourceMap threw an exception: [Exception... "Component returned failure code: 0x80470002 (NS_BASE_STREAM_CLOSED) [nsIInputStream.available]"  nsresult: "0x80470002 (NS_BASE_STREAM_CLOSED)"  location: "JS frame :: resource://gre/modules/commonjs/toolkit/loader.js -> resource://devtools/shared/DevToolsUtils.js :: onResponse :: line 449"  data: no]
Stack: onResponse@resource://gre/modules/commonjs/toolkit/loader.js -> resource://devtools/shared/DevToolsUtils.js:449:23
onStopRequest@resource://gre/modules/NetUtil.jsm:128:17
Line: 449, column: 0
TabSources.prototype._fetchSourceMap threw an exception: [Exception... "Component returned failure code: 0x80470002 (NS_BASE_STREAM_CLOSED) [nsIInputStream.available]"  nsresult: "0x80470002 (NS_BASE_STREAM_CLOSED)"  location: "JS frame :: resource://gre/modules/commonjs/toolkit/loader.js -> resource://devtools/shared/DevToolsUtils.js :: onResponse :: line 449"  data: no]
Stack: onResponse@resource://gre/modules/commonjs/toolkit/loader.js -> resource://devtools/shared/DevToolsUtils.js:449:23
onStopRequest@resource://gre/modules/NetUtil.jsm:128:17
Line: 449, column: 0
console.error: 
  TabSources.prototype._fetchSourceMap threw an exception: [Exception... "Component returned failure code: 0x80470002 (NS_BASE_STREAM_CLOSED) [nsIInputStream.available]"  nsresult: "0x80470002 (NS_BASE_STREAM_CLOSED)"  location: "JS frame :: resource://gre/modules/commonjs/toolkit/loader.js -> resource://devtools/shared/DevToolsUtils.js :: onResponse :: line 449"  data: no]
Stack: onResponse@resource://gre/modules/commonjs/toolkit/loader.js -> resource://devtools/shared/DevToolsUtils.js:449:23
onStopRequest@resource://gre/modules/NetUtil.jsm:128:17
Line: 449, column: 0
TabSources.prototype._fetchSourceMap threw an exception: [Exception... "Component returned failure code: 0x80470002 (NS_BASE_STREAM_CLOSED) [nsIInputStream.available]"  nsresult: "0x80470002 (NS_BASE_STREAM_CLOSED)"  location: "JS frame :: resource://gre/modules/commonjs/toolkit/loader.js -> resource://devtools/shared/DevToolsUtils.js :: onResponse :: line 449"  data: no]
Stack: onResponse@resource://gre/modules/commonjs/toolkit/loader.js -> resource://devtools/shared/DevToolsUtils.js:449:23
onStopRequest@resource://gre/modules/NetUtil.jsm:128:17
Line: 449, column: 0
console.error: 
  TabSources.prototype._fetchSourceMap threw an exception: [Exception... "Component returned failure code: 0x80470002 (NS_BASE_STREAM_CLOSED) [nsIInputStream.available]"  nsresult: "0x80470002 (NS_BASE_STREAM_CLOSED)"  location: "JS frame :: resource://gre/modules/commonjs/toolkit/loader.js -> resource://devtools/shared/DevToolsUtils.js :: onResponse :: line 449"  data: no]
Stack: onResponse@resource://gre/modules/commonjs/toolkit/loader.js -> resource://devtools/shared/DevToolsUtils.js:449:23
onStopRequest@resource://gre/modules/NetUtil.jsm:128:17
Line: 449, column: 0
1503390980247	Marionette	DEBUG	Received DOM event "pageshow" for "http://www.linkedin.com/in/julian-thompson-02433426/"
1503391047555	Marionette	DEBUG	Canceled page load listener because no navigation has been detected
1503391061868	Marionette	DEBUG	Received DOM event "beforeunload" for "http://www.linkedin.com/in/julian-thompson-02433426/"
1503391062202	Marionette	DEBUG	Received DOM event "pagehide" for "http://www.linkedin.com/in/julian-thompson-02433426/"
1503391062208	Marionette	DEBUG	Received DOM event "unload" for "http://www.linkedin.com/in/julian-thompson-02433426/"
1503391064544	Marionette	DEBUG	Received observer notification "outer-window-destroyed" for "2147483709"
1503391064544	Marionette	DEBUG	Received observer notification "outer-window-destroyed" for "2147483711"
1503391064545	Marionette	DEBUG	Received observer notification "outer-window-destroyed" for "2147483713"
1503391064545	Marionette	DEBUG	Received observer notification "outer-window-destroyed" for "2147483718"
1503391064857	Marionette	DEBUG	Received DOM event "DOMContentLoaded" for "http://www.linkedin.com/in/dan-pilling-299aa920/"
1503391064886	Marionette	DEBUG	Received DOM event "pageshow" for "http://www.linkedin.com/in/dan-pilling-299aa920/"
TabSources.prototype._fetchSourceMap threw an exception: [Exception... "Component returned failure code: 0x80470002 (NS_BASE_STREAM_CLOSED) [nsIInputStream.available]"  nsresult: "0x80470002 (NS_BASE_STREAM_CLOSED)"  location: "JS frame :: resource://gre/modules/commonjs/toolkit/loader.js -> resource://devtools/shared/DevToolsUtils.js :: onResponse :: line 449"  data: no]
Stack: onResponse@resource://gre/modules/commonjs/toolkit/loader.js -> resource://devtools/shared/DevToolsUtils.js:449:23
onStopRequest@resource://gre/modules/NetUtil.jsm:128:17
Line: 449, column: 0
console.error: 
  TabSources.prototype._fetchSourceMap threw an exception: [Exception... "Component returned failure code: 0x80470002 (NS_BASE_STREAM_CLOSED) [nsIInputStream.available]"  nsresult: "0x80470002 (NS_BASE_STREAM_CLOSED)"  location: "JS frame :: resource://gre/modules/commonjs/toolkit/loader.js -> resource://devtools/shared/DevToolsUtils.js :: onResponse :: line 449"  data: no]
Stack: onResponse@resource://gre/modules/commonjs/toolkit/loader.js -> resource://devtools/shared/DevToolsUtils.js:449:23
onStopRequest@resource://gre/modules/NetUtil.jsm:128:17
Line: 449, column: 0
TabSources.prototype._fetchSourceMap threw an exception: [Exception... "Component returned failure code: 0x80470002 (NS_BASE_STREAM_CLOSED) [nsIInputStream.available]"  nsresult: "0x80470002 (NS_BASE_STREAM_CLOSED)"  location: "JS frame :: resource://gre/modules/commonjs/toolkit/loader.js -> resource://devtools/shared/DevToolsUtils.js :: onResponse :: line 449"  data: no]
Stack: onResponse@resource://gre/modules/commonjs/toolkit/loader.js -> resource://devtools/shared/DevToolsUtils.js:449:23
onStopRequest@resource://gre/modules/NetUtil.jsm:128:17
Line: 449, column: 0
console.error: 
  TabSources.prototype._fetchSourceMap threw an exception: [Exception... "Component returned failure code: 0x80470002 (NS_BASE_STREAM_CLOSED) [nsIInputStream.available]"  nsresult: "0x80470002 (NS_BASE_STREAM_CLOSED)"  location: "JS frame :: resource://gre/modules/commonjs/toolkit/loader.js -> resource://devtools/shared/DevToolsUtils.js :: onResponse :: line 449"  data: no]
Stack: onResponse@resource://gre/modules/commonjs/toolkit/loader.js -> resource://devtools/shared/DevToolsUtils.js:449:23
onStopRequest@resource://gre/modules/NetUtil.jsm:128:17
Line: 449, column: 0
TabSources.prototype._fetchSourceMap threw an exception: [Exception... "Component returned failure code: 0x80470002 (NS_BASE_STREAM_CLOSED) [nsIInputStream.available]"  nsresult: "0x80470002 (NS_BASE_STREAM_CLOSED)"  location: "JS frame :: resource://gre/modules/commonjs/toolkit/loader.js -> resource://devtools/shared/DevToolsUtils.js :: onResponse :: line 449"  data: no]
Stack: onResponse@resource://gre/modules/commonjs/toolkit/loader.js -> resource://devtools/shared/DevToolsUtils.js:449:23
onStopRequest@resource://gre/modules/NetUtil.jsm:128:17
Line: 449, column: 0
console.error: 
  TabSources.prototype._fetchSourceMap threw an exception: [Exception... "Component returned failure code: 0x80470002 (NS_BASE_STREAM_CLOSED) [nsIInputStream.available]"  nsresult: "0x80470002 (NS_BASE_STREAM_CLOSED)"  location: "JS frame :: resource://gre/modules/commonjs/toolkit/loader.js -> resource://devtools/shared/DevToolsUtils.js :: onResponse :: line 449"  data: no]
Stack: onResponse@resource://gre/modules/commonjs/toolkit/loader.js -> resource://devtools/shared/DevToolsUtils.js:449:23
onStopRequest@resource://gre/modules/NetUtil.jsm:128:17
Line: 449, column: 0
TabSources.prototype._fetchSourceMap threw an exception: [Exception... "Component returned failure code: 0x80470002 (NS_BASE_STREAM_CLOSED) [nsIInputStream.available]"  nsresult: "0x80470002 (NS_BASE_STREAM_CLOSED)"  location: "JS frame :: resource://gre/modules/commonjs/toolkit/loader.js -> resource://devtools/shared/DevToolsUtils.js :: onResponse :: line 449"  data: no]
Stack: onResponse@resource://gre/modules/commonjs/toolkit/loader.js -> resource://devtools/shared/DevToolsUtils.js:449:23
onStopRequest@resource://gre/modules/NetUtil.jsm:128:17
Line: 449, column: 0
console.error: 
  TabSources.prototype._fetchSourceMap threw an exception: [Exception... "Component returned failure code: 0x80470002 (NS_BASE_STREAM_CLOSED) [nsIInputStream.available]"  nsresult: "0x80470002 (NS_BASE_STREAM_CLOSED)"  location: "JS frame :: resource://gre/modules/commonjs/toolkit/loader.js -> resource://devtools/shared/DevToolsUtils.js :: onResponse :: line 449"  data: no]
Stack: onResponse@resource://gre/modules/commonjs/toolkit/loader.js -> resource://devtools/shared/DevToolsUtils.js:449:23
onStopRequest@resource://gre/modules/NetUtil.jsm:128:17
Line: 449, column: 0
TabSources.prototype._fetchSourceMap threw an exception: [Exception... "Component returned failure code: 0x80470002 (NS_BASE_STREAM_CLOSED) [nsIInputStream.available]"  nsresult: "0x80470002 (NS_BASE_STREAM_CLOSED)"  location: "JS frame :: resource://gre/modules/commonjs/toolkit/loader.js -> resource://devtools/shared/DevToolsUtils.js :: onResponse :: line 449"  data: no]
Stack: onResponse@resource://gre/modules/commonjs/toolkit/loader.js -> resource://devtools/shared/DevToolsUtils.js:449:23
onStopRequest@resource://gre/modules/NetUtil.jsm:128:17
Line: 449, column: 0
console.error: 
  TabSources.prototype._fetchSourceMap threw an exception: [Exception... "Component returned failure code: 0x80470002 (NS_BASE_STREAM_CLOSED) [nsIInputStream.available]"  nsresult: "0x80470002 (NS_BASE_STREAM_CLOSED)"  location: "JS frame :: resource://gre/modules/commonjs/toolkit/loader.js -> resource://devtools/shared/DevToolsUtils.js :: onResponse :: line 449"  data: no]
Stack: onResponse@resource://gre/modules/commonjs/toolkit/loader.js -> resource://devtools/shared/DevToolsUtils.js:449:23
onStopRequest@resource://gre/modules/NetUtil.jsm:128:17
Line: 449, column: 0
TabSources.prototype._fetchSourceMap threw an exception: [Exception... "Component returned failure code: 0x80470002 (NS_BASE_STREAM_CLOSED) [nsIInputStream.available]"  nsresult: "0x80470002 (NS_BASE_STREAM_CLOSED)"  location: "JS frame :: resource://gre/modules/commonjs/toolkit/loader.js -> resource://devtools/shared/DevToolsUtils.js :: onResponse :: line 449"  data: no]
Stack: onResponse@resource://gre/modules/commonjs/toolkit/loader.js -> resource://devtools/shared/DevToolsUtils.js:449:23
onStopRequest@resource://gre/modules/NetUtil.jsm:128:17
Line: 449, column: 0
console.error: 
  TabSources.prototype._fetchSourceMap threw an exception: [Exception... "Component returned failure code: 0x80470002 (NS_BASE_STREAM_CLOSED) [nsIInputStream.available]"  nsresult: "0x80470002 (NS_BASE_STREAM_CLOSED)"  location: "JS frame :: resource://gre/modules/commonjs/toolkit/loader.js -> resource://devtools/shared/DevToolsUtils.js :: onResponse :: line 449"  data: no]
Stack: onResponse@resource://gre/modules/commonjs/toolkit/loader.js -> resource://devtools/shared/DevToolsUtils.js:449:23
onStopRequest@resource://gre/modules/NetUtil.jsm:128:17
Line: 449, column: 0
1503391092050	Marionette	DEBUG	Received DOM event "beforeunload" for "http://www.linkedin.com/in/dan-pilling-299aa920/"
1503391092371	Marionette	DEBUG	Received DOM event "pagehide" for "http://www.linkedin.com/in/dan-pilling-299aa920/"
1503391092381	Marionette	DEBUG	Received DOM event "unload" for "http://www.linkedin.com/in/dan-pilling-299aa920/"
