Fri 24 Nov 2017 19:32:28 API.py [line:660] INFO start
Fri 24 Nov 2017 19:32:28 API.py [line:692] INFO thread 0 start.
Fri 24 Nov 2017 19:32:28 API.py [line:695] INFO thread 0's token_index 409
Fri 24 Nov 2017 19:32:28 API.py [line:696] INFO {u'access_token': u'724823744565379072-vdakBXMzE50rDIeXREe8wEihyYBPYg0', u'consumer_secret': u'LivsS9DTKh4Xmfo2vOG2tpKmrj8lxsYqiDgZLamPBJahFqnjUo', u'consumer_key': u'fO4lXV6LLz5e1Ew6uRDtvXpIQ', u'access_token_secret': u'voQLUCEp4QHRktbcctcjZO7zQZFDXYM37Wk8eVUKh0WRH'}
Fri 24 Nov 2017 19:32:28 API.py [line:697] INFO [u'china']
Fri 24 Nov 2017 19:32:28 API.py [line:698] INFO ['192.168.1.148:8118']
Fri 24 Nov 2017 19:32:42 API.py [line:712] INFO 934021935121485824
Fri 24 Nov 2017 19:32:42 API.py [line:712] INFO 934021935733682176
Fri 24 Nov 2017 19:32:42 API.py [line:712] INFO 934021938225098752
Fri 24 Nov 2017 19:32:42 API.py [line:712] INFO 934021937327570944
Fri 24 Nov 2017 19:32:43 API.py [line:712] INFO 934021940083228674
Fri 24 Nov 2017 19:32:44 API.py [line:712] INFO 934021942012624902
Fri 24 Nov 2017 19:32:44 API.py [line:712] INFO 934021943027818498
Fri 24 Nov 2017 19:32:44 API.py [line:712] INFO 934021943329660933
Fri 24 Nov 2017 19:32:44 API.py [line:712] INFO 934021944164335616
Fri 24 Nov 2017 19:32:44 API.py [line:712] INFO 934021944323854341
Fri 24 Nov 2017 19:32:44 API.py [line:712] INFO 934021944814419968
Fri 24 Nov 2017 19:32:44 API.py [line:712] INFO 934021945292611584
Fri 24 Nov 2017 19:32:45 API.py [line:712] INFO 934021946244661248
Fri 24 Nov 2017 19:32:45 API.py [line:712] INFO 934021947381428224
Fri 24 Nov 2017 19:32:45 API.py [line:712] INFO 934021948073324545
Fri 24 Nov 2017 19:32:45 API.py [line:712] INFO 934021948035629056
Fri 24 Nov 2017 19:32:45 API.py [line:712] INFO 934021948744462336
Fri 24 Nov 2017 19:32:46 API.py [line:712] INFO 934021950057230336
Fri 24 Nov 2017 19:32:46 API.py [line:712] INFO 934021951475146752
Fri 24 Nov 2017 19:32:46 API.py [line:712] INFO 934021952200630272
Fri 24 Nov 2017 19:32:46 API.py [line:712] INFO 934021951902945280
Fri 24 Nov 2017 19:32:46 API.py [line:712] INFO 934021953383477248
Fri 24 Nov 2017 19:32:46 API.py [line:712] INFO 934021953647656961
Fri 24 Nov 2017 19:32:46 API.py [line:712] INFO 934021954230554624
Fri 24 Nov 2017 19:32:47 API.py [line:712] INFO 934021955111370752
Fri 24 Nov 2017 19:32:47 API.py [line:712] INFO 934021955660816384
Fri 24 Nov 2017 19:32:47 API.py [line:712] INFO 934021956944273408
Fri 24 Nov 2017 19:32:47 API.py [line:712] INFO 934021956659183616
Fri 24 Nov 2017 19:32:47 API.py [line:712] INFO 934021956994605056
Fri 24 Nov 2017 19:32:48 API.py [line:712] INFO 934021959104557056
Fri 24 Nov 2017 19:32:48 API.py [line:712] INFO 934021959725092864
Fri 24 Nov 2017 19:32:48 API.py [line:712] INFO 934021959440109568
Fri 24 Nov 2017 19:32:48 API.py [line:712] INFO 934021961537040384
Fri 24 Nov 2017 19:32:50 API.py [line:712] INFO 934021967895760896
Fri 24 Nov 2017 19:32:51 API.py [line:712] INFO 934021974795448320
Fri 24 Nov 2017 19:32:53 API.py [line:712] INFO 934021980407308288
Fri 24 Nov 2017 19:32:53 API.py [line:712] INFO 934021982609334272
Fri 24 Nov 2017 19:32:55 API.py [line:712] INFO 934021987902545920
Fri 24 Nov 2017 19:32:55 API.py [line:712] INFO 934021991216046080
Fri 24 Nov 2017 19:32:56 API.py [line:712] INFO 934021994433085440
Fri 24 Nov 2017 19:32:57 API.py [line:712] INFO 934021996962181120
Fri 24 Nov 2017 19:32:57 API.py [line:712] INFO 934021998220533765
Fri 24 Nov 2017 19:32:58 API.py [line:712] INFO 934022005334126592
Fri 24 Nov 2017 19:32:59 API.py [line:712] INFO 934022005967544320
Fri 24 Nov 2017 19:32:59 API.py [line:712] INFO 934022007762460673
Fri 24 Nov 2017 19:32:59 API.py [line:712] INFO 934022007687180289
Fri 24 Nov 2017 19:33:01 API.py [line:712] INFO 934022014544658432
Fri 24 Nov 2017 19:33:02 API.py [line:712] INFO 934022017405390849
Fri 24 Nov 2017 19:33:03 API.py [line:712] INFO 934022022513823744
Fri 24 Nov 2017 19:33:03 API.py [line:712] INFO 934022021557706752
Fri 24 Nov 2017 19:33:03 API.py [line:712] INFO 934022023444963328
Fri 24 Nov 2017 19:33:04 API.py [line:712] INFO 934022027999977473
Fri 24 Nov 2017 19:33:05 API.py [line:712] INFO 934022030307086337
Fri 24 Nov 2017 19:33:05 API.py [line:712] INFO 934022031321980928
Fri 24 Nov 2017 19:33:05 API.py [line:712] INFO 934022030877515779
Fri 24 Nov 2017 19:33:06 API.py [line:712] INFO 934022036862648320
Fri 24 Nov 2017 19:33:07 API.py [line:712] INFO 934022038041247745
Fri 24 Nov 2017 19:33:08 API.py [line:712] INFO 934022042411614208
Fri 24 Nov 2017 19:33:09 API.py [line:712] INFO 934022050565341185
Fri 24 Nov 2017 19:33:10 API.py [line:712] INFO 934022052612259841
Fri 24 Nov 2017 19:33:11 API.py [line:712] INFO 934022055292411905
Fri 24 Nov 2017 19:33:11 API.py [line:712] INFO 934022057733406720
Fri 24 Nov 2017 19:33:12 API.py [line:712] INFO 934022061483266048
Fri 24 Nov 2017 19:33:12 API.py [line:712] INFO 934022061239943169
Fri 24 Nov 2017 19:33:13 API.py [line:712] INFO 934022040167833600
Fri 24 Nov 2017 19:33:13 API.py [line:712] INFO 934022065899933696
Fri 24 Nov 2017 19:33:13 API.py [line:712] INFO 934022065471889408
Fri 24 Nov 2017 19:33:13 API.py [line:712] INFO 934022048271273984
Fri 24 Nov 2017 19:33:14 API.py [line:712] INFO 934022067179151360
Fri 24 Nov 2017 19:33:14 API.py [line:712] INFO 934022055468654592
Fri 24 Nov 2017 19:33:14 API.py [line:712] INFO 934022064914206720
Fri 24 Nov 2017 19:33:14 API.py [line:712] INFO 934022067623690240
Fri 24 Nov 2017 19:33:14 API.py [line:712] INFO 934022070643564544
Fri 24 Nov 2017 19:33:14 API.py [line:712] INFO 934022040381771776
Fri 24 Nov 2017 19:33:15 API.py [line:712] INFO 934022072296239104
Fri 24 Nov 2017 19:33:15 API.py [line:712] INFO 934022072572919809
Fri 24 Nov 2017 19:33:15 API.py [line:712] INFO 934022073785073669
Fri 24 Nov 2017 19:33:15 API.py [line:712] INFO 934022048606773249
Fri 24 Nov 2017 19:33:16 API.py [line:712] INFO 934022049328193536
Fri 24 Nov 2017 19:33:16 API.py [line:712] INFO 934022074296758279
Fri 24 Nov 2017 19:33:16 API.py [line:712] INFO 934022075085410304
Fri 24 Nov 2017 19:33:16 API.py [line:712] INFO 934022076960145408
Fri 24 Nov 2017 19:33:16 API.py [line:712] INFO 934022077895634944
Fri 24 Nov 2017 19:33:16 API.py [line:712] INFO 934022079480938496
Fri 24 Nov 2017 19:33:16 API.py [line:712] INFO 934022079510384642
Fri 24 Nov 2017 19:33:17 API.py [line:712] INFO 934022080424697856
Fri 24 Nov 2017 19:33:17 API.py [line:712] INFO 934022079053291520
Fri 24 Nov 2017 19:33:17 API.py [line:712] INFO 934022039815491584
Fri 24 Nov 2017 19:33:18 API.py [line:712] INFO 934022087219408896
Fri 24 Nov 2017 19:33:18 API.py [line:712] INFO 934022050456449024
Fri 24 Nov 2017 19:33:19 API.py [line:712] INFO 934022091208212481
Fri 24 Nov 2017 19:33:19 API.py [line:712] INFO 934022080064053248
Fri 24 Nov 2017 19:33:19 API.py [line:712] INFO 934022073227374593
Fri 24 Nov 2017 19:33:19 API.py [line:712] INFO 934022093175324672
Fri 24 Nov 2017 19:33:20 API.py [line:712] INFO 934022094375006208
Fri 24 Nov 2017 19:33:20 API.py [line:712] INFO 934022096593805312
Fri 24 Nov 2017 19:33:21 API.py [line:712] INFO 934022100607569920
Fri 24 Nov 2017 19:33:22 API.py [line:712] INFO 934022102339981317
Fri 24 Nov 2017 19:33:22 API.py [line:712] INFO 934022102973329409
Fri 24 Nov 2017 19:33:22 API.py [line:712] INFO 934022103703179264
Fri 24 Nov 2017 19:33:22 API.py [line:712] INFO 934022106118889472
Fri 24 Nov 2017 19:33:22 API.py [line:712] INFO 934022105863245824
Fri 24 Nov 2017 19:33:23 API.py [line:712] INFO 934022108111425536
Fri 24 Nov 2017 19:33:23 API.py [line:712] INFO 934022108673216517
Fri 24 Nov 2017 19:33:24 API.py [line:712] INFO 934022111139696640
Fri 24 Nov 2017 19:33:24 API.py [line:712] INFO 934022108111425536
Fri 24 Nov 2017 19:33:25 API.py [line:712] INFO 934022115220705282
Fri 24 Nov 2017 19:33:26 API.py [line:712] INFO 934022118626357248
Fri 24 Nov 2017 19:33:26 API.py [line:712] INFO 934022119465406464
Fri 24 Nov 2017 19:33:26 API.py [line:712] INFO 934022122774544384
Fri 24 Nov 2017 19:33:27 API.py [line:712] INFO 934022123642814465
Fri 24 Nov 2017 19:33:28 API.py [line:712] INFO 934022126801248256
Fri 24 Nov 2017 19:33:28 API.py [line:712] INFO 934022130026590208
Fri 24 Nov 2017 19:33:29 API.py [line:712] INFO 934022132660662272
Fri 24 Nov 2017 19:33:29 API.py [line:712] INFO 934022133566423041
Fri 24 Nov 2017 19:33:29 API.py [line:712] INFO 934022134170562561
Fri 24 Nov 2017 19:33:29 API.py [line:712] INFO 934022134682206208
Fri 24 Nov 2017 19:33:30 API.py [line:712] INFO 934022137383440386
Fri 24 Nov 2017 19:33:30 API.py [line:712] INFO 934022137215676416
Fri 24 Nov 2017 19:33:31 API.py [line:712] INFO 934022140000722944
Fri 24 Nov 2017 19:33:31 API.py [line:712] INFO 934022139878965249
Fri 24 Nov 2017 19:33:31 API.py [line:712] INFO 934022141221117952
Fri 24 Nov 2017 19:33:31 API.py [line:712] INFO 934022141380579328
