Fri 24 Nov 2017 16:52:08 API.py [line:660] INFO start
Fri 24 Nov 2017 16:52:08 API.py [line:692] INFO thread 0 start.
Fri 24 Nov 2017 16:52:08 API.py [line:695] INFO thread 0's token_index 196
Fri 24 Nov 2017 16:52:08 API.py [line:696] INFO {u'access_token': u'719900804375846912-Y2gWREulcBrJck74NQ4r7qndcSTDcho', u'consumer_secret': u'LivsS9DTKh4Xmfo2vOG2tpKmrj8lxsYqiDgZLamPBJahFqnjUo', u'consumer_key': u'fO4lXV6LLz5e1Ew6uRDtvXpIQ', u'access_token_secret': u'vlezD4vlKMXIPDCiGAVzGyMzlYfLeye7ZdgQI50fBb1g2'}
Fri 24 Nov 2017 16:52:08 API.py [line:697] INFO [u'china']
Fri 24 Nov 2017 16:52:08 API.py [line:698] INFO ['192.168.1.148:8118']
Fri 24 Nov 2017 16:52:31 API.py [line:712] INFO 933981620788277248
Fri 24 Nov 2017 16:52:31 API.py [line:712] INFO 933981623435001857
Fri 24 Nov 2017 16:52:32 API.py [line:712] INFO 933981628635930624
Fri 24 Nov 2017 16:52:32 API.py [line:712] INFO 933981629697200128
Fri 24 Nov 2017 16:52:33 API.py [line:712] INFO 933981630665957377
Fri 24 Nov 2017 16:52:34 API.py [line:712] INFO 933981635556540416
Fri 24 Nov 2017 16:52:34 API.py [line:712] INFO 933981639469707264
Fri 24 Nov 2017 16:52:35 API.py [line:712] INFO 933981639901769729
Fri 24 Nov 2017 16:52:35 API.py [line:712] INFO 933981640161943552
Fri 24 Nov 2017 16:52:36 API.py [line:712] INFO 933981645765562368
Fri 24 Nov 2017 16:52:37 API.py [line:712] INFO 933981647208194048
Fri 24 Nov 2017 16:52:37 API.py [line:712] INFO 933981651654316033
Fri 24 Nov 2017 16:52:39 API.py [line:712] INFO 933981659808006145
Fri 24 Nov 2017 16:52:39 API.py [line:712] INFO 933981659896209411
Fri 24 Nov 2017 16:52:41 API.py [line:712] INFO 933981664509906947
Fri 24 Nov 2017 16:52:41 API.py [line:712] INFO 933981665973719040
Fri 24 Nov 2017 16:52:42 API.py [line:712] INFO 933981669761134592
Fri 24 Nov 2017 16:52:43 API.py [line:712] INFO 933981673372315650
Fri 24 Nov 2017 16:52:43 API.py [line:712] INFO 933981676170022912
