Fri 24 Nov 2017 21:14:44 API.py [line:660] INFO start
Fri 24 Nov 2017 21:14:44 API.py [line:692] INFO thread 0 start.
Fri 24 Nov 2017 21:14:44 API.py [line:695] INFO thread 0's token_index 45
Fri 24 Nov 2017 21:14:44 API.py [line:696] INFO {u'access_token': u'708456998287740928-6n1LLADMpZ33sEwNmvU9sIdez4tb7Sf', u'consumer_secret': u'LivsS9DTKh4Xmfo2vOG2tpKmrj8lxsYqiDgZLamPBJahFqnjUo', u'consumer_key': u'fO4lXV6LLz5e1Ew6uRDtvXpIQ', u'access_token_secret': u'pJljIf7HcQmwaAcvkWaOSvIHXIeBVMZSdiRyVJsUfKIiH'}
Fri 24 Nov 2017 21:14:44 API.py [line:697] INFO [u'china']
Fri 24 Nov 2017 21:14:44 API.py [line:698] INFO ['192.168.1.148:8118']
Fri 24 Nov 2017 21:14:52 API.py [line:712] INFO 934047646188220416
Fri 24 Nov 2017 21:14:52 API.py [line:712] INFO 934047646326587393
Fri 24 Nov 2017 21:14:52 API.py [line:712] INFO 934047646045671426
Fri 24 Nov 2017 21:14:52 API.py [line:712] INFO 934047646599254016
Fri 24 Nov 2017 21:14:52 API.py [line:712] INFO 934047647228456960
Fri 24 Nov 2017 21:14:52 API.py [line:712] INFO 934047647752650753
Fri 24 Nov 2017 21:14:53 API.py [line:712] INFO 934047651099799553
Fri 24 Nov 2017 21:14:53 API.py [line:712] INFO 934047652836184065
Fri 24 Nov 2017 21:14:55 API.py [line:712] INFO 934047659291066368
Fri 24 Nov 2017 21:14:55 API.py [line:712] INFO 934047658158772224
Fri 24 Nov 2017 21:14:55 API.py [line:712] INFO 934047660331249664
Fri 24 Nov 2017 21:14:56 API.py [line:712] INFO 934047661442895872
Fri 24 Nov 2017 21:14:56 API.py [line:712] INFO 934047661560180736
Fri 24 Nov 2017 21:14:56 API.py [line:712] INFO 934047663376556033
Fri 24 Nov 2017 21:14:57 API.py [line:712] INFO 934047665981190145
Fri 24 Nov 2017 21:14:57 API.py [line:712] INFO 934047668778790912
Fri 24 Nov 2017 21:14:58 API.py [line:712] INFO 934047669797797890
Fri 24 Nov 2017 21:14:59 API.py [line:712] INFO 934047676798087168
Fri 24 Nov 2017 21:14:59 API.py [line:712] INFO 934047677104320512
Fri 24 Nov 2017 21:15:03 API.py [line:712] INFO 934047689901268993
Fri 24 Nov 2017 21:15:03 API.py [line:712] INFO 934047692421963777
Fri 24 Nov 2017 21:15:04 API.py [line:712] INFO 934047695387238400
Fri 24 Nov 2017 21:15:04 API.py [line:712] INFO 934047696075210752
Fri 24 Nov 2017 21:15:04 API.py [line:712] INFO 934047697899794433
Fri 24 Nov 2017 21:15:05 API.py [line:712] INFO 934047700391288832
Fri 24 Nov 2017 21:15:05 API.py [line:712] INFO 934047701120974849
Fri 24 Nov 2017 21:15:05 API.py [line:712] INFO 934047702697918465
Fri 24 Nov 2017 21:15:06 API.py [line:712] INFO 934047703188852737
Fri 24 Nov 2017 21:15:06 API.py [line:712] INFO 934047703750787073
Fri 24 Nov 2017 21:15:06 API.py [line:712] INFO 934047702480023552
Fri 24 Nov 2017 21:15:07 API.py [line:712] INFO 934047703352397824
Fri 24 Nov 2017 21:15:07 API.py [line:712] INFO 934047706372116480
Fri 24 Nov 2017 21:15:07 API.py [line:712] INFO 934047704434466816
Fri 24 Nov 2017 21:15:08 API.py [line:712] INFO 934047711573233664
Fri 24 Nov 2017 21:15:08 API.py [line:712] INFO 934047713599086592
Fri 24 Nov 2017 21:15:08 API.py [line:712] INFO 934047713984897025
Fri 24 Nov 2017 21:15:09 API.py [line:712] INFO 934047717424234496
Fri 24 Nov 2017 21:15:09 API.py [line:712] INFO 934047719454322688
Fri 24 Nov 2017 21:15:10 API.py [line:712] INFO 934047719286550528
Fri 24 Nov 2017 21:15:10 API.py [line:712] INFO 934047720544849920
Fri 24 Nov 2017 21:15:10 API.py [line:712] INFO 934047720846671873
Fri 24 Nov 2017 21:15:10 API.py [line:712] INFO 934047722054868992
Fri 24 Nov 2017 21:15:10 API.py [line:712] INFO 934047723652898816
Fri 24 Nov 2017 21:15:10 API.py [line:712] INFO 934047723757690881
Fri 24 Nov 2017 21:15:11 API.py [line:712] INFO 934047725426941952
Fri 24 Nov 2017 21:15:11 API.py [line:712] INFO 934047725783584768
Fri 24 Nov 2017 21:15:11 API.py [line:712] INFO 934047727830425600
Fri 24 Nov 2017 21:15:11 API.py [line:712] INFO 934047726286917633
Fri 24 Nov 2017 21:15:12 API.py [line:712] INFO 934047728916729857
Fri 24 Nov 2017 21:15:12 API.py [line:712] INFO 934047729214525440
Fri 24 Nov 2017 21:15:12 API.py [line:712] INFO 934047729583640576
Fri 24 Nov 2017 21:15:12 API.py [line:712] INFO 934047730199969793
Fri 24 Nov 2017 21:15:12 API.py [line:712] INFO 934047731445911552
Fri 24 Nov 2017 21:15:12 API.py [line:712] INFO 934047732951498752
Fri 24 Nov 2017 21:15:13 API.py [line:712] INFO 934047733165334528
Fri 24 Nov 2017 21:15:13 API.py [line:712] INFO 934047733060718593
Fri 24 Nov 2017 21:15:13 API.py [line:712] INFO 934047733287149568
Fri 24 Nov 2017 21:15:13 API.py [line:712] INFO 934047734843052032
Fri 24 Nov 2017 21:15:13 API.py [line:712] INFO 934047735363391489
Fri 24 Nov 2017 21:15:13 API.py [line:712] INFO 934047736336470016
Fri 24 Nov 2017 21:15:13 API.py [line:712] INFO 934047736315363328
Fri 24 Nov 2017 21:15:13 API.py [line:712] INFO 934047736743284737
Fri 24 Nov 2017 21:15:14 API.py [line:712] INFO 934047737921748992
Fri 24 Nov 2017 21:15:15 API.py [line:712] INFO 934047741075968001
Fri 24 Nov 2017 21:15:15 API.py [line:712] INFO 934047740199186433
Fri 24 Nov 2017 21:15:15 API.py [line:712] INFO 934047739687694339
Fri 24 Nov 2017 21:15:16 API.py [line:712] INFO 934047743450013696
Fri 24 Nov 2017 21:15:16 API.py [line:712] INFO 934047745614086144
Fri 24 Nov 2017 21:15:16 API.py [line:712] INFO 934047745647640576
Fri 24 Nov 2017 21:15:16 API.py [line:712] INFO 934047748013330432
Fri 24 Nov 2017 21:15:17 API.py [line:712] INFO 934047749649190912
Fri 24 Nov 2017 21:15:18 API.py [line:712] INFO 934047751146483712
Fri 24 Nov 2017 21:15:18 API.py [line:712] INFO 934047754636185601
Fri 24 Nov 2017 21:15:18 API.py [line:712] INFO 934047756645208064
Fri 24 Nov 2017 21:15:18 API.py [line:712] INFO 934047756997427201
Fri 24 Nov 2017 21:15:20 API.py [line:712] INFO 934047758322778112
Fri 24 Nov 2017 21:15:20 API.py [line:712] INFO 934047761036644352
Fri 24 Nov 2017 21:15:20 API.py [line:712] INFO 934047761883914240
Fri 24 Nov 2017 21:15:20 API.py [line:712] INFO 934047762470989826
Fri 24 Nov 2017 21:15:20 API.py [line:712] INFO 934047764899561473
Fri 24 Nov 2017 21:15:20 API.py [line:712] INFO 934047765046337536
Fri 24 Nov 2017 21:15:20 API.py [line:712] INFO 934047765570736129
Fri 24 Nov 2017 21:15:21 API.py [line:712] INFO 934047766065623040
Fri 24 Nov 2017 21:15:21 API.py [line:712] INFO 934047767013371904
Fri 24 Nov 2017 21:15:21 API.py [line:712] INFO 934047767873200128
Fri 24 Nov 2017 21:15:21 API.py [line:712] INFO 934047768317956096
Fri 24 Nov 2017 21:15:21 API.py [line:712] INFO 934047769274314753
Fri 24 Nov 2017 21:15:22 API.py [line:712] INFO 934047770868113408
Fri 24 Nov 2017 21:15:22 API.py [line:712] INFO 934047771778322433
Fri 24 Nov 2017 21:15:22 API.py [line:712] INFO 934047772675792896
Fri 24 Nov 2017 21:15:22 API.py [line:712] INFO 934047772654882816
Fri 24 Nov 2017 21:15:22 API.py [line:712] INFO 934047772780716032
Fri 24 Nov 2017 21:15:22 API.py [line:712] INFO 934047773028159488
Fri 24 Nov 2017 21:15:22 API.py [line:712] INFO 934047773808316416
Fri 24 Nov 2017 21:15:23 API.py [line:712] INFO 934047776148779009
Fri 24 Nov 2017 21:15:23 API.py [line:712] INFO 934047775108583425
Fri 24 Nov 2017 21:15:23 API.py [line:712] INFO 934047776903716864
Fri 24 Nov 2017 21:15:23 API.py [line:712] INFO 934047777020973056
Fri 24 Nov 2017 21:15:23 API.py [line:712] INFO 934047777021157376
Fri 24 Nov 2017 21:15:23 API.py [line:712] INFO 934047777218109440
Fri 24 Nov 2017 21:15:24 API.py [line:712] INFO 934047778652737536
Fri 24 Nov 2017 21:15:24 API.py [line:712] INFO 934047778824695808
Fri 24 Nov 2017 21:15:24 API.py [line:712] INFO 934047779785183233
Fri 24 Nov 2017 21:15:24 API.py [line:712] INFO 934047781617930240
Fri 24 Nov 2017 21:15:24 API.py [line:712] INFO 934047782230462464
Fri 24 Nov 2017 21:15:26 API.py [line:712] INFO 934047790354767879
Fri 24 Nov 2017 21:15:27 API.py [line:712] INFO 934047791730618368
Fri 24 Nov 2017 21:15:27 API.py [line:712] INFO 934047791789236224
Fri 24 Nov 2017 21:15:27 API.py [line:712] INFO 934047792372125696
Fri 24 Nov 2017 21:15:28 API.py [line:712] INFO 934047795094228993
Fri 24 Nov 2017 21:15:28 API.py [line:712] INFO 934047795908050944
Fri 24 Nov 2017 21:15:28 API.py [line:712] INFO 934047795757113344
Fri 24 Nov 2017 21:15:28 API.py [line:712] INFO 934047797938212866
Fri 24 Nov 2017 21:15:28 API.py [line:712] INFO 934047798156251136
Fri 24 Nov 2017 21:15:29 API.py [line:712] INFO 934047798831480832
Fri 24 Nov 2017 21:15:29 API.py [line:712] INFO 934047800467251201
Fri 24 Nov 2017 21:15:29 API.py [line:712] INFO 934047801041936386
Fri 24 Nov 2017 21:15:29 API.py [line:712] INFO 934047803805806593
Fri 24 Nov 2017 21:15:30 API.py [line:712] INFO 934047804820824066
Fri 24 Nov 2017 21:15:30 API.py [line:712] INFO 934047806792269824
Fri 24 Nov 2017 21:15:30 API.py [line:712] INFO 934047806721085440
Fri 24 Nov 2017 21:15:30 API.py [line:712] INFO 934047808771915776
Fri 24 Nov 2017 21:15:31 API.py [line:712] INFO 934047809975676931
Fri 24 Nov 2017 21:15:31 API.py [line:712] INFO 934047809791320066
Fri 24 Nov 2017 21:15:31 API.py [line:712] INFO 934047812026642432
Fri 24 Nov 2017 21:15:32 API.py [line:712] INFO 934047812689547264
Fri 24 Nov 2017 21:15:32 API.py [line:712] INFO 934047813549350912
Fri 24 Nov 2017 21:15:33 API.py [line:712] INFO 934047817047334912
Fri 24 Nov 2017 21:15:33 API.py [line:712] INFO 934047819580805120
Fri 24 Nov 2017 21:15:34 API.py [line:712] INFO 934047820595658752
Fri 24 Nov 2017 21:15:34 API.py [line:712] INFO 934047821795389441
Fri 24 Nov 2017 21:15:34 API.py [line:712] INFO 934047823364018176
Fri 24 Nov 2017 21:15:35 API.py [line:712] INFO 934047823762374657
Fri 24 Nov 2017 21:15:35 API.py [line:712] INFO 934047825800847360
Fri 24 Nov 2017 21:15:35 API.py [line:712] INFO 934047826337845248
Fri 24 Nov 2017 21:15:35 API.py [line:712] INFO 934047827029663744
Fri 24 Nov 2017 21:15:35 API.py [line:712] INFO 934047828275548160
Fri 24 Nov 2017 21:15:36 API.py [line:712] INFO 934047829248573441
Fri 24 Nov 2017 21:15:36 API.py [line:712] INFO 934047829697249285
Fri 24 Nov 2017 21:15:37 API.py [line:712] INFO 934047832255926273
Fri 24 Nov 2017 21:15:37 API.py [line:712] INFO 934047832868311046
Fri 24 Nov 2017 21:15:37 API.py [line:712] INFO 934047833413611520
Fri 24 Nov 2017 21:15:37 API.py [line:712] INFO 934047837288931333
Fri 24 Nov 2017 21:15:38 API.py [line:712] INFO 934047839356731392
Fri 24 Nov 2017 21:15:38 API.py [line:712] INFO 934047840120090625
Fri 24 Nov 2017 21:15:38 API.py [line:712] INFO 934047841168715776
Fri 24 Nov 2017 21:15:39 API.py [line:712] INFO 934047841403650048
Fri 24 Nov 2017 21:15:39 API.py [line:712] INFO 934047842183901184
Fri 24 Nov 2017 21:15:39 API.py [line:712] INFO 934047844427882496
Fri 24 Nov 2017 21:15:40 API.py [line:712] INFO 934047847787347968
Fri 24 Nov 2017 21:15:40 API.py [line:712] INFO 934047847904882690
Fri 24 Nov 2017 21:15:41 API.py [line:712] INFO 934047850870210561
Fri 24 Nov 2017 21:15:41 API.py [line:712] INFO 934047852527079425
Fri 24 Nov 2017 21:15:41 API.py [line:712] INFO 934047853248311296
Fri 24 Nov 2017 21:15:41 API.py [line:712] INFO 934047853672124418
Fri 24 Nov 2017 21:15:42 API.py [line:712] INFO 934047855471243264
Fri 24 Nov 2017 21:15:42 API.py [line:712] INFO 934047855815413760
Fri 24 Nov 2017 21:15:42 API.py [line:712] INFO 934047856285175808
Fri 24 Nov 2017 21:15:42 API.py [line:712] INFO 934047857434349568
Fri 24 Nov 2017 21:15:42 API.py [line:712] INFO 934047858583638016
Fri 24 Nov 2017 21:15:44 API.py [line:712] INFO 934047860592726016
Fri 24 Nov 2017 21:15:44 API.py [line:712] INFO 934047861976657920
Fri 24 Nov 2017 21:15:44 API.py [line:712] INFO 934047861498552325
Fri 24 Nov 2017 21:15:44 API.py [line:712] INFO 934047862966575104
Fri 24 Nov 2017 21:15:44 API.py [line:712] INFO 934047865755840512
Fri 24 Nov 2017 21:15:45 API.py [line:712] INFO 934047866376597504
Fri 24 Nov 2017 21:15:45 API.py [line:712] INFO 934047870499647490
Fri 24 Nov 2017 21:15:45 API.py [line:712] INFO 934047870717693954
Fri 24 Nov 2017 21:15:45 API.py [line:712] INFO 934047870927323136
Fri 24 Nov 2017 21:15:47 API.py [line:712] INFO 934047876673622017
Fri 24 Nov 2017 21:15:47 API.py [line:712] INFO 934047878800138240
Fri 24 Nov 2017 21:15:48 API.py [line:712] INFO 934047881190825984
Fri 24 Nov 2017 21:15:49 API.py [line:712] INFO 934047881501212673
Fri 24 Nov 2017 21:15:49 API.py [line:712] INFO 934047882281472001
Fri 24 Nov 2017 21:15:49 API.py [line:712] INFO 934047884168847360
Fri 24 Nov 2017 21:15:49 API.py [line:712] INFO 934047885632655360
Fri 24 Nov 2017 21:15:50 API.py [line:712] INFO 934047886547013632
Fri 24 Nov 2017 21:15:50 API.py [line:712] INFO 934047887582904322
Fri 24 Nov 2017 21:15:50 API.py [line:712] INFO 934047888790949889
Fri 24 Nov 2017 21:15:50 API.py [line:712] INFO 934047889965191168
Fri 24 Nov 2017 21:15:50 API.py [line:712] INFO 934047891211063297
Fri 24 Nov 2017 21:15:51 API.py [line:712] INFO 934047893576613888
Fri 24 Nov 2017 21:15:52 API.py [line:712] INFO 934047897519144960
Fri 24 Nov 2017 21:15:52 API.py [line:712] INFO 934047897217323008
Fri 24 Nov 2017 21:15:52 API.py [line:712] INFO 934047898106585088
Fri 24 Nov 2017 21:15:52 API.py [line:712] INFO 934047899389972480
Fri 24 Nov 2017 21:15:52 API.py [line:712] INFO 934047898970583040
Fri 24 Nov 2017 21:15:52 API.py [line:712] INFO 934047900660912128
Fri 24 Nov 2017 21:15:53 API.py [line:712] INFO 934047901021622272
Fri 24 Nov 2017 21:15:53 API.py [line:712] INFO 934047902066008066
Fri 24 Nov 2017 21:15:53 API.py [line:712] INFO 934047902653038597
Fri 24 Nov 2017 21:15:53 API.py [line:712] INFO 934047902850105345
Fri 24 Nov 2017 21:15:53 API.py [line:712] INFO 934047902296690690
Fri 24 Nov 2017 21:15:53 API.py [line:712] INFO 934047903009648641
Fri 24 Nov 2017 21:15:54 API.py [line:712] INFO 934047906327228416
Fri 24 Nov 2017 21:15:54 API.py [line:712] INFO 934047908088905729
Fri 24 Nov 2017 21:15:55 API.py [line:712] INFO 934047911096107009
Fri 24 Nov 2017 21:15:56 API.py [line:712] INFO 934047912228802560
Fri 24 Nov 2017 21:15:56 API.py [line:712] INFO 934047916397875200
Fri 24 Nov 2017 21:15:57 API.py [line:712] INFO 934047919958872064
Fri 24 Nov 2017 21:15:58 API.py [line:712] INFO 934047921347076096
Fri 24 Nov 2017 21:15:58 API.py [line:712] INFO 934047920881569794
Fri 24 Nov 2017 21:15:58 API.py [line:712] INFO 934047925117825024
Fri 24 Nov 2017 21:15:58 API.py [line:712] INFO 934047925918875651
Fri 24 Nov 2017 21:15:59 API.py [line:712] INFO 934047926392848385
Fri 24 Nov 2017 21:16:00 API.py [line:712] INFO 934047930788564997
Fri 24 Nov 2017 21:16:01 API.py [line:712] INFO 934047936102780928
Fri 24 Nov 2017 21:16:01 API.py [line:712] INFO 934047938292023298
Fri 24 Nov 2017 21:16:02 API.py [line:712] INFO 934047940737470464
Fri 24 Nov 2017 21:16:04 API.py [line:712] INFO 934047947209236480
Fri 24 Nov 2017 21:16:06 API.py [line:712] INFO 934047950581518337
Fri 24 Nov 2017 21:16:06 API.py [line:712] INFO 934047956784775169
Fri 24 Nov 2017 21:16:06 API.py [line:712] INFO 934047958336704512
Fri 24 Nov 2017 21:16:07 API.py [line:712] INFO 934047961125752832
Fri 24 Nov 2017 21:16:08 API.py [line:712] INFO 934047964896444416
Fri 24 Nov 2017 21:16:08 API.py [line:712] INFO 934047965278294016
Fri 24 Nov 2017 21:16:09 API.py [line:712] INFO 934047966922502144
Fri 24 Nov 2017 21:16:09 API.py [line:712] INFO 934047967895470081
Fri 24 Nov 2017 21:16:09 API.py [line:712] INFO 934047968323342336
Fri 24 Nov 2017 21:16:09 API.py [line:712] INFO 934047968851779584
Fri 24 Nov 2017 21:16:09 API.py [line:712] INFO 934047970286239744
Fri 24 Nov 2017 21:16:09 API.py [line:712] INFO 934047970726744064
Fri 24 Nov 2017 21:16:09 API.py [line:712] INFO 934047971380887552
Fri 24 Nov 2017 21:16:11 API.py [line:712] INFO 934047974304468992
Fri 24 Nov 2017 21:16:11 API.py [line:712] INFO 934047974711275520
Fri 24 Nov 2017 21:16:11 API.py [line:712] INFO 934047975948652544
Fri 24 Nov 2017 21:16:11 API.py [line:712] INFO 934047976166707201
Fri 24 Nov 2017 21:16:11 API.py [line:712] INFO 934047977353699328
Fri 24 Nov 2017 21:16:11 API.py [line:712] INFO 934047977869660160
Fri 24 Nov 2017 21:16:11 API.py [line:712] INFO 934047978016436224
Fri 24 Nov 2017 21:16:11 API.py [line:712] INFO 934047979152982017
Fri 24 Nov 2017 21:16:12 API.py [line:712] INFO 934047980482695168
Fri 24 Nov 2017 21:16:12 API.py [line:712] INFO 934047981166317568
Fri 24 Nov 2017 21:16:12 API.py [line:712] INFO 934047981585817601
Fri 24 Nov 2017 21:16:12 API.py [line:712] INFO 934047983288684549
Fri 24 Nov 2017 21:16:13 API.py [line:712] INFO 934047984525774849
Fri 24 Nov 2017 21:16:13 API.py [line:712] INFO 934047985545154560
Fri 24 Nov 2017 21:16:14 API.py [line:712] INFO 934047987206062080
Fri 24 Nov 2017 21:16:15 API.py [line:712] INFO 934047993803821056
Fri 24 Nov 2017 21:16:15 API.py [line:712] INFO 934047987264901125
Fri 24 Nov 2017 21:16:15 API.py [line:712] INFO 934047993115881474
Fri 24 Nov 2017 21:16:15 API.py [line:712] INFO 934047994449727489
Fri 24 Nov 2017 21:16:15 API.py [line:712] INFO 934047960593297408
Fri 24 Nov 2017 21:16:15 API.py [line:712] INFO 934047995804319744
Fri 24 Nov 2017 21:16:16 API.py [line:712] INFO 934048000351010816
Fri 24 Nov 2017 21:16:18 API.py [line:712] INFO 934048004268367872
Fri 24 Nov 2017 21:16:18 API.py [line:712] INFO 934048001026224128
Fri 24 Nov 2017 21:16:18 API.py [line:712] INFO 934048005535264769
Fri 24 Nov 2017 21:16:18 API.py [line:712] INFO 934048007099764738
Fri 24 Nov 2017 21:16:18 API.py [line:712] INFO 934048009117057025
Fri 24 Nov 2017 21:16:19 API.py [line:712] INFO 934048009331138560
Fri 24 Nov 2017 21:16:19 API.py [line:712] INFO 934048010094313472
Fri 24 Nov 2017 21:16:20 API.py [line:712] INFO 934048013340721155
Fri 24 Nov 2017 21:16:20 API.py [line:712] INFO 934048014733332480
Fri 24 Nov 2017 21:16:20 API.py [line:712] INFO 934048014880137216
Fri 24 Nov 2017 21:16:20 API.py [line:712] INFO 934048016859914241
Fri 24 Nov 2017 21:16:20 API.py [line:712] INFO 934048017665183745
Fri 24 Nov 2017 21:16:21 API.py [line:712] INFO 934048019309264897
Fri 24 Nov 2017 21:16:21 API.py [line:712] INFO 934048019447799809
Fri 24 Nov 2017 21:16:21 API.py [line:712] INFO 934048018155806720
Fri 24 Nov 2017 21:16:21 API.py [line:712] INFO 934048020131434496
Fri 24 Nov 2017 21:16:22 API.py [line:712] INFO 934048022249353216
Fri 24 Nov 2017 21:16:22 API.py [line:712] INFO 934048020710248448
Fri 24 Nov 2017 21:16:22 API.py [line:712] INFO 934048023121772545
Fri 24 Nov 2017 21:16:22 API.py [line:712] INFO 934048025437229057
Fri 24 Nov 2017 21:16:22 API.py [line:712] INFO 934048025760149504
Fri 24 Nov 2017 21:16:23 API.py [line:712] INFO 934048027899150336
Fri 24 Nov 2017 21:16:23 API.py [line:712] INFO 934048029564338182
Fri 24 Nov 2017 21:16:24 API.py [line:712] INFO 934048030705274880
Fri 24 Nov 2017 21:16:24 API.py [line:712] INFO 934048033205051394
Fri 24 Nov 2017 21:16:24 API.py [line:712] INFO 934048034073165825
Fri 24 Nov 2017 21:16:26 API.py [line:712] INFO 934048039144247296
Fri 24 Nov 2017 21:16:26 API.py [line:712] INFO 934048041245425665
Fri 24 Nov 2017 21:16:26 API.py [line:712] INFO 934048041899909120
Fri 24 Nov 2017 21:16:27 API.py [line:712] INFO 934048046358450176
Fri 24 Nov 2017 21:16:28 API.py [line:712] INFO 934048050619867136
Fri 24 Nov 2017 21:16:29 API.py [line:712] INFO 934048052196753410
Fri 24 Nov 2017 21:16:29 API.py [line:712] INFO 934048054411345920
Fri 24 Nov 2017 21:16:30 API.py [line:712] INFO 934048056382603264
Fri 24 Nov 2017 21:16:31 API.py [line:712] INFO 934048058588958720
Fri 24 Nov 2017 21:16:31 API.py [line:712] INFO 934048058769362944
Fri 24 Nov 2017 21:16:32 API.py [line:712] INFO 934048063592820741
Fri 24 Nov 2017 21:16:32 API.py [line:712] INFO 934048065706749952
Fri 24 Nov 2017 21:16:33 API.py [line:712] INFO 934048067606769664
Fri 24 Nov 2017 21:16:33 API.py [line:712] INFO 934048068558757888
Fri 24 Nov 2017 21:16:33 API.py [line:712] INFO 934048071142350848
Fri 24 Nov 2017 21:16:34 API.py [line:712] INFO 934048075097825280
Fri 24 Nov 2017 21:16:34 API.py [line:712] INFO 934048075223531520
Fri 24 Nov 2017 21:16:35 API.py [line:712] INFO 934048076272193536
Fri 24 Nov 2017 21:16:35 API.py [line:712] INFO 934048076825628673
Fri 24 Nov 2017 21:16:35 API.py [line:712] INFO 934048079346651141
Fri 24 Nov 2017 21:16:36 API.py [line:712] INFO 934048081800081409
Fri 24 Nov 2017 21:16:36 API.py [line:712] INFO 934048084035694592
Fri 24 Nov 2017 21:16:37 API.py [line:712] INFO 934048086195949568
Fri 24 Nov 2017 21:16:37 API.py [line:712] INFO 934048087471001600
Fri 24 Nov 2017 21:16:39 API.py [line:712] INFO 934048090855747584
Fri 24 Nov 2017 21:16:39 API.py [line:712] INFO 934048093263351808
Fri 24 Nov 2017 21:16:39 API.py [line:712] INFO 934048094865575937
Fri 24 Nov 2017 21:16:40 API.py [line:712] INFO 934048097348521984
Fri 24 Nov 2017 21:16:40 API.py [line:712] INFO 934048097860284416
Fri 24 Nov 2017 21:16:40 API.py [line:712] INFO 934048097965047808
Fri 24 Nov 2017 21:16:40 API.py [line:712] INFO 934048098367676417
Fri 24 Nov 2017 21:16:40 API.py [line:712] INFO 934048099273654272
Fri 24 Nov 2017 21:16:40 API.py [line:712] INFO 934048100615966720
Fri 24 Nov 2017 21:16:41 API.py [line:712] INFO 934048102931140609
Fri 24 Nov 2017 21:16:41 API.py [line:712] INFO 934048102897668096
Fri 24 Nov 2017 21:16:41 API.py [line:712] INFO 934048103845507072
Fri 24 Nov 2017 21:16:41 API.py [line:712] INFO 934048105640747008
Fri 24 Nov 2017 21:16:42 API.py [line:712] INFO 934048106022187008
Fri 24 Nov 2017 21:16:42 API.py [line:712] INFO 934048106630430720
Fri 24 Nov 2017 21:16:42 API.py [line:712] INFO 934048107989311488
Fri 24 Nov 2017 21:16:44 API.py [line:712] INFO 934048116021501952
Fri 24 Nov 2017 21:16:44 API.py [line:712] INFO 934048117305028608
Fri 24 Nov 2017 21:16:45 API.py [line:712] INFO 934048119628681216
Fri 24 Nov 2017 21:16:45 API.py [line:712] INFO 934048121029500929
Fri 24 Nov 2017 21:16:46 API.py [line:712] INFO 934048123059499010
Fri 24 Nov 2017 21:16:46 API.py [line:712] INFO 934048123860680710
Fri 24 Nov 2017 21:16:46 API.py [line:712] INFO 934048123864920064
Fri 24 Nov 2017 21:16:47 API.py [line:712] INFO 934048129787232261
Fri 24 Nov 2017 21:16:48 API.py [line:712] INFO 934048130575798273
Fri 24 Nov 2017 21:16:48 API.py [line:712] INFO 934048132194639873
Fri 24 Nov 2017 21:16:49 API.py [line:712] INFO 934048133977292800
Fri 24 Nov 2017 21:16:49 API.py [line:712] INFO 934048135525134336
Fri 24 Nov 2017 21:16:49 API.py [line:712] INFO 934048138045747202
Fri 24 Nov 2017 21:16:51 API.py [line:712] INFO 934048140247871488
Fri 24 Nov 2017 21:16:51 API.py [line:712] INFO 934048143741566976
Fri 24 Nov 2017 21:16:51 API.py [line:712] INFO 934048144689528833
Fri 24 Nov 2017 21:16:51 API.py [line:712] INFO 934048144756789248
Fri 24 Nov 2017 21:16:51 API.py [line:712] INFO 934048146166108160
Fri 24 Nov 2017 21:16:51 API.py [line:712] INFO 934048147516436485
Fri 24 Nov 2017 21:16:52 API.py [line:712] INFO 934048148808351746
Fri 24 Nov 2017 21:16:52 API.py [line:712] INFO 934048147864727552
Fri 24 Nov 2017 21:16:53 API.py [line:712] INFO 934048153501827072
Fri 24 Nov 2017 21:16:53 API.py [line:712] INFO 934048153493483520
Fri 24 Nov 2017 21:16:53 API.py [line:712] INFO 934048154042994688
Fri 24 Nov 2017 21:16:53 API.py [line:712] INFO 934048153921232896
Fri 24 Nov 2017 21:16:53 API.py [line:712] INFO 934048154420436995
Fri 24 Nov 2017 21:16:54 API.py [line:712] INFO 934048157620609024
Fri 24 Nov 2017 21:16:54 API.py [line:712] INFO 934048158165876736
Fri 24 Nov 2017 21:16:55 API.py [line:712] INFO 934048161215082496
Fri 24 Nov 2017 21:16:55 API.py [line:712] INFO 934048162225979392
Fri 24 Nov 2017 21:16:55 API.py [line:712] INFO 934048163442200576
Fri 24 Nov 2017 21:16:56 API.py [line:712] INFO 934048166311317505
Fri 24 Nov 2017 21:16:56 API.py [line:712] INFO 934048168618033152
Fri 24 Nov 2017 21:16:57 API.py [line:712] INFO 934048170526625794
Fri 24 Nov 2017 21:16:57 API.py [line:712] INFO 934048170715373568
Fri 24 Nov 2017 21:16:59 API.py [line:712] INFO 934048176708947969
Fri 24 Nov 2017 21:16:59 API.py [line:712] INFO 934048178738888704
Fri 24 Nov 2017 21:16:59 API.py [line:712] INFO 934048178512547841
Fri 24 Nov 2017 21:16:59 API.py [line:712] INFO 934048179569471488
Fri 24 Nov 2017 21:16:59 API.py [line:712] INFO 934048179879923712
Fri 24 Nov 2017 21:16:59 API.py [line:712] INFO 934048180370624518
Fri 24 Nov 2017 21:17:00 API.py [line:712] INFO 934048182828486662
Fri 24 Nov 2017 21:17:00 API.py [line:712] INFO 934048183243673605
Fri 24 Nov 2017 21:17:01 API.py [line:712] INFO 934048188071366656
Fri 24 Nov 2017 21:17:02 API.py [line:712] INFO 934048189166112768
Fri 24 Nov 2017 21:17:02 API.py [line:712] INFO 934048189686145025
Fri 24 Nov 2017 21:17:02 API.py [line:712] INFO 934048189757513728
Fri 24 Nov 2017 21:17:03 API.py [line:712] INFO 934048191112151042
Fri 24 Nov 2017 21:17:03 API.py [line:712] INFO 934048193670660096
Fri 24 Nov 2017 21:17:03 API.py [line:712] INFO 934048194249592832
Fri 24 Nov 2017 21:17:03 API.py [line:712] INFO 934048196459761665
Fri 24 Nov 2017 21:17:04 API.py [line:712] INFO 934048197131063297
Fri 24 Nov 2017 21:17:04 API.py [line:712] INFO 934048200016633856
Fri 24 Nov 2017 21:17:04 API.py [line:712] INFO 934048200310317057
Fri 24 Nov 2017 21:17:04 API.py [line:712] INFO 934048201908342785
Fri 24 Nov 2017 21:17:05 API.py [line:712] INFO 934048203380482048
Fri 24 Nov 2017 21:17:05 API.py [line:712] INFO 934048203044945920
Fri 24 Nov 2017 21:17:06 API.py [line:712] INFO 934048207142838272
Fri 24 Nov 2017 21:17:07 API.py [line:712] INFO 934048209680207872
Fri 24 Nov 2017 21:17:07 API.py [line:712] INFO 934048209969844225
Fri 24 Nov 2017 21:17:07 API.py [line:712] INFO 934048214424215552
Fri 24 Nov 2017 21:17:07 API.py [line:712] INFO 934048215107739649
Fri 24 Nov 2017 21:17:08 API.py [line:712] INFO 934048215334301697
Fri 24 Nov 2017 21:17:08 API.py [line:712] INFO 934048217209167873
Fri 24 Nov 2017 21:17:09 API.py [line:712] INFO 934048217511202816
Fri 24 Nov 2017 21:17:09 API.py [line:712] INFO 934048222363963392
Fri 24 Nov 2017 21:17:09 API.py [line:712] INFO 934048222246400000
Fri 24 Nov 2017 21:17:10 API.py [line:712] INFO 934048220505935872
Fri 24 Nov 2017 21:17:10 API.py [line:712] INFO 934048225144664064
Fri 24 Nov 2017 21:17:11 API.py [line:712] INFO 934048230387716096
Fri 24 Nov 2017 21:17:11 API.py [line:712] INFO 934048230903398400
Fri 24 Nov 2017 21:17:12 API.py [line:712] INFO 934048233508229125
Fri 24 Nov 2017 21:17:12 API.py [line:712] INFO 934048230635200512
Fri 24 Nov 2017 21:17:13 API.py [line:712] INFO 934048236595183616
Fri 24 Nov 2017 21:17:13 API.py [line:712] INFO 934048236704235522
Fri 24 Nov 2017 21:17:13 API.py [line:712] INFO 934048236855316480
Fri 24 Nov 2017 21:17:13 API.py [line:712] INFO 934048238453354496
Fri 24 Nov 2017 21:17:13 API.py [line:712] INFO 934048229712384000
Fri 24 Nov 2017 21:17:13 API.py [line:712] INFO 934048240248508417
Fri 24 Nov 2017 21:17:14 API.py [line:712] INFO 934048240839794688
Fri 24 Nov 2017 21:17:14 API.py [line:712] INFO 934048242425257984
Fri 24 Nov 2017 21:17:14 API.py [line:712] INFO 934048243658448896
Fri 24 Nov 2017 21:17:15 API.py [line:712] INFO 934048243838783488
Fri 24 Nov 2017 21:17:15 API.py [line:712] INFO 934048246011490306
Fri 24 Nov 2017 21:17:15 API.py [line:712] INFO 934048247441698816
Fri 24 Nov 2017 21:17:16 API.py [line:712] INFO 934048247966027776
Fri 24 Nov 2017 21:17:16 API.py [line:712] INFO 934048249710829568
Fri 24 Nov 2017 21:17:16 API.py [line:712] INFO 934048250604253184
Fri 24 Nov 2017 21:17:16 API.py [line:712] INFO 934048251627663360
Fri 24 Nov 2017 21:17:17 API.py [line:712] INFO 934048255473803269
Fri 24 Nov 2017 21:17:18 API.py [line:712] INFO 934048257696718848
Fri 24 Nov 2017 21:17:18 API.py [line:712] INFO 934048257973653506
Fri 24 Nov 2017 21:17:19 API.py [line:712] INFO 934048258854412288
Fri 24 Nov 2017 21:17:19 API.py [line:712] INFO 934048261849206786
Fri 24 Nov 2017 21:17:19 API.py [line:712] INFO 934048262964895744
Fri 24 Nov 2017 21:17:19 API.py [line:712] INFO 934048263057092608
Fri 24 Nov 2017 21:17:19 API.py [line:712] INFO 934048263531089921
Fri 24 Nov 2017 21:17:19 API.py [line:712] INFO 934048264780906496
Fri 24 Nov 2017 21:17:20 API.py [line:712] INFO 934048267641356288
Fri 24 Nov 2017 21:17:21 API.py [line:712] INFO 934048270057443328
Fri 24 Nov 2017 21:17:21 API.py [line:712] INFO 934048268513955840
Fri 24 Nov 2017 21:17:21 API.py [line:712] INFO 934048272792129537
Fri 24 Nov 2017 21:17:22 API.py [line:712] INFO 934048271835848705
Fri 24 Nov 2017 21:17:23 API.py [line:712] INFO 934048279523835907
Fri 24 Nov 2017 21:17:23 API.py [line:712] INFO 934048279377141760
Fri 24 Nov 2017 21:17:23 API.py [line:712] INFO 934048281822457857
Fri 24 Nov 2017 21:17:24 API.py [line:712] INFO 934048283248410624
Fri 24 Nov 2017 21:17:24 API.py [line:712] INFO 934048284947070976
Fri 24 Nov 2017 21:17:24 API.py [line:712] INFO 934048284997496832
Fri 24 Nov 2017 21:17:25 API.py [line:712] INFO 934048285106556928
Fri 24 Nov 2017 21:17:25 API.py [line:712] INFO 934048285555294210
Fri 24 Nov 2017 21:17:25 API.py [line:712] INFO 934048286893371392
Fri 24 Nov 2017 21:17:25 API.py [line:712] INFO 934048289904881666
Fri 24 Nov 2017 21:17:26 API.py [line:712] INFO 934048290689241089
Fri 24 Nov 2017 21:17:27 API.py [line:712] INFO 934048294023528449
Fri 24 Nov 2017 21:17:27 API.py [line:712] INFO 934048295802023936
Fri 24 Nov 2017 21:17:27 API.py [line:712] INFO 934048296368185344
