Mon 20 Nov 2017 16:36:21 API.py [line:660] INFO start
Mon 20 Nov 2017 16:36:21 API.py [line:692] INFO thread 0 start.
Mon 20 Nov 2017 16:36:21 API.py [line:695] INFO thread 0's token_index 487
Mon 20 Nov 2017 16:36:21 API.py [line:696] INFO {u'access_token': u'727073334697988096-MSAiAgsiuxBJMXS41HAJdEnN1iQVGfK', u'consumer_secret': u'LivsS9DTKh4Xmfo2vOG2tpKmrj8lxsYqiDgZLamPBJahFqnjUo', u'consumer_key': u'fO4lXV6LLz5e1Ew6uRDtvXpIQ', u'access_token_secret': u'EWz0np2RNQhpXfQh18CSnpXwzRv0sAxE0kNs4dFIA9aty'}
Mon 20 Nov 2017 16:36:21 API.py [line:697] INFO [u'shooting,china']
Mon 20 Nov 2017 16:36:21 API.py [line:698] INFO ['192.168.1.148:8118']
Mon 20 Nov 2017 16:36:24 API.py [line:712] INFO 932528035999485953
Mon 20 Nov 2017 16:36:24 API.py [line:712] INFO 932528036095725568
Mon 20 Nov 2017 16:36:25 API.py [line:712] INFO 932528039279280133
Mon 20 Nov 2017 16:36:25 API.py [line:712] INFO 932528040676024320
Mon 20 Nov 2017 16:36:25 API.py [line:712] INFO 932528041171083264
Mon 20 Nov 2017 16:36:25 API.py [line:712] INFO 932528041372381184
Mon 20 Nov 2017 16:36:26 API.py [line:712] INFO 932528041695133696
Mon 20 Nov 2017 16:36:26 API.py [line:712] INFO 932528041884114945
Mon 20 Nov 2017 16:36:26 API.py [line:712] INFO 932528042458669056
Mon 20 Nov 2017 16:36:26 API.py [line:712] INFO 932528043050110981
Mon 20 Nov 2017 16:36:26 API.py [line:712] INFO 932528044178210816
Mon 20 Nov 2017 16:36:26 API.py [line:712] INFO 932528044060938240
Mon 20 Nov 2017 16:36:27 API.py [line:712] INFO 932528047156207616
Mon 20 Nov 2017 16:36:27 API.py [line:712] INFO 932528049748414465
Mon 20 Nov 2017 16:36:28 API.py [line:712] INFO 932528051577028608
Mon 20 Nov 2017 16:36:28 API.py [line:712] INFO 932528052050915328
Mon 20 Nov 2017 16:36:28 API.py [line:712] INFO 932528053590413312
Mon 20 Nov 2017 16:36:29 API.py [line:712] INFO 932528054668222464
Mon 20 Nov 2017 16:36:29 API.py [line:712] INFO 932528055188209664
Mon 20 Nov 2017 16:36:29 API.py [line:712] INFO 932528055892852737
Mon 20 Nov 2017 16:36:29 API.py [line:712] INFO 932528054857027584
Mon 20 Nov 2017 16:36:29 API.py [line:712] INFO 932528056044007424
Mon 20 Nov 2017 16:36:29 API.py [line:712] INFO 932528056958365696
Mon 20 Nov 2017 16:36:29 API.py [line:712] INFO 932528057512005633
Mon 20 Nov 2017 16:36:29 API.py [line:712] INFO 932528058434691073
Mon 20 Nov 2017 16:36:30 API.py [line:712] INFO 932528058220892161
Mon 20 Nov 2017 16:36:30 API.py [line:712] INFO 932528059026169857
Mon 20 Nov 2017 16:36:30 API.py [line:712] INFO 932528058598277120
Mon 20 Nov 2017 16:36:30 API.py [line:712] INFO 932528059525271552
Mon 20 Nov 2017 16:36:30 API.py [line:712] INFO 932528059810541568
Mon 20 Nov 2017 16:36:30 API.py [line:712] INFO 932528060175302657
Mon 20 Nov 2017 16:36:30 API.py [line:712] INFO 932528060611661824
Mon 20 Nov 2017 16:36:31 API.py [line:712] INFO 932528063937527815
Mon 20 Nov 2017 16:36:31 API.py [line:712] INFO 932528063967088640
Mon 20 Nov 2017 16:36:31 API.py [line:712] INFO 932528063665070082
Mon 20 Nov 2017 16:36:31 API.py [line:712] INFO 932528064285827072
Mon 20 Nov 2017 16:36:31 API.py [line:712] INFO 932528064646602752
Mon 20 Nov 2017 16:36:32 API.py [line:712] INFO 932528067133747200
Mon 20 Nov 2017 16:36:32 API.py [line:712] INFO 932528067574087681
Mon 20 Nov 2017 16:36:33 API.py [line:712] INFO 932528071546040321
Mon 20 Nov 2017 16:36:33 API.py [line:712] INFO 932528072674471936
Mon 20 Nov 2017 16:36:33 API.py [line:712] INFO 932528073156767744
Mon 20 Nov 2017 16:36:33 API.py [line:712] INFO 932528073962074112
Mon 20 Nov 2017 16:36:33 API.py [line:712] INFO 932528074041843712
Mon 20 Nov 2017 16:36:33 API.py [line:712] INFO 932528074368868352
Mon 20 Nov 2017 16:36:34 API.py [line:712] INFO 932528076935663616
Mon 20 Nov 2017 16:36:34 API.py [line:712] INFO 932528076776509440
Mon 20 Nov 2017 16:36:34 API.py [line:712] INFO 932528077040521221
Mon 20 Nov 2017 16:36:34 API.py [line:712] INFO 932528078198149120
Mon 20 Nov 2017 16:36:34 API.py [line:712] INFO 932528078257098752
Mon 20 Nov 2017 16:36:35 API.py [line:712] INFO 932528079838306304
Mon 20 Nov 2017 16:36:35 API.py [line:712] INFO 932528079850868736
Mon 20 Nov 2017 16:36:35 API.py [line:712] INFO 932528079972589568
Mon 20 Nov 2017 16:36:35 API.py [line:712] INFO 932528080698056704
Mon 20 Nov 2017 16:36:35 API.py [line:712] INFO 932528083206250496
Mon 20 Nov 2017 16:36:36 API.py [line:712] INFO 932528084091224064
Mon 20 Nov 2017 16:36:37 API.py [line:712] INFO 932528089631985664
Mon 20 Nov 2017 16:36:37 API.py [line:712] INFO 932528090516828160
Mon 20 Nov 2017 16:36:37 API.py [line:712] INFO 932528091016155137
Mon 20 Nov 2017 16:36:38 API.py [line:712] INFO 932528095332102144
Mon 20 Nov 2017 16:36:38 API.py [line:712] INFO 932528095558430721
Mon 20 Nov 2017 16:36:38 API.py [line:712] INFO 932528095071895553
Mon 20 Nov 2017 16:36:38 API.py [line:712] INFO 932528095587844098
Mon 20 Nov 2017 16:36:39 API.py [line:712] INFO 932528097005518848
Mon 20 Nov 2017 16:36:39 API.py [line:712] INFO 932528097169235968
Mon 20 Nov 2017 16:36:39 API.py [line:712] INFO 932528098947592193
Mon 20 Nov 2017 16:36:39 API.py [line:712] INFO 932528096628133888
Mon 20 Nov 2017 16:36:40 API.py [line:712] INFO 932528100566556673
Mon 20 Nov 2017 16:36:40 API.py [line:712] INFO 932528100591783936
Mon 20 Nov 2017 16:36:40 API.py [line:712] INFO 932528100289712128
Mon 20 Nov 2017 16:36:40 API.py [line:712] INFO 932528102801997825
Mon 20 Nov 2017 16:36:40 API.py [line:712] INFO 932528103947091968
Mon 20 Nov 2017 16:36:41 API.py [line:712] INFO 932528106790797312
Mon 20 Nov 2017 16:36:41 API.py [line:712] INFO 932528106539311105
Mon 20 Nov 2017 16:36:41 API.py [line:712] INFO 932528107004706816
Mon 20 Nov 2017 16:36:41 API.py [line:712] INFO 932528107168219136
Mon 20 Nov 2017 16:36:41 API.py [line:712] INFO 932528107818332160
Mon 20 Nov 2017 16:36:41 API.py [line:712] INFO 932528108522975232
Mon 20 Nov 2017 16:36:42 API.py [line:712] INFO 932528109999366144
Mon 20 Nov 2017 16:36:42 API.py [line:712] INFO 932528112155406337
Mon 20 Nov 2017 16:36:43 API.py [line:712] INFO 932528114294390784
Mon 20 Nov 2017 16:36:43 API.py [line:712] INFO 932528114726445056
Mon 20 Nov 2017 16:36:43 API.py [line:712] INFO 932528115225645057
Mon 20 Nov 2017 16:36:43 API.py [line:712] INFO 932528114948804608
Mon 20 Nov 2017 16:36:43 API.py [line:712] INFO 932528115041099776
Mon 20 Nov 2017 16:36:43 API.py [line:712] INFO 932528116408508417
Mon 20 Nov 2017 16:36:43 API.py [line:712] INFO 932528116731432962
Mon 20 Nov 2017 16:36:44 API.py [line:712] INFO 932528120199970818
Mon 20 Nov 2017 16:36:45 API.py [line:712] INFO 932528122154635265
Mon 20 Nov 2017 16:36:45 API.py [line:712] INFO 932528122238398464
Mon 20 Nov 2017 16:36:45 API.py [line:712] INFO 932528123769389056
Mon 20 Nov 2017 16:36:45 API.py [line:712] INFO 932528124973084672
Mon 20 Nov 2017 16:36:45 API.py [line:712] INFO 932528124604174336
Mon 20 Nov 2017 16:36:45 API.py [line:712] INFO 932528124616724480
Mon 20 Nov 2017 16:36:45 API.py [line:712] INFO 932528125342236673
Mon 20 Nov 2017 16:36:46 API.py [line:712] INFO 932528125510008832
Mon 20 Nov 2017 16:36:46 API.py [line:712] INFO 932528126160117760
Mon 20 Nov 2017 16:36:46 API.py [line:712] INFO 932528127796043776
Mon 20 Nov 2017 16:36:46 API.py [line:712] INFO 932528127229681664
Mon 20 Nov 2017 16:36:46 API.py [line:712] INFO 932528129373097984
Mon 20 Nov 2017 16:36:47 API.py [line:712] INFO 932528130119602176
Mon 20 Nov 2017 16:36:47 API.py [line:712] INFO 932528129888997376
Mon 20 Nov 2017 16:36:47 API.py [line:712] INFO 932528130597752832
Mon 20 Nov 2017 16:36:47 API.py [line:712] INFO 932528132292268032
Mon 20 Nov 2017 16:36:47 API.py [line:712] INFO 932528132611067905
Mon 20 Nov 2017 16:36:48 API.py [line:712] INFO 932528131369504768
Mon 20 Nov 2017 16:36:48 API.py [line:712] INFO 932528136608034821
Mon 20 Nov 2017 16:36:48 API.py [line:712] INFO 932528137866481664
Mon 20 Nov 2017 16:36:49 API.py [line:712] INFO 932528138080231424
Mon 20 Nov 2017 16:36:49 API.py [line:712] INFO 932528138801827840
Mon 20 Nov 2017 16:36:49 API.py [line:712] INFO 932528139082829830
Mon 20 Nov 2017 16:36:49 API.py [line:712] INFO 932528139351273472
Mon 20 Nov 2017 16:36:49 API.py [line:712] INFO 932528139606958080
Mon 20 Nov 2017 16:36:49 API.py [line:712] INFO 932528139804299266
Mon 20 Nov 2017 16:36:49 API.py [line:712] INFO 932528138940178432
Mon 20 Nov 2017 16:36:49 API.py [line:712] INFO 932528140802560007
Mon 20 Nov 2017 16:36:49 API.py [line:712] INFO 932528141184122880
Mon 20 Nov 2017 16:36:50 API.py [line:712] INFO 932528145328087040
Mon 20 Nov 2017 16:36:51 API.py [line:712] INFO 932528146922004480
Mon 20 Nov 2017 16:36:51 API.py [line:712] INFO 932528148272394241
Mon 20 Nov 2017 16:36:52 API.py [line:712] INFO 932528152487665664
Mon 20 Nov 2017 16:36:53 API.py [line:712] INFO 932528155457331200
Mon 20 Nov 2017 16:36:53 API.py [line:712] INFO 932528158234071041
Mon 20 Nov 2017 16:36:54 API.py [line:712] INFO 932528161035825152
Mon 20 Nov 2017 16:36:54 API.py [line:712] INFO 932528161882914816
Mon 20 Nov 2017 16:36:54 API.py [line:712] INFO 932528162247819265
Mon 20 Nov 2017 16:36:55 API.py [line:712] INFO 932528163405606912
Mon 20 Nov 2017 16:36:55 API.py [line:712] INFO 932528163749470208
Mon 20 Nov 2017 16:36:55 API.py [line:712] INFO 932528164491837440
Mon 20 Nov 2017 16:36:55 API.py [line:712] INFO 932528164990992384
Mon 20 Nov 2017 16:36:55 API.py [line:712] INFO 932528164999389184
Mon 20 Nov 2017 16:36:55 API.py [line:712] INFO 932528165439782913
Mon 20 Nov 2017 16:36:55 API.py [line:712] INFO 932528165859323905
Mon 20 Nov 2017 16:36:55 API.py [line:712] INFO 932528166551334913
Mon 20 Nov 2017 16:36:56 API.py [line:712] INFO 932528167390253056
Mon 20 Nov 2017 16:36:56 API.py [line:712] INFO 932528168791023617
Mon 20 Nov 2017 16:36:56 API.py [line:712] INFO 932528170296926208
Mon 20 Nov 2017 16:36:56 API.py [line:712] INFO 932528170443706368
Mon 20 Nov 2017 16:36:57 API.py [line:712] INFO 932528172574347264
Mon 20 Nov 2017 16:36:57 API.py [line:712] INFO 932528174101090305
Mon 20 Nov 2017 16:36:58 API.py [line:712] INFO 932528176848297985
Mon 20 Nov 2017 16:36:58 API.py [line:712] INFO 932528177276170240
Mon 20 Nov 2017 16:36:58 API.py [line:712] INFO 932528178161074177
Mon 20 Nov 2017 16:36:58 API.py [line:712] INFO 932528178819506178
Mon 20 Nov 2017 16:36:59 API.py [line:712] INFO 932528180774293504
Mon 20 Nov 2017 16:36:59 API.py [line:712] INFO 932528181336084480
Mon 20 Nov 2017 16:36:59 API.py [line:712] INFO 932528181805948928
Mon 20 Nov 2017 16:36:59 API.py [line:712] INFO 932528182703489024
Mon 20 Nov 2017 16:36:59 API.py [line:712] INFO 932528182200291329
Mon 20 Nov 2017 16:37:00 API.py [line:712] INFO 932528184951701504
Mon 20 Nov 2017 16:37:00 API.py [line:712] INFO 932528186264518656
Mon 20 Nov 2017 16:37:00 API.py [line:712] INFO 932528187795439616
Mon 20 Nov 2017 16:37:00 API.py [line:712] INFO 932528187740999680
Mon 20 Nov 2017 16:37:01 API.py [line:712] INFO 932528191133978624
Mon 20 Nov 2017 16:37:01 API.py [line:712] INFO 932528191452966913
Mon 20 Nov 2017 16:37:02 API.py [line:712] INFO 932528193751224320
Mon 20 Nov 2017 16:37:02 API.py [line:712] INFO 932528193176850432
Mon 20 Nov 2017 16:37:02 API.py [line:712] INFO 932528194510405632
Mon 20 Nov 2017 16:37:02 API.py [line:712] INFO 932528194472824832
Mon 20 Nov 2017 16:37:02 API.py [line:712] INFO 932528194011455488
Mon 20 Nov 2017 16:37:02 API.py [line:712] INFO 932528195332579330
Mon 20 Nov 2017 16:37:03 API.py [line:712] INFO 932528197006012416
Mon 20 Nov 2017 16:37:03 API.py [line:712] INFO 932528196469243904
Mon 20 Nov 2017 16:37:03 API.py [line:712] INFO 932528197073117184
Mon 20 Nov 2017 16:37:03 API.py [line:712] INFO 932528194011455488
Mon 20 Nov 2017 16:37:03 API.py [line:712] INFO 932528198025347072
Mon 20 Nov 2017 16:37:03 API.py [line:712] INFO 932528198658789376
Mon 20 Nov 2017 16:37:03 API.py [line:712] INFO 932528198713331712
Mon 20 Nov 2017 16:37:03 API.py [line:712] INFO 932528197874352128
Mon 20 Nov 2017 16:37:03 API.py [line:712] INFO 932528198482583552
Mon 20 Nov 2017 16:37:03 API.py [line:712] INFO 932528198029643776
Mon 20 Nov 2017 16:37:04 API.py [line:712] INFO 932528197601845249
Mon 20 Nov 2017 16:37:04 API.py [line:712] INFO 932528199652687882
Mon 20 Nov 2017 16:37:04 API.py [line:712] INFO 932528200550440960
Mon 20 Nov 2017 16:37:04 API.py [line:712] INFO 932528201821237248
Mon 20 Nov 2017 16:37:04 API.py [line:712] INFO 932528202815234048
Mon 20 Nov 2017 16:37:04 API.py [line:712] INFO 932528203708620800
Mon 20 Nov 2017 16:37:05 API.py [line:712] INFO 932528205264707584
Mon 20 Nov 2017 16:37:05 API.py [line:712] INFO 932528205226958849
Mon 20 Nov 2017 16:37:05 API.py [line:712] INFO 932528206069907456
Mon 20 Nov 2017 16:37:05 API.py [line:712] INFO 932528207240351744
Mon 20 Nov 2017 16:37:05 API.py [line:712] INFO 932528207122911232
Mon 20 Nov 2017 16:37:05 API.py [line:712] INFO 932528209064808448
Mon 20 Nov 2017 16:37:06 API.py [line:712] INFO 932528209966505984
Mon 20 Nov 2017 16:37:06 API.py [line:712] INFO 932528210088288256
Mon 20 Nov 2017 16:37:06 API.py [line:712] INFO 932528211107266562
Mon 20 Nov 2017 16:37:06 API.py [line:712] INFO 932528212785197056
Mon 20 Nov 2017 16:37:06 API.py [line:712] INFO 932528213426716672
Mon 20 Nov 2017 16:37:06 API.py [line:712] INFO 932528213036863488
Mon 20 Nov 2017 16:37:06 API.py [line:712] INFO 932528213485674496
Mon 20 Nov 2017 16:37:07 API.py [line:712] INFO 932528213816832001
Mon 20 Nov 2017 16:37:07 API.py [line:712] INFO 932528215259787264
Mon 20 Nov 2017 16:37:07 API.py [line:712] INFO 932528217553903622
Mon 20 Nov 2017 16:37:08 API.py [line:712] INFO 932528219143598082
Mon 20 Nov 2017 16:37:08 API.py [line:712] INFO 932528220326518785
Mon 20 Nov 2017 16:37:08 API.py [line:712] INFO 932528221316268032
Mon 20 Nov 2017 16:37:08 API.py [line:712] INFO 932528221765226496
Mon 20 Nov 2017 16:37:08 API.py [line:712] INFO 932528221874089984
Mon 20 Nov 2017 16:37:09 API.py [line:712] INFO 932528223514005505
Mon 20 Nov 2017 16:37:09 API.py [line:712] INFO 932528226051809283
Mon 20 Nov 2017 16:37:11 API.py [line:712] INFO 932528233907490817
Mon 20 Nov 2017 16:37:11 API.py [line:712] INFO 932528233769324545
Mon 20 Nov 2017 16:37:11 API.py [line:712] INFO 932528234398236672
Mon 20 Nov 2017 16:37:12 API.py [line:712] INFO 932528235870543872
Mon 20 Nov 2017 16:37:13 API.py [line:712] INFO 932528238836027392
Mon 20 Nov 2017 16:37:13 API.py [line:712] INFO 932528240752840704
Mon 20 Nov 2017 16:37:13 API.py [line:712] INFO 932528242057252864
Mon 20 Nov 2017 16:37:13 API.py [line:712] INFO 932528242854162433
Mon 20 Nov 2017 16:37:14 API.py [line:712] INFO 932528242937999361
Mon 20 Nov 2017 16:37:14 API.py [line:712] INFO 932528243088900096
Mon 20 Nov 2017 16:37:14 API.py [line:712] INFO 932528244498280448
Mon 20 Nov 2017 16:37:14 API.py [line:712] INFO 932528245634977794
Mon 20 Nov 2017 16:37:15 API.py [line:712] INFO 932528247576739842
Mon 20 Nov 2017 16:37:15 API.py [line:712] INFO 932528250412154880
Mon 20 Nov 2017 16:37:15 API.py [line:712] INFO 932528250236043264
Mon 20 Nov 2017 16:37:16 API.py [line:712] INFO 932528251330641921
Mon 20 Nov 2017 16:37:16 API.py [line:712] INFO 932528253033680898
Mon 20 Nov 2017 16:37:16 API.py [line:712] INFO 932528253255876608
Mon 20 Nov 2017 16:37:16 API.py [line:712] INFO 932528252408795136
Mon 20 Nov 2017 16:37:17 API.py [line:712] INFO 932528256020107264
Mon 20 Nov 2017 16:37:17 API.py [line:712] INFO 932528256477052928
Mon 20 Nov 2017 16:37:17 API.py [line:712] INFO 932528258305937413
Mon 20 Nov 2017 16:37:17 API.py [line:712] INFO 932528258792407041
Mon 20 Nov 2017 16:37:18 API.py [line:712] INFO 932528260184809473
Mon 20 Nov 2017 16:37:18 API.py [line:712] INFO 932528262097620992
Mon 20 Nov 2017 16:37:18 API.py [line:712] INFO 932528262139355136
Mon 20 Nov 2017 16:37:18 API.py [line:712] INFO 932528263188054016
Mon 20 Nov 2017 16:37:19 API.py [line:712] INFO 932528264018509826
Mon 20 Nov 2017 16:37:19 API.py [line:712] INFO 932528264073175040
Mon 20 Nov 2017 16:37:19 API.py [line:712] INFO 932528266656620544
Mon 20 Nov 2017 16:37:20 API.py [line:712] INFO 932528268531699712
Mon 20 Nov 2017 16:37:20 API.py [line:712] INFO 932528268720377856
Mon 20 Nov 2017 16:37:20 API.py [line:712] INFO 932528268875632640
Mon 20 Nov 2017 16:37:20 API.py [line:712] INFO 932528269416476673
Mon 20 Nov 2017 16:37:20 API.py [line:712] INFO 932528269886287872
Mon 20 Nov 2017 16:37:20 API.py [line:712] INFO 932528270884593664
Mon 20 Nov 2017 16:37:21 API.py [line:712] INFO 932528273610776576
Mon 20 Nov 2017 16:37:21 API.py [line:712] INFO 932528273606639616
Mon 20 Nov 2017 16:37:21 API.py [line:712] INFO 932528274453999616
Mon 20 Nov 2017 16:37:21 API.py [line:712] INFO 932528275183816704
Mon 20 Nov 2017 16:37:22 API.py [line:712] INFO 932528276580552704
Mon 20 Nov 2017 16:37:22 API.py [line:712] INFO 932528278249922560
Mon 20 Nov 2017 16:37:22 API.py [line:712] INFO 932528279533342720
Mon 20 Nov 2017 16:37:23 API.py [line:712] INFO 932528281018097664
Mon 20 Nov 2017 16:37:23 API.py [line:712] INFO 932528281676603392
Mon 20 Nov 2017 16:37:23 API.py [line:712] INFO 932528282913988608
Mon 20 Nov 2017 16:37:23 API.py [line:712] INFO 932528282737799170
Mon 20 Nov 2017 16:37:23 API.py [line:712] INFO 932528284172242944
Mon 20 Nov 2017 16:37:24 API.py [line:712] INFO 932528284641800193
Mon 20 Nov 2017 16:37:24 API.py [line:712] INFO 932528287934533633
Mon 20 Nov 2017 16:37:25 API.py [line:712] INFO 932528289108889602
Mon 20 Nov 2017 16:37:25 API.py [line:712] INFO 932528289821868033
Mon 20 Nov 2017 16:37:25 API.py [line:712] INFO 932528290308481024
Mon 20 Nov 2017 16:37:25 API.py [line:712] INFO 932528290916597760
Mon 20 Nov 2017 16:37:25 API.py [line:712] INFO 932528291180814336
Mon 20 Nov 2017 16:37:26 API.py [line:712] INFO 932528293257138176
Mon 20 Nov 2017 16:37:26 API.py [line:712] INFO 932528293500375040
Mon 20 Nov 2017 16:37:26 API.py [line:712] INFO 932528294670491648
Mon 20 Nov 2017 16:37:26 API.py [line:712] INFO 932528295895166976
Mon 20 Nov 2017 16:37:26 API.py [line:712] INFO 932528296998395904
Mon 20 Nov 2017 16:37:27 API.py [line:712] INFO 932528298034216965
Mon 20 Nov 2017 16:37:27 API.py [line:712] INFO 932528297790939136
Mon 20 Nov 2017 16:37:27 API.py [line:712] INFO 932528298386739200
Mon 20 Nov 2017 16:37:27 API.py [line:712] INFO 932528300164911106
Mon 20 Nov 2017 16:37:27 API.py [line:712] INFO 932528300404047873
Mon 20 Nov 2017 16:37:28 API.py [line:712] INFO 932528301155016704
Mon 20 Nov 2017 16:37:28 API.py [line:712] INFO 932528302908215296
Mon 20 Nov 2017 16:37:28 API.py [line:712] INFO 932528303541444609
Mon 20 Nov 2017 16:37:28 API.py [line:712] INFO 932528304606781441
Mon 20 Nov 2017 16:37:28 API.py [line:712] INFO 932528305391124480
Mon 20 Nov 2017 16:37:28 API.py [line:712] INFO 932528305579941889
Mon 20 Nov 2017 16:37:29 API.py [line:712] INFO 932528306062106625
Mon 20 Nov 2017 16:37:29 API.py [line:712] INFO 932528306146234369
Mon 20 Nov 2017 16:37:29 API.py [line:712] INFO 932528306674716672
Mon 20 Nov 2017 16:37:29 API.py [line:712] INFO 932528306897018880
Mon 20 Nov 2017 16:37:29 API.py [line:712] INFO 932528309761728512
Mon 20 Nov 2017 16:37:30 API.py [line:712] INFO 932528310227275777
Mon 20 Nov 2017 16:37:30 API.py [line:712] INFO 932528310667509760
Mon 20 Nov 2017 16:37:30 API.py [line:712] INFO 932528311418458112
Mon 20 Nov 2017 16:37:31 API.py [line:712] INFO 932528314509541376
Mon 20 Nov 2017 16:37:31 API.py [line:712] INFO 932528316296388609
Mon 20 Nov 2017 16:37:31 API.py [line:712] INFO 932528317303050240
Mon 20 Nov 2017 16:37:32 API.py [line:712] INFO 932528318653587457
Mon 20 Nov 2017 16:37:32 API.py [line:712] INFO 932528319836377088
Mon 20 Nov 2017 16:37:32 API.py [line:712] INFO 932528319953756160
Mon 20 Nov 2017 16:37:32 API.py [line:712] INFO 932528321153220609
Mon 20 Nov 2017 16:37:32 API.py [line:712] INFO 932528321081909249
Mon 20 Nov 2017 16:37:32 API.py [line:712] INFO 932528321643941889
Mon 20 Nov 2017 16:37:32 API.py [line:712] INFO 932528321283444736
Mon 20 Nov 2017 16:37:32 API.py [line:712] INFO 932528321379913728
Mon 20 Nov 2017 16:37:33 API.py [line:712] INFO 932528321941741568
Mon 20 Nov 2017 16:37:33 API.py [line:712] INFO 932528324097609728
Mon 20 Nov 2017 16:37:33 API.py [line:712] INFO 932528324886147072
Mon 20 Nov 2017 16:37:33 API.py [line:712] INFO 932528324915609601
Mon 20 Nov 2017 16:37:33 API.py [line:712] INFO 932528325498687488
Mon 20 Nov 2017 16:37:33 API.py [line:712] INFO 932528326782177280
Mon 20 Nov 2017 16:37:33 API.py [line:712] INFO 932528326895423491
Mon 20 Nov 2017 16:37:35 API.py [line:712] INFO 932528330917728257
Mon 20 Nov 2017 16:37:35 API.py [line:712] INFO 932528332033241089
Mon 20 Nov 2017 16:37:35 API.py [line:712] INFO 932528332331257856
Mon 20 Nov 2017 16:37:35 API.py [line:712] INFO 932528333069475840
Mon 20 Nov 2017 16:37:35 API.py [line:712] INFO 932528333648269312
Mon 20 Nov 2017 16:37:35 API.py [line:712] INFO 932528333497225217
Mon 20 Nov 2017 16:37:35 API.py [line:712] INFO 932528333539233792
Mon 20 Nov 2017 16:37:35 API.py [line:712] INFO 932528334591971328
Mon 20 Nov 2017 16:37:36 API.py [line:712] INFO 932528338362437632
Mon 20 Nov 2017 16:37:36 API.py [line:712] INFO 932528338316378113
Mon 20 Nov 2017 16:37:36 API.py [line:712] INFO 932528338958249985
Mon 20 Nov 2017 16:37:37 API.py [line:712] INFO 932528342561054722
Mon 20 Nov 2017 16:37:38 API.py [line:712] INFO 932528344431779841
Mon 20 Nov 2017 16:37:38 API.py [line:712] INFO 932528345367175169
Mon 20 Nov 2017 16:37:38 API.py [line:712] INFO 932528346465845248
Mon 20 Nov 2017 16:37:38 API.py [line:712] INFO 932528346826604544
Mon 20 Nov 2017 16:37:38 API.py [line:712] INFO 932528346814205952
Mon 20 Nov 2017 16:37:38 API.py [line:712] INFO 932528346826792960
Mon 20 Nov 2017 16:37:39 API.py [line:712] INFO 932528347820806144
Mon 20 Nov 2017 16:37:39 API.py [line:712] INFO 932528347912970240
Mon 20 Nov 2017 16:37:39 API.py [line:712] INFO 932528350186242048
Mon 20 Nov 2017 16:37:39 API.py [line:712] INFO 932528349695668224
Mon 20 Nov 2017 16:37:39 API.py [line:712] INFO 932528351352201216
Mon 20 Nov 2017 16:37:40 API.py [line:712] INFO 932528352459554816
Mon 20 Nov 2017 16:37:40 API.py [line:712] INFO 932528353591963649
Mon 20 Nov 2017 16:37:40 API.py [line:712] INFO 932528353965326337
Mon 20 Nov 2017 16:37:40 API.py [line:712] INFO 932528355647328256
Mon 20 Nov 2017 16:37:41 API.py [line:712] INFO 932528358084182016
Mon 20 Nov 2017 16:37:41 API.py [line:712] INFO 932528359493459968
Mon 20 Nov 2017 16:37:42 API.py [line:712] INFO 932528361657610243
Mon 20 Nov 2017 16:37:42 API.py [line:712] INFO 932528363364896768
Mon 20 Nov 2017 16:37:42 API.py [line:712] INFO 932528362962157568
Mon 20 Nov 2017 16:37:42 API.py [line:712] INFO 932528363679318022
Mon 20 Nov 2017 16:37:43 API.py [line:712] INFO 932528364539318272
Mon 20 Nov 2017 16:37:44 API.py [line:712] INFO 932528368460865536
Mon 20 Nov 2017 16:37:44 API.py [line:712] INFO 932528369626836992
Mon 20 Nov 2017 16:37:44 API.py [line:712] INFO 932528369803120640
Mon 20 Nov 2017 16:37:44 API.py [line:712] INFO 932528369773707264
Mon 20 Nov 2017 16:37:44 API.py [line:712] INFO 932528370683752449
Mon 20 Nov 2017 16:37:44 API.py [line:712] INFO 932528371313053696
Mon 20 Nov 2017 16:37:44 API.py [line:712] INFO 932528372210548736
Mon 20 Nov 2017 16:37:45 API.py [line:712] INFO 932528376727838720
Mon 20 Nov 2017 16:37:45 API.py [line:712] INFO 932528376723714048
Mon 20 Nov 2017 16:37:46 API.py [line:712] INFO 932528378271244288
Mon 20 Nov 2017 16:37:46 API.py [line:712] INFO 932528381169688576
Mon 20 Nov 2017 16:37:47 API.py [line:712] INFO 932528383434440704
Mon 20 Nov 2017 16:37:47 API.py [line:712] INFO 932528384277663744
Mon 20 Nov 2017 16:37:47 API.py [line:712] INFO 932528384541945856
Mon 20 Nov 2017 16:37:47 API.py [line:712] INFO 932528385070211072
Mon 20 Nov 2017 16:37:47 API.py [line:712] INFO 932528384957038594
Mon 20 Nov 2017 16:37:48 API.py [line:712] INFO 932528386370453504
Mon 20 Nov 2017 16:37:48 API.py [line:712] INFO 932528388023209985
Mon 20 Nov 2017 16:37:48 API.py [line:712] INFO 932528388161654784
Mon 20 Nov 2017 16:37:49 API.py [line:712] INFO 932528391575822336
Mon 20 Nov 2017 16:37:49 API.py [line:712] INFO 932528392334868481
Mon 20 Nov 2017 16:37:50 API.py [line:712] INFO 932528394343870465
Mon 20 Nov 2017 16:37:51 API.py [line:712] INFO 932528398227857408
Mon 20 Nov 2017 16:37:51 API.py [line:712] INFO 932528398399868929
Mon 20 Nov 2017 16:37:52 API.py [line:712] INFO 932528401579114496
Mon 20 Nov 2017 16:37:52 API.py [line:712] INFO 932528402963226624
Mon 20 Nov 2017 16:37:52 API.py [line:712] INFO 932528403286315008
Mon 20 Nov 2017 16:37:52 API.py [line:712] INFO 932528403969970176
Mon 20 Nov 2017 16:37:52 API.py [line:712] INFO 932528405383385089
Mon 20 Nov 2017 16:37:52 API.py [line:712] INFO 932528406092238853
Mon 20 Nov 2017 16:37:53 API.py [line:712] INFO 932528407161606144
Mon 20 Nov 2017 16:37:53 API.py [line:712] INFO 932528407233155072
Mon 20 Nov 2017 16:37:53 API.py [line:712] INFO 932528408311091200
Mon 20 Nov 2017 16:37:53 API.py [line:712] INFO 932528409355448320
Mon 20 Nov 2017 16:37:53 API.py [line:712] INFO 932528409732726789
Mon 20 Nov 2017 16:37:53 API.py [line:712] INFO 932528409569320960
Mon 20 Nov 2017 16:37:54 API.py [line:712] INFO 932528411347771394
Mon 20 Nov 2017 16:37:54 API.py [line:712] INFO 932528411515465728
Mon 20 Nov 2017 16:37:54 API.py [line:712] INFO 932528413927096321
Mon 20 Nov 2017 16:37:55 API.py [line:712] INFO 932528416246632450
Mon 20 Nov 2017 16:37:55 API.py [line:712] INFO 932528417718882304
Mon 20 Nov 2017 16:37:55 API.py [line:712] INFO 932528417609863168
Mon 20 Nov 2017 16:37:55 API.py [line:712] INFO 932528417987354624
Mon 20 Nov 2017 16:37:55 API.py [line:712] INFO 932528417827934208
Mon 20 Nov 2017 16:37:56 API.py [line:712] INFO 932528417991471105
Mon 20 Nov 2017 16:37:56 API.py [line:712] INFO 932528418331037698
Mon 20 Nov 2017 16:37:56 API.py [line:712] INFO 932528419954483200
Mon 20 Nov 2017 16:37:56 API.py [line:712] INFO 932528420277194752
Mon 20 Nov 2017 16:37:56 API.py [line:712] INFO 932528420403245056
Mon 20 Nov 2017 16:37:56 API.py [line:712] INFO 932528422827495424
Mon 20 Nov 2017 16:37:57 API.py [line:712] INFO 932528423565692929
Mon 20 Nov 2017 16:37:57 API.py [line:712] INFO 932528425084096513
Mon 20 Nov 2017 16:37:57 API.py [line:712] INFO 932528425952100353
Mon 20 Nov 2017 16:37:57 API.py [line:712] INFO 932528427176886273
Mon 20 Nov 2017 16:37:58 API.py [line:712] INFO 932528428238094343
Mon 20 Nov 2017 16:37:58 API.py [line:712] INFO 932528428112281601
Mon 20 Nov 2017 16:37:58 API.py [line:712] INFO 932528428074655744
Mon 20 Nov 2017 16:37:58 API.py [line:712] INFO 932528429270003712
Mon 20 Nov 2017 16:37:58 API.py [line:712] INFO 932528429840318465
Mon 20 Nov 2017 16:37:58 API.py [line:712] INFO 932528429651677184
Mon 20 Nov 2017 16:37:58 API.py [line:712] INFO 932528431266373633
Mon 20 Nov 2017 16:37:58 API.py [line:712] INFO 932528431048351744
Mon 20 Nov 2017 16:37:59 API.py [line:712] INFO 932528431048351745
Mon 20 Nov 2017 16:37:59 API.py [line:712] INFO 932528432621215744
Mon 20 Nov 2017 16:37:59 API.py [line:712] INFO 932528432608575493
Mon 20 Nov 2017 16:37:59 API.py [line:712] INFO 932528433543856128
Mon 20 Nov 2017 16:37:59 API.py [line:712] INFO 932528433032323072
Mon 20 Nov 2017 16:38:00 API.py [line:712] INFO 932528435968331776
Mon 20 Nov 2017 16:38:00 API.py [line:712] INFO 932528438333685761
Mon 20 Nov 2017 16:38:00 API.py [line:712] INFO 932528439357296640
Mon 20 Nov 2017 16:38:00 API.py [line:712] INFO 932528439873085440
Mon 20 Nov 2017 16:38:00 API.py [line:712] INFO 932528440066150400
Mon 20 Nov 2017 16:38:01 API.py [line:712] INFO 932528441886461952
Mon 20 Nov 2017 16:38:02 API.py [line:712] INFO 932528444881100800
Mon 20 Nov 2017 16:38:02 API.py [line:712] INFO 932528443685715969
Mon 20 Nov 2017 16:38:02 API.py [line:712] INFO 932528447556956161
Mon 20 Nov 2017 16:38:02 API.py [line:712] INFO 932528447661817857
Mon 20 Nov 2017 16:38:03 API.py [line:712] INFO 932528447808851968
Mon 20 Nov 2017 16:38:03 API.py [line:712] INFO 932528446533541888
Mon 20 Nov 2017 16:38:03 API.py [line:712] INFO 932528448731525120
Mon 20 Nov 2017 16:38:03 API.py [line:712] INFO 932528452590292992
Mon 20 Nov 2017 16:38:04 API.py [line:712] INFO 932528452632301568
Mon 20 Nov 2017 16:38:04 API.py [line:712] INFO 932528453580214273
Mon 20 Nov 2017 16:38:05 API.py [line:712] INFO 932528456730017792
Mon 20 Nov 2017 16:38:05 API.py [line:712] INFO 932528460215435264
Mon 20 Nov 2017 16:38:06 API.py [line:712] INFO 932528461813567488
Mon 20 Nov 2017 16:38:06 API.py [line:712] INFO 932528462790881280
Mon 20 Nov 2017 16:38:06 API.py [line:712] INFO 932528465240141824
Mon 20 Nov 2017 16:38:07 API.py [line:712] INFO 932528465751851009
Mon 20 Nov 2017 16:38:07 API.py [line:712] INFO 932528464707670016
Mon 20 Nov 2017 16:38:07 API.py [line:712] INFO 932528466418954240
Mon 20 Nov 2017 16:38:07 API.py [line:712] INFO 932528467924660225
Mon 20 Nov 2017 16:38:07 API.py [line:712] INFO 932528467983458304
Mon 20 Nov 2017 16:38:07 API.py [line:712] INFO 932528468268548101
Mon 20 Nov 2017 16:38:08 API.py [line:712] INFO 932528471108194304
Mon 20 Nov 2017 16:38:08 API.py [line:712] INFO 932528471229812736
Mon 20 Nov 2017 16:38:08 API.py [line:712] INFO 932528472584417280
Mon 20 Nov 2017 16:38:09 API.py [line:712] INFO 932528473708560386
Mon 20 Nov 2017 16:38:09 API.py [line:712] INFO 932528474518061056
Mon 20 Nov 2017 16:38:09 API.py [line:712] INFO 932528474383966209
Mon 20 Nov 2017 16:38:09 API.py [line:712] INFO 932528474199293952
Mon 20 Nov 2017 16:38:09 API.py [line:712] INFO 932528475042435072
Mon 20 Nov 2017 16:38:09 API.py [line:712] INFO 932528476590149632
Mon 20 Nov 2017 16:38:09 API.py [line:712] INFO 932528477068251136
Mon 20 Nov 2017 16:38:09 API.py [line:712] INFO 932528477273837569
Mon 20 Nov 2017 16:38:09 API.py [line:712] INFO 932528477047263233
Mon 20 Nov 2017 16:38:10 API.py [line:712] INFO 932528478393634816
Mon 20 Nov 2017 16:38:10 API.py [line:712] INFO 932528479609823232
Mon 20 Nov 2017 16:38:10 API.py [line:712] INFO 932528480130158593
Mon 20 Nov 2017 16:38:10 API.py [line:712] INFO 932528481614860288
Mon 20 Nov 2017 16:38:10 API.py [line:712] INFO 932528481639919619
Mon 20 Nov 2017 16:38:11 API.py [line:712] INFO 932528482604613632
Mon 20 Nov 2017 16:38:11 API.py [line:712] INFO 932528482172710912
Mon 20 Nov 2017 16:38:11 API.py [line:712] INFO 932528482474758145
Mon 20 Nov 2017 16:38:11 API.py [line:712] INFO 932528485490233344
Mon 20 Nov 2017 16:38:12 API.py [line:712] INFO 932528486522040320
Mon 20 Nov 2017 16:38:12 API.py [line:712] INFO 932528487394504705
Mon 20 Nov 2017 16:38:12 API.py [line:712] INFO 932528489428742144
Mon 20 Nov 2017 16:38:12 API.py [line:712] INFO 932528490095681537
Mon 20 Nov 2017 16:38:13 API.py [line:712] INFO 932528490804629509
Mon 20 Nov 2017 16:38:13 API.py [line:712] INFO 932528492096266240
Mon 20 Nov 2017 16:38:13 API.py [line:712] INFO 932528492708732928
Mon 20 Nov 2017 16:38:13 API.py [line:712] INFO 932528494399107072
Mon 20 Nov 2017 16:38:14 API.py [line:712] INFO 932528496089300992
Mon 20 Nov 2017 16:38:14 API.py [line:712] INFO 932528496366309376
Mon 20 Nov 2017 16:38:28 API.py [line:712] INFO 932528497699954688
Mon 20 Nov 2017 16:38:28 API.py [line:712] INFO 932528498094227456
Mon 20 Nov 2017 16:38:28 API.py [line:712] INFO 932528498266333186
Mon 20 Nov 2017 16:38:28 API.py [line:712] INFO 932528499042213888
Mon 20 Nov 2017 16:38:28 API.py [line:712] INFO 932528502259064833
Mon 20 Nov 2017 16:38:28 API.py [line:712] INFO 932528503181979649
Mon 20 Nov 2017 16:38:28 API.py [line:712] INFO 932528503320449025
Mon 20 Nov 2017 16:38:29 API.py [line:712] INFO 932528504717025280
Mon 20 Nov 2017 16:38:29 API.py [line:712] INFO 932528504595406848
Mon 20 Nov 2017 16:38:29 API.py [line:712] INFO 932528504935190528
Mon 20 Nov 2017 16:38:29 API.py [line:712] INFO 932528506340282368
Mon 20 Nov 2017 16:38:29 API.py [line:712] INFO 932528507820834816
Mon 20 Nov 2017 16:38:29 API.py [line:712] INFO 932528509007925248
Mon 20 Nov 2017 16:38:29 API.py [line:712] INFO 932528512522600448
Mon 20 Nov 2017 16:38:29 API.py [line:712] INFO 932528513151852547
Mon 20 Nov 2017 16:38:29 API.py [line:712] INFO 932528512933748736
Mon 20 Nov 2017 16:38:29 API.py [line:712] INFO 932528513034440705
Mon 20 Nov 2017 16:38:29 API.py [line:712] INFO 932528513646841856
Mon 20 Nov 2017 16:38:29 API.py [line:712] INFO 932528513902632960
Mon 20 Nov 2017 16:38:29 API.py [line:712] INFO 932528514691207168
Mon 20 Nov 2017 16:38:29 API.py [line:712] INFO 932528515039326208
Mon 20 Nov 2017 16:38:29 API.py [line:712] INFO 932528515249049600
Mon 20 Nov 2017 16:38:29 API.py [line:712] INFO 932528517077757952
Mon 20 Nov 2017 16:38:29 API.py [line:712] INFO 932528518549901312
Mon 20 Nov 2017 16:38:29 API.py [line:712] INFO 932528520802250753
Mon 20 Nov 2017 16:38:29 API.py [line:712] INFO 932528520919691264
Mon 20 Nov 2017 16:38:30 API.py [line:712] INFO 932528521682939904
Mon 20 Nov 2017 16:38:30 API.py [line:712] INFO 932528522035425281
Mon 20 Nov 2017 16:38:30 API.py [line:712] INFO 932528522840731648
Mon 20 Nov 2017 16:38:30 API.py [line:712] INFO 932528525898260480
Mon 20 Nov 2017 16:38:35 API.py [line:712] INFO 932528527328493570
Mon 20 Nov 2017 16:38:35 API.py [line:712] INFO 932528526309302272
Mon 20 Nov 2017 16:38:35 API.py [line:712] INFO 932528529585012736
Mon 20 Nov 2017 16:38:35 API.py [line:712] INFO 932528531485192192
Mon 20 Nov 2017 16:38:35 API.py [line:712] INFO 932528531581440005
Mon 20 Nov 2017 16:38:35 API.py [line:712] INFO 932528532198182912
Mon 20 Nov 2017 16:38:36 API.py [line:712] INFO 932528532584099841
Mon 20 Nov 2017 16:38:36 API.py [line:712] INFO 932528532173017088
Mon 20 Nov 2017 16:38:36 API.py [line:712] INFO 932528532386873344
Mon 20 Nov 2017 16:38:36 API.py [line:712] INFO 932528533687230469
Mon 20 Nov 2017 16:38:36 API.py [line:712] INFO 932528534219878401
Mon 20 Nov 2017 16:38:36 API.py [line:712] INFO 932528534995832832
Mon 20 Nov 2017 16:38:36 API.py [line:712] INFO 932528535360565249
Mon 20 Nov 2017 16:38:36 API.py [line:712] INFO 932528535792521216
Mon 20 Nov 2017 16:38:36 API.py [line:712] INFO 932528536782598145
Mon 20 Nov 2017 16:38:36 API.py [line:712] INFO 932528537583497216
Mon 20 Nov 2017 16:38:36 API.py [line:712] INFO 932528540653727744
Mon 20 Nov 2017 16:38:36 API.py [line:712] INFO 932528540909821956
Mon 20 Nov 2017 16:38:36 API.py [line:712] INFO 932528542038069248
Mon 20 Nov 2017 16:38:36 API.py [line:712] INFO 932528538845974528
Mon 20 Nov 2017 16:38:36 API.py [line:712] INFO 932528542826430464
Mon 20 Nov 2017 16:38:36 API.py [line:712] INFO 932528543388618752
Mon 20 Nov 2017 16:38:37 API.py [line:712] INFO 932528543883337728
Mon 20 Nov 2017 16:38:37 API.py [line:712] INFO 932528544261042176
Mon 20 Nov 2017 16:38:37 API.py [line:712] INFO 932528544122470401
Mon 20 Nov 2017 16:38:37 API.py [line:712] INFO 932528545242349568
Mon 20 Nov 2017 16:38:37 API.py [line:712] INFO 932528545519120385
Mon 20 Nov 2017 16:38:37 API.py [line:712] INFO 932528546379157505
Mon 20 Nov 2017 16:38:37 API.py [line:712] INFO 932528547083644930
Mon 20 Nov 2017 16:38:37 API.py [line:712] INFO 932528547649929217
Mon 20 Nov 2017 16:38:37 API.py [line:712] INFO 932528548216229888
Mon 20 Nov 2017 16:38:37 API.py [line:712] INFO 932528547779854337
Mon 20 Nov 2017 16:38:37 API.py [line:712] INFO 932528548933521408
Mon 20 Nov 2017 16:38:37 API.py [line:712] INFO 932528549050728449
Mon 20 Nov 2017 16:38:37 API.py [line:712] INFO 932528549386268672
Mon 20 Nov 2017 16:38:37 API.py [line:712] INFO 932528549528969216
Mon 20 Nov 2017 16:38:37 API.py [line:712] INFO 932528551005507584
Mon 20 Nov 2017 16:38:37 API.py [line:712] INFO 932528551974264832
Mon 20 Nov 2017 16:38:38 API.py [line:712] INFO 932528552351862784
Mon 20 Nov 2017 16:38:38 API.py [line:712] INFO 932528553761083392
Mon 20 Nov 2017 16:38:38 API.py [line:712] INFO 932528554457231360
Mon 20 Nov 2017 16:38:38 API.py [line:712] INFO 932528554327261186
Mon 20 Nov 2017 16:38:38 API.py [line:712] INFO 932528555279429633
Mon 20 Nov 2017 16:38:38 API.py [line:712] INFO 932528555669577728
Mon 20 Nov 2017 16:38:38 API.py [line:712] INFO 932528555807911941
Mon 20 Nov 2017 16:38:38 API.py [line:712] INFO 932528555904438272
Mon 20 Nov 2017 16:38:38 API.py [line:712] INFO 932528556843859968
Mon 20 Nov 2017 16:38:38 API.py [line:712] INFO 932528557179498497
Mon 20 Nov 2017 16:38:38 API.py [line:712] INFO 932528558647386112
Mon 20 Nov 2017 16:38:38 API.py [line:712] INFO 932528558785880064
Mon 20 Nov 2017 16:38:38 API.py [line:712] INFO 932528558949437440
Mon 20 Nov 2017 16:38:38 API.py [line:712] INFO 932528559838715911
Mon 20 Nov 2017 16:38:39 API.py [line:712] INFO 932528560132247553
Mon 20 Nov 2017 16:38:39 API.py [line:712] INFO 932528560291569664
Mon 20 Nov 2017 16:38:39 API.py [line:712] INFO 932528560283312128
Mon 20 Nov 2017 16:38:39 API.py [line:712] INFO 932528560316788736
Mon 20 Nov 2017 16:38:39 API.py [line:712] INFO 932528561235226624
Mon 20 Nov 2017 16:38:39 API.py [line:712] INFO 932528561331802112
Mon 20 Nov 2017 16:38:39 API.py [line:712] INFO 932528561512120320
Mon 20 Nov 2017 16:38:39 API.py [line:712] INFO 932528561642074112
Mon 20 Nov 2017 16:38:39 API.py [line:712] INFO 932528563323940865
Mon 20 Nov 2017 16:38:39 API.py [line:712] INFO 932528563248619520
Mon 20 Nov 2017 16:38:39 API.py [line:712] INFO 932528564045537280
Mon 20 Nov 2017 16:38:39 API.py [line:712] INFO 932528564725080064
Mon 20 Nov 2017 16:38:39 API.py [line:712] INFO 932528564687208448
Mon 20 Nov 2017 16:38:39 API.py [line:712] INFO 932528566377598976
Mon 20 Nov 2017 16:38:39 API.py [line:712] INFO 932528568290000896
Mon 20 Nov 2017 16:38:39 API.py [line:712] INFO 932528569745633280
Mon 20 Nov 2017 16:38:39 API.py [line:712] INFO 932528572597665793
Mon 20 Nov 2017 16:38:39 API.py [line:712] INFO 932528572929118208
Mon 20 Nov 2017 16:38:39 API.py [line:712] INFO 932528573423980546
Mon 20 Nov 2017 16:38:39 API.py [line:712] INFO 932528579505786880
Mon 20 Nov 2017 16:38:40 API.py [line:712] INFO 932528579451244546
Mon 20 Nov 2017 16:38:40 API.py [line:712] INFO 932528580986376192
Mon 20 Nov 2017 16:38:40 API.py [line:712] INFO 932528582034968576
Mon 20 Nov 2017 16:38:40 API.py [line:712] INFO 932528582756323328
Mon 20 Nov 2017 16:38:40 API.py [line:712] INFO 932528583347650560
Mon 20 Nov 2017 16:38:40 API.py [line:712] INFO 932528583683264512
Mon 20 Nov 2017 16:38:40 API.py [line:712] INFO 932528583943143424
Mon 20 Nov 2017 16:38:40 API.py [line:712] INFO 932528587101450241
Mon 20 Nov 2017 16:38:40 API.py [line:712] INFO 932528587042951168
Mon 20 Nov 2017 16:38:40 API.py [line:712] INFO 932528588791758848
Mon 20 Nov 2017 16:38:40 API.py [line:712] INFO 932528589093965824
Mon 20 Nov 2017 16:38:41 API.py [line:712] INFO 932528590276743170
Mon 20 Nov 2017 16:38:41 API.py [line:712] INFO 932528591639797760
Mon 20 Nov 2017 16:38:41 API.py [line:712] INFO 932528590138339328
Mon 20 Nov 2017 16:38:41 API.py [line:712] INFO 932528592168239109
Mon 20 Nov 2017 16:38:41 API.py [line:712] INFO 932528592658997249
Mon 20 Nov 2017 16:38:41 API.py [line:712] INFO 932528593531314176
Mon 20 Nov 2017 16:38:41 API.py [line:712] INFO 932528597302218752
Mon 20 Nov 2017 16:38:41 API.py [line:712] INFO 932528596702384129
Mon 20 Nov 2017 16:38:41 API.py [line:712] INFO 932528597809729537
Mon 20 Nov 2017 16:38:41 API.py [line:712] INFO 932528601232265216
Mon 20 Nov 2017 16:38:41 API.py [line:712] INFO 932528602134011905
Mon 20 Nov 2017 16:38:41 API.py [line:712] INFO 932528602964463616
Mon 20 Nov 2017 16:38:41 API.py [line:712] INFO 932528605875318784
Mon 20 Nov 2017 16:38:41 API.py [line:712] INFO 932528605682388992
Mon 20 Nov 2017 16:38:41 API.py [line:712] INFO 932528606840000512
Mon 20 Nov 2017 16:38:42 API.py [line:712] INFO 932528608001888256
Mon 20 Nov 2017 16:38:42 API.py [line:712] INFO 932528607074889728
Mon 20 Nov 2017 16:38:42 API.py [line:712] INFO 932528608584912896
Mon 20 Nov 2017 16:38:42 API.py [line:712] INFO 932528610988015617
Mon 20 Nov 2017 16:38:42 API.py [line:712] INFO 932528611390775296
Mon 20 Nov 2017 16:38:42 API.py [line:712] INFO 932528612141539328
Mon 20 Nov 2017 16:38:42 API.py [line:712] INFO 932528615060680704
Mon 20 Nov 2017 16:38:42 API.py [line:712] INFO 932528615677296640
Mon 20 Nov 2017 16:38:43 API.py [line:712] INFO 932528615996223488
Mon 20 Nov 2017 16:38:43 API.py [line:712] INFO 932528616725815296
Mon 20 Nov 2017 16:38:43 API.py [line:712] INFO 932528616633614337
Mon 20 Nov 2017 16:38:43 API.py [line:712] INFO 932528618135347200
Mon 20 Nov 2017 16:38:44 API.py [line:712] INFO 932528622304485376
Mon 20 Nov 2017 16:38:44 API.py [line:712] INFO 932528622874673153
Mon 20 Nov 2017 16:38:44 API.py [line:712] INFO 932528622849597440
Mon 20 Nov 2017 16:38:44 API.py [line:712] INFO 932528623550046208
Mon 20 Nov 2017 16:38:45 API.py [line:712] INFO 932528624133197824
Mon 20 Nov 2017 16:38:45 API.py [line:712] INFO 932528624812539905
Mon 20 Nov 2017 16:38:45 API.py [line:712] INFO 932528625919733760
Mon 20 Nov 2017 16:38:45 API.py [line:712] INFO 932528627434049536
Mon 20 Nov 2017 16:38:45 API.py [line:712] INFO 932528628545540096
Mon 20 Nov 2017 16:38:46 API.py [line:712] INFO 932528628654411776
Mon 20 Nov 2017 16:38:46 API.py [line:712] INFO 932528628784664579
Mon 20 Nov 2017 16:38:46 API.py [line:712] INFO 932528628667166720
Mon 20 Nov 2017 16:38:46 API.py [line:712] INFO 932528628985942016
Mon 20 Nov 2017 16:38:46 API.py [line:712] INFO 932528629363433472
Mon 20 Nov 2017 16:38:46 API.py [line:712] INFO 932528629707194368
Mon 20 Nov 2017 16:38:46 API.py [line:712] INFO 932528630470758402
Mon 20 Nov 2017 16:38:46 API.py [line:712] INFO 932528631544537088
Mon 20 Nov 2017 16:38:47 API.py [line:712] INFO 932528633381576704
Mon 20 Nov 2017 16:38:47 API.py [line:712] INFO 932528633901707264
Mon 20 Nov 2017 16:38:47 API.py [line:712] INFO 932528634379866112
Mon 20 Nov 2017 16:38:47 API.py [line:712] INFO 932528635055140864
Mon 20 Nov 2017 16:38:47 API.py [line:712] INFO 932528635369713664
Mon 20 Nov 2017 16:38:47 API.py [line:712] INFO 932528635344445441
Mon 20 Nov 2017 16:38:47 API.py [line:712] INFO 932528635856142336
Mon 20 Nov 2017 16:38:47 API.py [line:712] INFO 932528636422443008
Mon 20 Nov 2017 16:38:48 API.py [line:712] INFO 932528638129356803
Mon 20 Nov 2017 16:38:48 API.py [line:712] INFO 932528637986840576
Mon 20 Nov 2017 16:38:48 API.py [line:712] INFO 932528639446433792
Mon 20 Nov 2017 16:38:48 API.py [line:712] INFO 932528639916122113
Mon 20 Nov 2017 16:38:48 API.py [line:712] INFO 932528639991828480
Mon 20 Nov 2017 16:38:48 API.py [line:712] INFO 932528640201502720
Mon 20 Nov 2017 16:38:48 API.py [line:712] INFO 932528639920316416
Mon 20 Nov 2017 16:38:48 API.py [line:712] INFO 932528640704827392
Mon 20 Nov 2017 16:38:49 API.py [line:712] INFO 932528641908596737
Mon 20 Nov 2017 16:38:49 API.py [line:712] INFO 932528643271688198
Mon 20 Nov 2017 16:38:49 API.py [line:712] INFO 932528644420927488
Mon 20 Nov 2017 16:38:49 API.py [line:712] INFO 932528643980582912
Mon 20 Nov 2017 16:38:49 API.py [line:712] INFO 932528644718759936
Mon 20 Nov 2017 16:38:49 API.py [line:712] INFO 932528644768985088
Mon 20 Nov 2017 16:38:49 API.py [line:712] INFO 932528645264084992
Mon 20 Nov 2017 16:38:49 API.py [line:712] INFO 932528645045964802
Mon 20 Nov 2017 16:38:50 API.py [line:712] INFO 932528646249738240
Mon 20 Nov 2017 16:38:50 API.py [line:712] INFO 932528647902294017
Mon 20 Nov 2017 16:38:51 API.py [line:712] INFO 932528650649526272
Mon 20 Nov 2017 16:38:51 API.py [line:712] INFO 932528651962408960
Mon 20 Nov 2017 16:38:51 API.py [line:712] INFO 932528652054446080
Mon 20 Nov 2017 16:38:52 API.py [line:712] INFO 932528654508101632
Mon 20 Nov 2017 16:38:52 API.py [line:712] INFO 932528654789349376
Mon 20 Nov 2017 16:38:52 API.py [line:712] INFO 932528656034947073
Mon 20 Nov 2017 16:38:52 API.py [line:712] INFO 932528656999526400
Mon 20 Nov 2017 16:38:52 API.py [line:712] INFO 932528657905659904
Mon 20 Nov 2017 16:38:53 API.py [line:712] INFO 932528657435836416
Mon 20 Nov 2017 16:38:53 API.py [line:712] INFO 932528658287280128
Mon 20 Nov 2017 16:38:53 API.py [line:712] INFO 932528659549732865
Mon 20 Nov 2017 16:38:53 API.py [line:712] INFO 932528659969142784
Mon 20 Nov 2017 16:38:53 API.py [line:712] INFO 932528660996870144
Mon 20 Nov 2017 16:38:53 API.py [line:712] INFO 932528661445492736
Mon 20 Nov 2017 16:38:55 API.py [line:712] INFO 932528667124670464
Mon 20 Nov 2017 16:38:55 API.py [line:712] INFO 932528668974485504
Mon 20 Nov 2017 16:38:55 API.py [line:712] INFO 932528670366842880
Mon 20 Nov 2017 16:38:55 API.py [line:712] INFO 932528670232776704
Mon 20 Nov 2017 16:38:56 API.py [line:712] INFO 932528672736776192
Mon 20 Nov 2017 16:38:56 API.py [line:712] INFO 932528672229281792
Mon 20 Nov 2017 16:38:56 API.py [line:712] INFO 932528673424539648
Mon 20 Nov 2017 16:38:56 API.py [line:712] INFO 932528673391108096
Mon 20 Nov 2017 16:38:56 API.py [line:712] INFO 932528673202294784
Mon 20 Nov 2017 16:38:56 API.py [line:712] INFO 932528674900869120
Mon 20 Nov 2017 16:38:56 API.py [line:712] INFO 932528674620035072
Mon 20 Nov 2017 16:38:57 API.py [line:712] INFO 932528675077087232
Mon 20 Nov 2017 16:38:57 API.py [line:712] INFO 932528675991547906
Mon 20 Nov 2017 16:38:57 API.py [line:712] INFO 932528677136449536
Mon 20 Nov 2017 16:38:58 API.py [line:712] INFO 932528680298881024
Mon 20 Nov 2017 16:38:58 API.py [line:712] INFO 932528680970137600
Mon 20 Nov 2017 16:38:58 API.py [line:712] INFO 932528682446360577
Mon 20 Nov 2017 16:38:59 API.py [line:712] INFO 932528683696447488
Mon 20 Nov 2017 16:38:59 API.py [line:712] INFO 932528685650993152
Mon 20 Nov 2017 16:38:59 API.py [line:712] INFO 932528686745583616
Mon 20 Nov 2017 16:38:59 API.py [line:712] INFO 932528687383269377
Mon 20 Nov 2017 16:39:00 API.py [line:712] INFO 932528687764856832
Mon 20 Nov 2017 16:39:00 API.py [line:712] INFO 932528688788156418
Mon 20 Nov 2017 16:39:01 API.py [line:712] INFO 932528692898566144
Mon 20 Nov 2017 16:39:01 API.py [line:712] INFO 932528694480039937
Mon 20 Nov 2017 16:39:01 API.py [line:712] INFO 932528695369129984
Mon 20 Nov 2017 16:39:02 API.py [line:712] INFO 932528694899306496
Mon 20 Nov 2017 16:39:02 API.py [line:712] INFO 932528694983385088
Mon 20 Nov 2017 16:39:02 API.py [line:712] INFO 932528696262524928
Mon 20 Nov 2017 16:39:02 API.py [line:712] INFO 932528695759331328
Mon 20 Nov 2017 16:39:03 API.py [line:712] INFO 932528700087713792
Mon 20 Nov 2017 16:39:03 API.py [line:712] INFO 932528702985928706
Mon 20 Nov 2017 16:39:04 API.py [line:712] INFO 932528705422815232
Mon 20 Nov 2017 16:39:05 API.py [line:712] INFO 932528709466279937
Mon 20 Nov 2017 16:39:05 API.py [line:712] INFO 932528710682419200
Mon 20 Nov 2017 16:39:05 API.py [line:712] INFO 932528710762352641
Mon 20 Nov 2017 16:39:05 API.py [line:712] INFO 932528712079179776
Mon 20 Nov 2017 16:39:06 API.py [line:712] INFO 932528712695930880
Mon 20 Nov 2017 16:39:06 API.py [line:712] INFO 932528712733614080
Mon 20 Nov 2017 16:39:06 API.py [line:712] INFO 932528713446572032
Mon 20 Nov 2017 16:39:06 API.py [line:712] INFO 932528713291456512
Mon 20 Nov 2017 16:39:06 API.py [line:712] INFO 932528714662981633
Mon 20 Nov 2017 16:39:06 API.py [line:712] INFO 932528714528600064
Mon 20 Nov 2017 16:39:06 API.py [line:712] INFO 932528716588097536
Mon 20 Nov 2017 16:39:07 API.py [line:712] INFO 932528716671885314
Mon 20 Nov 2017 16:39:07 API.py [line:712] INFO 932528716751745024
Mon 20 Nov 2017 16:39:07 API.py [line:712] INFO 932528719142338560
Mon 20 Nov 2017 16:39:07 API.py [line:712] INFO 932528710162485248
Mon 20 Nov 2017 16:39:07 API.py [line:712] INFO 932528720195309569
Mon 20 Nov 2017 16:39:08 API.py [line:712] INFO 932528720564375552
Mon 20 Nov 2017 16:39:08 API.py [line:712] INFO 932528721088487425
Mon 20 Nov 2017 16:39:08 API.py [line:712] INFO 932528724594925568
Mon 20 Nov 2017 16:39:08 API.py [line:712] INFO 932528724800671744
Mon 20 Nov 2017 16:39:09 API.py [line:712] INFO 932528725907738624
Mon 20 Nov 2017 16:39:09 API.py [line:712] INFO 932528727380103169
Mon 20 Nov 2017 16:39:09 API.py [line:712] INFO 932528728546119680
Mon 20 Nov 2017 16:39:10 API.py [line:712] INFO 932528732266303488
Mon 20 Nov 2017 16:39:10 API.py [line:712] INFO 932528732870529024
Mon 20 Nov 2017 16:39:11 API.py [line:712] INFO 932528735080910848
Mon 20 Nov 2017 16:39:12 API.py [line:712] INFO 932528738809479168
Mon 20 Nov 2017 16:39:12 API.py [line:712] INFO 932528738855768064
Mon 20 Nov 2017 16:39:12 API.py [line:712] INFO 932528738948014081
Mon 20 Nov 2017 16:39:12 API.py [line:712] INFO 932528740659216385
Mon 20 Nov 2017 16:39:12 API.py [line:712] INFO 932528741040898049
Mon 20 Nov 2017 16:39:13 API.py [line:712] INFO 932528742378889217
Mon 20 Nov 2017 16:39:13 API.py [line:712] INFO 932528742299078656
Mon 20 Nov 2017 16:39:13 API.py [line:712] INFO 932528742978658304
Mon 20 Nov 2017 16:39:14 API.py [line:712] INFO 932528749613957121
Mon 20 Nov 2017 16:39:14 API.py [line:712] INFO 932528749605728257
Mon 20 Nov 2017 16:39:15 API.py [line:712] INFO 932528752302551040
Mon 20 Nov 2017 16:39:15 API.py [line:712] INFO 932528752042524672
Mon 20 Nov 2017 16:39:15 API.py [line:712] INFO 932528754039181313
Mon 20 Nov 2017 16:39:15 API.py [line:712] INFO 932528754789818368
Mon 20 Nov 2017 16:39:16 API.py [line:712] INFO 932528756669014017
Mon 20 Nov 2017 16:39:16 API.py [line:712] INFO 932528757050564608
Mon 20 Nov 2017 16:39:17 API.py [line:712] INFO 932528759386750976
Mon 20 Nov 2017 16:39:17 API.py [line:712] INFO 932528760699609088
Mon 20 Nov 2017 16:39:17 API.py [line:712] INFO 932528760754028544
Mon 20 Nov 2017 16:39:17 API.py [line:712] INFO 932528761433595904
Mon 20 Nov 2017 16:39:17 API.py [line:712] INFO 932528760762654720
Mon 20 Nov 2017 16:39:18 API.py [line:712] INFO 932528762390016000
Mon 20 Nov 2017 16:39:18 API.py [line:712] INFO 932528763845222400
Mon 20 Nov 2017 16:39:18 API.py [line:712] INFO 932528764675694592
Mon 20 Nov 2017 16:39:18 API.py [line:712] INFO 932528764327727104
Mon 20 Nov 2017 16:39:18 API.py [line:712] INFO 932528765565046784
Mon 20 Nov 2017 16:39:18 API.py [line:712] INFO 932528766290608128
Mon 20 Nov 2017 16:39:18 API.py [line:712] INFO 932528766210969605
Mon 20 Nov 2017 16:39:19 API.py [line:712] INFO 932528767163133953
Mon 20 Nov 2017 16:39:19 API.py [line:712] INFO 932528770891776001
Mon 20 Nov 2017 16:39:19 API.py [line:712] INFO 932528771478913024
Mon 20 Nov 2017 16:39:20 API.py [line:712] INFO 932528772234047488
Mon 20 Nov 2017 16:39:20 API.py [line:712] INFO 932528772179464193
Mon 20 Nov 2017 16:39:20 API.py [line:712] INFO 932528772821147648
Mon 20 Nov 2017 16:39:20 API.py [line:712] INFO 932528775169900544
Mon 20 Nov 2017 16:39:20 API.py [line:712] INFO 932528775346003968
Mon 20 Nov 2017 16:39:21 API.py [line:712] INFO 932528776126148610
Mon 20 Nov 2017 16:39:21 API.py [line:712] INFO 932528776902258688
Mon 20 Nov 2017 16:39:22 API.py [line:712] INFO 932528781188775941
Mon 20 Nov 2017 16:39:22 API.py [line:712] INFO 932528781847420928
Mon 20 Nov 2017 16:39:22 API.py [line:712] INFO 932528782115786752
Mon 20 Nov 2017 16:39:22 API.py [line:712] INFO 932528782639906816
Mon 20 Nov 2017 16:39:22 API.py [line:712] INFO 932528783151726592
Mon 20 Nov 2017 16:39:23 API.py [line:712] INFO 932528785005727744
Mon 20 Nov 2017 16:39:23 API.py [line:712] INFO 932528785257242625
Mon 20 Nov 2017 16:39:23 API.py [line:712] INFO 932528786855280640
Mon 20 Nov 2017 16:39:24 API.py [line:712] INFO 932528788197597184
Mon 20 Nov 2017 16:39:24 API.py [line:712] INFO 932528788050776065
Mon 20 Nov 2017 16:39:24 API.py [line:712] INFO 932528790110060544
Mon 20 Nov 2017 16:39:24 API.py [line:712] INFO 932528790261125120
Mon 20 Nov 2017 16:39:25 API.py [line:712] INFO 932528793918386176
Mon 20 Nov 2017 16:39:25 API.py [line:712] INFO 932528793981472770
Mon 20 Nov 2017 16:39:26 API.py [line:712] INFO 932528797638955009
Mon 20 Nov 2017 16:39:26 API.py [line:712] INFO 932528798016425984
Mon 20 Nov 2017 16:39:26 API.py [line:712] INFO 932528799928987648
Mon 20 Nov 2017 16:39:26 API.py [line:712] INFO 932528800235220992
Mon 20 Nov 2017 16:39:26 API.py [line:712] INFO 932528799983419394
Mon 20 Nov 2017 16:39:27 API.py [line:712] INFO 932528800906338304
Mon 20 Nov 2017 16:39:27 API.py [line:712] INFO 932528800595922949
Mon 20 Nov 2017 16:39:27 API.py [line:712] INFO 932528802244132864
Mon 20 Nov 2017 16:39:27 API.py [line:712] INFO 932528804626444288
Mon 20 Nov 2017 16:39:28 API.py [line:712] INFO 932528805188472832
Mon 20 Nov 2017 16:39:28 API.py [line:712] INFO 932528805591252993
Mon 20 Nov 2017 16:39:28 API.py [line:712] INFO 932528805926899712
Mon 20 Nov 2017 16:39:28 API.py [line:712] INFO 932528806207868933
Mon 20 Nov 2017 16:39:28 API.py [line:712] INFO 932528807642144768
Mon 20 Nov 2017 16:39:28 API.py [line:712] INFO 932528806732103680
Mon 20 Nov 2017 16:39:28 API.py [line:712] INFO 932528807935844352
Mon 20 Nov 2017 16:39:28 API.py [line:712] INFO 932528807998668800
Mon 20 Nov 2017 16:39:28 API.py [line:712] INFO 932528808556503040
Mon 20 Nov 2017 16:39:29 API.py [line:712] INFO 932528808195969024
Mon 20 Nov 2017 16:39:29 API.py [line:712] INFO 932528808510545920
Mon 20 Nov 2017 16:39:29 API.py [line:712] INFO 932528809672364033
Mon 20 Nov 2017 16:39:29 API.py [line:712] INFO 932528811580821506
Mon 20 Nov 2017 16:39:30 API.py [line:712] INFO 932528813577142272
Mon 20 Nov 2017 16:39:30 API.py [line:712] INFO 932528813941989376
Mon 20 Nov 2017 16:39:30 API.py [line:712] INFO 932528815817060353
Mon 20 Nov 2017 16:39:30 API.py [line:712] INFO 932528817150799872
Mon 20 Nov 2017 16:39:31 API.py [line:712] INFO 932528818669027328
Mon 20 Nov 2017 16:39:31 API.py [line:712] INFO 932528818279141376
Mon 20 Nov 2017 16:39:31 API.py [line:712] INFO 932528819130519552
Mon 20 Nov 2017 16:39:31 API.py [line:712] INFO 932528820539727877
Mon 20 Nov 2017 16:39:32 API.py [line:712] INFO 932528821378715648
Mon 20 Nov 2017 16:39:32 API.py [line:712] INFO 932528821386887168
Mon 20 Nov 2017 16:39:32 API.py [line:712] INFO 932528823333203968
Mon 20 Nov 2017 16:39:32 API.py [line:712] INFO 932528824159322112
Mon 20 Nov 2017 16:39:33 API.py [line:712] INFO 932528825723863041
Mon 20 Nov 2017 16:39:33 API.py [line:712] INFO 932528825879158784
Mon 20 Nov 2017 16:39:33 API.py [line:712] INFO 932528826067890176
Mon 20 Nov 2017 16:39:33 API.py [line:712] INFO 932528826038603776
Mon 20 Nov 2017 16:39:33 API.py [line:712] INFO 932528827439501313
Mon 20 Nov 2017 16:39:33 API.py [line:712] INFO 932528828068528128
Mon 20 Nov 2017 16:39:33 API.py [line:712] INFO 932528828647342080
Mon 20 Nov 2017 16:39:34 API.py [line:712] INFO 932528830115467274
Mon 20 Nov 2017 16:39:34 API.py [line:712] INFO 932528831184879617
Mon 20 Nov 2017 16:39:34 API.py [line:712] INFO 932528832346710016
Mon 20 Nov 2017 16:39:34 API.py [line:712] INFO 932528832606748673
Mon 20 Nov 2017 16:39:34 API.py [line:712] INFO 932528834418655232
Mon 20 Nov 2017 16:39:35 API.py [line:712] INFO 932528835764961280
Mon 20 Nov 2017 16:39:35 API.py [line:712] INFO 932528835651813376
Mon 20 Nov 2017 16:39:35 API.py [line:712] INFO 932528836868272128
Mon 20 Nov 2017 16:39:35 API.py [line:712] INFO 932528837547773953
Mon 20 Nov 2017 16:39:35 API.py [line:712] INFO 932528837878890498
Mon 20 Nov 2017 16:39:35 API.py [line:712] INFO 932528837803544576
Mon 20 Nov 2017 16:39:36 API.py [line:712] INFO 932528838210355201
Mon 20 Nov 2017 16:39:36 API.py [line:712] INFO 932528840219521024
Mon 20 Nov 2017 16:39:36 API.py [line:712] INFO 932528841993494529
Mon 20 Nov 2017 16:39:37 API.py [line:712] INFO 932528844367650816
Mon 20 Nov 2017 16:39:37 API.py [line:712] INFO 932528844845830144
Mon 20 Nov 2017 16:39:38 API.py [line:712] INFO 932528846644973568
Mon 20 Nov 2017 16:39:38 API.py [line:712] INFO 932528846821318656
Mon 20 Nov 2017 16:39:38 API.py [line:712] INFO 932528847827939328
Mon 20 Nov 2017 16:39:38 API.py [line:712] INFO 932528847945437184
Mon 20 Nov 2017 16:39:38 API.py [line:712] INFO 932528849027448832
Mon 20 Nov 2017 16:39:38 API.py [line:712] INFO 932528848742338560
Mon 20 Nov 2017 16:39:38 API.py [line:712] INFO 932528849874599938
Mon 20 Nov 2017 16:39:39 API.py [line:712] INFO 932528851606953985
Mon 20 Nov 2017 16:39:39 API.py [line:712] INFO 932528852995260416
Mon 20 Nov 2017 16:39:39 API.py [line:712] INFO 932528853758676992
Mon 20 Nov 2017 16:39:40 API.py [line:712] INFO 932528855700660224
Mon 20 Nov 2017 16:39:40 API.py [line:712] INFO 932528857751740416
Mon 20 Nov 2017 16:39:58 API.py [line:712] INFO 932528858863038464
Mon 20 Nov 2017 16:39:58 API.py [line:712] INFO 932528859131420672
Mon 20 Nov 2017 16:39:58 API.py [line:712] INFO 932528860008026112
Mon 20 Nov 2017 16:39:58 API.py [line:712] INFO 932528860549095424
Mon 20 Nov 2017 16:39:58 API.py [line:712] INFO 932528860830339072
Mon 20 Nov 2017 16:39:58 API.py [line:712] INFO 932528862076063744
Mon 20 Nov 2017 16:39:58 API.py [line:712] INFO 932528861362888704
Mon 20 Nov 2017 16:39:58 API.py [line:712] INFO 932528864261160960
Mon 20 Nov 2017 16:39:58 API.py [line:712] INFO 932528864017960960
Mon 20 Nov 2017 16:39:58 API.py [line:712] INFO 932528863657283584
Mon 20 Nov 2017 16:39:59 API.py [line:712] INFO 932528864420511744
Mon 20 Nov 2017 16:39:59 API.py [line:712] INFO 932528863976067073
Mon 20 Nov 2017 16:39:59 API.py [line:712] INFO 932528864114421760
Mon 20 Nov 2017 16:39:59 API.py [line:712] INFO 932528864995053569
Mon 20 Nov 2017 16:39:59 API.py [line:712] INFO 932528865158709248
Mon 20 Nov 2017 16:39:59 API.py [line:712] INFO 932528867323056128
Mon 20 Nov 2017 16:39:59 API.py [line:712] INFO 932528871467077632
Mon 20 Nov 2017 16:39:59 API.py [line:712] INFO 932528871819198464
Mon 20 Nov 2017 16:39:59 API.py [line:712] INFO 932528871701925889
Mon 20 Nov 2017 16:39:59 API.py [line:712] INFO 932528873392279552
Mon 20 Nov 2017 16:39:59 API.py [line:712] INFO 932528873664860160
Mon 20 Nov 2017 16:39:59 API.py [line:712] INFO 932528875912945664
Mon 20 Nov 2017 16:39:59 API.py [line:712] INFO 932528876332314624
Mon 20 Nov 2017 16:39:59 API.py [line:712] INFO 932528876223389696
Mon 20 Nov 2017 16:39:59 API.py [line:712] INFO 932528876307312640
Mon 20 Nov 2017 16:39:59 API.py [line:712] INFO 932528877083041792
Mon 20 Nov 2017 16:39:59 API.py [line:712] INFO 932528880199585792
Mon 20 Nov 2017 16:39:59 API.py [line:712] INFO 932528880186880001
Mon 20 Nov 2017 16:39:59 API.py [line:712] INFO 932528884381134849
Mon 20 Nov 2017 16:40:00 API.py [line:712] INFO 932528884603645952
Mon 20 Nov 2017 16:40:00 API.py [line:712] INFO 932528885333360640
Mon 20 Nov 2017 16:40:00 API.py [line:712] INFO 932528885790658561
Mon 20 Nov 2017 16:40:00 API.py [line:712] INFO 932528887795367936
Mon 20 Nov 2017 16:40:00 API.py [line:712] INFO 932528889917779968
Mon 20 Nov 2017 16:40:00 API.py [line:712] INFO 932528890341478400
Mon 20 Nov 2017 16:40:00 API.py [line:712] INFO 932528897085751297
Mon 20 Nov 2017 16:40:00 API.py [line:712] INFO 932528897241108480
Mon 20 Nov 2017 16:40:00 API.py [line:712] INFO 932528900034441216
Mon 20 Nov 2017 16:40:00 API.py [line:712] INFO 932528901837832193
Mon 20 Nov 2017 16:40:00 API.py [line:712] INFO 932528901678657536
Mon 20 Nov 2017 16:40:00 API.py [line:712] INFO 932528902710464512
Mon 20 Nov 2017 16:40:00 API.py [line:712] INFO 932528902357921792
Mon 20 Nov 2017 16:40:00 API.py [line:712] INFO 932528903259873280
Mon 20 Nov 2017 16:40:00 API.py [line:712] INFO 932528903511560192
Mon 20 Nov 2017 16:40:00 API.py [line:712] INFO 932528905604550656
Mon 20 Nov 2017 16:40:00 API.py [line:712] INFO 932528908297297921
Mon 20 Nov 2017 16:40:00 API.py [line:712] INFO 932528908876034053
Mon 20 Nov 2017 16:40:01 API.py [line:712] INFO 932528910176096256
Mon 20 Nov 2017 16:40:01 API.py [line:712] INFO 932528910197194752
Mon 20 Nov 2017 16:40:01 API.py [line:712] INFO 932528911417860096
Mon 20 Nov 2017 16:40:01 API.py [line:712] INFO 932528911862370304
Mon 20 Nov 2017 16:40:01 API.py [line:712] INFO 932528913548427265
Mon 20 Nov 2017 16:40:01 API.py [line:712] INFO 932528913997234176
Mon 20 Nov 2017 16:40:01 API.py [line:712] INFO 932528916463542273
Mon 20 Nov 2017 16:40:01 API.py [line:712] INFO 932528917604454400
Mon 20 Nov 2017 16:40:01 API.py [line:712] INFO 932528917964926976
Mon 20 Nov 2017 16:40:01 API.py [line:712] INFO 932528919902797825
Mon 20 Nov 2017 16:40:01 API.py [line:712] INFO 932528920951513088
Mon 20 Nov 2017 16:40:01 API.py [line:712] INFO 932528921207361536
Mon 20 Nov 2017 16:40:01 API.py [line:712] INFO 932528922780164097
Mon 20 Nov 2017 16:40:01 API.py [line:712] INFO 932528922771775488
Mon 20 Nov 2017 16:40:01 API.py [line:712] INFO 932528922889150464
Mon 20 Nov 2017 16:40:01 API.py [line:712] INFO 932528924491436032
Mon 20 Nov 2017 16:40:01 API.py [line:712] INFO 932528926202589184
Mon 20 Nov 2017 16:40:01 API.py [line:712] INFO 932528926320029696
Mon 20 Nov 2017 16:40:01 API.py [line:712] INFO 932528927754481664
Mon 20 Nov 2017 16:40:01 API.py [line:712] INFO 932528927733563392
Mon 20 Nov 2017 16:40:02 API.py [line:712] INFO 932528931659505665
Mon 20 Nov 2017 16:40:02 API.py [line:712] INFO 932528932175441920
Mon 20 Nov 2017 16:40:02 API.py [line:712] INFO 932528932141785089
Mon 20 Nov 2017 16:40:02 API.py [line:712] INFO 932528933727326210
Mon 20 Nov 2017 16:40:02 API.py [line:712] INFO 932528933953785856
Mon 20 Nov 2017 16:40:02 API.py [line:712] INFO 932528938189910016
Mon 20 Nov 2017 16:40:02 API.py [line:712] INFO 932528938592677888
Mon 20 Nov 2017 16:40:02 API.py [line:712] INFO 932528938726952960
Mon 20 Nov 2017 16:40:02 API.py [line:712] INFO 932528939943084033
Mon 20 Nov 2017 16:40:02 API.py [line:712] INFO 932528940589158400
Mon 20 Nov 2017 16:40:02 API.py [line:712] INFO 932528942606626816
Mon 20 Nov 2017 16:40:02 API.py [line:712] INFO 932528942610759681
Mon 20 Nov 2017 16:40:02 API.py [line:712] INFO 932528942837252097
Mon 20 Nov 2017 16:40:02 API.py [line:712] INFO 932528942485000192
Mon 20 Nov 2017 16:40:02 API.py [line:712] INFO 932528943147769856
Mon 20 Nov 2017 16:40:02 API.py [line:712] INFO 932528942426218496
Mon 20 Nov 2017 16:40:02 API.py [line:712] INFO 932528943130988545
Mon 20 Nov 2017 16:40:02 API.py [line:712] INFO 932528944347099136
Mon 20 Nov 2017 16:40:02 API.py [line:712] INFO 932528945060233217
Mon 20 Nov 2017 16:40:02 API.py [line:712] INFO 932528945060134913
Mon 20 Nov 2017 16:40:03 API.py [line:712] INFO 932528945714544640
Mon 20 Nov 2017 16:40:03 API.py [line:712] INFO 932528946532552704
Mon 20 Nov 2017 16:40:03 API.py [line:712] INFO 932528949233684480
Mon 20 Nov 2017 16:40:03 API.py [line:712] INFO 932528950277836800
Mon 20 Nov 2017 16:40:03 API.py [line:712] INFO 932528950957559808
Mon 20 Nov 2017 16:40:03 API.py [line:712] INFO 932528950558973953
Mon 20 Nov 2017 16:40:03 API.py [line:712] INFO 932528949833240576
Mon 20 Nov 2017 16:40:03 API.py [line:712] INFO 932528951506886656
Mon 20 Nov 2017 16:40:03 API.py [line:712] INFO 932528952916156416
Mon 20 Nov 2017 16:40:03 API.py [line:712] INFO 932528952970809345
Mon 20 Nov 2017 16:40:03 API.py [line:712] INFO 932528949443416064
Mon 20 Nov 2017 16:40:03 API.py [line:712] INFO 932528953826447360
Mon 20 Nov 2017 16:40:03 API.py [line:712] INFO 932528955055226880
Mon 20 Nov 2017 16:40:04 API.py [line:712] INFO 932528956368023552
Mon 20 Nov 2017 16:40:04 API.py [line:712] INFO 932528956724539393
Mon 20 Nov 2017 16:40:04 API.py [line:712] INFO 932528957546749952
Mon 20 Nov 2017 16:40:04 API.py [line:712] INFO 932528958863761408
Mon 20 Nov 2017 16:40:04 API.py [line:712] INFO 932528958943432705
Mon 20 Nov 2017 16:40:04 API.py [line:712] INFO 932528959396474880
Mon 20 Nov 2017 16:40:05 API.py [line:712] INFO 932528959849365504
Mon 20 Nov 2017 16:40:05 API.py [line:712] INFO 932528959757185024
Mon 20 Nov 2017 16:40:05 API.py [line:712] INFO 932528961686573056
Mon 20 Nov 2017 16:40:05 API.py [line:712] INFO 932528949443416064
Mon 20 Nov 2017 16:40:05 API.py [line:712] INFO 932528961640419328
Mon 20 Nov 2017 16:40:05 API.py [line:712] INFO 932528962563133440
Mon 20 Nov 2017 16:40:05 API.py [line:712] INFO 932528963955646465
Mon 20 Nov 2017 16:40:05 API.py [line:712] INFO 932528964173643781
Mon 20 Nov 2017 16:40:06 API.py [line:712] INFO 932528964014428162
Mon 20 Nov 2017 16:40:06 API.py [line:712] INFO 932528964706463744
Mon 20 Nov 2017 16:40:06 API.py [line:712] INFO 932528964953808898
Mon 20 Nov 2017 16:40:06 API.py [line:712] INFO 932528964287041537
Mon 20 Nov 2017 16:40:06 API.py [line:712] INFO 932528965608120320
Mon 20 Nov 2017 16:40:06 API.py [line:712] INFO 932528966434414593
Mon 20 Nov 2017 16:40:06 API.py [line:712] INFO 932528967025942528
Mon 20 Nov 2017 16:40:06 API.py [line:712] INFO 932528967201910784
Mon 20 Nov 2017 16:40:06 API.py [line:712] INFO 932528968552423425
Mon 20 Nov 2017 16:40:07 API.py [line:712] INFO 932528968091226112
Mon 20 Nov 2017 16:40:07 API.py [line:712] INFO 932528968636534784
Mon 20 Nov 2017 16:40:07 API.py [line:712] INFO 932528970070859776
Mon 20 Nov 2017 16:40:07 API.py [line:712] INFO 932528970058420226
Mon 20 Nov 2017 16:40:07 API.py [line:712] INFO 932528970498748417
Mon 20 Nov 2017 16:40:07 API.py [line:712] INFO 932528970381299712
Mon 20 Nov 2017 16:40:07 API.py [line:712] INFO 932528970221854720
Mon 20 Nov 2017 16:40:07 API.py [line:712] INFO 932528954522722304
Mon 20 Nov 2017 16:40:07 API.py [line:712] INFO 932528955676086272
Mon 20 Nov 2017 16:40:08 API.py [line:712] INFO 932528972516286466
Mon 20 Nov 2017 16:40:08 API.py [line:712] INFO 932528973174554624
Mon 20 Nov 2017 16:40:08 API.py [line:712] INFO 932528971761311744
Mon 20 Nov 2017 16:40:08 API.py [line:712] INFO 932528973053136896
Mon 20 Nov 2017 16:40:08 API.py [line:712] INFO 932528973774499841
Mon 20 Nov 2017 16:40:08 API.py [line:712] INFO 932528975217348609
Mon 20 Nov 2017 16:40:08 API.py [line:712] INFO 932528975200604160
Mon 20 Nov 2017 16:40:08 API.py [line:712] INFO 932528975066394624
Mon 20 Nov 2017 16:40:09 API.py [line:712] INFO 932528976744144897
Mon 20 Nov 2017 16:40:09 API.py [line:712] INFO 932528977708830720
Mon 20 Nov 2017 16:40:09 API.py [line:712] INFO 932528977125654530
Mon 20 Nov 2017 16:40:09 API.py [line:712] INFO 932528977947840512
Mon 20 Nov 2017 16:40:09 API.py [line:712] INFO 932528978849447936
Mon 20 Nov 2017 16:40:09 API.py [line:712] INFO 932528978513948673
Mon 20 Nov 2017 16:40:09 API.py [line:712] INFO 932528978102857728
Mon 20 Nov 2017 16:40:09 API.py [line:712] INFO 932528979231289344
Mon 20 Nov 2017 16:40:09 API.py [line:712] INFO 932528979940200449
Mon 20 Nov 2017 16:40:09 API.py [line:712] INFO 932528980351209477
Mon 20 Nov 2017 16:40:09 API.py [line:712] INFO 932528980418318336
Mon 20 Nov 2017 16:40:09 API.py [line:712] INFO 932528980057452544
Mon 20 Nov 2017 16:40:09 API.py [line:712] INFO 932528981093634048
Mon 20 Nov 2017 16:40:10 API.py [line:712] INFO 932528982481915905
Mon 20 Nov 2017 16:40:10 API.py [line:712] INFO 932528983626805249
Mon 20 Nov 2017 16:40:10 API.py [line:712] INFO 932528984201494528
Mon 20 Nov 2017 16:40:10 API.py [line:712] INFO 932528984528531456
Mon 20 Nov 2017 16:40:11 API.py [line:712] INFO 932528984751001601
Mon 20 Nov 2017 16:40:11 API.py [line:712] INFO 932528987200458753
Mon 20 Nov 2017 16:40:11 API.py [line:712] INFO 932528988827697152
Mon 20 Nov 2017 16:40:11 API.py [line:712] INFO 932528988777574401
Mon 20 Nov 2017 16:40:12 API.py [line:712] INFO 932528989620518914
Mon 20 Nov 2017 16:40:12 API.py [line:712] INFO 932528990547521536
Mon 20 Nov 2017 16:40:12 API.py [line:712] INFO 932528991822667776
Mon 20 Nov 2017 16:40:12 API.py [line:712] INFO 932528993785532416
Mon 20 Nov 2017 16:40:13 API.py [line:712] INFO 932528993764483072
Mon 20 Nov 2017 16:40:13 API.py [line:712] INFO 932528994318090241
Mon 20 Nov 2017 16:40:13 API.py [line:712] INFO 932528993546448896
Mon 20 Nov 2017 16:40:13 API.py [line:712] INFO 932528994246946816
Mon 20 Nov 2017 16:40:13 API.py [line:712] INFO 932528996474028032
Mon 20 Nov 2017 16:40:13 API.py [line:712] INFO 932528997543575553
Mon 20 Nov 2017 16:40:13 API.py [line:712] INFO 932528997619126273
Mon 20 Nov 2017 16:40:14 API.py [line:712] INFO 932528999074496512
Mon 20 Nov 2017 16:40:14 API.py [line:712] INFO 932529000177471488
Mon 20 Nov 2017 16:40:14 API.py [line:712] INFO 932529000806830080
Mon 20 Nov 2017 16:40:14 API.py [line:712] INFO 932529000873738240
Mon 20 Nov 2017 16:40:14 API.py [line:712] INFO 932529001129680896
Mon 20 Nov 2017 16:40:14 API.py [line:712] INFO 932529001800794113
Mon 20 Nov 2017 16:40:15 API.py [line:712] INFO 932529002279067649
Mon 20 Nov 2017 16:40:15 API.py [line:712] INFO 932529002538872832
Mon 20 Nov 2017 16:40:15 API.py [line:712] INFO 932529003369521152
Mon 20 Nov 2017 16:40:15 API.py [line:712] INFO 932529003491143680
Mon 20 Nov 2017 16:40:15 API.py [line:712] INFO 932529003935817728
Mon 20 Nov 2017 16:40:16 API.py [line:712] INFO 932529007131848704
Mon 20 Nov 2017 16:40:16 API.py [line:712] INFO 932529007651782656
Mon 20 Nov 2017 16:40:16 API.py [line:712] INFO 932529008071262208
Mon 20 Nov 2017 16:40:16 API.py [line:712] INFO 932529008146710529
Mon 20 Nov 2017 16:40:16 API.py [line:712] INFO 932529008205496320
Mon 20 Nov 2017 16:40:16 API.py [line:712] INFO 932529009652649984
Mon 20 Nov 2017 16:40:17 API.py [line:712] INFO 932529010348769280
Mon 20 Nov 2017 16:40:17 API.py [line:712] INFO 932529010940157952
Mon 20 Nov 2017 16:40:17 API.py [line:712] INFO 932529011196129280
Mon 20 Nov 2017 16:40:17 API.py [line:712] INFO 932529011632115712
Mon 20 Nov 2017 16:40:17 API.py [line:712] INFO 932529012676599810
Mon 20 Nov 2017 16:40:17 API.py [line:712] INFO 932529012366364672
Mon 20 Nov 2017 16:40:17 API.py [line:712] INFO 932529012777222144
Mon 20 Nov 2017 16:40:17 API.py [line:712] INFO 932529013502783488
Mon 20 Nov 2017 16:40:17 API.py [line:712] INFO 932529014304067584
Mon 20 Nov 2017 16:40:18 API.py [line:712] INFO 932529015465836545
Mon 20 Nov 2017 16:40:18 API.py [line:712] INFO 932529015176413184
Mon 20 Nov 2017 16:40:18 API.py [line:712] INFO 932529016992440320
Mon 20 Nov 2017 16:40:18 API.py [line:712] INFO 932529017105846272
Mon 20 Nov 2017 16:40:18 API.py [line:712] INFO 932529017001009152
Mon 20 Nov 2017 16:40:18 API.py [line:712] INFO 932529017428824064
Mon 20 Nov 2017 16:40:18 API.py [line:712] INFO 932529017176989698
Mon 20 Nov 2017 16:40:19 API.py [line:712] INFO 932529017961320450
Mon 20 Nov 2017 16:40:19 API.py [line:712] INFO 932529020184313856
Mon 20 Nov 2017 16:40:19 API.py [line:712] INFO 932529020205375490
Mon 20 Nov 2017 16:40:19 API.py [line:712] INFO 932529020456992770
Mon 20 Nov 2017 16:40:19 API.py [line:712] INFO 932529021694472192
Mon 20 Nov 2017 16:40:20 API.py [line:712] INFO 932529023238000640
Mon 20 Nov 2017 16:40:20 API.py [line:712] INFO 932529025284788224
Mon 20 Nov 2017 16:40:20 API.py [line:712] INFO 932529026823995392
Mon 20 Nov 2017 16:40:20 API.py [line:712] INFO 932529026312429569
Mon 20 Nov 2017 16:40:20 API.py [line:712] INFO 932529026937360384
Mon 20 Nov 2017 16:40:20 API.py [line:712] INFO 932529027214139392
Mon 20 Nov 2017 16:40:21 API.py [line:712] INFO 932529027599835137
Mon 20 Nov 2017 16:40:21 API.py [line:712] INFO 932529023938211845
Mon 20 Nov 2017 16:40:22 API.py [line:712] INFO 932529031811084288
Mon 20 Nov 2017 16:40:22 API.py [line:712] INFO 932529033144713217
Mon 20 Nov 2017 16:40:22 API.py [line:712] INFO 932529033644068864
Mon 20 Nov 2017 16:40:23 API.py [line:712] INFO 932529035636330496
Mon 20 Nov 2017 16:40:23 API.py [line:712] INFO 932529035216695296
Mon 20 Nov 2017 16:40:23 API.py [line:712] INFO 932529036454068225
Mon 20 Nov 2017 16:40:23 API.py [line:712] INFO 932529036240224257
Mon 20 Nov 2017 16:40:23 API.py [line:712] INFO 932529035715911681
Mon 20 Nov 2017 16:40:23 API.py [line:712] INFO 932529038853361664
Mon 20 Nov 2017 16:40:24 API.py [line:712] INFO 932529040375681024
Mon 20 Nov 2017 16:40:24 API.py [line:712] INFO 932529040841494529
Mon 20 Nov 2017 16:40:24 API.py [line:712] INFO 932529041181233152
Mon 20 Nov 2017 16:40:24 API.py [line:712] INFO 932529042393251841
Mon 20 Nov 2017 16:40:24 API.py [line:712] INFO 932529043702009856
Mon 20 Nov 2017 16:40:25 API.py [line:712] INFO 932529045765419008
Mon 20 Nov 2017 16:40:25 API.py [line:712] INFO 932529045832482816
Mon 20 Nov 2017 16:40:25 API.py [line:712] INFO 932529046830841857
Mon 20 Nov 2017 16:40:25 API.py [line:712] INFO 932529047283879936
Mon 20 Nov 2017 16:40:25 API.py [line:712] INFO 932529047359299584
Mon 20 Nov 2017 16:40:26 API.py [line:712] INFO 932529048563208192
Mon 20 Nov 2017 16:40:26 API.py [line:712] INFO 932529048944865280
Mon 20 Nov 2017 16:40:26 API.py [line:712] INFO 932529049187991552
Mon 20 Nov 2017 16:40:26 API.py [line:712] INFO 932529049045487616
Mon 20 Nov 2017 16:40:26 API.py [line:712] INFO 932529047837409281
Mon 20 Nov 2017 16:40:26 API.py [line:712] INFO 932529049737371649
Mon 20 Nov 2017 16:40:26 API.py [line:712] INFO 932529050228219904
Mon 20 Nov 2017 16:40:26 API.py [line:712] INFO 932529050903392256
Mon 20 Nov 2017 16:40:26 API.py [line:712] INFO 932529051616600064
Mon 20 Nov 2017 16:40:27 API.py [line:712] INFO 932529052560236544
Mon 20 Nov 2017 16:40:27 API.py [line:712] INFO 932529053407395841
Mon 20 Nov 2017 16:40:27 API.py [line:712] INFO 932529054149988352
Mon 20 Nov 2017 16:40:27 API.py [line:712] INFO 932529054804189184
Mon 20 Nov 2017 16:40:28 API.py [line:712] INFO 932529056679002112
Mon 20 Nov 2017 16:40:28 API.py [line:712] INFO 932529057262075909
Mon 20 Nov 2017 16:40:28 API.py [line:712] INFO 932529058604236800
Mon 20 Nov 2017 16:40:29 API.py [line:712] INFO 932529061061988352
Mon 20 Nov 2017 16:40:29 API.py [line:712] INFO 932529061599105024
Mon 20 Nov 2017 16:40:29 API.py [line:712] INFO 932529064035962880
Mon 20 Nov 2017 16:40:29 API.py [line:712] INFO 932529064794923008
Mon 20 Nov 2017 16:40:29 API.py [line:712] INFO 932529064740605953
Mon 20 Nov 2017 16:40:30 API.py [line:712] INFO 932529065235324928
Mon 20 Nov 2017 16:40:30 API.py [line:712] INFO 932529068108419072
Mon 20 Nov 2017 16:40:30 API.py [line:712] INFO 932529067756216321
Mon 20 Nov 2017 16:40:30 API.py [line:712] INFO 932529068532224000
Mon 20 Nov 2017 16:40:30 API.py [line:712] INFO 932529068372881408
Mon 20 Nov 2017 16:40:31 API.py [line:712] INFO 932529069945745409
Mon 20 Nov 2017 16:40:31 API.py [line:712] INFO 932529072030171136
Mon 20 Nov 2017 16:40:31 API.py [line:712] INFO 932529071711498240
Mon 20 Nov 2017 16:40:31 API.py [line:712] INFO 932529072667877376
Mon 20 Nov 2017 16:40:31 API.py [line:712] INFO 932529073158488065
Mon 20 Nov 2017 16:40:32 API.py [line:712] INFO 932529075012255745
Mon 20 Nov 2017 16:40:32 API.py [line:712] INFO 932529075066769408
Mon 20 Nov 2017 16:40:32 API.py [line:712] INFO 932529076601942016
Mon 20 Nov 2017 16:40:32 API.py [line:712] INFO 932529077348691969
Mon 20 Nov 2017 16:40:33 API.py [line:712] INFO 932529077831000064
Mon 20 Nov 2017 16:40:33 API.py [line:712] INFO 932529077621329920
Mon 20 Nov 2017 16:40:33 API.py [line:712] INFO 932529078099353603
Mon 20 Nov 2017 16:40:33 API.py [line:712] INFO 932529078745358336
Mon 20 Nov 2017 16:40:33 API.py [line:712] INFO 932529079491923968
Mon 20 Nov 2017 16:40:33 API.py [line:712] INFO 932529079512952833
Mon 20 Nov 2017 16:40:33 API.py [line:712] INFO 932529080351600640
Mon 20 Nov 2017 16:40:33 API.py [line:712] INFO 932529081165537282
Mon 20 Nov 2017 16:40:34 API.py [line:712] INFO 932529082402611201
Mon 20 Nov 2017 16:40:34 API.py [line:712] INFO 932529083178663936
Mon 20 Nov 2017 16:40:34 API.py [line:712] INFO 932529083887501312
Mon 20 Nov 2017 16:40:34 API.py [line:712] INFO 932529084399276032
Mon 20 Nov 2017 16:40:34 API.py [line:712] INFO 932529085959434240
Mon 20 Nov 2017 16:40:34 API.py [line:712] INFO 932529085875736577
Mon 20 Nov 2017 16:40:35 API.py [line:712] INFO 932529090409611264
Mon 20 Nov 2017 16:40:36 API.py [line:712] INFO 932529090149670912
Mon 20 Nov 2017 16:40:36 API.py [line:712] INFO 932529090870984704
Mon 20 Nov 2017 16:40:36 API.py [line:712] INFO 932529091353260034
Mon 20 Nov 2017 16:40:36 API.py [line:712] INFO 932529092997648384
Mon 20 Nov 2017 16:40:37 API.py [line:712] INFO 932529097296592896
Mon 20 Nov 2017 16:40:37 API.py [line:712] INFO 932529097959342080
Mon 20 Nov 2017 16:40:40 API.py [line:712] INFO 932529097745555456
Mon 20 Nov 2017 16:40:40 API.py [line:712] INFO 932529098781614080
Mon 20 Nov 2017 16:40:40 API.py [line:712] INFO 932529099729498112
Mon 20 Nov 2017 16:40:41 API.py [line:712] INFO 932529101096620032
Mon 20 Nov 2017 16:40:41 API.py [line:712] INFO 932529100719304705
Mon 20 Nov 2017 16:40:41 API.py [line:712] INFO 932529101117837314
Mon 20 Nov 2017 16:40:41 API.py [line:712] INFO 932529100991983616
Mon 20 Nov 2017 16:40:41 API.py [line:712] INFO 932529104741650432
Mon 20 Nov 2017 16:40:41 API.py [line:712] INFO 932529106142552064
Mon 20 Nov 2017 16:40:41 API.py [line:712] INFO 932529106536796160
Mon 20 Nov 2017 16:40:41 API.py [line:712] INFO 932529107006402560
Mon 20 Nov 2017 16:40:41 API.py [line:712] INFO 932529107279032320
Mon 20 Nov 2017 16:40:41 API.py [line:712] INFO 932529107669274624
Mon 20 Nov 2017 16:40:41 API.py [line:712] INFO 932529107870498816
Mon 20 Nov 2017 16:40:41 API.py [line:712] INFO 932529109086846978
Mon 20 Nov 2017 16:40:41 API.py [line:712] INFO 932529109489479680
Mon 20 Nov 2017 16:40:41 API.py [line:712] INFO 932529112471744512
Mon 20 Nov 2017 16:40:41 API.py [line:712] INFO 932529112622571520
Mon 20 Nov 2017 16:40:41 API.py [line:712] INFO 932529114417733632
Mon 20 Nov 2017 16:40:41 API.py [line:712] INFO 932529114505994240
Mon 20 Nov 2017 16:40:41 API.py [line:712] INFO 932529114862555137
Mon 20 Nov 2017 16:40:42 API.py [line:712] INFO 932529115479052288
Mon 20 Nov 2017 16:40:42 API.py [line:712] INFO 932529115244253186
Mon 20 Nov 2017 16:40:42 API.py [line:712] INFO 932529115806224384
Mon 20 Nov 2017 16:40:42 API.py [line:712] INFO 932529118209609728
Mon 20 Nov 2017 16:40:43 API.py [line:712] INFO 932529119102939137
Mon 20 Nov 2017 16:40:43 API.py [line:712] INFO 932529122248708096
Mon 20 Nov 2017 16:40:44 API.py [line:712] INFO 932529123951382528
Mon 20 Nov 2017 16:40:50 API.py [line:712] INFO 932529125100683265
Mon 20 Nov 2017 16:40:50 API.py [line:712] INFO 932529125323030528
Mon 20 Nov 2017 16:40:50 API.py [line:712] INFO 932529126023495681
Mon 20 Nov 2017 16:40:50 API.py [line:712] INFO 932529125675302913
Mon 20 Nov 2017 16:40:50 API.py [line:712] INFO 932529125998329856
Mon 20 Nov 2017 16:40:50 API.py [line:712] INFO 932529127520956421
Mon 20 Nov 2017 16:40:50 API.py [line:712] INFO 932529127906713600
Mon 20 Nov 2017 16:40:50 API.py [line:712] INFO 932529129290915841
Mon 20 Nov 2017 16:40:50 API.py [line:712] INFO 932529130310168576
Mon 20 Nov 2017 16:40:50 API.py [line:712] INFO 932529132683984896
Mon 20 Nov 2017 16:40:51 API.py [line:712] INFO 932529132600217601
Mon 20 Nov 2017 16:40:51 API.py [line:712] INFO 932529133359370240
Mon 20 Nov 2017 16:40:51 API.py [line:712] INFO 932529133501997056
Mon 20 Nov 2017 16:40:51 API.py [line:712] INFO 932529134030295040
Mon 20 Nov 2017 16:40:51 API.py [line:712] INFO 932529133690785792
Mon 20 Nov 2017 16:40:51 API.py [line:712] INFO 932529136211443712
Mon 20 Nov 2017 16:40:51 API.py [line:712] INFO 932529136396103682
Mon 20 Nov 2017 16:40:51 API.py [line:712] INFO 932529140514807808
Mon 20 Nov 2017 16:40:51 API.py [line:712] INFO 932529140640526336
Mon 20 Nov 2017 16:40:51 API.py [line:712] INFO 932529140871204864
Mon 20 Nov 2017 16:40:51 API.py [line:712] INFO 932529141903007744
Mon 20 Nov 2017 16:40:51 API.py [line:712] INFO 932529142050054145
Mon 20 Nov 2017 16:40:51 API.py [line:712] INFO 932529143610146816
Mon 20 Nov 2017 16:40:51 API.py [line:712] INFO 932529143866187776
Mon 20 Nov 2017 16:40:51 API.py [line:712] INFO 932529143820021760
Mon 20 Nov 2017 16:40:51 API.py [line:712] INFO 932529144143007744
Mon 20 Nov 2017 16:40:51 API.py [line:712] INFO 932529144532951040
Mon 20 Nov 2017 16:40:51 API.py [line:712] INFO 932529144696414208
Mon 20 Nov 2017 16:40:51 API.py [line:712] INFO 932529144541278209
Mon 20 Nov 2017 16:40:51 API.py [line:712] INFO 932529145124331520
Mon 20 Nov 2017 16:40:52 API.py [line:712] INFO 932529146168840192
Mon 20 Nov 2017 16:40:52 API.py [line:712] INFO 932529146332266496
Mon 20 Nov 2017 16:40:52 API.py [line:712] INFO 932529146252558336
Mon 20 Nov 2017 16:40:52 API.py [line:712] INFO 932529146294497280
Mon 20 Nov 2017 16:40:52 API.py [line:712] INFO 932529150975361024
Mon 20 Nov 2017 16:40:52 API.py [line:712] INFO 932529151474532353
Mon 20 Nov 2017 16:40:52 API.py [line:712] INFO 932529154402258944
Mon 20 Nov 2017 16:40:52 API.py [line:712] INFO 932529155500994560
Mon 20 Nov 2017 16:40:52 API.py [line:712] INFO 932529156109111296
Mon 20 Nov 2017 16:40:52 API.py [line:712] INFO 932529156432244736
Mon 20 Nov 2017 16:40:52 API.py [line:712] INFO 932529157552115712
Mon 20 Nov 2017 16:40:52 API.py [line:712] INFO 932529158219096065
Mon 20 Nov 2017 16:40:52 API.py [line:712] INFO 932529159389167616
Mon 20 Nov 2017 16:40:52 API.py [line:712] INFO 932529161083666433
Mon 20 Nov 2017 16:40:53 API.py [line:712] INFO 932529162245623808
Mon 20 Nov 2017 16:40:53 API.py [line:712] INFO 932529163684102145
Mon 20 Nov 2017 16:40:53 API.py [line:712] INFO 932529163839340544
Mon 20 Nov 2017 16:40:53 API.py [line:712] INFO 932529165907124225
Mon 20 Nov 2017 16:40:54 API.py [line:712] INFO 932529166993338368
Mon 20 Nov 2017 16:40:54 API.py [line:712] INFO 932529167588925440
Mon 20 Nov 2017 16:40:54 API.py [line:712] INFO 932529168994263040
Mon 20 Nov 2017 16:40:54 API.py [line:712] INFO 932529168893358081
Mon 20 Nov 2017 16:40:55 API.py [line:712] INFO 932529170495746049
Mon 20 Nov 2017 16:40:55 API.py [line:712] INFO 932529173012377600
Mon 20 Nov 2017 16:40:56 API.py [line:712] INFO 932529173700251649
Mon 20 Nov 2017 16:40:56 API.py [line:712] INFO 932529174623014912
Mon 20 Nov 2017 16:40:56 API.py [line:712] INFO 932529174702641157
Mon 20 Nov 2017 16:40:56 API.py [line:712] INFO 932529175461748736
Mon 20 Nov 2017 16:40:56 API.py [line:712] INFO 932529176166273025
Mon 20 Nov 2017 16:40:56 API.py [line:712] INFO 932529177755926528
Mon 20 Nov 2017 16:40:57 API.py [line:712] INFO 932529179265925121
Mon 20 Nov 2017 16:40:57 API.py [line:712] INFO 932529178611773440
Mon 20 Nov 2017 16:40:57 API.py [line:712] INFO 932529181673521152
Mon 20 Nov 2017 16:40:57 API.py [line:712] INFO 932529181895938050
Mon 20 Nov 2017 16:40:58 API.py [line:712] INFO 932529182621478912
Mon 20 Nov 2017 16:40:58 API.py [line:712] INFO 932529183049371648
Mon 20 Nov 2017 16:40:58 API.py [line:712] INFO 932529182822752256
Mon 20 Nov 2017 16:40:58 API.py [line:712] INFO 932529183531716608
Mon 20 Nov 2017 16:40:58 API.py [line:712] INFO 932529183871455233
Mon 20 Nov 2017 16:40:59 API.py [line:712] INFO 932529187373461504
Mon 20 Nov 2017 16:40:59 API.py [line:712] INFO 932529189462396928
Mon 20 Nov 2017 16:41:00 API.py [line:712] INFO 932529191186259968
Mon 20 Nov 2017 16:41:00 API.py [line:712] INFO 932529191131734016
Mon 20 Nov 2017 16:41:00 API.py [line:712] INFO 932529192658440192
Mon 20 Nov 2017 16:41:00 API.py [line:712] INFO 932529193958522881
Mon 20 Nov 2017 16:41:00 API.py [line:712] INFO 932529193614757888
Mon 20 Nov 2017 16:41:00 API.py [line:712] INFO 932529193702768640
Mon 20 Nov 2017 16:41:01 API.py [line:712] INFO 932529195053350912
Mon 20 Nov 2017 16:41:01 API.py [line:712] INFO 932529196060037120
Mon 20 Nov 2017 16:41:01 API.py [line:712] INFO 932529196609437696
Mon 20 Nov 2017 16:41:01 API.py [line:712] INFO 932529197288845312
Mon 20 Nov 2017 16:41:02 API.py [line:712] INFO 932529198870052865
Mon 20 Nov 2017 16:41:02 API.py [line:712] INFO 932529201323810816
Mon 20 Nov 2017 16:41:02 API.py [line:712] INFO 932529202070507520
Mon 20 Nov 2017 16:41:02 API.py [line:712] INFO 932529202951348226
Mon 20 Nov 2017 16:41:03 API.py [line:712] INFO 932529204737933314
Mon 20 Nov 2017 16:41:03 API.py [line:712] INFO 932529202141827072
Mon 20 Nov 2017 16:41:03 API.py [line:712] INFO 932529205476126721
Mon 20 Nov 2017 16:41:03 API.py [line:712] INFO 932529206071721984
Mon 20 Nov 2017 16:41:03 API.py [line:712] INFO 932529206080110592
Mon 20 Nov 2017 16:41:03 API.py [line:712] INFO 932529207506239488
Mon 20 Nov 2017 16:41:04 API.py [line:712] INFO 932529202141827072
Mon 20 Nov 2017 16:41:05 API.py [line:712] INFO 932529212262453249
Mon 20 Nov 2017 16:41:05 API.py [line:712] INFO 932529212128448513
Mon 20 Nov 2017 16:41:05 API.py [line:712] INFO 932529213499899904
Mon 20 Nov 2017 16:41:05 API.py [line:712] INFO 932529213218762752
Mon 20 Nov 2017 16:41:05 API.py [line:712] INFO 932529215039254528
Mon 20 Nov 2017 16:41:05 API.py [line:712] INFO 932529215412486144
Mon 20 Nov 2017 16:41:06 API.py [line:712] INFO 932529216410783745
Mon 20 Nov 2017 16:41:06 API.py [line:712] INFO 932529217320910849
Mon 20 Nov 2017 16:41:06 API.py [line:712] INFO 932529217467703297
Mon 20 Nov 2017 16:41:06 API.py [line:712] INFO 932529217933230080
Mon 20 Nov 2017 16:41:06 API.py [line:712] INFO 932529218449059840
Mon 20 Nov 2017 16:41:06 API.py [line:712] INFO 932529218415669248
Mon 20 Nov 2017 16:41:06 API.py [line:712] INFO 932529214431158272
Mon 20 Nov 2017 16:41:06 API.py [line:712] INFO 932529220030382080
Mon 20 Nov 2017 16:41:07 API.py [line:712] INFO 932529220772925440
Mon 20 Nov 2017 16:41:07 API.py [line:712] INFO 932529221414424576
Mon 20 Nov 2017 16:41:07 API.py [line:712] INFO 932529221720780800
Mon 20 Nov 2017 16:41:07 API.py [line:712] INFO 932529222328844288
Mon 20 Nov 2017 16:41:07 API.py [line:712] INFO 932529222597390336
Mon 20 Nov 2017 16:41:07 API.py [line:712] INFO 932529223587287040
Mon 20 Nov 2017 16:41:07 API.py [line:712] INFO 932529223151038464
Mon 20 Nov 2017 16:41:08 API.py [line:712] INFO 932529224136691712
Mon 20 Nov 2017 16:41:08 API.py [line:712] INFO 932529224220491777
Mon 20 Nov 2017 16:41:08 API.py [line:712] INFO 932529225638088704
Mon 20 Nov 2017 16:41:08 API.py [line:712] INFO 932529225449517056
Mon 20 Nov 2017 16:41:08 API.py [line:712] INFO 932529226212958208
