Mon 20 Nov 2017 18:52:45 API.py [line:660] INFO start
Mon 20 Nov 2017 18:52:45 API.py [line:692] INFO thread 0 start.
Mon 20 Nov 2017 18:52:45 API.py [line:695] INFO thread 0's token_index 98
Mon 20 Nov 2017 18:52:45 API.py [line:696] INFO {u'access_token': u'713208550651256833-5XytVEBeH7Kuns3IFo5swESXVnRwMDA', u'consumer_secret': u'LivsS9DTKh4Xmfo2vOG2tpKmrj8lxsYqiDgZLamPBJahFqnjUo', u'consumer_key': u'fO4lXV6LLz5e1Ew6uRDtvXpIQ', u'access_token_secret': u'K4SQkdPCV4qf5z9BvBy2mrHsHQKwnpLHgzBqOBvpyytNs'}
Mon 20 Nov 2017 18:52:45 API.py [line:697] INFO [u'shooting,china']
Mon 20 Nov 2017 18:52:45 API.py [line:698] INFO ['192.168.1.148:8118']
Mon 20 Nov 2017 18:52:48 API.py [line:712] INFO 932562360035921920
Mon 20 Nov 2017 18:52:48 API.py [line:712] INFO 932562362091130880
Mon 20 Nov 2017 18:52:49 API.py [line:712] INFO 932562362992803841
Mon 20 Nov 2017 18:52:49 API.py [line:712] INFO 932562363039076357
Mon 20 Nov 2017 18:52:49 API.py [line:712] INFO 932562363642814464
Mon 20 Nov 2017 18:52:49 API.py [line:712] INFO 932562363966021632
Mon 20 Nov 2017 18:52:49 API.py [line:712] INFO 932562366264471552
Mon 20 Nov 2017 18:52:49 API.py [line:712] INFO 932562366813765633
Mon 20 Nov 2017 18:52:50 API.py [line:712] INFO 932562368785256449
Mon 20 Nov 2017 18:52:50 API.py [line:712] INFO 932562369385025537
Mon 20 Nov 2017 18:52:50 API.py [line:712] INFO 932562369062035456
Mon 20 Nov 2017 18:52:50 API.py [line:712] INFO 932562370702008320
Mon 20 Nov 2017 18:52:51 API.py [line:712] INFO 932562371469484032
Mon 20 Nov 2017 18:52:51 API.py [line:712] INFO 932562371293470720
Mon 20 Nov 2017 18:52:51 API.py [line:712] INFO 932562372501241856
Mon 20 Nov 2017 18:52:51 API.py [line:712] INFO 932562373063278592
Mon 20 Nov 2017 18:52:59 API.py [line:712] INFO 932562375454142464
Mon 20 Nov 2017 18:52:59 API.py [line:712] INFO 932562376062324736
Mon 20 Nov 2017 18:52:59 API.py [line:712] INFO 932562377257631744
Mon 20 Nov 2017 18:52:59 API.py [line:712] INFO 932562377672876032
Mon 20 Nov 2017 18:52:59 API.py [line:712] INFO 932562379648524288
Mon 20 Nov 2017 18:52:59 API.py [line:712] INFO 932562379824562176
Mon 20 Nov 2017 18:52:59 API.py [line:712] INFO 932562380982235136
Mon 20 Nov 2017 18:52:59 API.py [line:712] INFO 932562383062548480
Mon 20 Nov 2017 18:53:00 API.py [line:712] INFO 932562382995492865
Mon 20 Nov 2017 18:53:00 API.py [line:712] INFO 932562383549054976
Mon 20 Nov 2017 18:53:00 API.py [line:712] INFO 932562383339483136
Mon 20 Nov 2017 18:53:00 API.py [line:712] INFO 932562383498891264
Mon 20 Nov 2017 18:53:00 API.py [line:712] INFO 932562384878755840
Mon 20 Nov 2017 18:53:00 API.py [line:712] INFO 932562385977540608
Mon 20 Nov 2017 18:53:00 API.py [line:712] INFO 932562387462443008
Mon 20 Nov 2017 18:53:00 API.py [line:712] INFO 932562388041248768
Mon 20 Nov 2017 18:53:00 API.py [line:712] INFO 932562390062960640
Mon 20 Nov 2017 18:53:00 API.py [line:712] INFO 932562391258353666
Mon 20 Nov 2017 18:53:00 API.py [line:712] INFO 932562391514124290
Mon 20 Nov 2017 18:53:00 API.py [line:712] INFO 932562392269099008
Mon 20 Nov 2017 18:53:00 API.py [line:712] INFO 932562392545923072
Mon 20 Nov 2017 18:53:00 API.py [line:712] INFO 932562393196048385
Mon 20 Nov 2017 18:53:00 API.py [line:712] INFO 932562394575810561
Mon 20 Nov 2017 18:53:00 API.py [line:712] INFO 932562395469266944
Mon 20 Nov 2017 18:53:00 API.py [line:712] INFO 932562395880333312
Mon 20 Nov 2017 18:53:01 API.py [line:712] INFO 932562395985268737
Mon 20 Nov 2017 18:53:01 API.py [line:712] INFO 932562395880415232
Mon 20 Nov 2017 18:53:01 API.py [line:712] INFO 932562396811427840
Mon 20 Nov 2017 18:53:01 API.py [line:712] INFO 932562396652204032
Mon 20 Nov 2017 18:53:01 API.py [line:712] INFO 932562397331709952
Mon 20 Nov 2017 18:53:01 API.py [line:712] INFO 932562397977628672
Mon 20 Nov 2017 18:53:01 API.py [line:712] INFO 932562398719893514
Mon 20 Nov 2017 18:53:01 API.py [line:712] INFO 932562399248384000
Mon 20 Nov 2017 18:53:01 API.py [line:712] INFO 932562400557092869
Mon 20 Nov 2017 18:53:01 API.py [line:712] INFO 932562401072857088
Mon 20 Nov 2017 18:53:01 API.py [line:712] INFO 932562401362358272
Mon 20 Nov 2017 18:53:01 API.py [line:712] INFO 932562401530179584
Mon 20 Nov 2017 18:53:01 API.py [line:712] INFO 932562403304153089
Mon 20 Nov 2017 18:53:01 API.py [line:712] INFO 932562403132362754
Mon 20 Nov 2017 18:53:01 API.py [line:712] INFO 932562403728003072
Mon 20 Nov 2017 18:53:01 API.py [line:712] INFO 932562404432662528
Mon 20 Nov 2017 18:53:01 API.py [line:712] INFO 932562404063567872
Mon 20 Nov 2017 18:53:01 API.py [line:712] INFO 932562407297183744
Mon 20 Nov 2017 18:53:01 API.py [line:712] INFO 932562405896392705
Mon 20 Nov 2017 18:53:01 API.py [line:712] INFO 932562410636042240
Mon 20 Nov 2017 18:53:01 API.py [line:712] INFO 932562410862530560
Mon 20 Nov 2017 18:53:01 API.py [line:712] INFO 932562413546819584
Mon 20 Nov 2017 18:53:02 API.py [line:712] INFO 932562414284963840
Mon 20 Nov 2017 18:53:02 API.py [line:712] INFO 932562414222172160
Mon 20 Nov 2017 18:53:02 API.py [line:712] INFO 932562414477987840
Mon 20 Nov 2017 18:53:02 API.py [line:712] INFO 932562413609725952
Mon 20 Nov 2017 18:53:02 API.py [line:712] INFO 932562414951858176
Mon 20 Nov 2017 18:53:02 API.py [line:712] INFO 932562417564909568
Mon 20 Nov 2017 18:53:02 API.py [line:712] INFO 932562420580708353
Mon 20 Nov 2017 18:53:02 API.py [line:712] INFO 932562420609847296
Mon 20 Nov 2017 18:53:03 API.py [line:712] INFO 932562420794642433
Mon 20 Nov 2017 18:53:03 API.py [line:712] INFO 932562422296178688
Mon 20 Nov 2017 18:53:03 API.py [line:712] INFO 932562423407611904
Mon 20 Nov 2017 18:53:03 API.py [line:712] INFO 932562423927705601
Mon 20 Nov 2017 18:53:04 API.py [line:712] INFO 932562426364444674
Mon 20 Nov 2017 18:53:04 API.py [line:712] INFO 932562428235096064
Mon 20 Nov 2017 18:53:04 API.py [line:712] INFO 932562428168155137
Mon 20 Nov 2017 18:53:04 API.py [line:712] INFO 932562428214284289
Mon 20 Nov 2017 18:53:04 API.py [line:712] INFO 932562429250334721
Mon 20 Nov 2017 18:53:04 API.py [line:712] INFO 932562429304819712
Mon 20 Nov 2017 18:53:04 API.py [line:712] INFO 932562429590102021
Mon 20 Nov 2017 18:53:05 API.py [line:712] INFO 932562431078932480
Mon 20 Nov 2017 18:53:05 API.py [line:712] INFO 932562431578009600
Mon 20 Nov 2017 18:53:05 API.py [line:712] INFO 932562432685432832
Mon 20 Nov 2017 18:53:05 API.py [line:712] INFO 932562432245075968
Mon 20 Nov 2017 18:53:06 API.py [line:712] INFO 932562434736508928
Mon 20 Nov 2017 18:53:06 API.py [line:712] INFO 932562435306790912
