Mon 27 Nov 2017 17:04:54 rest_api get_users_lookup 15516 Thread-3 [line:140] INFO users: 100, success: 100
Mon 27 Nov 2017 17:05:00 rest_api get_users_lookup 16512 Thread-5 [line:140] INFO users: 100, success: 100
Mon 27 Nov 2017 17:05:04 rest_api get_users_lookup 3492 Thread-1 [line:140] INFO users: 100, success: 100
Mon 27 Nov 2017 17:05:06 rest_api get_users_lookup 17916 Thread-2 [line:140] INFO users: 100, success: 100
Mon 27 Nov 2017 17:05:07 rest_api get_users_lookup 19880 Thread-6 [line:140] INFO users: 100, success: 100
Mon 27 Nov 2017 17:05:07 rest_api get_users_lookup 6524 Thread-4 [line:140] INFO users: 100, success: 100
Mon 27 Nov 2017 17:05:08 rest_api get_users_lookup 13492 Thread-8 [line:140] INFO users: 100, success: 100
Mon 27 Nov 2017 17:05:16 rest_api get_users_lookup 14316 Thread-7 [line:140] INFO users: 100, success: 100
Mon 27 Nov 2017 17:05:22 rest_api get_users_lookup 15516 Thread-3 [line:140] INFO users: 100, success: 100
Mon 27 Nov 2017 17:05:41 rest_api get_users_lookup 6524 Thread-4 [line:140] INFO users: 100, success: 100
Mon 27 Nov 2017 17:05:43 rest_api get_users_lookup 19880 Thread-6 [line:140] INFO users: 100, success: 100
Mon 27 Nov 2017 17:05:44 rest_api get_users_lookup 13492 Thread-8 [line:140] INFO users: 100, success: 100
Mon 27 Nov 2017 17:05:47 rest_api get_users_lookup 3492 Thread-1 [line:140] INFO users: 100, success: 100
Mon 27 Nov 2017 17:05:48 rest_api get_users_lookup 16512 Thread-5 [line:140] INFO users: 100, success: 100
Mon 27 Nov 2017 17:05:59 rest_api get_users_lookup 17916 Thread-2 [line:140] INFO users: 100, success: 100
Mon 27 Nov 2017 17:06:06 rest_api get_users_lookup 14316 Thread-7 [line:140] INFO users: 100, success: 100
Mon 27 Nov 2017 17:06:07 rest_api get_users_lookup 15516 Thread-3 [line:140] INFO users: 100, success: 100
Mon 27 Nov 2017 17:06:16 rest_api get_users_lookup 19880 Thread-6 [line:140] INFO users: 100, success: 100
Mon 27 Nov 2017 17:06:17 rest_api get_users_lookup 6524 Thread-4 [line:140] INFO users: 100, success: 100
Mon 27 Nov 2017 17:06:18 rest_api get_users_lookup 13492 Thread-8 [line:140] INFO users: 100, success: 100
Mon 27 Nov 2017 17:06:23 rest_api get_users_lookup 16512 Thread-5 [line:140] INFO users: 100, success: 100
Mon 27 Nov 2017 17:06:30 rest_api get_users_lookup 17916 Thread-2 [line:140] INFO users: 100, success: 100
Mon 27 Nov 2017 17:06:31 rest_api get_users_lookup 3492 Thread-1 [line:140] INFO users: 100, success: 100
Mon 27 Nov 2017 17:06:47 rest_api get_users_lookup 15516 Thread-3 [line:140] INFO users: 100, success: 100
Mon 27 Nov 2017 17:06:55 rest_api get_users_lookup 6524 Thread-4 [line:140] INFO users: 100, success: 99
Mon 27 Nov 2017 17:06:55 rest_api get_users_lookup 6524 Thread-4 [line:142] INFO failed id: [850797205178900480L]
Mon 27 Nov 2017 17:06:57 rest_api get_users_lookup 19880 Thread-6 [line:140] INFO users: 100, success: 100
Mon 27 Nov 2017 17:07:00 rest_api get_users_lookup 13492 Thread-8 [line:140] INFO users: 100, success: 100
Mon 27 Nov 2017 17:07:00 rest_api get_users_lookup 17916 Thread-2 [line:140] INFO users: 100, success: 100
Mon 27 Nov 2017 17:07:02 rest_api get_users_lookup 14316 Thread-7 [line:140] INFO users: 100, success: 100
Mon 27 Nov 2017 17:07:06 rest_api get_users_lookup 16512 Thread-5 [line:140] INFO users: 100, success: 100
Mon 27 Nov 2017 17:07:12 rest_api get_users_lookup 3492 Thread-1 [line:140] INFO users: 100, success: 100
Mon 27 Nov 2017 17:07:13 rest_api get_users_lookup 15516 Thread-3 [line:140] INFO users: 100, success: 100
Mon 27 Nov 2017 17:07:27 rest_api get_users_lookup 19880 Thread-6 [line:140] INFO users: 100, success: 100
Mon 27 Nov 2017 17:07:30 rest_api get_users_lookup 17916 Thread-2 [line:140] INFO users: 100, success: 100
Mon 27 Nov 2017 17:07:32 rest_api get_users_lookup 13492 Thread-8 [line:140] INFO users: 100, success: 100
Mon 27 Nov 2017 17:07:38 rest_api get_users_lookup 6524 Thread-4 [line:140] INFO users: 100, success: 100
Mon 27 Nov 2017 17:07:47 rest_api get_users_lookup 15516 Thread-3 [line:140] INFO users: 100, success: 100
Mon 27 Nov 2017 17:07:49 rest_api get_users_lookup 14316 Thread-7 [line:140] INFO users: 100, success: 100
Mon 27 Nov 2017 17:07:57 rest_api get_users_lookup 16512 Thread-5 [line:140] INFO users: 100, success: 100
Mon 27 Nov 2017 17:08:05 rest_api get_users_lookup 13492 Thread-8 [line:140] INFO users: 100, success: 100
Mon 27 Nov 2017 17:08:13 rest_api get_users_lookup 17916 Thread-2 [line:140] INFO users: 100, success: 100
Mon 27 Nov 2017 17:08:14 rest_api get_users_lookup 19880 Thread-6 [line:140] INFO users: 100, success: 100
Mon 27 Nov 2017 17:08:15 rest_api get_users_lookup 3492 Thread-1 [line:140] INFO users: 100, success: 100
Mon 27 Nov 2017 17:08:16 rest_api get_users_lookup 14316 Thread-7 [line:140] INFO users: 100, success: 100
Mon 27 Nov 2017 17:08:27 rest_api get_users_lookup 15516 Thread-3 [line:140] INFO users: 100, success: 100
Mon 27 Nov 2017 17:08:31 rest_api get_users_lookup 6524 Thread-4 [line:140] INFO users: 100, success: 100
Mon 27 Nov 2017 17:08:37 rest_api get_users_lookup 16512 Thread-5 [line:140] INFO users: 100, success: 100
Mon 27 Nov 2017 17:08:44 rest_api get_users_lookup 13492 Thread-8 [line:140] INFO users: 100, success: 100
Mon 27 Nov 2017 17:08:46 TwitterError __init__ 6524 Thread-4 [line:22] WARNING 400 statuses/filter text HTTPSConnectionPool(host='api.twitter.com', port=443): Max retries exceeded with url: /1.1/users/lookup.json (Caused by ProxyError('Cannot connect to proxy.', timeout('timed out',)))
Mon 27 Nov 2017 17:08:46 rest_api get_users_lookup 6524 Thread-4 [line:120] ERROR HTTPSConnectionPool(host='api.twitter.com', port=443): Max retries exceeded with url: /1.1/users/lookup.json (Caused by ProxyError('Cannot connect to proxy.', timeout('timed out',)))
Mon 27 Nov 2017 17:09:01 TwitterError __init__ 19880 Thread-6 [line:22] WARNING 400 statuses/filter text HTTPSConnectionPool(host='api.twitter.com', port=443): Read timed out.
Mon 27 Nov 2017 17:09:01 rest_api get_users_lookup 19880 Thread-6 [line:120] ERROR HTTPSConnectionPool(host='api.twitter.com', port=443): Read timed out.
Mon 27 Nov 2017 17:09:01 rest_api get_users_lookup 3492 Thread-1 [line:140] INFO users: 100, success: 100
Mon 27 Nov 2017 17:09:03 rest_api get_users_lookup 17916 Thread-2 [line:140] INFO users: 100, success: 100
Mon 27 Nov 2017 17:09:11 rest_api get_users_lookup 15516 Thread-3 [line:140] INFO users: 100, success: 100
Mon 27 Nov 2017 17:09:12 rest_api get_users_lookup 16512 Thread-5 [line:140] INFO users: 100, success: 100
Mon 27 Nov 2017 17:09:21 rest_api get_users_lookup 13492 Thread-8 [line:140] INFO users: 100, success: 100
Mon 27 Nov 2017 17:09:25 rest_api get_users_lookup 14316 Thread-7 [line:140] INFO users: 100, success: 100
Mon 27 Nov 2017 17:09:30 rest_api get_users_lookup 3492 Thread-1 [line:140] INFO users: 100, success: 100
Mon 27 Nov 2017 17:09:34 rest_api get_users_lookup 17916 Thread-2 [line:140] INFO users: 100, success: 100
Mon 27 Nov 2017 17:09:38 rest_api get_users_lookup 6524 Thread-4 [line:140] INFO users: 100, success: 100
Mon 27 Nov 2017 17:09:59 rest_api get_users_lookup 16512 Thread-5 [line:140] INFO users: 100, success: 100
Mon 27 Nov 2017 17:10:00 rest_api get_users_lookup 19880 Thread-6 [line:140] INFO users: 100, success: 100
Mon 27 Nov 2017 17:10:00 rest_api get_users_lookup 13492 Thread-8 [line:140] INFO users: 100, success: 100
Mon 27 Nov 2017 17:10:01 rest_api get_users_lookup 14316 Thread-7 [line:140] INFO users: 100, success: 99
Mon 27 Nov 2017 17:10:01 rest_api get_users_lookup 14316 Thread-7 [line:142] INFO failed id: [262919466]
Mon 27 Nov 2017 17:10:03 rest_api get_users_lookup 3492 Thread-1 [line:140] INFO users: 100, success: 100
Mon 27 Nov 2017 17:10:04 rest_api get_users_lookup 17916 Thread-2 [line:140] INFO users: 100, success: 100
Mon 27 Nov 2017 17:10:05 rest_api get_users_lookup 15516 Thread-3 [line:140] INFO users: 100, success: 100
Mon 27 Nov 2017 17:10:07 rest_api get_users_lookup 6524 Thread-4 [line:140] INFO users: 100, success: 100
Mon 27 Nov 2017 17:10:33 rest_api get_users_lookup 19880 Thread-6 [line:140] INFO users: 100, success: 100
Mon 27 Nov 2017 17:10:39 rest_api get_users_lookup 16512 Thread-5 [line:140] INFO users: 100, success: 100
Mon 27 Nov 2017 17:10:39 rest_api get_users_lookup 3492 Thread-1 [line:140] INFO users: 100, success: 100
Mon 27 Nov 2017 17:10:44 rest_api get_users_lookup 15516 Thread-3 [line:140] INFO users: 100, success: 100
Mon 27 Nov 2017 17:10:45 rest_api get_users_lookup 13492 Thread-8 [line:140] INFO users: 100, success: 100
Mon 27 Nov 2017 17:10:56 rest_api get_users_lookup 6524 Thread-4 [line:140] INFO users: 100, success: 100
Mon 27 Nov 2017 17:11:02 rest_api get_users_lookup 19880 Thread-6 [line:140] INFO users: 100, success: 100
Mon 27 Nov 2017 17:11:04 rest_api get_users_lookup 14316 Thread-7 [line:140] INFO users: 100, success: 100
Mon 27 Nov 2017 17:11:14 TwitterError __init__ 16512 Thread-5 [line:22] WARNING 400 statuses/filter text HTTPSConnectionPool(host='api.twitter.com', port=443): Read timed out.
Mon 27 Nov 2017 17:11:14 rest_api get_users_lookup 16512 Thread-5 [line:120] ERROR HTTPSConnectionPool(host='api.twitter.com', port=443): Read timed out.
Mon 27 Nov 2017 17:11:19 rest_api get_users_lookup 3492 Thread-1 [line:140] INFO users: 100, success: 100
Mon 27 Nov 2017 17:11:24 rest_api get_users_lookup 17916 Thread-2 [line:140] INFO users: 100, success: 100
Mon 27 Nov 2017 17:11:24 rest_api get_users_lookup 13492 Thread-8 [line:140] INFO users: 100, success: 100
Mon 27 Nov 2017 17:11:26 rest_api get_users_lookup 15516 Thread-3 [line:140] INFO users: 100, success: 100
Mon 27 Nov 2017 17:11:31 rest_api get_users_lookup 19880 Thread-6 [line:140] INFO users: 100, success: 100
Mon 27 Nov 2017 17:11:34 rest_api get_users_lookup 6524 Thread-4 [line:140] INFO users: 100, success: 100
Mon 27 Nov 2017 17:11:38 rest_api get_users_lookup 14316 Thread-7 [line:140] INFO users: 100, success: 100
Mon 27 Nov 2017 17:11:55 rest_api get_users_lookup 3492 Thread-1 [line:140] INFO users: 100, success: 100
Mon 27 Nov 2017 17:11:56 rest_api get_users_lookup 13492 Thread-8 [line:140] INFO users: 100, success: 100
Mon 27 Nov 2017 17:12:01 rest_api get_users_lookup 15516 Thread-3 [line:140] INFO users: 100, success: 100
Mon 27 Nov 2017 17:12:01 rest_api get_users_lookup 6524 Thread-4 [line:140] INFO users: 100, success: 100
Mon 27 Nov 2017 17:12:03 rest_api get_users_lookup 19880 Thread-6 [line:140] INFO users: 100, success: 100
Mon 27 Nov 2017 17:12:06 rest_api get_users_lookup 16512 Thread-5 [line:140] INFO users: 100, success: 100
Mon 27 Nov 2017 17:12:12 rest_api get_users_lookup 14316 Thread-7 [line:140] INFO users: 100, success: 100
Mon 27 Nov 2017 17:12:18 rest_api get_users_lookup 17916 Thread-2 [line:140] INFO users: 100, success: 100
Mon 27 Nov 2017 17:12:26 rest_api get_users_lookup 3492 Thread-1 [line:140] INFO users: 100, success: 100
Mon 27 Nov 2017 17:12:31 rest_api get_users_lookup 13492 Thread-8 [line:140] INFO users: 100, success: 100
Mon 27 Nov 2017 17:12:34 rest_api get_users_lookup 15516 Thread-3 [line:140] INFO users: 100, success: 100
Mon 27 Nov 2017 17:12:38 rest_api get_users_lookup 6524 Thread-4 [line:140] INFO users: 100, success: 100
Mon 27 Nov 2017 17:12:39 rest_api get_users_lookup 19880 Thread-6 [line:140] INFO users: 100, success: 99
Mon 27 Nov 2017 17:12:39 rest_api get_users_lookup 19880 Thread-6 [line:142] INFO failed id: [222957583]
Mon 27 Nov 2017 17:12:41 rest_api get_users_lookup 16512 Thread-5 [line:140] INFO users: 100, success: 100
Mon 27 Nov 2017 17:12:49 rest_api get_users_lookup 14316 Thread-7 [line:140] INFO users: 100, success: 100
Mon 27 Nov 2017 17:12:51 rest_api get_users_lookup 17916 Thread-2 [line:140] INFO users: 100, success: 100
Mon 27 Nov 2017 17:13:07 rest_api get_users_lookup 6524 Thread-4 [line:140] INFO users: 100, success: 100
Mon 27 Nov 2017 17:13:09 rest_api get_users_lookup 13492 Thread-8 [line:140] INFO users: 100, success: 100
Mon 27 Nov 2017 17:13:11 rest_api get_users_lookup 3492 Thread-1 [line:140] INFO users: 100, success: 100
Mon 27 Nov 2017 17:13:19 rest_api get_users_lookup 14316 Thread-7 [line:140] INFO users: 100, success: 100
Mon 27 Nov 2017 17:13:21 rest_api get_users_lookup 15516 Thread-3 [line:140] INFO users: 100, success: 100
Mon 27 Nov 2017 17:13:22 rest_api get_users_lookup 19880 Thread-6 [line:140] INFO users: 100, success: 100
Mon 27 Nov 2017 17:13:24 rest_api get_users_lookup 16512 Thread-5 [line:140] INFO users: 100, success: 100
Mon 27 Nov 2017 17:13:29 rest_api get_users_lookup 17916 Thread-2 [line:140] INFO users: 100, success: 100
Mon 27 Nov 2017 17:13:46 rest_api get_users_lookup 13492 Thread-8 [line:140] INFO users: 100, success: 100
Mon 27 Nov 2017 17:13:49 rest_api get_users_lookup 6524 Thread-4 [line:140] INFO users: 100, success: 100
Mon 27 Nov 2017 17:13:52 rest_api get_users_lookup 3492 Thread-1 [line:140] INFO users: 100, success: 100
Mon 27 Nov 2017 17:13:55 rest_api get_users_lookup 15516 Thread-3 [line:140] INFO users: 100, success: 100
Mon 27 Nov 2017 17:14:01 rest_api get_users_lookup 14316 Thread-7 [line:140] INFO users: 100, success: 100
Mon 27 Nov 2017 17:14:08 rest_api get_users_lookup 19880 Thread-6 [line:140] INFO users: 100, success: 100
Mon 27 Nov 2017 17:14:09 rest_api get_users_lookup 16512 Thread-5 [line:140] INFO users: 100, success: 100
Mon 27 Nov 2017 17:14:19 rest_api get_users_lookup 17916 Thread-2 [line:140] INFO users: 100, success: 100
Mon 27 Nov 2017 17:14:25 rest_api get_users_lookup 6524 Thread-4 [line:140] INFO users: 100, success: 100
Mon 27 Nov 2017 17:14:27 rest_api get_users_lookup 13492 Thread-8 [line:140] INFO users: 100, success: 100
Mon 27 Nov 2017 17:14:28 rest_api get_users_lookup 15516 Thread-3 [line:140] INFO users: 100, success: 100
Mon 27 Nov 2017 17:14:33 rest_api get_users_lookup 3492 Thread-1 [line:140] INFO users: 100, success: 100
Mon 27 Nov 2017 17:14:50 rest_api get_users_lookup 14316 Thread-7 [line:140] INFO users: 100, success: 100
Mon 27 Nov 2017 17:14:56 rest_api get_users_lookup 16512 Thread-5 [line:140] INFO users: 100, success: 100
Mon 27 Nov 2017 17:15:03 rest_api get_users_lookup 17916 Thread-2 [line:140] INFO users: 100, success: 100
Mon 27 Nov 2017 17:15:05 rest_api get_users_lookup 15516 Thread-3 [line:140] INFO users: 100, success: 100
Mon 27 Nov 2017 17:15:08 rest_api get_users_lookup 19880 Thread-6 [line:140] INFO users: 100, success: 100
Mon 27 Nov 2017 17:15:10 rest_api get_users_lookup 6524 Thread-4 [line:140] INFO users: 100, success: 100
Mon 27 Nov 2017 17:15:12 rest_api get_users_lookup 13492 Thread-8 [line:140] INFO users: 100, success: 100
Mon 27 Nov 2017 17:15:14 rest_api get_users_lookup 3492 Thread-1 [line:140] INFO users: 100, success: 100
Mon 27 Nov 2017 17:15:32 TwitterError __init__ 6524 Thread-4 [line:22] WARNING 400 statuses/filter text HTTPSConnectionPool(host='api.twitter.com', port=443): Max retries exceeded with url: /1.1/users/lookup.json (Caused by ProxyError('Cannot connect to proxy.', timeout('timed out',)))
Mon 27 Nov 2017 17:15:32 rest_api get_users_lookup 6524 Thread-4 [line:120] ERROR HTTPSConnectionPool(host='api.twitter.com', port=443): Max retries exceeded with url: /1.1/users/lookup.json (Caused by ProxyError('Cannot connect to proxy.', timeout('timed out',)))
Mon 27 Nov 2017 17:15:40 rest_api get_users_lookup 16512 Thread-5 [line:140] INFO users: 100, success: 100
Mon 27 Nov 2017 17:15:41 rest_api get_users_lookup 14316 Thread-7 [line:140] INFO users: 100, success: 100
Mon 27 Nov 2017 17:15:42 rest_api get_users_lookup 15516 Thread-3 [line:140] INFO users: 100, success: 100
Mon 27 Nov 2017 17:15:45 rest_api get_users_lookup 17916 Thread-2 [line:140] INFO users: 100, success: 100
Mon 27 Nov 2017 17:15:46 rest_api get_users_lookup 19880 Thread-6 [line:140] INFO users: 100, success: 100
Mon 27 Nov 2017 17:15:47 rest_api get_users_lookup 3492 Thread-1 [line:140] INFO users: 100, success: 100
Mon 27 Nov 2017 17:15:54 rest_api get_users_lookup 13492 Thread-8 [line:140] INFO users: 100, success: 100
Mon 27 Nov 2017 17:16:13 rest_api get_users_lookup 16512 Thread-5 [line:140] INFO users: 100, success: 100
Mon 27 Nov 2017 17:16:14 rest_api get_users_lookup 15516 Thread-3 [line:140] INFO users: 100, success: 100
Mon 27 Nov 2017 17:16:15 rest_api get_users_lookup 14316 Thread-7 [line:140] INFO users: 100, success: 100
Mon 27 Nov 2017 17:16:19 rest_api get_users_lookup 19880 Thread-6 [line:140] INFO users: 100, success: 100
Mon 27 Nov 2017 17:16:23 rest_api get_users_lookup 3492 Thread-1 [line:140] INFO users: 100, success: 100
Mon 27 Nov 2017 17:16:25 rest_api get_users_lookup 6524 Thread-4 [line:140] INFO users: 100, success: 100
Mon 27 Nov 2017 17:16:31 rest_api get_users_lookup 13492 Thread-8 [line:140] INFO users: 100, success: 100
Mon 27 Nov 2017 17:16:34 TwitterError __init__ 16512 Thread-5 [line:22] WARNING 400 statuses/filter text HTTPSConnectionPool(host='api.twitter.com', port=443): Max retries exceeded with url: /1.1/users/lookup.json (Caused by ProxyError('Cannot connect to proxy.', timeout('timed out',)))
Mon 27 Nov 2017 17:16:34 rest_api get_users_lookup 16512 Thread-5 [line:120] ERROR HTTPSConnectionPool(host='api.twitter.com', port=443): Max retries exceeded with url: /1.1/users/lookup.json (Caused by ProxyError('Cannot connect to proxy.', timeout('timed out',)))
Mon 27 Nov 2017 17:16:48 rest_api get_users_lookup 14316 Thread-7 [line:140] INFO users: 100, success: 100
Mon 27 Nov 2017 17:16:53 rest_api get_users_lookup 17916 Thread-2 [line:140] INFO users: 100, success: 100
Mon 27 Nov 2017 17:16:58 rest_api get_users_lookup 15516 Thread-3 [line:140] INFO users: 100, success: 100
Mon 27 Nov 2017 17:16:59 rest_api get_users_lookup 3492 Thread-1 [line:140] INFO users: 100, success: 100
Mon 27 Nov 2017 17:17:01 rest_api get_users_lookup 19880 Thread-6 [line:140] INFO users: 100, success: 100
Mon 27 Nov 2017 17:17:04 rest_api get_users_lookup 6524 Thread-4 [line:140] INFO users: 100, success: 100
Mon 27 Nov 2017 17:17:08 rest_api get_users_lookup 13492 Thread-8 [line:140] INFO users: 100, success: 100
Mon 27 Nov 2017 17:17:24 rest_api get_users_lookup 14316 Thread-7 [line:140] INFO users: 100, success: 100
Mon 27 Nov 2017 17:17:27 rest_api get_users_lookup 16512 Thread-5 [line:140] INFO users: 100, success: 100
Mon 27 Nov 2017 17:17:34 rest_api get_users_lookup 17916 Thread-2 [line:140] INFO users: 100, success: 100
Mon 27 Nov 2017 17:17:36 rest_api get_users_lookup 15516 Thread-3 [line:140] INFO users: 100, success: 100
Mon 27 Nov 2017 17:17:44 rest_api get_users_lookup 3492 Thread-1 [line:140] INFO users: 100, success: 100
Mon 27 Nov 2017 17:17:46 rest_api get_users_lookup 13492 Thread-8 [line:140] INFO users: 100, success: 100
Mon 27 Nov 2017 17:17:47 rest_api get_users_lookup 6524 Thread-4 [line:140] INFO users: 100, success: 100
Mon 27 Nov 2017 17:17:49 rest_api get_users_lookup 19880 Thread-6 [line:140] INFO users: 100, success: 100
Mon 27 Nov 2017 17:17:54 TwitterError __init__ 17916 Thread-2 [line:22] WARNING 400 statuses/filter text HTTPSConnectionPool(host='api.twitter.com', port=443): Max retries exceeded with url: /1.1/users/lookup.json (Caused by ProxyError('Cannot connect to proxy.', timeout('timed out',)))
Mon 27 Nov 2017 17:17:54 rest_api get_users_lookup 17916 Thread-2 [line:120] ERROR HTTPSConnectionPool(host='api.twitter.com', port=443): Max retries exceeded with url: /1.1/users/lookup.json (Caused by ProxyError('Cannot connect to proxy.', timeout('timed out',)))
Mon 27 Nov 2017 17:18:07 rest_api get_users_lookup 14316 Thread-7 [line:140] INFO users: 100, success: 100
Mon 27 Nov 2017 17:18:10 rest_api get_users_lookup 16512 Thread-5 [line:140] INFO users: 100, success: 100
Mon 27 Nov 2017 17:18:12 rest_api get_users_lookup 3492 Thread-1 [line:140] INFO users: 100, success: 100
Mon 27 Nov 2017 17:18:16 rest_api get_users_lookup 15516 Thread-3 [line:140] INFO users: 100, success: 100
Mon 27 Nov 2017 17:18:22 rest_api get_users_lookup 13492 Thread-8 [line:140] INFO users: 100, success: 100
Mon 27 Nov 2017 17:18:29 rest_api get_users_lookup 17916 Thread-2 [line:140] INFO users: 100, success: 100
Mon 27 Nov 2017 17:18:30 rest_api get_users_lookup 6524 Thread-4 [line:140] INFO users: 100, success: 100
Mon 27 Nov 2017 17:18:31 TwitterError __init__ 15516 Thread-3 [line:22] WARNING 400 statuses/filter text HTTPSConnectionPool(host='api.twitter.com', port=443): Max retries exceeded with url: /1.1/users/lookup.json (Caused by ProxyError('Cannot connect to proxy.', timeout('timed out',)))
Mon 27 Nov 2017 17:18:31 rest_api get_users_lookup 15516 Thread-3 [line:120] ERROR HTTPSConnectionPool(host='api.twitter.com', port=443): Max retries exceeded with url: /1.1/users/lookup.json (Caused by ProxyError('Cannot connect to proxy.', timeout('timed out',)))
Mon 27 Nov 2017 17:18:31 rest_api get_users_lookup 19880 Thread-6 [line:140] INFO users: 100, success: 100
Mon 27 Nov 2017 17:18:37 rest_api get_users_lookup 14316 Thread-7 [line:140] INFO users: 100, success: 100
Mon 27 Nov 2017 17:18:44 rest_api get_users_lookup 3492 Thread-1 [line:140] INFO users: 100, success: 100
Mon 27 Nov 2017 17:18:53 rest_api get_users_lookup 16512 Thread-5 [line:140] INFO users: 100, success: 100
Mon 27 Nov 2017 17:18:53 rest_api get_users_lookup 17916 Thread-2 [line:140] INFO users: 100, success: 100
Mon 27 Nov 2017 17:18:57 rest_api get_users_lookup 13492 Thread-8 [line:140] INFO users: 100, success: 100
Mon 27 Nov 2017 17:19:04 rest_api get_users_lookup 6524 Thread-4 [line:140] INFO users: 100, success: 100
Mon 27 Nov 2017 17:19:07 rest_api get_users_lookup 3492 Thread-1 [line:140] INFO users: 100, success: 100
Mon 27 Nov 2017 17:19:07 rest_api get_users_lookup 14316 Thread-7 [line:140] INFO users: 100, success: 100
Mon 27 Nov 2017 17:19:07 rest_api get_users_lookup 15516 Thread-3 [line:140] INFO users: 100, success: 100
Mon 27 Nov 2017 17:19:09 rest_api get_users_lookup 19880 Thread-6 [line:140] INFO users: 100, success: 100
Mon 27 Nov 2017 17:19:29 rest_api get_users_lookup 17916 Thread-2 [line:140] INFO users: 100, success: 100
Mon 27 Nov 2017 17:19:35 rest_api get_users_lookup 16512 Thread-5 [line:140] INFO users: 100, success: 100
Mon 27 Nov 2017 17:19:38 rest_api get_users_lookup 13492 Thread-8 [line:140] INFO users: 100, success: 100
Mon 27 Nov 2017 17:19:41 rest_api get_users_lookup 6524 Thread-4 [line:140] INFO users: 100, success: 100
Mon 27 Nov 2017 17:19:46 rest_api get_users_lookup 3492 Thread-1 [line:140] INFO users: 100, success: 100
Mon 27 Nov 2017 17:19:46 rest_api get_users_lookup 15516 Thread-3 [line:140] INFO users: 100, success: 100
Mon 27 Nov 2017 17:19:50 rest_api get_users_lookup 19880 Thread-6 [line:140] INFO users: 100, success: 100
Mon 27 Nov 2017 17:19:55 rest_api get_users_lookup 14316 Thread-7 [line:140] INFO users: 100, success: 100
Mon 27 Nov 2017 17:20:03 rest_api get_users_lookup 16512 Thread-5 [line:140] INFO users: 100, success: 100
Mon 27 Nov 2017 17:20:04 rest_api get_users_lookup 17916 Thread-2 [line:140] INFO users: 100, success: 100
Mon 27 Nov 2017 17:20:15 rest_api get_users_lookup 13492 Thread-8 [line:140] INFO users: 93, success: 93
Mon 27 Nov 2017 17:20:22 rest_api get_users_lookup 3492 Thread-1 [line:140] INFO users: 100, success: 100
Mon 27 Nov 2017 17:20:27 rest_api get_users_lookup 6524 Thread-4 [line:140] INFO users: 100, success: 100
Mon 27 Nov 2017 17:20:28 rest_api get_users_lookup 15516 Thread-3 [line:140] INFO users: 100, success: 100
Mon 27 Nov 2017 17:20:33 rest_api get_users_lookup 19880 Thread-6 [line:140] INFO users: 100, success: 100
Mon 27 Nov 2017 17:20:38 rest_api get_users_lookup 16512 Thread-5 [line:140] INFO users: 100, success: 100
Mon 27 Nov 2017 17:20:39 rest_api get_users_lookup 14316 Thread-7 [line:140] INFO users: 100, success: 100
Mon 27 Nov 2017 17:20:39 rest_api get_users_lookup 3492 Thread-1 [line:140] INFO users: 1, success: 1
Mon 27 Nov 2017 17:20:45 rest_api get_users_lookup 17916 Thread-2 [line:140] INFO users: 100, success: 100
Mon 27 Nov 2017 17:20:50 rest_api get_users_lookup 6524 Thread-4 [line:140] INFO users: 100, success: 100
Mon 27 Nov 2017 17:20:53 rest_api get_users_lookup 15516 Thread-3 [line:140] INFO users: 1, success: 1
Mon 27 Nov 2017 17:21:08 rest_api get_users_lookup 19880 Thread-6 [line:140] INFO users: 100, success: 100
Mon 27 Nov 2017 17:21:10 rest_api get_users_lookup 14316 Thread-7 [line:140] INFO users: 100, success: 100
Mon 27 Nov 2017 17:21:14 rest_api get_users_lookup 16512 Thread-5 [line:140] INFO users: 100, success: 100
Mon 27 Nov 2017 17:21:19 rest_api get_users_lookup 17916 Thread-2 [line:140] INFO users: 100, success: 100
Mon 27 Nov 2017 17:21:31 rest_api get_users_lookup 6524 Thread-4 [line:140] INFO users: 100, success: 100
Mon 27 Nov 2017 17:21:46 rest_api get_users_lookup 6524 Thread-4 [line:140] INFO users: 1, success: 1
Mon 27 Nov 2017 17:21:50 rest_api get_users_lookup 19880 Thread-6 [line:140] INFO users: 100, success: 100
Mon 27 Nov 2017 17:21:52 rest_api get_users_lookup 16512 Thread-5 [line:140] INFO users: 100, success: 100
Mon 27 Nov 2017 17:21:53 rest_api get_users_lookup 17916 Thread-2 [line:140] INFO users: 100, success: 100
Mon 27 Nov 2017 17:21:57 rest_api get_users_lookup 14316 Thread-7 [line:140] INFO users: 100, success: 100
Mon 27 Nov 2017 17:22:05 rest_api get_users_lookup 17916 Thread-2 [line:140] INFO users: 1, success: 1
Mon 27 Nov 2017 17:22:08 rest_api get_users_lookup 19880 Thread-6 [line:140] INFO users: 1, success: 1
Mon 27 Nov 2017 17:22:14 rest_api get_users_lookup 14316 Thread-7 [line:140] INFO users: 1, success: 1
Mon 27 Nov 2017 17:22:31 rest_api get_users_lookup 16512 Thread-5 [line:140] INFO users: 100, success: 100
Mon 27 Nov 2017 17:22:47 rest_api get_users_lookup 16512 Thread-5 [line:140] INFO users: 1, success: 1
Mon 27 Nov 2017 17:23:20 rest_api get_users_lookup 18476 Thread-16 [line:140] INFO users: 100, success: 100
Mon 27 Nov 2017 17:23:21 rest_api get_users_lookup 10616 Thread-15 [line:140] INFO users: 100, success: 100
Mon 27 Nov 2017 17:23:24 rest_api get_users_lookup 17596 Thread-13 [line:140] INFO users: 100, success: 100
Mon 27 Nov 2017 17:23:25 rest_api get_users_lookup 13132 Thread-12 [line:140] INFO users: 100, success: 100
Mon 27 Nov 2017 17:23:27 rest_api get_users_lookup 20184 Thread-19 [line:140] INFO users: 100, success: 100
Mon 27 Nov 2017 17:23:29 rest_api get_users_lookup 12632 Thread-17 [line:140] INFO users: 100, success: 100
Mon 27 Nov 2017 17:23:29 rest_api get_users_lookup 20816 Thread-18 [line:140] INFO users: 100, success: 100
Mon 27 Nov 2017 17:23:31 rest_api get_users_lookup 11036 Thread-14 [line:140] INFO users: 100, success: 100
Mon 27 Nov 2017 17:23:54 rest_api get_users_lookup 17596 Thread-13 [line:140] INFO users: 100, success: 100
Mon 27 Nov 2017 17:23:57 rest_api get_users_lookup 10616 Thread-15 [line:140] INFO users: 100, success: 100
Mon 27 Nov 2017 17:23:57 rest_api get_users_lookup 13132 Thread-12 [line:140] INFO users: 100, success: 100
Mon 27 Nov 2017 17:24:00 rest_api get_users_lookup 12632 Thread-17 [line:140] INFO users: 100, success: 100
Mon 27 Nov 2017 17:24:00 rest_api get_users_lookup 20184 Thread-19 [line:140] INFO users: 100, success: 100
Mon 27 Nov 2017 17:24:11 rest_api get_users_lookup 18476 Thread-16 [line:140] INFO users: 100, success: 100
Mon 27 Nov 2017 17:24:14 rest_api get_users_lookup 11036 Thread-14 [line:140] INFO users: 100, success: 100
Mon 27 Nov 2017 17:24:16 rest_api get_users_lookup 20816 Thread-18 [line:140] INFO users: 100, success: 100
Mon 27 Nov 2017 17:24:27 rest_api get_users_lookup 13132 Thread-12 [line:140] INFO users: 100, success: 100
Mon 27 Nov 2017 17:24:35 rest_api get_users_lookup 20184 Thread-19 [line:140] INFO users: 100, success: 100
Mon 27 Nov 2017 17:24:37 rest_api get_users_lookup 12632 Thread-17 [line:140] INFO users: 100, success: 100
Mon 27 Nov 2017 17:24:38 rest_api get_users_lookup 17596 Thread-13 [line:140] INFO users: 100, success: 100
Mon 27 Nov 2017 17:24:39 rest_api get_users_lookup 18476 Thread-16 [line:140] INFO users: 100, success: 100
Mon 27 Nov 2017 17:24:40 rest_api get_users_lookup 10616 Thread-15 [line:140] INFO users: 100, success: 100
Mon 27 Nov 2017 17:24:52 rest_api get_users_lookup 11036 Thread-14 [line:140] INFO users: 100, success: 100
Mon 27 Nov 2017 17:24:59 rest_api get_users_lookup 13132 Thread-12 [line:140] INFO users: 100, success: 100
Mon 27 Nov 2017 17:25:04 rest_api get_users_lookup 12632 Thread-17 [line:140] INFO users: 100, success: 100
Mon 27 Nov 2017 17:25:05 rest_api get_users_lookup 20184 Thread-19 [line:140] INFO users: 100, success: 100
Mon 27 Nov 2017 17:25:08 rest_api get_users_lookup 17596 Thread-13 [line:140] INFO users: 100, success: 100
Mon 27 Nov 2017 17:25:19 rest_api get_users_lookup 18476 Thread-16 [line:140] INFO users: 100, success: 100
Mon 27 Nov 2017 17:25:21 rest_api get_users_lookup 10616 Thread-15 [line:140] INFO users: 100, success: 100
Mon 27 Nov 2017 17:25:24 rest_api get_users_lookup 20816 Thread-18 [line:140] INFO users: 100, success: 100
Mon 27 Nov 2017 17:25:28 rest_api get_users_lookup 11036 Thread-14 [line:140] INFO users: 100, success: 100
Mon 27 Nov 2017 17:25:29 rest_api get_users_lookup 13132 Thread-12 [line:140] INFO users: 100, success: 100
Mon 27 Nov 2017 17:25:32 rest_api get_users_lookup 20184 Thread-19 [line:140] INFO users: 100, success: 100
Mon 27 Nov 2017 17:25:33 rest_api get_users_lookup 12632 Thread-17 [line:140] INFO users: 100, success: 100
Mon 27 Nov 2017 17:25:50 rest_api get_users_lookup 18476 Thread-16 [line:140] INFO users: 100, success: 100
Mon 27 Nov 2017 17:25:50 rest_api get_users_lookup 17596 Thread-13 [line:140] INFO users: 100, success: 100
Mon 27 Nov 2017 17:25:52 rest_api get_users_lookup 20816 Thread-18 [line:140] INFO users: 100, success: 100
Mon 27 Nov 2017 17:25:54 rest_api get_users_lookup 10616 Thread-15 [line:140] INFO users: 100, success: 100
Mon 27 Nov 2017 17:25:57 rest_api get_users_lookup 11036 Thread-14 [line:140] INFO users: 100, success: 100
Mon 27 Nov 2017 17:26:01 rest_api get_users_lookup 12632 Thread-17 [line:140] INFO users: 100, success: 100
Mon 27 Nov 2017 17:26:05 rest_api get_users_lookup 20184 Thread-19 [line:140] INFO users: 100, success: 100
Mon 27 Nov 2017 17:26:09 rest_api get_users_lookup 13132 Thread-12 [line:140] INFO users: 100, success: 100
Mon 27 Nov 2017 17:26:25 rest_api get_users_lookup 20816 Thread-18 [line:140] INFO users: 100, success: 100
Mon 27 Nov 2017 17:26:27 rest_api get_users_lookup 10616 Thread-15 [line:140] INFO users: 100, success: 100
Mon 27 Nov 2017 17:26:27 rest_api get_users_lookup 18476 Thread-16 [line:140] INFO users: 100, success: 100
Mon 27 Nov 2017 17:26:27 rest_api get_users_lookup 11036 Thread-14 [line:140] INFO users: 100, success: 100
Mon 27 Nov 2017 17:26:30 rest_api get_users_lookup 12632 Thread-17 [line:140] INFO users: 100, success: 100
Mon 27 Nov 2017 17:26:31 rest_api get_users_lookup 17596 Thread-13 [line:140] INFO users: 100, success: 100
Mon 27 Nov 2017 17:26:37 rest_api get_users_lookup 20184 Thread-19 [line:140] INFO users: 100, success: 100
Mon 27 Nov 2017 17:26:40 rest_api get_users_lookup 13132 Thread-12 [line:140] INFO users: 100, success: 100
Mon 27 Nov 2017 17:27:00 rest_api get_users_lookup 20816 Thread-18 [line:140] INFO users: 100, success: 100
Mon 27 Nov 2017 17:27:01 rest_api get_users_lookup 17596 Thread-13 [line:140] INFO users: 100, success: 100
Mon 27 Nov 2017 17:27:03 rest_api get_users_lookup 20184 Thread-19 [line:140] INFO users: 100, success: 100
Mon 27 Nov 2017 17:27:05 TwitterError __init__ 12632 Thread-17 [line:22] WARNING 400 statuses/filter text HTTPSConnectionPool(host='api.twitter.com', port=443): Read timed out.
Mon 27 Nov 2017 17:27:05 rest_api get_users_lookup 12632 Thread-17 [line:120] ERROR HTTPSConnectionPool(host='api.twitter.com', port=443): Read timed out.
Mon 27 Nov 2017 17:27:09 rest_api get_users_lookup 11036 Thread-14 [line:140] INFO users: 100, success: 100
Mon 27 Nov 2017 17:27:12 rest_api get_users_lookup 10616 Thread-15 [line:140] INFO users: 100, success: 100
Mon 27 Nov 2017 17:27:16 rest_api get_users_lookup 18476 Thread-16 [line:140] INFO users: 100, success: 100
Mon 27 Nov 2017 17:27:17 rest_api get_users_lookup 13132 Thread-12 [line:140] INFO users: 100, success: 100
Mon 27 Nov 2017 17:27:33 rest_api get_users_lookup 20184 Thread-19 [line:140] INFO users: 100, success: 100
Mon 27 Nov 2017 17:27:34 rest_api get_users_lookup 12632 Thread-17 [line:140] INFO users: 100, success: 100
Mon 27 Nov 2017 17:27:36 rest_api get_users_lookup 17596 Thread-13 [line:140] INFO users: 100, success: 100
Mon 27 Nov 2017 17:27:39 rest_api get_users_lookup 11036 Thread-14 [line:140] INFO users: 100, success: 100
Mon 27 Nov 2017 17:27:40 rest_api get_users_lookup 20816 Thread-18 [line:140] INFO users: 100, success: 100
Mon 27 Nov 2017 17:27:47 rest_api get_users_lookup 18476 Thread-16 [line:140] INFO users: 100, success: 100
Mon 27 Nov 2017 17:27:47 TwitterError __init__ 20184 Thread-19 [line:22] WARNING 400 statuses/filter text HTTPSConnectionPool(host='api.twitter.com', port=443): Max retries exceeded with url: /1.1/users/lookup.json (Caused by ProxyError('Cannot connect to proxy.', timeout('timed out',)))
Mon 27 Nov 2017 17:27:47 rest_api get_users_lookup 20184 Thread-19 [line:120] ERROR HTTPSConnectionPool(host='api.twitter.com', port=443): Max retries exceeded with url: /1.1/users/lookup.json (Caused by ProxyError('Cannot connect to proxy.', timeout('timed out',)))
Mon 27 Nov 2017 17:27:47 rest_api get_users_lookup 10616 Thread-15 [line:140] INFO users: 100, success: 100
Mon 27 Nov 2017 17:27:55 rest_api get_users_lookup 13132 Thread-12 [line:140] INFO users: 100, success: 100
Mon 27 Nov 2017 17:28:07 rest_api get_users_lookup 17596 Thread-13 [line:140] INFO users: 100, success: 100
Mon 27 Nov 2017 17:28:13 rest_api get_users_lookup 12632 Thread-17 [line:140] INFO users: 100, success: 100
Mon 27 Nov 2017 17:28:18 rest_api get_users_lookup 11036 Thread-14 [line:140] INFO users: 100, success: 100
Mon 27 Nov 2017 17:28:19 rest_api get_users_lookup 18476 Thread-16 [line:140] INFO users: 100, success: 100
Mon 27 Nov 2017 17:28:23 rest_api get_users_lookup 10616 Thread-15 [line:140] INFO users: 100, success: 100
Mon 27 Nov 2017 17:28:27 rest_api get_users_lookup 20816 Thread-18 [line:140] INFO users: 100, success: 100
Mon 27 Nov 2017 17:28:29 rest_api get_users_lookup 20184 Thread-19 [line:140] INFO users: 100, success: 100
Mon 27 Nov 2017 17:28:46 rest_api get_users_lookup 17596 Thread-13 [line:140] INFO users: 100, success: 100
Mon 27 Nov 2017 17:28:49 rest_api get_users_lookup 12632 Thread-17 [line:140] INFO users: 100, success: 100
Mon 27 Nov 2017 17:28:56 rest_api get_users_lookup 10616 Thread-15 [line:140] INFO users: 100, success: 100
Mon 27 Nov 2017 17:29:00 rest_api get_users_lookup 11036 Thread-14 [line:140] INFO users: 100, success: 100
Mon 27 Nov 2017 17:29:01 rest_api get_users_lookup 20816 Thread-18 [line:140] INFO users: 100, success: 100
Mon 27 Nov 2017 17:29:03 rest_api get_users_lookup 13132 Thread-12 [line:140] INFO users: 100, success: 100
Mon 27 Nov 2017 17:29:05 rest_api get_users_lookup 18476 Thread-16 [line:140] INFO users: 100, success: 100
Mon 27 Nov 2017 17:29:08 rest_api get_users_lookup 20184 Thread-19 [line:140] INFO users: 100, success: 100
Mon 27 Nov 2017 17:29:28 rest_api get_users_lookup 17596 Thread-13 [line:140] INFO users: 100, success: 100
Mon 27 Nov 2017 17:29:29 rest_api get_users_lookup 10616 Thread-15 [line:140] INFO users: 100, success: 100
Mon 27 Nov 2017 17:29:32 rest_api get_users_lookup 12632 Thread-17 [line:140] INFO users: 100, success: 100
Mon 27 Nov 2017 17:29:39 rest_api get_users_lookup 20816 Thread-18 [line:140] INFO users: 100, success: 100
Mon 27 Nov 2017 17:29:41 rest_api get_users_lookup 18476 Thread-16 [line:140] INFO users: 100, success: 100
Mon 27 Nov 2017 17:29:43 rest_api get_users_lookup 11036 Thread-14 [line:140] INFO users: 100, success: 100
Mon 27 Nov 2017 17:29:49 rest_api get_users_lookup 13132 Thread-12 [line:140] INFO users: 100, success: 100
Mon 27 Nov 2017 17:29:55 rest_api get_users_lookup 20184 Thread-19 [line:140] INFO users: 100, success: 100
Mon 27 Nov 2017 17:29:56 rest_api get_users_lookup 10616 Thread-15 [line:140] INFO users: 100, success: 100
Mon 27 Nov 2017 17:30:08 rest_api get_users_lookup 17596 Thread-13 [line:140] INFO users: 100, success: 100
Mon 27 Nov 2017 17:30:11 rest_api get_users_lookup 12632 Thread-17 [line:140] INFO users: 100, success: 100
Mon 27 Nov 2017 17:30:17 rest_api get_users_lookup 20816 Thread-18 [line:140] INFO users: 100, success: 100
Mon 27 Nov 2017 17:30:18 rest_api get_users_lookup 11036 Thread-14 [line:140] INFO users: 100, success: 100
Mon 27 Nov 2017 17:30:28 rest_api get_users_lookup 17596 Thread-13 [line:140] INFO users: 100, success: 100
Mon 27 Nov 2017 17:30:28 rest_api get_users_lookup 20184 Thread-19 [line:140] INFO users: 100, success: 100
Mon 27 Nov 2017 17:30:29 rest_api get_users_lookup 13132 Thread-12 [line:140] INFO users: 100, success: 100
Mon 27 Nov 2017 17:30:32 rest_api get_users_lookup 10616 Thread-15 [line:140] INFO users: 100, success: 100
Mon 27 Nov 2017 17:30:43 rest_api get_users_lookup 12632 Thread-17 [line:140] INFO users: 100, success: 100
Mon 27 Nov 2017 17:30:45 rest_api get_users_lookup 18476 Thread-16 [line:140] INFO users: 100, success: 100
Mon 27 Nov 2017 17:30:50 rest_api get_users_lookup 20816 Thread-18 [line:140] INFO users: 100, success: 100
Mon 27 Nov 2017 17:30:56 rest_api get_users_lookup 11036 Thread-14 [line:140] INFO users: 100, success: 100
Mon 27 Nov 2017 17:30:59 rest_api get_users_lookup 12632 Thread-17 [line:140] INFO users: 100, success: 100
Mon 27 Nov 2017 17:31:02 rest_api get_users_lookup 17596 Thread-13 [line:140] INFO users: 100, success: 100
Mon 27 Nov 2017 17:31:02 TwitterError __init__ 13132 Thread-12 [line:22] WARNING 400 statuses/filter text HTTPSConnectionPool(host='api.twitter.com', port=443): Read timed out.
Mon 27 Nov 2017 17:31:02 rest_api get_users_lookup 13132 Thread-12 [line:120] ERROR HTTPSConnectionPool(host='api.twitter.com', port=443): Read timed out.
Mon 27 Nov 2017 17:31:17 rest_api get_users_lookup 20184 Thread-19 [line:140] INFO users: 100, success: 100
Mon 27 Nov 2017 17:31:18 rest_api get_users_lookup 10616 Thread-15 [line:140] INFO users: 100, success: 100
Mon 27 Nov 2017 17:31:18 rest_api get_users_lookup 20816 Thread-18 [line:140] INFO users: 100, success: 100
Mon 27 Nov 2017 17:31:25 rest_api get_users_lookup 18476 Thread-16 [line:140] INFO users: 100, success: 100
Mon 27 Nov 2017 17:31:33 TwitterError __init__ 20184 Thread-19 [line:22] WARNING 400 statuses/filter text HTTPSConnectionPool(host='api.twitter.com', port=443): Max retries exceeded with url: /1.1/users/lookup.json (Caused by ProxyError('Cannot connect to proxy.', timeout('timed out',)))
Mon 27 Nov 2017 17:31:33 rest_api get_users_lookup 20184 Thread-19 [line:120] ERROR HTTPSConnectionPool(host='api.twitter.com', port=443): Max retries exceeded with url: /1.1/users/lookup.json (Caused by ProxyError('Cannot connect to proxy.', timeout('timed out',)))
Mon 27 Nov 2017 17:31:36 rest_api get_users_lookup 12632 Thread-17 [line:140] INFO users: 100, success: 100
Mon 27 Nov 2017 17:31:37 rest_api get_users_lookup 17596 Thread-13 [line:140] INFO users: 100, success: 100
Mon 27 Nov 2017 17:31:37 rest_api get_users_lookup 11036 Thread-14 [line:140] INFO users: 100, success: 100
Mon 27 Nov 2017 17:31:52 rest_api get_users_lookup 10616 Thread-15 [line:140] INFO users: 100, success: 100
Mon 27 Nov 2017 17:31:52 rest_api get_users_lookup 20816 Thread-18 [line:140] INFO users: 100, success: 100
Mon 27 Nov 2017 17:31:52 rest_api get_users_lookup 13132 Thread-12 [line:140] INFO users: 100, success: 100
Mon 27 Nov 2017 17:32:01 rest_api get_users_lookup 12632 Thread-17 [line:140] INFO users: 100, success: 100
Mon 27 Nov 2017 17:32:04 rest_api get_users_lookup 18476 Thread-16 [line:140] INFO users: 100, success: 100
Mon 27 Nov 2017 17:32:08 rest_api get_users_lookup 17596 Thread-13 [line:140] INFO users: 100, success: 100
Mon 27 Nov 2017 17:32:15 rest_api get_users_lookup 11036 Thread-14 [line:140] INFO users: 100, success: 100
Mon 27 Nov 2017 17:32:20 rest_api get_users_lookup 12632 Thread-17 [line:140] INFO users: 100, success: 100
Mon 27 Nov 2017 17:32:25 rest_api get_users_lookup 20184 Thread-19 [line:140] INFO users: 100, success: 100
Mon 27 Nov 2017 17:32:31 rest_api get_users_lookup 13132 Thread-12 [line:140] INFO users: 100, success: 100
Mon 27 Nov 2017 17:32:36 rest_api get_users_lookup 20816 Thread-18 [line:140] INFO users: 100, success: 100
Mon 27 Nov 2017 17:32:40 rest_api get_users_lookup 18476 Thread-16 [line:140] INFO users: 100, success: 100
Mon 27 Nov 2017 17:32:45 rest_api get_users_lookup 10616 Thread-15 [line:140] INFO users: 100, success: 100
Mon 27 Nov 2017 17:32:48 rest_api get_users_lookup 17596 Thread-13 [line:140] INFO users: 100, success: 100
Mon 27 Nov 2017 17:32:53 rest_api get_users_lookup 11036 Thread-14 [line:140] INFO users: 100, success: 100
Mon 27 Nov 2017 17:32:58 rest_api get_users_lookup 20184 Thread-19 [line:140] INFO users: 100, success: 100
Mon 27 Nov 2017 17:33:04 TwitterError __init__ 12632 Thread-17 [line:22] WARNING 400 statuses/filter text HTTPSConnectionPool(host='api.twitter.com', port=443): Read timed out.
Mon 27 Nov 2017 17:33:04 rest_api get_users_lookup 12632 Thread-17 [line:120] ERROR HTTPSConnectionPool(host='api.twitter.com', port=443): Read timed out.
Mon 27 Nov 2017 17:33:08 rest_api get_users_lookup 13132 Thread-12 [line:140] INFO users: 100, success: 100
Mon 27 Nov 2017 17:33:09 rest_api get_users_lookup 20816 Thread-18 [line:140] INFO users: 100, success: 100
Mon 27 Nov 2017 17:33:12 TwitterError __init__ 17596 Thread-13 [line:22] WARNING 400 statuses/filter text HTTPSConnectionPool(host='api.twitter.com', port=443): Read timed out.
Mon 27 Nov 2017 17:33:12 rest_api get_users_lookup 17596 Thread-13 [line:120] ERROR HTTPSConnectionPool(host='api.twitter.com', port=443): Read timed out.
Mon 27 Nov 2017 17:33:23 rest_api get_users_lookup 10616 Thread-15 [line:140] INFO users: 100, success: 100
Mon 27 Nov 2017 17:33:28 rest_api get_users_lookup 20184 Thread-19 [line:140] INFO users: 100, success: 100
Mon 27 Nov 2017 17:33:28 rest_api get_users_lookup 11036 Thread-14 [line:140] INFO users: 100, success: 100
Mon 27 Nov 2017 17:33:38 rest_api get_users_lookup 18476 Thread-16 [line:140] INFO users: 100, success: 100
Mon 27 Nov 2017 17:33:44 rest_api get_users_lookup 20816 Thread-18 [line:140] INFO users: 100, success: 100
Mon 27 Nov 2017 17:33:47 rest_api get_users_lookup 13132 Thread-12 [line:140] INFO users: 100, success: 100
Mon 27 Nov 2017 17:33:56 rest_api get_users_lookup 17596 Thread-13 [line:140] INFO users: 100, success: 100
Mon 27 Nov 2017 17:33:56 rest_api get_users_lookup 12632 Thread-17 [line:140] INFO users: 100, success: 100
Mon 27 Nov 2017 17:34:01 rest_api get_users_lookup 20184 Thread-19 [line:140] INFO users: 100, success: 100
Mon 27 Nov 2017 17:34:06 rest_api get_users_lookup 10616 Thread-15 [line:140] INFO users: 100, success: 100
Mon 27 Nov 2017 17:34:06 rest_api get_users_lookup 18476 Thread-16 [line:140] INFO users: 100, success: 100
Mon 27 Nov 2017 17:34:13 rest_api get_users_lookup 11036 Thread-14 [line:140] INFO users: 100, success: 100
Mon 27 Nov 2017 17:34:18 rest_api get_users_lookup 20816 Thread-18 [line:140] INFO users: 100, success: 100
Mon 27 Nov 2017 17:34:31 rest_api get_users_lookup 13132 Thread-12 [line:140] INFO users: 100, success: 100
Mon 27 Nov 2017 17:34:33 rest_api get_users_lookup 17596 Thread-13 [line:140] INFO users: 100, success: 100
Mon 27 Nov 2017 17:34:37 rest_api get_users_lookup 12632 Thread-17 [line:140] INFO users: 100, success: 100
Mon 27 Nov 2017 17:34:41 rest_api get_users_lookup 18476 Thread-16 [line:140] INFO users: 100, success: 100
Mon 27 Nov 2017 17:34:43 rest_api get_users_lookup 10616 Thread-15 [line:140] INFO users: 100, success: 100
Mon 27 Nov 2017 17:34:47 rest_api get_users_lookup 20184 Thread-19 [line:140] INFO users: 100, success: 100
Mon 27 Nov 2017 17:34:53 rest_api get_users_lookup 20816 Thread-18 [line:140] INFO users: 100, success: 100
Mon 27 Nov 2017 17:34:54 rest_api get_users_lookup 11036 Thread-14 [line:140] INFO users: 100, success: 100
Mon 27 Nov 2017 17:35:08 rest_api get_users_lookup 13132 Thread-12 [line:140] INFO users: 100, success: 100
Mon 27 Nov 2017 17:35:09 rest_api get_users_lookup 20184 Thread-19 [line:140] INFO users: 100, success: 100
Mon 27 Nov 2017 17:35:15 rest_api get_users_lookup 17596 Thread-13 [line:140] INFO users: 100, success: 100
Mon 27 Nov 2017 17:35:24 rest_api get_users_lookup 12632 Thread-17 [line:140] INFO users: 100, success: 100
Mon 27 Nov 2017 17:35:27 rest_api get_users_lookup 18476 Thread-16 [line:140] INFO users: 100, success: 100
Mon 27 Nov 2017 17:35:27 rest_api get_users_lookup 10616 Thread-15 [line:140] INFO users: 100, success: 100
Mon 27 Nov 2017 17:35:30 TwitterError __init__ 11036 Thread-14 [line:22] WARNING 400 statuses/filter text HTTPSConnectionPool(host='api.twitter.com', port=443): Read timed out.
Mon 27 Nov 2017 17:35:30 rest_api get_users_lookup 11036 Thread-14 [line:120] ERROR HTTPSConnectionPool(host='api.twitter.com', port=443): Read timed out.
Mon 27 Nov 2017 17:35:47 rest_api get_users_lookup 17596 Thread-13 [line:140] INFO users: 100, success: 100
Mon 27 Nov 2017 17:35:50 rest_api get_users_lookup 13132 Thread-12 [line:140] INFO users: 100, success: 100
Mon 27 Nov 2017 17:35:50 rest_api get_users_lookup 20184 Thread-19 [line:140] INFO users: 100, success: 100
Mon 27 Nov 2017 17:36:03 rest_api get_users_lookup 20816 Thread-18 [line:140] INFO users: 100, success: 100
Mon 27 Nov 2017 17:36:05 rest_api get_users_lookup 12632 Thread-17 [line:140] INFO users: 100, success: 100
Mon 27 Nov 2017 17:36:13 rest_api get_users_lookup 10616 Thread-15 [line:140] INFO users: 100, success: 100
Mon 27 Nov 2017 17:36:16 rest_api get_users_lookup 11036 Thread-14 [line:140] INFO users: 100, success: 100
Mon 27 Nov 2017 17:36:18 rest_api get_users_lookup 17596 Thread-13 [line:140] INFO users: 100, success: 100
Mon 27 Nov 2017 17:36:19 rest_api get_users_lookup 18476 Thread-16 [line:140] INFO users: 100, success: 100
Mon 27 Nov 2017 17:36:34 rest_api get_users_lookup 13132 Thread-12 [line:140] INFO users: 100, success: 100
Mon 27 Nov 2017 17:36:35 rest_api get_users_lookup 20184 Thread-19 [line:140] INFO users: 100, success: 100
Mon 27 Nov 2017 17:36:36 rest_api get_users_lookup 12632 Thread-17 [line:140] INFO users: 100, success: 100
Mon 27 Nov 2017 17:36:44 rest_api get_users_lookup 20816 Thread-18 [line:140] INFO users: 100, success: 100
Mon 27 Nov 2017 17:36:53 rest_api get_users_lookup 10616 Thread-15 [line:140] INFO users: 100, success: 100
Mon 27 Nov 2017 17:36:55 rest_api get_users_lookup 18476 Thread-16 [line:140] INFO users: 100, success: 100
Mon 27 Nov 2017 17:36:59 rest_api get_users_lookup 17596 Thread-13 [line:140] INFO users: 100, success: 100
Mon 27 Nov 2017 17:36:59 TwitterError __init__ 20816 Thread-18 [line:22] WARNING 400 statuses/filter text HTTPSConnectionPool(host='api.twitter.com', port=443): Max retries exceeded with url: /1.1/users/lookup.json (Caused by ProxyError('Cannot connect to proxy.', timeout('timed out',)))
Mon 27 Nov 2017 17:36:59 rest_api get_users_lookup 20816 Thread-18 [line:120] ERROR HTTPSConnectionPool(host='api.twitter.com', port=443): Max retries exceeded with url: /1.1/users/lookup.json (Caused by ProxyError('Cannot connect to proxy.', timeout('timed out',)))
Mon 27 Nov 2017 17:37:12 rest_api get_users_lookup 20184 Thread-19 [line:140] INFO users: 100, success: 100
Mon 27 Nov 2017 17:37:14 TwitterError __init__ 13132 Thread-12 [line:22] WARNING 400 statuses/filter text HTTPSConnectionPool(host='api.twitter.com', port=443): Read timed out.
Mon 27 Nov 2017 17:37:14 rest_api get_users_lookup 13132 Thread-12 [line:120] ERROR HTTPSConnectionPool(host='api.twitter.com', port=443): Read timed out.
Mon 27 Nov 2017 17:37:16 rest_api get_users_lookup 11036 Thread-14 [line:140] INFO users: 100, success: 100
Mon 27 Nov 2017 17:37:22 rest_api get_users_lookup 12632 Thread-17 [line:140] INFO users: 100, success: 100
Mon 27 Nov 2017 17:37:31 rest_api get_users_lookup 18476 Thread-16 [line:140] INFO users: 100, success: 100
Mon 27 Nov 2017 17:37:31 rest_api get_users_lookup 10616 Thread-15 [line:140] INFO users: 100, success: 100
Mon 27 Nov 2017 17:37:48 rest_api get_users_lookup 20184 Thread-19 [line:140] INFO users: 100, success: 100
Mon 27 Nov 2017 17:37:52 rest_api get_users_lookup 20816 Thread-18 [line:140] INFO users: 100, success: 100
Mon 27 Nov 2017 17:37:52 rest_api get_users_lookup 11036 Thread-14 [line:140] INFO users: 100, success: 100
Mon 27 Nov 2017 17:38:02 rest_api get_users_lookup 12632 Thread-17 [line:140] INFO users: 100, success: 100
Mon 27 Nov 2017 17:38:08 rest_api get_users_lookup 18476 Thread-16 [line:140] INFO users: 100, success: 100
Mon 27 Nov 2017 17:38:09 rest_api get_users_lookup 17596 Thread-13 [line:140] INFO users: 100, success: 100
Mon 27 Nov 2017 17:38:12 rest_api get_users_lookup 10616 Thread-15 [line:140] INFO users: 100, success: 100
Mon 27 Nov 2017 17:38:15 rest_api get_users_lookup 13132 Thread-12 [line:140] INFO users: 100, success: 100
Mon 27 Nov 2017 17:38:21 rest_api get_users_lookup 20184 Thread-19 [line:140] INFO users: 93, success: 93
Mon 27 Nov 2017 17:38:30 rest_api get_users_lookup 20816 Thread-18 [line:140] INFO users: 100, success: 100
Mon 27 Nov 2017 17:38:32 rest_api get_users_lookup 11036 Thread-14 [line:140] INFO users: 100, success: 100
Mon 27 Nov 2017 17:38:34 rest_api get_users_lookup 10616 Thread-15 [line:140] INFO users: 100, success: 100
Mon 27 Nov 2017 17:38:37 rest_api get_users_lookup 12632 Thread-17 [line:140] INFO users: 100, success: 100
Mon 27 Nov 2017 17:38:38 rest_api get_users_lookup 17596 Thread-13 [line:140] INFO users: 100, success: 100
Mon 27 Nov 2017 17:38:48 rest_api get_users_lookup 10616 Thread-15 [line:140] INFO users: 1, success: 1
Mon 27 Nov 2017 17:38:49 rest_api get_users_lookup 12632 Thread-17 [line:140] INFO users: 1, success: 1
Mon 27 Nov 2017 17:38:52 rest_api get_users_lookup 18476 Thread-16 [line:140] INFO users: 100, success: 100
Mon 27 Nov 2017 17:39:00 rest_api get_users_lookup 13132 Thread-12 [line:140] INFO users: 100, success: 100
Mon 27 Nov 2017 17:39:02 rest_api get_users_lookup 17596 Thread-13 [line:140] INFO users: 1, success: 1
Mon 27 Nov 2017 17:39:11 rest_api get_users_lookup 11036 Thread-14 [line:140] INFO users: 100, success: 100
Mon 27 Nov 2017 17:39:13 rest_api get_users_lookup 20816 Thread-18 [line:140] INFO users: 100, success: 100
Mon 27 Nov 2017 17:39:30 rest_api get_users_lookup 18476 Thread-16 [line:140] INFO users: 100, success: 100
Mon 27 Nov 2017 17:39:34 rest_api get_users_lookup 13132 Thread-12 [line:140] INFO users: 100, success: 100
Mon 27 Nov 2017 17:39:39 rest_api get_users_lookup 11036 Thread-14 [line:140] INFO users: 100, success: 100
Mon 27 Nov 2017 17:39:55 rest_api get_users_lookup 18476 Thread-16 [line:140] INFO users: 1, success: 1
Mon 27 Nov 2017 17:39:59 rest_api get_users_lookup 20816 Thread-18 [line:140] INFO users: 100, success: 100
Mon 27 Nov 2017 17:40:05 TwitterError __init__ 11036 Thread-14 [line:22] WARNING 400 statuses/filter text HTTPSConnectionPool(host='api.twitter.com', port=443): Max retries exceeded with url: /1.1/users/lookup.json (Caused by ProxyError('Cannot connect to proxy.', timeout('timed out',)))
Mon 27 Nov 2017 17:40:05 rest_api get_users_lookup 11036 Thread-14 [line:120] ERROR HTTPSConnectionPool(host='api.twitter.com', port=443): Max retries exceeded with url: /1.1/users/lookup.json (Caused by ProxyError('Cannot connect to proxy.', timeout('timed out',)))
Mon 27 Nov 2017 17:40:17 rest_api get_users_lookup 13132 Thread-12 [line:140] INFO users: 100, success: 100
Mon 27 Nov 2017 17:40:18 rest_api get_users_lookup 20816 Thread-18 [line:140] INFO users: 1, success: 1
Mon 27 Nov 2017 17:40:33 rest_api get_users_lookup 11036 Thread-14 [line:140] INFO users: 1, success: 1
Mon 27 Nov 2017 17:41:02 rest_api get_users_lookup 13132 Thread-12 [line:140] INFO users: 100, success: 100
Mon 27 Nov 2017 17:41:20 rest_api get_users_lookup 13132 Thread-12 [line:140] INFO users: 1, success: 1
Mon 27 Nov 2017 17:41:39 TwitterError __init__ 21356 Thread-30 [line:34] INFO Status code 403: Twitter request failed
Mon 27 Nov 2017 17:41:39 rest_api get_users_lookup 21356 Thread-30 [line:105] ERROR Twitter request failed
Mon 27 Nov 2017 17:41:39 TwitterError __init__ 21356 Thread-30 [line:34] INFO Status code 403: Twitter request failed
Mon 27 Nov 2017 17:41:45 rest_api get_users_lookup 7176 Thread-23 [line:140] INFO users: 100, success: 100
Mon 27 Nov 2017 17:41:48 TwitterError __init__ 13812 Thread-25 [line:22] WARNING 400 statuses/filter text ('_ssl.c:645: The handshake operation timed out',)
Mon 27 Nov 2017 17:41:48 rest_api get_users_lookup 13812 Thread-25 [line:120] ERROR ('_ssl.c:645: The handshake operation timed out',)
Mon 27 Nov 2017 17:41:50 TwitterError __init__ 21356 Thread-30 [line:34] INFO Status code 403: Twitter request failed
Mon 27 Nov 2017 17:41:50 rest_api get_users_lookup 21356 Thread-30 [line:105] ERROR Twitter request failed
Mon 27 Nov 2017 17:41:50 TwitterError __init__ 21356 Thread-30 [line:34] INFO Status code 403: Twitter request failed
Mon 27 Nov 2017 17:41:50 rest_api get_users_lookup 21248 Thread-28 [line:140] INFO users: 100, success: 100
Mon 27 Nov 2017 17:41:51 rest_api get_users_lookup 16572 Thread-26 [line:140] INFO users: 100, success: 100
Mon 27 Nov 2017 17:42:01 rest_api get_users_lookup 15772 Thread-29 [line:140] INFO users: 100, success: 100
Mon 27 Nov 2017 17:42:06 rest_api get_users_lookup 9176 Thread-24 [line:140] INFO users: 100, success: 100
Mon 27 Nov 2017 17:42:29 rest_api get_users_lookup 7176 Thread-23 [line:140] INFO users: 100, success: 100
Mon 27 Nov 2017 17:42:34 rest_api get_users_lookup 21248 Thread-28 [line:140] INFO users: 100, success: 100
Mon 27 Nov 2017 17:42:35 rest_api get_users_lookup 11648 Thread-27 [line:140] INFO users: 100, success: 100
Mon 27 Nov 2017 17:42:35 rest_api get_users_lookup 16572 Thread-26 [line:140] INFO users: 100, success: 100
Mon 27 Nov 2017 17:42:36 rest_api get_users_lookup 21356 Thread-30 [line:140] INFO users: 100, success: 100
Mon 27 Nov 2017 17:42:38 rest_api get_users_lookup 13812 Thread-25 [line:140] INFO users: 100, success: 100
Mon 27 Nov 2017 17:42:42 rest_api get_users_lookup 9176 Thread-24 [line:140] INFO users: 100, success: 100
Mon 27 Nov 2017 17:42:48 rest_api get_users_lookup 15772 Thread-29 [line:140] INFO users: 100, success: 100
Mon 27 Nov 2017 17:43:07 rest_api get_users_lookup 7176 Thread-23 [line:140] INFO users: 100, success: 100
Mon 27 Nov 2017 17:43:16 rest_api get_users_lookup 11648 Thread-27 [line:140] INFO users: 100, success: 100
Mon 27 Nov 2017 17:43:23 rest_api get_users_lookup 9176 Thread-24 [line:140] INFO users: 100, success: 100
Mon 27 Nov 2017 17:43:24 rest_api get_users_lookup 15772 Thread-29 [line:140] INFO users: 100, success: 100
Mon 27 Nov 2017 17:43:26 rest_api get_users_lookup 13812 Thread-25 [line:140] INFO users: 100, success: 100
Mon 27 Nov 2017 17:43:26 rest_api get_users_lookup 21356 Thread-30 [line:140] INFO users: 100, success: 100
Mon 27 Nov 2017 17:43:27 rest_api get_users_lookup 16572 Thread-26 [line:140] INFO users: 100, success: 100
Mon 27 Nov 2017 17:43:29 rest_api get_users_lookup 21248 Thread-28 [line:140] INFO users: 100, success: 100
Mon 27 Nov 2017 17:43:40 rest_api get_users_lookup 7176 Thread-23 [line:140] INFO users: 100, success: 100
Mon 27 Nov 2017 17:43:55 rest_api get_users_lookup 11648 Thread-27 [line:140] INFO users: 100, success: 100
Mon 27 Nov 2017 17:44:00 rest_api get_users_lookup 9176 Thread-24 [line:140] INFO users: 100, success: 100
Mon 27 Nov 2017 17:44:06 rest_api get_users_lookup 15772 Thread-29 [line:140] INFO users: 100, success: 100
Mon 27 Nov 2017 17:44:07 rest_api get_users_lookup 13812 Thread-25 [line:140] INFO users: 100, success: 100
Mon 27 Nov 2017 17:44:09 rest_api get_users_lookup 21356 Thread-30 [line:140] INFO users: 100, success: 100
Mon 27 Nov 2017 17:44:11 rest_api get_users_lookup 16572 Thread-26 [line:140] INFO users: 100, success: 100
Mon 27 Nov 2017 17:44:21 rest_api get_users_lookup 7176 Thread-23 [line:140] INFO users: 100, success: 100
Mon 27 Nov 2017 17:44:29 rest_api get_users_lookup 21248 Thread-28 [line:140] INFO users: 100, success: 100
Mon 27 Nov 2017 17:44:37 rest_api get_users_lookup 9176 Thread-24 [line:140] INFO users: 100, success: 100
Mon 27 Nov 2017 17:44:39 rest_api get_users_lookup 16572 Thread-26 [line:140] INFO users: 100, success: 100
Mon 27 Nov 2017 17:44:41 rest_api get_users_lookup 11648 Thread-27 [line:140] INFO users: 100, success: 100
Mon 27 Nov 2017 17:44:42 rest_api get_users_lookup 15772 Thread-29 [line:140] INFO users: 100, success: 100
Mon 27 Nov 2017 17:44:43 rest_api get_users_lookup 21356 Thread-30 [line:140] INFO users: 100, success: 100
Mon 27 Nov 2017 17:44:47 rest_api get_users_lookup 13812 Thread-25 [line:140] INFO users: 100, success: 100
Mon 27 Nov 2017 17:45:01 rest_api get_users_lookup 7176 Thread-23 [line:140] INFO users: 100, success: 100
Mon 27 Nov 2017 17:45:03 rest_api get_users_lookup 21248 Thread-28 [line:140] INFO users: 100, success: 100
Mon 27 Nov 2017 17:45:10 rest_api get_users_lookup 11648 Thread-27 [line:140] INFO users: 100, success: 100
Mon 27 Nov 2017 17:45:12 rest_api get_users_lookup 16572 Thread-26 [line:140] INFO users: 100, success: 100
Mon 27 Nov 2017 17:45:13 rest_api get_users_lookup 9176 Thread-24 [line:140] INFO users: 100, success: 100
Mon 27 Nov 2017 17:45:15 rest_api get_users_lookup 21356 Thread-30 [line:140] INFO users: 100, success: 100
Mon 27 Nov 2017 17:45:16 rest_api get_users_lookup 15772 Thread-29 [line:140] INFO users: 100, success: 100
Mon 27 Nov 2017 17:45:33 rest_api get_users_lookup 11648 Thread-27 [line:140] INFO users: 100, success: 100
Mon 27 Nov 2017 17:45:34 rest_api get_users_lookup 13812 Thread-25 [line:140] INFO users: 100, success: 100
Mon 27 Nov 2017 17:45:38 rest_api get_users_lookup 21248 Thread-28 [line:140] INFO users: 100, success: 100
Mon 27 Nov 2017 17:45:46 rest_api get_users_lookup 21356 Thread-30 [line:140] INFO users: 100, success: 100
Mon 27 Nov 2017 17:45:47 rest_api get_users_lookup 9176 Thread-24 [line:140] INFO users: 100, success: 100
Mon 27 Nov 2017 17:45:47 rest_api get_users_lookup 16572 Thread-26 [line:140] INFO users: 100, success: 100
Mon 27 Nov 2017 17:45:52 rest_api get_users_lookup 7176 Thread-23 [line:140] INFO users: 100, success: 100
Mon 27 Nov 2017 17:45:54 rest_api get_users_lookup 15772 Thread-29 [line:140] INFO users: 100, success: 100
Mon 27 Nov 2017 17:46:12 rest_api get_users_lookup 13812 Thread-25 [line:140] INFO users: 100, success: 100
Mon 27 Nov 2017 17:46:16 rest_api get_users_lookup 11648 Thread-27 [line:140] INFO users: 100, success: 100
Mon 27 Nov 2017 17:46:21 rest_api get_users_lookup 9176 Thread-24 [line:140] INFO users: 100, success: 100
Mon 27 Nov 2017 17:46:21 rest_api get_users_lookup 21356 Thread-30 [line:140] INFO users: 100, success: 100
Mon 27 Nov 2017 17:46:22 rest_api get_users_lookup 21248 Thread-28 [line:140] INFO users: 100, success: 100
Mon 27 Nov 2017 17:46:30 rest_api get_users_lookup 16572 Thread-26 [line:140] INFO users: 100, success: 100
Mon 27 Nov 2017 17:46:34 rest_api get_users_lookup 7176 Thread-23 [line:140] INFO users: 100, success: 100
Mon 27 Nov 2017 17:46:40 rest_api get_users_lookup 15772 Thread-29 [line:140] INFO users: 100, success: 100
Mon 27 Nov 2017 17:46:41 rest_api get_users_lookup 13812 Thread-25 [line:140] INFO users: 100, success: 100
Mon 27 Nov 2017 17:46:50 rest_api get_users_lookup 11648 Thread-27 [line:140] INFO users: 100, success: 100
Mon 27 Nov 2017 17:46:56 rest_api get_users_lookup 21356 Thread-30 [line:140] INFO users: 100, success: 100
Mon 27 Nov 2017 17:46:56 rest_api get_users_lookup 9176 Thread-24 [line:140] INFO users: 100, success: 100
Mon 27 Nov 2017 17:46:59 rest_api get_users_lookup 16572 Thread-26 [line:140] INFO users: 100, success: 100
Mon 27 Nov 2017 17:47:01 rest_api get_users_lookup 21248 Thread-28 [line:140] INFO users: 100, success: 100
Mon 27 Nov 2017 17:47:01 rest_api get_users_lookup 7176 Thread-23 [line:140] INFO users: 100, success: 100
Mon 27 Nov 2017 17:47:10 rest_api get_users_lookup 15772 Thread-29 [line:140] INFO users: 100, success: 100
Mon 27 Nov 2017 17:47:12 rest_api get_users_lookup 13812 Thread-25 [line:140] INFO users: 100, success: 100
Mon 27 Nov 2017 17:47:29 rest_api get_users_lookup 9176 Thread-24 [line:140] INFO users: 100, success: 100
Mon 27 Nov 2017 17:47:31 rest_api get_users_lookup 11648 Thread-27 [line:140] INFO users: 100, success: 100
Mon 27 Nov 2017 17:47:31 rest_api get_users_lookup 21356 Thread-30 [line:140] INFO users: 100, success: 100
Mon 27 Nov 2017 17:47:40 rest_api get_users_lookup 21248 Thread-28 [line:140] INFO users: 100, success: 100
Mon 27 Nov 2017 17:47:41 rest_api get_users_lookup 16572 Thread-26 [line:140] INFO users: 100, success: 100
Mon 27 Nov 2017 17:47:41 rest_api get_users_lookup 15772 Thread-29 [line:140] INFO users: 100, success: 100
Mon 27 Nov 2017 17:47:41 rest_api get_users_lookup 7176 Thread-23 [line:140] INFO users: 100, success: 100
Mon 27 Nov 2017 17:47:45 rest_api get_users_lookup 13812 Thread-25 [line:140] INFO users: 100, success: 100
Mon 27 Nov 2017 17:48:04 rest_api get_users_lookup 9176 Thread-24 [line:140] INFO users: 100, success: 100
Mon 27 Nov 2017 17:48:15 rest_api get_users_lookup 21356 Thread-30 [line:140] INFO users: 100, success: 100
Mon 27 Nov 2017 17:48:15 rest_api get_users_lookup 16572 Thread-26 [line:140] INFO users: 100, success: 100
Mon 27 Nov 2017 17:48:17 rest_api get_users_lookup 21248 Thread-28 [line:140] INFO users: 100, success: 100
Mon 27 Nov 2017 17:48:18 rest_api get_users_lookup 11648 Thread-27 [line:140] INFO users: 100, success: 100
Mon 27 Nov 2017 17:48:18 rest_api get_users_lookup 15772 Thread-29 [line:140] INFO users: 100, success: 100
Mon 27 Nov 2017 17:48:21 rest_api get_users_lookup 13812 Thread-25 [line:140] INFO users: 100, success: 100
Mon 27 Nov 2017 17:48:28 rest_api get_users_lookup 7176 Thread-23 [line:140] INFO users: 100, success: 100
Mon 27 Nov 2017 17:48:43 TwitterError __init__ 7176 Thread-23 [line:22] WARNING 400 statuses/filter text HTTPSConnectionPool(host='api.twitter.com', port=443): Max retries exceeded with url: /1.1/users/lookup.json (Caused by ProxyError('Cannot connect to proxy.', timeout('timed out',)))
Mon 27 Nov 2017 17:48:43 rest_api get_users_lookup 7176 Thread-23 [line:120] ERROR HTTPSConnectionPool(host='api.twitter.com', port=443): Max retries exceeded with url: /1.1/users/lookup.json (Caused by ProxyError('Cannot connect to proxy.', timeout('timed out',)))
Mon 27 Nov 2017 17:48:43 TwitterError __init__ 16572 Thread-26 [line:22] WARNING 400 statuses/filter text HTTPSConnectionPool(host='api.twitter.com', port=443): Read timed out.
Mon 27 Nov 2017 17:48:43 rest_api get_users_lookup 16572 Thread-26 [line:120] ERROR HTTPSConnectionPool(host='api.twitter.com', port=443): Read timed out.
Mon 27 Nov 2017 17:48:50 rest_api get_users_lookup 21248 Thread-28 [line:140] INFO users: 100, success: 100
Mon 27 Nov 2017 17:48:51 rest_api get_users_lookup 21356 Thread-30 [line:140] INFO users: 100, success: 100
Mon 27 Nov 2017 17:48:52 rest_api get_users_lookup 9176 Thread-24 [line:140] INFO users: 100, success: 100
Mon 27 Nov 2017 17:48:56 rest_api get_users_lookup 15772 Thread-29 [line:140] INFO users: 100, success: 100
Mon 27 Nov 2017 17:48:58 rest_api get_users_lookup 13812 Thread-25 [line:140] INFO users: 100, success: 100
Mon 27 Nov 2017 17:49:02 rest_api get_users_lookup 11648 Thread-27 [line:140] INFO users: 100, success: 100
Mon 27 Nov 2017 17:49:14 TwitterError __init__ 21356 Thread-30 [line:22] WARNING 400 statuses/filter text HTTPSConnectionPool(host='api.twitter.com', port=443): Read timed out.
Mon 27 Nov 2017 17:49:14 rest_api get_users_lookup 21356 Thread-30 [line:120] ERROR HTTPSConnectionPool(host='api.twitter.com', port=443): Read timed out.
Mon 27 Nov 2017 17:49:21 rest_api get_users_lookup 21248 Thread-28 [line:140] INFO users: 100, success: 100
Mon 27 Nov 2017 17:49:24 rest_api get_users_lookup 16572 Thread-26 [line:140] INFO users: 100, success: 100
Mon 27 Nov 2017 17:49:30 rest_api get_users_lookup 9176 Thread-24 [line:140] INFO users: 100, success: 100
Mon 27 Nov 2017 17:49:34 rest_api get_users_lookup 11648 Thread-27 [line:140] INFO users: 100, success: 100
Mon 27 Nov 2017 17:49:36 rest_api get_users_lookup 13812 Thread-25 [line:140] INFO users: 100, success: 100
Mon 27 Nov 2017 17:49:38 rest_api get_users_lookup 7176 Thread-23 [line:140] INFO users: 100, success: 100
Mon 27 Nov 2017 17:49:40 rest_api get_users_lookup 15772 Thread-29 [line:140] INFO users: 100, success: 100
Mon 27 Nov 2017 17:49:55 rest_api get_users_lookup 9176 Thread-24 [line:140] INFO users: 100, success: 100
Mon 27 Nov 2017 17:49:56 rest_api get_users_lookup 21248 Thread-28 [line:140] INFO users: 100, success: 100
Mon 27 Nov 2017 17:50:03 rest_api get_users_lookup 16572 Thread-26 [line:140] INFO users: 100, success: 100
Mon 27 Nov 2017 17:50:03 rest_api get_users_lookup 21356 Thread-30 [line:140] INFO users: 100, success: 100
Mon 27 Nov 2017 17:50:05 rest_api get_users_lookup 11648 Thread-27 [line:140] INFO users: 100, success: 100
Mon 27 Nov 2017 17:50:10 rest_api get_users_lookup 7176 Thread-23 [line:140] INFO users: 100, success: 100
Mon 27 Nov 2017 17:50:15 rest_api get_users_lookup 15772 Thread-29 [line:140] INFO users: 100, success: 100
Mon 27 Nov 2017 17:50:25 rest_api get_users_lookup 13812 Thread-25 [line:140] INFO users: 100, success: 100
Mon 27 Nov 2017 17:50:26 rest_api get_users_lookup 21248 Thread-28 [line:140] INFO users: 100, success: 100
Mon 27 Nov 2017 17:50:36 rest_api get_users_lookup 9176 Thread-24 [line:140] INFO users: 100, success: 100
Mon 27 Nov 2017 17:50:39 rest_api get_users_lookup 11648 Thread-27 [line:140] INFO users: 100, success: 100
Mon 27 Nov 2017 17:50:42 rest_api get_users_lookup 21356 Thread-30 [line:140] INFO users: 100, success: 100
Mon 27 Nov 2017 17:50:43 rest_api get_users_lookup 7176 Thread-23 [line:140] INFO users: 100, success: 100
Mon 27 Nov 2017 17:50:46 TwitterError __init__ 21248 Thread-28 [line:22] WARNING 400 statuses/filter text HTTPSConnectionPool(host='api.twitter.com', port=443): Read timed out. (read timeout=5)
Mon 27 Nov 2017 17:50:46 rest_api get_users_lookup 21248 Thread-28 [line:120] ERROR HTTPSConnectionPool(host='api.twitter.com', port=443): Read timed out. (read timeout=5)
Mon 27 Nov 2017 17:50:47 rest_api get_users_lookup 15772 Thread-29 [line:140] INFO users: 100, success: 100
Mon 27 Nov 2017 17:50:58 rest_api get_users_lookup 13812 Thread-25 [line:140] INFO users: 100, success: 100
Mon 27 Nov 2017 17:51:01 rest_api get_users_lookup 11648 Thread-27 [line:140] INFO users: 100, success: 100
Mon 27 Nov 2017 17:51:06 rest_api get_users_lookup 9176 Thread-24 [line:140] INFO users: 100, success: 100
Mon 27 Nov 2017 17:51:13 rest_api get_users_lookup 16572 Thread-26 [line:140] INFO users: 100, success: 100
Mon 27 Nov 2017 17:51:21 rest_api get_users_lookup 21356 Thread-30 [line:140] INFO users: 100, success: 100
Mon 27 Nov 2017 17:51:26 rest_api get_users_lookup 7176 Thread-23 [line:140] INFO users: 100, success: 100
Mon 27 Nov 2017 17:51:29 rest_api get_users_lookup 11648 Thread-27 [line:140] INFO users: 100, success: 100
Mon 27 Nov 2017 17:51:31 rest_api get_users_lookup 21248 Thread-28 [line:140] INFO users: 100, success: 100
Mon 27 Nov 2017 17:51:31 rest_api get_users_lookup 9176 Thread-24 [line:140] INFO users: 100, success: 100
Mon 27 Nov 2017 17:51:31 rest_api get_users_lookup 15772 Thread-29 [line:140] INFO users: 100, success: 100
Mon 27 Nov 2017 17:51:32 rest_api get_users_lookup 13812 Thread-25 [line:140] INFO users: 100, success: 100
Mon 27 Nov 2017 17:51:45 rest_api get_users_lookup 16572 Thread-26 [line:140] INFO users: 100, success: 100
Mon 27 Nov 2017 17:51:52 rest_api get_users_lookup 21356 Thread-30 [line:140] INFO users: 100, success: 100
Mon 27 Nov 2017 17:51:59 rest_api get_users_lookup 7176 Thread-23 [line:140] INFO users: 100, success: 100
Mon 27 Nov 2017 17:52:03 rest_api get_users_lookup 21248 Thread-28 [line:140] INFO users: 100, success: 100
Mon 27 Nov 2017 17:52:04 rest_api get_users_lookup 15772 Thread-29 [line:140] INFO users: 100, success: 100
Mon 27 Nov 2017 17:52:12 rest_api get_users_lookup 16572 Thread-26 [line:140] INFO users: 100, success: 100
Mon 27 Nov 2017 17:52:15 rest_api get_users_lookup 9176 Thread-24 [line:140] INFO users: 100, success: 100
Mon 27 Nov 2017 17:52:18 rest_api get_users_lookup 13812 Thread-25 [line:140] INFO users: 100, success: 100
Mon 27 Nov 2017 17:52:21 rest_api get_users_lookup 11648 Thread-27 [line:140] INFO users: 100, success: 100
Mon 27 Nov 2017 17:52:30 rest_api get_users_lookup 21356 Thread-30 [line:140] INFO users: 100, success: 100
Mon 27 Nov 2017 17:52:35 rest_api get_users_lookup 7176 Thread-23 [line:140] INFO users: 100, success: 100
Mon 27 Nov 2017 17:52:37 rest_api get_users_lookup 21248 Thread-28 [line:140] INFO users: 100, success: 100
Mon 27 Nov 2017 17:52:39 rest_api get_users_lookup 15772 Thread-29 [line:140] INFO users: 100, success: 100
Mon 27 Nov 2017 17:52:43 rest_api get_users_lookup 16572 Thread-26 [line:140] INFO users: 100, success: 100
Mon 27 Nov 2017 17:52:44 rest_api get_users_lookup 13812 Thread-25 [line:140] INFO users: 100, success: 100
Mon 27 Nov 2017 17:52:45 rest_api get_users_lookup 9176 Thread-24 [line:140] INFO users: 100, success: 100
Mon 27 Nov 2017 17:52:59 rest_api get_users_lookup 11648 Thread-27 [line:140] INFO users: 100, success: 100
Mon 27 Nov 2017 17:53:09 rest_api get_users_lookup 21248 Thread-28 [line:140] INFO users: 100, success: 100
Mon 27 Nov 2017 17:53:17 rest_api get_users_lookup 16572 Thread-26 [line:140] INFO users: 100, success: 100
Mon 27 Nov 2017 17:53:18 rest_api get_users_lookup 21356 Thread-30 [line:140] INFO users: 100, success: 100
Mon 27 Nov 2017 17:53:21 rest_api get_users_lookup 7176 Thread-23 [line:140] INFO users: 100, success: 100
Mon 27 Nov 2017 17:53:24 rest_api get_users_lookup 13812 Thread-25 [line:140] INFO users: 100, success: 100
Mon 27 Nov 2017 17:53:25 rest_api get_users_lookup 9176 Thread-24 [line:140] INFO users: 100, success: 100
Mon 27 Nov 2017 17:53:27 rest_api get_users_lookup 15772 Thread-29 [line:140] INFO users: 100, success: 100
Mon 27 Nov 2017 17:53:33 rest_api get_users_lookup 11648 Thread-27 [line:140] INFO users: 100, success: 100
Mon 27 Nov 2017 17:53:40 rest_api get_users_lookup 21248 Thread-28 [line:140] INFO users: 100, success: 100
Mon 27 Nov 2017 17:53:53 rest_api get_users_lookup 21356 Thread-30 [line:140] INFO users: 100, success: 100
Mon 27 Nov 2017 17:53:57 rest_api get_users_lookup 16572 Thread-26 [line:140] INFO users: 100, success: 100
Mon 27 Nov 2017 17:53:59 rest_api get_users_lookup 9176 Thread-24 [line:140] INFO users: 100, success: 100
Mon 27 Nov 2017 17:54:01 rest_api get_users_lookup 15772 Thread-29 [line:140] INFO users: 100, success: 100
Mon 27 Nov 2017 17:54:04 rest_api get_users_lookup 7176 Thread-23 [line:140] INFO users: 100, success: 100
Mon 27 Nov 2017 17:54:04 rest_api get_users_lookup 13812 Thread-25 [line:140] INFO users: 100, success: 100
Mon 27 Nov 2017 17:54:05 rest_api get_users_lookup 11648 Thread-27 [line:140] INFO users: 100, success: 100
Mon 27 Nov 2017 17:54:13 rest_api get_users_lookup 21248 Thread-28 [line:140] INFO users: 100, success: 100
Mon 27 Nov 2017 17:54:33 rest_api get_users_lookup 13812 Thread-25 [line:140] INFO users: 100, success: 100
Mon 27 Nov 2017 17:54:33 rest_api get_users_lookup 21356 Thread-30 [line:140] INFO users: 100, success: 100
Mon 27 Nov 2017 17:54:33 rest_api get_users_lookup 9176 Thread-24 [line:140] INFO users: 100, success: 100
Mon 27 Nov 2017 17:54:37 rest_api get_users_lookup 16572 Thread-26 [line:140] INFO users: 100, success: 100
Mon 27 Nov 2017 17:54:39 rest_api get_users_lookup 7176 Thread-23 [line:140] INFO users: 100, success: 100
Mon 27 Nov 2017 17:54:40 rest_api get_users_lookup 11648 Thread-27 [line:140] INFO users: 100, success: 100
Mon 27 Nov 2017 17:54:46 rest_api get_users_lookup 15772 Thread-29 [line:140] INFO users: 100, success: 100
Mon 27 Nov 2017 17:54:59 rest_api get_users_lookup 21248 Thread-28 [line:140] INFO users: 100, success: 100
Mon 27 Nov 2017 17:55:11 rest_api get_users_lookup 13812 Thread-25 [line:140] INFO users: 100, success: 100
Mon 27 Nov 2017 17:55:11 rest_api get_users_lookup 21356 Thread-30 [line:140] INFO users: 100, success: 100
Mon 27 Nov 2017 17:55:15 rest_api get_users_lookup 11648 Thread-27 [line:140] INFO users: 100, success: 100
Mon 27 Nov 2017 17:55:16 rest_api get_users_lookup 7176 Thread-23 [line:140] INFO users: 100, success: 100
Mon 27 Nov 2017 17:55:16 rest_api get_users_lookup 16572 Thread-26 [line:140] INFO users: 100, success: 100
Mon 27 Nov 2017 17:55:36 rest_api get_users_lookup 9176 Thread-24 [line:140] INFO users: 100, success: 100
Mon 27 Nov 2017 17:55:41 rest_api get_users_lookup 15772 Thread-29 [line:140] INFO users: 100, success: 100
Mon 27 Nov 2017 17:55:48 rest_api get_users_lookup 16572 Thread-26 [line:140] INFO users: 100, success: 100
Mon 27 Nov 2017 17:55:48 rest_api get_users_lookup 11648 Thread-27 [line:140] INFO users: 100, success: 100
Mon 27 Nov 2017 17:55:48 rest_api get_users_lookup 21248 Thread-28 [line:140] INFO users: 100, success: 100
Mon 27 Nov 2017 17:55:51 rest_api get_users_lookup 21356 Thread-30 [line:140] INFO users: 100, success: 100
Mon 27 Nov 2017 17:55:53 rest_api get_users_lookup 7176 Thread-23 [line:140] INFO users: 100, success: 100
Mon 27 Nov 2017 17:56:00 rest_api get_users_lookup 13812 Thread-25 [line:140] INFO users: 100, success: 100
Mon 27 Nov 2017 17:56:05 TwitterError __init__ 9176 Thread-24 [line:22] WARNING 400 statuses/filter text HTTPSConnectionPool(host='api.twitter.com', port=443): Read timed out.
Mon 27 Nov 2017 17:56:05 rest_api get_users_lookup 9176 Thread-24 [line:120] ERROR HTTPSConnectionPool(host='api.twitter.com', port=443): Read timed out.
Mon 27 Nov 2017 17:56:05 TwitterError __init__ 15772 Thread-29 [line:22] WARNING 400 statuses/filter text HTTPSConnectionPool(host='api.twitter.com', port=443): Read timed out.
Mon 27 Nov 2017 17:56:05 rest_api get_users_lookup 15772 Thread-29 [line:120] ERROR HTTPSConnectionPool(host='api.twitter.com', port=443): Read timed out.
Mon 27 Nov 2017 17:56:14 rest_api get_users_lookup 21248 Thread-28 [line:140] INFO users: 100, success: 100
Mon 27 Nov 2017 17:56:23 rest_api get_users_lookup 11648 Thread-27 [line:140] INFO users: 100, success: 100
Mon 27 Nov 2017 17:56:26 rest_api get_users_lookup 16572 Thread-26 [line:140] INFO users: 100, success: 100
Mon 27 Nov 2017 17:56:29 rest_api get_users_lookup 7176 Thread-23 [line:140] INFO users: 100, success: 100
Mon 27 Nov 2017 17:56:34 rest_api get_users_lookup 21356 Thread-30 [line:140] INFO users: 100, success: 100
Mon 27 Nov 2017 17:56:38 rest_api get_users_lookup 13812 Thread-25 [line:140] INFO users: 100, success: 100
Mon 27 Nov 2017 17:56:46 rest_api get_users_lookup 9176 Thread-24 [line:140] INFO users: 100, success: 100
Mon 27 Nov 2017 17:56:49 rest_api get_users_lookup 21248 Thread-28 [line:140] INFO users: 100, success: 100
Mon 27 Nov 2017 17:56:57 rest_api get_users_lookup 15772 Thread-29 [line:140] INFO users: 100, success: 100
Mon 27 Nov 2017 17:57:02 rest_api get_users_lookup 11648 Thread-27 [line:140] INFO users: 100, success: 100
Mon 27 Nov 2017 17:57:05 rest_api get_users_lookup 16572 Thread-26 [line:140] INFO users: 100, success: 100
Mon 27 Nov 2017 17:57:09 rest_api get_users_lookup 7176 Thread-23 [line:140] INFO users: 100, success: 100
Mon 27 Nov 2017 17:57:13 rest_api get_users_lookup 21356 Thread-30 [line:140] INFO users: 100, success: 100
Mon 27 Nov 2017 17:57:19 rest_api get_users_lookup 21248 Thread-28 [line:140] INFO users: 100, success: 100
Mon 27 Nov 2017 17:57:23 rest_api get_users_lookup 11648 Thread-27 [line:140] INFO users: 1, success: 1
Mon 27 Nov 2017 17:57:24 rest_api get_users_lookup 13812 Thread-25 [line:140] INFO users: 100, success: 100
Mon 27 Nov 2017 17:57:26 rest_api get_users_lookup 9176 Thread-24 [line:140] INFO users: 100, success: 100
Mon 27 Nov 2017 17:57:34 TwitterError __init__ 21248 Thread-28 [line:22] WARNING 400 statuses/filter text HTTPSConnectionPool(host='api.twitter.com', port=443): Max retries exceeded with url: /1.1/users/lookup.json (Caused by ProxyError('Cannot connect to proxy.', timeout('timed out',)))
Mon 27 Nov 2017 17:57:34 rest_api get_users_lookup 21248 Thread-28 [line:120] ERROR HTTPSConnectionPool(host='api.twitter.com', port=443): Max retries exceeded with url: /1.1/users/lookup.json (Caused by ProxyError('Cannot connect to proxy.', timeout('timed out',)))
Mon 27 Nov 2017 17:57:35 rest_api get_users_lookup 15772 Thread-29 [line:140] INFO users: 100, success: 100
Mon 27 Nov 2017 17:57:41 rest_api get_users_lookup 9176 Thread-24 [line:140] INFO users: 1, success: 1
Mon 27 Nov 2017 17:57:44 TwitterError __init__ 7176 Thread-23 [line:22] WARNING 400 statuses/filter text HTTPSConnectionPool(host='api.twitter.com', port=443): Read timed out.
Mon 27 Nov 2017 17:57:44 rest_api get_users_lookup 7176 Thread-23 [line:120] ERROR HTTPSConnectionPool(host='api.twitter.com', port=443): Read timed out.
Mon 27 Nov 2017 17:57:46 rest_api get_users_lookup 16572 Thread-26 [line:140] INFO users: 100, success: 100
Mon 27 Nov 2017 17:57:53 rest_api get_users_lookup 13812 Thread-25 [line:140] INFO users: 100, success: 100
Mon 27 Nov 2017 17:57:58 rest_api get_users_lookup 21248 Thread-28 [line:140] INFO users: 1, success: 1
Mon 27 Nov 2017 17:58:07 rest_api get_users_lookup 15772 Thread-29 [line:140] INFO users: 100, success: 100
Mon 27 Nov 2017 17:58:09 rest_api get_users_lookup 16572 Thread-26 [line:140] INFO users: 1, success: 1
Mon 27 Nov 2017 17:58:11 rest_api get_users_lookup 21356 Thread-30 [line:140] INFO users: 100, success: 100
Mon 27 Nov 2017 17:58:18 rest_api get_users_lookup 13812 Thread-25 [line:140] INFO users: 1, success: 1
Mon 27 Nov 2017 17:58:22 rest_api get_users_lookup 15772 Thread-29 [line:140] INFO users: 1, success: 1
Mon 27 Nov 2017 17:58:25 rest_api get_users_lookup 7176 Thread-23 [line:140] INFO users: 100, success: 100
Mon 27 Nov 2017 17:58:38 rest_api get_users_lookup 7176 Thread-23 [line:140] INFO users: 1, success: 1
Mon 27 Nov 2017 17:58:56 rest_api get_users_lookup 21356 Thread-30 [line:140] INFO users: 93, success: 93
Mon 27 Nov 2017 17:59:08 TwitterError __init__ 4256 Thread-35 [line:34] INFO Status code 403: Twitter request failed
Mon 27 Nov 2017 17:59:08 rest_api get_users_lookup 4256 Thread-35 [line:105] ERROR Twitter request failed
Mon 27 Nov 2017 17:59:08 TwitterError __init__ 4256 Thread-35 [line:34] INFO Status code 403: Twitter request failed
Mon 27 Nov 2017 17:59:23 rest_api get_users_lookup 9620 Thread-38 [line:140] INFO users: 100, success: 100
Mon 27 Nov 2017 17:59:30 rest_api get_users_lookup 8868 Thread-36 [line:140] INFO users: 100, success: 100
Mon 27 Nov 2017 17:59:30 rest_api get_users_lookup 14300 Thread-39 [line:140] INFO users: 100, success: 100
Mon 27 Nov 2017 17:59:36 rest_api get_users_lookup 13800 Thread-41 [line:140] INFO users: 100, success: 100
Mon 27 Nov 2017 17:59:38 rest_api get_users_lookup 12412 Thread-40 [line:140] INFO users: 100, success: 100
Mon 27 Nov 2017 17:59:39 rest_api get_users_lookup 17716 Thread-37 [line:140] INFO users: 100, success: 100
Mon 27 Nov 2017 17:59:40 rest_api get_users_lookup 20708 Thread-34 [line:140] INFO users: 100, success: 100
Mon 27 Nov 2017 17:59:41 rest_api get_users_lookup 4256 Thread-35 [line:140] INFO users: 100, success: 100
Mon 27 Nov 2017 17:59:55 rest_api get_users_lookup 9620 Thread-38 [line:140] INFO users: 100, success: 100
Mon 27 Nov 2017 18:00:03 rest_api get_users_lookup 8868 Thread-36 [line:140] INFO users: 100, success: 100
Mon 27 Nov 2017 18:00:06 rest_api get_users_lookup 13800 Thread-41 [line:140] INFO users: 100, success: 100
Mon 27 Nov 2017 18:00:09 rest_api get_users_lookup 20708 Thread-34 [line:140] INFO users: 100, success: 100
Mon 27 Nov 2017 18:00:13 rest_api get_users_lookup 14300 Thread-39 [line:140] INFO users: 100, success: 100
Mon 27 Nov 2017 18:00:14 rest_api get_users_lookup 12412 Thread-40 [line:140] INFO users: 100, success: 100
Mon 27 Nov 2017 18:00:22 rest_api get_users_lookup 4256 Thread-35 [line:140] INFO users: 100, success: 100
Mon 27 Nov 2017 18:00:22 rest_api get_users_lookup 17716 Thread-37 [line:140] INFO users: 100, success: 100
Mon 27 Nov 2017 18:00:33 rest_api get_users_lookup 9620 Thread-38 [line:140] INFO users: 100, success: 100
Mon 27 Nov 2017 18:00:46 rest_api get_users_lookup 8868 Thread-36 [line:140] INFO users: 100, success: 100
Mon 27 Nov 2017 18:00:47 rest_api get_users_lookup 20708 Thread-34 [line:140] INFO users: 100, success: 100
Mon 27 Nov 2017 18:00:50 rest_api get_users_lookup 13800 Thread-41 [line:140] INFO users: 100, success: 100
Mon 27 Nov 2017 18:01:01 rest_api get_users_lookup 17716 Thread-37 [line:140] INFO users: 100, success: 100
Mon 27 Nov 2017 18:01:05 rest_api get_users_lookup 12412 Thread-40 [line:140] INFO users: 100, success: 100
Mon 27 Nov 2017 18:01:08 rest_api get_users_lookup 14300 Thread-39 [line:140] INFO users: 100, success: 100
Mon 27 Nov 2017 18:01:13 rest_api get_users_lookup 9620 Thread-38 [line:140] INFO users: 100, success: 100
Mon 27 Nov 2017 18:01:22 rest_api get_users_lookup 13800 Thread-41 [line:140] INFO users: 100, success: 100
Mon 27 Nov 2017 18:01:28 TwitterError __init__ 17716 Thread-37 [line:22] WARNING 400 statuses/filter text HTTPSConnectionPool(host='api.twitter.com', port=443): Max retries exceeded with url: /1.1/users/lookup.json (Caused by ProxyError('Cannot connect to proxy.', timeout('timed out',)))
Mon 27 Nov 2017 18:01:28 rest_api get_users_lookup 17716 Thread-37 [line:120] ERROR HTTPSConnectionPool(host='api.twitter.com', port=443): Max retries exceeded with url: /1.1/users/lookup.json (Caused by ProxyError('Cannot connect to proxy.', timeout('timed out',)))
Mon 27 Nov 2017 18:01:32 rest_api get_users_lookup 8868 Thread-36 [line:140] INFO users: 100, success: 100
Mon 27 Nov 2017 18:01:36 rest_api get_users_lookup 20708 Thread-34 [line:140] INFO users: 100, success: 100
Mon 27 Nov 2017 18:01:44 rest_api get_users_lookup 12412 Thread-40 [line:140] INFO users: 100, success: 100
Mon 27 Nov 2017 18:01:52 rest_api get_users_lookup 14300 Thread-39 [line:140] INFO users: 100, success: 100
Mon 27 Nov 2017 18:01:55 rest_api get_users_lookup 4256 Thread-35 [line:140] INFO users: 100, success: 100
Mon 27 Nov 2017 18:02:03 rest_api get_users_lookup 13800 Thread-41 [line:140] INFO users: 100, success: 100
Mon 27 Nov 2017 18:02:03 rest_api get_users_lookup 9620 Thread-38 [line:140] INFO users: 100, success: 100
Mon 27 Nov 2017 18:02:10 rest_api get_users_lookup 8868 Thread-36 [line:140] INFO users: 100, success: 100
Mon 27 Nov 2017 18:02:18 rest_api get_users_lookup 17716 Thread-37 [line:140] INFO users: 100, success: 100
Mon 27 Nov 2017 18:02:26 rest_api get_users_lookup 20708 Thread-34 [line:140] INFO users: 100, success: 100
Mon 27 Nov 2017 18:02:29 rest_api get_users_lookup 14300 Thread-39 [line:140] INFO users: 100, success: 100
Mon 27 Nov 2017 18:02:34 rest_api get_users_lookup 12412 Thread-40 [line:140] INFO users: 100, success: 100
Mon 27 Nov 2017 18:02:42 rest_api get_users_lookup 4256 Thread-35 [line:140] INFO users: 100, success: 100
Mon 27 Nov 2017 18:02:54 rest_api get_users_lookup 17716 Thread-37 [line:140] INFO users: 100, success: 100
Mon 27 Nov 2017 18:02:55 rest_api get_users_lookup 9620 Thread-38 [line:140] INFO users: 100, success: 100
Mon 27 Nov 2017 18:02:59 rest_api get_users_lookup 13800 Thread-41 [line:140] INFO users: 100, success: 100
Mon 27 Nov 2017 18:03:02 rest_api get_users_lookup 8868 Thread-36 [line:140] INFO users: 100, success: 100
Mon 27 Nov 2017 18:03:13 rest_api get_users_lookup 14300 Thread-39 [line:140] INFO users: 100, success: 100
Mon 27 Nov 2017 18:03:13 rest_api get_users_lookup 12412 Thread-40 [line:140] INFO users: 100, success: 100
Mon 27 Nov 2017 18:03:13 rest_api get_users_lookup 20708 Thread-34 [line:140] INFO users: 100, success: 100
Mon 27 Nov 2017 18:03:31 rest_api get_users_lookup 4256 Thread-35 [line:140] INFO users: 100, success: 100
Mon 27 Nov 2017 18:03:32 rest_api get_users_lookup 9620 Thread-38 [line:140] INFO users: 100, success: 100
Mon 27 Nov 2017 18:03:35 rest_api get_users_lookup 13800 Thread-41 [line:140] INFO users: 100, success: 100
Mon 27 Nov 2017 18:03:42 rest_api get_users_lookup 17716 Thread-37 [line:140] INFO users: 100, success: 100
Mon 27 Nov 2017 18:03:53 rest_api get_users_lookup 8868 Thread-36 [line:140] INFO users: 100, success: 100
Mon 27 Nov 2017 18:04:01 rest_api get_users_lookup 20708 Thread-34 [line:140] INFO users: 100, success: 100
Mon 27 Nov 2017 18:04:01 TwitterError __init__ 4256 Thread-35 [line:22] WARNING 400 statuses/filter text HTTPSConnectionPool(host='api.twitter.com', port=443): Read timed out.
Mon 27 Nov 2017 18:04:01 rest_api get_users_lookup 4256 Thread-35 [line:120] ERROR HTTPSConnectionPool(host='api.twitter.com', port=443): Read timed out.
Mon 27 Nov 2017 18:04:02 rest_api get_users_lookup 14300 Thread-39 [line:140] INFO users: 100, success: 100
Mon 27 Nov 2017 18:04:04 rest_api get_users_lookup 12412 Thread-40 [line:140] INFO users: 100, success: 100
Mon 27 Nov 2017 18:04:11 rest_api get_users_lookup 9620 Thread-38 [line:140] INFO users: 100, success: 100
Mon 27 Nov 2017 18:04:16 rest_api get_users_lookup 13800 Thread-41 [line:140] INFO users: 100, success: 100
Mon 27 Nov 2017 18:04:20 rest_api get_users_lookup 17716 Thread-37 [line:140] INFO users: 100, success: 100
Mon 27 Nov 2017 18:04:25 rest_api get_users_lookup 8868 Thread-36 [line:140] INFO users: 100, success: 100
