Mon 27 Nov 2017 17:04:47 rest_api get_users_lookup 21336 Thread-1 [line:140] INFO users: 100, success: 100
Mon 27 Nov 2017 17:04:49 rest_api get_users_lookup 11820 Thread-7 [line:140] INFO users: 100, success: 100
Mon 27 Nov 2017 17:04:50 rest_api get_users_lookup 7160 Thread-4 [line:140] INFO users: 100, success: 100
Mon 27 Nov 2017 17:04:52 rest_api get_users_lookup 6892 Thread-5 [line:140] INFO users: 100, success: 100
Mon 27 Nov 2017 17:04:52 rest_api get_users_lookup 10528 Thread-6 [line:140] INFO users: 100, success: 100
Mon 27 Nov 2017 17:04:58 rest_api get_users_lookup 15492 Thread-2 [line:140] INFO users: 100, success: 100
Mon 27 Nov 2017 17:05:02 rest_api get_users_lookup 14916 Thread-3 [line:140] INFO users: 100, success: 100
Mon 27 Nov 2017 17:05:24 rest_api get_users_lookup 7160 Thread-4 [line:140] INFO users: 100, success: 100
Mon 27 Nov 2017 17:05:26 rest_api get_users_lookup 6892 Thread-5 [line:140] INFO users: 100, success: 100
Mon 27 Nov 2017 17:05:30 rest_api get_users_lookup 10528 Thread-6 [line:140] INFO users: 100, success: 100
Mon 27 Nov 2017 17:05:30 rest_api get_users_lookup 3300 Thread-8 [line:140] INFO users: 100, success: 100
Mon 27 Nov 2017 17:05:32 rest_api get_users_lookup 15492 Thread-2 [line:140] INFO users: 100, success: 100
Mon 27 Nov 2017 17:05:35 rest_api get_users_lookup 11820 Thread-7 [line:140] INFO users: 100, success: 100
Mon 27 Nov 2017 17:05:45 TwitterError __init__ 3300 Thread-8 [line:22] WARNING 400 statuses/filter text HTTPSConnectionPool(host='api.twitter.com', port=443): Max retries exceeded with url: /1.1/users/lookup.json (Caused by ProxyError('Cannot connect to proxy.', timeout('timed out',)))
Mon 27 Nov 2017 17:05:45 rest_api get_users_lookup 3300 Thread-8 [line:120] ERROR HTTPSConnectionPool(host='api.twitter.com', port=443): Max retries exceeded with url: /1.1/users/lookup.json (Caused by ProxyError('Cannot connect to proxy.', timeout('timed out',)))
Mon 27 Nov 2017 17:05:45 rest_api get_users_lookup 14916 Thread-3 [line:140] INFO users: 100, success: 100
Mon 27 Nov 2017 17:05:52 rest_api get_users_lookup 7160 Thread-4 [line:140] INFO users: 100, success: 100
Mon 27 Nov 2017 17:05:58 rest_api get_users_lookup 21336 Thread-1 [line:140] INFO users: 100, success: 100
Mon 27 Nov 2017 17:06:04 rest_api get_users_lookup 10528 Thread-6 [line:140] INFO users: 100, success: 100
Mon 27 Nov 2017 17:06:15 rest_api get_users_lookup 11820 Thread-7 [line:140] INFO users: 100, success: 100
Mon 27 Nov 2017 17:06:19 rest_api get_users_lookup 6892 Thread-5 [line:140] INFO users: 100, success: 100
Mon 27 Nov 2017 17:06:25 rest_api get_users_lookup 14916 Thread-3 [line:140] INFO users: 100, success: 100
Mon 27 Nov 2017 17:06:26 rest_api get_users_lookup 15492 Thread-2 [line:140] INFO users: 100, success: 100
Mon 27 Nov 2017 17:06:33 rest_api get_users_lookup 21336 Thread-1 [line:140] INFO users: 100, success: 100
Mon 27 Nov 2017 17:06:39 rest_api get_users_lookup 3300 Thread-8 [line:140] INFO users: 100, success: 100
Mon 27 Nov 2017 17:06:51 rest_api get_users_lookup 7160 Thread-4 [line:140] INFO users: 100, success: 100
Mon 27 Nov 2017 17:06:56 TwitterError __init__ 3300 Thread-8 [line:22] WARNING 400 statuses/filter text HTTPSConnectionPool(host='api.twitter.com', port=443): Max retries exceeded with url: /1.1/users/lookup.json (Caused by ProxyError('Cannot connect to proxy.', timeout('timed out',)))
Mon 27 Nov 2017 17:06:56 rest_api get_users_lookup 3300 Thread-8 [line:120] ERROR HTTPSConnectionPool(host='api.twitter.com', port=443): Max retries exceeded with url: /1.1/users/lookup.json (Caused by ProxyError('Cannot connect to proxy.', timeout('timed out',)))
Mon 27 Nov 2017 17:07:00 rest_api get_users_lookup 14916 Thread-3 [line:140] INFO users: 100, success: 100
Mon 27 Nov 2017 17:07:03 rest_api get_users_lookup 10528 Thread-6 [line:140] INFO users: 100, success: 100
Mon 27 Nov 2017 17:07:07 rest_api get_users_lookup 15492 Thread-2 [line:140] INFO users: 100, success: 100
Mon 27 Nov 2017 17:07:15 rest_api get_users_lookup 21336 Thread-1 [line:140] INFO users: 100, success: 100
Mon 27 Nov 2017 17:07:17 rest_api get_users_lookup 7160 Thread-4 [line:140] INFO users: 100, success: 100
Mon 27 Nov 2017 17:07:22 rest_api get_users_lookup 6892 Thread-5 [line:140] INFO users: 100, success: 100
Mon 27 Nov 2017 17:07:27 rest_api get_users_lookup 11820 Thread-7 [line:140] INFO users: 100, success: 99
Mon 27 Nov 2017 17:07:27 rest_api get_users_lookup 11820 Thread-7 [line:142] INFO failed id: [850797205178900480L]
Mon 27 Nov 2017 17:07:36 rest_api get_users_lookup 10528 Thread-6 [line:140] INFO users: 100, success: 100
Mon 27 Nov 2017 17:07:38 rest_api get_users_lookup 15492 Thread-2 [line:140] INFO users: 100, success: 100
Mon 27 Nov 2017 17:07:39 rest_api get_users_lookup 14916 Thread-3 [line:140] INFO users: 100, success: 100
Mon 27 Nov 2017 17:07:44 rest_api get_users_lookup 3300 Thread-8 [line:140] INFO users: 100, success: 100
Mon 27 Nov 2017 17:07:47 rest_api get_users_lookup 7160 Thread-4 [line:140] INFO users: 100, success: 100
Mon 27 Nov 2017 17:07:59 TwitterError __init__ 3300 Thread-8 [line:22] WARNING 400 statuses/filter text HTTPSConnectionPool(host='api.twitter.com', port=443): Max retries exceeded with url: /1.1/users/lookup.json (Caused by ProxyError('Cannot connect to proxy.', timeout('timed out',)))
Mon 27 Nov 2017 17:07:59 rest_api get_users_lookup 3300 Thread-8 [line:120] ERROR HTTPSConnectionPool(host='api.twitter.com', port=443): Max retries exceeded with url: /1.1/users/lookup.json (Caused by ProxyError('Cannot connect to proxy.', timeout('timed out',)))
Mon 27 Nov 2017 17:07:59 rest_api get_users_lookup 6892 Thread-5 [line:140] INFO users: 100, success: 100
Mon 27 Nov 2017 17:08:03 rest_api get_users_lookup 21336 Thread-1 [line:140] INFO users: 100, success: 100
Mon 27 Nov 2017 17:08:04 rest_api get_users_lookup 11820 Thread-7 [line:140] INFO users: 100, success: 100
Mon 27 Nov 2017 17:08:15 rest_api get_users_lookup 10528 Thread-6 [line:140] INFO users: 100, success: 100
Mon 27 Nov 2017 17:08:20 rest_api get_users_lookup 15492 Thread-2 [line:140] INFO users: 100, success: 100
Mon 27 Nov 2017 17:08:24 rest_api get_users_lookup 7160 Thread-4 [line:140] INFO users: 100, success: 100
Mon 27 Nov 2017 17:08:32 rest_api get_users_lookup 14916 Thread-3 [line:140] INFO users: 100, success: 100
Mon 27 Nov 2017 17:08:37 rest_api get_users_lookup 11820 Thread-7 [line:140] INFO users: 100, success: 100
Mon 27 Nov 2017 17:08:46 rest_api get_users_lookup 10528 Thread-6 [line:140] INFO users: 100, success: 100
Mon 27 Nov 2017 17:08:52 rest_api get_users_lookup 6892 Thread-5 [line:140] INFO users: 100, success: 100
Mon 27 Nov 2017 17:08:55 rest_api get_users_lookup 21336 Thread-1 [line:140] INFO users: 100, success: 100
Mon 27 Nov 2017 17:08:59 rest_api get_users_lookup 15492 Thread-2 [line:140] INFO users: 100, success: 100
Mon 27 Nov 2017 17:09:08 rest_api get_users_lookup 7160 Thread-4 [line:140] INFO users: 100, success: 100
Mon 27 Nov 2017 17:09:11 rest_api get_users_lookup 14916 Thread-3 [line:140] INFO users: 100, success: 99
Mon 27 Nov 2017 17:09:11 rest_api get_users_lookup 14916 Thread-3 [line:142] INFO failed id: [262919466]
Mon 27 Nov 2017 17:09:17 rest_api get_users_lookup 11820 Thread-7 [line:140] INFO users: 100, success: 100
Mon 27 Nov 2017 17:09:20 rest_api get_users_lookup 10528 Thread-6 [line:140] INFO users: 100, success: 100
Mon 27 Nov 2017 17:09:20 rest_api get_users_lookup 3300 Thread-8 [line:140] INFO users: 100, success: 100
Mon 27 Nov 2017 17:09:24 rest_api get_users_lookup 6892 Thread-5 [line:140] INFO users: 100, success: 100
Mon 27 Nov 2017 17:09:29 rest_api get_users_lookup 15492 Thread-2 [line:140] INFO users: 100, success: 100
Mon 27 Nov 2017 17:09:43 rest_api get_users_lookup 7160 Thread-4 [line:140] INFO users: 100, success: 100
Mon 27 Nov 2017 17:09:48 rest_api get_users_lookup 21336 Thread-1 [line:140] INFO users: 100, success: 100
Mon 27 Nov 2017 17:09:51 rest_api get_users_lookup 11820 Thread-7 [line:140] INFO users: 100, success: 100
Mon 27 Nov 2017 17:09:56 rest_api get_users_lookup 14916 Thread-3 [line:140] INFO users: 100, success: 100
Mon 27 Nov 2017 17:09:58 rest_api get_users_lookup 6892 Thread-5 [line:140] INFO users: 100, success: 100
Mon 27 Nov 2017 17:10:01 rest_api get_users_lookup 15492 Thread-2 [line:140] INFO users: 100, success: 100
Mon 27 Nov 2017 17:10:01 rest_api get_users_lookup 3300 Thread-8 [line:140] INFO users: 100, success: 100
Mon 27 Nov 2017 17:10:10 rest_api get_users_lookup 10528 Thread-6 [line:140] INFO users: 100, success: 100
Mon 27 Nov 2017 17:10:24 rest_api get_users_lookup 7160 Thread-4 [line:140] INFO users: 100, success: 100
Mon 27 Nov 2017 17:10:25 rest_api get_users_lookup 21336 Thread-1 [line:140] INFO users: 100, success: 100
Mon 27 Nov 2017 17:10:27 rest_api get_users_lookup 15492 Thread-2 [line:140] INFO users: 100, success: 100
Mon 27 Nov 2017 17:10:30 rest_api get_users_lookup 11820 Thread-7 [line:140] INFO users: 100, success: 100
Mon 27 Nov 2017 17:10:34 rest_api get_users_lookup 6892 Thread-5 [line:140] INFO users: 100, success: 100
Mon 27 Nov 2017 17:10:44 rest_api get_users_lookup 14916 Thread-3 [line:140] INFO users: 100, success: 100
Mon 27 Nov 2017 17:10:48 rest_api get_users_lookup 3300 Thread-8 [line:140] INFO users: 100, success: 100
Mon 27 Nov 2017 17:10:53 rest_api get_users_lookup 15492 Thread-2 [line:140] INFO users: 100, success: 100
Mon 27 Nov 2017 17:10:56 rest_api get_users_lookup 10528 Thread-6 [line:140] INFO users: 100, success: 100
Mon 27 Nov 2017 17:11:02 rest_api get_users_lookup 11820 Thread-7 [line:140] INFO users: 100, success: 100
Mon 27 Nov 2017 17:11:02 rest_api get_users_lookup 7160 Thread-4 [line:140] INFO users: 100, success: 100
Mon 27 Nov 2017 17:11:07 rest_api get_users_lookup 21336 Thread-1 [line:140] INFO users: 100, success: 100
Mon 27 Nov 2017 17:11:20 rest_api get_users_lookup 15492 Thread-2 [line:140] INFO users: 100, success: 99
Mon 27 Nov 2017 17:11:20 rest_api get_users_lookup 15492 Thread-2 [line:142] INFO failed id: [222957583]
Mon 27 Nov 2017 17:11:27 rest_api get_users_lookup 6892 Thread-5 [line:140] INFO users: 100, success: 100
Mon 27 Nov 2017 17:11:27 rest_api get_users_lookup 3300 Thread-8 [line:140] INFO users: 100, success: 100
Mon 27 Nov 2017 17:11:32 rest_api get_users_lookup 14916 Thread-3 [line:140] INFO users: 100, success: 100
Mon 27 Nov 2017 17:11:32 rest_api get_users_lookup 10528 Thread-6 [line:140] INFO users: 100, success: 100
Mon 27 Nov 2017 17:11:38 rest_api get_users_lookup 21336 Thread-1 [line:140] INFO users: 100, success: 100
Mon 27 Nov 2017 17:11:44 rest_api get_users_lookup 11820 Thread-7 [line:140] INFO users: 100, success: 100
Mon 27 Nov 2017 17:11:48 rest_api get_users_lookup 7160 Thread-4 [line:140] INFO users: 100, success: 100
Mon 27 Nov 2017 17:12:01 rest_api get_users_lookup 6892 Thread-5 [line:140] INFO users: 100, success: 100
Mon 27 Nov 2017 17:12:02 rest_api get_users_lookup 15492 Thread-2 [line:140] INFO users: 100, success: 100
Mon 27 Nov 2017 17:12:04 rest_api get_users_lookup 3300 Thread-8 [line:140] INFO users: 100, success: 100
Mon 27 Nov 2017 17:12:08 rest_api get_users_lookup 10528 Thread-6 [line:140] INFO users: 100, success: 100
Mon 27 Nov 2017 17:12:08 rest_api get_users_lookup 14916 Thread-3 [line:140] INFO users: 100, success: 100
Mon 27 Nov 2017 17:12:15 rest_api get_users_lookup 11820 Thread-7 [line:140] INFO users: 100, success: 100
Mon 27 Nov 2017 17:12:15 rest_api get_users_lookup 21336 Thread-1 [line:140] INFO users: 100, success: 100
Mon 27 Nov 2017 17:12:18 rest_api get_users_lookup 7160 Thread-4 [line:140] INFO users: 100, success: 100
Mon 27 Nov 2017 17:12:25 rest_api get_users_lookup 6892 Thread-5 [line:140] INFO users: 100, success: 100
Mon 27 Nov 2017 17:12:41 rest_api get_users_lookup 10528 Thread-6 [line:140] INFO users: 100, success: 100
Mon 27 Nov 2017 17:12:41 rest_api get_users_lookup 15492 Thread-2 [line:140] INFO users: 100, success: 100
Mon 27 Nov 2017 17:12:43 rest_api get_users_lookup 3300 Thread-8 [line:140] INFO users: 100, success: 100
Mon 27 Nov 2017 17:12:49 rest_api get_users_lookup 14916 Thread-3 [line:140] INFO users: 100, success: 100
Mon 27 Nov 2017 17:12:50 rest_api get_users_lookup 21336 Thread-1 [line:140] INFO users: 100, success: 100
Mon 27 Nov 2017 17:12:51 rest_api get_users_lookup 7160 Thread-4 [line:140] INFO users: 100, success: 100
Mon 27 Nov 2017 17:12:51 rest_api get_users_lookup 6892 Thread-5 [line:140] INFO users: 100, success: 100
Mon 27 Nov 2017 17:12:51 rest_api get_users_lookup 11820 Thread-7 [line:140] INFO users: 100, success: 100
Mon 27 Nov 2017 17:13:04 TwitterError __init__ 14916 Thread-3 [line:22] WARNING 400 statuses/filter text HTTPSConnectionPool(host='api.twitter.com', port=443): Max retries exceeded with url: /1.1/users/lookup.json (Caused by ProxyError('Cannot connect to proxy.', timeout('timed out',)))
Mon 27 Nov 2017 17:13:04 rest_api get_users_lookup 14916 Thread-3 [line:120] ERROR HTTPSConnectionPool(host='api.twitter.com', port=443): Max retries exceeded with url: /1.1/users/lookup.json (Caused by ProxyError('Cannot connect to proxy.', timeout('timed out',)))
Mon 27 Nov 2017 17:13:10 rest_api get_users_lookup 10528 Thread-6 [line:140] INFO users: 100, success: 100
Mon 27 Nov 2017 17:13:15 rest_api get_users_lookup 3300 Thread-8 [line:140] INFO users: 100, success: 100
Mon 27 Nov 2017 17:13:16 rest_api get_users_lookup 7160 Thread-4 [line:140] INFO users: 100, success: 100
Mon 27 Nov 2017 17:13:17 rest_api get_users_lookup 21336 Thread-1 [line:140] INFO users: 100, success: 100
Mon 27 Nov 2017 17:13:20 rest_api get_users_lookup 15492 Thread-2 [line:140] INFO users: 100, success: 100
Mon 27 Nov 2017 17:13:29 rest_api get_users_lookup 6892 Thread-5 [line:140] INFO users: 100, success: 100
Mon 27 Nov 2017 17:13:32 rest_api get_users_lookup 11820 Thread-7 [line:140] INFO users: 100, success: 100
Mon 27 Nov 2017 17:13:51 rest_api get_users_lookup 10528 Thread-6 [line:140] INFO users: 100, success: 100
Mon 27 Nov 2017 17:13:55 rest_api get_users_lookup 7160 Thread-4 [line:140] INFO users: 100, success: 100
Mon 27 Nov 2017 17:13:56 rest_api get_users_lookup 14916 Thread-3 [line:140] INFO users: 100, success: 100
Mon 27 Nov 2017 17:13:59 rest_api get_users_lookup 21336 Thread-1 [line:140] INFO users: 100, success: 100
Mon 27 Nov 2017 17:14:09 rest_api get_users_lookup 15492 Thread-2 [line:140] INFO users: 100, success: 100
Mon 27 Nov 2017 17:14:10 rest_api get_users_lookup 3300 Thread-8 [line:140] INFO users: 100, success: 100
Mon 27 Nov 2017 17:14:28 rest_api get_users_lookup 21336 Thread-1 [line:140] INFO users: 100, success: 100
Mon 27 Nov 2017 17:14:30 rest_api get_users_lookup 6892 Thread-5 [line:140] INFO users: 100, success: 100
Mon 27 Nov 2017 17:14:31 rest_api get_users_lookup 10528 Thread-6 [line:140] INFO users: 100, success: 100
Mon 27 Nov 2017 17:14:32 rest_api get_users_lookup 7160 Thread-4 [line:140] INFO users: 100, success: 100
Mon 27 Nov 2017 17:14:42 rest_api get_users_lookup 14916 Thread-3 [line:140] INFO users: 100, success: 100
Mon 27 Nov 2017 17:14:46 rest_api get_users_lookup 11820 Thread-7 [line:140] INFO users: 100, success: 100
Mon 27 Nov 2017 17:14:47 rest_api get_users_lookup 3300 Thread-8 [line:140] INFO users: 100, success: 100
Mon 27 Nov 2017 17:14:51 rest_api get_users_lookup 15492 Thread-2 [line:140] INFO users: 100, success: 100
Mon 27 Nov 2017 17:15:16 rest_api get_users_lookup 21336 Thread-1 [line:140] INFO users: 100, success: 100
Mon 27 Nov 2017 17:15:18 rest_api get_users_lookup 6892 Thread-5 [line:140] INFO users: 100, success: 100
Mon 27 Nov 2017 17:15:19 rest_api get_users_lookup 14916 Thread-3 [line:140] INFO users: 100, success: 100
Mon 27 Nov 2017 17:15:22 rest_api get_users_lookup 10528 Thread-6 [line:140] INFO users: 100, success: 100
Mon 27 Nov 2017 17:15:22 rest_api get_users_lookup 11820 Thread-7 [line:140] INFO users: 100, success: 100
Mon 27 Nov 2017 17:15:32 rest_api get_users_lookup 15492 Thread-2 [line:140] INFO users: 100, success: 100
Mon 27 Nov 2017 17:15:36 rest_api get_users_lookup 3300 Thread-8 [line:140] INFO users: 100, success: 100
Mon 27 Nov 2017 17:15:37 rest_api get_users_lookup 7160 Thread-4 [line:140] INFO users: 100, success: 100
Mon 27 Nov 2017 17:15:51 TwitterError __init__ 3300 Thread-8 [line:22] WARNING 400 statuses/filter text HTTPSConnectionPool(host='api.twitter.com', port=443): Max retries exceeded with url: /1.1/users/lookup.json (Caused by ProxyError('Cannot connect to proxy.', timeout('timed out',)))
Mon 27 Nov 2017 17:15:51 rest_api get_users_lookup 3300 Thread-8 [line:120] ERROR HTTPSConnectionPool(host='api.twitter.com', port=443): Max retries exceeded with url: /1.1/users/lookup.json (Caused by ProxyError('Cannot connect to proxy.', timeout('timed out',)))
Mon 27 Nov 2017 17:15:55 rest_api get_users_lookup 14916 Thread-3 [line:140] INFO users: 100, success: 100
Mon 27 Nov 2017 17:15:56 rest_api get_users_lookup 6892 Thread-5 [line:140] INFO users: 100, success: 100
Mon 27 Nov 2017 17:15:56 rest_api get_users_lookup 11820 Thread-7 [line:140] INFO users: 100, success: 100
Mon 27 Nov 2017 17:15:57 rest_api get_users_lookup 10528 Thread-6 [line:140] INFO users: 100, success: 100
Mon 27 Nov 2017 17:15:58 rest_api get_users_lookup 21336 Thread-1 [line:140] INFO users: 100, success: 100
Mon 27 Nov 2017 17:16:09 rest_api get_users_lookup 15492 Thread-2 [line:140] INFO users: 100, success: 100
Mon 27 Nov 2017 17:16:14 rest_api get_users_lookup 7160 Thread-4 [line:140] INFO users: 100, success: 100
Mon 27 Nov 2017 17:16:31 rest_api get_users_lookup 3300 Thread-8 [line:140] INFO users: 100, success: 100
Mon 27 Nov 2017 17:16:33 rest_api get_users_lookup 14916 Thread-3 [line:140] INFO users: 100, success: 100
Mon 27 Nov 2017 17:16:37 rest_api get_users_lookup 6892 Thread-5 [line:140] INFO users: 100, success: 100
Mon 27 Nov 2017 17:16:38 rest_api get_users_lookup 11820 Thread-7 [line:140] INFO users: 100, success: 100
Mon 27 Nov 2017 17:16:42 rest_api get_users_lookup 10528 Thread-6 [line:140] INFO users: 100, success: 100
Mon 27 Nov 2017 17:16:45 rest_api get_users_lookup 21336 Thread-1 [line:140] INFO users: 100, success: 100
Mon 27 Nov 2017 17:16:48 rest_api get_users_lookup 15492 Thread-2 [line:140] INFO users: 100, success: 100
Mon 27 Nov 2017 17:16:49 rest_api get_users_lookup 7160 Thread-4 [line:140] INFO users: 100, success: 100
Mon 27 Nov 2017 17:17:14 rest_api get_users_lookup 3300 Thread-8 [line:140] INFO users: 100, success: 100
Mon 27 Nov 2017 17:17:22 rest_api get_users_lookup 21336 Thread-1 [line:140] INFO users: 100, success: 100
Mon 27 Nov 2017 17:17:22 rest_api get_users_lookup 6892 Thread-5 [line:140] INFO users: 100, success: 100
Mon 27 Nov 2017 17:17:24 rest_api get_users_lookup 10528 Thread-6 [line:140] INFO users: 100, success: 100
Mon 27 Nov 2017 17:17:25 rest_api get_users_lookup 14916 Thread-3 [line:140] INFO users: 100, success: 100
Mon 27 Nov 2017 17:17:25 rest_api get_users_lookup 11820 Thread-7 [line:140] INFO users: 100, success: 100
Mon 27 Nov 2017 17:17:30 rest_api get_users_lookup 7160 Thread-4 [line:140] INFO users: 100, success: 100
Mon 27 Nov 2017 17:17:56 rest_api get_users_lookup 3300 Thread-8 [line:140] INFO users: 100, success: 100
Mon 27 Nov 2017 17:18:01 rest_api get_users_lookup 6892 Thread-5 [line:140] INFO users: 100, success: 100
Mon 27 Nov 2017 17:18:02 rest_api get_users_lookup 14916 Thread-3 [line:140] INFO users: 100, success: 100
Mon 27 Nov 2017 17:18:04 rest_api get_users_lookup 21336 Thread-1 [line:140] INFO users: 100, success: 100
Mon 27 Nov 2017 17:18:05 rest_api get_users_lookup 11820 Thread-7 [line:140] INFO users: 100, success: 100
Mon 27 Nov 2017 17:18:09 rest_api get_users_lookup 7160 Thread-4 [line:140] INFO users: 100, success: 100
Mon 27 Nov 2017 17:18:14 rest_api get_users_lookup 10528 Thread-6 [line:140] INFO users: 100, success: 100
Mon 27 Nov 2017 17:18:23 rest_api get_users_lookup 3300 Thread-8 [line:140] INFO users: 100, success: 100
Mon 27 Nov 2017 17:18:32 rest_api get_users_lookup 11820 Thread-7 [line:140] INFO users: 100, success: 100
Mon 27 Nov 2017 17:18:38 rest_api get_users_lookup 14916 Thread-3 [line:140] INFO users: 100, success: 100
Mon 27 Nov 2017 17:18:40 rest_api get_users_lookup 7160 Thread-4 [line:140] INFO users: 100, success: 100
Mon 27 Nov 2017 17:18:47 rest_api get_users_lookup 6892 Thread-5 [line:140] INFO users: 100, success: 100
Mon 27 Nov 2017 17:18:47 rest_api get_users_lookup 21336 Thread-1 [line:140] INFO users: 100, success: 100
Mon 27 Nov 2017 17:18:54 rest_api get_users_lookup 10528 Thread-6 [line:140] INFO users: 100, success: 100
Mon 27 Nov 2017 17:19:00 rest_api get_users_lookup 11820 Thread-7 [line:140] INFO users: 100, success: 100
Mon 27 Nov 2017 17:19:05 rest_api get_users_lookup 3300 Thread-8 [line:140] INFO users: 100, success: 100
Mon 27 Nov 2017 17:19:21 rest_api get_users_lookup 10528 Thread-6 [line:140] INFO users: 100, success: 100
Mon 27 Nov 2017 17:19:22 rest_api get_users_lookup 15492 Thread-2 [line:140] INFO users: 100, success: 100
Mon 27 Nov 2017 17:19:24 rest_api get_users_lookup 7160 Thread-4 [line:140] INFO users: 100, success: 100
Mon 27 Nov 2017 17:19:26 rest_api get_users_lookup 6892 Thread-5 [line:140] INFO users: 100, success: 100
Mon 27 Nov 2017 17:19:29 rest_api get_users_lookup 14916 Thread-3 [line:140] INFO users: 100, success: 100
Mon 27 Nov 2017 17:19:40 rest_api get_users_lookup 21336 Thread-1 [line:140] INFO users: 100, success: 100
Mon 27 Nov 2017 17:19:41 rest_api get_users_lookup 11820 Thread-7 [line:140] INFO users: 100, success: 100
Mon 27 Nov 2017 17:19:41 rest_api get_users_lookup 3300 Thread-8 [line:140] INFO users: 100, success: 100
Mon 27 Nov 2017 17:19:45 rest_api get_users_lookup 15492 Thread-2 [line:140] INFO users: 100, success: 100
Mon 27 Nov 2017 17:19:47 TwitterError __init__ 14916 Thread-3 [line:22] WARNING 400 statuses/filter text HTTPSConnectionPool(host='api.twitter.com', port=443): Max retries exceeded with url: /1.1/users/lookup.json (Caused by ProxyError('Cannot connect to proxy.', timeout('timed out',)))
Mon 27 Nov 2017 17:19:47 rest_api get_users_lookup 14916 Thread-3 [line:120] ERROR HTTPSConnectionPool(host='api.twitter.com', port=443): Max retries exceeded with url: /1.1/users/lookup.json (Caused by ProxyError('Cannot connect to proxy.', timeout('timed out',)))
Mon 27 Nov 2017 17:19:56 rest_api get_users_lookup 6892 Thread-5 [line:140] INFO users: 100, success: 100
Mon 27 Nov 2017 17:20:05 rest_api get_users_lookup 7160 Thread-4 [line:140] INFO users: 100, success: 100
Mon 27 Nov 2017 17:20:08 rest_api get_users_lookup 21336 Thread-1 [line:140] INFO users: 100, success: 100
Mon 27 Nov 2017 17:20:10 rest_api get_users_lookup 11820 Thread-7 [line:140] INFO users: 100, success: 100
Mon 27 Nov 2017 17:20:18 rest_api get_users_lookup 3300 Thread-8 [line:140] INFO users: 100, success: 100
Mon 27 Nov 2017 17:20:21 rest_api get_users_lookup 10528 Thread-6 [line:140] INFO users: 100, success: 100
Mon 27 Nov 2017 17:20:30 rest_api get_users_lookup 14916 Thread-3 [line:140] INFO users: 100, success: 100
Mon 27 Nov 2017 17:20:30 rest_api get_users_lookup 15492 Thread-2 [line:140] INFO users: 100, success: 100
Mon 27 Nov 2017 17:20:31 rest_api get_users_lookup 7160 Thread-4 [line:140] INFO users: 1, success: 1
Mon 27 Nov 2017 17:20:35 rest_api get_users_lookup 6892 Thread-5 [line:140] INFO users: 100, success: 100
Mon 27 Nov 2017 17:20:42 rest_api get_users_lookup 11820 Thread-7 [line:140] INFO users: 100, success: 100
Mon 27 Nov 2017 17:20:44 rest_api get_users_lookup 3300 Thread-8 [line:140] INFO users: 100, success: 100
Mon 27 Nov 2017 17:20:50 rest_api get_users_lookup 21336 Thread-1 [line:140] INFO users: 100, success: 100
Mon 27 Nov 2017 17:20:52 rest_api get_users_lookup 10528 Thread-6 [line:140] INFO users: 100, success: 100
Mon 27 Nov 2017 17:20:57 rest_api get_users_lookup 11820 Thread-7 [line:140] INFO users: 1, success: 1
Mon 27 Nov 2017 17:21:03 rest_api get_users_lookup 10528 Thread-6 [line:140] INFO users: 1, success: 1
Mon 27 Nov 2017 17:21:03 rest_api get_users_lookup 6892 Thread-5 [line:140] INFO users: 100, success: 100
Mon 27 Nov 2017 17:21:06 rest_api get_users_lookup 14916 Thread-3 [line:140] INFO users: 100, success: 100
Mon 27 Nov 2017 17:21:09 rest_api get_users_lookup 15492 Thread-2 [line:140] INFO users: 100, success: 100
Mon 27 Nov 2017 17:21:12 rest_api get_users_lookup 3300 Thread-8 [line:140] INFO users: 100, success: 100
Mon 27 Nov 2017 17:21:24 rest_api get_users_lookup 6892 Thread-5 [line:140] INFO users: 1, success: 1
Mon 27 Nov 2017 17:21:33 rest_api get_users_lookup 21336 Thread-1 [line:140] INFO users: 100, success: 100
Mon 27 Nov 2017 17:21:46 rest_api get_users_lookup 21336 Thread-1 [line:140] INFO users: 1, success: 1
Mon 27 Nov 2017 17:21:46 rest_api get_users_lookup 3300 Thread-8 [line:140] INFO users: 100, success: 100
Mon 27 Nov 2017 17:21:48 rest_api get_users_lookup 14916 Thread-3 [line:140] INFO users: 100, success: 100
Mon 27 Nov 2017 17:21:54 TwitterError __init__ 15492 Thread-2 [line:22] WARNING 400 statuses/filter text HTTPSConnectionPool(host='api.twitter.com', port=443): Read timed out.
Mon 27 Nov 2017 17:21:54 rest_api get_users_lookup 15492 Thread-2 [line:120] ERROR HTTPSConnectionPool(host='api.twitter.com', port=443): Read timed out.
Mon 27 Nov 2017 17:22:32 rest_api get_users_lookup 14916 Thread-3 [line:140] INFO users: 100, success: 100
Mon 27 Nov 2017 17:22:37 rest_api get_users_lookup 3300 Thread-8 [line:140] INFO users: 100, success: 100
Mon 27 Nov 2017 17:22:38 rest_api get_users_lookup 15492 Thread-2 [line:140] INFO users: 100, success: 100
Mon 27 Nov 2017 17:22:50 rest_api get_users_lookup 14916 Thread-3 [line:140] INFO users: 1, success: 1
Mon 27 Nov 2017 17:22:51 rest_api get_users_lookup 15492 Thread-2 [line:140] INFO users: 1, success: 1
Mon 27 Nov 2017 17:23:14 rest_api get_users_lookup 3300 Thread-8 [line:140] INFO users: 93, success: 93
Mon 27 Nov 2017 17:23:35 TwitterError __init__ 11380 Thread-12 [line:22] WARNING 400 statuses/filter text HTTPSConnectionPool(host='api.twitter.com', port=443): Max retries exceeded with url: /1.1/users/lookup.json (Caused by ProxyError('Cannot connect to proxy.', timeout('timed out',)))
Mon 27 Nov 2017 17:23:35 rest_api get_users_lookup 11380 Thread-12 [line:120] ERROR HTTPSConnectionPool(host='api.twitter.com', port=443): Max retries exceeded with url: /1.1/users/lookup.json (Caused by ProxyError('Cannot connect to proxy.', timeout('timed out',)))
Mon 27 Nov 2017 17:23:35 TwitterError __init__ 13044 Thread-17 [line:34] INFO Status code 403: Twitter request failed
Mon 27 Nov 2017 17:23:35 rest_api get_users_lookup 13044 Thread-17 [line:105] ERROR Twitter request failed
Mon 27 Nov 2017 17:23:35 TwitterError __init__ 13044 Thread-17 [line:34] INFO Status code 403: Twitter request failed
Mon 27 Nov 2017 17:23:40 rest_api get_users_lookup 18268 Thread-15 [line:140] INFO users: 100, success: 100
Mon 27 Nov 2017 17:23:51 rest_api get_users_lookup 15568 Thread-14 [line:140] INFO users: 100, success: 100
Mon 27 Nov 2017 17:23:52 rest_api get_users_lookup 11348 Thread-16 [line:140] INFO users: 100, success: 100
Mon 27 Nov 2017 17:23:54 rest_api get_users_lookup 19536 Thread-13 [line:140] INFO users: 100, success: 100
Mon 27 Nov 2017 17:23:56 rest_api get_users_lookup 21192 Thread-19 [line:140] INFO users: 100, success: 100
Mon 27 Nov 2017 17:23:58 rest_api get_users_lookup 11444 Thread-18 [line:140] INFO users: 100, success: 100
Mon 27 Nov 2017 17:24:11 rest_api get_users_lookup 13044 Thread-17 [line:140] INFO users: 100, success: 100
Mon 27 Nov 2017 17:24:11 rest_api get_users_lookup 18268 Thread-15 [line:140] INFO users: 100, success: 100
Mon 27 Nov 2017 17:24:17 rest_api get_users_lookup 11380 Thread-12 [line:140] INFO users: 100, success: 100
Mon 27 Nov 2017 17:24:26 rest_api get_users_lookup 21192 Thread-19 [line:140] INFO users: 100, success: 100
Mon 27 Nov 2017 17:24:28 rest_api get_users_lookup 11444 Thread-18 [line:140] INFO users: 100, success: 100
Mon 27 Nov 2017 17:24:30 rest_api get_users_lookup 15568 Thread-14 [line:140] INFO users: 100, success: 100
Mon 27 Nov 2017 17:24:34 rest_api get_users_lookup 19536 Thread-13 [line:140] INFO users: 100, success: 100
Mon 27 Nov 2017 17:24:40 rest_api get_users_lookup 11348 Thread-16 [line:140] INFO users: 100, success: 100
Mon 27 Nov 2017 17:24:47 rest_api get_users_lookup 18268 Thread-15 [line:140] INFO users: 100, success: 100
Mon 27 Nov 2017 17:24:49 rest_api get_users_lookup 13044 Thread-17 [line:140] INFO users: 100, success: 100
Mon 27 Nov 2017 17:25:01 rest_api get_users_lookup 15568 Thread-14 [line:140] INFO users: 100, success: 100
Mon 27 Nov 2017 17:25:05 rest_api get_users_lookup 11380 Thread-12 [line:140] INFO users: 100, success: 100
Mon 27 Nov 2017 17:25:10 rest_api get_users_lookup 19536 Thread-13 [line:140] INFO users: 100, success: 100
Mon 27 Nov 2017 17:25:11 rest_api get_users_lookup 21192 Thread-19 [line:140] INFO users: 100, success: 100
Mon 27 Nov 2017 17:25:17 rest_api get_users_lookup 11444 Thread-18 [line:140] INFO users: 100, success: 100
Mon 27 Nov 2017 17:25:19 rest_api get_users_lookup 18268 Thread-15 [line:140] INFO users: 100, success: 100
Mon 27 Nov 2017 17:25:34 rest_api get_users_lookup 13044 Thread-17 [line:140] INFO users: 100, success: 100
Mon 27 Nov 2017 17:25:36 rest_api get_users_lookup 11380 Thread-12 [line:140] INFO users: 100, success: 100
Mon 27 Nov 2017 17:25:36 rest_api get_users_lookup 11348 Thread-16 [line:140] INFO users: 100, success: 100
Mon 27 Nov 2017 17:25:43 rest_api get_users_lookup 15568 Thread-14 [line:140] INFO users: 100, success: 100
Mon 27 Nov 2017 17:25:44 rest_api get_users_lookup 19536 Thread-13 [line:140] INFO users: 100, success: 100
Mon 27 Nov 2017 17:25:53 rest_api get_users_lookup 21192 Thread-19 [line:140] INFO users: 100, success: 100
Mon 27 Nov 2017 17:25:55 rest_api get_users_lookup 11444 Thread-18 [line:140] INFO users: 100, success: 100
Mon 27 Nov 2017 17:25:56 rest_api get_users_lookup 18268 Thread-15 [line:140] INFO users: 100, success: 100
Mon 27 Nov 2017 17:26:09 rest_api get_users_lookup 11380 Thread-12 [line:140] INFO users: 100, success: 100
Mon 27 Nov 2017 17:26:11 rest_api get_users_lookup 11348 Thread-16 [line:140] INFO users: 100, success: 100
Mon 27 Nov 2017 17:26:13 TwitterError __init__ 21192 Thread-19 [line:22] WARNING 400 statuses/filter text HTTPSConnectionPool(host='api.twitter.com', port=443): Max retries exceeded with url: /1.1/users/lookup.json (Caused by ProxyError('Cannot connect to proxy.', timeout('timed out',)))
Mon 27 Nov 2017 17:26:13 rest_api get_users_lookup 21192 Thread-19 [line:120] ERROR HTTPSConnectionPool(host='api.twitter.com', port=443): Max retries exceeded with url: /1.1/users/lookup.json (Caused by ProxyError('Cannot connect to proxy.', timeout('timed out',)))
Mon 27 Nov 2017 17:26:16 rest_api get_users_lookup 15568 Thread-14 [line:140] INFO users: 100, success: 100
Mon 27 Nov 2017 17:26:18 rest_api get_users_lookup 19536 Thread-13 [line:140] INFO users: 100, success: 100
Mon 27 Nov 2017 17:26:18 rest_api get_users_lookup 13044 Thread-17 [line:140] INFO users: 100, success: 100
Mon 27 Nov 2017 17:26:23 rest_api get_users_lookup 18268 Thread-15 [line:140] INFO users: 100, success: 100
Mon 27 Nov 2017 17:26:24 rest_api get_users_lookup 11444 Thread-18 [line:140] INFO users: 100, success: 100
Mon 27 Nov 2017 17:26:42 rest_api get_users_lookup 11380 Thread-12 [line:140] INFO users: 100, success: 100
Mon 27 Nov 2017 17:26:46 TwitterError __init__ 18268 Thread-15 [line:22] WARNING 400 statuses/filter text HTTPSConnectionPool(host='api.twitter.com', port=443): Read timed out.
Mon 27 Nov 2017 17:26:46 rest_api get_users_lookup 18268 Thread-15 [line:120] ERROR HTTPSConnectionPool(host='api.twitter.com', port=443): Read timed out.
Mon 27 Nov 2017 17:26:48 rest_api get_users_lookup 15568 Thread-14 [line:140] INFO users: 100, success: 100
Mon 27 Nov 2017 17:26:53 rest_api get_users_lookup 19536 Thread-13 [line:140] INFO users: 100, success: 100
Mon 27 Nov 2017 17:26:56 rest_api get_users_lookup 11444 Thread-18 [line:140] INFO users: 100, success: 100
Mon 27 Nov 2017 17:26:58 rest_api get_users_lookup 11348 Thread-16 [line:140] INFO users: 100, success: 100
Mon 27 Nov 2017 17:27:03 rest_api get_users_lookup 13044 Thread-17 [line:140] INFO users: 100, success: 100
Mon 27 Nov 2017 17:27:09 rest_api get_users_lookup 21192 Thread-19 [line:140] INFO users: 100, success: 100
Mon 27 Nov 2017 17:27:19 TwitterError __init__ 18268 Thread-15 [line:22] WARNING 400 statuses/filter text HTTPSConnectionPool(host='api.twitter.com', port=443): Read timed out.
Mon 27 Nov 2017 17:27:19 rest_api get_users_lookup 18268 Thread-15 [line:120] ERROR HTTPSConnectionPool(host='api.twitter.com', port=443): Read timed out.
Mon 27 Nov 2017 17:27:21 TwitterError __init__ 11444 Thread-18 [line:22] WARNING 400 statuses/filter text HTTPSConnectionPool(host='api.twitter.com', port=443): Read timed out.
Mon 27 Nov 2017 17:27:21 rest_api get_users_lookup 11444 Thread-18 [line:120] ERROR HTTPSConnectionPool(host='api.twitter.com', port=443): Read timed out.
Mon 27 Nov 2017 17:27:22 rest_api get_users_lookup 11380 Thread-12 [line:140] INFO users: 100, success: 100
Mon 27 Nov 2017 17:27:30 rest_api get_users_lookup 11348 Thread-16 [line:140] INFO users: 100, success: 100
Mon 27 Nov 2017 17:27:31 rest_api get_users_lookup 15568 Thread-14 [line:140] INFO users: 100, success: 100
Mon 27 Nov 2017 17:27:35 rest_api get_users_lookup 19536 Thread-13 [line:140] INFO users: 100, success: 100
Mon 27 Nov 2017 17:27:36 rest_api get_users_lookup 13044 Thread-17 [line:140] INFO users: 100, success: 100
Mon 27 Nov 2017 17:27:46 rest_api get_users_lookup 21192 Thread-19 [line:140] INFO users: 100, success: 100
Mon 27 Nov 2017 17:28:01 rest_api get_users_lookup 15568 Thread-14 [line:140] INFO users: 100, success: 100
Mon 27 Nov 2017 17:28:05 rest_api get_users_lookup 11380 Thread-12 [line:140] INFO users: 100, success: 100
Mon 27 Nov 2017 17:28:07 rest_api get_users_lookup 13044 Thread-17 [line:140] INFO users: 100, success: 100
Mon 27 Nov 2017 17:28:12 rest_api get_users_lookup 11444 Thread-18 [line:140] INFO users: 100, success: 100
Mon 27 Nov 2017 17:28:15 rest_api get_users_lookup 11348 Thread-16 [line:140] INFO users: 100, success: 100
Mon 27 Nov 2017 17:28:16 rest_api get_users_lookup 21192 Thread-19 [line:140] INFO users: 100, success: 100
Mon 27 Nov 2017 17:28:16 rest_api get_users_lookup 18268 Thread-15 [line:140] INFO users: 100, success: 100
Mon 27 Nov 2017 17:28:30 rest_api get_users_lookup 15568 Thread-14 [line:140] INFO users: 100, success: 100
Mon 27 Nov 2017 17:28:42 rest_api get_users_lookup 13044 Thread-17 [line:140] INFO users: 100, success: 100
Mon 27 Nov 2017 17:28:46 rest_api get_users_lookup 11380 Thread-12 [line:140] INFO users: 100, success: 100
Mon 27 Nov 2017 17:28:57 rest_api get_users_lookup 19536 Thread-13 [line:140] INFO users: 100, success: 100
Mon 27 Nov 2017 17:28:58 rest_api get_users_lookup 21192 Thread-19 [line:140] INFO users: 100, success: 100
Mon 27 Nov 2017 17:28:59 rest_api get_users_lookup 11348 Thread-16 [line:140] INFO users: 100, success: 100
Mon 27 Nov 2017 17:29:00 rest_api get_users_lookup 11444 Thread-18 [line:140] INFO users: 100, success: 100
Mon 27 Nov 2017 17:29:02 rest_api get_users_lookup 18268 Thread-15 [line:140] INFO users: 100, success: 100
Mon 27 Nov 2017 17:29:10 rest_api get_users_lookup 15568 Thread-14 [line:140] INFO users: 100, success: 100
Mon 27 Nov 2017 17:29:26 rest_api get_users_lookup 13044 Thread-17 [line:140] INFO users: 100, success: 100
Mon 27 Nov 2017 17:29:27 rest_api get_users_lookup 11380 Thread-12 [line:140] INFO users: 100, success: 100
Mon 27 Nov 2017 17:29:28 rest_api get_users_lookup 21192 Thread-19 [line:140] INFO users: 100, success: 100
Mon 27 Nov 2017 17:29:29 rest_api get_users_lookup 11444 Thread-18 [line:140] INFO users: 100, success: 100
Mon 27 Nov 2017 17:29:32 rest_api get_users_lookup 19536 Thread-13 [line:140] INFO users: 100, success: 100
Mon 27 Nov 2017 17:29:45 rest_api get_users_lookup 18268 Thread-15 [line:140] INFO users: 100, success: 100
Mon 27 Nov 2017 17:29:47 rest_api get_users_lookup 11348 Thread-16 [line:140] INFO users: 100, success: 100
Mon 27 Nov 2017 17:29:59 rest_api get_users_lookup 13044 Thread-17 [line:140] INFO users: 100, success: 100
Mon 27 Nov 2017 17:30:07 rest_api get_users_lookup 11380 Thread-12 [line:140] INFO users: 100, success: 100
Mon 27 Nov 2017 17:30:07 TwitterError __init__ 15568 Thread-14 [line:22] WARNING 400 statuses/filter text HTTPSConnectionPool(host='api.twitter.com', port=443): Read timed out.
Mon 27 Nov 2017 17:30:07 rest_api get_users_lookup 15568 Thread-14 [line:120] ERROR HTTPSConnectionPool(host='api.twitter.com', port=443): Read timed out.
Mon 27 Nov 2017 17:30:08 rest_api get_users_lookup 21192 Thread-19 [line:140] INFO users: 100, success: 100
Mon 27 Nov 2017 17:30:13 rest_api get_users_lookup 11444 Thread-18 [line:140] INFO users: 100, success: 100
Mon 27 Nov 2017 17:30:26 rest_api get_users_lookup 13044 Thread-17 [line:140] INFO users: 100, success: 100
Mon 27 Nov 2017 17:30:29 rest_api get_users_lookup 18268 Thread-15 [line:140] INFO users: 100, success: 100
Mon 27 Nov 2017 17:30:31 rest_api get_users_lookup 11348 Thread-16 [line:140] INFO users: 100, success: 100
Mon 27 Nov 2017 17:30:49 rest_api get_users_lookup 11380 Thread-12 [line:140] INFO users: 100, success: 100
Mon 27 Nov 2017 17:30:50 rest_api get_users_lookup 15568 Thread-14 [line:140] INFO users: 100, success: 100
Mon 27 Nov 2017 17:30:51 rest_api get_users_lookup 21192 Thread-19 [line:140] INFO users: 100, success: 100
Mon 27 Nov 2017 17:30:56 rest_api get_users_lookup 11444 Thread-18 [line:140] INFO users: 100, success: 100
Mon 27 Nov 2017 17:30:56 rest_api get_users_lookup 11348 Thread-16 [line:140] INFO users: 100, success: 100
Mon 27 Nov 2017 17:30:56 rest_api get_users_lookup 19536 Thread-13 [line:140] INFO users: 100, success: 100
Mon 27 Nov 2017 17:31:06 rest_api get_users_lookup 18268 Thread-15 [line:140] INFO users: 100, success: 100
Mon 27 Nov 2017 17:31:18 rest_api get_users_lookup 13044 Thread-17 [line:140] INFO users: 100, success: 100
Mon 27 Nov 2017 17:31:25 rest_api get_users_lookup 11380 Thread-12 [line:140] INFO users: 100, success: 100
Mon 27 Nov 2017 17:31:30 rest_api get_users_lookup 11444 Thread-18 [line:140] INFO users: 100, success: 100
Mon 27 Nov 2017 17:31:30 rest_api get_users_lookup 11348 Thread-16 [line:140] INFO users: 100, success: 100
Mon 27 Nov 2017 17:31:34 rest_api get_users_lookup 15568 Thread-14 [line:140] INFO users: 100, success: 100
Mon 27 Nov 2017 17:31:45 rest_api get_users_lookup 19536 Thread-13 [line:140] INFO users: 100, success: 100
Mon 27 Nov 2017 17:31:46 rest_api get_users_lookup 18268 Thread-15 [line:140] INFO users: 100, success: 100
Mon 27 Nov 2017 17:31:46 rest_api get_users_lookup 21192 Thread-19 [line:140] INFO users: 100, success: 100
Mon 27 Nov 2017 17:32:02 rest_api get_users_lookup 11444 Thread-18 [line:140] INFO users: 100, success: 100
Mon 27 Nov 2017 17:32:04 rest_api get_users_lookup 11380 Thread-12 [line:140] INFO users: 100, success: 100
Mon 27 Nov 2017 17:32:05 rest_api get_users_lookup 13044 Thread-17 [line:140] INFO users: 100, success: 100
Mon 27 Nov 2017 17:32:06 TwitterError __init__ 11348 Thread-16 [line:22] WARNING 400 statuses/filter text HTTPSConnectionPool(host='api.twitter.com', port=443): Read timed out.
Mon 27 Nov 2017 17:32:06 rest_api get_users_lookup 11348 Thread-16 [line:120] ERROR HTTPSConnectionPool(host='api.twitter.com', port=443): Read timed out.
Mon 27 Nov 2017 17:32:11 rest_api get_users_lookup 15568 Thread-14 [line:140] INFO users: 100, success: 100
Mon 27 Nov 2017 17:32:18 rest_api get_users_lookup 18268 Thread-15 [line:140] INFO users: 100, success: 100
Mon 27 Nov 2017 17:32:26 rest_api get_users_lookup 19536 Thread-13 [line:140] INFO users: 100, success: 100
Mon 27 Nov 2017 17:32:40 rest_api get_users_lookup 11444 Thread-18 [line:140] INFO users: 100, success: 100
Mon 27 Nov 2017 17:32:41 rest_api get_users_lookup 21192 Thread-19 [line:140] INFO users: 100, success: 100
Mon 27 Nov 2017 17:32:45 rest_api get_users_lookup 11380 Thread-12 [line:140] INFO users: 100, success: 100
Mon 27 Nov 2017 17:32:49 rest_api get_users_lookup 13044 Thread-17 [line:140] INFO users: 100, success: 100
Mon 27 Nov 2017 17:32:50 rest_api get_users_lookup 11348 Thread-16 [line:140] INFO users: 100, success: 100
Mon 27 Nov 2017 17:32:56 rest_api get_users_lookup 15568 Thread-14 [line:140] INFO users: 100, success: 100
Mon 27 Nov 2017 17:33:02 rest_api get_users_lookup 18268 Thread-15 [line:140] INFO users: 100, success: 100
Mon 27 Nov 2017 17:33:15 rest_api get_users_lookup 19536 Thread-13 [line:140] INFO users: 100, success: 100
Mon 27 Nov 2017 17:33:16 rest_api get_users_lookup 21192 Thread-19 [line:140] INFO users: 100, success: 100
Mon 27 Nov 2017 17:33:20 rest_api get_users_lookup 11444 Thread-18 [line:140] INFO users: 100, success: 100
Mon 27 Nov 2017 17:33:20 rest_api get_users_lookup 13044 Thread-17 [line:140] INFO users: 100, success: 100
Mon 27 Nov 2017 17:33:29 rest_api get_users_lookup 11348 Thread-16 [line:140] INFO users: 100, success: 100
Mon 27 Nov 2017 17:33:31 rest_api get_users_lookup 11380 Thread-12 [line:140] INFO users: 100, success: 100
Mon 27 Nov 2017 17:33:33 rest_api get_users_lookup 15568 Thread-14 [line:140] INFO users: 100, success: 100
Mon 27 Nov 2017 17:33:48 rest_api get_users_lookup 21192 Thread-19 [line:140] INFO users: 100, success: 100
Mon 27 Nov 2017 17:33:49 rest_api get_users_lookup 19536 Thread-13 [line:140] INFO users: 100, success: 100
Mon 27 Nov 2017 17:33:51 rest_api get_users_lookup 18268 Thread-15 [line:140] INFO users: 100, success: 100
Mon 27 Nov 2017 17:33:57 rest_api get_users_lookup 13044 Thread-17 [line:140] INFO users: 100, success: 100
Mon 27 Nov 2017 17:34:00 rest_api get_users_lookup 11348 Thread-16 [line:140] INFO users: 100, success: 100
Mon 27 Nov 2017 17:34:00 rest_api get_users_lookup 15568 Thread-14 [line:140] INFO users: 100, success: 100
Mon 27 Nov 2017 17:34:01 rest_api get_users_lookup 11380 Thread-12 [line:140] INFO users: 100, success: 100
Mon 27 Nov 2017 17:34:02 rest_api get_users_lookup 11444 Thread-18 [line:140] INFO users: 100, success: 100
Mon 27 Nov 2017 17:34:28 rest_api get_users_lookup 13044 Thread-17 [line:140] INFO users: 100, success: 100
Mon 27 Nov 2017 17:34:29 rest_api get_users_lookup 19536 Thread-13 [line:140] INFO users: 100, success: 100
Mon 27 Nov 2017 17:34:29 rest_api get_users_lookup 18268 Thread-15 [line:140] INFO users: 100, success: 100
Mon 27 Nov 2017 17:34:37 rest_api get_users_lookup 15568 Thread-14 [line:140] INFO users: 100, success: 100
Mon 27 Nov 2017 17:34:38 rest_api get_users_lookup 11444 Thread-18 [line:140] INFO users: 100, success: 100
Mon 27 Nov 2017 17:34:38 rest_api get_users_lookup 21192 Thread-19 [line:140] INFO users: 100, success: 100
Mon 27 Nov 2017 17:34:40 rest_api get_users_lookup 11380 Thread-12 [line:140] INFO users: 100, success: 100
Mon 27 Nov 2017 17:35:05 TwitterError __init__ 13044 Thread-17 [line:22] WARNING 400 statuses/filter text HTTPSConnectionPool(host='api.twitter.com', port=443): Read timed out.
Mon 27 Nov 2017 17:35:05 rest_api get_users_lookup 13044 Thread-17 [line:120] ERROR HTTPSConnectionPool(host='api.twitter.com', port=443): Read timed out.
Mon 27 Nov 2017 17:35:15 rest_api get_users_lookup 11348 Thread-16 [line:140] INFO users: 100, success: 100
Mon 27 Nov 2017 17:35:19 rest_api get_users_lookup 19536 Thread-13 [line:140] INFO users: 100, success: 100
Mon 27 Nov 2017 17:35:22 rest_api get_users_lookup 11444 Thread-18 [line:140] INFO users: 100, success: 100
Mon 27 Nov 2017 17:35:26 rest_api get_users_lookup 11380 Thread-12 [line:140] INFO users: 100, success: 100
Mon 27 Nov 2017 17:35:27 rest_api get_users_lookup 18268 Thread-15 [line:140] INFO users: 100, success: 100
Mon 27 Nov 2017 17:35:37 rest_api get_users_lookup 21192 Thread-19 [line:140] INFO users: 100, success: 100
Mon 27 Nov 2017 17:35:51 rest_api get_users_lookup 13044 Thread-17 [line:140] INFO users: 100, success: 100
Mon 27 Nov 2017 17:35:56 rest_api get_users_lookup 19536 Thread-13 [line:140] INFO users: 100, success: 100
Mon 27 Nov 2017 17:35:58 rest_api get_users_lookup 11348 Thread-16 [line:140] INFO users: 100, success: 100
Mon 27 Nov 2017 17:36:01 rest_api get_users_lookup 15568 Thread-14 [line:140] INFO users: 100, success: 100
Mon 27 Nov 2017 17:36:05 rest_api get_users_lookup 11380 Thread-12 [line:140] INFO users: 100, success: 100
Mon 27 Nov 2017 17:36:14 rest_api get_users_lookup 21192 Thread-19 [line:140] INFO users: 100, success: 100
Mon 27 Nov 2017 17:36:19 rest_api get_users_lookup 18268 Thread-15 [line:140] INFO users: 100, success: 100
Mon 27 Nov 2017 17:36:24 TwitterError __init__ 11380 Thread-12 [line:22] WARNING 400 statuses/filter text HTTPSConnectionPool(host='api.twitter.com', port=443): Max retries exceeded with url: /1.1/users/lookup.json (Caused by ProxyError('Cannot connect to proxy.', timeout('timed out',)))
Mon 27 Nov 2017 17:36:24 rest_api get_users_lookup 11380 Thread-12 [line:120] ERROR HTTPSConnectionPool(host='api.twitter.com', port=443): Max retries exceeded with url: /1.1/users/lookup.json (Caused by ProxyError('Cannot connect to proxy.', timeout('timed out',)))
Mon 27 Nov 2017 17:36:26 rest_api get_users_lookup 19536 Thread-13 [line:140] INFO users: 100, success: 100
Mon 27 Nov 2017 17:36:28 rest_api get_users_lookup 13044 Thread-17 [line:140] INFO users: 100, success: 100
Mon 27 Nov 2017 17:36:34 rest_api get_users_lookup 11348 Thread-16 [line:140] INFO users: 100, success: 100
Mon 27 Nov 2017 17:36:39 rest_api get_users_lookup 11444 Thread-18 [line:140] INFO users: 100, success: 100
Mon 27 Nov 2017 17:36:45 rest_api get_users_lookup 15568 Thread-14 [line:140] INFO users: 100, success: 100
Mon 27 Nov 2017 17:36:54 rest_api get_users_lookup 21192 Thread-19 [line:140] INFO users: 100, success: 100
Mon 27 Nov 2017 17:37:01 rest_api get_users_lookup 19536 Thread-13 [line:140] INFO users: 100, success: 100
Mon 27 Nov 2017 17:37:02 rest_api get_users_lookup 13044 Thread-17 [line:140] INFO users: 100, success: 100
Mon 27 Nov 2017 17:37:02 rest_api get_users_lookup 18268 Thread-15 [line:140] INFO users: 100, success: 100
Mon 27 Nov 2017 17:37:14 rest_api get_users_lookup 11348 Thread-16 [line:140] INFO users: 100, success: 100
Mon 27 Nov 2017 17:37:21 rest_api get_users_lookup 11444 Thread-18 [line:140] INFO users: 100, success: 100
Mon 27 Nov 2017 17:37:23 rest_api get_users_lookup 11380 Thread-12 [line:140] INFO users: 100, success: 100
Mon 27 Nov 2017 17:37:24 rest_api get_users_lookup 15568 Thread-14 [line:140] INFO users: 100, success: 100
Mon 27 Nov 2017 17:37:31 rest_api get_users_lookup 18268 Thread-15 [line:140] INFO users: 100, success: 100
Mon 27 Nov 2017 17:37:36 TwitterError __init__ 11348 Thread-16 [line:22] WARNING 400 statuses/filter text HTTPSConnectionPool(host='api.twitter.com', port=443): Max retries exceeded with url: /1.1/users/lookup.json (Caused by ProxyError('Cannot connect to proxy.', timeout('timed out',)))
Mon 27 Nov 2017 17:37:36 rest_api get_users_lookup 11348 Thread-16 [line:120] ERROR HTTPSConnectionPool(host='api.twitter.com', port=443): Max retries exceeded with url: /1.1/users/lookup.json (Caused by ProxyError('Cannot connect to proxy.', timeout('timed out',)))
Mon 27 Nov 2017 17:37:45 rest_api get_users_lookup 19536 Thread-13 [line:140] INFO users: 100, success: 100
Mon 27 Nov 2017 17:37:47 rest_api get_users_lookup 21192 Thread-19 [line:140] INFO users: 100, success: 100
Mon 27 Nov 2017 17:37:53 rest_api get_users_lookup 13044 Thread-17 [line:140] INFO users: 100, success: 100
Mon 27 Nov 2017 17:37:54 rest_api get_users_lookup 11444 Thread-18 [line:140] INFO users: 100, success: 100
Mon 27 Nov 2017 17:37:59 rest_api get_users_lookup 11380 Thread-12 [line:140] INFO users: 100, success: 100
Mon 27 Nov 2017 17:38:06 rest_api get_users_lookup 15568 Thread-14 [line:140] INFO users: 100, success: 100
Mon 27 Nov 2017 17:38:09 rest_api get_users_lookup 18268 Thread-15 [line:140] INFO users: 100, success: 100
Mon 27 Nov 2017 17:38:25 rest_api get_users_lookup 21192 Thread-19 [line:140] INFO users: 100, success: 100
Mon 27 Nov 2017 17:38:25 rest_api get_users_lookup 19536 Thread-13 [line:140] INFO users: 100, success: 100
Mon 27 Nov 2017 17:38:29 rest_api get_users_lookup 11348 Thread-16 [line:140] INFO users: 100, success: 100
Mon 27 Nov 2017 17:38:32 TwitterError __init__ 11444 Thread-18 [line:22] WARNING 400 statuses/filter text HTTPSConnectionPool(host='api.twitter.com', port=443): Read timed out.
Mon 27 Nov 2017 17:38:32 rest_api get_users_lookup 11444 Thread-18 [line:120] ERROR HTTPSConnectionPool(host='api.twitter.com', port=443): Read timed out.
Mon 27 Nov 2017 17:38:36 rest_api get_users_lookup 13044 Thread-17 [line:140] INFO users: 100, success: 100
Mon 27 Nov 2017 17:38:41 rest_api get_users_lookup 11380 Thread-12 [line:140] INFO users: 100, success: 100
Mon 27 Nov 2017 17:38:44 rest_api get_users_lookup 15568 Thread-14 [line:140] INFO users: 100, success: 100
Mon 27 Nov 2017 17:38:47 rest_api get_users_lookup 18268 Thread-15 [line:140] INFO users: 100, success: 100
Mon 27 Nov 2017 17:38:57 rest_api get_users_lookup 11348 Thread-16 [line:140] INFO users: 100, success: 100
Mon 27 Nov 2017 17:38:59 rest_api get_users_lookup 21192 Thread-19 [line:140] INFO users: 100, success: 100
Mon 27 Nov 2017 17:39:05 rest_api get_users_lookup 13044 Thread-17 [line:140] INFO users: 100, success: 100
Mon 27 Nov 2017 17:39:08 rest_api get_users_lookup 18268 Thread-15 [line:140] INFO users: 100, success: 100
Mon 27 Nov 2017 17:39:12 rest_api get_users_lookup 19536 Thread-13 [line:140] INFO users: 100, success: 100
Mon 27 Nov 2017 17:39:13 rest_api get_users_lookup 11380 Thread-12 [line:140] INFO users: 100, success: 100
Mon 27 Nov 2017 17:39:21 rest_api get_users_lookup 15568 Thread-14 [line:140] INFO users: 100, success: 100
Mon 27 Nov 2017 17:39:24 rest_api get_users_lookup 11444 Thread-18 [line:140] INFO users: 100, success: 100
Mon 27 Nov 2017 17:39:37 rest_api get_users_lookup 21192 Thread-19 [line:140] INFO users: 100, success: 100
Mon 27 Nov 2017 17:39:43 rest_api get_users_lookup 18268 Thread-15 [line:140] INFO users: 100, success: 100
Mon 27 Nov 2017 17:39:43 rest_api get_users_lookup 13044 Thread-17 [line:140] INFO users: 100, success: 100
Mon 27 Nov 2017 17:39:45 rest_api get_users_lookup 11348 Thread-16 [line:140] INFO users: 100, success: 100
Mon 27 Nov 2017 17:39:45 rest_api get_users_lookup 11380 Thread-12 [line:140] INFO users: 100, success: 100
Mon 27 Nov 2017 17:39:47 rest_api get_users_lookup 19536 Thread-13 [line:140] INFO users: 100, success: 100
Mon 27 Nov 2017 17:40:07 rest_api get_users_lookup 21192 Thread-19 [line:140] INFO users: 100, success: 100
Mon 27 Nov 2017 17:40:09 rest_api get_users_lookup 11444 Thread-18 [line:140] INFO users: 100, success: 100
Mon 27 Nov 2017 17:40:11 rest_api get_users_lookup 15568 Thread-14 [line:140] INFO users: 100, success: 100
Mon 27 Nov 2017 17:40:20 rest_api get_users_lookup 11348 Thread-16 [line:140] INFO users: 100, success: 100
Mon 27 Nov 2017 17:40:23 rest_api get_users_lookup 11380 Thread-12 [line:140] INFO users: 100, success: 100
Mon 27 Nov 2017 17:40:24 rest_api get_users_lookup 13044 Thread-17 [line:140] INFO users: 100, success: 100
Mon 27 Nov 2017 17:40:24 rest_api get_users_lookup 18268 Thread-15 [line:140] INFO users: 100, success: 100
Mon 27 Nov 2017 17:40:32 rest_api get_users_lookup 19536 Thread-13 [line:140] INFO users: 100, success: 100
Mon 27 Nov 2017 17:40:36 rest_api get_users_lookup 15568 Thread-14 [line:140] INFO users: 100, success: 100
Mon 27 Nov 2017 17:40:36 rest_api get_users_lookup 13044 Thread-17 [line:140] INFO users: 1, success: 1
Mon 27 Nov 2017 17:40:37 rest_api get_users_lookup 11380 Thread-12 [line:140] INFO users: 1, success: 1
Mon 27 Nov 2017 17:40:41 rest_api get_users_lookup 18268 Thread-15 [line:140] INFO users: 1, success: 1
Mon 27 Nov 2017 17:40:48 rest_api get_users_lookup 15568 Thread-14 [line:140] INFO users: 1, success: 1
Mon 27 Nov 2017 17:40:52 rest_api get_users_lookup 21192 Thread-19 [line:140] INFO users: 93, success: 93
Mon 27 Nov 2017 17:40:54 rest_api get_users_lookup 11444 Thread-18 [line:140] INFO users: 100, success: 100
Mon 27 Nov 2017 17:41:01 rest_api get_users_lookup 11348 Thread-16 [line:140] INFO users: 100, success: 100
Mon 27 Nov 2017 17:41:02 rest_api get_users_lookup 19536 Thread-13 [line:140] INFO users: 100, success: 100
Mon 27 Nov 2017 17:41:17 rest_api get_users_lookup 19536 Thread-13 [line:140] INFO users: 1, success: 1
Mon 27 Nov 2017 17:41:33 rest_api get_users_lookup 11444 Thread-18 [line:140] INFO users: 100, success: 100
Mon 27 Nov 2017 17:41:40 rest_api get_users_lookup 11348 Thread-16 [line:140] INFO users: 100, success: 100
Mon 27 Nov 2017 17:41:46 rest_api get_users_lookup 11444 Thread-18 [line:140] INFO users: 1, success: 1
Mon 27 Nov 2017 17:41:56 TwitterError __init__ 11348 Thread-16 [line:22] WARNING 400 statuses/filter text HTTPSConnectionPool(host='api.twitter.com', port=443): Max retries exceeded with url: /1.1/users/lookup.json (Caused by ProxyError('Cannot connect to proxy.', timeout('timed out',)))
Mon 27 Nov 2017 17:41:56 rest_api get_users_lookup 11348 Thread-16 [line:120] ERROR HTTPSConnectionPool(host='api.twitter.com', port=443): Max retries exceeded with url: /1.1/users/lookup.json (Caused by ProxyError('Cannot connect to proxy.', timeout('timed out',)))
Mon 27 Nov 2017 17:42:29 rest_api get_users_lookup 11348 Thread-16 [line:140] INFO users: 1, success: 1
Mon 27 Nov 2017 17:42:43 TwitterError __init__ 3268 Thread-26 [line:34] INFO Status code 403: Twitter request failed
Mon 27 Nov 2017 17:42:43 rest_api get_users_lookup 3268 Thread-26 [line:105] ERROR Twitter request failed
Mon 27 Nov 2017 17:42:43 TwitterError __init__ 3268 Thread-26 [line:34] INFO Status code 403: Twitter request failed
Mon 27 Nov 2017 17:42:57 rest_api get_users_lookup 10912 Thread-28 [line:140] INFO users: 100, success: 100
Mon 27 Nov 2017 17:43:07 rest_api get_users_lookup 6928 Thread-29 [line:140] INFO users: 100, success: 100
Mon 27 Nov 2017 17:43:09 rest_api get_users_lookup 20844 Thread-24 [line:140] INFO users: 100, success: 100
Mon 27 Nov 2017 17:43:11 rest_api get_users_lookup 17188 Thread-23 [line:140] INFO users: 100, success: 100
Mon 27 Nov 2017 17:43:14 rest_api get_users_lookup 18348 Thread-25 [line:140] INFO users: 100, success: 100
Mon 27 Nov 2017 17:43:17 rest_api get_users_lookup 19600 Thread-30 [line:140] INFO users: 100, success: 100
Mon 27 Nov 2017 17:43:20 rest_api get_users_lookup 3268 Thread-26 [line:140] INFO users: 100, success: 100
Mon 27 Nov 2017 17:43:22 rest_api get_users_lookup 10248 Thread-27 [line:140] INFO users: 100, success: 100
Mon 27 Nov 2017 17:43:36 rest_api get_users_lookup 10912 Thread-28 [line:140] INFO users: 100, success: 100
Mon 27 Nov 2017 17:43:43 rest_api get_users_lookup 17188 Thread-23 [line:140] INFO users: 100, success: 100
Mon 27 Nov 2017 17:43:46 rest_api get_users_lookup 20844 Thread-24 [line:140] INFO users: 100, success: 100
Mon 27 Nov 2017 17:43:47 rest_api get_users_lookup 6928 Thread-29 [line:140] INFO users: 100, success: 100
Mon 27 Nov 2017 17:43:49 rest_api get_users_lookup 18348 Thread-25 [line:140] INFO users: 100, success: 100
Mon 27 Nov 2017 17:43:58 rest_api get_users_lookup 19600 Thread-30 [line:140] INFO users: 100, success: 100
Mon 27 Nov 2017 17:44:00 rest_api get_users_lookup 3268 Thread-26 [line:140] INFO users: 100, success: 100
Mon 27 Nov 2017 17:44:12 rest_api get_users_lookup 10248 Thread-27 [line:140] INFO users: 100, success: 100
Mon 27 Nov 2017 17:44:16 rest_api get_users_lookup 10912 Thread-28 [line:140] INFO users: 100, success: 100
Mon 27 Nov 2017 17:44:25 rest_api get_users_lookup 20844 Thread-24 [line:140] INFO users: 100, success: 100
Mon 27 Nov 2017 17:44:28 rest_api get_users_lookup 17188 Thread-23 [line:140] INFO users: 100, success: 100
Mon 27 Nov 2017 17:44:30 rest_api get_users_lookup 6928 Thread-29 [line:140] INFO users: 100, success: 100
Mon 27 Nov 2017 17:44:31 rest_api get_users_lookup 18348 Thread-25 [line:140] INFO users: 100, success: 100
Mon 27 Nov 2017 17:44:44 rest_api get_users_lookup 10248 Thread-27 [line:140] INFO users: 100, success: 100
Mon 27 Nov 2017 17:44:46 rest_api get_users_lookup 10912 Thread-28 [line:140] INFO users: 100, success: 100
Mon 27 Nov 2017 17:44:49 rest_api get_users_lookup 3268 Thread-26 [line:140] INFO users: 100, success: 100
Mon 27 Nov 2017 17:44:55 rest_api get_users_lookup 19600 Thread-30 [line:140] INFO users: 100, success: 100
Mon 27 Nov 2017 17:45:02 rest_api get_users_lookup 20844 Thread-24 [line:140] INFO users: 100, success: 100
Mon 27 Nov 2017 17:45:06 rest_api get_users_lookup 17188 Thread-23 [line:140] INFO users: 100, success: 100
Mon 27 Nov 2017 17:45:06 rest_api get_users_lookup 18348 Thread-25 [line:140] INFO users: 100, success: 100
Mon 27 Nov 2017 17:45:12 rest_api get_users_lookup 10248 Thread-27 [line:140] INFO users: 100, success: 100
Mon 27 Nov 2017 17:45:14 rest_api get_users_lookup 6928 Thread-29 [line:140] INFO users: 100, success: 100
Mon 27 Nov 2017 17:45:23 rest_api get_users_lookup 10912 Thread-28 [line:140] INFO users: 100, success: 100
Mon 27 Nov 2017 17:45:30 rest_api get_users_lookup 3268 Thread-26 [line:140] INFO users: 100, success: 100
Mon 27 Nov 2017 17:45:33 rest_api get_users_lookup 17188 Thread-23 [line:140] INFO users: 100, success: 100
Mon 27 Nov 2017 17:45:33 TwitterError __init__ 6928 Thread-29 [line:22] WARNING 400 statuses/filter text HTTPSConnectionPool(host='api.twitter.com', port=443): Max retries exceeded with url: /1.1/users/lookup.json (Caused by ProxyError('Cannot connect to proxy.', timeout('timed out',)))
Mon 27 Nov 2017 17:45:33 rest_api get_users_lookup 6928 Thread-29 [line:120] ERROR HTTPSConnectionPool(host='api.twitter.com', port=443): Max retries exceeded with url: /1.1/users/lookup.json (Caused by ProxyError('Cannot connect to proxy.', timeout('timed out',)))
Mon 27 Nov 2017 17:45:37 rest_api get_users_lookup 20844 Thread-24 [line:140] INFO users: 100, success: 100
Mon 27 Nov 2017 17:45:39 rest_api get_users_lookup 18348 Thread-25 [line:140] INFO users: 100, success: 100
Mon 27 Nov 2017 17:45:43 rest_api get_users_lookup 19600 Thread-30 [line:140] INFO users: 100, success: 100
Mon 27 Nov 2017 17:46:03 TwitterError __init__ 10912 Thread-28 [line:22] WARNING 400 statuses/filter text HTTPSConnectionPool(host='api.twitter.com', port=443): Read timed out.
Mon 27 Nov 2017 17:46:03 rest_api get_users_lookup 10912 Thread-28 [line:120] ERROR HTTPSConnectionPool(host='api.twitter.com', port=443): Read timed out.
Mon 27 Nov 2017 17:46:07 rest_api get_users_lookup 10248 Thread-27 [line:140] INFO users: 100, success: 100
Mon 27 Nov 2017 17:46:16 rest_api get_users_lookup 3268 Thread-26 [line:140] INFO users: 100, success: 100
Mon 27 Nov 2017 17:46:16 rest_api get_users_lookup 20844 Thread-24 [line:140] INFO users: 100, success: 100
Mon 27 Nov 2017 17:46:19 rest_api get_users_lookup 17188 Thread-23 [line:140] INFO users: 100, success: 100
Mon 27 Nov 2017 17:46:28 rest_api get_users_lookup 6928 Thread-29 [line:140] INFO users: 100, success: 100
Mon 27 Nov 2017 17:46:29 rest_api get_users_lookup 19600 Thread-30 [line:140] INFO users: 100, success: 100
Mon 27 Nov 2017 17:46:32 rest_api get_users_lookup 18348 Thread-25 [line:140] INFO users: 100, success: 100
Mon 27 Nov 2017 17:46:41 rest_api get_users_lookup 10248 Thread-27 [line:140] INFO users: 100, success: 100
Mon 27 Nov 2017 17:46:43 rest_api get_users_lookup 10912 Thread-28 [line:140] INFO users: 100, success: 100
Mon 27 Nov 2017 17:46:46 rest_api get_users_lookup 3268 Thread-26 [line:140] INFO users: 100, success: 100
Mon 27 Nov 2017 17:46:49 rest_api get_users_lookup 20844 Thread-24 [line:140] INFO users: 100, success: 100
Mon 27 Nov 2017 17:46:57 rest_api get_users_lookup 6928 Thread-29 [line:140] INFO users: 100, success: 100
Mon 27 Nov 2017 17:46:58 rest_api get_users_lookup 17188 Thread-23 [line:140] INFO users: 100, success: 100
Mon 27 Nov 2017 17:47:01 rest_api get_users_lookup 18348 Thread-25 [line:140] INFO users: 100, success: 100
Mon 27 Nov 2017 17:47:04 rest_api get_users_lookup 10248 Thread-27 [line:140] INFO users: 100, success: 100
Mon 27 Nov 2017 17:47:14 rest_api get_users_lookup 10912 Thread-28 [line:140] INFO users: 100, success: 100
Mon 27 Nov 2017 17:47:17 rest_api get_users_lookup 19600 Thread-30 [line:140] INFO users: 100, success: 100
Mon 27 Nov 2017 17:47:20 rest_api get_users_lookup 3268 Thread-26 [line:140] INFO users: 100, success: 100
Mon 27 Nov 2017 17:47:26 rest_api get_users_lookup 20844 Thread-24 [line:140] INFO users: 100, success: 100
Mon 27 Nov 2017 17:47:30 rest_api get_users_lookup 17188 Thread-23 [line:140] INFO users: 100, success: 100
Mon 27 Nov 2017 17:47:31 rest_api get_users_lookup 6928 Thread-29 [line:140] INFO users: 100, success: 100
Mon 27 Nov 2017 17:47:44 rest_api get_users_lookup 19600 Thread-30 [line:140] INFO users: 100, success: 100
Mon 27 Nov 2017 17:47:45 rest_api get_users_lookup 10912 Thread-28 [line:140] INFO users: 100, success: 100
Mon 27 Nov 2017 17:47:45 rest_api get_users_lookup 18348 Thread-25 [line:140] INFO users: 100, success: 100
Mon 27 Nov 2017 17:47:45 rest_api get_users_lookup 10248 Thread-27 [line:140] INFO users: 100, success: 100
Mon 27 Nov 2017 17:47:56 TwitterError __init__ 17188 Thread-23 [line:22] WARNING 400 statuses/filter text HTTPSConnectionPool(host='api.twitter.com', port=443): Max retries exceeded with url: /1.1/users/lookup.json (Caused by ProxyError('Cannot connect to proxy.', timeout('timed out',)))
Mon 27 Nov 2017 17:47:56 rest_api get_users_lookup 17188 Thread-23 [line:120] ERROR HTTPSConnectionPool(host='api.twitter.com', port=443): Max retries exceeded with url: /1.1/users/lookup.json (Caused by ProxyError('Cannot connect to proxy.', timeout('timed out',)))
Mon 27 Nov 2017 17:48:01 rest_api get_users_lookup 3268 Thread-26 [line:140] INFO users: 100, success: 100
Mon 27 Nov 2017 17:48:02 rest_api get_users_lookup 6928 Thread-29 [line:140] INFO users: 100, success: 100
Mon 27 Nov 2017 17:48:07 rest_api get_users_lookup 20844 Thread-24 [line:140] INFO users: 100, success: 100
Mon 27 Nov 2017 17:48:21 rest_api get_users_lookup 19600 Thread-30 [line:140] INFO users: 100, success: 100
Mon 27 Nov 2017 17:48:21 TwitterError __init__ 6928 Thread-29 [line:22] WARNING 400 statuses/filter text HTTPSConnectionPool(host='api.twitter.com', port=443): Max retries exceeded with url: /1.1/users/lookup.json (Caused by ProxyError('Cannot connect to proxy.', timeout('timed out',)))
Mon 27 Nov 2017 17:48:21 rest_api get_users_lookup 6928 Thread-29 [line:120] ERROR HTTPSConnectionPool(host='api.twitter.com', port=443): Max retries exceeded with url: /1.1/users/lookup.json (Caused by ProxyError('Cannot connect to proxy.', timeout('timed out',)))
Mon 27 Nov 2017 17:48:22 rest_api get_users_lookup 10912 Thread-28 [line:140] INFO users: 100, success: 100
Mon 27 Nov 2017 17:48:27 rest_api get_users_lookup 10248 Thread-27 [line:140] INFO users: 100, success: 100
Mon 27 Nov 2017 17:48:35 rest_api get_users_lookup 18348 Thread-25 [line:140] INFO users: 100, success: 100
Mon 27 Nov 2017 17:48:40 rest_api get_users_lookup 3268 Thread-26 [line:140] INFO users: 100, success: 100
Mon 27 Nov 2017 17:48:44 rest_api get_users_lookup 20844 Thread-24 [line:140] INFO users: 100, success: 100
Mon 27 Nov 2017 17:48:47 rest_api get_users_lookup 17188 Thread-23 [line:140] INFO users: 100, success: 100
Mon 27 Nov 2017 17:48:50 rest_api get_users_lookup 10912 Thread-28 [line:140] INFO users: 100, success: 100
Mon 27 Nov 2017 17:48:56 rest_api get_users_lookup 19600 Thread-30 [line:140] INFO users: 100, success: 100
Mon 27 Nov 2017 17:49:00 rest_api get_users_lookup 6928 Thread-29 [line:140] INFO users: 100, success: 100
Mon 27 Nov 2017 17:49:04 rest_api get_users_lookup 10248 Thread-27 [line:140] INFO users: 100, success: 100
Mon 27 Nov 2017 17:49:13 rest_api get_users_lookup 18348 Thread-25 [line:140] INFO users: 100, success: 100
Mon 27 Nov 2017 17:49:14 rest_api get_users_lookup 20844 Thread-24 [line:140] INFO users: 100, success: 100
Mon 27 Nov 2017 17:49:17 rest_api get_users_lookup 10912 Thread-28 [line:140] INFO users: 100, success: 100
Mon 27 Nov 2017 17:49:21 rest_api get_users_lookup 17188 Thread-23 [line:140] INFO users: 100, success: 100
Mon 27 Nov 2017 17:49:30 rest_api get_users_lookup 3268 Thread-26 [line:140] INFO users: 100, success: 100
Mon 27 Nov 2017 17:49:38 rest_api get_users_lookup 19600 Thread-30 [line:140] INFO users: 100, success: 100
Mon 27 Nov 2017 17:49:38 rest_api get_users_lookup 6928 Thread-29 [line:140] INFO users: 100, success: 100
Mon 27 Nov 2017 17:49:42 rest_api get_users_lookup 20844 Thread-24 [line:140] INFO users: 100, success: 100
Mon 27 Nov 2017 17:49:48 rest_api get_users_lookup 10248 Thread-27 [line:140] INFO users: 100, success: 100
Mon 27 Nov 2017 17:49:52 rest_api get_users_lookup 18348 Thread-25 [line:140] INFO users: 100, success: 100
Mon 27 Nov 2017 17:49:53 rest_api get_users_lookup 10912 Thread-28 [line:140] INFO users: 100, success: 100
Mon 27 Nov 2017 17:49:56 rest_api get_users_lookup 3268 Thread-26 [line:140] INFO users: 100, success: 100
Mon 27 Nov 2017 17:49:58 rest_api get_users_lookup 17188 Thread-23 [line:140] INFO users: 100, success: 100
Mon 27 Nov 2017 17:50:06 rest_api get_users_lookup 19600 Thread-30 [line:140] INFO users: 100, success: 100
Mon 27 Nov 2017 17:50:13 rest_api get_users_lookup 20844 Thread-24 [line:140] INFO users: 100, success: 100
Mon 27 Nov 2017 17:50:15 rest_api get_users_lookup 10248 Thread-27 [line:140] INFO users: 100, success: 100
Mon 27 Nov 2017 17:50:15 rest_api get_users_lookup 6928 Thread-29 [line:140] INFO users: 100, success: 100
Mon 27 Nov 2017 17:50:20 rest_api get_users_lookup 18348 Thread-25 [line:140] INFO users: 100, success: 100
Mon 27 Nov 2017 17:50:29 rest_api get_users_lookup 3268 Thread-26 [line:140] INFO users: 100, success: 100
Mon 27 Nov 2017 17:50:30 rest_api get_users_lookup 10912 Thread-28 [line:140] INFO users: 100, success: 100
Mon 27 Nov 2017 17:50:38 rest_api get_users_lookup 17188 Thread-23 [line:140] INFO users: 100, success: 100
Mon 27 Nov 2017 17:50:42 rest_api get_users_lookup 19600 Thread-30 [line:140] INFO users: 100, success: 100
Mon 27 Nov 2017 17:50:46 rest_api get_users_lookup 10248 Thread-27 [line:140] INFO users: 100, success: 100
Mon 27 Nov 2017 17:50:46 rest_api get_users_lookup 18348 Thread-25 [line:140] INFO users: 100, success: 100
Mon 27 Nov 2017 17:50:49 rest_api get_users_lookup 20844 Thread-24 [line:140] INFO users: 100, success: 100
Mon 27 Nov 2017 17:50:58 rest_api get_users_lookup 3268 Thread-26 [line:140] INFO users: 100, success: 100
Mon 27 Nov 2017 17:51:01 rest_api get_users_lookup 6928 Thread-29 [line:140] INFO users: 100, success: 100
Mon 27 Nov 2017 17:51:06 rest_api get_users_lookup 10912 Thread-28 [line:140] INFO users: 100, success: 100
Mon 27 Nov 2017 17:51:15 rest_api get_users_lookup 20844 Thread-24 [line:140] INFO users: 100, success: 100
Mon 27 Nov 2017 17:51:16 rest_api get_users_lookup 10248 Thread-27 [line:140] INFO users: 100, success: 100
Mon 27 Nov 2017 17:51:22 rest_api get_users_lookup 17188 Thread-23 [line:140] INFO users: 100, success: 100
Mon 27 Nov 2017 17:51:23 rest_api get_users_lookup 18348 Thread-25 [line:140] INFO users: 100, success: 100
Mon 27 Nov 2017 17:51:25 rest_api get_users_lookup 6928 Thread-29 [line:140] INFO users: 100, success: 100
Mon 27 Nov 2017 17:51:25 rest_api get_users_lookup 19600 Thread-30 [line:140] INFO users: 100, success: 100
Mon 27 Nov 2017 17:51:27 rest_api get_users_lookup 3268 Thread-26 [line:140] INFO users: 100, success: 100
Mon 27 Nov 2017 17:51:43 rest_api get_users_lookup 20844 Thread-24 [line:140] INFO users: 100, success: 100
Mon 27 Nov 2017 17:51:47 rest_api get_users_lookup 10912 Thread-28 [line:140] INFO users: 100, success: 100
Mon 27 Nov 2017 17:51:54 rest_api get_users_lookup 6928 Thread-29 [line:140] INFO users: 100, success: 100
Mon 27 Nov 2017 17:51:55 rest_api get_users_lookup 10248 Thread-27 [line:140] INFO users: 100, success: 100
Mon 27 Nov 2017 17:51:58 rest_api get_users_lookup 18348 Thread-25 [line:140] INFO users: 100, success: 100
Mon 27 Nov 2017 17:52:03 rest_api get_users_lookup 3268 Thread-26 [line:140] INFO users: 100, success: 100
Mon 27 Nov 2017 17:52:04 rest_api get_users_lookup 19600 Thread-30 [line:140] INFO users: 100, success: 100
Mon 27 Nov 2017 17:52:08 rest_api get_users_lookup 17188 Thread-23 [line:140] INFO users: 100, success: 100
Mon 27 Nov 2017 17:52:17 rest_api get_users_lookup 10912 Thread-28 [line:140] INFO users: 100, success: 100
Mon 27 Nov 2017 17:52:23 rest_api get_users_lookup 6928 Thread-29 [line:140] INFO users: 100, success: 100
Mon 27 Nov 2017 17:52:24 rest_api get_users_lookup 20844 Thread-24 [line:140] INFO users: 100, success: 100
Mon 27 Nov 2017 17:52:26 rest_api get_users_lookup 10248 Thread-27 [line:140] INFO users: 100, success: 100
Mon 27 Nov 2017 17:52:30 rest_api get_users_lookup 19600 Thread-30 [line:140] INFO users: 100, success: 100
Mon 27 Nov 2017 17:52:33 rest_api get_users_lookup 18348 Thread-25 [line:140] INFO users: 100, success: 100
Mon 27 Nov 2017 17:52:42 rest_api get_users_lookup 3268 Thread-26 [line:140] INFO users: 100, success: 100
Mon 27 Nov 2017 17:52:46 rest_api get_users_lookup 17188 Thread-23 [line:140] INFO users: 100, success: 100
Mon 27 Nov 2017 17:52:49 rest_api get_users_lookup 10912 Thread-28 [line:140] INFO users: 100, success: 100
Mon 27 Nov 2017 17:52:54 rest_api get_users_lookup 19600 Thread-30 [line:140] INFO users: 100, success: 100
Mon 27 Nov 2017 17:52:59 rest_api get_users_lookup 10248 Thread-27 [line:140] INFO users: 100, success: 100
Mon 27 Nov 2017 17:53:04 rest_api get_users_lookup 6928 Thread-29 [line:140] INFO users: 100, success: 100
Mon 27 Nov 2017 17:53:05 rest_api get_users_lookup 20844 Thread-24 [line:140] INFO users: 100, success: 100
Mon 27 Nov 2017 17:53:09 rest_api get_users_lookup 18348 Thread-25 [line:140] INFO users: 100, success: 100
Mon 27 Nov 2017 17:53:18 rest_api get_users_lookup 3268 Thread-26 [line:140] INFO users: 100, success: 100
Mon 27 Nov 2017 17:53:27 rest_api get_users_lookup 10912 Thread-28 [line:140] INFO users: 100, success: 100
Mon 27 Nov 2017 17:53:32 rest_api get_users_lookup 17188 Thread-23 [line:140] INFO users: 100, success: 100
Mon 27 Nov 2017 17:53:34 rest_api get_users_lookup 10248 Thread-27 [line:140] INFO users: 100, success: 100
Mon 27 Nov 2017 17:53:37 rest_api get_users_lookup 6928 Thread-29 [line:140] INFO users: 100, success: 100
Mon 27 Nov 2017 17:53:41 rest_api get_users_lookup 19600 Thread-30 [line:140] INFO users: 100, success: 100
Mon 27 Nov 2017 17:53:44 rest_api get_users_lookup 18348 Thread-25 [line:140] INFO users: 100, success: 100
Mon 27 Nov 2017 17:53:47 rest_api get_users_lookup 20844 Thread-24 [line:140] INFO users: 100, success: 100
Mon 27 Nov 2017 17:53:49 rest_api get_users_lookup 3268 Thread-26 [line:140] INFO users: 100, success: 100
Mon 27 Nov 2017 17:53:55 rest_api get_users_lookup 10912 Thread-28 [line:140] INFO users: 100, success: 100
Mon 27 Nov 2017 17:54:03 rest_api get_users_lookup 6928 Thread-29 [line:140] INFO users: 100, success: 100
Mon 27 Nov 2017 17:54:06 rest_api get_users_lookup 17188 Thread-23 [line:140] INFO users: 100, success: 100
Mon 27 Nov 2017 17:54:12 TwitterError __init__ 20844 Thread-24 [line:22] WARNING 400 statuses/filter text HTTPSConnectionPool(host='api.twitter.com', port=443): Read timed out.
Mon 27 Nov 2017 17:54:12 rest_api get_users_lookup 20844 Thread-24 [line:120] ERROR HTTPSConnectionPool(host='api.twitter.com', port=443): Read timed out.
Mon 27 Nov 2017 17:54:12 rest_api get_users_lookup 10248 Thread-27 [line:140] INFO users: 100, success: 100
Mon 27 Nov 2017 17:54:17 rest_api get_users_lookup 19600 Thread-30 [line:140] INFO users: 100, success: 100
Mon 27 Nov 2017 17:54:21 rest_api get_users_lookup 18348 Thread-25 [line:140] INFO users: 100, success: 100
Mon 27 Nov 2017 17:54:24 rest_api get_users_lookup 3268 Thread-26 [line:140] INFO users: 100, success: 100
Mon 27 Nov 2017 17:54:41 rest_api get_users_lookup 10912 Thread-28 [line:140] INFO users: 100, success: 100
Mon 27 Nov 2017 17:54:44 rest_api get_users_lookup 6928 Thread-29 [line:140] INFO users: 100, success: 100
Mon 27 Nov 2017 17:54:46 rest_api get_users_lookup 17188 Thread-23 [line:140] INFO users: 100, success: 100
Mon 27 Nov 2017 17:54:57 rest_api get_users_lookup 20844 Thread-24 [line:140] INFO users: 100, success: 100
Mon 27 Nov 2017 17:55:03 rest_api get_users_lookup 19600 Thread-30 [line:140] INFO users: 100, success: 100
Mon 27 Nov 2017 17:55:06 rest_api get_users_lookup 10248 Thread-27 [line:140] INFO users: 100, success: 100
Mon 27 Nov 2017 17:55:08 rest_api get_users_lookup 3268 Thread-26 [line:140] INFO users: 100, success: 100
Mon 27 Nov 2017 17:55:10 rest_api get_users_lookup 18348 Thread-25 [line:140] INFO users: 100, success: 100
Mon 27 Nov 2017 17:55:25 rest_api get_users_lookup 10912 Thread-28 [line:140] INFO users: 100, success: 100
Mon 27 Nov 2017 17:55:25 TwitterError __init__ 17188 Thread-23 [line:22] WARNING 400 statuses/filter text HTTPSConnectionPool(host='api.twitter.com', port=443): Read timed out.
Mon 27 Nov 2017 17:55:25 rest_api get_users_lookup 17188 Thread-23 [line:120] ERROR HTTPSConnectionPool(host='api.twitter.com', port=443): Read timed out.
Mon 27 Nov 2017 17:55:27 rest_api get_users_lookup 6928 Thread-29 [line:140] INFO users: 100, success: 100
Mon 27 Nov 2017 17:55:34 rest_api get_users_lookup 20844 Thread-24 [line:140] INFO users: 100, success: 100
Mon 27 Nov 2017 17:55:40 rest_api get_users_lookup 3268 Thread-26 [line:140] INFO users: 100, success: 100
Mon 27 Nov 2017 17:55:48 rest_api get_users_lookup 18348 Thread-25 [line:140] INFO users: 100, success: 100
Mon 27 Nov 2017 17:55:48 rest_api get_users_lookup 10912 Thread-28 [line:140] INFO users: 100, success: 100
Mon 27 Nov 2017 17:55:49 rest_api get_users_lookup 19600 Thread-30 [line:140] INFO users: 100, success: 100
Mon 27 Nov 2017 17:55:52 rest_api get_users_lookup 10248 Thread-27 [line:140] INFO users: 100, success: 100
Mon 27 Nov 2017 17:56:03 rest_api get_users_lookup 6928 Thread-29 [line:140] INFO users: 100, success: 100
Mon 27 Nov 2017 17:56:08 rest_api get_users_lookup 20844 Thread-24 [line:140] INFO users: 100, success: 100
Mon 27 Nov 2017 17:56:15 rest_api get_users_lookup 19600 Thread-30 [line:140] INFO users: 100, success: 100
Mon 27 Nov 2017 17:56:18 rest_api get_users_lookup 3268 Thread-26 [line:140] INFO users: 100, success: 100
Mon 27 Nov 2017 17:56:22 rest_api get_users_lookup 18348 Thread-25 [line:140] INFO users: 100, success: 100
Mon 27 Nov 2017 17:56:27 rest_api get_users_lookup 10248 Thread-27 [line:140] INFO users: 100, success: 100
Mon 27 Nov 2017 17:56:31 rest_api get_users_lookup 17188 Thread-23 [line:140] INFO users: 100, success: 100
Mon 27 Nov 2017 17:56:34 rest_api get_users_lookup 10912 Thread-28 [line:140] INFO users: 100, success: 100
Mon 27 Nov 2017 17:56:43 rest_api get_users_lookup 6928 Thread-29 [line:140] INFO users: 100, success: 100
Mon 27 Nov 2017 17:56:49 rest_api get_users_lookup 20844 Thread-24 [line:140] INFO users: 100, success: 100
Mon 27 Nov 2017 17:56:58 rest_api get_users_lookup 3268 Thread-26 [line:140] INFO users: 100, success: 100
Mon 27 Nov 2017 17:57:01 rest_api get_users_lookup 19600 Thread-30 [line:140] INFO users: 100, success: 100
Mon 27 Nov 2017 17:57:02 rest_api get_users_lookup 17188 Thread-23 [line:140] INFO users: 100, success: 100
Mon 27 Nov 2017 17:57:02 rest_api get_users_lookup 18348 Thread-25 [line:140] INFO users: 100, success: 100
Mon 27 Nov 2017 17:57:07 rest_api get_users_lookup 10248 Thread-27 [line:140] INFO users: 100, success: 100
Mon 27 Nov 2017 17:57:18 rest_api get_users_lookup 10912 Thread-28 [line:140] INFO users: 100, success: 100
Mon 27 Nov 2017 17:57:26 rest_api get_users_lookup 6928 Thread-29 [line:140] INFO users: 100, success: 100
Mon 27 Nov 2017 17:57:29 rest_api get_users_lookup 20844 Thread-24 [line:140] INFO users: 100, success: 100
Mon 27 Nov 2017 17:57:32 rest_api get_users_lookup 3268 Thread-26 [line:140] INFO users: 100, success: 100
Mon 27 Nov 2017 17:57:33 rest_api get_users_lookup 19600 Thread-30 [line:140] INFO users: 100, success: 100
Mon 27 Nov 2017 17:57:35 rest_api get_users_lookup 18348 Thread-25 [line:140] INFO users: 100, success: 100
Mon 27 Nov 2017 17:57:39 rest_api get_users_lookup 17188 Thread-23 [line:140] INFO users: 100, success: 100
Mon 27 Nov 2017 17:57:50 TwitterError __init__ 18348 Thread-25 [line:22] WARNING 400 statuses/filter text HTTPSConnectionPool(host='api.twitter.com', port=443): Max retries exceeded with url: /1.1/users/lookup.json (Caused by ProxyError('Cannot connect to proxy.', timeout('timed out',)))
Mon 27 Nov 2017 17:57:50 rest_api get_users_lookup 18348 Thread-25 [line:120] ERROR HTTPSConnectionPool(host='api.twitter.com', port=443): Max retries exceeded with url: /1.1/users/lookup.json (Caused by ProxyError('Cannot connect to proxy.', timeout('timed out',)))
Mon 27 Nov 2017 17:57:58 rest_api get_users_lookup 6928 Thread-29 [line:140] INFO users: 100, success: 100
Mon 27 Nov 2017 17:58:04 rest_api get_users_lookup 10912 Thread-28 [line:140] INFO users: 100, success: 100
Mon 27 Nov 2017 17:58:07 rest_api get_users_lookup 20844 Thread-24 [line:140] INFO users: 100, success: 100
Mon 27 Nov 2017 17:58:08 rest_api get_users_lookup 3268 Thread-26 [line:140] INFO users: 100, success: 100
Mon 27 Nov 2017 17:58:10 rest_api get_users_lookup 10248 Thread-27 [line:140] INFO users: 100, success: 100
Mon 27 Nov 2017 17:58:14 rest_api get_users_lookup 19600 Thread-30 [line:140] INFO users: 100, success: 100
Mon 27 Nov 2017 17:58:15 rest_api get_users_lookup 17188 Thread-23 [line:140] INFO users: 100, success: 100
Mon 27 Nov 2017 17:58:21 rest_api get_users_lookup 20844 Thread-24 [line:140] INFO users: 1, success: 1
Mon 27 Nov 2017 17:58:25 TwitterError __init__ 3268 Thread-26 [line:22] WARNING 400 statuses/filter text HTTPSConnectionPool(host='api.twitter.com', port=443): Max retries exceeded with url: /1.1/users/lookup.json (Caused by ProxyError('Cannot connect to proxy.', timeout('timed out',)))
Mon 27 Nov 2017 17:58:25 rest_api get_users_lookup 3268 Thread-26 [line:120] ERROR HTTPSConnectionPool(host='api.twitter.com', port=443): Max retries exceeded with url: /1.1/users/lookup.json (Caused by ProxyError('Cannot connect to proxy.', timeout('timed out',)))
Mon 27 Nov 2017 17:58:29 rest_api get_users_lookup 10912 Thread-28 [line:140] INFO users: 1, success: 1
Mon 27 Nov 2017 17:58:36 rest_api get_users_lookup 6928 Thread-29 [line:140] INFO users: 100, success: 100
Mon 27 Nov 2017 17:58:39 rest_api get_users_lookup 18348 Thread-25 [line:140] INFO users: 100, success: 100
Mon 27 Nov 2017 17:58:43 rest_api get_users_lookup 10248 Thread-27 [line:140] INFO users: 100, success: 100
Mon 27 Nov 2017 17:58:47 rest_api get_users_lookup 3268 Thread-26 [line:140] INFO users: 1, success: 1
Mon 27 Nov 2017 17:58:48 rest_api get_users_lookup 6928 Thread-29 [line:140] INFO users: 1, success: 1
Mon 27 Nov 2017 17:58:49 rest_api get_users_lookup 19600 Thread-30 [line:140] INFO users: 93, success: 93
Mon 27 Nov 2017 17:58:54 rest_api get_users_lookup 18348 Thread-25 [line:140] INFO users: 1, success: 1
Mon 27 Nov 2017 17:58:54 rest_api get_users_lookup 17188 Thread-23 [line:140] INFO users: 100, success: 100
Mon 27 Nov 2017 17:59:06 rest_api get_users_lookup 10248 Thread-27 [line:140] INFO users: 1, success: 1
Mon 27 Nov 2017 17:59:37 rest_api get_users_lookup 17188 Thread-23 [line:140] INFO users: 100, success: 100
Mon 27 Nov 2017 18:00:10 rest_api get_users_lookup 17188 Thread-23 [line:140] INFO users: 100, success: 100
Mon 27 Nov 2017 18:00:21 rest_api get_users_lookup 17188 Thread-23 [line:140] INFO users: 1, success: 1
Mon 27 Nov 2017 18:01:02 rest_api get_users_lookup 15984 Thread-34 [line:140] INFO users: 100, success: 100
Mon 27 Nov 2017 18:01:04 rest_api get_users_lookup 6336 Thread-37 [line:140] INFO users: 100, success: 100
Mon 27 Nov 2017 18:01:06 rest_api get_users_lookup 18000 Thread-41 [line:140] INFO users: 100, success: 100
Mon 27 Nov 2017 18:01:10 rest_api get_users_lookup 15004 Thread-40 [line:140] INFO users: 100, success: 100
Mon 27 Nov 2017 18:01:14 rest_api get_users_lookup 19916 Thread-36 [line:140] INFO users: 100, success: 100
Mon 27 Nov 2017 18:01:15 rest_api get_users_lookup 19672 Thread-35 [line:140] INFO users: 100, success: 100
Mon 27 Nov 2017 18:01:33 rest_api get_users_lookup 20228 Thread-38 [line:140] INFO users: 100, success: 100
Mon 27 Nov 2017 18:01:56 rest_api get_users_lookup 18000 Thread-41 [line:140] INFO users: 100, success: 100
Mon 27 Nov 2017 18:01:57 rest_api get_users_lookup 19916 Thread-36 [line:140] INFO users: 100, success: 100
Mon 27 Nov 2017 18:01:58 rest_api get_users_lookup 15004 Thread-40 [line:140] INFO users: 100, success: 100
Mon 27 Nov 2017 18:02:04 rest_api get_users_lookup 6336 Thread-37 [line:140] INFO users: 100, success: 100
Mon 27 Nov 2017 18:02:09 rest_api get_users_lookup 19672 Thread-35 [line:140] INFO users: 100, success: 100
Mon 27 Nov 2017 18:02:14 rest_api get_users_lookup 19128 Thread-39 [line:140] INFO users: 100, success: 100
Mon 27 Nov 2017 18:02:17 rest_api get_users_lookup 20228 Thread-38 [line:140] INFO users: 100, success: 100
Mon 27 Nov 2017 18:02:22 rest_api get_users_lookup 15984 Thread-34 [line:140] INFO users: 100, success: 100
Mon 27 Nov 2017 18:02:29 rest_api get_users_lookup 15004 Thread-40 [line:140] INFO users: 100, success: 100
Mon 27 Nov 2017 18:02:34 rest_api get_users_lookup 19916 Thread-36 [line:140] INFO users: 100, success: 100
Mon 27 Nov 2017 18:02:38 rest_api get_users_lookup 6336 Thread-37 [line:140] INFO users: 100, success: 100
Mon 27 Nov 2017 18:02:39 rest_api get_users_lookup 18000 Thread-41 [line:140] INFO users: 100, success: 100
Mon 27 Nov 2017 18:02:49 TwitterError __init__ 19672 Thread-35 [line:22] WARNING 400 statuses/filter text HTTPSConnectionPool(host='api.twitter.com', port=443): Read timed out.
Mon 27 Nov 2017 18:02:49 rest_api get_users_lookup 19672 Thread-35 [line:120] ERROR HTTPSConnectionPool(host='api.twitter.com', port=443): Read timed out.
Mon 27 Nov 2017 18:02:53 rest_api get_users_lookup 19128 Thread-39 [line:140] INFO users: 100, success: 100
Mon 27 Nov 2017 18:02:56 rest_api get_users_lookup 15984 Thread-34 [line:140] INFO users: 100, success: 100
Mon 27 Nov 2017 18:03:05 rest_api get_users_lookup 20228 Thread-38 [line:140] INFO users: 100, success: 100
Mon 27 Nov 2017 18:03:12 TwitterError __init__ 6336 Thread-37 [line:22] WARNING 400 statuses/filter text HTTPSConnectionPool(host='api.twitter.com', port=443): Read timed out.
Mon 27 Nov 2017 18:03:12 rest_api get_users_lookup 6336 Thread-37 [line:120] ERROR HTTPSConnectionPool(host='api.twitter.com', port=443): Read timed out.
Mon 27 Nov 2017 18:03:15 rest_api get_users_lookup 19916 Thread-36 [line:140] INFO users: 100, success: 100
Mon 27 Nov 2017 18:03:15 TwitterError __init__ 15004 Thread-40 [line:22] WARNING 400 statuses/filter text HTTPSConnectionPool(host='api.twitter.com', port=443): Read timed out.
Mon 27 Nov 2017 18:03:15 rest_api get_users_lookup 15004 Thread-40 [line:120] ERROR HTTPSConnectionPool(host='api.twitter.com', port=443): Read timed out.
Mon 27 Nov 2017 18:03:31 rest_api get_users_lookup 18000 Thread-41 [line:140] INFO users: 100, success: 100
Mon 27 Nov 2017 18:03:35 rest_api get_users_lookup 19128 Thread-39 [line:140] INFO users: 100, success: 100
Mon 27 Nov 2017 18:03:41 rest_api get_users_lookup 19672 Thread-35 [line:140] INFO users: 100, success: 100
Mon 27 Nov 2017 18:03:54 rest_api get_users_lookup 20228 Thread-38 [line:140] INFO users: 100, success: 100
Mon 27 Nov 2017 18:03:55 rest_api get_users_lookup 19916 Thread-36 [line:140] INFO users: 100, success: 100
Mon 27 Nov 2017 18:04:01 rest_api get_users_lookup 6336 Thread-37 [line:140] INFO users: 100, success: 100
Mon 27 Nov 2017 18:04:04 rest_api get_users_lookup 15984 Thread-34 [line:140] INFO users: 100, success: 100
Mon 27 Nov 2017 18:04:07 rest_api get_users_lookup 15004 Thread-40 [line:140] INFO users: 100, success: 100
Mon 27 Nov 2017 18:04:08 TwitterError __init__ 18000 Thread-41 [line:22] WARNING 400 statuses/filter text HTTPSConnectionPool(host='api.twitter.com', port=443): Read timed out.
Mon 27 Nov 2017 18:04:08 rest_api get_users_lookup 18000 Thread-41 [line:120] ERROR HTTPSConnectionPool(host='api.twitter.com', port=443): Read timed out.
