Mon 27 Nov 2017 17:04:40 TwitterError __init__ 10844 Thread-7 [line:22] WARNING 400 statuses/filter text HTTPSConnectionPool(host='api.twitter.com', port=443): Max retries exceeded with url: /1.1/users/lookup.json (Caused by ProxyError('Cannot connect to proxy.', timeout('timed out',)))
Mon 27 Nov 2017 17:04:40 rest_api get_users_lookup 10844 Thread-7 [line:120] ERROR HTTPSConnectionPool(host='api.twitter.com', port=443): Max retries exceeded with url: /1.1/users/lookup.json (Caused by ProxyError('Cannot connect to proxy.', timeout('timed out',)))
Mon 27 Nov 2017 17:04:54 rest_api get_users_lookup 17280 Thread-4 [line:140] INFO users: 100, success: 100
Mon 27 Nov 2017 17:04:55 rest_api get_users_lookup 20200 Thread-2 [line:140] INFO users: 100, success: 100
Mon 27 Nov 2017 17:04:56 rest_api get_users_lookup 15440 Thread-1 [line:140] INFO users: 100, success: 100
Mon 27 Nov 2017 17:04:58 rest_api get_users_lookup 10044 Thread-6 [line:140] INFO users: 100, success: 100
Mon 27 Nov 2017 17:04:59 rest_api get_users_lookup 13980 Thread-3 [line:140] INFO users: 100, success: 100
Mon 27 Nov 2017 17:05:00 rest_api get_users_lookup 9092 Thread-8 [line:140] INFO users: 100, success: 100
Mon 27 Nov 2017 17:05:08 rest_api get_users_lookup 10876 Thread-5 [line:140] INFO users: 100, success: 100
Mon 27 Nov 2017 17:05:22 rest_api get_users_lookup 10844 Thread-7 [line:140] INFO users: 100, success: 100
Mon 27 Nov 2017 17:05:29 rest_api get_users_lookup 15440 Thread-1 [line:140] INFO users: 100, success: 100
Mon 27 Nov 2017 17:05:33 rest_api get_users_lookup 10044 Thread-6 [line:140] INFO users: 100, success: 100
Mon 27 Nov 2017 17:05:34 rest_api get_users_lookup 17280 Thread-4 [line:140] INFO users: 100, success: 100
Mon 27 Nov 2017 17:05:36 rest_api get_users_lookup 9092 Thread-8 [line:140] INFO users: 100, success: 100
Mon 27 Nov 2017 17:05:48 rest_api get_users_lookup 13980 Thread-3 [line:140] INFO users: 100, success: 100
Mon 27 Nov 2017 17:05:51 rest_api get_users_lookup 20200 Thread-2 [line:140] INFO users: 100, success: 100
Mon 27 Nov 2017 17:05:55 rest_api get_users_lookup 10844 Thread-7 [line:140] INFO users: 100, success: 100
Mon 27 Nov 2017 17:05:56 rest_api get_users_lookup 10876 Thread-5 [line:140] INFO users: 100, success: 100
Mon 27 Nov 2017 17:05:59 rest_api get_users_lookup 15440 Thread-1 [line:140] INFO users: 100, success: 100
Mon 27 Nov 2017 17:06:05 rest_api get_users_lookup 17280 Thread-4 [line:140] INFO users: 100, success: 100
Mon 27 Nov 2017 17:06:18 rest_api get_users_lookup 20200 Thread-2 [line:140] INFO users: 100, success: 100
Mon 27 Nov 2017 17:06:27 rest_api get_users_lookup 13980 Thread-3 [line:140] INFO users: 100, success: 100
Mon 27 Nov 2017 17:06:29 TwitterError __init__ 15440 Thread-1 [line:22] WARNING 400 statuses/filter text HTTPSConnectionPool(host='api.twitter.com', port=443): Read timed out.
Mon 27 Nov 2017 17:06:29 rest_api get_users_lookup 15440 Thread-1 [line:120] ERROR HTTPSConnectionPool(host='api.twitter.com', port=443): Read timed out.
Mon 27 Nov 2017 17:06:36 rest_api get_users_lookup 10876 Thread-5 [line:140] INFO users: 100, success: 100
Mon 27 Nov 2017 17:06:39 rest_api get_users_lookup 10044 Thread-6 [line:140] INFO users: 100, success: 100
Mon 27 Nov 2017 17:06:46 rest_api get_users_lookup 17280 Thread-4 [line:140] INFO users: 100, success: 100
Mon 27 Nov 2017 17:06:51 rest_api get_users_lookup 9092 Thread-8 [line:140] INFO users: 100, success: 100
Mon 27 Nov 2017 17:07:01 rest_api get_users_lookup 10844 Thread-7 [line:140] INFO users: 100, success: 100
Mon 27 Nov 2017 17:07:04 rest_api get_users_lookup 13980 Thread-3 [line:140] INFO users: 100, success: 100
Mon 27 Nov 2017 17:07:10 rest_api get_users_lookup 10876 Thread-5 [line:140] INFO users: 100, success: 100
Mon 27 Nov 2017 17:07:12 rest_api get_users_lookup 15440 Thread-1 [line:140] INFO users: 100, success: 100
Mon 27 Nov 2017 17:07:15 rest_api get_users_lookup 10044 Thread-6 [line:140] INFO users: 100, success: 100
Mon 27 Nov 2017 17:07:21 rest_api get_users_lookup 17280 Thread-4 [line:140] INFO users: 100, success: 100
Mon 27 Nov 2017 17:07:21 rest_api get_users_lookup 9092 Thread-8 [line:140] INFO users: 100, success: 100
Mon 27 Nov 2017 17:07:25 rest_api get_users_lookup 20200 Thread-2 [line:140] INFO users: 100, success: 100
Mon 27 Nov 2017 17:07:40 rest_api get_users_lookup 10844 Thread-7 [line:140] INFO users: 100, success: 99
Mon 27 Nov 2017 17:07:40 rest_api get_users_lookup 10844 Thread-7 [line:142] INFO failed id: [850797205178900480L]
Mon 27 Nov 2017 17:07:45 rest_api get_users_lookup 15440 Thread-1 [line:140] INFO users: 100, success: 100
Mon 27 Nov 2017 17:07:45 rest_api get_users_lookup 10876 Thread-5 [line:140] INFO users: 100, success: 100
Mon 27 Nov 2017 17:07:51 rest_api get_users_lookup 13980 Thread-3 [line:140] INFO users: 100, success: 100
Mon 27 Nov 2017 17:07:56 rest_api get_users_lookup 17280 Thread-4 [line:140] INFO users: 100, success: 100
Mon 27 Nov 2017 17:08:00 rest_api get_users_lookup 10044 Thread-6 [line:140] INFO users: 100, success: 100
Mon 27 Nov 2017 17:08:02 rest_api get_users_lookup 20200 Thread-2 [line:140] INFO users: 100, success: 100
Mon 27 Nov 2017 17:08:09 rest_api get_users_lookup 9092 Thread-8 [line:140] INFO users: 100, success: 100
Mon 27 Nov 2017 17:08:10 TwitterError __init__ 10876 Thread-5 [line:22] WARNING 400 statuses/filter text HTTPSConnectionPool(host='api.twitter.com', port=443): Read timed out.
Mon 27 Nov 2017 17:08:10 rest_api get_users_lookup 10876 Thread-5 [line:120] ERROR HTTPSConnectionPool(host='api.twitter.com', port=443): Read timed out.
Mon 27 Nov 2017 17:08:12 rest_api get_users_lookup 10844 Thread-7 [line:140] INFO users: 100, success: 100
Mon 27 Nov 2017 17:08:26 rest_api get_users_lookup 13980 Thread-3 [line:140] INFO users: 100, success: 100
Mon 27 Nov 2017 17:08:27 rest_api get_users_lookup 17280 Thread-4 [line:140] INFO users: 100, success: 100
Mon 27 Nov 2017 17:08:30 rest_api get_users_lookup 15440 Thread-1 [line:140] INFO users: 100, success: 100
Mon 27 Nov 2017 17:08:43 rest_api get_users_lookup 10044 Thread-6 [line:140] INFO users: 100, success: 100
Mon 27 Nov 2017 17:08:48 rest_api get_users_lookup 20200 Thread-2 [line:140] INFO users: 100, success: 100
Mon 27 Nov 2017 17:08:55 rest_api get_users_lookup 9092 Thread-8 [line:140] INFO users: 100, success: 100
Mon 27 Nov 2017 17:08:56 rest_api get_users_lookup 10844 Thread-7 [line:140] INFO users: 100, success: 100
Mon 27 Nov 2017 17:09:04 rest_api get_users_lookup 13980 Thread-3 [line:140] INFO users: 100, success: 100
Mon 27 Nov 2017 17:09:10 rest_api get_users_lookup 17280 Thread-4 [line:140] INFO users: 100, success: 100
Mon 27 Nov 2017 17:09:12 rest_api get_users_lookup 15440 Thread-1 [line:140] INFO users: 100, success: 99
Mon 27 Nov 2017 17:09:12 rest_api get_users_lookup 15440 Thread-1 [line:142] INFO failed id: [262919466]
Mon 27 Nov 2017 17:09:17 rest_api get_users_lookup 10876 Thread-5 [line:140] INFO users: 100, success: 100
Mon 27 Nov 2017 17:09:30 rest_api get_users_lookup 13980 Thread-3 [line:140] INFO users: 100, success: 100
Mon 27 Nov 2017 17:09:30 rest_api get_users_lookup 10044 Thread-6 [line:140] INFO users: 100, success: 100
Mon 27 Nov 2017 17:09:30 rest_api get_users_lookup 10844 Thread-7 [line:140] INFO users: 100, success: 100
Mon 27 Nov 2017 17:09:33 rest_api get_users_lookup 9092 Thread-8 [line:140] INFO users: 100, success: 100
Mon 27 Nov 2017 17:09:36 TwitterError __init__ 15440 Thread-1 [line:22] WARNING 400 statuses/filter text HTTPSConnectionPool(host='api.twitter.com', port=443): Max retries exceeded with url: /1.1/users/lookup.json (Caused by ProxyError('Cannot connect to proxy.', timeout('timed out',)))
Mon 27 Nov 2017 17:09:36 rest_api get_users_lookup 15440 Thread-1 [line:120] ERROR HTTPSConnectionPool(host='api.twitter.com', port=443): Max retries exceeded with url: /1.1/users/lookup.json (Caused by ProxyError('Cannot connect to proxy.', timeout('timed out',)))
Mon 27 Nov 2017 17:09:47 rest_api get_users_lookup 17280 Thread-4 [line:140] INFO users: 100, success: 100
Mon 27 Nov 2017 17:09:48 rest_api get_users_lookup 20200 Thread-2 [line:140] INFO users: 100, success: 100
Mon 27 Nov 2017 17:09:58 rest_api get_users_lookup 10876 Thread-5 [line:140] INFO users: 100, success: 100
Mon 27 Nov 2017 17:10:02 rest_api get_users_lookup 13980 Thread-3 [line:140] INFO users: 100, success: 100
Mon 27 Nov 2017 17:10:04 rest_api get_users_lookup 10844 Thread-7 [line:140] INFO users: 100, success: 100
Mon 27 Nov 2017 17:10:13 rest_api get_users_lookup 10044 Thread-6 [line:140] INFO users: 100, success: 100
Mon 27 Nov 2017 17:10:15 rest_api get_users_lookup 9092 Thread-8 [line:140] INFO users: 100, success: 100
Mon 27 Nov 2017 17:10:21 rest_api get_users_lookup 20200 Thread-2 [line:140] INFO users: 100, success: 100
Mon 27 Nov 2017 17:10:22 rest_api get_users_lookup 15440 Thread-1 [line:140] INFO users: 100, success: 100
Mon 27 Nov 2017 17:10:32 rest_api get_users_lookup 17280 Thread-4 [line:140] INFO users: 100, success: 100
Mon 27 Nov 2017 17:10:37 rest_api get_users_lookup 13980 Thread-3 [line:140] INFO users: 100, success: 100
Mon 27 Nov 2017 17:10:40 rest_api get_users_lookup 10844 Thread-7 [line:140] INFO users: 100, success: 100
Mon 27 Nov 2017 17:10:47 rest_api get_users_lookup 10876 Thread-5 [line:140] INFO users: 100, success: 100
Mon 27 Nov 2017 17:10:58 rest_api get_users_lookup 20200 Thread-2 [line:140] INFO users: 100, success: 100
Mon 27 Nov 2017 17:11:02 rest_api get_users_lookup 10044 Thread-6 [line:140] INFO users: 100, success: 100
Mon 27 Nov 2017 17:11:06 rest_api get_users_lookup 15440 Thread-1 [line:140] INFO users: 100, success: 100
Mon 27 Nov 2017 17:11:07 rest_api get_users_lookup 9092 Thread-8 [line:140] INFO users: 100, success: 100
Mon 27 Nov 2017 17:11:13 rest_api get_users_lookup 10844 Thread-7 [line:140] INFO users: 100, success: 100
Mon 27 Nov 2017 17:11:17 TwitterError __init__ 10044 Thread-6 [line:22] WARNING 400 statuses/filter text HTTPSConnectionPool(host='api.twitter.com', port=443): Max retries exceeded with url: /1.1/users/lookup.json (Caused by ProxyError('Cannot connect to proxy.', timeout('timed out',)))
Mon 27 Nov 2017 17:11:17 rest_api get_users_lookup 10044 Thread-6 [line:120] ERROR HTTPSConnectionPool(host='api.twitter.com', port=443): Max retries exceeded with url: /1.1/users/lookup.json (Caused by ProxyError('Cannot connect to proxy.', timeout('timed out',)))
Mon 27 Nov 2017 17:11:20 rest_api get_users_lookup 17280 Thread-4 [line:140] INFO users: 100, success: 100
Mon 27 Nov 2017 17:11:23 rest_api get_users_lookup 13980 Thread-3 [line:140] INFO users: 100, success: 100
Mon 27 Nov 2017 17:11:30 rest_api get_users_lookup 10876 Thread-5 [line:140] INFO users: 100, success: 100
Mon 27 Nov 2017 17:11:33 rest_api get_users_lookup 20200 Thread-2 [line:140] INFO users: 100, success: 100
Mon 27 Nov 2017 17:11:42 rest_api get_users_lookup 9092 Thread-8 [line:140] INFO users: 100, success: 100
Mon 27 Nov 2017 17:11:47 rest_api get_users_lookup 17280 Thread-4 [line:140] INFO users: 100, success: 100
Mon 27 Nov 2017 17:11:50 rest_api get_users_lookup 10844 Thread-7 [line:140] INFO users: 100, success: 100
Mon 27 Nov 2017 17:11:55 rest_api get_users_lookup 13980 Thread-3 [line:140] INFO users: 100, success: 99
Mon 27 Nov 2017 17:11:55 rest_api get_users_lookup 13980 Thread-3 [line:142] INFO failed id: [222957583]
Mon 27 Nov 2017 17:11:56 rest_api get_users_lookup 20200 Thread-2 [line:140] INFO users: 100, success: 100
Mon 27 Nov 2017 17:11:56 rest_api get_users_lookup 15440 Thread-1 [line:140] INFO users: 100, success: 100
Mon 27 Nov 2017 17:12:04 rest_api get_users_lookup 10876 Thread-5 [line:140] INFO users: 100, success: 100
Mon 27 Nov 2017 17:12:04 rest_api get_users_lookup 10044 Thread-6 [line:140] INFO users: 100, success: 100
Mon 27 Nov 2017 17:12:13 rest_api get_users_lookup 9092 Thread-8 [line:140] INFO users: 100, success: 100
Mon 27 Nov 2017 17:12:22 rest_api get_users_lookup 17280 Thread-4 [line:140] INFO users: 100, success: 100
Mon 27 Nov 2017 17:12:22 rest_api get_users_lookup 10844 Thread-7 [line:140] INFO users: 100, success: 100
Mon 27 Nov 2017 17:12:26 rest_api get_users_lookup 15440 Thread-1 [line:140] INFO users: 100, success: 100
Mon 27 Nov 2017 17:12:31 rest_api get_users_lookup 13980 Thread-3 [line:140] INFO users: 100, success: 100
Mon 27 Nov 2017 17:12:36 rest_api get_users_lookup 20200 Thread-2 [line:140] INFO users: 100, success: 100
Mon 27 Nov 2017 17:12:36 rest_api get_users_lookup 10044 Thread-6 [line:140] INFO users: 100, success: 100
Mon 27 Nov 2017 17:12:36 rest_api get_users_lookup 10876 Thread-5 [line:140] INFO users: 100, success: 100
Mon 27 Nov 2017 17:12:38 rest_api get_users_lookup 9092 Thread-8 [line:140] INFO users: 100, success: 100
Mon 27 Nov 2017 17:12:58 rest_api get_users_lookup 17280 Thread-4 [line:140] INFO users: 100, success: 100
Mon 27 Nov 2017 17:12:59 rest_api get_users_lookup 10844 Thread-7 [line:140] INFO users: 100, success: 100
Mon 27 Nov 2017 17:13:01 rest_api get_users_lookup 10044 Thread-6 [line:140] INFO users: 100, success: 100
Mon 27 Nov 2017 17:13:01 rest_api get_users_lookup 13980 Thread-3 [line:140] INFO users: 100, success: 100
Mon 27 Nov 2017 17:13:03 rest_api get_users_lookup 15440 Thread-1 [line:140] INFO users: 100, success: 100
Mon 27 Nov 2017 17:13:04 rest_api get_users_lookup 9092 Thread-8 [line:140] INFO users: 100, success: 100
Mon 27 Nov 2017 17:13:07 rest_api get_users_lookup 10876 Thread-5 [line:140] INFO users: 100, success: 100
Mon 27 Nov 2017 17:13:23 rest_api get_users_lookup 20200 Thread-2 [line:140] INFO users: 100, success: 100
Mon 27 Nov 2017 17:13:32 rest_api get_users_lookup 17280 Thread-4 [line:140] INFO users: 100, success: 100
Mon 27 Nov 2017 17:13:33 rest_api get_users_lookup 10844 Thread-7 [line:140] INFO users: 100, success: 100
Mon 27 Nov 2017 17:13:39 rest_api get_users_lookup 13980 Thread-3 [line:140] INFO users: 100, success: 100
Mon 27 Nov 2017 17:13:41 rest_api get_users_lookup 10044 Thread-6 [line:140] INFO users: 100, success: 100
Mon 27 Nov 2017 17:13:49 TwitterError __init__ 15440 Thread-1 [line:22] WARNING 400 statuses/filter text HTTPSConnectionPool(host='api.twitter.com', port=443): Read timed out.
Mon 27 Nov 2017 17:13:49 rest_api get_users_lookup 15440 Thread-1 [line:120] ERROR HTTPSConnectionPool(host='api.twitter.com', port=443): Read timed out.
Mon 27 Nov 2017 17:13:49 rest_api get_users_lookup 9092 Thread-8 [line:140] INFO users: 100, success: 100
Mon 27 Nov 2017 17:13:53 rest_api get_users_lookup 10876 Thread-5 [line:140] INFO users: 100, success: 100
Mon 27 Nov 2017 17:14:08 rest_api get_users_lookup 20200 Thread-2 [line:140] INFO users: 100, success: 100
Mon 27 Nov 2017 17:14:11 rest_api get_users_lookup 17280 Thread-4 [line:140] INFO users: 100, success: 100
Mon 27 Nov 2017 17:14:12 rest_api get_users_lookup 10844 Thread-7 [line:140] INFO users: 100, success: 100
Mon 27 Nov 2017 17:14:17 rest_api get_users_lookup 13980 Thread-3 [line:140] INFO users: 100, success: 100
Mon 27 Nov 2017 17:14:21 rest_api get_users_lookup 10044 Thread-6 [line:140] INFO users: 100, success: 100
Mon 27 Nov 2017 17:14:33 rest_api get_users_lookup 9092 Thread-8 [line:140] INFO users: 100, success: 100
Mon 27 Nov 2017 17:14:38 rest_api get_users_lookup 20200 Thread-2 [line:140] INFO users: 100, success: 100
Mon 27 Nov 2017 17:14:39 rest_api get_users_lookup 15440 Thread-1 [line:140] INFO users: 100, success: 100
Mon 27 Nov 2017 17:14:47 rest_api get_users_lookup 10844 Thread-7 [line:140] INFO users: 100, success: 100
Mon 27 Nov 2017 17:14:47 rest_api get_users_lookup 13980 Thread-3 [line:140] INFO users: 100, success: 100
Mon 27 Nov 2017 17:14:47 rest_api get_users_lookup 10044 Thread-6 [line:140] INFO users: 100, success: 100
Mon 27 Nov 2017 17:14:55 rest_api get_users_lookup 17280 Thread-4 [line:140] INFO users: 100, success: 100
Mon 27 Nov 2017 17:15:13 rest_api get_users_lookup 9092 Thread-8 [line:140] INFO users: 100, success: 100
Mon 27 Nov 2017 17:15:14 rest_api get_users_lookup 10876 Thread-5 [line:140] INFO users: 100, success: 100
Mon 27 Nov 2017 17:15:19 rest_api get_users_lookup 10844 Thread-7 [line:140] INFO users: 100, success: 100
Mon 27 Nov 2017 17:15:24 rest_api get_users_lookup 15440 Thread-1 [line:140] INFO users: 100, success: 100
Mon 27 Nov 2017 17:15:29 rest_api get_users_lookup 20200 Thread-2 [line:140] INFO users: 100, success: 100
Mon 27 Nov 2017 17:15:30 rest_api get_users_lookup 10044 Thread-6 [line:140] INFO users: 100, success: 100
Mon 27 Nov 2017 17:15:37 rest_api get_users_lookup 13980 Thread-3 [line:140] INFO users: 100, success: 100
Mon 27 Nov 2017 17:15:37 rest_api get_users_lookup 17280 Thread-4 [line:140] INFO users: 100, success: 100
Mon 27 Nov 2017 17:15:41 rest_api get_users_lookup 9092 Thread-8 [line:140] INFO users: 100, success: 100
Mon 27 Nov 2017 17:15:45 rest_api get_users_lookup 10876 Thread-5 [line:140] INFO users: 100, success: 100
Mon 27 Nov 2017 17:16:05 rest_api get_users_lookup 10044 Thread-6 [line:140] INFO users: 100, success: 100
Mon 27 Nov 2017 17:16:08 rest_api get_users_lookup 15440 Thread-1 [line:140] INFO users: 100, success: 100
Mon 27 Nov 2017 17:16:09 rest_api get_users_lookup 10844 Thread-7 [line:140] INFO users: 100, success: 100
Mon 27 Nov 2017 17:16:13 rest_api get_users_lookup 20200 Thread-2 [line:140] INFO users: 100, success: 100
Mon 27 Nov 2017 17:16:14 rest_api get_users_lookup 10876 Thread-5 [line:140] INFO users: 100, success: 100
Mon 27 Nov 2017 17:16:20 rest_api get_users_lookup 13980 Thread-3 [line:140] INFO users: 100, success: 100
Mon 27 Nov 2017 17:16:29 rest_api get_users_lookup 17280 Thread-4 [line:140] INFO users: 100, success: 100
Mon 27 Nov 2017 17:16:33 rest_api get_users_lookup 9092 Thread-8 [line:140] INFO users: 100, success: 100
Mon 27 Nov 2017 17:16:37 rest_api get_users_lookup 10044 Thread-6 [line:140] INFO users: 100, success: 100
Mon 27 Nov 2017 17:16:41 rest_api get_users_lookup 20200 Thread-2 [line:140] INFO users: 100, success: 100
Mon 27 Nov 2017 17:16:47 rest_api get_users_lookup 10844 Thread-7 [line:140] INFO users: 100, success: 100
Mon 27 Nov 2017 17:16:48 rest_api get_users_lookup 15440 Thread-1 [line:140] INFO users: 100, success: 100
Mon 27 Nov 2017 17:16:53 rest_api get_users_lookup 10876 Thread-5 [line:140] INFO users: 100, success: 100
Mon 27 Nov 2017 17:17:10 rest_api get_users_lookup 10044 Thread-6 [line:140] INFO users: 100, success: 100
Mon 27 Nov 2017 17:17:12 rest_api get_users_lookup 9092 Thread-8 [line:140] INFO users: 100, success: 100
Mon 27 Nov 2017 17:17:16 rest_api get_users_lookup 17280 Thread-4 [line:140] INFO users: 100, success: 100
Mon 27 Nov 2017 17:17:27 rest_api get_users_lookup 15440 Thread-1 [line:140] INFO users: 100, success: 100
Mon 27 Nov 2017 17:17:30 rest_api get_users_lookup 10876 Thread-5 [line:140] INFO users: 100, success: 100
Mon 27 Nov 2017 17:17:34 rest_api get_users_lookup 10844 Thread-7 [line:140] INFO users: 100, success: 100
Mon 27 Nov 2017 17:17:46 rest_api get_users_lookup 13980 Thread-3 [line:140] INFO users: 100, success: 100
Mon 27 Nov 2017 17:17:50 rest_api get_users_lookup 10044 Thread-6 [line:140] INFO users: 100, success: 100
Mon 27 Nov 2017 17:17:56 rest_api get_users_lookup 20200 Thread-2 [line:140] INFO users: 100, success: 100
Mon 27 Nov 2017 17:17:57 rest_api get_users_lookup 9092 Thread-8 [line:140] INFO users: 100, success: 100
Mon 27 Nov 2017 17:17:58 rest_api get_users_lookup 17280 Thread-4 [line:140] INFO users: 100, success: 100
Mon 27 Nov 2017 17:18:05 rest_api get_users_lookup 10844 Thread-7 [line:140] INFO users: 100, success: 100
Mon 27 Nov 2017 17:18:06 rest_api get_users_lookup 15440 Thread-1 [line:140] INFO users: 100, success: 100
Mon 27 Nov 2017 17:18:10 rest_api get_users_lookup 13980 Thread-3 [line:140] INFO users: 100, success: 100
Mon 27 Nov 2017 17:18:14 rest_api get_users_lookup 10876 Thread-5 [line:140] INFO users: 100, success: 100
Mon 27 Nov 2017 17:18:27 rest_api get_users_lookup 20200 Thread-2 [line:140] INFO users: 100, success: 100
Mon 27 Nov 2017 17:18:30 rest_api get_users_lookup 10044 Thread-6 [line:140] INFO users: 100, success: 100
Mon 27 Nov 2017 17:18:31 rest_api get_users_lookup 9092 Thread-8 [line:140] INFO users: 100, success: 100
Mon 27 Nov 2017 17:18:34 rest_api get_users_lookup 17280 Thread-4 [line:140] INFO users: 100, success: 100
Mon 27 Nov 2017 17:18:39 rest_api get_users_lookup 10844 Thread-7 [line:140] INFO users: 100, success: 100
Mon 27 Nov 2017 17:18:41 rest_api get_users_lookup 13980 Thread-3 [line:140] INFO users: 100, success: 100
Mon 27 Nov 2017 17:18:55 rest_api get_users_lookup 10876 Thread-5 [line:140] INFO users: 100, success: 100
Mon 27 Nov 2017 17:18:56 rest_api get_users_lookup 9092 Thread-8 [line:140] INFO users: 100, success: 100
Mon 27 Nov 2017 17:18:57 rest_api get_users_lookup 20200 Thread-2 [line:140] INFO users: 100, success: 100
Mon 27 Nov 2017 17:19:09 rest_api get_users_lookup 10044 Thread-6 [line:140] INFO users: 100, success: 100
Mon 27 Nov 2017 17:19:15 rest_api get_users_lookup 10844 Thread-7 [line:140] INFO users: 100, success: 100
Mon 27 Nov 2017 17:19:17 rest_api get_users_lookup 13980 Thread-3 [line:140] INFO users: 100, success: 100
Mon 27 Nov 2017 17:19:19 rest_api get_users_lookup 17280 Thread-4 [line:140] INFO users: 100, success: 100
Mon 27 Nov 2017 17:19:21 rest_api get_users_lookup 9092 Thread-8 [line:140] INFO users: 100, success: 100
Mon 27 Nov 2017 17:19:24 rest_api get_users_lookup 15440 Thread-1 [line:140] INFO users: 100, success: 100
Mon 27 Nov 2017 17:19:28 rest_api get_users_lookup 20200 Thread-2 [line:140] INFO users: 100, success: 100
Mon 27 Nov 2017 17:19:36 rest_api get_users_lookup 10876 Thread-5 [line:140] INFO users: 100, success: 100
Mon 27 Nov 2017 17:19:41 rest_api get_users_lookup 10044 Thread-6 [line:140] INFO users: 100, success: 100
Mon 27 Nov 2017 17:19:44 rest_api get_users_lookup 13980 Thread-3 [line:140] INFO users: 100, success: 100
Mon 27 Nov 2017 17:19:56 rest_api get_users_lookup 10844 Thread-7 [line:140] INFO users: 100, success: 100
Mon 27 Nov 2017 17:19:59 rest_api get_users_lookup 15440 Thread-1 [line:140] INFO users: 100, success: 100
Mon 27 Nov 2017 17:20:03 rest_api get_users_lookup 9092 Thread-8 [line:140] INFO users: 100, success: 100
Mon 27 Nov 2017 17:20:05 rest_api get_users_lookup 10876 Thread-5 [line:140] INFO users: 100, success: 100
Mon 27 Nov 2017 17:20:05 rest_api get_users_lookup 20200 Thread-2 [line:140] INFO users: 100, success: 100
Mon 27 Nov 2017 17:20:13 rest_api get_users_lookup 17280 Thread-4 [line:140] INFO users: 100, success: 100
Mon 27 Nov 2017 17:20:18 rest_api get_users_lookup 13980 Thread-3 [line:140] INFO users: 100, success: 100
Mon 27 Nov 2017 17:20:18 rest_api get_users_lookup 10044 Thread-6 [line:140] INFO users: 100, success: 100
Mon 27 Nov 2017 17:20:24 rest_api get_users_lookup 10844 Thread-7 [line:140] INFO users: 100, success: 100
Mon 27 Nov 2017 17:20:31 rest_api get_users_lookup 13980 Thread-3 [line:140] INFO users: 1, success: 1
Mon 27 Nov 2017 17:20:36 rest_api get_users_lookup 15440 Thread-1 [line:140] INFO users: 100, success: 100
Mon 27 Nov 2017 17:20:37 rest_api get_users_lookup 10844 Thread-7 [line:140] INFO users: 1, success: 1
Mon 27 Nov 2017 17:20:39 rest_api get_users_lookup 10876 Thread-5 [line:140] INFO users: 100, success: 100
Mon 27 Nov 2017 17:20:41 rest_api get_users_lookup 9092 Thread-8 [line:140] INFO users: 93, success: 93
Mon 27 Nov 2017 17:20:41 rest_api get_users_lookup 20200 Thread-2 [line:140] INFO users: 100, success: 100
Mon 27 Nov 2017 17:20:44 rest_api get_users_lookup 10044 Thread-6 [line:140] INFO users: 100, success: 100
Mon 27 Nov 2017 17:20:58 rest_api get_users_lookup 10044 Thread-6 [line:140] INFO users: 1, success: 1
Mon 27 Nov 2017 17:21:00 rest_api get_users_lookup 17280 Thread-4 [line:140] INFO users: 100, success: 100
Mon 27 Nov 2017 17:21:09 rest_api get_users_lookup 15440 Thread-1 [line:140] INFO users: 100, success: 100
Mon 27 Nov 2017 17:21:15 rest_api get_users_lookup 17280 Thread-4 [line:140] INFO users: 1, success: 1
Mon 27 Nov 2017 17:21:18 rest_api get_users_lookup 20200 Thread-2 [line:140] INFO users: 100, success: 100
Mon 27 Nov 2017 17:21:28 rest_api get_users_lookup 10876 Thread-5 [line:140] INFO users: 100, success: 100
Mon 27 Nov 2017 17:21:37 rest_api get_users_lookup 20200 Thread-2 [line:140] INFO users: 1, success: 1
Mon 27 Nov 2017 17:21:54 rest_api get_users_lookup 10876 Thread-5 [line:140] INFO users: 100, success: 100
Mon 27 Nov 2017 17:22:00 rest_api get_users_lookup 15440 Thread-1 [line:140] INFO users: 100, success: 100
Mon 27 Nov 2017 17:22:13 rest_api get_users_lookup 10876 Thread-5 [line:140] INFO users: 1, success: 1
Mon 27 Nov 2017 17:22:40 rest_api get_users_lookup 15440 Thread-1 [line:140] INFO users: 100, success: 100
Mon 27 Nov 2017 17:23:13 rest_api get_users_lookup 15440 Thread-1 [line:140] INFO users: 100, success: 100
Mon 27 Nov 2017 17:23:25 rest_api get_users_lookup 15440 Thread-1 [line:140] INFO users: 1, success: 1
Mon 27 Nov 2017 17:23:49 rest_api get_users_lookup 12868 Thread-15 [line:140] INFO users: 100, success: 100
Mon 27 Nov 2017 17:23:53 rest_api get_users_lookup 18124 Thread-17 [line:140] INFO users: 100, success: 100
Mon 27 Nov 2017 17:23:53 rest_api get_users_lookup 16600 Thread-14 [line:140] INFO users: 100, success: 100
Mon 27 Nov 2017 17:23:59 rest_api get_users_lookup 10732 Thread-13 [line:140] INFO users: 100, success: 100
Mon 27 Nov 2017 17:24:01 rest_api get_users_lookup 21272 Thread-12 [line:140] INFO users: 100, success: 100
Mon 27 Nov 2017 17:24:05 rest_api get_users_lookup 13360 Thread-19 [line:140] INFO users: 100, success: 100
Mon 27 Nov 2017 17:24:06 rest_api get_users_lookup 15068 Thread-18 [line:140] INFO users: 100, success: 100
Mon 27 Nov 2017 17:24:07 rest_api get_users_lookup 21124 Thread-16 [line:140] INFO users: 100, success: 100
Mon 27 Nov 2017 17:24:16 rest_api get_users_lookup 12868 Thread-15 [line:140] INFO users: 100, success: 100
Mon 27 Nov 2017 17:24:19 TwitterError __init__ 21272 Thread-12 [line:22] WARNING 400 statuses/filter text HTTPSConnectionPool(host='api.twitter.com', port=443): Max retries exceeded with url: /1.1/users/lookup.json (Caused by ProxyError('Cannot connect to proxy.', timeout('timed out',)))
Mon 27 Nov 2017 17:24:19 rest_api get_users_lookup 21272 Thread-12 [line:120] ERROR HTTPSConnectionPool(host='api.twitter.com', port=443): Max retries exceeded with url: /1.1/users/lookup.json (Caused by ProxyError('Cannot connect to proxy.', timeout('timed out',)))
Mon 27 Nov 2017 17:24:33 rest_api get_users_lookup 13360 Thread-19 [line:140] INFO users: 100, success: 100
Mon 27 Nov 2017 17:24:33 rest_api get_users_lookup 16600 Thread-14 [line:140] INFO users: 100, success: 100
Mon 27 Nov 2017 17:24:34 rest_api get_users_lookup 18124 Thread-17 [line:140] INFO users: 100, success: 100
Mon 27 Nov 2017 17:24:41 rest_api get_users_lookup 10732 Thread-13 [line:140] INFO users: 100, success: 100
Mon 27 Nov 2017 17:24:44 rest_api get_users_lookup 15068 Thread-18 [line:140] INFO users: 100, success: 100
Mon 27 Nov 2017 17:24:44 rest_api get_users_lookup 21124 Thread-16 [line:140] INFO users: 100, success: 100
Mon 27 Nov 2017 17:24:56 rest_api get_users_lookup 12868 Thread-15 [line:140] INFO users: 100, success: 100
Mon 27 Nov 2017 17:24:59 rest_api get_users_lookup 21272 Thread-12 [line:140] INFO users: 100, success: 100
Mon 27 Nov 2017 17:25:03 rest_api get_users_lookup 13360 Thread-19 [line:140] INFO users: 100, success: 100
Mon 27 Nov 2017 17:25:13 rest_api get_users_lookup 16600 Thread-14 [line:140] INFO users: 100, success: 100
Mon 27 Nov 2017 17:25:15 rest_api get_users_lookup 21124 Thread-16 [line:140] INFO users: 100, success: 100
Mon 27 Nov 2017 17:25:16 rest_api get_users_lookup 18124 Thread-17 [line:140] INFO users: 100, success: 100
Mon 27 Nov 2017 17:25:26 rest_api get_users_lookup 15068 Thread-18 [line:140] INFO users: 100, success: 100
Mon 27 Nov 2017 17:25:27 rest_api get_users_lookup 13360 Thread-19 [line:140] INFO users: 100, success: 100
Mon 27 Nov 2017 17:25:28 rest_api get_users_lookup 10732 Thread-13 [line:140] INFO users: 100, success: 100
Mon 27 Nov 2017 17:25:30 rest_api get_users_lookup 21272 Thread-12 [line:140] INFO users: 100, success: 100
Mon 27 Nov 2017 17:25:38 rest_api get_users_lookup 12868 Thread-15 [line:140] INFO users: 100, success: 100
Mon 27 Nov 2017 17:25:45 rest_api get_users_lookup 18124 Thread-17 [line:140] INFO users: 100, success: 100
Mon 27 Nov 2017 17:25:46 rest_api get_users_lookup 21124 Thread-16 [line:140] INFO users: 100, success: 100
Mon 27 Nov 2017 17:25:50 rest_api get_users_lookup 16600 Thread-14 [line:140] INFO users: 100, success: 100
Mon 27 Nov 2017 17:25:59 rest_api get_users_lookup 13360 Thread-19 [line:140] INFO users: 100, success: 100
Mon 27 Nov 2017 17:26:00 rest_api get_users_lookup 15068 Thread-18 [line:140] INFO users: 100, success: 100
Mon 27 Nov 2017 17:26:10 rest_api get_users_lookup 10732 Thread-13 [line:140] INFO users: 100, success: 100
Mon 27 Nov 2017 17:26:10 rest_api get_users_lookup 21272 Thread-12 [line:140] INFO users: 100, success: 100
Mon 27 Nov 2017 17:26:16 TwitterError __init__ 15068 Thread-18 [line:22] WARNING 400 statuses/filter text HTTPSConnectionPool(host='api.twitter.com', port=443): Max retries exceeded with url: /1.1/users/lookup.json (Caused by ProxyError('Cannot connect to proxy.', timeout('timed out',)))
Mon 27 Nov 2017 17:26:16 rest_api get_users_lookup 15068 Thread-18 [line:120] ERROR HTTPSConnectionPool(host='api.twitter.com', port=443): Max retries exceeded with url: /1.1/users/lookup.json (Caused by ProxyError('Cannot connect to proxy.', timeout('timed out',)))
Mon 27 Nov 2017 17:26:17 rest_api get_users_lookup 18124 Thread-17 [line:140] INFO users: 100, success: 100
Mon 27 Nov 2017 17:26:19 rest_api get_users_lookup 21124 Thread-16 [line:140] INFO users: 100, success: 100
Mon 27 Nov 2017 17:26:22 rest_api get_users_lookup 16600 Thread-14 [line:140] INFO users: 100, success: 100
Mon 27 Nov 2017 17:26:25 rest_api get_users_lookup 13360 Thread-19 [line:140] INFO users: 100, success: 100
Mon 27 Nov 2017 17:26:27 rest_api get_users_lookup 12868 Thread-15 [line:140] INFO users: 100, success: 100
Mon 27 Nov 2017 17:26:37 rest_api get_users_lookup 21272 Thread-12 [line:140] INFO users: 100, success: 100
Mon 27 Nov 2017 17:26:51 rest_api get_users_lookup 13360 Thread-19 [line:140] INFO users: 100, success: 100
Mon 27 Nov 2017 17:26:52 rest_api get_users_lookup 18124 Thread-17 [line:140] INFO users: 100, success: 100
Mon 27 Nov 2017 17:26:56 rest_api get_users_lookup 16600 Thread-14 [line:140] INFO users: 100, success: 100
Mon 27 Nov 2017 17:26:58 rest_api get_users_lookup 21124 Thread-16 [line:140] INFO users: 100, success: 100
Mon 27 Nov 2017 17:27:00 rest_api get_users_lookup 15068 Thread-18 [line:140] INFO users: 100, success: 100
Mon 27 Nov 2017 17:27:03 TwitterError __init__ 10732 Thread-13 [line:22] WARNING 400 statuses/filter text HTTPSConnectionPool(host='api.twitter.com', port=443): Read timed out.
Mon 27 Nov 2017 17:27:03 rest_api get_users_lookup 10732 Thread-13 [line:120] ERROR HTTPSConnectionPool(host='api.twitter.com', port=443): Read timed out.
Mon 27 Nov 2017 17:27:08 rest_api get_users_lookup 12868 Thread-15 [line:140] INFO users: 100, success: 100
Mon 27 Nov 2017 17:27:11 rest_api get_users_lookup 21272 Thread-12 [line:140] INFO users: 100, success: 100
Mon 27 Nov 2017 17:27:26 rest_api get_users_lookup 13360 Thread-19 [line:140] INFO users: 100, success: 100
Mon 27 Nov 2017 17:27:28 rest_api get_users_lookup 18124 Thread-17 [line:140] INFO users: 100, success: 100
Mon 27 Nov 2017 17:27:28 rest_api get_users_lookup 16600 Thread-14 [line:140] INFO users: 100, success: 100
Mon 27 Nov 2017 17:27:30 rest_api get_users_lookup 15068 Thread-18 [line:140] INFO users: 100, success: 100
Mon 27 Nov 2017 17:27:48 rest_api get_users_lookup 21272 Thread-12 [line:140] INFO users: 100, success: 100
Mon 27 Nov 2017 17:27:48 rest_api get_users_lookup 12868 Thread-15 [line:140] INFO users: 100, success: 100
Mon 27 Nov 2017 17:27:54 rest_api get_users_lookup 10732 Thread-13 [line:140] INFO users: 100, success: 100
Mon 27 Nov 2017 17:28:00 rest_api get_users_lookup 13360 Thread-19 [line:140] INFO users: 100, success: 100
Mon 27 Nov 2017 17:28:06 TwitterError __init__ 16600 Thread-14 [line:22] WARNING 400 statuses/filter text HTTPSConnectionPool(host='api.twitter.com', port=443): Read timed out.
Mon 27 Nov 2017 17:28:06 rest_api get_users_lookup 16600 Thread-14 [line:120] ERROR HTTPSConnectionPool(host='api.twitter.com', port=443): Read timed out.
Mon 27 Nov 2017 17:28:07 rest_api get_users_lookup 21124 Thread-16 [line:140] INFO users: 100, success: 100
Mon 27 Nov 2017 17:28:09 rest_api get_users_lookup 21272 Thread-12 [line:140] INFO users: 100, success: 100
Mon 27 Nov 2017 17:28:13 rest_api get_users_lookup 18124 Thread-17 [line:140] INFO users: 100, success: 100
Mon 27 Nov 2017 17:28:16 rest_api get_users_lookup 15068 Thread-18 [line:140] INFO users: 100, success: 100
Mon 27 Nov 2017 17:28:27 rest_api get_users_lookup 10732 Thread-13 [line:140] INFO users: 100, success: 100
Mon 27 Nov 2017 17:28:33 rest_api get_users_lookup 12868 Thread-15 [line:140] INFO users: 100, success: 100
Mon 27 Nov 2017 17:28:43 rest_api get_users_lookup 13360 Thread-19 [line:140] INFO users: 100, success: 100
Mon 27 Nov 2017 17:28:47 rest_api get_users_lookup 21124 Thread-16 [line:140] INFO users: 100, success: 100
Mon 27 Nov 2017 17:28:49 rest_api get_users_lookup 21272 Thread-12 [line:140] INFO users: 100, success: 100
Mon 27 Nov 2017 17:28:57 rest_api get_users_lookup 15068 Thread-18 [line:140] INFO users: 100, success: 100
Mon 27 Nov 2017 17:29:00 rest_api get_users_lookup 18124 Thread-17 [line:140] INFO users: 100, success: 100
Mon 27 Nov 2017 17:29:02 rest_api get_users_lookup 16600 Thread-14 [line:140] INFO users: 100, success: 100
Mon 27 Nov 2017 17:29:13 rest_api get_users_lookup 10732 Thread-13 [line:140] INFO users: 100, success: 100
Mon 27 Nov 2017 17:29:15 rest_api get_users_lookup 12868 Thread-15 [line:140] INFO users: 100, success: 100
Mon 27 Nov 2017 17:29:20 rest_api get_users_lookup 13360 Thread-19 [line:140] INFO users: 100, success: 100
Mon 27 Nov 2017 17:29:26 rest_api get_users_lookup 21124 Thread-16 [line:140] INFO users: 100, success: 100
Mon 27 Nov 2017 17:29:27 rest_api get_users_lookup 18124 Thread-17 [line:140] INFO users: 100, success: 100
Mon 27 Nov 2017 17:29:30 rest_api get_users_lookup 16600 Thread-14 [line:140] INFO users: 100, success: 100
Mon 27 Nov 2017 17:29:31 rest_api get_users_lookup 21272 Thread-12 [line:140] INFO users: 100, success: 100
Mon 27 Nov 2017 17:29:43 rest_api get_users_lookup 15068 Thread-18 [line:140] INFO users: 100, success: 100
Mon 27 Nov 2017 17:29:47 rest_api get_users_lookup 10732 Thread-13 [line:140] INFO users: 100, success: 100
Mon 27 Nov 2017 17:29:51 rest_api get_users_lookup 13360 Thread-19 [line:140] INFO users: 100, success: 100
Mon 27 Nov 2017 17:29:56 rest_api get_users_lookup 18124 Thread-17 [line:140] INFO users: 100, success: 100
Mon 27 Nov 2017 17:30:01 rest_api get_users_lookup 21272 Thread-12 [line:140] INFO users: 100, success: 100
Mon 27 Nov 2017 17:30:03 rest_api get_users_lookup 21124 Thread-16 [line:140] INFO users: 100, success: 100
Mon 27 Nov 2017 17:30:09 rest_api get_users_lookup 12868 Thread-15 [line:140] INFO users: 100, success: 100
Mon 27 Nov 2017 17:30:15 rest_api get_users_lookup 16600 Thread-14 [line:140] INFO users: 100, success: 100
Mon 27 Nov 2017 17:30:25 rest_api get_users_lookup 21272 Thread-12 [line:140] INFO users: 100, success: 100
Mon 27 Nov 2017 17:30:26 rest_api get_users_lookup 13360 Thread-19 [line:140] INFO users: 100, success: 100
Mon 27 Nov 2017 17:30:27 rest_api get_users_lookup 15068 Thread-18 [line:140] INFO users: 100, success: 100
Mon 27 Nov 2017 17:30:31 rest_api get_users_lookup 10732 Thread-13 [line:140] INFO users: 100, success: 100
Mon 27 Nov 2017 17:30:32 rest_api get_users_lookup 18124 Thread-17 [line:140] INFO users: 100, success: 100
Mon 27 Nov 2017 17:30:34 rest_api get_users_lookup 21124 Thread-16 [line:140] INFO users: 100, success: 100
Mon 27 Nov 2017 17:30:47 rest_api get_users_lookup 16600 Thread-14 [line:140] INFO users: 100, success: 100
Mon 27 Nov 2017 17:30:52 rest_api get_users_lookup 12868 Thread-15 [line:140] INFO users: 100, success: 100
Mon 27 Nov 2017 17:30:56 rest_api get_users_lookup 21272 Thread-12 [line:140] INFO users: 100, success: 100
Mon 27 Nov 2017 17:31:07 rest_api get_users_lookup 18124 Thread-17 [line:140] INFO users: 100, success: 100
Mon 27 Nov 2017 17:31:08 rest_api get_users_lookup 10732 Thread-13 [line:140] INFO users: 100, success: 100
Mon 27 Nov 2017 17:31:11 rest_api get_users_lookup 13360 Thread-19 [line:140] INFO users: 100, success: 100
Mon 27 Nov 2017 17:31:11 rest_api get_users_lookup 21124 Thread-16 [line:140] INFO users: 100, success: 100
Mon 27 Nov 2017 17:31:16 rest_api get_users_lookup 15068 Thread-18 [line:140] INFO users: 100, success: 100
Mon 27 Nov 2017 17:31:24 rest_api get_users_lookup 12868 Thread-15 [line:140] INFO users: 100, success: 100
Mon 27 Nov 2017 17:31:28 rest_api get_users_lookup 16600 Thread-14 [line:140] INFO users: 100, success: 100
Mon 27 Nov 2017 17:31:30 rest_api get_users_lookup 21272 Thread-12 [line:140] INFO users: 100, success: 100
Mon 27 Nov 2017 17:31:35 rest_api get_users_lookup 10732 Thread-13 [line:140] INFO users: 100, success: 100
Mon 27 Nov 2017 17:31:40 rest_api get_users_lookup 13360 Thread-19 [line:140] INFO users: 100, success: 100
Mon 27 Nov 2017 17:31:44 rest_api get_users_lookup 21124 Thread-16 [line:140] INFO users: 100, success: 100
Mon 27 Nov 2017 17:31:47 rest_api get_users_lookup 18124 Thread-17 [line:140] INFO users: 100, success: 100
Mon 27 Nov 2017 17:31:54 rest_api get_users_lookup 15068 Thread-18 [line:140] INFO users: 100, success: 100
Mon 27 Nov 2017 17:31:55 rest_api get_users_lookup 12868 Thread-15 [line:140] INFO users: 100, success: 100
Mon 27 Nov 2017 17:32:08 rest_api get_users_lookup 16600 Thread-14 [line:140] INFO users: 100, success: 100
Mon 27 Nov 2017 17:32:13 rest_api get_users_lookup 21272 Thread-12 [line:140] INFO users: 100, success: 100
Mon 27 Nov 2017 17:32:15 rest_api get_users_lookup 10732 Thread-13 [line:140] INFO users: 100, success: 100
Mon 27 Nov 2017 17:32:18 rest_api get_users_lookup 13360 Thread-19 [line:140] INFO users: 100, success: 100
Mon 27 Nov 2017 17:32:23 rest_api get_users_lookup 18124 Thread-17 [line:140] INFO users: 100, success: 100
Mon 27 Nov 2017 17:32:24 TwitterError __init__ 12868 Thread-15 [line:22] WARNING 400 statuses/filter text HTTPSConnectionPool(host='api.twitter.com', port=443): Read timed out.
Mon 27 Nov 2017 17:32:24 rest_api get_users_lookup 12868 Thread-15 [line:120] ERROR HTTPSConnectionPool(host='api.twitter.com', port=443): Read timed out.
Mon 27 Nov 2017 17:32:26 rest_api get_users_lookup 21124 Thread-16 [line:140] INFO users: 100, success: 100
Mon 27 Nov 2017 17:32:39 rest_api get_users_lookup 15068 Thread-18 [line:140] INFO users: 100, success: 100
Mon 27 Nov 2017 17:32:41 rest_api get_users_lookup 16600 Thread-14 [line:140] INFO users: 100, success: 100
Mon 27 Nov 2017 17:32:50 rest_api get_users_lookup 10732 Thread-13 [line:140] INFO users: 100, success: 100
Mon 27 Nov 2017 17:32:53 rest_api get_users_lookup 13360 Thread-19 [line:140] INFO users: 100, success: 100
Mon 27 Nov 2017 17:32:53 rest_api get_users_lookup 21272 Thread-12 [line:140] INFO users: 100, success: 100
Mon 27 Nov 2017 17:33:05 rest_api get_users_lookup 21124 Thread-16 [line:140] INFO users: 100, success: 100
Mon 27 Nov 2017 17:33:08 rest_api get_users_lookup 12868 Thread-15 [line:140] INFO users: 100, success: 100
Mon 27 Nov 2017 17:33:14 rest_api get_users_lookup 18124 Thread-17 [line:140] INFO users: 100, success: 100
Mon 27 Nov 2017 17:33:15 rest_api get_users_lookup 16600 Thread-14 [line:140] INFO users: 100, success: 100
Mon 27 Nov 2017 17:33:26 rest_api get_users_lookup 15068 Thread-18 [line:140] INFO users: 100, success: 100
Mon 27 Nov 2017 17:33:39 rest_api get_users_lookup 13360 Thread-19 [line:140] INFO users: 100, success: 100
Mon 27 Nov 2017 17:33:42 rest_api get_users_lookup 21272 Thread-12 [line:140] INFO users: 100, success: 100
Mon 27 Nov 2017 17:33:44 rest_api get_users_lookup 10732 Thread-13 [line:140] INFO users: 100, success: 100
Mon 27 Nov 2017 17:33:46 rest_api get_users_lookup 18124 Thread-17 [line:140] INFO users: 100, success: 100
Mon 27 Nov 2017 17:33:48 rest_api get_users_lookup 12868 Thread-15 [line:140] INFO users: 100, success: 100
Mon 27 Nov 2017 17:33:51 rest_api get_users_lookup 16600 Thread-14 [line:140] INFO users: 100, success: 100
Mon 27 Nov 2017 17:33:56 rest_api get_users_lookup 15068 Thread-18 [line:140] INFO users: 100, success: 100
Mon 27 Nov 2017 17:34:12 rest_api get_users_lookup 21124 Thread-16 [line:140] INFO users: 100, success: 100
Mon 27 Nov 2017 17:34:20 rest_api get_users_lookup 13360 Thread-19 [line:140] INFO users: 100, success: 100
Mon 27 Nov 2017 17:34:23 rest_api get_users_lookup 16600 Thread-14 [line:140] INFO users: 100, success: 100
Mon 27 Nov 2017 17:34:25 rest_api get_users_lookup 21272 Thread-12 [line:140] INFO users: 100, success: 100
Mon 27 Nov 2017 17:34:29 rest_api get_users_lookup 10732 Thread-13 [line:140] INFO users: 100, success: 100
Mon 27 Nov 2017 17:34:30 rest_api get_users_lookup 18124 Thread-17 [line:140] INFO users: 100, success: 100
Mon 27 Nov 2017 17:34:31 rest_api get_users_lookup 15068 Thread-18 [line:140] INFO users: 100, success: 100
Mon 27 Nov 2017 17:34:40 rest_api get_users_lookup 12868 Thread-15 [line:140] INFO users: 100, success: 100
Mon 27 Nov 2017 17:34:57 rest_api get_users_lookup 21272 Thread-12 [line:140] INFO users: 100, success: 100
Mon 27 Nov 2017 17:35:00 rest_api get_users_lookup 21124 Thread-16 [line:140] INFO users: 100, success: 100
Mon 27 Nov 2017 17:35:02 rest_api get_users_lookup 16600 Thread-14 [line:140] INFO users: 100, success: 100
Mon 27 Nov 2017 17:35:03 rest_api get_users_lookup 10732 Thread-13 [line:140] INFO users: 100, success: 100
Mon 27 Nov 2017 17:35:14 rest_api get_users_lookup 13360 Thread-19 [line:140] INFO users: 100, success: 100
Mon 27 Nov 2017 17:35:22 rest_api get_users_lookup 15068 Thread-18 [line:140] INFO users: 100, success: 100
Mon 27 Nov 2017 17:35:22 rest_api get_users_lookup 12868 Thread-15 [line:140] INFO users: 100, success: 100
Mon 27 Nov 2017 17:35:32 rest_api get_users_lookup 21124 Thread-16 [line:140] INFO users: 100, success: 100
Mon 27 Nov 2017 17:35:32 rest_api get_users_lookup 21272 Thread-12 [line:140] INFO users: 100, success: 100
Mon 27 Nov 2017 17:35:36 rest_api get_users_lookup 16600 Thread-14 [line:140] INFO users: 100, success: 100
Mon 27 Nov 2017 17:35:41 rest_api get_users_lookup 10732 Thread-13 [line:140] INFO users: 100, success: 100
Mon 27 Nov 2017 17:35:42 rest_api get_users_lookup 18124 Thread-17 [line:140] INFO users: 100, success: 100
Mon 27 Nov 2017 17:35:52 rest_api get_users_lookup 13360 Thread-19 [line:140] INFO users: 100, success: 100
Mon 27 Nov 2017 17:36:07 rest_api get_users_lookup 15068 Thread-18 [line:140] INFO users: 100, success: 100
Mon 27 Nov 2017 17:36:08 rest_api get_users_lookup 12868 Thread-15 [line:140] INFO users: 100, success: 100
Mon 27 Nov 2017 17:36:10 rest_api get_users_lookup 21124 Thread-16 [line:140] INFO users: 100, success: 100
Mon 27 Nov 2017 17:36:16 rest_api get_users_lookup 10732 Thread-13 [line:140] INFO users: 100, success: 100
Mon 27 Nov 2017 17:36:20 rest_api get_users_lookup 18124 Thread-17 [line:140] INFO users: 100, success: 100
Mon 27 Nov 2017 17:36:21 rest_api get_users_lookup 16600 Thread-14 [line:140] INFO users: 100, success: 100
Mon 27 Nov 2017 17:36:29 rest_api get_users_lookup 21272 Thread-12 [line:140] INFO users: 100, success: 100
Mon 27 Nov 2017 17:36:33 rest_api get_users_lookup 15068 Thread-18 [line:140] INFO users: 100, success: 100
Mon 27 Nov 2017 17:36:42 rest_api get_users_lookup 12868 Thread-15 [line:140] INFO users: 100, success: 100
Mon 27 Nov 2017 17:36:46 rest_api get_users_lookup 21124 Thread-16 [line:140] INFO users: 100, success: 100
Mon 27 Nov 2017 17:36:58 rest_api get_users_lookup 18124 Thread-17 [line:140] INFO users: 100, success: 100
Mon 27 Nov 2017 17:37:00 rest_api get_users_lookup 13360 Thread-19 [line:140] INFO users: 100, success: 100
Mon 27 Nov 2017 17:37:02 rest_api get_users_lookup 10732 Thread-13 [line:140] INFO users: 100, success: 100
Mon 27 Nov 2017 17:37:06 rest_api get_users_lookup 16600 Thread-14 [line:140] INFO users: 100, success: 100
Mon 27 Nov 2017 17:37:06 rest_api get_users_lookup 21272 Thread-12 [line:140] INFO users: 100, success: 100
Mon 27 Nov 2017 17:37:18 rest_api get_users_lookup 15068 Thread-18 [line:140] INFO users: 100, success: 100
Mon 27 Nov 2017 17:37:18 rest_api get_users_lookup 12868 Thread-15 [line:140] INFO users: 100, success: 100
Mon 27 Nov 2017 17:37:23 rest_api get_users_lookup 21124 Thread-16 [line:140] INFO users: 100, success: 100
Mon 27 Nov 2017 17:37:31 rest_api get_users_lookup 18124 Thread-17 [line:140] INFO users: 100, success: 100
Mon 27 Nov 2017 17:37:34 rest_api get_users_lookup 13360 Thread-19 [line:140] INFO users: 100, success: 100
Mon 27 Nov 2017 17:37:48 rest_api get_users_lookup 15068 Thread-18 [line:140] INFO users: 100, success: 100
Mon 27 Nov 2017 17:37:53 rest_api get_users_lookup 10732 Thread-13 [line:140] INFO users: 100, success: 100
Mon 27 Nov 2017 17:37:57 rest_api get_users_lookup 12868 Thread-15 [line:140] INFO users: 100, success: 100
Mon 27 Nov 2017 17:37:59 rest_api get_users_lookup 21124 Thread-16 [line:140] INFO users: 100, success: 100
Mon 27 Nov 2017 17:38:02 rest_api get_users_lookup 21272 Thread-12 [line:140] INFO users: 100, success: 100
Mon 27 Nov 2017 17:38:04 rest_api get_users_lookup 16600 Thread-14 [line:140] INFO users: 100, success: 100
Mon 27 Nov 2017 17:38:17 rest_api get_users_lookup 18124 Thread-17 [line:140] INFO users: 100, success: 100
Mon 27 Nov 2017 17:38:24 rest_api get_users_lookup 10732 Thread-13 [line:140] INFO users: 100, success: 100
Mon 27 Nov 2017 17:38:24 rest_api get_users_lookup 13360 Thread-19 [line:140] INFO users: 100, success: 100
Mon 27 Nov 2017 17:38:29 rest_api get_users_lookup 15068 Thread-18 [line:140] INFO users: 100, success: 100
Mon 27 Nov 2017 17:38:33 rest_api get_users_lookup 16600 Thread-14 [line:140] INFO users: 100, success: 100
Mon 27 Nov 2017 17:38:38 rest_api get_users_lookup 12868 Thread-15 [line:140] INFO users: 100, success: 100
Mon 27 Nov 2017 17:38:40 rest_api get_users_lookup 21272 Thread-12 [line:140] INFO users: 100, success: 100
Mon 27 Nov 2017 17:38:47 rest_api get_users_lookup 21124 Thread-16 [line:140] INFO users: 100, success: 100
Mon 27 Nov 2017 17:38:55 rest_api get_users_lookup 18124 Thread-17 [line:140] INFO users: 100, success: 100
Mon 27 Nov 2017 17:38:57 rest_api get_users_lookup 15068 Thread-18 [line:140] INFO users: 100, success: 100
Mon 27 Nov 2017 17:39:01 rest_api get_users_lookup 16600 Thread-14 [line:140] INFO users: 100, success: 100
Mon 27 Nov 2017 17:39:03 rest_api get_users_lookup 10732 Thread-13 [line:140] INFO users: 100, success: 100
Mon 27 Nov 2017 17:39:09 rest_api get_users_lookup 13360 Thread-19 [line:140] INFO users: 93, success: 93
Mon 27 Nov 2017 17:39:11 rest_api get_users_lookup 21272 Thread-12 [line:140] INFO users: 100, success: 100
Mon 27 Nov 2017 17:39:13 rest_api get_users_lookup 12868 Thread-15 [line:140] INFO users: 100, success: 100
Mon 27 Nov 2017 17:39:24 rest_api get_users_lookup 21272 Thread-12 [line:140] INFO users: 1, success: 1
Mon 27 Nov 2017 17:39:25 rest_api get_users_lookup 21124 Thread-16 [line:140] INFO users: 100, success: 100
Mon 27 Nov 2017 17:39:37 rest_api get_users_lookup 16600 Thread-14 [line:140] INFO users: 100, success: 100
Mon 27 Nov 2017 17:39:42 rest_api get_users_lookup 15068 Thread-18 [line:140] INFO users: 100, success: 100
Mon 27 Nov 2017 17:39:43 rest_api get_users_lookup 10732 Thread-13 [line:140] INFO users: 100, success: 100
Mon 27 Nov 2017 17:39:49 rest_api get_users_lookup 12868 Thread-15 [line:140] INFO users: 100, success: 100
Mon 27 Nov 2017 17:39:54 rest_api get_users_lookup 18124 Thread-17 [line:140] INFO users: 100, success: 100
Mon 27 Nov 2017 17:40:01 rest_api get_users_lookup 16600 Thread-14 [line:140] INFO users: 1, success: 1
Mon 27 Nov 2017 17:40:12 rest_api get_users_lookup 21124 Thread-16 [line:140] INFO users: 100, success: 100
Mon 27 Nov 2017 17:40:18 rest_api get_users_lookup 18124 Thread-17 [line:140] INFO users: 1, success: 1
Mon 27 Nov 2017 17:40:19 rest_api get_users_lookup 12868 Thread-15 [line:140] INFO users: 100, success: 100
Mon 27 Nov 2017 17:40:20 rest_api get_users_lookup 15068 Thread-18 [line:140] INFO users: 100, success: 100
Mon 27 Nov 2017 17:40:33 rest_api get_users_lookup 21124 Thread-16 [line:140] INFO users: 1, success: 1
Mon 27 Nov 2017 17:40:33 rest_api get_users_lookup 15068 Thread-18 [line:140] INFO users: 1, success: 1
Mon 27 Nov 2017 17:40:33 rest_api get_users_lookup 10732 Thread-13 [line:140] INFO users: 100, success: 100
Mon 27 Nov 2017 17:40:36 rest_api get_users_lookup 12868 Thread-15 [line:140] INFO users: 1, success: 1
Mon 27 Nov 2017 17:41:16 rest_api get_users_lookup 10732 Thread-13 [line:140] INFO users: 100, success: 100
Mon 27 Nov 2017 17:41:40 rest_api get_users_lookup 10732 Thread-13 [line:140] INFO users: 1, success: 1
Mon 27 Nov 2017 17:41:55 rest_api get_users_lookup 19152 Thread-28 [line:140] INFO users: 100, success: 100
Mon 27 Nov 2017 17:42:00 TwitterError __init__ 5480 Thread-27 [line:22] WARNING 400 statuses/filter text HTTPSConnectionPool(host='api.twitter.com', port=443): Max retries exceeded with url: /1.1/users/lookup.json (Caused by ProxyError('Cannot connect to proxy.', timeout('timed out',)))
Mon 27 Nov 2017 17:42:00 rest_api get_users_lookup 5480 Thread-27 [line:120] ERROR HTTPSConnectionPool(host='api.twitter.com', port=443): Max retries exceeded with url: /1.1/users/lookup.json (Caused by ProxyError('Cannot connect to proxy.', timeout('timed out',)))
Mon 27 Nov 2017 17:42:12 rest_api get_users_lookup 11136 Thread-26 [line:140] INFO users: 100, success: 100
Mon 27 Nov 2017 17:42:13 rest_api get_users_lookup 19052 Thread-24 [line:140] INFO users: 100, success: 100
Mon 27 Nov 2017 17:42:14 rest_api get_users_lookup 18960 Thread-29 [line:140] INFO users: 100, success: 100
Mon 27 Nov 2017 17:42:22 rest_api get_users_lookup 12168 Thread-23 [line:140] INFO users: 100, success: 100
Mon 27 Nov 2017 17:42:22 rest_api get_users_lookup 13632 Thread-25 [line:140] INFO users: 100, success: 100
Mon 27 Nov 2017 17:42:22 rest_api get_users_lookup 3740 Thread-30 [line:140] INFO users: 100, success: 100
Mon 27 Nov 2017 17:42:23 rest_api get_users_lookup 19152 Thread-28 [line:140] INFO users: 100, success: 100
Mon 27 Nov 2017 17:42:45 rest_api get_users_lookup 18960 Thread-29 [line:140] INFO users: 100, success: 100
Mon 27 Nov 2017 17:42:46 rest_api get_users_lookup 5480 Thread-27 [line:140] INFO users: 100, success: 100
Mon 27 Nov 2017 17:42:54 rest_api get_users_lookup 19052 Thread-24 [line:140] INFO users: 100, success: 100
Mon 27 Nov 2017 17:42:58 rest_api get_users_lookup 13632 Thread-25 [line:140] INFO users: 100, success: 100
Mon 27 Nov 2017 17:42:58 rest_api get_users_lookup 11136 Thread-26 [line:140] INFO users: 100, success: 100
Mon 27 Nov 2017 17:42:59 rest_api get_users_lookup 19152 Thread-28 [line:140] INFO users: 100, success: 100
Mon 27 Nov 2017 17:43:09 rest_api get_users_lookup 12168 Thread-23 [line:140] INFO users: 100, success: 100
Mon 27 Nov 2017 17:43:14 rest_api get_users_lookup 18960 Thread-29 [line:140] INFO users: 100, success: 100
Mon 27 Nov 2017 17:43:25 rest_api get_users_lookup 3740 Thread-30 [line:140] INFO users: 100, success: 100
Mon 27 Nov 2017 17:43:35 rest_api get_users_lookup 13632 Thread-25 [line:140] INFO users: 100, success: 100
Mon 27 Nov 2017 17:43:40 rest_api get_users_lookup 19152 Thread-28 [line:140] INFO users: 100, success: 100
Mon 27 Nov 2017 17:43:40 rest_api get_users_lookup 11136 Thread-26 [line:140] INFO users: 100, success: 100
Mon 27 Nov 2017 17:43:42 rest_api get_users_lookup 19052 Thread-24 [line:140] INFO users: 100, success: 100
Mon 27 Nov 2017 17:43:44 rest_api get_users_lookup 12168 Thread-23 [line:140] INFO users: 100, success: 100
Mon 27 Nov 2017 17:44:01 rest_api get_users_lookup 18960 Thread-29 [line:140] INFO users: 100, success: 100
Mon 27 Nov 2017 17:44:01 TwitterError __init__ 5480 Thread-27 [line:22] WARNING 400 statuses/filter text HTTPSConnectionPool(host='api.twitter.com', port=443): Read timed out.
Mon 27 Nov 2017 17:44:01 rest_api get_users_lookup 5480 Thread-27 [line:120] ERROR HTTPSConnectionPool(host='api.twitter.com', port=443): Read timed out.
Mon 27 Nov 2017 17:44:15 rest_api get_users_lookup 13632 Thread-25 [line:140] INFO users: 100, success: 100
Mon 27 Nov 2017 17:44:17 TwitterError __init__ 3740 Thread-30 [line:22] WARNING 400 statuses/filter text HTTPSConnectionPool(host='api.twitter.com', port=443): Read timed out.
Mon 27 Nov 2017 17:44:17 rest_api get_users_lookup 3740 Thread-30 [line:120] ERROR HTTPSConnectionPool(host='api.twitter.com', port=443): Read timed out.
Mon 27 Nov 2017 17:44:27 rest_api get_users_lookup 19152 Thread-28 [line:140] INFO users: 100, success: 100
Mon 27 Nov 2017 17:44:28 rest_api get_users_lookup 11136 Thread-26 [line:140] INFO users: 100, success: 100
Mon 27 Nov 2017 17:44:32 rest_api get_users_lookup 12168 Thread-23 [line:140] INFO users: 100, success: 100
Mon 27 Nov 2017 17:44:33 rest_api get_users_lookup 19052 Thread-24 [line:140] INFO users: 100, success: 100
Mon 27 Nov 2017 17:44:39 rest_api get_users_lookup 18960 Thread-29 [line:140] INFO users: 100, success: 100
Mon 27 Nov 2017 17:44:41 rest_api get_users_lookup 5480 Thread-27 [line:140] INFO users: 100, success: 100
Mon 27 Nov 2017 17:44:47 rest_api get_users_lookup 13632 Thread-25 [line:140] INFO users: 100, success: 100
Mon 27 Nov 2017 17:44:50 rest_api get_users_lookup 19152 Thread-28 [line:140] INFO users: 100, success: 100
Mon 27 Nov 2017 17:45:03 rest_api get_users_lookup 3740 Thread-30 [line:140] INFO users: 100, success: 100
Mon 27 Nov 2017 17:45:05 TwitterError __init__ 12168 Thread-23 [line:22] WARNING 400 statuses/filter text HTTPSConnectionPool(host='api.twitter.com', port=443): Read timed out.
Mon 27 Nov 2017 17:45:05 rest_api get_users_lookup 12168 Thread-23 [line:120] ERROR HTTPSConnectionPool(host='api.twitter.com', port=443): Read timed out.
Mon 27 Nov 2017 17:45:10 rest_api get_users_lookup 18960 Thread-29 [line:140] INFO users: 100, success: 100
Mon 27 Nov 2017 17:45:14 rest_api get_users_lookup 19052 Thread-24 [line:140] INFO users: 100, success: 100
Mon 27 Nov 2017 17:45:16 rest_api get_users_lookup 11136 Thread-26 [line:140] INFO users: 100, success: 100
Mon 27 Nov 2017 17:45:23 rest_api get_users_lookup 5480 Thread-27 [line:140] INFO users: 100, success: 100
Mon 27 Nov 2017 17:45:23 rest_api get_users_lookup 13632 Thread-25 [line:140] INFO users: 100, success: 100
Mon 27 Nov 2017 17:45:26 rest_api get_users_lookup 19152 Thread-28 [line:140] INFO users: 100, success: 100
Mon 27 Nov 2017 17:45:45 rest_api get_users_lookup 18960 Thread-29 [line:140] INFO users: 100, success: 100
Mon 27 Nov 2017 17:45:49 rest_api get_users_lookup 3740 Thread-30 [line:140] INFO users: 100, success: 100
Mon 27 Nov 2017 17:45:49 rest_api get_users_lookup 11136 Thread-26 [line:140] INFO users: 100, success: 100
Mon 27 Nov 2017 17:45:51 rest_api get_users_lookup 12168 Thread-23 [line:140] INFO users: 100, success: 100
Mon 27 Nov 2017 17:45:52 rest_api get_users_lookup 19052 Thread-24 [line:140] INFO users: 100, success: 100
Mon 27 Nov 2017 17:45:52 rest_api get_users_lookup 19152 Thread-28 [line:140] INFO users: 100, success: 100
Mon 27 Nov 2017 17:46:01 rest_api get_users_lookup 5480 Thread-27 [line:140] INFO users: 100, success: 100
Mon 27 Nov 2017 17:46:03 rest_api get_users_lookup 13632 Thread-25 [line:140] INFO users: 100, success: 100
Mon 27 Nov 2017 17:46:15 rest_api get_users_lookup 18960 Thread-29 [line:140] INFO users: 100, success: 100
Mon 27 Nov 2017 17:46:22 rest_api get_users_lookup 11136 Thread-26 [line:140] INFO users: 100, success: 100
Mon 27 Nov 2017 17:46:23 rest_api get_users_lookup 3740 Thread-30 [line:140] INFO users: 100, success: 100
Mon 27 Nov 2017 17:46:26 rest_api get_users_lookup 12168 Thread-23 [line:140] INFO users: 100, success: 100
Mon 27 Nov 2017 17:46:28 rest_api get_users_lookup 19152 Thread-28 [line:140] INFO users: 100, success: 100
Mon 27 Nov 2017 17:46:28 rest_api get_users_lookup 19052 Thread-24 [line:140] INFO users: 100, success: 100
Mon 27 Nov 2017 17:46:37 rest_api get_users_lookup 13632 Thread-25 [line:140] INFO users: 100, success: 100
Mon 27 Nov 2017 17:46:41 rest_api get_users_lookup 5480 Thread-27 [line:140] INFO users: 100, success: 100
Mon 27 Nov 2017 17:46:56 rest_api get_users_lookup 11136 Thread-26 [line:140] INFO users: 100, success: 100
Mon 27 Nov 2017 17:47:00 rest_api get_users_lookup 3740 Thread-30 [line:140] INFO users: 100, success: 100
Mon 27 Nov 2017 17:47:01 rest_api get_users_lookup 18960 Thread-29 [line:140] INFO users: 100, success: 100
Mon 27 Nov 2017 17:47:01 rest_api get_users_lookup 12168 Thread-23 [line:140] INFO users: 100, success: 100
Mon 27 Nov 2017 17:47:05 rest_api get_users_lookup 19152 Thread-28 [line:140] INFO users: 100, success: 100
Mon 27 Nov 2017 17:47:10 rest_api get_users_lookup 13632 Thread-25 [line:140] INFO users: 100, success: 100
Mon 27 Nov 2017 17:47:12 rest_api get_users_lookup 19052 Thread-24 [line:140] INFO users: 100, success: 100
Mon 27 Nov 2017 17:47:12 rest_api get_users_lookup 5480 Thread-27 [line:140] INFO users: 100, success: 100
Mon 27 Nov 2017 17:47:38 rest_api get_users_lookup 11136 Thread-26 [line:140] INFO users: 100, success: 100
Mon 27 Nov 2017 17:47:39 rest_api get_users_lookup 12168 Thread-23 [line:140] INFO users: 100, success: 100
Mon 27 Nov 2017 17:47:40 rest_api get_users_lookup 18960 Thread-29 [line:140] INFO users: 100, success: 100
Mon 27 Nov 2017 17:47:41 rest_api get_users_lookup 19052 Thread-24 [line:140] INFO users: 100, success: 100
Mon 27 Nov 2017 17:47:41 rest_api get_users_lookup 3740 Thread-30 [line:140] INFO users: 100, success: 100
Mon 27 Nov 2017 17:47:44 rest_api get_users_lookup 19152 Thread-28 [line:140] INFO users: 100, success: 100
Mon 27 Nov 2017 17:47:50 rest_api get_users_lookup 5480 Thread-27 [line:140] INFO users: 100, success: 100
Mon 27 Nov 2017 17:47:54 rest_api get_users_lookup 13632 Thread-25 [line:140] INFO users: 100, success: 100
Mon 27 Nov 2017 17:48:05 rest_api get_users_lookup 11136 Thread-26 [line:140] INFO users: 100, success: 100
Mon 27 Nov 2017 17:48:12 rest_api get_users_lookup 12168 Thread-23 [line:140] INFO users: 100, success: 100
Mon 27 Nov 2017 17:48:13 rest_api get_users_lookup 19152 Thread-28 [line:140] INFO users: 100, success: 100
Mon 27 Nov 2017 17:48:20 rest_api get_users_lookup 18960 Thread-29 [line:140] INFO users: 100, success: 100
Mon 27 Nov 2017 17:48:25 rest_api get_users_lookup 13632 Thread-25 [line:140] INFO users: 100, success: 100
Mon 27 Nov 2017 17:48:27 rest_api get_users_lookup 19052 Thread-24 [line:140] INFO users: 100, success: 100
Mon 27 Nov 2017 17:48:30 rest_api get_users_lookup 3740 Thread-30 [line:140] INFO users: 100, success: 100
Mon 27 Nov 2017 17:48:36 rest_api get_users_lookup 5480 Thread-27 [line:140] INFO users: 100, success: 100
Mon 27 Nov 2017 17:48:46 rest_api get_users_lookup 19152 Thread-28 [line:140] INFO users: 100, success: 100
Mon 27 Nov 2017 17:48:48 rest_api get_users_lookup 12168 Thread-23 [line:140] INFO users: 100, success: 100
Mon 27 Nov 2017 17:48:52 rest_api get_users_lookup 11136 Thread-26 [line:140] INFO users: 100, success: 100
Mon 27 Nov 2017 17:48:57 rest_api get_users_lookup 18960 Thread-29 [line:140] INFO users: 100, success: 100
Mon 27 Nov 2017 17:48:57 rest_api get_users_lookup 19052 Thread-24 [line:140] INFO users: 100, success: 100
Mon 27 Nov 2017 17:48:59 rest_api get_users_lookup 3740 Thread-30 [line:140] INFO users: 100, success: 100
Mon 27 Nov 2017 17:49:03 rest_api get_users_lookup 13632 Thread-25 [line:140] INFO users: 100, success: 100
Mon 27 Nov 2017 17:49:05 rest_api get_users_lookup 5480 Thread-27 [line:140] INFO users: 100, success: 100
Mon 27 Nov 2017 17:49:16 rest_api get_users_lookup 12168 Thread-23 [line:140] INFO users: 100, success: 100
Mon 27 Nov 2017 17:49:19 rest_api get_users_lookup 19152 Thread-28 [line:140] INFO users: 100, success: 100
Mon 27 Nov 2017 17:49:22 rest_api get_users_lookup 11136 Thread-26 [line:140] INFO users: 100, success: 100
Mon 27 Nov 2017 17:49:32 rest_api get_users_lookup 3740 Thread-30 [line:140] INFO users: 100, success: 100
Mon 27 Nov 2017 17:49:33 rest_api get_users_lookup 19052 Thread-24 [line:140] INFO users: 100, success: 100
Mon 27 Nov 2017 17:49:43 rest_api get_users_lookup 18960 Thread-29 [line:140] INFO users: 100, success: 100
Mon 27 Nov 2017 17:49:48 rest_api get_users_lookup 13632 Thread-25 [line:140] INFO users: 100, success: 100
Mon 27 Nov 2017 17:49:51 rest_api get_users_lookup 5480 Thread-27 [line:140] INFO users: 100, success: 100
Mon 27 Nov 2017 17:49:58 rest_api get_users_lookup 19152 Thread-28 [line:140] INFO users: 100, success: 100
Mon 27 Nov 2017 17:49:58 rest_api get_users_lookup 12168 Thread-23 [line:140] INFO users: 100, success: 100
Mon 27 Nov 2017 17:49:59 rest_api get_users_lookup 11136 Thread-26 [line:140] INFO users: 100, success: 100
Mon 27 Nov 2017 17:50:02 rest_api get_users_lookup 3740 Thread-30 [line:140] INFO users: 100, success: 100
Mon 27 Nov 2017 17:50:25 rest_api get_users_lookup 18960 Thread-29 [line:140] INFO users: 100, success: 100
Mon 27 Nov 2017 17:50:26 rest_api get_users_lookup 3740 Thread-30 [line:140] INFO users: 100, success: 100
Mon 27 Nov 2017 17:50:26 rest_api get_users_lookup 11136 Thread-26 [line:140] INFO users: 100, success: 100
Mon 27 Nov 2017 17:50:28 rest_api get_users_lookup 19052 Thread-24 [line:140] INFO users: 100, success: 100
Mon 27 Nov 2017 17:50:29 rest_api get_users_lookup 13632 Thread-25 [line:140] INFO users: 100, success: 100
Mon 27 Nov 2017 17:50:30 rest_api get_users_lookup 19152 Thread-28 [line:140] INFO users: 100, success: 100
Mon 27 Nov 2017 17:50:32 rest_api get_users_lookup 5480 Thread-27 [line:140] INFO users: 100, success: 100
Mon 27 Nov 2017 17:50:37 rest_api get_users_lookup 12168 Thread-23 [line:140] INFO users: 100, success: 100
Mon 27 Nov 2017 17:50:57 rest_api get_users_lookup 3740 Thread-30 [line:140] INFO users: 100, success: 100
Mon 27 Nov 2017 17:50:59 rest_api get_users_lookup 19152 Thread-28 [line:140] INFO users: 100, success: 100
Mon 27 Nov 2017 17:51:00 rest_api get_users_lookup 18960 Thread-29 [line:140] INFO users: 100, success: 100
Mon 27 Nov 2017 17:51:02 rest_api get_users_lookup 19052 Thread-24 [line:140] INFO users: 100, success: 100
Mon 27 Nov 2017 17:51:05 rest_api get_users_lookup 13632 Thread-25 [line:140] INFO users: 100, success: 100
Mon 27 Nov 2017 17:51:07 rest_api get_users_lookup 5480 Thread-27 [line:140] INFO users: 100, success: 100
Mon 27 Nov 2017 17:51:08 rest_api get_users_lookup 11136 Thread-26 [line:140] INFO users: 100, success: 100
Mon 27 Nov 2017 17:51:14 rest_api get_users_lookup 12168 Thread-23 [line:140] INFO users: 100, success: 100
Mon 27 Nov 2017 17:51:27 rest_api get_users_lookup 19052 Thread-24 [line:140] INFO users: 100, success: 100
Mon 27 Nov 2017 17:51:30 rest_api get_users_lookup 5480 Thread-27 [line:140] INFO users: 100, success: 100
Mon 27 Nov 2017 17:51:31 rest_api get_users_lookup 19152 Thread-28 [line:140] INFO users: 100, success: 100
Mon 27 Nov 2017 17:51:44 rest_api get_users_lookup 13632 Thread-25 [line:140] INFO users: 100, success: 100
Mon 27 Nov 2017 17:51:46 rest_api get_users_lookup 18960 Thread-29 [line:140] INFO users: 100, success: 100
Mon 27 Nov 2017 17:51:49 rest_api get_users_lookup 11136 Thread-26 [line:140] INFO users: 100, success: 100
Mon 27 Nov 2017 17:51:52 rest_api get_users_lookup 3740 Thread-30 [line:140] INFO users: 100, success: 100
Mon 27 Nov 2017 17:51:55 rest_api get_users_lookup 5480 Thread-27 [line:140] INFO users: 100, success: 100
Mon 27 Nov 2017 17:51:57 rest_api get_users_lookup 12168 Thread-23 [line:140] INFO users: 100, success: 100
Mon 27 Nov 2017 17:52:10 rest_api get_users_lookup 19052 Thread-24 [line:140] INFO users: 100, success: 100
Mon 27 Nov 2017 17:52:14 rest_api get_users_lookup 19152 Thread-28 [line:140] INFO users: 100, success: 100
Mon 27 Nov 2017 17:52:16 rest_api get_users_lookup 18960 Thread-29 [line:140] INFO users: 100, success: 100
Mon 27 Nov 2017 17:52:18 rest_api get_users_lookup 13632 Thread-25 [line:140] INFO users: 100, success: 100
Mon 27 Nov 2017 17:52:27 rest_api get_users_lookup 12168 Thread-23 [line:140] INFO users: 100, success: 100
Mon 27 Nov 2017 17:52:28 rest_api get_users_lookup 11136 Thread-26 [line:140] INFO users: 100, success: 100
Mon 27 Nov 2017 17:52:32 rest_api get_users_lookup 3740 Thread-30 [line:140] INFO users: 100, success: 100
Mon 27 Nov 2017 17:52:35 rest_api get_users_lookup 5480 Thread-27 [line:140] INFO users: 100, success: 100
Mon 27 Nov 2017 17:52:40 rest_api get_users_lookup 19152 Thread-28 [line:140] INFO users: 100, success: 100
Mon 27 Nov 2017 17:52:45 rest_api get_users_lookup 19052 Thread-24 [line:140] INFO users: 100, success: 100
Mon 27 Nov 2017 17:52:47 rest_api get_users_lookup 13632 Thread-25 [line:140] INFO users: 100, success: 100
Mon 27 Nov 2017 17:52:52 rest_api get_users_lookup 3740 Thread-30 [line:140] INFO users: 100, success: 100
Mon 27 Nov 2017 17:52:55 rest_api get_users_lookup 18960 Thread-29 [line:140] INFO users: 100, success: 100
Mon 27 Nov 2017 17:52:56 rest_api get_users_lookup 11136 Thread-26 [line:140] INFO users: 100, success: 100
Mon 27 Nov 2017 17:53:00 rest_api get_users_lookup 5480 Thread-27 [line:140] INFO users: 100, success: 100
Mon 27 Nov 2017 17:53:06 rest_api get_users_lookup 12168 Thread-23 [line:140] INFO users: 100, success: 100
Mon 27 Nov 2017 17:53:10 rest_api get_users_lookup 19052 Thread-24 [line:140] INFO users: 100, success: 100
Mon 27 Nov 2017 17:53:14 rest_api get_users_lookup 19152 Thread-28 [line:140] INFO users: 100, success: 100
Mon 27 Nov 2017 17:53:31 rest_api get_users_lookup 13632 Thread-25 [line:140] INFO users: 100, success: 100
Mon 27 Nov 2017 17:53:36 rest_api get_users_lookup 18960 Thread-29 [line:140] INFO users: 100, success: 100
Mon 27 Nov 2017 17:53:36 rest_api get_users_lookup 12168 Thread-23 [line:140] INFO users: 100, success: 100
Mon 27 Nov 2017 17:53:39 rest_api get_users_lookup 3740 Thread-30 [line:140] INFO users: 100, success: 100
Mon 27 Nov 2017 17:53:40 rest_api get_users_lookup 19152 Thread-28 [line:140] INFO users: 100, success: 100
Mon 27 Nov 2017 17:53:41 rest_api get_users_lookup 11136 Thread-26 [line:140] INFO users: 100, success: 100
Mon 27 Nov 2017 17:53:42 rest_api get_users_lookup 5480 Thread-27 [line:140] INFO users: 100, success: 100
Mon 27 Nov 2017 17:53:56 rest_api get_users_lookup 19052 Thread-24 [line:140] INFO users: 100, success: 100
Mon 27 Nov 2017 17:54:10 rest_api get_users_lookup 13632 Thread-25 [line:140] INFO users: 100, success: 100
Mon 27 Nov 2017 17:54:11 rest_api get_users_lookup 18960 Thread-29 [line:140] INFO users: 100, success: 100
Mon 27 Nov 2017 17:54:15 rest_api get_users_lookup 12168 Thread-23 [line:140] INFO users: 100, success: 100
Mon 27 Nov 2017 17:54:15 rest_api get_users_lookup 11136 Thread-26 [line:140] INFO users: 100, success: 100
Mon 27 Nov 2017 17:54:21 rest_api get_users_lookup 5480 Thread-27 [line:140] INFO users: 100, success: 100
Mon 27 Nov 2017 17:54:24 TwitterError __init__ 13632 Thread-25 [line:22] WARNING 400 statuses/filter text HTTPSConnectionPool(host='api.twitter.com', port=443): Max retries exceeded with url: /1.1/users/lookup.json (Caused by ProxyError('Cannot connect to proxy.', timeout('timed out',)))
Mon 27 Nov 2017 17:54:24 rest_api get_users_lookup 13632 Thread-25 [line:120] ERROR HTTPSConnectionPool(host='api.twitter.com', port=443): Max retries exceeded with url: /1.1/users/lookup.json (Caused by ProxyError('Cannot connect to proxy.', timeout('timed out',)))
Mon 27 Nov 2017 17:54:39 rest_api get_users_lookup 3740 Thread-30 [line:140] INFO users: 100, success: 100
Mon 27 Nov 2017 17:54:46 rest_api get_users_lookup 19052 Thread-24 [line:140] INFO users: 100, success: 100
Mon 27 Nov 2017 17:54:48 rest_api get_users_lookup 12168 Thread-23 [line:140] INFO users: 100, success: 100
Mon 27 Nov 2017 17:54:53 rest_api get_users_lookup 19152 Thread-28 [line:140] INFO users: 100, success: 100
Mon 27 Nov 2017 17:54:55 rest_api get_users_lookup 18960 Thread-29 [line:140] INFO users: 100, success: 100
Mon 27 Nov 2017 17:55:05 rest_api get_users_lookup 11136 Thread-26 [line:140] INFO users: 100, success: 100
Mon 27 Nov 2017 17:55:09 rest_api get_users_lookup 5480 Thread-27 [line:140] INFO users: 100, success: 100
Mon 27 Nov 2017 17:55:11 rest_api get_users_lookup 13632 Thread-25 [line:140] INFO users: 100, success: 100
Mon 27 Nov 2017 17:55:24 rest_api get_users_lookup 19052 Thread-24 [line:140] INFO users: 100, success: 100
Mon 27 Nov 2017 17:55:24 rest_api get_users_lookup 3740 Thread-30 [line:140] INFO users: 100, success: 100
Mon 27 Nov 2017 17:55:25 rest_api get_users_lookup 19152 Thread-28 [line:140] INFO users: 100, success: 100
Mon 27 Nov 2017 17:55:27 rest_api get_users_lookup 12168 Thread-23 [line:140] INFO users: 100, success: 100
Mon 27 Nov 2017 17:55:33 rest_api get_users_lookup 18960 Thread-29 [line:140] INFO users: 100, success: 100
Mon 27 Nov 2017 17:55:38 TwitterError __init__ 11136 Thread-26 [line:22] WARNING 400 statuses/filter text HTTPSConnectionPool(host='api.twitter.com', port=443): Read timed out.
Mon 27 Nov 2017 17:55:38 rest_api get_users_lookup 11136 Thread-26 [line:120] ERROR HTTPSConnectionPool(host='api.twitter.com', port=443): Read timed out.
Mon 27 Nov 2017 17:55:48 rest_api get_users_lookup 5480 Thread-27 [line:140] INFO users: 100, success: 100
Mon 27 Nov 2017 17:55:50 rest_api get_users_lookup 19152 Thread-28 [line:140] INFO users: 100, success: 100
Mon 27 Nov 2017 17:55:57 rest_api get_users_lookup 19052 Thread-24 [line:140] INFO users: 100, success: 100
Mon 27 Nov 2017 17:55:58 rest_api get_users_lookup 13632 Thread-25 [line:140] INFO users: 100, success: 100
Mon 27 Nov 2017 17:56:08 rest_api get_users_lookup 3740 Thread-30 [line:140] INFO users: 100, success: 100
Mon 27 Nov 2017 17:56:14 rest_api get_users_lookup 19152 Thread-28 [line:140] INFO users: 1, success: 1
Mon 27 Nov 2017 17:56:17 rest_api get_users_lookup 18960 Thread-29 [line:140] INFO users: 100, success: 100
Mon 27 Nov 2017 17:56:21 rest_api get_users_lookup 5480 Thread-27 [line:140] INFO users: 100, success: 100
Mon 27 Nov 2017 17:56:24 rest_api get_users_lookup 13632 Thread-25 [line:140] INFO users: 100, success: 100
Mon 27 Nov 2017 17:56:32 rest_api get_users_lookup 19052 Thread-24 [line:140] INFO users: 100, success: 100
Mon 27 Nov 2017 17:56:32 rest_api get_users_lookup 11136 Thread-26 [line:140] INFO users: 100, success: 100
Mon 27 Nov 2017 17:56:37 rest_api get_users_lookup 12168 Thread-23 [line:140] INFO users: 100, success: 100
Mon 27 Nov 2017 17:56:50 rest_api get_users_lookup 3740 Thread-30 [line:140] INFO users: 100, success: 100
Mon 27 Nov 2017 17:56:55 rest_api get_users_lookup 5480 Thread-27 [line:140] INFO users: 100, success: 100
Mon 27 Nov 2017 17:56:59 rest_api get_users_lookup 18960 Thread-29 [line:140] INFO users: 100, success: 100
Mon 27 Nov 2017 17:57:01 rest_api get_users_lookup 19052 Thread-24 [line:140] INFO users: 100, success: 100
Mon 27 Nov 2017 17:57:02 rest_api get_users_lookup 13632 Thread-25 [line:140] INFO users: 100, success: 100
Mon 27 Nov 2017 17:57:10 rest_api get_users_lookup 11136 Thread-26 [line:140] INFO users: 100, success: 100
Mon 27 Nov 2017 17:57:11 rest_api get_users_lookup 12168 Thread-23 [line:140] INFO users: 100, success: 100
Mon 27 Nov 2017 17:57:27 rest_api get_users_lookup 3740 Thread-30 [line:140] INFO users: 100, success: 100
Mon 27 Nov 2017 17:57:32 rest_api get_users_lookup 13632 Thread-25 [line:140] INFO users: 100, success: 100
Mon 27 Nov 2017 17:57:35 rest_api get_users_lookup 5480 Thread-27 [line:140] INFO users: 100, success: 100
Mon 27 Nov 2017 17:57:39 rest_api get_users_lookup 18960 Thread-29 [line:140] INFO users: 100, success: 100
Mon 27 Nov 2017 17:57:44 rest_api get_users_lookup 13632 Thread-25 [line:140] INFO users: 1, success: 1
Mon 27 Nov 2017 17:57:47 rest_api get_users_lookup 11136 Thread-26 [line:140] INFO users: 100, success: 100
Mon 27 Nov 2017 17:57:51 rest_api get_users_lookup 19052 Thread-24 [line:140] INFO users: 100, success: 100
Mon 27 Nov 2017 17:58:00 rest_api get_users_lookup 18960 Thread-29 [line:140] INFO users: 1, success: 1
Mon 27 Nov 2017 17:58:02 rest_api get_users_lookup 12168 Thread-23 [line:140] INFO users: 100, success: 100
Mon 27 Nov 2017 17:58:05 rest_api get_users_lookup 5480 Thread-27 [line:140] INFO users: 100, success: 100
Mon 27 Nov 2017 17:58:06 rest_api get_users_lookup 3740 Thread-30 [line:140] INFO users: 100, success: 100
Mon 27 Nov 2017 17:58:09 TwitterError __init__ 19052 Thread-24 [line:22] WARNING 400 statuses/filter text HTTPSConnectionPool(host='api.twitter.com', port=443): Max retries exceeded with url: /1.1/users/lookup.json (Caused by ProxyError('Cannot connect to proxy.', timeout('timed out',)))
Mon 27 Nov 2017 17:58:09 rest_api get_users_lookup 19052 Thread-24 [line:120] ERROR HTTPSConnectionPool(host='api.twitter.com', port=443): Max retries exceeded with url: /1.1/users/lookup.json (Caused by ProxyError('Cannot connect to proxy.', timeout('timed out',)))
Mon 27 Nov 2017 17:58:26 TwitterError __init__ 11136 Thread-26 [line:22] WARNING 400 statuses/filter text HTTPSConnectionPool(host='api.twitter.com', port=443): Read timed out.
Mon 27 Nov 2017 17:58:26 rest_api get_users_lookup 11136 Thread-26 [line:120] ERROR HTTPSConnectionPool(host='api.twitter.com', port=443): Read timed out.
Mon 27 Nov 2017 17:58:31 rest_api get_users_lookup 19052 Thread-24 [line:140] INFO users: 1, success: 1
Mon 27 Nov 2017 17:58:40 rest_api get_users_lookup 3740 Thread-30 [line:140] INFO users: 100, success: 100
Mon 27 Nov 2017 17:58:40 rest_api get_users_lookup 5480 Thread-27 [line:140] INFO users: 100, success: 100
Mon 27 Nov 2017 17:58:42 rest_api get_users_lookup 12168 Thread-23 [line:140] INFO users: 100, success: 100
Mon 27 Nov 2017 17:59:01 rest_api get_users_lookup 5480 Thread-27 [line:140] INFO users: 1, success: 1
Mon 27 Nov 2017 17:59:05 rest_api get_users_lookup 12168 Thread-23 [line:140] INFO users: 1, success: 1
Mon 27 Nov 2017 17:59:24 rest_api get_users_lookup 3740 Thread-30 [line:140] INFO users: 93, success: 93
Mon 27 Nov 2017 17:59:31 rest_api get_users_lookup 11136 Thread-26 [line:140] INFO users: 100, success: 100
Mon 27 Nov 2017 17:59:44 rest_api get_users_lookup 11136 Thread-26 [line:140] INFO users: 1, success: 1
Mon 27 Nov 2017 18:00:17 rest_api get_users_lookup 21292 Thread-39 [line:140] INFO users: 100, success: 100
Mon 27 Nov 2017 18:00:19 rest_api get_users_lookup 14316 Thread-41 [line:140] INFO users: 100, success: 100
Mon 27 Nov 2017 18:00:19 rest_api get_users_lookup 17496 Thread-40 [line:140] INFO users: 100, success: 100
Mon 27 Nov 2017 18:00:24 rest_api get_users_lookup 5900 Thread-36 [line:140] INFO users: 100, success: 100
Mon 27 Nov 2017 18:00:26 rest_api get_users_lookup 20372 Thread-34 [line:140] INFO users: 100, success: 100
Mon 27 Nov 2017 18:00:27 rest_api get_users_lookup 5656 Thread-38 [line:140] INFO users: 100, success: 100
Mon 27 Nov 2017 18:00:27 rest_api get_users_lookup 19668 Thread-35 [line:140] INFO users: 100, success: 100
Mon 27 Nov 2017 18:00:30 rest_api get_users_lookup 11168 Thread-37 [line:140] INFO users: 100, success: 100
Mon 27 Nov 2017 18:00:57 rest_api get_users_lookup 14316 Thread-41 [line:140] INFO users: 100, success: 100
Mon 27 Nov 2017 18:01:00 rest_api get_users_lookup 17496 Thread-40 [line:140] INFO users: 100, success: 100
Mon 27 Nov 2017 18:01:01 rest_api get_users_lookup 21292 Thread-39 [line:140] INFO users: 100, success: 100
Mon 27 Nov 2017 18:01:02 rest_api get_users_lookup 11168 Thread-37 [line:140] INFO users: 100, success: 100
Mon 27 Nov 2017 18:01:11 rest_api get_users_lookup 19668 Thread-35 [line:140] INFO users: 100, success: 100
Mon 27 Nov 2017 18:01:15 rest_api get_users_lookup 20372 Thread-34 [line:140] INFO users: 100, success: 100
Mon 27 Nov 2017 18:01:25 rest_api get_users_lookup 14316 Thread-41 [line:140] INFO users: 100, success: 100
Mon 27 Nov 2017 18:01:43 rest_api get_users_lookup 11168 Thread-37 [line:140] INFO users: 100, success: 100
Mon 27 Nov 2017 18:01:45 rest_api get_users_lookup 5656 Thread-38 [line:140] INFO users: 100, success: 100
Mon 27 Nov 2017 18:01:46 rest_api get_users_lookup 17496 Thread-40 [line:140] INFO users: 100, success: 100
Mon 27 Nov 2017 18:01:51 rest_api get_users_lookup 21292 Thread-39 [line:140] INFO users: 100, success: 100
Mon 27 Nov 2017 18:01:53 rest_api get_users_lookup 19668 Thread-35 [line:140] INFO users: 100, success: 100
Mon 27 Nov 2017 18:02:25 rest_api get_users_lookup 17496 Thread-40 [line:140] INFO users: 100, success: 100
Mon 27 Nov 2017 18:02:26 rest_api get_users_lookup 5656 Thread-38 [line:140] INFO users: 100, success: 100
Mon 27 Nov 2017 18:02:35 rest_api get_users_lookup 14316 Thread-41 [line:140] INFO users: 100, success: 100
Mon 27 Nov 2017 18:02:36 rest_api get_users_lookup 11168 Thread-37 [line:140] INFO users: 100, success: 100
Mon 27 Nov 2017 18:02:38 rest_api get_users_lookup 21292 Thread-39 [line:140] INFO users: 100, success: 100
Mon 27 Nov 2017 18:02:42 rest_api get_users_lookup 20372 Thread-34 [line:140] INFO users: 100, success: 100
Mon 27 Nov 2017 18:02:49 rest_api get_users_lookup 19668 Thread-35 [line:140] INFO users: 100, success: 100
Mon 27 Nov 2017 18:03:11 rest_api get_users_lookup 17496 Thread-40 [line:140] INFO users: 100, success: 100
Mon 27 Nov 2017 18:03:13 rest_api get_users_lookup 14316 Thread-41 [line:140] INFO users: 100, success: 100
Mon 27 Nov 2017 18:03:19 rest_api get_users_lookup 5656 Thread-38 [line:140] INFO users: 100, success: 100
Mon 27 Nov 2017 18:03:26 rest_api get_users_lookup 11168 Thread-37 [line:140] INFO users: 100, success: 100
Mon 27 Nov 2017 18:03:28 rest_api get_users_lookup 20372 Thread-34 [line:140] INFO users: 100, success: 100
Mon 27 Nov 2017 18:03:29 rest_api get_users_lookup 19668 Thread-35 [line:140] INFO users: 100, success: 100
Mon 27 Nov 2017 18:03:41 rest_api get_users_lookup 21292 Thread-39 [line:140] INFO users: 100, success: 100
Mon 27 Nov 2017 18:03:51 rest_api get_users_lookup 17496 Thread-40 [line:140] INFO users: 100, success: 100
Mon 27 Nov 2017 18:03:52 rest_api get_users_lookup 14316 Thread-41 [line:140] INFO users: 100, success: 100
Mon 27 Nov 2017 18:04:02 rest_api get_users_lookup 5656 Thread-38 [line:140] INFO users: 100, success: 100
Mon 27 Nov 2017 18:04:02 rest_api get_users_lookup 19668 Thread-35 [line:140] INFO users: 100, success: 100
Mon 27 Nov 2017 18:04:07 rest_api get_users_lookup 20372 Thread-34 [line:140] INFO users: 100, success: 100
Mon 27 Nov 2017 18:04:15 rest_api get_users_lookup 11168 Thread-37 [line:140] INFO users: 100, success: 100
Mon 27 Nov 2017 18:04:18 rest_api get_users_lookup 21292 Thread-39 [line:140] INFO users: 100, success: 100
Mon 27 Nov 2017 18:04:24 rest_api get_users_lookup 17496 Thread-40 [line:140] INFO users: 100, success: 100
