Mon 27 Nov 2017 17:04:52 rest_api get_users_lookup 16832 Thread-8 [line:140] INFO users: 100, success: 100
Mon 27 Nov 2017 17:04:57 rest_api get_users_lookup 13476 Thread-7 [line:140] INFO users: 100, success: 100
Mon 27 Nov 2017 17:05:01 rest_api get_users_lookup 5044 Thread-3 [line:140] INFO users: 100, success: 100
Mon 27 Nov 2017 17:05:01 rest_api get_users_lookup 11092 Thread-6 [line:140] INFO users: 100, success: 100
Mon 27 Nov 2017 17:05:10 rest_api get_users_lookup 7240 Thread-4 [line:140] INFO users: 100, success: 100
Mon 27 Nov 2017 17:05:13 rest_api get_users_lookup 13852 Thread-2 [line:140] INFO users: 100, success: 100
Mon 27 Nov 2017 17:05:14 rest_api get_users_lookup 19360 Thread-1 [line:140] INFO users: 100, success: 100
Mon 27 Nov 2017 17:05:17 rest_api get_users_lookup 7020 Thread-5 [line:140] INFO users: 100, success: 100
Mon 27 Nov 2017 17:05:25 rest_api get_users_lookup 16832 Thread-8 [line:140] INFO users: 100, success: 100
Mon 27 Nov 2017 17:05:31 rest_api get_users_lookup 13476 Thread-7 [line:140] INFO users: 100, success: 100
Mon 27 Nov 2017 17:05:34 rest_api get_users_lookup 11092 Thread-6 [line:140] INFO users: 100, success: 100
Mon 27 Nov 2017 17:05:43 rest_api get_users_lookup 5044 Thread-3 [line:140] INFO users: 100, success: 100
Mon 27 Nov 2017 17:05:50 rest_api get_users_lookup 19360 Thread-1 [line:140] INFO users: 100, success: 100
Mon 27 Nov 2017 17:05:50 rest_api get_users_lookup 13852 Thread-2 [line:140] INFO users: 100, success: 100
Mon 27 Nov 2017 17:06:00 rest_api get_users_lookup 16832 Thread-8 [line:140] INFO users: 100, success: 100
Mon 27 Nov 2017 17:06:02 rest_api get_users_lookup 11092 Thread-6 [line:140] INFO users: 100, success: 100
Mon 27 Nov 2017 17:06:03 rest_api get_users_lookup 7240 Thread-4 [line:140] INFO users: 100, success: 100
Mon 27 Nov 2017 17:06:11 rest_api get_users_lookup 13476 Thread-7 [line:140] INFO users: 100, success: 100
Mon 27 Nov 2017 17:06:23 rest_api get_users_lookup 7020 Thread-5 [line:140] INFO users: 100, success: 100
Mon 27 Nov 2017 17:06:25 rest_api get_users_lookup 5044 Thread-3 [line:140] INFO users: 100, success: 100
Mon 27 Nov 2017 17:06:31 rest_api get_users_lookup 19360 Thread-1 [line:140] INFO users: 100, success: 100
Mon 27 Nov 2017 17:06:31 rest_api get_users_lookup 13852 Thread-2 [line:140] INFO users: 100, success: 100
Mon 27 Nov 2017 17:06:43 rest_api get_users_lookup 13476 Thread-7 [line:140] INFO users: 100, success: 99
Mon 27 Nov 2017 17:06:43 rest_api get_users_lookup 13476 Thread-7 [line:142] INFO failed id: [850797205178900480L]
Mon 27 Nov 2017 17:06:44 rest_api get_users_lookup 16832 Thread-8 [line:140] INFO users: 100, success: 100
Mon 27 Nov 2017 17:06:47 rest_api get_users_lookup 7020 Thread-5 [line:140] INFO users: 100, success: 100
Mon 27 Nov 2017 17:06:50 rest_api get_users_lookup 11092 Thread-6 [line:140] INFO users: 100, success: 100
Mon 27 Nov 2017 17:06:52 rest_api get_users_lookup 13852 Thread-2 [line:140] INFO users: 100, success: 100
Mon 27 Nov 2017 17:06:55 rest_api get_users_lookup 7240 Thread-4 [line:140] INFO users: 100, success: 100
Mon 27 Nov 2017 17:07:06 rest_api get_users_lookup 5044 Thread-3 [line:140] INFO users: 100, success: 100
Mon 27 Nov 2017 17:07:13 rest_api get_users_lookup 19360 Thread-1 [line:140] INFO users: 100, success: 100
Mon 27 Nov 2017 17:07:20 rest_api get_users_lookup 13852 Thread-2 [line:140] INFO users: 100, success: 100
Mon 27 Nov 2017 17:07:21 rest_api get_users_lookup 7020 Thread-5 [line:140] INFO users: 100, success: 100
Mon 27 Nov 2017 17:07:21 rest_api get_users_lookup 13476 Thread-7 [line:140] INFO users: 100, success: 100
Mon 27 Nov 2017 17:07:22 rest_api get_users_lookup 16832 Thread-8 [line:140] INFO users: 100, success: 100
Mon 27 Nov 2017 17:07:23 rest_api get_users_lookup 11092 Thread-6 [line:140] INFO users: 100, success: 100
Mon 27 Nov 2017 17:07:24 rest_api get_users_lookup 7240 Thread-4 [line:140] INFO users: 100, success: 100
Mon 27 Nov 2017 17:07:35 rest_api get_users_lookup 5044 Thread-3 [line:140] INFO users: 100, success: 100
Mon 27 Nov 2017 17:07:44 TwitterError __init__ 13476 Thread-7 [line:22] WARNING 400 statuses/filter text HTTPSConnectionPool(host='api.twitter.com', port=443): Read timed out.
Mon 27 Nov 2017 17:07:44 rest_api get_users_lookup 13476 Thread-7 [line:120] ERROR HTTPSConnectionPool(host='api.twitter.com', port=443): Read timed out.
Mon 27 Nov 2017 17:07:50 rest_api get_users_lookup 19360 Thread-1 [line:140] INFO users: 100, success: 100
Mon 27 Nov 2017 17:07:56 rest_api get_users_lookup 16832 Thread-8 [line:140] INFO users: 100, success: 100
Mon 27 Nov 2017 17:07:56 rest_api get_users_lookup 13852 Thread-2 [line:140] INFO users: 100, success: 100
Mon 27 Nov 2017 17:08:05 rest_api get_users_lookup 7020 Thread-5 [line:140] INFO users: 100, success: 100
Mon 27 Nov 2017 17:08:06 rest_api get_users_lookup 7240 Thread-4 [line:140] INFO users: 100, success: 100
Mon 27 Nov 2017 17:08:07 rest_api get_users_lookup 11092 Thread-6 [line:140] INFO users: 100, success: 100
Mon 27 Nov 2017 17:08:10 rest_api get_users_lookup 5044 Thread-3 [line:140] INFO users: 100, success: 100
Mon 27 Nov 2017 17:08:28 rest_api get_users_lookup 19360 Thread-1 [line:140] INFO users: 100, success: 100
Mon 27 Nov 2017 17:08:29 rest_api get_users_lookup 13476 Thread-7 [line:140] INFO users: 100, success: 100
Mon 27 Nov 2017 17:08:35 rest_api get_users_lookup 16832 Thread-8 [line:140] INFO users: 100, success: 100
Mon 27 Nov 2017 17:08:41 rest_api get_users_lookup 7240 Thread-4 [line:140] INFO users: 100, success: 100
Mon 27 Nov 2017 17:08:46 rest_api get_users_lookup 7020 Thread-5 [line:140] INFO users: 100, success: 100
Mon 27 Nov 2017 17:08:47 rest_api get_users_lookup 5044 Thread-3 [line:140] INFO users: 100, success: 100
Mon 27 Nov 2017 17:08:47 rest_api get_users_lookup 13852 Thread-2 [line:140] INFO users: 100, success: 100
Mon 27 Nov 2017 17:08:50 TwitterError __init__ 16832 Thread-8 [line:22] WARNING 400 statuses/filter text HTTPSConnectionPool(host='api.twitter.com', port=443): Max retries exceeded with url: /1.1/users/lookup.json (Caused by ProxyError('Cannot connect to proxy.', timeout('timed out',)))
Mon 27 Nov 2017 17:08:50 rest_api get_users_lookup 16832 Thread-8 [line:120] ERROR HTTPSConnectionPool(host='api.twitter.com', port=443): Max retries exceeded with url: /1.1/users/lookup.json (Caused by ProxyError('Cannot connect to proxy.', timeout('timed out',)))
Mon 27 Nov 2017 17:08:56 rest_api get_users_lookup 11092 Thread-6 [line:140] INFO users: 100, success: 100
Mon 27 Nov 2017 17:09:13 rest_api get_users_lookup 19360 Thread-1 [line:140] INFO users: 100, success: 100
Mon 27 Nov 2017 17:09:18 rest_api get_users_lookup 13852 Thread-2 [line:140] INFO users: 100, success: 100
Mon 27 Nov 2017 17:09:20 rest_api get_users_lookup 7240 Thread-4 [line:140] INFO users: 100, success: 99
Mon 27 Nov 2017 17:09:20 rest_api get_users_lookup 7240 Thread-4 [line:142] INFO failed id: [262919466]
Mon 27 Nov 2017 17:09:22 rest_api get_users_lookup 5044 Thread-3 [line:140] INFO users: 100, success: 100
Mon 27 Nov 2017 17:09:29 rest_api get_users_lookup 11092 Thread-6 [line:140] INFO users: 100, success: 100
Mon 27 Nov 2017 17:09:46 rest_api get_users_lookup 13852 Thread-2 [line:140] INFO users: 100, success: 100
Mon 27 Nov 2017 17:09:47 rest_api get_users_lookup 19360 Thread-1 [line:140] INFO users: 100, success: 100
Mon 27 Nov 2017 17:09:49 rest_api get_users_lookup 16832 Thread-8 [line:140] INFO users: 100, success: 100
Mon 27 Nov 2017 17:09:53 rest_api get_users_lookup 7020 Thread-5 [line:140] INFO users: 100, success: 100
Mon 27 Nov 2017 17:10:03 TwitterError __init__ 13476 Thread-7 [line:22] WARNING 400 statuses/filter text HTTPSConnectionPool(host='api.twitter.com', port=443): Read timed out.
Mon 27 Nov 2017 17:10:03 rest_api get_users_lookup 13476 Thread-7 [line:120] ERROR HTTPSConnectionPool(host='api.twitter.com', port=443): Read timed out.
Mon 27 Nov 2017 17:10:08 rest_api get_users_lookup 7240 Thread-4 [line:140] INFO users: 100, success: 100
Mon 27 Nov 2017 17:10:10 rest_api get_users_lookup 19360 Thread-1 [line:140] INFO users: 100, success: 100
Mon 27 Nov 2017 17:10:11 rest_api get_users_lookup 11092 Thread-6 [line:140] INFO users: 100, success: 100
Mon 27 Nov 2017 17:10:18 rest_api get_users_lookup 5044 Thread-3 [line:140] INFO users: 100, success: 100
Mon 27 Nov 2017 17:10:19 rest_api get_users_lookup 13852 Thread-2 [line:140] INFO users: 100, success: 100
Mon 27 Nov 2017 17:10:24 rest_api get_users_lookup 16832 Thread-8 [line:140] INFO users: 100, success: 100
Mon 27 Nov 2017 17:10:33 rest_api get_users_lookup 7020 Thread-5 [line:140] INFO users: 100, success: 100
Mon 27 Nov 2017 17:10:50 rest_api get_users_lookup 5044 Thread-3 [line:140] INFO users: 100, success: 100
Mon 27 Nov 2017 17:10:57 rest_api get_users_lookup 13852 Thread-2 [line:140] INFO users: 100, success: 100
Mon 27 Nov 2017 17:10:59 rest_api get_users_lookup 11092 Thread-6 [line:140] INFO users: 100, success: 100
Mon 27 Nov 2017 17:11:02 rest_api get_users_lookup 7240 Thread-4 [line:140] INFO users: 100, success: 100
Mon 27 Nov 2017 17:11:06 rest_api get_users_lookup 16832 Thread-8 [line:140] INFO users: 100, success: 100
Mon 27 Nov 2017 17:11:07 rest_api get_users_lookup 19360 Thread-1 [line:140] INFO users: 100, success: 100
Mon 27 Nov 2017 17:11:12 rest_api get_users_lookup 7020 Thread-5 [line:140] INFO users: 100, success: 100
Mon 27 Nov 2017 17:11:27 rest_api get_users_lookup 13852 Thread-2 [line:140] INFO users: 100, success: 99
Mon 27 Nov 2017 17:11:27 rest_api get_users_lookup 13852 Thread-2 [line:142] INFO failed id: [222957583]
Mon 27 Nov 2017 17:11:28 rest_api get_users_lookup 13476 Thread-7 [line:140] INFO users: 100, success: 100
Mon 27 Nov 2017 17:11:31 rest_api get_users_lookup 5044 Thread-3 [line:140] INFO users: 100, success: 100
Mon 27 Nov 2017 17:11:40 rest_api get_users_lookup 16832 Thread-8 [line:140] INFO users: 100, success: 100
Mon 27 Nov 2017 17:11:43 rest_api get_users_lookup 11092 Thread-6 [line:140] INFO users: 100, success: 100
Mon 27 Nov 2017 17:11:48 rest_api get_users_lookup 19360 Thread-1 [line:140] INFO users: 100, success: 100
Mon 27 Nov 2017 17:11:51 rest_api get_users_lookup 7020 Thread-5 [line:140] INFO users: 100, success: 100
Mon 27 Nov 2017 17:11:51 rest_api get_users_lookup 7240 Thread-4 [line:140] INFO users: 100, success: 100
Mon 27 Nov 2017 17:11:57 rest_api get_users_lookup 13852 Thread-2 [line:140] INFO users: 100, success: 100
Mon 27 Nov 2017 17:12:02 rest_api get_users_lookup 13476 Thread-7 [line:140] INFO users: 100, success: 100
Mon 27 Nov 2017 17:12:05 rest_api get_users_lookup 5044 Thread-3 [line:140] INFO users: 100, success: 100
Mon 27 Nov 2017 17:12:11 rest_api get_users_lookup 16832 Thread-8 [line:140] INFO users: 100, success: 100
Mon 27 Nov 2017 17:12:16 rest_api get_users_lookup 11092 Thread-6 [line:140] INFO users: 100, success: 100
Mon 27 Nov 2017 17:12:20 rest_api get_users_lookup 7020 Thread-5 [line:140] INFO users: 100, success: 100
Mon 27 Nov 2017 17:12:20 rest_api get_users_lookup 19360 Thread-1 [line:140] INFO users: 100, success: 100
Mon 27 Nov 2017 17:12:29 rest_api get_users_lookup 7240 Thread-4 [line:140] INFO users: 100, success: 100
Mon 27 Nov 2017 17:12:33 rest_api get_users_lookup 13852 Thread-2 [line:140] INFO users: 100, success: 100
Mon 27 Nov 2017 17:12:34 rest_api get_users_lookup 16832 Thread-8 [line:140] INFO users: 100, success: 100
Mon 27 Nov 2017 17:12:43 rest_api get_users_lookup 13476 Thread-7 [line:140] INFO users: 100, success: 100
Mon 27 Nov 2017 17:12:46 rest_api get_users_lookup 5044 Thread-3 [line:140] INFO users: 100, success: 100
Mon 27 Nov 2017 17:12:57 rest_api get_users_lookup 19360 Thread-1 [line:140] INFO users: 100, success: 100
Mon 27 Nov 2017 17:13:01 rest_api get_users_lookup 7020 Thread-5 [line:140] INFO users: 100, success: 100
Mon 27 Nov 2017 17:13:01 rest_api get_users_lookup 11092 Thread-6 [line:140] INFO users: 100, success: 100
Mon 27 Nov 2017 17:13:08 rest_api get_users_lookup 13852 Thread-2 [line:140] INFO users: 100, success: 100
Mon 27 Nov 2017 17:13:08 rest_api get_users_lookup 7240 Thread-4 [line:140] INFO users: 100, success: 100
Mon 27 Nov 2017 17:13:10 rest_api get_users_lookup 13476 Thread-7 [line:140] INFO users: 100, success: 100
Mon 27 Nov 2017 17:13:19 rest_api get_users_lookup 5044 Thread-3 [line:140] INFO users: 100, success: 100
Mon 27 Nov 2017 17:13:20 rest_api get_users_lookup 16832 Thread-8 [line:140] INFO users: 100, success: 100
Mon 27 Nov 2017 17:13:22 rest_api get_users_lookup 7020 Thread-5 [line:140] INFO users: 100, success: 100
Mon 27 Nov 2017 17:13:41 rest_api get_users_lookup 19360 Thread-1 [line:140] INFO users: 100, success: 100
Mon 27 Nov 2017 17:13:41 rest_api get_users_lookup 11092 Thread-6 [line:140] INFO users: 100, success: 100
Mon 27 Nov 2017 17:13:50 rest_api get_users_lookup 13476 Thread-7 [line:140] INFO users: 100, success: 100
Mon 27 Nov 2017 17:13:54 rest_api get_users_lookup 7240 Thread-4 [line:140] INFO users: 100, success: 100
Mon 27 Nov 2017 17:13:59 rest_api get_users_lookup 13852 Thread-2 [line:140] INFO users: 100, success: 100
Mon 27 Nov 2017 17:14:04 rest_api get_users_lookup 16832 Thread-8 [line:140] INFO users: 100, success: 100
Mon 27 Nov 2017 17:14:10 rest_api get_users_lookup 7020 Thread-5 [line:140] INFO users: 100, success: 100
Mon 27 Nov 2017 17:14:11 rest_api get_users_lookup 5044 Thread-3 [line:140] INFO users: 100, success: 100
Mon 27 Nov 2017 17:14:27 rest_api get_users_lookup 13852 Thread-2 [line:140] INFO users: 100, success: 100
Mon 27 Nov 2017 17:14:28 rest_api get_users_lookup 13476 Thread-7 [line:140] INFO users: 100, success: 100
Mon 27 Nov 2017 17:14:28 rest_api get_users_lookup 11092 Thread-6 [line:140] INFO users: 100, success: 100
Mon 27 Nov 2017 17:14:28 rest_api get_users_lookup 7240 Thread-4 [line:140] INFO users: 100, success: 100
Mon 27 Nov 2017 17:14:40 rest_api get_users_lookup 16832 Thread-8 [line:140] INFO users: 100, success: 100
Mon 27 Nov 2017 17:14:41 rest_api get_users_lookup 19360 Thread-1 [line:140] INFO users: 100, success: 100
Mon 27 Nov 2017 17:14:41 TwitterError __init__ 13852 Thread-2 [line:22] WARNING 400 statuses/filter text HTTPSConnectionPool(host='api.twitter.com', port=443): Max retries exceeded with url: /1.1/users/lookup.json (Caused by ProxyError('Cannot connect to proxy.', timeout('timed out',)))
Mon 27 Nov 2017 17:14:41 rest_api get_users_lookup 13852 Thread-2 [line:120] ERROR HTTPSConnectionPool(host='api.twitter.com', port=443): Max retries exceeded with url: /1.1/users/lookup.json (Caused by ProxyError('Cannot connect to proxy.', timeout('timed out',)))
Mon 27 Nov 2017 17:14:46 rest_api get_users_lookup 7020 Thread-5 [line:140] INFO users: 100, success: 100
Mon 27 Nov 2017 17:14:53 rest_api get_users_lookup 5044 Thread-3 [line:140] INFO users: 100, success: 100
Mon 27 Nov 2017 17:15:10 rest_api get_users_lookup 13476 Thread-7 [line:140] INFO users: 100, success: 100
Mon 27 Nov 2017 17:15:13 rest_api get_users_lookup 11092 Thread-6 [line:140] INFO users: 100, success: 100
Mon 27 Nov 2017 17:15:15 rest_api get_users_lookup 7240 Thread-4 [line:140] INFO users: 100, success: 100
Mon 27 Nov 2017 17:15:20 rest_api get_users_lookup 19360 Thread-1 [line:140] INFO users: 100, success: 100
Mon 27 Nov 2017 17:15:24 rest_api get_users_lookup 7020 Thread-5 [line:140] INFO users: 100, success: 100
Mon 27 Nov 2017 17:15:36 rest_api get_users_lookup 13852 Thread-2 [line:140] INFO users: 100, success: 100
Mon 27 Nov 2017 17:15:45 rest_api get_users_lookup 5044 Thread-3 [line:140] INFO users: 100, success: 100
Mon 27 Nov 2017 17:15:47 rest_api get_users_lookup 11092 Thread-6 [line:140] INFO users: 100, success: 100
Mon 27 Nov 2017 17:15:48 rest_api get_users_lookup 13476 Thread-7 [line:140] INFO users: 100, success: 100
Mon 27 Nov 2017 17:16:01 rest_api get_users_lookup 7240 Thread-4 [line:140] INFO users: 100, success: 100
Mon 27 Nov 2017 17:16:07 rest_api get_users_lookup 16832 Thread-8 [line:140] INFO users: 100, success: 100
Mon 27 Nov 2017 17:16:09 rest_api get_users_lookup 7020 Thread-5 [line:140] INFO users: 100, success: 100
Mon 27 Nov 2017 17:16:13 rest_api get_users_lookup 19360 Thread-1 [line:140] INFO users: 100, success: 100
Mon 27 Nov 2017 17:16:25 rest_api get_users_lookup 5044 Thread-3 [line:140] INFO users: 100, success: 100
Mon 27 Nov 2017 17:16:26 rest_api get_users_lookup 11092 Thread-6 [line:140] INFO users: 100, success: 100
Mon 27 Nov 2017 17:16:27 rest_api get_users_lookup 13476 Thread-7 [line:140] INFO users: 100, success: 100
Mon 27 Nov 2017 17:16:40 rest_api get_users_lookup 13852 Thread-2 [line:140] INFO users: 100, success: 100
Mon 27 Nov 2017 17:16:42 rest_api get_users_lookup 16832 Thread-8 [line:140] INFO users: 100, success: 100
Mon 27 Nov 2017 17:16:48 rest_api get_users_lookup 7020 Thread-5 [line:140] INFO users: 100, success: 100
Mon 27 Nov 2017 17:16:58 rest_api get_users_lookup 19360 Thread-1 [line:140] INFO users: 100, success: 100
Mon 27 Nov 2017 17:17:01 rest_api get_users_lookup 5044 Thread-3 [line:140] INFO users: 100, success: 100
Mon 27 Nov 2017 17:17:08 rest_api get_users_lookup 7240 Thread-4 [line:140] INFO users: 100, success: 100
Mon 27 Nov 2017 17:17:09 rest_api get_users_lookup 11092 Thread-6 [line:140] INFO users: 100, success: 100
Mon 27 Nov 2017 17:17:11 rest_api get_users_lookup 13852 Thread-2 [line:140] INFO users: 100, success: 100
Mon 27 Nov 2017 17:17:18 TwitterError __init__ 13476 Thread-7 [line:22] WARNING 400 statuses/filter text HTTPSConnectionPool(host='api.twitter.com', port=443): Read timed out.
Mon 27 Nov 2017 17:17:18 rest_api get_users_lookup 13476 Thread-7 [line:120] ERROR HTTPSConnectionPool(host='api.twitter.com', port=443): Read timed out.
Mon 27 Nov 2017 17:17:21 rest_api get_users_lookup 16832 Thread-8 [line:140] INFO users: 100, success: 100
Mon 27 Nov 2017 17:17:21 rest_api get_users_lookup 7020 Thread-5 [line:140] INFO users: 100, success: 100
Mon 27 Nov 2017 17:17:29 TwitterError __init__ 5044 Thread-3 [line:22] WARNING 400 statuses/filter text HTTPSConnectionPool(host='api.twitter.com', port=443): Read timed out.
Mon 27 Nov 2017 17:17:29 rest_api get_users_lookup 5044 Thread-3 [line:120] ERROR HTTPSConnectionPool(host='api.twitter.com', port=443): Read timed out.
Mon 27 Nov 2017 17:17:38 rest_api get_users_lookup 19360 Thread-1 [line:140] INFO users: 100, success: 100
Mon 27 Nov 2017 17:17:44 rest_api get_users_lookup 7240 Thread-4 [line:140] INFO users: 100, success: 100
Mon 27 Nov 2017 17:17:45 rest_api get_users_lookup 11092 Thread-6 [line:140] INFO users: 100, success: 100
Mon 27 Nov 2017 17:17:49 rest_api get_users_lookup 13852 Thread-2 [line:140] INFO users: 100, success: 100
Mon 27 Nov 2017 17:17:50 rest_api get_users_lookup 16832 Thread-8 [line:140] INFO users: 100, success: 100
Mon 27 Nov 2017 17:17:58 rest_api get_users_lookup 13476 Thread-7 [line:140] INFO users: 100, success: 100
Mon 27 Nov 2017 17:18:04 rest_api get_users_lookup 7020 Thread-5 [line:140] INFO users: 100, success: 100
Mon 27 Nov 2017 17:18:17 rest_api get_users_lookup 13852 Thread-2 [line:140] INFO users: 100, success: 100
Mon 27 Nov 2017 17:18:20 rest_api get_users_lookup 19360 Thread-1 [line:140] INFO users: 100, success: 100
Mon 27 Nov 2017 17:18:21 rest_api get_users_lookup 5044 Thread-3 [line:140] INFO users: 100, success: 100
Mon 27 Nov 2017 17:18:22 rest_api get_users_lookup 11092 Thread-6 [line:140] INFO users: 100, success: 100
Mon 27 Nov 2017 17:18:28 rest_api get_users_lookup 16832 Thread-8 [line:140] INFO users: 100, success: 100
Mon 27 Nov 2017 17:18:30 rest_api get_users_lookup 7240 Thread-4 [line:140] INFO users: 100, success: 100
Mon 27 Nov 2017 17:18:36 rest_api get_users_lookup 13476 Thread-7 [line:140] INFO users: 100, success: 100
Mon 27 Nov 2017 17:18:38 rest_api get_users_lookup 7020 Thread-5 [line:140] INFO users: 100, success: 100
Mon 27 Nov 2017 17:18:48 rest_api get_users_lookup 5044 Thread-3 [line:140] INFO users: 100, success: 100
Mon 27 Nov 2017 17:18:49 rest_api get_users_lookup 13852 Thread-2 [line:140] INFO users: 100, success: 100
Mon 27 Nov 2017 17:18:51 rest_api get_users_lookup 11092 Thread-6 [line:140] INFO users: 100, success: 100
Mon 27 Nov 2017 17:18:53 rest_api get_users_lookup 19360 Thread-1 [line:140] INFO users: 100, success: 100
Mon 27 Nov 2017 17:18:59 rest_api get_users_lookup 7240 Thread-4 [line:140] INFO users: 100, success: 100
Mon 27 Nov 2017 17:19:04 rest_api get_users_lookup 16832 Thread-8 [line:140] INFO users: 100, success: 100
Mon 27 Nov 2017 17:19:15 rest_api get_users_lookup 13476 Thread-7 [line:140] INFO users: 100, success: 100
Mon 27 Nov 2017 17:19:18 rest_api get_users_lookup 7020 Thread-5 [line:140] INFO users: 100, success: 100
Mon 27 Nov 2017 17:19:20 rest_api get_users_lookup 11092 Thread-6 [line:140] INFO users: 100, success: 100
Mon 27 Nov 2017 17:19:29 rest_api get_users_lookup 13852 Thread-2 [line:140] INFO users: 100, success: 100
Mon 27 Nov 2017 17:19:31 rest_api get_users_lookup 5044 Thread-3 [line:140] INFO users: 100, success: 100
Mon 27 Nov 2017 17:19:33 rest_api get_users_lookup 7240 Thread-4 [line:140] INFO users: 100, success: 100
Mon 27 Nov 2017 17:19:38 rest_api get_users_lookup 19360 Thread-1 [line:140] INFO users: 100, success: 100
Mon 27 Nov 2017 17:19:39 rest_api get_users_lookup 11092 Thread-6 [line:140] INFO users: 100, success: 100
Mon 27 Nov 2017 17:19:43 rest_api get_users_lookup 16832 Thread-8 [line:140] INFO users: 100, success: 100
Mon 27 Nov 2017 17:19:44 rest_api get_users_lookup 7020 Thread-5 [line:140] INFO users: 100, success: 100
Mon 27 Nov 2017 17:20:00 TwitterError __init__ 19360 Thread-1 [line:22] WARNING 400 statuses/filter text HTTPSConnectionPool(host='api.twitter.com', port=443): Read timed out.
Mon 27 Nov 2017 17:20:00 rest_api get_users_lookup 19360 Thread-1 [line:120] ERROR HTTPSConnectionPool(host='api.twitter.com', port=443): Read timed out.
Mon 27 Nov 2017 17:20:03 rest_api get_users_lookup 5044 Thread-3 [line:140] INFO users: 100, success: 100
Mon 27 Nov 2017 17:20:11 rest_api get_users_lookup 13476 Thread-7 [line:140] INFO users: 100, success: 100
Mon 27 Nov 2017 17:20:13 rest_api get_users_lookup 7020 Thread-5 [line:140] INFO users: 100, success: 100
Mon 27 Nov 2017 17:20:16 rest_api get_users_lookup 13852 Thread-2 [line:140] INFO users: 100, success: 100
Mon 27 Nov 2017 17:20:16 rest_api get_users_lookup 7240 Thread-4 [line:140] INFO users: 100, success: 100
Mon 27 Nov 2017 17:20:19 rest_api get_users_lookup 16832 Thread-8 [line:140] INFO users: 100, success: 100
Mon 27 Nov 2017 17:20:28 rest_api get_users_lookup 5044 Thread-3 [line:140] INFO users: 100, success: 100
Mon 27 Nov 2017 17:20:31 rest_api get_users_lookup 11092 Thread-6 [line:140] INFO users: 100, success: 100
Mon 27 Nov 2017 17:20:34 rest_api get_users_lookup 7020 Thread-5 [line:140] INFO users: 100, success: 100
Mon 27 Nov 2017 17:20:39 rest_api get_users_lookup 13852 Thread-2 [line:140] INFO users: 1, success: 1
Mon 27 Nov 2017 17:20:49 rest_api get_users_lookup 11092 Thread-6 [line:140] INFO users: 1, success: 1
Mon 27 Nov 2017 17:20:52 rest_api get_users_lookup 7020 Thread-5 [line:140] INFO users: 1, success: 1
Mon 27 Nov 2017 17:20:53 rest_api get_users_lookup 19360 Thread-1 [line:140] INFO users: 100, success: 100
Mon 27 Nov 2017 17:20:56 rest_api get_users_lookup 13476 Thread-7 [line:140] INFO users: 100, success: 100
Mon 27 Nov 2017 17:21:00 rest_api get_users_lookup 16832 Thread-8 [line:140] INFO users: 93, success: 93
Mon 27 Nov 2017 17:21:00 rest_api get_users_lookup 7240 Thread-4 [line:140] INFO users: 100, success: 100
Mon 27 Nov 2017 17:21:05 rest_api get_users_lookup 5044 Thread-3 [line:140] INFO users: 100, success: 100
Mon 27 Nov 2017 17:21:18 rest_api get_users_lookup 19360 Thread-1 [line:140] INFO users: 100, success: 100
Mon 27 Nov 2017 17:21:26 rest_api get_users_lookup 13476 Thread-7 [line:140] INFO users: 100, success: 100
Mon 27 Nov 2017 17:21:30 rest_api get_users_lookup 5044 Thread-3 [line:140] INFO users: 1, success: 1
Mon 27 Nov 2017 17:21:33 rest_api get_users_lookup 7240 Thread-4 [line:140] INFO users: 100, success: 100
Mon 27 Nov 2017 17:21:56 TwitterError __init__ 19360 Thread-1 [line:22] WARNING 400 statuses/filter text HTTPSConnectionPool(host='api.twitter.com', port=443): Read timed out.
Mon 27 Nov 2017 17:21:56 rest_api get_users_lookup 19360 Thread-1 [line:120] ERROR HTTPSConnectionPool(host='api.twitter.com', port=443): Read timed out.
Mon 27 Nov 2017 17:22:01 rest_api get_users_lookup 13476 Thread-7 [line:140] INFO users: 100, success: 100
Mon 27 Nov 2017 17:22:30 TwitterError __init__ 19360 Thread-1 [line:22] WARNING 400 statuses/filter text HTTPSConnectionPool(host='api.twitter.com', port=443): Read timed out.
Mon 27 Nov 2017 17:22:30 rest_api get_users_lookup 19360 Thread-1 [line:120] ERROR HTTPSConnectionPool(host='api.twitter.com', port=443): Read timed out.
Mon 27 Nov 2017 17:22:43 rest_api get_users_lookup 13476 Thread-7 [line:140] INFO users: 100, success: 100
Mon 27 Nov 2017 17:22:46 rest_api get_users_lookup 7240 Thread-4 [line:140] INFO users: 100, success: 100
Mon 27 Nov 2017 17:23:00 rest_api get_users_lookup 7240 Thread-4 [line:140] INFO users: 1, success: 1
Mon 27 Nov 2017 17:23:17 rest_api get_users_lookup 13476 Thread-7 [line:140] INFO users: 100, success: 100
Mon 27 Nov 2017 17:23:18 rest_api get_users_lookup 19360 Thread-1 [line:140] INFO users: 100, success: 100
Mon 27 Nov 2017 17:23:33 rest_api get_users_lookup 19360 Thread-1 [line:140] INFO users: 1, success: 1
Mon 27 Nov 2017 17:23:46 rest_api get_users_lookup 13476 Thread-7 [line:140] INFO users: 100, success: 100
Mon 27 Nov 2017 17:23:59 rest_api get_users_lookup 13476 Thread-7 [line:140] INFO users: 1, success: 1
Mon 27 Nov 2017 17:24:29 rest_api get_users_lookup 11104 Thread-12 [line:140] INFO users: 100, success: 100
Mon 27 Nov 2017 17:24:35 rest_api get_users_lookup 13236 Thread-18 [line:140] INFO users: 100, success: 100
Mon 27 Nov 2017 17:24:35 rest_api get_users_lookup 16244 Thread-17 [line:140] INFO users: 100, success: 100
Mon 27 Nov 2017 17:24:36 rest_api get_users_lookup 15412 Thread-15 [line:140] INFO users: 100, success: 100
Mon 27 Nov 2017 17:24:36 rest_api get_users_lookup 11812 Thread-13 [line:140] INFO users: 100, success: 100
Mon 27 Nov 2017 17:24:37 rest_api get_users_lookup 13536 Thread-16 [line:140] INFO users: 100, success: 100
Mon 27 Nov 2017 17:24:44 rest_api get_users_lookup 8724 Thread-14 [line:140] INFO users: 100, success: 100
Mon 27 Nov 2017 17:24:46 rest_api get_users_lookup 17444 Thread-19 [line:140] INFO users: 100, success: 100
Mon 27 Nov 2017 17:24:57 rest_api get_users_lookup 11104 Thread-12 [line:140] INFO users: 100, success: 100
Mon 27 Nov 2017 17:25:04 TwitterError __init__ 16244 Thread-17 [line:22] WARNING 400 statuses/filter text HTTPSConnectionPool(host='api.twitter.com', port=443): Max retries exceeded with url: /1.1/users/lookup.json (Caused by ProxyError('Cannot connect to proxy.', timeout('timed out',)))
Mon 27 Nov 2017 17:25:04 rest_api get_users_lookup 16244 Thread-17 [line:120] ERROR HTTPSConnectionPool(host='api.twitter.com', port=443): Max retries exceeded with url: /1.1/users/lookup.json (Caused by ProxyError('Cannot connect to proxy.', timeout('timed out',)))
Mon 27 Nov 2017 17:25:18 rest_api get_users_lookup 11812 Thread-13 [line:140] INFO users: 100, success: 100
Mon 27 Nov 2017 17:25:21 rest_api get_users_lookup 13236 Thread-18 [line:140] INFO users: 100, success: 100
Mon 27 Nov 2017 17:25:25 rest_api get_users_lookup 17444 Thread-19 [line:140] INFO users: 100, success: 100
Mon 27 Nov 2017 17:25:26 rest_api get_users_lookup 15412 Thread-15 [line:140] INFO users: 100, success: 100
Mon 27 Nov 2017 17:25:26 rest_api get_users_lookup 11104 Thread-12 [line:140] INFO users: 100, success: 100
Mon 27 Nov 2017 17:25:30 rest_api get_users_lookup 8724 Thread-14 [line:140] INFO users: 100, success: 100
Mon 27 Nov 2017 17:25:36 rest_api get_users_lookup 13536 Thread-16 [line:140] INFO users: 100, success: 100
Mon 27 Nov 2017 17:25:42 rest_api get_users_lookup 11812 Thread-13 [line:140] INFO users: 100, success: 100
Mon 27 Nov 2017 17:25:48 rest_api get_users_lookup 11104 Thread-12 [line:140] INFO users: 100, success: 100
Mon 27 Nov 2017 17:25:51 rest_api get_users_lookup 13236 Thread-18 [line:140] INFO users: 100, success: 100
Mon 27 Nov 2017 17:25:51 rest_api get_users_lookup 16244 Thread-17 [line:140] INFO users: 100, success: 100
Mon 27 Nov 2017 17:25:52 rest_api get_users_lookup 15412 Thread-15 [line:140] INFO users: 100, success: 100
Mon 27 Nov 2017 17:25:56 rest_api get_users_lookup 17444 Thread-19 [line:140] INFO users: 100, success: 100
Mon 27 Nov 2017 17:26:06 rest_api get_users_lookup 8724 Thread-14 [line:140] INFO users: 100, success: 100
Mon 27 Nov 2017 17:26:07 rest_api get_users_lookup 13536 Thread-16 [line:140] INFO users: 100, success: 100
Mon 27 Nov 2017 17:26:12 rest_api get_users_lookup 11104 Thread-12 [line:140] INFO users: 100, success: 100
Mon 27 Nov 2017 17:26:18 rest_api get_users_lookup 16244 Thread-17 [line:140] INFO users: 100, success: 100
Mon 27 Nov 2017 17:26:22 rest_api get_users_lookup 11812 Thread-13 [line:140] INFO users: 100, success: 100
Mon 27 Nov 2017 17:26:24 rest_api get_users_lookup 17444 Thread-19 [line:140] INFO users: 100, success: 100
Mon 27 Nov 2017 17:26:26 rest_api get_users_lookup 13236 Thread-18 [line:140] INFO users: 100, success: 100
Mon 27 Nov 2017 17:26:31 rest_api get_users_lookup 15412 Thread-15 [line:140] INFO users: 100, success: 100
Mon 27 Nov 2017 17:26:32 rest_api get_users_lookup 11104 Thread-12 [line:140] INFO users: 100, success: 100
Mon 27 Nov 2017 17:26:34 rest_api get_users_lookup 8724 Thread-14 [line:140] INFO users: 100, success: 100
Mon 27 Nov 2017 17:26:46 rest_api get_users_lookup 13536 Thread-16 [line:140] INFO users: 100, success: 100
Mon 27 Nov 2017 17:26:48 rest_api get_users_lookup 16244 Thread-17 [line:140] INFO users: 100, success: 100
Mon 27 Nov 2017 17:27:08 rest_api get_users_lookup 15412 Thread-15 [line:140] INFO users: 100, success: 100
Mon 27 Nov 2017 17:27:08 rest_api get_users_lookup 17444 Thread-19 [line:140] INFO users: 100, success: 100
Mon 27 Nov 2017 17:27:10 TwitterError __init__ 11812 Thread-13 [line:22] WARNING 400 statuses/filter text HTTPSConnectionPool(host='api.twitter.com', port=443): Read timed out.
Mon 27 Nov 2017 17:27:10 rest_api get_users_lookup 11812 Thread-13 [line:120] ERROR HTTPSConnectionPool(host='api.twitter.com', port=443): Read timed out.
Mon 27 Nov 2017 17:27:14 rest_api get_users_lookup 11104 Thread-12 [line:140] INFO users: 100, success: 100
Mon 27 Nov 2017 17:27:18 rest_api get_users_lookup 8724 Thread-14 [line:140] INFO users: 100, success: 100
Mon 27 Nov 2017 17:27:18 rest_api get_users_lookup 13236 Thread-18 [line:140] INFO users: 100, success: 100
Mon 27 Nov 2017 17:27:18 rest_api get_users_lookup 16244 Thread-17 [line:140] INFO users: 100, success: 100
Mon 27 Nov 2017 17:27:24 rest_api get_users_lookup 13536 Thread-16 [line:140] INFO users: 100, success: 100
Mon 27 Nov 2017 17:27:44 rest_api get_users_lookup 15412 Thread-15 [line:140] INFO users: 100, success: 100
Mon 27 Nov 2017 17:27:55 rest_api get_users_lookup 8724 Thread-14 [line:140] INFO users: 100, success: 100
Mon 27 Nov 2017 17:27:56 rest_api get_users_lookup 16244 Thread-17 [line:140] INFO users: 100, success: 100
Mon 27 Nov 2017 17:27:57 rest_api get_users_lookup 11104 Thread-12 [line:140] INFO users: 100, success: 100
Mon 27 Nov 2017 17:28:02 rest_api get_users_lookup 13236 Thread-18 [line:140] INFO users: 100, success: 100
Mon 27 Nov 2017 17:28:03 rest_api get_users_lookup 11812 Thread-13 [line:140] INFO users: 100, success: 100
Mon 27 Nov 2017 17:28:12 rest_api get_users_lookup 13536 Thread-16 [line:140] INFO users: 100, success: 100
Mon 27 Nov 2017 17:28:22 rest_api get_users_lookup 17444 Thread-19 [line:140] INFO users: 100, success: 100
Mon 27 Nov 2017 17:28:27 rest_api get_users_lookup 15412 Thread-15 [line:140] INFO users: 100, success: 100
Mon 27 Nov 2017 17:28:29 rest_api get_users_lookup 16244 Thread-17 [line:140] INFO users: 100, success: 100
Mon 27 Nov 2017 17:28:30 rest_api get_users_lookup 8724 Thread-14 [line:140] INFO users: 100, success: 100
Mon 27 Nov 2017 17:28:34 rest_api get_users_lookup 13236 Thread-18 [line:140] INFO users: 100, success: 100
Mon 27 Nov 2017 17:28:37 rest_api get_users_lookup 11812 Thread-13 [line:140] INFO users: 100, success: 100
Mon 27 Nov 2017 17:28:42 rest_api get_users_lookup 13536 Thread-16 [line:140] INFO users: 100, success: 100
Mon 27 Nov 2017 17:28:42 rest_api get_users_lookup 11104 Thread-12 [line:140] INFO users: 100, success: 100
Mon 27 Nov 2017 17:28:59 rest_api get_users_lookup 16244 Thread-17 [line:140] INFO users: 100, success: 100
Mon 27 Nov 2017 17:29:03 rest_api get_users_lookup 8724 Thread-14 [line:140] INFO users: 100, success: 100
Mon 27 Nov 2017 17:29:08 rest_api get_users_lookup 17444 Thread-19 [line:140] INFO users: 100, success: 100
Mon 27 Nov 2017 17:29:16 rest_api get_users_lookup 13236 Thread-18 [line:140] INFO users: 100, success: 100
Mon 27 Nov 2017 17:29:16 rest_api get_users_lookup 11812 Thread-13 [line:140] INFO users: 100, success: 100
Mon 27 Nov 2017 17:29:20 rest_api get_users_lookup 11104 Thread-12 [line:140] INFO users: 100, success: 100
Mon 27 Nov 2017 17:29:24 rest_api get_users_lookup 15412 Thread-15 [line:140] INFO users: 100, success: 100
Mon 27 Nov 2017 17:29:27 TwitterError __init__ 13536 Thread-16 [line:22] WARNING 400 statuses/filter text HTTPSConnectionPool(host='api.twitter.com', port=443): Read timed out.
Mon 27 Nov 2017 17:29:27 rest_api get_users_lookup 13536 Thread-16 [line:120] ERROR HTTPSConnectionPool(host='api.twitter.com', port=443): Read timed out.
Mon 27 Nov 2017 17:29:44 rest_api get_users_lookup 16244 Thread-17 [line:140] INFO users: 100, success: 100
Mon 27 Nov 2017 17:29:47 rest_api get_users_lookup 8724 Thread-14 [line:140] INFO users: 100, success: 100
Mon 27 Nov 2017 17:29:50 rest_api get_users_lookup 13236 Thread-18 [line:140] INFO users: 100, success: 100
Mon 27 Nov 2017 17:29:52 rest_api get_users_lookup 11812 Thread-13 [line:140] INFO users: 100, success: 100
Mon 27 Nov 2017 17:29:53 rest_api get_users_lookup 17444 Thread-19 [line:140] INFO users: 100, success: 100
Mon 27 Nov 2017 17:29:54 rest_api get_users_lookup 11104 Thread-12 [line:140] INFO users: 100, success: 100
Mon 27 Nov 2017 17:30:03 rest_api get_users_lookup 15412 Thread-15 [line:140] INFO users: 100, success: 100
Mon 27 Nov 2017 17:30:18 rest_api get_users_lookup 8724 Thread-14 [line:140] INFO users: 100, success: 100
Mon 27 Nov 2017 17:30:20 rest_api get_users_lookup 13536 Thread-16 [line:140] INFO users: 100, success: 100
Mon 27 Nov 2017 17:30:23 rest_api get_users_lookup 11812 Thread-13 [line:140] INFO users: 100, success: 100
Mon 27 Nov 2017 17:30:25 rest_api get_users_lookup 17444 Thread-19 [line:140] INFO users: 100, success: 100
Mon 27 Nov 2017 17:30:25 rest_api get_users_lookup 16244 Thread-17 [line:140] INFO users: 100, success: 100
Mon 27 Nov 2017 17:30:26 rest_api get_users_lookup 13236 Thread-18 [line:140] INFO users: 100, success: 100
Mon 27 Nov 2017 17:30:26 rest_api get_users_lookup 11104 Thread-12 [line:140] INFO users: 100, success: 100
Mon 27 Nov 2017 17:30:48 rest_api get_users_lookup 13536 Thread-16 [line:140] INFO users: 100, success: 100
Mon 27 Nov 2017 17:30:50 rest_api get_users_lookup 15412 Thread-15 [line:140] INFO users: 100, success: 100
Mon 27 Nov 2017 17:30:57 rest_api get_users_lookup 11104 Thread-12 [line:140] INFO users: 100, success: 100
Mon 27 Nov 2017 17:30:57 rest_api get_users_lookup 17444 Thread-19 [line:140] INFO users: 100, success: 100
Mon 27 Nov 2017 17:31:02 rest_api get_users_lookup 13236 Thread-18 [line:140] INFO users: 100, success: 100
Mon 27 Nov 2017 17:31:05 rest_api get_users_lookup 16244 Thread-17 [line:140] INFO users: 100, success: 100
Mon 27 Nov 2017 17:31:15 rest_api get_users_lookup 11812 Thread-13 [line:140] INFO users: 100, success: 100
Mon 27 Nov 2017 17:31:19 rest_api get_users_lookup 8724 Thread-14 [line:140] INFO users: 100, success: 100
Mon 27 Nov 2017 17:31:21 rest_api get_users_lookup 13536 Thread-16 [line:140] INFO users: 100, success: 100
Mon 27 Nov 2017 17:31:24 rest_api get_users_lookup 15412 Thread-15 [line:140] INFO users: 100, success: 100
Mon 27 Nov 2017 17:31:27 rest_api get_users_lookup 16244 Thread-17 [line:140] INFO users: 100, success: 100
Mon 27 Nov 2017 17:31:28 rest_api get_users_lookup 11104 Thread-12 [line:140] INFO users: 100, success: 100
Mon 27 Nov 2017 17:31:43 rest_api get_users_lookup 13236 Thread-18 [line:140] INFO users: 100, success: 100
Mon 27 Nov 2017 17:31:47 rest_api get_users_lookup 11812 Thread-13 [line:140] INFO users: 100, success: 100
Mon 27 Nov 2017 17:31:48 rest_api get_users_lookup 17444 Thread-19 [line:140] INFO users: 100, success: 100
Mon 27 Nov 2017 17:31:57 rest_api get_users_lookup 13536 Thread-16 [line:140] INFO users: 100, success: 100
Mon 27 Nov 2017 17:32:00 rest_api get_users_lookup 8724 Thread-14 [line:140] INFO users: 100, success: 100
Mon 27 Nov 2017 17:32:01 rest_api get_users_lookup 15412 Thread-15 [line:140] INFO users: 100, success: 100
Mon 27 Nov 2017 17:32:05 rest_api get_users_lookup 11104 Thread-12 [line:140] INFO users: 100, success: 100
Mon 27 Nov 2017 17:32:12 rest_api get_users_lookup 16244 Thread-17 [line:140] INFO users: 100, success: 100
Mon 27 Nov 2017 17:32:23 TwitterError __init__ 17444 Thread-19 [line:22] WARNING 400 statuses/filter text HTTPSConnectionPool(host='api.twitter.com', port=443): Read timed out.
Mon 27 Nov 2017 17:32:23 rest_api get_users_lookup 17444 Thread-19 [line:120] ERROR HTTPSConnectionPool(host='api.twitter.com', port=443): Read timed out.
Mon 27 Nov 2017 17:32:27 rest_api get_users_lookup 13536 Thread-16 [line:140] INFO users: 100, success: 100
Mon 27 Nov 2017 17:32:31 rest_api get_users_lookup 8724 Thread-14 [line:140] INFO users: 100, success: 100
Mon 27 Nov 2017 17:32:32 rest_api get_users_lookup 11812 Thread-13 [line:140] INFO users: 100, success: 100
Mon 27 Nov 2017 17:32:33 rest_api get_users_lookup 13236 Thread-18 [line:140] INFO users: 100, success: 100
Mon 27 Nov 2017 17:32:39 rest_api get_users_lookup 11104 Thread-12 [line:140] INFO users: 100, success: 100
Mon 27 Nov 2017 17:32:47 rest_api get_users_lookup 15412 Thread-15 [line:140] INFO users: 100, success: 100
Mon 27 Nov 2017 17:32:55 rest_api get_users_lookup 16244 Thread-17 [line:140] INFO users: 100, success: 100
Mon 27 Nov 2017 17:33:16 rest_api get_users_lookup 11104 Thread-12 [line:140] INFO users: 100, success: 100
Mon 27 Nov 2017 17:33:16 rest_api get_users_lookup 13536 Thread-16 [line:140] INFO users: 100, success: 100
Mon 27 Nov 2017 17:33:17 rest_api get_users_lookup 13236 Thread-18 [line:140] INFO users: 100, success: 100
Mon 27 Nov 2017 17:33:17 rest_api get_users_lookup 8724 Thread-14 [line:140] INFO users: 100, success: 100
Mon 27 Nov 2017 17:33:19 rest_api get_users_lookup 11812 Thread-13 [line:140] INFO users: 100, success: 100
Mon 27 Nov 2017 17:33:19 rest_api get_users_lookup 17444 Thread-19 [line:140] INFO users: 100, success: 100
Mon 27 Nov 2017 17:33:24 rest_api get_users_lookup 15412 Thread-15 [line:140] INFO users: 100, success: 100
Mon 27 Nov 2017 17:33:30 rest_api get_users_lookup 16244 Thread-17 [line:140] INFO users: 100, success: 100
Mon 27 Nov 2017 17:33:46 rest_api get_users_lookup 13536 Thread-16 [line:140] INFO users: 100, success: 100
Mon 27 Nov 2017 17:33:48 rest_api get_users_lookup 11104 Thread-12 [line:140] INFO users: 100, success: 100
Mon 27 Nov 2017 17:33:52 rest_api get_users_lookup 11812 Thread-13 [line:140] INFO users: 100, success: 100
Mon 27 Nov 2017 17:33:57 rest_api get_users_lookup 17444 Thread-19 [line:140] INFO users: 100, success: 100
Mon 27 Nov 2017 17:34:00 rest_api get_users_lookup 13236 Thread-18 [line:140] INFO users: 100, success: 100
Mon 27 Nov 2017 17:34:01 rest_api get_users_lookup 8724 Thread-14 [line:140] INFO users: 100, success: 100
Mon 27 Nov 2017 17:34:08 rest_api get_users_lookup 15412 Thread-15 [line:140] INFO users: 100, success: 100
Mon 27 Nov 2017 17:34:16 rest_api get_users_lookup 16244 Thread-17 [line:140] INFO users: 100, success: 100
Mon 27 Nov 2017 17:34:21 rest_api get_users_lookup 11104 Thread-12 [line:140] INFO users: 100, success: 100
Mon 27 Nov 2017 17:34:21 rest_api get_users_lookup 11812 Thread-13 [line:140] INFO users: 100, success: 100
Mon 27 Nov 2017 17:34:30 rest_api get_users_lookup 13536 Thread-16 [line:140] INFO users: 100, success: 100
Mon 27 Nov 2017 17:34:31 rest_api get_users_lookup 17444 Thread-19 [line:140] INFO users: 100, success: 100
Mon 27 Nov 2017 17:34:47 rest_api get_users_lookup 15412 Thread-15 [line:140] INFO users: 100, success: 100
Mon 27 Nov 2017 17:34:49 rest_api get_users_lookup 13236 Thread-18 [line:140] INFO users: 100, success: 100
Mon 27 Nov 2017 17:34:50 rest_api get_users_lookup 8724 Thread-14 [line:140] INFO users: 100, success: 100
Mon 27 Nov 2017 17:34:51 rest_api get_users_lookup 11104 Thread-12 [line:140] INFO users: 100, success: 100
Mon 27 Nov 2017 17:34:52 rest_api get_users_lookup 11812 Thread-13 [line:140] INFO users: 100, success: 100
Mon 27 Nov 2017 17:35:06 rest_api get_users_lookup 13536 Thread-16 [line:140] INFO users: 100, success: 100
Mon 27 Nov 2017 17:35:13 rest_api get_users_lookup 16244 Thread-17 [line:140] INFO users: 100, success: 100
Mon 27 Nov 2017 17:35:14 TwitterError __init__ 13236 Thread-18 [line:22] WARNING 400 statuses/filter text HTTPSConnectionPool(host='api.twitter.com', port=443): Read timed out.
Mon 27 Nov 2017 17:35:14 rest_api get_users_lookup 13236 Thread-18 [line:120] ERROR HTTPSConnectionPool(host='api.twitter.com', port=443): Read timed out.
Mon 27 Nov 2017 17:35:15 rest_api get_users_lookup 17444 Thread-19 [line:140] INFO users: 100, success: 100
Mon 27 Nov 2017 17:35:26 rest_api get_users_lookup 15412 Thread-15 [line:140] INFO users: 100, success: 100
Mon 27 Nov 2017 17:35:26 rest_api get_users_lookup 8724 Thread-14 [line:140] INFO users: 100, success: 100
Mon 27 Nov 2017 17:35:34 rest_api get_users_lookup 11104 Thread-12 [line:140] INFO users: 100, success: 100
Mon 27 Nov 2017 17:35:34 rest_api get_users_lookup 11812 Thread-13 [line:140] INFO users: 100, success: 100
Mon 27 Nov 2017 17:35:49 rest_api get_users_lookup 16244 Thread-17 [line:140] INFO users: 100, success: 100
Mon 27 Nov 2017 17:35:50 rest_api get_users_lookup 13536 Thread-16 [line:140] INFO users: 100, success: 100
Mon 27 Nov 2017 17:36:04 rest_api get_users_lookup 17444 Thread-19 [line:140] INFO users: 100, success: 100
Mon 27 Nov 2017 17:36:05 rest_api get_users_lookup 11104 Thread-12 [line:140] INFO users: 100, success: 100
Mon 27 Nov 2017 17:36:07 rest_api get_users_lookup 15412 Thread-15 [line:140] INFO users: 100, success: 100
Mon 27 Nov 2017 17:36:16 rest_api get_users_lookup 8724 Thread-14 [line:140] INFO users: 100, success: 100
Mon 27 Nov 2017 17:36:18 rest_api get_users_lookup 16244 Thread-17 [line:140] INFO users: 100, success: 100
Mon 27 Nov 2017 17:36:20 rest_api get_users_lookup 11812 Thread-13 [line:140] INFO users: 100, success: 100
Mon 27 Nov 2017 17:36:20 rest_api get_users_lookup 13236 Thread-18 [line:140] INFO users: 100, success: 100
Mon 27 Nov 2017 17:36:32 rest_api get_users_lookup 13536 Thread-16 [line:140] INFO users: 100, success: 100
Mon 27 Nov 2017 17:36:48 rest_api get_users_lookup 17444 Thread-19 [line:140] INFO users: 100, success: 100
Mon 27 Nov 2017 17:36:55 rest_api get_users_lookup 13236 Thread-18 [line:140] INFO users: 100, success: 100
Mon 27 Nov 2017 17:36:56 rest_api get_users_lookup 16244 Thread-17 [line:140] INFO users: 100, success: 100
Mon 27 Nov 2017 17:36:57 rest_api get_users_lookup 11812 Thread-13 [line:140] INFO users: 100, success: 100
Mon 27 Nov 2017 17:36:59 rest_api get_users_lookup 8724 Thread-14 [line:140] INFO users: 100, success: 100
Mon 27 Nov 2017 17:37:03 rest_api get_users_lookup 11104 Thread-12 [line:140] INFO users: 100, success: 100
Mon 27 Nov 2017 17:37:12 rest_api get_users_lookup 13536 Thread-16 [line:140] INFO users: 100, success: 100
Mon 27 Nov 2017 17:37:23 rest_api get_users_lookup 17444 Thread-19 [line:140] INFO users: 100, success: 100
Mon 27 Nov 2017 17:37:29 rest_api get_users_lookup 15412 Thread-15 [line:140] INFO users: 100, success: 100
Mon 27 Nov 2017 17:37:30 rest_api get_users_lookup 16244 Thread-17 [line:140] INFO users: 100, success: 100
Mon 27 Nov 2017 17:37:33 rest_api get_users_lookup 8724 Thread-14 [line:140] INFO users: 100, success: 100
Mon 27 Nov 2017 17:37:36 rest_api get_users_lookup 13236 Thread-18 [line:140] INFO users: 100, success: 100
Mon 27 Nov 2017 17:37:36 rest_api get_users_lookup 11812 Thread-13 [line:140] INFO users: 100, success: 100
Mon 27 Nov 2017 17:37:37 TwitterError __init__ 13536 Thread-16 [line:22] WARNING 400 statuses/filter text HTTPSConnectionPool(host='api.twitter.com', port=443): Read timed out.
Mon 27 Nov 2017 17:37:37 rest_api get_users_lookup 13536 Thread-16 [line:120] ERROR HTTPSConnectionPool(host='api.twitter.com', port=443): Read timed out.
Mon 27 Nov 2017 17:37:52 rest_api get_users_lookup 11104 Thread-12 [line:140] INFO users: 100, success: 100
Mon 27 Nov 2017 17:38:04 rest_api get_users_lookup 17444 Thread-19 [line:140] INFO users: 100, success: 100
Mon 27 Nov 2017 17:38:06 rest_api get_users_lookup 16244 Thread-17 [line:140] INFO users: 100, success: 100
Mon 27 Nov 2017 17:38:06 rest_api get_users_lookup 15412 Thread-15 [line:140] INFO users: 100, success: 100
Mon 27 Nov 2017 17:38:06 rest_api get_users_lookup 8724 Thread-14 [line:140] INFO users: 100, success: 100
Mon 27 Nov 2017 17:38:07 rest_api get_users_lookup 13236 Thread-18 [line:140] INFO users: 100, success: 100
Mon 27 Nov 2017 17:38:14 rest_api get_users_lookup 11812 Thread-13 [line:140] INFO users: 100, success: 100
Mon 27 Nov 2017 17:38:20 rest_api get_users_lookup 13536 Thread-16 [line:140] INFO users: 100, success: 100
Mon 27 Nov 2017 17:38:22 rest_api get_users_lookup 11104 Thread-12 [line:140] INFO users: 100, success: 100
Mon 27 Nov 2017 17:38:28 TwitterError __init__ 15412 Thread-15 [line:22] WARNING 400 statuses/filter text HTTPSConnectionPool(host='api.twitter.com', port=443): Read timed out.
Mon 27 Nov 2017 17:38:28 rest_api get_users_lookup 15412 Thread-15 [line:120] ERROR HTTPSConnectionPool(host='api.twitter.com', port=443): Read timed out.
Mon 27 Nov 2017 17:38:35 rest_api get_users_lookup 11104 Thread-12 [line:140] INFO users: 1, success: 1
Mon 27 Nov 2017 17:38:38 rest_api get_users_lookup 13236 Thread-18 [line:140] INFO users: 100, success: 100
Mon 27 Nov 2017 17:38:40 rest_api get_users_lookup 8724 Thread-14 [line:140] INFO users: 100, success: 100
Mon 27 Nov 2017 17:38:43 rest_api get_users_lookup 11812 Thread-13 [line:140] INFO users: 100, success: 100
Mon 27 Nov 2017 17:38:44 rest_api get_users_lookup 17444 Thread-19 [line:140] INFO users: 100, success: 100
Mon 27 Nov 2017 17:38:49 rest_api get_users_lookup 16244 Thread-17 [line:140] INFO users: 100, success: 100
Mon 27 Nov 2017 17:38:59 rest_api get_users_lookup 13536 Thread-16 [line:140] INFO users: 100, success: 100
Mon 27 Nov 2017 17:39:07 rest_api get_users_lookup 8724 Thread-14 [line:140] INFO users: 100, success: 100
Mon 27 Nov 2017 17:39:17 rest_api get_users_lookup 11812 Thread-13 [line:140] INFO users: 100, success: 100
Mon 27 Nov 2017 17:39:17 rest_api get_users_lookup 15412 Thread-15 [line:140] INFO users: 100, success: 100
Mon 27 Nov 2017 17:39:23 rest_api get_users_lookup 17444 Thread-19 [line:140] INFO users: 100, success: 100
Mon 27 Nov 2017 17:39:26 rest_api get_users_lookup 13236 Thread-18 [line:140] INFO users: 100, success: 100
Mon 27 Nov 2017 17:39:32 rest_api get_users_lookup 16244 Thread-17 [line:140] INFO users: 100, success: 100
Mon 27 Nov 2017 17:39:40 rest_api get_users_lookup 8724 Thread-14 [line:140] INFO users: 100, success: 100
Mon 27 Nov 2017 17:39:40 rest_api get_users_lookup 13536 Thread-16 [line:140] INFO users: 100, success: 100
Mon 27 Nov 2017 17:39:43 rest_api get_users_lookup 11812 Thread-13 [line:140] INFO users: 100, success: 100
Mon 27 Nov 2017 17:39:50 rest_api get_users_lookup 15412 Thread-15 [line:140] INFO users: 100, success: 100
Mon 27 Nov 2017 17:39:57 rest_api get_users_lookup 17444 Thread-19 [line:140] INFO users: 100, success: 100
Mon 27 Nov 2017 17:39:58 rest_api get_users_lookup 13236 Thread-18 [line:140] INFO users: 100, success: 100
Mon 27 Nov 2017 17:40:07 TwitterError __init__ 15412 Thread-15 [line:22] WARNING 400 statuses/filter text HTTPSConnectionPool(host='api.twitter.com', port=443): Max retries exceeded with url: /1.1/users/lookup.json (Caused by ProxyError('Cannot connect to proxy.', timeout('timed out',)))
Mon 27 Nov 2017 17:40:07 rest_api get_users_lookup 15412 Thread-15 [line:120] ERROR HTTPSConnectionPool(host='api.twitter.com', port=443): Max retries exceeded with url: /1.1/users/lookup.json (Caused by ProxyError('Cannot connect to proxy.', timeout('timed out',)))
Mon 27 Nov 2017 17:40:09 rest_api get_users_lookup 16244 Thread-17 [line:140] INFO users: 100, success: 100
Mon 27 Nov 2017 17:40:17 rest_api get_users_lookup 11812 Thread-13 [line:140] INFO users: 100, success: 100
Mon 27 Nov 2017 17:40:21 rest_api get_users_lookup 8724 Thread-14 [line:140] INFO users: 100, success: 100
Mon 27 Nov 2017 17:40:28 rest_api get_users_lookup 13536 Thread-16 [line:140] INFO users: 100, success: 100
Mon 27 Nov 2017 17:40:32 rest_api get_users_lookup 11812 Thread-13 [line:140] INFO users: 1, success: 1
Mon 27 Nov 2017 17:40:33 rest_api get_users_lookup 17444 Thread-19 [line:140] INFO users: 100, success: 100
Mon 27 Nov 2017 17:40:35 rest_api get_users_lookup 16244 Thread-17 [line:140] INFO users: 1, success: 1
Mon 27 Nov 2017 17:40:40 rest_api get_users_lookup 13236 Thread-18 [line:140] INFO users: 100, success: 100
Mon 27 Nov 2017 17:40:42 rest_api get_users_lookup 8724 Thread-14 [line:140] INFO users: 1, success: 1
Mon 27 Nov 2017 17:40:53 rest_api get_users_lookup 15412 Thread-15 [line:140] INFO users: 100, success: 100
Mon 27 Nov 2017 17:41:05 rest_api get_users_lookup 17444 Thread-19 [line:140] INFO users: 100, success: 100
Mon 27 Nov 2017 17:41:09 rest_api get_users_lookup 13536 Thread-16 [line:140] INFO users: 100, success: 100
Mon 27 Nov 2017 17:41:17 rest_api get_users_lookup 13236 Thread-18 [line:140] INFO users: 100, success: 100
Mon 27 Nov 2017 17:41:33 rest_api get_users_lookup 15412 Thread-15 [line:140] INFO users: 100, success: 100
Mon 27 Nov 2017 17:41:34 rest_api get_users_lookup 13236 Thread-18 [line:140] INFO users: 1, success: 1
Mon 27 Nov 2017 17:41:35 rest_api get_users_lookup 17444 Thread-19 [line:140] INFO users: 93, success: 93
Mon 27 Nov 2017 17:41:36 rest_api get_users_lookup 13536 Thread-16 [line:140] INFO users: 100, success: 100
Mon 27 Nov 2017 17:41:50 rest_api get_users_lookup 13536 Thread-16 [line:140] INFO users: 1, success: 1
Mon 27 Nov 2017 17:42:18 rest_api get_users_lookup 15412 Thread-15 [line:140] INFO users: 100, success: 100
Mon 27 Nov 2017 17:42:34 rest_api get_users_lookup 15412 Thread-15 [line:140] INFO users: 1, success: 1
Mon 27 Nov 2017 17:42:52 TwitterError __init__ 20996 Thread-24 [line:22] WARNING 400 statuses/filter text HTTPSConnectionPool(host='api.twitter.com', port=443): Max retries exceeded with url: /1.1/users/lookup.json (Caused by ProxyError('Cannot connect to proxy.', timeout('timed out',)))
Mon 27 Nov 2017 17:42:52 rest_api get_users_lookup 20996 Thread-24 [line:120] ERROR HTTPSConnectionPool(host='api.twitter.com', port=443): Max retries exceeded with url: /1.1/users/lookup.json (Caused by ProxyError('Cannot connect to proxy.', timeout('timed out',)))
Mon 27 Nov 2017 17:43:07 rest_api get_users_lookup 19416 Thread-28 [line:140] INFO users: 100, success: 100
Mon 27 Nov 2017 17:43:08 rest_api get_users_lookup 18328 Thread-23 [line:140] INFO users: 100, success: 100
Mon 27 Nov 2017 17:43:11 rest_api get_users_lookup 14320 Thread-30 [line:140] INFO users: 100, success: 100
Mon 27 Nov 2017 17:43:11 rest_api get_users_lookup 16668 Thread-25 [line:140] INFO users: 100, success: 100
Mon 27 Nov 2017 17:43:12 rest_api get_users_lookup 21400 Thread-29 [line:140] INFO users: 100, success: 100
Mon 27 Nov 2017 17:43:17 rest_api get_users_lookup 15048 Thread-26 [line:140] INFO users: 100, success: 100
Mon 27 Nov 2017 17:43:20 rest_api get_users_lookup 19952 Thread-27 [line:140] INFO users: 100, success: 100
Mon 27 Nov 2017 17:43:33 rest_api get_users_lookup 19416 Thread-28 [line:140] INFO users: 100, success: 100
Mon 27 Nov 2017 17:43:35 rest_api get_users_lookup 20996 Thread-24 [line:140] INFO users: 100, success: 100
Mon 27 Nov 2017 17:43:45 rest_api get_users_lookup 16668 Thread-25 [line:140] INFO users: 100, success: 100
Mon 27 Nov 2017 17:43:48 rest_api get_users_lookup 14320 Thread-30 [line:140] INFO users: 100, success: 100
Mon 27 Nov 2017 17:43:50 rest_api get_users_lookup 18328 Thread-23 [line:140] INFO users: 100, success: 100
Mon 27 Nov 2017 17:43:54 rest_api get_users_lookup 15048 Thread-26 [line:140] INFO users: 100, success: 100
Mon 27 Nov 2017 17:43:59 rest_api get_users_lookup 19416 Thread-28 [line:140] INFO users: 100, success: 100
Mon 27 Nov 2017 17:44:02 rest_api get_users_lookup 21400 Thread-29 [line:140] INFO users: 100, success: 100
Mon 27 Nov 2017 17:44:05 rest_api get_users_lookup 19952 Thread-27 [line:140] INFO users: 100, success: 100
Mon 27 Nov 2017 17:44:24 rest_api get_users_lookup 18328 Thread-23 [line:140] INFO users: 100, success: 100
Mon 27 Nov 2017 17:44:34 TwitterError __init__ 16668 Thread-25 [line:22] WARNING 400 statuses/filter text HTTPSConnectionPool(host='api.twitter.com', port=443): Read timed out.
Mon 27 Nov 2017 17:44:34 rest_api get_users_lookup 16668 Thread-25 [line:120] ERROR HTTPSConnectionPool(host='api.twitter.com', port=443): Read timed out.
Mon 27 Nov 2017 17:44:36 rest_api get_users_lookup 14320 Thread-30 [line:140] INFO users: 100, success: 100
Mon 27 Nov 2017 17:44:40 rest_api get_users_lookup 21400 Thread-29 [line:140] INFO users: 100, success: 100
Mon 27 Nov 2017 17:44:40 rest_api get_users_lookup 19952 Thread-27 [line:140] INFO users: 100, success: 100
Mon 27 Nov 2017 17:44:41 rest_api get_users_lookup 15048 Thread-26 [line:140] INFO users: 100, success: 100
Mon 27 Nov 2017 17:44:43 rest_api get_users_lookup 19416 Thread-28 [line:140] INFO users: 100, success: 100
Mon 27 Nov 2017 17:44:50 rest_api get_users_lookup 20996 Thread-24 [line:140] INFO users: 100, success: 100
Mon 27 Nov 2017 17:44:55 rest_api get_users_lookup 18328 Thread-23 [line:140] INFO users: 100, success: 100
Mon 27 Nov 2017 17:44:58 rest_api get_users_lookup 15048 Thread-26 [line:140] INFO users: 100, success: 100
Mon 27 Nov 2017 17:45:08 rest_api get_users_lookup 19952 Thread-27 [line:140] INFO users: 100, success: 100
Mon 27 Nov 2017 17:45:12 rest_api get_users_lookup 14320 Thread-30 [line:140] INFO users: 100, success: 100
Mon 27 Nov 2017 17:45:13 rest_api get_users_lookup 21400 Thread-29 [line:140] INFO users: 100, success: 100
Mon 27 Nov 2017 17:45:22 rest_api get_users_lookup 19416 Thread-28 [line:140] INFO users: 100, success: 100
Mon 27 Nov 2017 17:45:23 rest_api get_users_lookup 16668 Thread-25 [line:140] INFO users: 100, success: 100
Mon 27 Nov 2017 17:45:30 rest_api get_users_lookup 20996 Thread-24 [line:140] INFO users: 100, success: 100
Mon 27 Nov 2017 17:45:38 rest_api get_users_lookup 15048 Thread-26 [line:140] INFO users: 100, success: 100
Mon 27 Nov 2017 17:45:39 rest_api get_users_lookup 18328 Thread-23 [line:140] INFO users: 100, success: 100
Mon 27 Nov 2017 17:45:46 rest_api get_users_lookup 14320 Thread-30 [line:140] INFO users: 100, success: 100
Mon 27 Nov 2017 17:45:48 rest_api get_users_lookup 19416 Thread-28 [line:140] INFO users: 100, success: 100
Mon 27 Nov 2017 17:45:50 rest_api get_users_lookup 19952 Thread-27 [line:140] INFO users: 100, success: 100
Mon 27 Nov 2017 17:45:52 rest_api get_users_lookup 21400 Thread-29 [line:140] INFO users: 100, success: 100
Mon 27 Nov 2017 17:46:04 rest_api get_users_lookup 16668 Thread-25 [line:140] INFO users: 100, success: 100
Mon 27 Nov 2017 17:46:09 rest_api get_users_lookup 20996 Thread-24 [line:140] INFO users: 100, success: 100
Mon 27 Nov 2017 17:46:15 rest_api get_users_lookup 18328 Thread-23 [line:140] INFO users: 100, success: 100
Mon 27 Nov 2017 17:46:20 rest_api get_users_lookup 15048 Thread-26 [line:140] INFO users: 100, success: 100
Mon 27 Nov 2017 17:46:20 rest_api get_users_lookup 19952 Thread-27 [line:140] INFO users: 100, success: 100
Mon 27 Nov 2017 17:46:22 rest_api get_users_lookup 21400 Thread-29 [line:140] INFO users: 100, success: 100
Mon 27 Nov 2017 17:46:22 rest_api get_users_lookup 19416 Thread-28 [line:140] INFO users: 100, success: 100
Mon 27 Nov 2017 17:46:30 rest_api get_users_lookup 14320 Thread-30 [line:140] INFO users: 100, success: 100
Mon 27 Nov 2017 17:46:36 rest_api get_users_lookup 16668 Thread-25 [line:140] INFO users: 100, success: 100
Mon 27 Nov 2017 17:46:41 rest_api get_users_lookup 20996 Thread-24 [line:140] INFO users: 100, success: 100
Mon 27 Nov 2017 17:46:44 rest_api get_users_lookup 18328 Thread-23 [line:140] INFO users: 100, success: 100
Mon 27 Nov 2017 17:47:01 rest_api get_users_lookup 19952 Thread-27 [line:140] INFO users: 100, success: 100
Mon 27 Nov 2017 17:47:03 rest_api get_users_lookup 15048 Thread-26 [line:140] INFO users: 100, success: 100
Mon 27 Nov 2017 17:47:04 rest_api get_users_lookup 21400 Thread-29 [line:140] INFO users: 100, success: 100
Mon 27 Nov 2017 17:47:07 rest_api get_users_lookup 19416 Thread-28 [line:140] INFO users: 100, success: 100
Mon 27 Nov 2017 17:47:11 rest_api get_users_lookup 16668 Thread-25 [line:140] INFO users: 100, success: 100
Mon 27 Nov 2017 17:47:14 rest_api get_users_lookup 14320 Thread-30 [line:140] INFO users: 100, success: 100
Mon 27 Nov 2017 17:47:19 rest_api get_users_lookup 20996 Thread-24 [line:140] INFO users: 100, success: 100
Mon 27 Nov 2017 17:47:19 rest_api get_users_lookup 18328 Thread-23 [line:140] INFO users: 100, success: 100
Mon 27 Nov 2017 17:47:33 rest_api get_users_lookup 15048 Thread-26 [line:140] INFO users: 100, success: 100
Mon 27 Nov 2017 17:47:40 rest_api get_users_lookup 19416 Thread-28 [line:140] INFO users: 100, success: 100
Mon 27 Nov 2017 17:47:40 rest_api get_users_lookup 16668 Thread-25 [line:140] INFO users: 100, success: 100
Mon 27 Nov 2017 17:47:41 rest_api get_users_lookup 14320 Thread-30 [line:140] INFO users: 100, success: 100
Mon 27 Nov 2017 17:47:41 rest_api get_users_lookup 19952 Thread-27 [line:140] INFO users: 100, success: 100
Mon 27 Nov 2017 17:47:45 rest_api get_users_lookup 21400 Thread-29 [line:140] INFO users: 100, success: 100
Mon 27 Nov 2017 17:47:46 rest_api get_users_lookup 20996 Thread-24 [line:140] INFO users: 100, success: 100
Mon 27 Nov 2017 17:47:47 rest_api get_users_lookup 18328 Thread-23 [line:140] INFO users: 100, success: 100
Mon 27 Nov 2017 17:48:07 rest_api get_users_lookup 15048 Thread-26 [line:140] INFO users: 100, success: 100
Mon 27 Nov 2017 17:48:07 rest_api get_users_lookup 19952 Thread-27 [line:140] INFO users: 100, success: 100
Mon 27 Nov 2017 17:48:10 rest_api get_users_lookup 19416 Thread-28 [line:140] INFO users: 100, success: 100
Mon 27 Nov 2017 17:48:13 rest_api get_users_lookup 16668 Thread-25 [line:140] INFO users: 100, success: 100
Mon 27 Nov 2017 17:48:16 rest_api get_users_lookup 20996 Thread-24 [line:140] INFO users: 100, success: 100
Mon 27 Nov 2017 17:48:19 rest_api get_users_lookup 14320 Thread-30 [line:140] INFO users: 100, success: 100
Mon 27 Nov 2017 17:48:21 TwitterError __init__ 21400 Thread-29 [line:22] WARNING 400 statuses/filter text HTTPSConnectionPool(host='api.twitter.com', port=443): Read timed out.
Mon 27 Nov 2017 17:48:21 rest_api get_users_lookup 21400 Thread-29 [line:120] ERROR HTTPSConnectionPool(host='api.twitter.com', port=443): Read timed out.
Mon 27 Nov 2017 17:48:25 rest_api get_users_lookup 18328 Thread-23 [line:140] INFO users: 100, success: 100
Mon 27 Nov 2017 17:48:36 TwitterError __init__ 19416 Thread-28 [line:22] WARNING 400 statuses/filter text HTTPSConnectionPool(host='api.twitter.com', port=443): Read timed out.
Mon 27 Nov 2017 17:48:36 rest_api get_users_lookup 19416 Thread-28 [line:120] ERROR HTTPSConnectionPool(host='api.twitter.com', port=443): Read timed out.
Mon 27 Nov 2017 17:48:46 rest_api get_users_lookup 19952 Thread-27 [line:140] INFO users: 100, success: 100
Mon 27 Nov 2017 17:48:48 rest_api get_users_lookup 15048 Thread-26 [line:140] INFO users: 100, success: 100
Mon 27 Nov 2017 17:48:49 rest_api get_users_lookup 16668 Thread-25 [line:140] INFO users: 100, success: 100
Mon 27 Nov 2017 17:48:56 rest_api get_users_lookup 20996 Thread-24 [line:140] INFO users: 100, success: 100
Mon 27 Nov 2017 17:48:56 rest_api get_users_lookup 14320 Thread-30 [line:140] INFO users: 100, success: 100
Mon 27 Nov 2017 17:49:00 TwitterError __init__ 19952 Thread-27 [line:22] WARNING 400 statuses/filter text HTTPSConnectionPool(host='api.twitter.com', port=443): Max retries exceeded with url: /1.1/users/lookup.json (Caused by ProxyError('Cannot connect to proxy.', timeout('timed out',)))
Mon 27 Nov 2017 17:49:00 rest_api get_users_lookup 19952 Thread-27 [line:120] ERROR HTTPSConnectionPool(host='api.twitter.com', port=443): Max retries exceeded with url: /1.1/users/lookup.json (Caused by ProxyError('Cannot connect to proxy.', timeout('timed out',)))
Mon 27 Nov 2017 17:49:05 rest_api get_users_lookup 18328 Thread-23 [line:140] INFO users: 100, success: 100
Mon 27 Nov 2017 17:49:14 rest_api get_users_lookup 21400 Thread-29 [line:140] INFO users: 100, success: 100
Mon 27 Nov 2017 17:49:22 rest_api get_users_lookup 15048 Thread-26 [line:140] INFO users: 100, success: 100
Mon 27 Nov 2017 17:49:22 rest_api get_users_lookup 19416 Thread-28 [line:140] INFO users: 100, success: 100
Mon 27 Nov 2017 17:49:29 rest_api get_users_lookup 16668 Thread-25 [line:140] INFO users: 100, success: 100
Mon 27 Nov 2017 17:49:36 rest_api get_users_lookup 18328 Thread-23 [line:140] INFO users: 100, success: 100
Mon 27 Nov 2017 17:49:40 rest_api get_users_lookup 14320 Thread-30 [line:140] INFO users: 100, success: 100
Mon 27 Nov 2017 17:49:41 rest_api get_users_lookup 20996 Thread-24 [line:140] INFO users: 100, success: 100
Mon 27 Nov 2017 17:49:47 rest_api get_users_lookup 21400 Thread-29 [line:140] INFO users: 100, success: 100
Mon 27 Nov 2017 17:49:53 rest_api get_users_lookup 19416 Thread-28 [line:140] INFO users: 100, success: 100
Mon 27 Nov 2017 17:49:54 rest_api get_users_lookup 19952 Thread-27 [line:140] INFO users: 100, success: 100
Mon 27 Nov 2017 17:50:03 rest_api get_users_lookup 15048 Thread-26 [line:140] INFO users: 100, success: 100
Mon 27 Nov 2017 17:50:04 rest_api get_users_lookup 20996 Thread-24 [line:140] INFO users: 100, success: 100
Mon 27 Nov 2017 17:50:09 rest_api get_users_lookup 18328 Thread-23 [line:140] INFO users: 100, success: 100
Mon 27 Nov 2017 17:50:14 rest_api get_users_lookup 16668 Thread-25 [line:140] INFO users: 100, success: 100
Mon 27 Nov 2017 17:50:16 rest_api get_users_lookup 14320 Thread-30 [line:140] INFO users: 100, success: 100
Mon 27 Nov 2017 17:50:16 rest_api get_users_lookup 21400 Thread-29 [line:140] INFO users: 100, success: 100
Mon 27 Nov 2017 17:50:17 rest_api get_users_lookup 19416 Thread-28 [line:140] INFO users: 100, success: 100
Mon 27 Nov 2017 17:50:23 rest_api get_users_lookup 19952 Thread-27 [line:140] INFO users: 100, success: 100
Mon 27 Nov 2017 17:50:34 TwitterError __init__ 15048 Thread-26 [line:22] WARNING 400 statuses/filter text HTTPSConnectionPool(host='api.twitter.com', port=443): Read timed out.
Mon 27 Nov 2017 17:50:34 rest_api get_users_lookup 15048 Thread-26 [line:120] ERROR HTTPSConnectionPool(host='api.twitter.com', port=443): Read timed out.
Mon 27 Nov 2017 17:50:38 rest_api get_users_lookup 20996 Thread-24 [line:140] INFO users: 100, success: 100
Mon 27 Nov 2017 17:50:41 rest_api get_users_lookup 21400 Thread-29 [line:140] INFO users: 100, success: 100
Mon 27 Nov 2017 17:50:42 rest_api get_users_lookup 19416 Thread-28 [line:140] INFO users: 100, success: 100
Mon 27 Nov 2017 17:50:48 rest_api get_users_lookup 18328 Thread-23 [line:140] INFO users: 100, success: 100
Mon 27 Nov 2017 17:50:53 rest_api get_users_lookup 14320 Thread-30 [line:140] INFO users: 100, success: 100
Mon 27 Nov 2017 17:50:54 rest_api get_users_lookup 16668 Thread-25 [line:140] INFO users: 100, success: 100
Mon 27 Nov 2017 17:51:01 rest_api get_users_lookup 21400 Thread-29 [line:140] INFO users: 100, success: 100
Mon 27 Nov 2017 17:51:06 rest_api get_users_lookup 20996 Thread-24 [line:140] INFO users: 100, success: 100
Mon 27 Nov 2017 17:51:08 rest_api get_users_lookup 19952 Thread-27 [line:140] INFO users: 100, success: 100
Mon 27 Nov 2017 17:51:14 rest_api get_users_lookup 19416 Thread-28 [line:140] INFO users: 100, success: 100
Mon 27 Nov 2017 17:51:29 rest_api get_users_lookup 15048 Thread-26 [line:140] INFO users: 100, success: 100
Mon 27 Nov 2017 17:51:30 rest_api get_users_lookup 16668 Thread-25 [line:140] INFO users: 100, success: 100
Mon 27 Nov 2017 17:51:38 rest_api get_users_lookup 18328 Thread-23 [line:140] INFO users: 100, success: 100
Mon 27 Nov 2017 17:51:41 rest_api get_users_lookup 14320 Thread-30 [line:140] INFO users: 100, success: 100
Mon 27 Nov 2017 17:51:44 rest_api get_users_lookup 20996 Thread-24 [line:140] INFO users: 100, success: 100
Mon 27 Nov 2017 17:51:45 rest_api get_users_lookup 19416 Thread-28 [line:140] INFO users: 100, success: 100
Mon 27 Nov 2017 17:51:46 rest_api get_users_lookup 19952 Thread-27 [line:140] INFO users: 100, success: 100
Mon 27 Nov 2017 17:51:49 rest_api get_users_lookup 21400 Thread-29 [line:140] INFO users: 100, success: 100
Mon 27 Nov 2017 17:52:12 rest_api get_users_lookup 16668 Thread-25 [line:140] INFO users: 100, success: 100
Mon 27 Nov 2017 17:52:12 rest_api get_users_lookup 15048 Thread-26 [line:140] INFO users: 100, success: 100
Mon 27 Nov 2017 17:52:16 rest_api get_users_lookup 19952 Thread-27 [line:140] INFO users: 100, success: 100
Mon 27 Nov 2017 17:52:17 rest_api get_users_lookup 21400 Thread-29 [line:140] INFO users: 100, success: 100
Mon 27 Nov 2017 17:52:18 rest_api get_users_lookup 18328 Thread-23 [line:140] INFO users: 100, success: 100
Mon 27 Nov 2017 17:52:19 rest_api get_users_lookup 20996 Thread-24 [line:140] INFO users: 100, success: 100
Mon 27 Nov 2017 17:52:23 rest_api get_users_lookup 14320 Thread-30 [line:140] INFO users: 100, success: 100
Mon 27 Nov 2017 17:52:27 rest_api get_users_lookup 19416 Thread-28 [line:140] INFO users: 100, success: 100
Mon 27 Nov 2017 17:52:43 rest_api get_users_lookup 21400 Thread-29 [line:140] INFO users: 100, success: 100
Mon 27 Nov 2017 17:52:46 rest_api get_users_lookup 15048 Thread-26 [line:140] INFO users: 100, success: 100
Mon 27 Nov 2017 17:52:46 rest_api get_users_lookup 18328 Thread-23 [line:140] INFO users: 100, success: 100
Mon 27 Nov 2017 17:52:47 rest_api get_users_lookup 14320 Thread-30 [line:140] INFO users: 100, success: 100
Mon 27 Nov 2017 17:52:50 rest_api get_users_lookup 16668 Thread-25 [line:140] INFO users: 100, success: 100
Mon 27 Nov 2017 17:52:54 rest_api get_users_lookup 20996 Thread-24 [line:140] INFO users: 100, success: 100
Mon 27 Nov 2017 17:53:10 rest_api get_users_lookup 19952 Thread-27 [line:140] INFO users: 100, success: 100
Mon 27 Nov 2017 17:53:10 rest_api get_users_lookup 19416 Thread-28 [line:140] INFO users: 100, success: 100
Mon 27 Nov 2017 17:53:19 rest_api get_users_lookup 16668 Thread-25 [line:140] INFO users: 100, success: 100
Mon 27 Nov 2017 17:53:25 rest_api get_users_lookup 20996 Thread-24 [line:140] INFO users: 100, success: 100
Mon 27 Nov 2017 17:53:26 rest_api get_users_lookup 21400 Thread-29 [line:140] INFO users: 100, success: 100
Mon 27 Nov 2017 17:53:29 rest_api get_users_lookup 18328 Thread-23 [line:140] INFO users: 100, success: 100
Mon 27 Nov 2017 17:53:29 rest_api get_users_lookup 15048 Thread-26 [line:140] INFO users: 100, success: 100
Mon 27 Nov 2017 17:53:33 TwitterError __init__ 19952 Thread-27 [line:22] WARNING 400 statuses/filter text HTTPSConnectionPool(host='api.twitter.com', port=443): Read timed out.
Mon 27 Nov 2017 17:53:33 rest_api get_users_lookup 19952 Thread-27 [line:120] ERROR HTTPSConnectionPool(host='api.twitter.com', port=443): Read timed out.
Mon 27 Nov 2017 17:53:36 rest_api get_users_lookup 14320 Thread-30 [line:140] INFO users: 100, success: 100
Mon 27 Nov 2017 17:53:52 rest_api get_users_lookup 19416 Thread-28 [line:140] INFO users: 100, success: 100
Mon 27 Nov 2017 17:53:56 rest_api get_users_lookup 21400 Thread-29 [line:140] INFO users: 100, success: 100
Mon 27 Nov 2017 17:54:01 rest_api get_users_lookup 15048 Thread-26 [line:140] INFO users: 100, success: 100
Mon 27 Nov 2017 17:54:06 rest_api get_users_lookup 18328 Thread-23 [line:140] INFO users: 100, success: 100
Mon 27 Nov 2017 17:54:06 rest_api get_users_lookup 20996 Thread-24 [line:140] INFO users: 100, success: 100
Mon 27 Nov 2017 17:54:08 rest_api get_users_lookup 16668 Thread-25 [line:140] INFO users: 100, success: 100
Mon 27 Nov 2017 17:54:14 rest_api get_users_lookup 14320 Thread-30 [line:140] INFO users: 100, success: 100
Mon 27 Nov 2017 17:54:17 rest_api get_users_lookup 19952 Thread-27 [line:140] INFO users: 100, success: 100
Mon 27 Nov 2017 17:54:24 rest_api get_users_lookup 19416 Thread-28 [line:140] INFO users: 100, success: 100
Mon 27 Nov 2017 17:54:31 rest_api get_users_lookup 21400 Thread-29 [line:140] INFO users: 100, success: 100
Mon 27 Nov 2017 17:54:36 rest_api get_users_lookup 15048 Thread-26 [line:140] INFO users: 100, success: 100
Mon 27 Nov 2017 17:54:49 rest_api get_users_lookup 16668 Thread-25 [line:140] INFO users: 100, success: 100
Mon 27 Nov 2017 17:54:54 rest_api get_users_lookup 14320 Thread-30 [line:140] INFO users: 100, success: 100
Mon 27 Nov 2017 17:54:54 rest_api get_users_lookup 18328 Thread-23 [line:140] INFO users: 100, success: 100
Mon 27 Nov 2017 17:54:55 rest_api get_users_lookup 20996 Thread-24 [line:140] INFO users: 100, success: 100
Mon 27 Nov 2017 17:55:03 rest_api get_users_lookup 21400 Thread-29 [line:140] INFO users: 100, success: 100
Mon 27 Nov 2017 17:55:12 rest_api get_users_lookup 19416 Thread-28 [line:140] INFO users: 100, success: 100
Mon 27 Nov 2017 17:55:15 rest_api get_users_lookup 19952 Thread-27 [line:140] INFO users: 100, success: 100
Mon 27 Nov 2017 17:55:23 rest_api get_users_lookup 15048 Thread-26 [line:140] INFO users: 100, success: 100
Mon 27 Nov 2017 17:55:31 rest_api get_users_lookup 14320 Thread-30 [line:140] INFO users: 100, success: 100
Mon 27 Nov 2017 17:55:33 rest_api get_users_lookup 18328 Thread-23 [line:140] INFO users: 100, success: 100
Mon 27 Nov 2017 17:55:33 rest_api get_users_lookup 16668 Thread-25 [line:140] INFO users: 100, success: 100
Mon 27 Nov 2017 17:55:43 rest_api get_users_lookup 20996 Thread-24 [line:140] INFO users: 100, success: 100
Mon 27 Nov 2017 17:55:45 rest_api get_users_lookup 21400 Thread-29 [line:140] INFO users: 100, success: 100
Mon 27 Nov 2017 17:55:52 rest_api get_users_lookup 19952 Thread-27 [line:140] INFO users: 100, success: 100
Mon 27 Nov 2017 17:55:53 rest_api get_users_lookup 19416 Thread-28 [line:140] INFO users: 100, success: 100
Mon 27 Nov 2017 17:56:08 TwitterError __init__ 21400 Thread-29 [line:22] WARNING 400 statuses/filter text HTTPSConnectionPool(host='api.twitter.com', port=443): Read timed out.
Mon 27 Nov 2017 17:56:08 rest_api get_users_lookup 21400 Thread-29 [line:120] ERROR HTTPSConnectionPool(host='api.twitter.com', port=443): Read timed out.
Mon 27 Nov 2017 17:56:08 rest_api get_users_lookup 16668 Thread-25 [line:140] INFO users: 100, success: 100
Mon 27 Nov 2017 17:56:09 rest_api get_users_lookup 14320 Thread-30 [line:140] INFO users: 100, success: 100
Mon 27 Nov 2017 17:56:10 rest_api get_users_lookup 18328 Thread-23 [line:140] INFO users: 100, success: 100
Mon 27 Nov 2017 17:56:21 rest_api get_users_lookup 20996 Thread-24 [line:140] INFO users: 100, success: 100
Mon 27 Nov 2017 17:56:22 rest_api get_users_lookup 15048 Thread-26 [line:140] INFO users: 100, success: 100
Mon 27 Nov 2017 17:56:23 rest_api get_users_lookup 19416 Thread-28 [line:140] INFO users: 100, success: 100
Mon 27 Nov 2017 17:56:30 rest_api get_users_lookup 19952 Thread-27 [line:140] INFO users: 100, success: 100
Mon 27 Nov 2017 17:56:49 rest_api get_users_lookup 18328 Thread-23 [line:140] INFO users: 100, success: 100
Mon 27 Nov 2017 17:56:52 rest_api get_users_lookup 14320 Thread-30 [line:140] INFO users: 100, success: 100
Mon 27 Nov 2017 17:56:55 rest_api get_users_lookup 16668 Thread-25 [line:140] INFO users: 100, success: 100
Mon 27 Nov 2017 17:56:57 rest_api get_users_lookup 15048 Thread-26 [line:140] INFO users: 100, success: 100
Mon 27 Nov 2017 17:57:00 rest_api get_users_lookup 20996 Thread-24 [line:140] INFO users: 100, success: 100
Mon 27 Nov 2017 17:57:00 rest_api get_users_lookup 21400 Thread-29 [line:140] INFO users: 100, success: 100
Mon 27 Nov 2017 17:57:12 rest_api get_users_lookup 19952 Thread-27 [line:140] INFO users: 100, success: 100
Mon 27 Nov 2017 17:57:19 rest_api get_users_lookup 18328 Thread-23 [line:140] INFO users: 100, success: 100
Mon 27 Nov 2017 17:57:24 rest_api get_users_lookup 15048 Thread-26 [line:140] INFO users: 100, success: 100
Mon 27 Nov 2017 17:57:29 rest_api get_users_lookup 20996 Thread-24 [line:140] INFO users: 100, success: 100
Mon 27 Nov 2017 17:57:33 rest_api get_users_lookup 19416 Thread-28 [line:140] INFO users: 100, success: 100
Mon 27 Nov 2017 17:57:36 rest_api get_users_lookup 16668 Thread-25 [line:140] INFO users: 100, success: 100
Mon 27 Nov 2017 17:57:42 rest_api get_users_lookup 21400 Thread-29 [line:140] INFO users: 100, success: 100
Mon 27 Nov 2017 17:57:51 rest_api get_users_lookup 14320 Thread-30 [line:140] INFO users: 100, success: 100
Mon 27 Nov 2017 17:57:58 rest_api get_users_lookup 19952 Thread-27 [line:140] INFO users: 100, success: 100
Mon 27 Nov 2017 17:58:01 rest_api get_users_lookup 18328 Thread-23 [line:140] INFO users: 100, success: 100
Mon 27 Nov 2017 17:58:04 rest_api get_users_lookup 15048 Thread-26 [line:140] INFO users: 100, success: 100
Mon 27 Nov 2017 17:58:10 rest_api get_users_lookup 16668 Thread-25 [line:140] INFO users: 100, success: 100
Mon 27 Nov 2017 17:58:11 rest_api get_users_lookup 20996 Thread-24 [line:140] INFO users: 100, success: 100
Mon 27 Nov 2017 17:58:12 rest_api get_users_lookup 19416 Thread-28 [line:140] INFO users: 100, success: 100
Mon 27 Nov 2017 17:58:17 rest_api get_users_lookup 21400 Thread-29 [line:140] INFO users: 100, success: 100
Mon 27 Nov 2017 17:58:17 rest_api get_users_lookup 18328 Thread-23 [line:140] INFO users: 1, success: 1
Mon 27 Nov 2017 17:58:28 rest_api get_users_lookup 14320 Thread-30 [line:140] INFO users: 100, success: 100
Mon 27 Nov 2017 17:58:33 rest_api get_users_lookup 19416 Thread-28 [line:140] INFO users: 1, success: 1
Mon 27 Nov 2017 17:58:34 rest_api get_users_lookup 19952 Thread-27 [line:140] INFO users: 100, success: 100
Mon 27 Nov 2017 17:58:44 rest_api get_users_lookup 16668 Thread-25 [line:140] INFO users: 100, success: 100
Mon 27 Nov 2017 17:58:45 rest_api get_users_lookup 20996 Thread-24 [line:140] INFO users: 100, success: 100
Mon 27 Nov 2017 17:58:49 rest_api get_users_lookup 21400 Thread-29 [line:140] INFO users: 100, success: 100
Mon 27 Nov 2017 17:59:04 rest_api get_users_lookup 14320 Thread-30 [line:140] INFO users: 93, success: 93
Mon 27 Nov 2017 17:59:04 rest_api get_users_lookup 15048 Thread-26 [line:140] INFO users: 100, success: 100
Mon 27 Nov 2017 17:59:08 rest_api get_users_lookup 20996 Thread-24 [line:140] INFO users: 1, success: 1
Mon 27 Nov 2017 17:59:08 rest_api get_users_lookup 19952 Thread-27 [line:140] INFO users: 100, success: 100
Mon 27 Nov 2017 17:59:16 rest_api get_users_lookup 21400 Thread-29 [line:140] INFO users: 1, success: 1
Mon 27 Nov 2017 17:59:31 rest_api get_users_lookup 16668 Thread-25 [line:140] INFO users: 100, success: 100
Mon 27 Nov 2017 17:59:43 rest_api get_users_lookup 15048 Thread-26 [line:140] INFO users: 100, success: 100
Mon 27 Nov 2017 17:59:47 rest_api get_users_lookup 19952 Thread-27 [line:140] INFO users: 100, success: 100
Mon 27 Nov 2017 17:59:54 rest_api get_users_lookup 16668 Thread-25 [line:140] INFO users: 1, success: 1
Mon 27 Nov 2017 17:59:58 rest_api get_users_lookup 19952 Thread-27 [line:140] INFO users: 1, success: 1
Mon 27 Nov 2017 18:00:00 rest_api get_users_lookup 15048 Thread-26 [line:140] INFO users: 1, success: 1
Mon 27 Nov 2017 18:00:36 rest_api get_users_lookup 21000 Thread-34 [line:140] INFO users: 100, success: 100
Mon 27 Nov 2017 18:00:37 rest_api get_users_lookup 10480 Thread-41 [line:140] INFO users: 100, success: 100
Mon 27 Nov 2017 18:00:42 rest_api get_users_lookup 4712 Thread-40 [line:140] INFO users: 100, success: 100
Mon 27 Nov 2017 18:00:44 rest_api get_users_lookup 15192 Thread-35 [line:140] INFO users: 100, success: 100
Mon 27 Nov 2017 18:00:44 rest_api get_users_lookup 19864 Thread-38 [line:140] INFO users: 100, success: 100
Mon 27 Nov 2017 18:00:50 rest_api get_users_lookup 10256 Thread-39 [line:140] INFO users: 100, success: 100
Mon 27 Nov 2017 18:00:51 rest_api get_users_lookup 11604 Thread-37 [line:140] INFO users: 100, success: 100
Mon 27 Nov 2017 18:00:51 rest_api get_users_lookup 12056 Thread-36 [line:140] INFO users: 100, success: 100
Mon 27 Nov 2017 18:01:03 TwitterError __init__ 4712 Thread-40 [line:22] WARNING 400 statuses/filter text HTTPSConnectionPool(host='api.twitter.com', port=443): Max retries exceeded with url: /1.1/users/lookup.json (Caused by ProxyError('Cannot connect to proxy.', timeout('timed out',)))
Mon 27 Nov 2017 18:01:03 rest_api get_users_lookup 4712 Thread-40 [line:120] ERROR HTTPSConnectionPool(host='api.twitter.com', port=443): Max retries exceeded with url: /1.1/users/lookup.json (Caused by ProxyError('Cannot connect to proxy.', timeout('timed out',)))
Mon 27 Nov 2017 18:01:13 TwitterError __init__ 19864 Thread-38 [line:22] WARNING 400 statuses/filter text HTTPSConnectionPool(host='api.twitter.com', port=443): Read timed out.
Mon 27 Nov 2017 18:01:13 rest_api get_users_lookup 19864 Thread-38 [line:120] ERROR HTTPSConnectionPool(host='api.twitter.com', port=443): Read timed out.
Mon 27 Nov 2017 18:01:19 rest_api get_users_lookup 21000 Thread-34 [line:140] INFO users: 100, success: 100
Mon 27 Nov 2017 18:01:26 rest_api get_users_lookup 15192 Thread-35 [line:140] INFO users: 100, success: 100
Mon 27 Nov 2017 18:01:27 rest_api get_users_lookup 11604 Thread-37 [line:140] INFO users: 100, success: 100
Mon 27 Nov 2017 18:01:27 rest_api get_users_lookup 12056 Thread-36 [line:140] INFO users: 100, success: 100
Mon 27 Nov 2017 18:01:30 rest_api get_users_lookup 10480 Thread-41 [line:140] INFO users: 100, success: 100
Mon 27 Nov 2017 18:01:43 rest_api get_users_lookup 10256 Thread-39 [line:140] INFO users: 100, success: 100
Mon 27 Nov 2017 18:02:02 rest_api get_users_lookup 4712 Thread-40 [line:140] INFO users: 100, success: 100
Mon 27 Nov 2017 18:02:07 rest_api get_users_lookup 12056 Thread-36 [line:140] INFO users: 100, success: 100
Mon 27 Nov 2017 18:02:09 rest_api get_users_lookup 21000 Thread-34 [line:140] INFO users: 100, success: 100
Mon 27 Nov 2017 18:02:18 rest_api get_users_lookup 11604 Thread-37 [line:140] INFO users: 100, success: 100
Mon 27 Nov 2017 18:02:18 rest_api get_users_lookup 15192 Thread-35 [line:140] INFO users: 100, success: 100
Mon 27 Nov 2017 18:02:23 rest_api get_users_lookup 10256 Thread-39 [line:140] INFO users: 100, success: 100
Mon 27 Nov 2017 18:02:35 rest_api get_users_lookup 19864 Thread-38 [line:140] INFO users: 100, success: 100
Mon 27 Nov 2017 18:02:43 rest_api get_users_lookup 10480 Thread-41 [line:140] INFO users: 100, success: 100
Mon 27 Nov 2017 18:02:48 rest_api get_users_lookup 12056 Thread-36 [line:140] INFO users: 100, success: 100
Mon 27 Nov 2017 18:03:00 rest_api get_users_lookup 10256 Thread-39 [line:140] INFO users: 100, success: 100
Mon 27 Nov 2017 18:03:00 rest_api get_users_lookup 15192 Thread-35 [line:140] INFO users: 100, success: 100
Mon 27 Nov 2017 18:03:02 rest_api get_users_lookup 21000 Thread-34 [line:140] INFO users: 100, success: 100
Mon 27 Nov 2017 18:03:10 rest_api get_users_lookup 11604 Thread-37 [line:140] INFO users: 100, success: 100
Mon 27 Nov 2017 18:03:15 rest_api get_users_lookup 10480 Thread-41 [line:140] INFO users: 100, success: 100
Mon 27 Nov 2017 18:03:27 rest_api get_users_lookup 12056 Thread-36 [line:140] INFO users: 100, success: 100
Mon 27 Nov 2017 18:03:31 TwitterError __init__ 4712 Thread-40 [line:22] WARNING 400 statuses/filter text HTTPSConnectionPool(host='api.twitter.com', port=443): Read timed out.
Mon 27 Nov 2017 18:03:31 rest_api get_users_lookup 4712 Thread-40 [line:120] ERROR HTTPSConnectionPool(host='api.twitter.com', port=443): Read timed out.
Mon 27 Nov 2017 18:03:36 rest_api get_users_lookup 11604 Thread-37 [line:140] INFO users: 100, success: 100
Mon 27 Nov 2017 18:03:43 rest_api get_users_lookup 21000 Thread-34 [line:140] INFO users: 100, success: 100
Mon 27 Nov 2017 18:03:47 rest_api get_users_lookup 10256 Thread-39 [line:140] INFO users: 100, success: 100
Mon 27 Nov 2017 18:03:53 rest_api get_users_lookup 10480 Thread-41 [line:140] INFO users: 100, success: 100
Mon 27 Nov 2017 18:04:05 rest_api get_users_lookup 12056 Thread-36 [line:140] INFO users: 100, success: 100
Mon 27 Nov 2017 18:04:18 rest_api get_users_lookup 4712 Thread-40 [line:140] INFO users: 100, success: 100
