2017-11-28 19:56:33,684 [ALWAYS] mongo_connector.connector:51 - Starting mongo-connector version: 2.5.1
2017-11-28 19:56:33,703 [ALWAYS] mongo_connector.connector:51 - Python version: 2.7.13 (v2.7.13:a06454b1afa1, Dec 17 2016, 20:53:40) [MSC v.1500 64 bit (AMD64)]
2017-11-28 19:56:33,703 [ALWAYS] mongo_connector.connector:51 - Platform: Windows-7-6.1.7601-SP1
2017-11-28 19:56:33,703 [ALWAYS] mongo_connector.connector:51 - pymongo version: 3.4.0
2017-11-28 19:56:33,713 [ALWAYS] mongo_connector.connector:51 - Starting mongo-connector version: 2.5.1
2017-11-28 19:56:33,713 [ALWAYS] mongo_connector.connector:51 - Python version: 2.7.13 (v2.7.13:a06454b1afa1, Dec 17 2016, 20:53:40) [MSC v.1500 64 bit (AMD64)]
2017-11-28 19:56:33,713 [ALWAYS] mongo_connector.connector:51 - Platform: Windows-7-6.1.7601-SP1
2017-11-28 19:56:33,713 [ALWAYS] mongo_connector.connector:51 - pymongo version: 3.4.0
2017-11-28 19:56:33,721 [ALWAYS] mongo_connector.connector:51 - Source MongoDB version: 3.2.10
2017-11-28 19:56:33,723 [ALWAYS] mongo_connector.connector:51 - Target DocManager: mongo_connector.doc_managers.elastic2_doc_manager version: 0.3.0
2017-11-28 19:56:33,721 [ALWAYS] mongo_connector.connector:51 - Source MongoDB version: 3.2.10
2017-11-28 19:56:33,723 [ALWAYS] mongo_connector.connector:51 - Target DocManager: mongo_connector.doc_managers.elastic2_doc_manager version: 0.3.0
2017-11-28 19:57:35,701 [ALWAYS] mongo_connector.connector:51 - Starting mongo-connector version: 2.5.1
2017-11-28 19:57:35,701 [ALWAYS] mongo_connector.connector:51 - Python version: 2.7.13 (v2.7.13:a06454b1afa1, Dec 17 2016, 20:53:40) [MSC v.1500 64 bit (AMD64)]
2017-11-28 19:57:35,703 [ALWAYS] mongo_connector.connector:51 - Platform: Windows-7-6.1.7601-SP1
2017-11-28 19:57:35,703 [ALWAYS] mongo_connector.connector:51 - pymongo version: 3.4.0
2017-11-28 19:57:35,819 [ALWAYS] mongo_connector.connector:51 - Starting mongo-connector version: 2.5.1
2017-11-28 19:57:35,819 [ALWAYS] mongo_connector.connector:51 - Python version: 2.7.13 (v2.7.13:a06454b1afa1, Dec 17 2016, 20:53:40) [MSC v.1500 64 bit (AMD64)]
2017-11-28 19:57:35,821 [ALWAYS] mongo_connector.connector:51 - Platform: Windows-7-6.1.7601-SP1
2017-11-28 19:57:35,821 [ALWAYS] mongo_connector.connector:51 - pymongo version: 3.4.0
2017-11-28 19:57:35,828 [ALWAYS] mongo_connector.connector:51 - Starting mongo-connector version: 2.5.1
2017-11-28 19:57:35,828 [ALWAYS] mongo_connector.connector:51 - Python version: 2.7.13 (v2.7.13:a06454b1afa1, Dec 17 2016, 20:53:40) [MSC v.1500 64 bit (AMD64)]
2017-11-28 19:57:35,828 [ALWAYS] mongo_connector.connector:51 - Platform: Windows-7-6.1.7601-SP1
2017-11-28 19:57:35,828 [ALWAYS] mongo_connector.connector:51 - pymongo version: 3.4.0
2017-11-28 19:57:35,845 [ALWAYS] mongo_connector.connector:51 - Source MongoDB version: 3.2.10
2017-11-28 19:57:35,845 [ALWAYS] mongo_connector.connector:51 - Target DocManager: mongo_connector.doc_managers.elastic2_doc_manager version: 0.3.0
2017-11-28 19:57:35,848 [ALWAYS] mongo_connector.connector:51 - Source MongoDB version: 3.2.10
2017-11-28 19:57:35,848 [ALWAYS] mongo_connector.connector:51 - Target DocManager: mongo_connector.doc_managers.elastic2_doc_manager version: 0.3.0
2017-11-28 19:57:35,858 [ALWAYS] mongo_connector.connector:51 - Source MongoDB version: 3.2.10
2017-11-28 19:57:35,858 [ALWAYS] mongo_connector.connector:51 - Target DocManager: mongo_connector.doc_managers.elastic2_doc_manager version: 0.3.0
2017-11-28 19:57:35,887 [ALWAYS] mongo_connector.connector:51 - Starting mongo-connector version: 2.5.1
2017-11-28 19:57:35,888 [ALWAYS] mongo_connector.connector:51 - Python version: 2.7.13 (v2.7.13:a06454b1afa1, Dec 17 2016, 20:53:40) [MSC v.1500 64 bit (AMD64)]
2017-11-28 19:57:35,888 [ALWAYS] mongo_connector.connector:51 - Platform: Windows-7-6.1.7601-SP1
2017-11-28 19:57:35,888 [ALWAYS] mongo_connector.connector:51 - pymongo version: 3.4.0
2017-11-28 19:57:35,898 [ALWAYS] mongo_connector.connector:51 - Source MongoDB version: 3.2.10
2017-11-28 19:57:35,898 [ALWAYS] mongo_connector.connector:51 - Target DocManager: mongo_connector.doc_managers.elastic2_doc_manager version: 0.3.0
2017-11-28 19:57:48,930 [ERROR] mongo_connector.util:106 - Fatal Exception
Traceback (most recent call last):
  File "d:\programsoftware\python2.7\lib\site-packages\mongo_connector\util.py", line 104, in wrapped
    func(*args, **kwargs)
  File "d:\programsoftware\python2.7\lib\site-packages\mongo_connector\connector.py", line 404, in run
    self.write_oplog_progress()
  File "d:\programsoftware\python2.7\lib\site-packages\mongo_connector\connector.py", line 246, in write_oplog_progress
    os.rename(self.oplog_checkpoint, backup_file)
WindowsError: [Error 32] 
2017-11-28 19:58:15,982 [ERROR] mongo_connector.util:106 - Fatal Exception
Traceback (most recent call last):
  File "d:\programsoftware\python2.7\lib\site-packages\mongo_connector\util.py", line 104, in wrapped
    func(*args, **kwargs)
  File "d:\programsoftware\python2.7\lib\site-packages\mongo_connector\connector.py", line 404, in run
    self.write_oplog_progress()
  File "d:\programsoftware\python2.7\lib\site-packages\mongo_connector\connector.py", line 246, in write_oplog_progress
    os.rename(self.oplog_checkpoint, backup_file)
WindowsError: [Error 2] 
2017-11-28 20:00:35,946 [ALWAYS] mongo_connector.connector:51 - Starting mongo-connector version: 2.5.1
2017-11-28 20:00:35,946 [ALWAYS] mongo_connector.connector:51 - Python version: 2.7.13 (v2.7.13:a06454b1afa1, Dec 17 2016, 20:53:40) [MSC v.1500 64 bit (AMD64)]
2017-11-28 20:00:35,946 [ALWAYS] mongo_connector.connector:51 - Platform: Windows-7-6.1.7601-SP1
2017-11-28 20:00:35,947 [ALWAYS] mongo_connector.connector:51 - pymongo version: 3.4.0
2017-11-28 20:00:35,947 [ALWAYS] mongo_connector.connector:51 - Starting mongo-connector version: 2.5.1
2017-11-28 20:00:35,947 [ALWAYS] mongo_connector.connector:51 - Python version: 2.7.13 (v2.7.13:a06454b1afa1, Dec 17 2016, 20:53:40) [MSC v.1500 64 bit (AMD64)]
2017-11-28 20:00:35,948 [ALWAYS] mongo_connector.connector:51 - Platform: Windows-7-6.1.7601-SP1
2017-11-28 20:00:35,948 [ALWAYS] mongo_connector.connector:51 - pymongo version: 3.4.0
2017-11-28 20:00:35,983 [ALWAYS] mongo_connector.connector:51 - Source MongoDB version: 3.2.10
2017-11-28 20:00:35,983 [ALWAYS] mongo_connector.connector:51 - Target DocManager: mongo_connector.doc_managers.elastic2_doc_manager version: 0.3.0
2017-11-28 20:00:36,005 [ALWAYS] mongo_connector.connector:51 - Source MongoDB version: 3.2.10
2017-11-28 20:00:36,005 [ALWAYS] mongo_connector.connector:51 - Target DocManager: mongo_connector.doc_managers.elastic2_doc_manager version: 0.3.0
2017-11-28 20:00:36,085 [ALWAYS] mongo_connector.connector:51 - Starting mongo-connector version: 2.5.1
2017-11-28 20:00:36,085 [ALWAYS] mongo_connector.connector:51 - Python version: 2.7.13 (v2.7.13:a06454b1afa1, Dec 17 2016, 20:53:40) [MSC v.1500 64 bit (AMD64)]
2017-11-28 20:00:36,085 [ALWAYS] mongo_connector.connector:51 - Platform: Windows-7-6.1.7601-SP1
2017-11-28 20:00:36,085 [ALWAYS] mongo_connector.connector:51 - pymongo version: 3.4.0
2017-11-28 20:00:36,095 [ALWAYS] mongo_connector.connector:51 - Source MongoDB version: 3.2.10
2017-11-28 20:00:36,095 [ALWAYS] mongo_connector.connector:51 - Target DocManager: mongo_connector.doc_managers.elastic2_doc_manager version: 0.3.0
2017-11-28 20:00:36,134 [ALWAYS] mongo_connector.connector:51 - Starting mongo-connector version: 2.5.1
2017-11-28 20:00:36,135 [ALWAYS] mongo_connector.connector:51 - Python version: 2.7.13 (v2.7.13:a06454b1afa1, Dec 17 2016, 20:53:40) [MSC v.1500 64 bit (AMD64)]
2017-11-28 20:00:36,135 [ALWAYS] mongo_connector.connector:51 - Platform: Windows-7-6.1.7601-SP1
2017-11-28 20:00:36,135 [ALWAYS] mongo_connector.connector:51 - pymongo version: 3.4.0
2017-11-28 20:00:36,144 [ALWAYS] mongo_connector.connector:51 - Source MongoDB version: 3.2.10
2017-11-28 20:00:36,144 [ALWAYS] mongo_connector.connector:51 - Target DocManager: mongo_connector.doc_managers.elastic2_doc_manager version: 0.3.0
2017-11-28 20:34:29,931 [ALWAYS] mongo_connector.connector:51 - Starting mongo-connector version: 2.5.1
2017-11-28 20:34:29,931 [ALWAYS] mongo_connector.connector:51 - Starting mongo-connector version: 2.5.1
2017-11-28 20:34:29,931 [ALWAYS] mongo_connector.connector:51 - Python version: 2.7.13 (v2.7.13:a06454b1afa1, Dec 17 2016, 20:53:40) [MSC v.1500 64 bit (AMD64)]
2017-11-28 20:34:29,931 [ALWAYS] mongo_connector.connector:51 - Python version: 2.7.13 (v2.7.13:a06454b1afa1, Dec 17 2016, 20:53:40) [MSC v.1500 64 bit (AMD64)]
2017-11-28 20:34:29,931 [ALWAYS] mongo_connector.connector:51 - Starting mongo-connector version: 2.5.1
2017-11-28 20:34:29,931 [ALWAYS] mongo_connector.connector:51 - Python version: 2.7.13 (v2.7.13:a06454b1afa1, Dec 17 2016, 20:53:40) [MSC v.1500 64 bit (AMD64)]
2017-11-28 20:34:29,931 [ALWAYS] mongo_connector.connector:51 - Starting mongo-connector version: 2.5.1
2017-11-28 20:34:29,933 [ALWAYS] mongo_connector.connector:51 - Python version: 2.7.13 (v2.7.13:a06454b1afa1, Dec 17 2016, 20:53:40) [MSC v.1500 64 bit (AMD64)]
2017-11-28 20:34:29,933 [ALWAYS] mongo_connector.connector:51 - Platform: Windows-7-6.1.7601-SP1
2017-11-28 20:34:29,933 [ALWAYS] mongo_connector.connector:51 - pymongo version: 3.4.0
2017-11-28 20:34:29,933 [ALWAYS] mongo_connector.connector:51 - Platform: Windows-7-6.1.7601-SP1
2017-11-28 20:34:29,933 [ALWAYS] mongo_connector.connector:51 - pymongo version: 3.4.0
2017-11-28 20:34:29,933 [ALWAYS] mongo_connector.connector:51 - Platform: Windows-7-6.1.7601-SP1
2017-11-28 20:34:29,933 [ALWAYS] mongo_connector.connector:51 - pymongo version: 3.4.0
2017-11-28 20:34:29,933 [ALWAYS] mongo_connector.connector:51 - Platform: Windows-7-6.1.7601-SP1
2017-11-28 20:34:29,933 [ALWAYS] mongo_connector.connector:51 - pymongo version: 3.4.0
2017-11-28 20:34:29,944 [ALWAYS] mongo_connector.connector:51 - Source MongoDB version: 3.2.10
2017-11-28 20:34:29,944 [ALWAYS] mongo_connector.connector:51 - Target DocManager: mongo_connector.doc_managers.elastic2_doc_manager version: 0.3.0
2017-11-28 20:34:29,944 [ALWAYS] mongo_connector.connector:51 - Source MongoDB version: 3.2.10
2017-11-28 20:34:29,944 [ALWAYS] mongo_connector.connector:51 - Target DocManager: mongo_connector.doc_managers.elastic2_doc_manager version: 0.3.0
2017-11-28 20:34:29,944 [ALWAYS] mongo_connector.connector:51 - Source MongoDB version: 3.2.10
2017-11-28 20:34:29,944 [ALWAYS] mongo_connector.connector:51 - Target DocManager: mongo_connector.doc_managers.elastic2_doc_manager version: 0.3.0
2017-11-28 20:34:29,946 [ALWAYS] mongo_connector.connector:51 - Source MongoDB version: 3.2.10
2017-11-28 20:34:29,946 [ALWAYS] mongo_connector.connector:51 - Target DocManager: mongo_connector.doc_managers.elastic2_doc_manager version: 0.3.0
2017-11-28 20:34:29,973 [ERROR] mongo_connector.util:106 - Fatal Exception
Traceback (most recent call last):
  File "d:\programsoftware\python2.7\lib\site-packages\mongo_connector\util.py", line 104, in wrapped
    func(*args, **kwargs)
  File "d:\programsoftware\python2.7\lib\site-packages\mongo_connector\connector.py", line 404, in run
    self.write_oplog_progress()
  File "d:\programsoftware\python2.7\lib\site-packages\mongo_connector\connector.py", line 246, in write_oplog_progress
    os.rename(self.oplog_checkpoint, backup_file)
WindowsError: [Error 183] 
2017-11-28 20:34:29,999 [ERROR] mongo_connector.util:106 - Fatal Exception
Traceback (most recent call last):
  File "d:\programsoftware\python2.7\lib\site-packages\mongo_connector\util.py", line 104, in wrapped
    func(*args, **kwargs)
  File "d:\programsoftware\python2.7\lib\site-packages\mongo_connector\connector.py", line 404, in run
    self.write_oplog_progress()
  File "d:\programsoftware\python2.7\lib\site-packages\mongo_connector\connector.py", line 264, in write_oplog_progress
    os.remove(backup_file)
WindowsError: [Error 2] : 'D:\\YjProject\\GraduateCode\\graduate_code\\oplog.timestamp.backup'
2017-11-28 20:35:28,346 [ALWAYS] mongo_connector.connector:51 - Starting mongo-connector version: 2.5.1
2017-11-28 20:35:28,346 [ALWAYS] mongo_connector.connector:51 - Python version: 2.7.13 (v2.7.13:a06454b1afa1, Dec 17 2016, 20:53:40) [MSC v.1500 64 bit (AMD64)]
2017-11-28 20:35:28,348 [ALWAYS] mongo_connector.connector:51 - Platform: Windows-7-6.1.7601-SP1
2017-11-28 20:35:28,348 [ALWAYS] mongo_connector.connector:51 - pymongo version: 3.4.0
2017-11-28 20:35:28,380 [ALWAYS] mongo_connector.connector:51 - Source MongoDB version: 3.2.10
2017-11-28 20:35:28,380 [ALWAYS] mongo_connector.connector:51 - Target DocManager: mongo_connector.doc_managers.elastic2_doc_manager version: 0.3.0
2017-11-28 20:35:28,440 [ALWAYS] mongo_connector.connector:51 - Starting mongo-connector version: 2.5.1
2017-11-28 20:35:28,440 [ALWAYS] mongo_connector.connector:51 - Python version: 2.7.13 (v2.7.13:a06454b1afa1, Dec 17 2016, 20:53:40) [MSC v.1500 64 bit (AMD64)]
2017-11-28 20:35:28,440 [ALWAYS] mongo_connector.connector:51 - Platform: Windows-7-6.1.7601-SP1
2017-11-28 20:35:28,440 [ALWAYS] mongo_connector.connector:51 - pymongo version: 3.4.0
2017-11-28 20:35:28,460 [ALWAYS] mongo_connector.connector:51 - Source MongoDB version: 3.2.10
2017-11-28 20:35:28,461 [ALWAYS] mongo_connector.connector:51 - Target DocManager: mongo_connector.doc_managers.elastic2_doc_manager version: 0.3.0
2017-11-28 20:35:28,499 [ALWAYS] mongo_connector.connector:51 - Starting mongo-connector version: 2.5.1
2017-11-28 20:35:28,499 [ALWAYS] mongo_connector.connector:51 - Python version: 2.7.13 (v2.7.13:a06454b1afa1, Dec 17 2016, 20:53:40) [MSC v.1500 64 bit (AMD64)]
2017-11-28 20:35:28,500 [ALWAYS] mongo_connector.connector:51 - Platform: Windows-7-6.1.7601-SP1
2017-11-28 20:35:28,500 [ALWAYS] mongo_connector.connector:51 - pymongo version: 3.4.0
2017-11-28 20:35:28,509 [ALWAYS] mongo_connector.connector:51 - Source MongoDB version: 3.2.10
2017-11-28 20:35:28,509 [ALWAYS] mongo_connector.connector:51 - Target DocManager: mongo_connector.doc_managers.elastic2_doc_manager version: 0.3.0
2017-11-28 20:35:28,555 [ALWAYS] mongo_connector.connector:51 - Starting mongo-connector version: 2.5.1
2017-11-28 20:35:28,555 [ALWAYS] mongo_connector.connector:51 - Python version: 2.7.13 (v2.7.13:a06454b1afa1, Dec 17 2016, 20:53:40) [MSC v.1500 64 bit (AMD64)]
2017-11-28 20:35:28,555 [ALWAYS] mongo_connector.connector:51 - Platform: Windows-7-6.1.7601-SP1
2017-11-28 20:35:28,555 [ALWAYS] mongo_connector.connector:51 - pymongo version: 3.4.0
2017-11-28 20:35:28,572 [ALWAYS] mongo_connector.connector:51 - Source MongoDB version: 3.2.10
2017-11-28 20:35:28,572 [ALWAYS] mongo_connector.connector:51 - Target DocManager: mongo_connector.doc_managers.elastic2_doc_manager version: 0.3.0
2017-11-28 20:36:43,256 [ERROR] mongo_connector.util:106 - Fatal Exception
Traceback (most recent call last):
  File "d:\programsoftware\python2.7\lib\site-packages\mongo_connector\util.py", line 104, in wrapped
    func(*args, **kwargs)
  File "d:\programsoftware\python2.7\lib\site-packages\mongo_connector\connector.py", line 404, in run
    self.write_oplog_progress()
  File "d:\programsoftware\python2.7\lib\site-packages\mongo_connector\connector.py", line 246, in write_oplog_progress
    os.rename(self.oplog_checkpoint, backup_file)
WindowsError: [Error 2] 
2017-11-28 20:40:54,272 [ERROR] mongo_connector.util:106 - Fatal Exception
Traceback (most recent call last):
  File "d:\programsoftware\python2.7\lib\site-packages\mongo_connector\util.py", line 104, in wrapped
    func(*args, **kwargs)
  File "d:\programsoftware\python2.7\lib\site-packages\mongo_connector\connector.py", line 404, in run
    self.write_oplog_progress()
  File "d:\programsoftware\python2.7\lib\site-packages\mongo_connector\connector.py", line 264, in write_oplog_progress
    os.remove(backup_file)
WindowsError: [Error 2] : 'D:\\YjProject\\GraduateCode\\graduate_code\\oplog.timestamp.backup'
2017-11-28 20:43:10,621 [ERROR] mongo_connector.util:106 - Fatal Exception
Traceback (most recent call last):
  File "d:\programsoftware\python2.7\lib\site-packages\mongo_connector\util.py", line 104, in wrapped
    func(*args, **kwargs)
  File "d:\programsoftware\python2.7\lib\site-packages\mongo_connector\connector.py", line 404, in run
    self.write_oplog_progress()
  File "d:\programsoftware\python2.7\lib\site-packages\mongo_connector\connector.py", line 246, in write_oplog_progress
    os.rename(self.oplog_checkpoint, backup_file)
WindowsError: [Error 183] 
2017-11-28 20:47:23,917 [ALWAYS] mongo_connector.connector:51 - Starting mongo-connector version: 2.5.1
2017-11-28 20:47:23,917 [ALWAYS] mongo_connector.connector:51 - Python version: 2.7.13 (v2.7.13:a06454b1afa1, Dec 17 2016, 20:53:40) [MSC v.1500 64 bit (AMD64)]
2017-11-28 20:47:23,917 [ALWAYS] mongo_connector.connector:51 - Platform: Windows-7-6.1.7601-SP1
2017-11-28 20:47:23,917 [ALWAYS] mongo_connector.connector:51 - pymongo version: 3.4.0
2017-11-28 20:47:23,920 [ALWAYS] mongo_connector.connector:51 - Starting mongo-connector version: 2.5.1
2017-11-28 20:47:23,921 [ALWAYS] mongo_connector.connector:51 - Python version: 2.7.13 (v2.7.13:a06454b1afa1, Dec 17 2016, 20:53:40) [MSC v.1500 64 bit (AMD64)]
2017-11-28 20:47:23,921 [ALWAYS] mongo_connector.connector:51 - Platform: Windows-7-6.1.7601-SP1
2017-11-28 20:47:23,921 [ALWAYS] mongo_connector.connector:51 - pymongo version: 3.4.0
2017-11-28 20:47:23,938 [ALWAYS] mongo_connector.connector:51 - Source MongoDB version: 3.2.10
2017-11-28 20:47:23,938 [ALWAYS] mongo_connector.connector:51 - Target DocManager: mongo_connector.doc_managers.elastic2_doc_manager version: 0.3.0
2017-11-28 20:47:23,957 [ALWAYS] mongo_connector.connector:51 - Source MongoDB version: 3.2.10
2017-11-28 20:47:23,957 [ALWAYS] mongo_connector.connector:51 - Target DocManager: mongo_connector.doc_managers.elastic2_doc_manager version: 0.3.0
2017-11-28 20:47:24,003 [ALWAYS] mongo_connector.connector:51 - Starting mongo-connector version: 2.5.1
2017-11-28 20:47:24,003 [ALWAYS] mongo_connector.connector:51 - Python version: 2.7.13 (v2.7.13:a06454b1afa1, Dec 17 2016, 20:53:40) [MSC v.1500 64 bit (AMD64)]
2017-11-28 20:47:24,005 [ALWAYS] mongo_connector.connector:51 - Platform: Windows-7-6.1.7601-SP1
2017-11-28 20:47:24,005 [ALWAYS] mongo_connector.connector:51 - pymongo version: 3.4.0
2017-11-28 20:47:24,012 [ALWAYS] mongo_connector.connector:51 - Source MongoDB version: 3.2.10
2017-11-28 20:47:24,013 [ALWAYS] mongo_connector.connector:51 - Target DocManager: mongo_connector.doc_managers.elastic2_doc_manager version: 0.3.0
2017-11-28 20:47:24,071 [ALWAYS] mongo_connector.connector:51 - Starting mongo-connector version: 2.5.1
2017-11-28 20:47:24,072 [ALWAYS] mongo_connector.connector:51 - Python version: 2.7.13 (v2.7.13:a06454b1afa1, Dec 17 2016, 20:53:40) [MSC v.1500 64 bit (AMD64)]
2017-11-28 20:47:24,072 [ALWAYS] mongo_connector.connector:51 - Platform: Windows-7-6.1.7601-SP1
2017-11-28 20:47:24,072 [ALWAYS] mongo_connector.connector:51 - pymongo version: 3.4.0
2017-11-28 20:47:24,081 [ALWAYS] mongo_connector.connector:51 - Source MongoDB version: 3.2.10
2017-11-28 20:47:24,081 [ALWAYS] mongo_connector.connector:51 - Target DocManager: mongo_connector.doc_managers.elastic2_doc_manager version: 0.3.0
2017-11-28 20:47:54,058 [ERROR] mongo_connector.util:106 - Fatal Exception
Traceback (most recent call last):
  File "d:\programsoftware\python2.7\lib\site-packages\mongo_connector\util.py", line 104, in wrapped
    func(*args, **kwargs)
  File "d:\programsoftware\python2.7\lib\site-packages\mongo_connector\connector.py", line 404, in run
    self.write_oplog_progress()
  File "d:\programsoftware\python2.7\lib\site-packages\mongo_connector\connector.py", line 246, in write_oplog_progress
    os.rename(self.oplog_checkpoint, backup_file)
WindowsError: [Error 32] 
2017-11-28 20:51:59,644 [ERROR] mongo_connector.util:106 - Fatal Exception
Traceback (most recent call last):
  File "d:\programsoftware\python2.7\lib\site-packages\mongo_connector\util.py", line 104, in wrapped
    func(*args, **kwargs)
  File "d:\programsoftware\python2.7\lib\site-packages\mongo_connector\connector.py", line 404, in run
    self.write_oplog_progress()
  File "d:\programsoftware\python2.7\lib\site-packages\mongo_connector\connector.py", line 246, in write_oplog_progress
    os.rename(self.oplog_checkpoint, backup_file)
WindowsError: [Error 183] 
