Mon 27 Nov 2017 14:45:07 rest_api get_users_ids 14768 Thread-3 [line:212] INFO id: 25344107, type: friends, get: 946
Mon 27 Nov 2017 14:45:07 rest_api __get_users_follow 14768 Thread-3 [line:572] INFO 25344107 finish, next_cursor=0, rest_num=0
Mon 27 Nov 2017 14:45:07 rest_api __get_users_follow 14768 Thread-3 [line:576] INFO id: 25344107, type: friends, total: 946
Mon 27 Nov 2017 14:45:08 rest_api get_users_ids 19632 Thread-1 [line:212] INFO id: 144614657, type: friends, get: 2533
Mon 27 Nov 2017 14:45:08 rest_api __get_users_follow 19632 Thread-1 [line:572] INFO 144614657 finish, next_cursor=0, rest_num=0
Mon 27 Nov 2017 14:45:08 rest_api __get_users_follow 19632 Thread-1 [line:576] INFO id: 144614657, type: friends, total: 2533
Mon 27 Nov 2017 14:45:11 rest_api get_users_ids 15016 Thread-4 [line:212] INFO id: 16472913, type: friends, get: 1624
Mon 27 Nov 2017 14:45:11 rest_api __get_users_follow 15016 Thread-4 [line:572] INFO 16472913 finish, next_cursor=0, rest_num=0
Mon 27 Nov 2017 14:45:11 rest_api __get_users_follow 15016 Thread-4 [line:576] INFO id: 16472913, type: friends, total: 1624
Mon 27 Nov 2017 14:45:11 rest_api get_users_ids 16796 Thread-2 [line:212] INFO id: 1046114347, type: friends, get: 5000
Mon 27 Nov 2017 14:45:11 rest_api __get_users_follow 16796 Thread-2 [line:572] INFO 1046114347 finish, next_cursor=1569290044563260817, rest_num=0
Mon 27 Nov 2017 14:45:11 rest_api __get_users_follow 16796 Thread-2 [line:576] INFO id: 1046114347, type: friends, total: 5000
Mon 27 Nov 2017 14:45:27 TwitterError __init__ 16796 Thread-2 [line:34] INFO Status code 429: Twitter request failed
Mon 27 Nov 2017 14:45:27 rest_api get_users_ids 16796 Thread-2 [line:191] ERROR Twitter request failed
Mon 27 Nov 2017 14:45:27 TwitterError __init__ 16796 Thread-2 [line:34] INFO Status code 429: Twitter request failed
Mon 27 Nov 2017 14:45:31 rest_api get_users_ids 19632 Thread-1 [line:212] INFO id: 825528112356159488, type: friends, get: 1084
Mon 27 Nov 2017 14:45:31 rest_api __get_users_follow 19632 Thread-1 [line:572] INFO 825528112356159488 finish, next_cursor=0, rest_num=0
Mon 27 Nov 2017 14:45:31 rest_api __get_users_follow 19632 Thread-1 [line:576] INFO id: 825528112356159488, type: friends, total: 1084
Mon 27 Nov 2017 14:45:31 rest_api get_users_ids 14768 Thread-3 [line:212] INFO id: 50458131, type: friends, get: 4151
Mon 27 Nov 2017 14:45:31 rest_api __get_users_follow 14768 Thread-3 [line:572] INFO 50458131 finish, next_cursor=0, rest_num=0
Mon 27 Nov 2017 14:45:31 rest_api __get_users_follow 14768 Thread-3 [line:576] INFO id: 50458131, type: friends, total: 4151
Mon 27 Nov 2017 14:45:35 rest_api get_users_ids 15016 Thread-4 [line:212] INFO id: 17931044, type: friends, get: 5000
Mon 27 Nov 2017 14:45:35 rest_api __get_users_follow 15016 Thread-4 [line:572] INFO 17931044 finish, next_cursor=0, rest_num=0
Mon 27 Nov 2017 14:45:35 rest_api __get_users_follow 15016 Thread-4 [line:576] INFO id: 17931044, type: friends, total: 5000
